 <GBSeq_organism>Chromohalobacter beijerinckii</GBSeq_organism>
 <GBSeq_organism>Halomonas variabilis</GBSeq_organism>
 <GBSeq_organism>Halomonas halodenitrificans</GBSeq_organism>
 <GBSeq_organism>Halomonas elongata DSM 2581</GBSeq_organism>
 <GBSeq_organism>Halomonas almeriensis</GBSeq_organism>
 <GBSeq_organism>Halotalea alkalilenta</GBSeq_organism>
 <GBSeq_organism>Chromohalobacter salexigens DSM 3043</GBSeq_organism>
 <GBSeq_organism>Salinicola halophilus</GBSeq_organism>
 <GBSeq_organism>Halomonas ventosae</GBSeq_organism>
 <GBSeq_organism>Chromohalobacter israelensis</GBSeq_organism>
 <GBSeq_organism>Halomonas cupida</GBSeq_organism>
 <GBSeq_organism>Halomonas halophila</GBSeq_organism>
 <GBSeq_organism>Halomonas halocynthiae</GBSeq_organism>
 <GBSeq_organism>Halomonas venusta</GBSeq_organism>
 <GBSeq_organism>Halomonas maura</GBSeq_organism>
 <GBSeq_organism>Salinicola salarius</GBSeq_organism>
 <GBSeq_organism>Chromohalobacter nigrandesensis</GBSeq_organism>
 <GBSeq_organism>Halomonas pantelleriensis</GBSeq_organism>
 <GBSeq_organism>Chromohalobacter canadensis</GBSeq_organism>
 <GBSeq_organism>Halomonas neptunia</GBSeq_organism>
 <GBSeq_organism>Halomonas halmophila</GBSeq_organism>
 <GBSeq_organism>Salinicola socius</GBSeq_organism>
 <GBSeq_organism>Cobetia marina</GBSeq_organism>
 <GBSeq_organism>Halomonas campaniensis</GBSeq_organism>
 <GBSeq_organism>Modicisalibacter tunisiensis</GBSeq_organism>
 <GBSeq_organism>Halomonas boliviensis LC1</GBSeq_organism>
 <GBSeq_organism>Halomonas alimentaria</GBSeq_organism>
 <GBSeq_organism>Chromohalobacter marismortui</GBSeq_organism>
 <GBSeq_organism>Halomonas desiderata</GBSeq_organism>
 <GBSeq_organism>Chromohalobacter sarecensis</GBSeq_organism>
 <GBSeq_organism>Halomonas axialensis</GBSeq_organism>
 <GBSeq_organism>Halomonas pacifica</GBSeq_organism>
 <GBSeq_organism>Halomonas eurihalina</GBSeq_organism>
 <GBSeq_organism>Halomonas aquamarina</GBSeq_organism>
