 <GBSeq_organism>Methylocystis sp. L6</GBSeq_organism>
 <GBSeq_organism>Methylocystis sp. WRS</GBSeq_organism>
 <GBSeq_organism>Rhodoblastus acidophilus</GBSeq_organism>
 <GBSeq_organism>Methylosinus sporium</GBSeq_organism>
 <GBSeq_organism>uncultured bacterium</GBSeq_organism>
 <GBSeq_organism>Methylocystis echinoides</GBSeq_organism>
 <GBSeq_organism>Methylocystis sp. 62/12</GBSeq_organism>
 <GBSeq_organism>Methylocystis echinoides</GBSeq_organism>
 <GBSeq_organism>Methylocystis rosea SV97</GBSeq_organism>
 <GBSeq_organism>Methylocystis parvus OBBP</GBSeq_organism>
 <GBSeq_organism>Beijerinckia indica</GBSeq_organism>
 <GBSeq_organism>Methylocystis sp. 39</GBSeq_organism>
 <GBSeq_organism>uncultured bacterium</GBSeq_organism>
 <GBSeq_organism>Methylocystis sp. SC2</GBSeq_organism>
 <GBSeq_organism>Methylocystis sp. 82</GBSeq_organism>
 <GBSeq_organism>Methylosinus trichosporium OB3b</GBSeq_organism>
 <GBSeq_organism>Methylocystis sp. 50/42a</GBSeq_organism>
 <GBSeq_organism>type II methanotroph AML-A6</GBSeq_organism>
 <GBSeq_organism>Methylocystis sp. KS33</GBSeq_organism>
 <GBSeq_organism>uncultured alpha proteobacterium</GBSeq_organism>
 <GBSeq_organism>Methylocystis sp. B3</GBSeq_organism>
 <GBSeq_organism>Methylocystis sp. DWT</GBSeq_organism>
 <GBSeq_organism>Methylocystis sp. 50/54</GBSeq_organism>
 <GBSeq_organism>Methylocystis sp. 495/4</GBSeq_organism>
 <GBSeq_organism>Methylocystis sp. IMET 10486</GBSeq_organism>
