 <GBSeq_organism>Mesorhizobium temperatum</GBSeq_organism>
 <GBSeq_organism>Mesorhizobium camelthorni</GBSeq_organism>
 <GBSeq_organism>Mesorhizobium ciceri</GBSeq_organism>
 <GBSeq_organism>Mesorhizobium caraganae</GBSeq_organism>
 <GBSeq_organism>Mesorhizobium plurifarium</GBSeq_organism>
 <GBSeq_organism>Mesorhizobium tianshanense</GBSeq_organism>
 <GBSeq_organism>Mesorhizobium camelthorni</GBSeq_organism>
 <GBSeq_organism>Rhizobium hainanense</GBSeq_organism>
 <GBSeq_organism>Mesorhizobium thiogangeticum</GBSeq_organism>
 <GBSeq_organism>Mesorhizobium caraganae</GBSeq_organism>
 <GBSeq_organism>Mesorhizobium ciceri</GBSeq_organism>
 <GBSeq_organism>Mesorhizobium septentrionale</GBSeq_organism>
 <GBSeq_organism>Mesorhizobium alhagi CCNWXJ12-2</GBSeq_organism>
 <GBSeq_organism>Mesorhizobium tarimense</GBSeq_organism>
 <GBSeq_organism>Mesorhizobium camelthorni</GBSeq_organism>
 <GBSeq_organism>Mesorhizobium camelthorni</GBSeq_organism>
 <GBSeq_organism>Mesorhizobium temperatum</GBSeq_organism>
 <GBSeq_organism>Mesorhizobium plurifarium</GBSeq_organism>
 <GBSeq_organism>Mesorhizobium ciceri</GBSeq_organism>
 <GBSeq_organism>Mesorhizobium camelthorni</GBSeq_organism>
 <GBSeq_organism>Mesorhizobium mediterraneum</GBSeq_organism>
 <GBSeq_organism>Mesorhizobium huakuii</GBSeq_organism>
 <GBSeq_organism>Mesorhizobium gobiense</GBSeq_organism>
 <GBSeq_organism>Mesorhizobium loti</GBSeq_organism>
 <GBSeq_organism>Rhizobium leguminosarum bv. viciae 3841</GBSeq_organism>
 <GBSeq_organism>Mesorhizobium tianshanense</GBSeq_organism>
 <GBSeq_organism>Mesorhizobium loti</GBSeq_organism>
 <GBSeq_organism>Mesorhizobium loti R7A</GBSeq_organism>
 <GBSeq_organism>Mesorhizobium tianshanense</GBSeq_organism>
 <GBSeq_organism>Mesorhizobium loti USDA 3471</GBSeq_organism>
 <GBSeq_organism>Mesorhizobium huakuii</GBSeq_organism>
 <GBSeq_organism>Mesorhizobium mediterraneum</GBSeq_organism>
 <GBSeq_organism>Mesorhizobium camelthorni</GBSeq_organism>
 <GBSeq_organism>Mesorhizobium camelthorni</GBSeq_organism>
 <GBSeq_organism>Mesorhizobium ciceri</GBSeq_organism>
 <GBSeq_organism>Mesorhizobium huakuii</GBSeq_organism>
 <GBSeq_organism>Mesorhizobium alhagi CCNWXJ12-2</GBSeq_organism>
 <GBSeq_organism>Mesorhizobium temperatum</GBSeq_organism>
 <GBSeq_organism>Mesorhizobium camelthorni</GBSeq_organism>
 <GBSeq_organism>Mesorhizobium camelthorni</GBSeq_organism>
 <GBSeq_organism>Mesorhizobium chacoense</GBSeq_organism>
 <GBSeq_organism>Mesorhizobium tarimense</GBSeq_organism>
 <GBSeq_organism>Mesorhizobium septentrionale</GBSeq_organism>
 <GBSeq_organism>Mesorhizobium mediterraneum</GBSeq_organism>
 <GBSeq_organism>Mesorhizobium camelthorni</GBSeq_organism>
 <GBSeq_organism>Mesorhizobium amorphae</GBSeq_organism>
 <GBSeq_organism>Mesorhizobium huakuii</GBSeq_organism>
 <GBSeq_organism>Rhizobium etli CFN 42</GBSeq_organism>
 <GBSeq_organism>Mesorhizobium gobiense</GBSeq_organism>
 <GBSeq_organism>Mesorhizobium albiziae</GBSeq_organism>
 <GBSeq_organism>Mesorhizobium caraganae</GBSeq_organism>
 <GBSeq_organism>Mesorhizobium alhagi CCNWXJ12-2</GBSeq_organism>
