 <GBSeq_organism>Wolinella succinogenes</GBSeq_organism>
 <GBSeq_organism>Campylobacter insulaenigrae NCTC 12927</GBSeq_organism>
 <GBSeq_organism>Campylobacter hyointestinalis subsp. hyointestinalis</GBSeq_organism>
 <GBSeq_organism>Campylobacter canadensis</GBSeq_organism>
 <GBSeq_organism>Campylobacter canadensis</GBSeq_organism>
 <GBSeq_organism>Campylobacter canadensis</GBSeq_organism>
 <GBSeq_organism>Campylobacter mucosalis</GBSeq_organism>
 <GBSeq_organism>Campylobacter canadensis</GBSeq_organism>
 <GBSeq_organism>Campylobacter fetus subsp. fetus</GBSeq_organism>
 <GBSeq_organism>Campylobacter concisus</GBSeq_organism>
 <GBSeq_organism>Campylobacter rectus</GBSeq_organism>
 <GBSeq_organism>Campylobacter canadensis</GBSeq_organism>
 <GBSeq_organism>Campylobacter jejuni</GBSeq_organism>
 <GBSeq_organism>Campylobacter upsaliensis</GBSeq_organism>
 <GBSeq_organism>Campylobacter canadensis</GBSeq_organism>
 <GBSeq_organism>Campylobacter canadensis</GBSeq_organism>
 <GBSeq_organism>Campylobacter gracilis</GBSeq_organism>
 <GBSeq_organism>Campylobacter hyointestinalis subsp. lawsonii</GBSeq_organism>
 <GBSeq_organism>Campylobacter canadensis</GBSeq_organism>
 <GBSeq_organism>Campylobacter lari subsp. lari</GBSeq_organism>
 <GBSeq_organism>Campylobacter hominis</GBSeq_organism>
 <GBSeq_organism>Campylobacter canadensis</GBSeq_organism>
 <GBSeq_organism>Campylobacter jejuni subsp. doylei</GBSeq_organism>
 <GBSeq_organism>Campylobacter coli</GBSeq_organism>
 <GBSeq_organism>Campylobacter curvus</GBSeq_organism>
 <GBSeq_organism>Campylobacter sputorum</GBSeq_organism>
 <GBSeq_organism>Campylobacter lanienae NCTC 13004</GBSeq_organism>
 <GBSeq_organism>Campylobacter helveticus</GBSeq_organism>
 <GBSeq_organism>Campylobacter fetus subsp. venerealis NCTC 10354</GBSeq_organism>
 <GBSeq_organism>Campylobacter showae</GBSeq_organism>
