 <GBSeq_organism>Aspergillus sclerotioniger</GBSeq_organism>
 <GBSeq_organism>Aspergillus vadensis</GBSeq_organism>
 <GBSeq_organism>Aspergillus costaricensis</GBSeq_organism>
 <GBSeq_organism>Aspergillus heteromorphus</GBSeq_organism>
 <GBSeq_organism>Aspergillus aculeatus</GBSeq_organism>
 <GBSeq_organism>Aspergillus lacticoffeatus</GBSeq_organism>
 <GBSeq_organism>Aspergillus uvarum</GBSeq_organism>
 <GBSeq_organism>Aspergillus tubingensis</GBSeq_organism>
 <GBSeq_organism>Aspergillus uvarum</GBSeq_organism>
 <GBSeq_organism>Aspergillus carbonarius</GBSeq_organism>
 <GBSeq_organism>Aspergillus japonicus</GBSeq_organism>
 <GBSeq_organism>Aspergillus flavus</GBSeq_organism>
 <GBSeq_organism>Aspergillus uvarum</GBSeq_organism>
 <GBSeq_organism>Aspergillus uvarum</GBSeq_organism>
 <GBSeq_organism>Aspergillus aculeatus</GBSeq_organism>
 <GBSeq_organism>Aspergillus niger</GBSeq_organism>
 <GBSeq_organism>Aspergillus aculeatus</GBSeq_organism>
 <GBSeq_organism>Aspergillus homomorphus</GBSeq_organism>
 <GBSeq_organism>Aspergillus ellipticus</GBSeq_organism>
 <GBSeq_organism>Aspergillus ibericus</GBSeq_organism>
 <GBSeq_organism>Aspergillus foetidus var. pallidus</GBSeq_organism>
