 <GBSeq_organism>Lactobacillus mindensis</GBSeq_organism>
 <GBSeq_organism>Lactobacillus oeni</GBSeq_organism>
 <GBSeq_organism>Lactobacillus animalis</GBSeq_organism>
 <GBSeq_organism>Lactobacillus mali KCTC 3596 = DSM 20444</GBSeq_organism>
 <GBSeq_organism>Lactobacillus vini</GBSeq_organism>
 <GBSeq_organism>Lactobacillus uvarum</GBSeq_organism>
 <GBSeq_organism>Lactobacillus murinus</GBSeq_organism>
 <GBSeq_organism>Lactobacillus sp. 166</GBSeq_organism>
 <GBSeq_organism>Lactobacillus aviarius</GBSeq_organism>
 <GBSeq_organism>Lactobacillus sp. 459</GBSeq_organism>
 <GBSeq_organism>Lactobacillus paralimentarius</GBSeq_organism>
 <GBSeq_organism>Lactobacillus paralimentarius</GBSeq_organism>
 <GBSeq_organism>Lactobacillus uvarum</GBSeq_organism>
 <GBSeq_organism>Lactobacillus farciminis</GBSeq_organism>
 <GBSeq_organism>Lactobacillus salivarius</GBSeq_organism>
 <GBSeq_organism>Lactobacillus equi</GBSeq_organism>
 <GBSeq_organism>Lactobacillus acidipiscis</GBSeq_organism>
 <GBSeq_organism>Lactobacillus agilis</GBSeq_organism>
 <GBSeq_organism>Oenococcus oeni</GBSeq_organism>
 <GBSeq_organism>Lactobacillus nagelii</GBSeq_organism>
 <GBSeq_organism>Lactobacillus versmoldensis</GBSeq_organism>
 <GBSeq_organism>Lactobacillus sp. 71</GBSeq_organism>
 <GBSeq_organism>Lactobacillus ruminis</GBSeq_organism>
 <GBSeq_organism>Lactobacillus kunkeei</GBSeq_organism>
 <GBSeq_organism>Lactobacillus paralimentarius</GBSeq_organism>
 <GBSeq_organism>Lactobacillus alimentarius</GBSeq_organism>
