 <GBSeq_organism>Neorhizobium galegae</GBSeq_organism>
 <GBSeq_organism>Ensifer adhaerens</GBSeq_organism>
 <GBSeq_organism>Sinorhizobium terangae</GBSeq_organism>
 <GBSeq_organism>Sinorhizobium sp.</GBSeq_organism>
 <GBSeq_organism>Mycoplana dimorpha</GBSeq_organism>
 <GBSeq_organism>Rhizobium leguminosarum</GBSeq_organism>
 <GBSeq_organism>Mesorhizobium amorphae</GBSeq_organism>
 <GBSeq_organism>Azorhizobium caulinodans</GBSeq_organism>
 <GBSeq_organism>Neorhizobium huautlense</GBSeq_organism>
 <GBSeq_organism>Agrobacterium tumefaciens</GBSeq_organism>
 <GBSeq_organism>Bradyrhizobium canariense</GBSeq_organism>
 <GBSeq_organism>Mesorhizobium loti USDA 3471</GBSeq_organism>
 <GBSeq_organism>Mesorhizobium huakuii</GBSeq_organism>
 <GBSeq_organism>Mesorhizobium ciceri</GBSeq_organism>
 <GBSeq_organism>Agrobacterium rhizogenes</GBSeq_organism>
 <GBSeq_organism>Mesorhizobium sp. ICMP 11722</GBSeq_organism>
 <GBSeq_organism>Sinorhizobium saheli</GBSeq_organism>
 <GBSeq_organism>Mesorhizobium thiogangeticum</GBSeq_organism>
 <GBSeq_organism>Mesorhizobium tianshanense</GBSeq_organism>
 <GBSeq_organism>Mesorhizobium chacoense</GBSeq_organism>
 <GBSeq_organism>Rhizobium etli</GBSeq_organism>
 <GBSeq_organism>Mesorhizobium mediterraneum</GBSeq_organism>
