 <GBSeq_organism>Micromonospora carbonacea</GBSeq_organism>
 <GBSeq_organism>Micromonospora eburnea</GBSeq_organism>
 <GBSeq_organism>Micromonospora halophytica</GBSeq_organism>
 <GBSeq_organism>Planosporangium flavigriseum</GBSeq_organism>
 <GBSeq_organism>Actinocatenispora thailandica</GBSeq_organism>
 <GBSeq_organism>Micromonospora viridifaciens</GBSeq_organism>
 <GBSeq_organism>Longispora albida</GBSeq_organism>
 <GBSeq_organism>Dactylosporangium thailandense</GBSeq_organism>
 <GBSeq_organism>Micromonospora matsumotoense</GBSeq_organism>
 <GBSeq_organism>Micromonospora peucetia</GBSeq_organism>
 <GBSeq_organism>Micromonospora sagamiensis</GBSeq_organism>
 <GBSeq_organism>Micromonospora lupini</GBSeq_organism>
 <GBSeq_organism>Polymorphospora rubra</GBSeq_organism>
 <GBSeq_organism>Micromonospora pattaloongensis</GBSeq_organism>
 <GBSeq_organism>Dactylosporangium aurantiacum</GBSeq_organism>
 <GBSeq_organism>Micromonospora coxensis</GBSeq_organism>
 <GBSeq_organism>Plantactinospora mayteni</GBSeq_organism>
 <GBSeq_organism>Asanoa ferruginea</GBSeq_organism>
 <GBSeq_organism>Pilimelia terevasa</GBSeq_organism>
 <GBSeq_organism>Micromonospora rosaria</GBSeq_organism>
 <GBSeq_organism>Micromonospora echinospora</GBSeq_organism>
 <GBSeq_organism>Actinoplanes utahensis</GBSeq_organism>
 <GBSeq_organism>Micromonospora endolithica</GBSeq_organism>
 <GBSeq_organism>Micromonospora inositola</GBSeq_organism>
 <GBSeq_organism>Couchioplanes caeruleus</GBSeq_organism>
 <GBSeq_organism>Micromonospora chalcea</GBSeq_organism>
 <GBSeq_organism>Micromonospora aurantiaca</GBSeq_organism>
 <GBSeq_organism>Micromonospora echinospora</GBSeq_organism>
 <GBSeq_organism>Virgisporangium aurantiacum</GBSeq_organism>
 <GBSeq_organism>Spirilliplanes yamanashiensis</GBSeq_organism>
 <GBSeq_organism>Catellatospora citrea subsp. citrea</GBSeq_organism>
 <GBSeq_organism>Micromonospora olivasterospora</GBSeq_organism>
 <GBSeq_organism>Micromonospora saelicesensis</GBSeq_organism>
 <GBSeq_organism>Salinispora arenicola ATCC BAA-917</GBSeq_organism>
 <GBSeq_organism>Micromonospora echinaurantiaca</GBSeq_organism>
 <GBSeq_organism>Micromonospora fulviviridis</GBSeq_organism>
 <GBSeq_organism>Micromonospora chalcea</GBSeq_organism>
 <GBSeq_organism>Micromonospora mirobrigensis</GBSeq_organism>
 <GBSeq_organism>Micromonospora chersina</GBSeq_organism>
 <GBSeq_organism>Micromonospora echinofusca</GBSeq_organism>
 <GBSeq_organism>Micromonospora coerulea</GBSeq_organism>
 <GBSeq_organism>Pilimelia anulata</GBSeq_organism>
 <GBSeq_organism>Micromonospora inyonensis</GBSeq_organism>
 <GBSeq_organism>Micromonospora coriariae</GBSeq_organism>
 <GBSeq_organism>Micromonospora chokoriensis</GBSeq_organism>
 <GBSeq_organism>Streptomyces ambofaciens</GBSeq_organism>
 <GBSeq_organism>Virgisporangium ochraceum</GBSeq_organism>
 <GBSeq_organism>Micromonospora siamensis</GBSeq_organism>
 <GBSeq_organism>Verrucosispora gifhornensis</GBSeq_organism>
