 <GBSeq_organism>Staphylococcus aureus subsp. anaerobius</GBSeq_organism>
 <GBSeq_organism>Staphylococcus haemolyticus</GBSeq_organism>
 <GBSeq_organism>Staphylococcus cohnii subsp. cohnii</GBSeq_organism>
 <GBSeq_organism>Staphylococcus chromogenes</GBSeq_organism>
 <GBSeq_organism>Staphylococcus xylosus</GBSeq_organism>
 <GBSeq_organism>Staphylococcus carnosus subsp. utilis</GBSeq_organism>
 <GBSeq_organism>Staphylococcus capitis</GBSeq_organism>
 <GBSeq_organism>Staphylococcus warneri</GBSeq_organism>
 <GBSeq_organism>Staphylococcus fleurettii</GBSeq_organism>
 <GBSeq_organism>Staphylococcus auricularis</GBSeq_organism>
 <GBSeq_organism>Staphylococcus equorum subsp. linens</GBSeq_organism>
 <GBSeq_organism>Staphylococcus capitis subsp. urealyticus</GBSeq_organism>
 <GBSeq_organism>Staphylococcus felis</GBSeq_organism>
 <GBSeq_organism>Staphylococcus lutrae</GBSeq_organism>
 <GBSeq_organism>Staphylococcus simulans</GBSeq_organism>
 <GBSeq_organism>Staphylococcus arlettae</GBSeq_organism>
 <GBSeq_organism>Staphylococcus pseudintermedius</GBSeq_organism>
 <GBSeq_organism>Staphylococcus pettenkoferi</GBSeq_organism>
 <GBSeq_organism>Staphylococcus condimenti</GBSeq_organism>
 <GBSeq_organism>Staphylococcus hominis subsp. novobiosepticus</GBSeq_organism>
 <GBSeq_organism>Staphylococcus carnosus subsp. carnosus</GBSeq_organism>
 <GBSeq_organism>Staphylococcus caprae</GBSeq_organism>
 <GBSeq_organism>Staphylococcus pasteuri</GBSeq_organism>
 <GBSeq_organism>Staphylococcus sciuri subsp. carnaticus</GBSeq_organism>
 <GBSeq_organism>Macrococcus bovicus</GBSeq_organism>
 <GBSeq_organism>Staphylococcus equorum</GBSeq_organism>
 <GBSeq_organism>Staphylococcus cohnii subsp. urealyticus</GBSeq_organism>
 <GBSeq_organism>Staphylococcus intermedius NCTC 11048</GBSeq_organism>
 <GBSeq_organism>Gemella morbillorum</GBSeq_organism>
 <GBSeq_organism>Staphylococcus hyicus</GBSeq_organism>
 <GBSeq_organism>Staphylococcus sciuri subsp. rodentium</GBSeq_organism>
 <GBSeq_organism>Staphylococcus saprophyticus subsp. bovis</GBSeq_organism>
 <GBSeq_organism>Staphylococcus epidermidis</GBSeq_organism>
 <GBSeq_organism>Staphylococcus lentus</GBSeq_organism>
 <GBSeq_organism>Staphylococcus succinus subsp. casei</GBSeq_organism>
 <GBSeq_organism>Staphylococcus sciuri subsp. sciuri</GBSeq_organism>
 <GBSeq_organism>Staphylococcus saccharolyticus</GBSeq_organism>
 <GBSeq_organism>Staphylococcus gallinarum</GBSeq_organism>
 <GBSeq_organism>Staphylococcus succinus subsp. succinus</GBSeq_organism>
 <GBSeq_organism>Staphylococcus piscifermentans</GBSeq_organism>
 <GBSeq_organism>Staphylococcus massiliensis CCUG 55927</GBSeq_organism>
 <GBSeq_organism>Staphylococcus hominis</GBSeq_organism>
