 <GBSeq_organism>Clostridium cavendishii DSM 21758</GBSeq_organism>
 <GBSeq_organism>Clostridium chartatabidum</GBSeq_organism>
 <GBSeq_organism>Clostridium cellulovorans 743B</GBSeq_organism>
 <GBSeq_organism>Clostridium algidicarnis</GBSeq_organism>
 <GBSeq_organism>Clostridium disporicum</GBSeq_organism>
 <GBSeq_organism>Sarcina maxima</GBSeq_organism>
 <GBSeq_organism>Clostridium saccharobutylicum</GBSeq_organism>
 <GBSeq_organism>Clostridium subterminale</GBSeq_organism>
 <GBSeq_organism>Clostridium intestinale</GBSeq_organism>
 <GBSeq_organism>Clostridium carnis</GBSeq_organism>
 <GBSeq_organism>Clostridium hydrogeniformans DSM 21757</GBSeq_organism>
 <GBSeq_organism>Clostridium lundense</GBSeq_organism>
 <GBSeq_organism>Clostridium histolyticum</GBSeq_organism>
 <GBSeq_organism>Clostridium tetani</GBSeq_organism>
 <GBSeq_organism>Clostridium frigidicarnis</GBSeq_organism>
 <GBSeq_organism>Anaerobacter polyendosporus</GBSeq_organism>
 <GBSeq_organism>Clostridium acidisoli</GBSeq_organism>
 <GBSeq_organism>Clostridium celatum</GBSeq_organism>
 <GBSeq_organism>Clostridium tertium</GBSeq_organism>
 <GBSeq_organism>Clostridium acetireducens</GBSeq_organism>
 <GBSeq_organism>Clostridium putrefaciens</GBSeq_organism>
 <GBSeq_organism>Clostridium chauvoei</GBSeq_organism>
 <GBSeq_organism>Clostridium cadaveris</GBSeq_organism>
 <GBSeq_organism>Clostridium frigoris</GBSeq_organism>
 <GBSeq_organism>Clostridium botulinum A</GBSeq_organism>
 <GBSeq_organism>Clostridium perfringens</GBSeq_organism>
 <GBSeq_organism>Clostridium septicum</GBSeq_organism>
 <GBSeq_organism>Clostridium puniceum</GBSeq_organism>
