 <GBSeq_organism>Vibrio rotiferianus</GBSeq_organism>
 <GBSeq_organism>Vibrio harveyi</GBSeq_organism>
 <GBSeq_organism>Vibrio rotiferianus</GBSeq_organism>
 <GBSeq_organism>Vibrio natriegens</GBSeq_organism>
 <GBSeq_organism>Triticum aestivum</GBSeq_organism>
 <GBSeq_organism>Vibrio campbellii</GBSeq_organism>
 <GBSeq_organism>Vibrio campbellii</GBSeq_organism>
 <GBSeq_organism>Vibrio rotiferianus</GBSeq_organism>
 <GBSeq_organism>Vibrio rotiferianus</GBSeq_organism>
 <GBSeq_organism>Vibrio campbellii</GBSeq_organism>
 <GBSeq_organism>Vibrio harveyi</GBSeq_organism>
 <GBSeq_organism>Vibrio cholerae</GBSeq_organism>
 <GBSeq_organism>Vibrio natriegens</GBSeq_organism>
 <GBSeq_organism>Vibrio harveyi</GBSeq_organism>
 <GBSeq_organism>Vibrio campbellii</GBSeq_organism>
 <GBSeq_organism>Vibrio alginolyticus</GBSeq_organism>
 <GBSeq_organism>Vibrio campbellii</GBSeq_organism>
 <GBSeq_organism>Vibrio campbellii</GBSeq_organism>
 <GBSeq_organism>Vibrio harveyi</GBSeq_organism>
 <GBSeq_organism>Vibrio campbellii</GBSeq_organism>
 <GBSeq_organism>Vibrio rotiferianus</GBSeq_organism>
 <GBSeq_organism>Vibrio rotiferianus</GBSeq_organism>
 <GBSeq_organism>Vibrio campbellii</GBSeq_organism>
 <GBSeq_organism>Vibrio campbellii</GBSeq_organism>
 <GBSeq_organism>Vibrio natriegens</GBSeq_organism>
 <GBSeq_organism>Vibrio harveyi</GBSeq_organism>
 <GBSeq_organism>Vibrio rotiferianus</GBSeq_organism>
 <GBSeq_organism>Vibrio alginolyticus</GBSeq_organism>
 <GBSeq_organism>Vibrio campbellii</GBSeq_organism>
 <GBSeq_organism>Vibrio rotiferianus</GBSeq_organism>
 <GBSeq_organism>Vibrio harveyi</GBSeq_organism>
 <GBSeq_organism>Vibrio campbellii</GBSeq_organism>
 <GBSeq_organism>Vibrio harveyi</GBSeq_organism>
 <GBSeq_organism>Vibrio parahaemolyticus</GBSeq_organism>
 <GBSeq_organism>Vibrio parahaemolyticus</GBSeq_organism>
 <GBSeq_organism>Vibrio campbellii</GBSeq_organism>
 <GBSeq_organism>Apple stem grooving virus</GBSeq_organism>
 <GBSeq_organism>Vibrio campbellii</GBSeq_organism>
 <GBSeq_organism>Vibrio campbellii</GBSeq_organism>
 <GBSeq_organism>Vibrio harveyi</GBSeq_organism>
 <GBSeq_organism>Vibrio rotiferianus</GBSeq_organism>
 <GBSeq_organism>Vibrio parahaemolyticus</GBSeq_organism>
 <GBSeq_organism>Vibrio alginolyticus</GBSeq_organism>
 <GBSeq_organism>Vibrio alginolyticus</GBSeq_organism>
 <GBSeq_organism>Vibrio rotiferianus</GBSeq_organism>
 <GBSeq_organism>Vibrio rotiferianus</GBSeq_organism>
 <GBSeq_organism>Vibrio rotiferianus</GBSeq_organism>
 <GBSeq_organism>Vibrio campbellii</GBSeq_organism>
 <GBSeq_organism>Vibrio campbellii</GBSeq_organism>
 <GBSeq_organism>Vibrio campbellii</GBSeq_organism>
 <GBSeq_organism>Vibrio harveyi</GBSeq_organism>
 <GBSeq_organism>Vibrio alginolyticus</GBSeq_organism>
 <GBSeq_organism>Vibrio harveyi</GBSeq_organism>
 <GBSeq_organism>Vibrio cholerae</GBSeq_organism>
 <GBSeq_organism>Vibrio campbellii</GBSeq_organism>
 <GBSeq_organism>Vibrio rotiferianus</GBSeq_organism>
 <GBSeq_organism>Vibrio parahaemolyticus</GBSeq_organism>
 <GBSeq_organism>Vibrio rotiferianus</GBSeq_organism>
 <GBSeq_organism>Vibrio parahaemolyticus</GBSeq_organism>
 <GBSeq_organism>Vibrio campbellii</GBSeq_organism>
 <GBSeq_organism>Vibrio natriegens</GBSeq_organism>
 <GBSeq_organism>Vibrio harveyi</GBSeq_organism>
 <GBSeq_organism>Vibrio rotiferianus</GBSeq_organism>
 <GBSeq_organism>Vibrio campbellii</GBSeq_organism>
 <GBSeq_organism>Vibrio campbellii</GBSeq_organism>
 <GBSeq_organism>Vibrio harveyi</GBSeq_organism>
 <GBSeq_organism>Vibrio alginolyticus</GBSeq_organism>
 <GBSeq_organism>Vibrio rotiferianus</GBSeq_organism>
 <GBSeq_organism>Vibrio harveyi</GBSeq_organism>
 <GBSeq_organism>Vibrio harveyi</GBSeq_organism>
 <GBSeq_organism>Vibrio harveyi</GBSeq_organism>
 <GBSeq_organism>Vibrio parahaemolyticus</GBSeq_organism>
 <GBSeq_organism>Vibrio campbellii</GBSeq_organism>
 <GBSeq_organism>Vibrio harveyi</GBSeq_organism>
 <GBSeq_organism>Vibrio natriegens</GBSeq_organism>
 <GBSeq_organism>Vibrio parahaemolyticus</GBSeq_organism>
 <GBSeq_organism>Vibrio rotiferianus</GBSeq_organism>
 <GBSeq_organism>Vibrio campbellii</GBSeq_organism>
 <GBSeq_organism>Vibrio parahaemolyticus</GBSeq_organism>
 <GBSeq_organism>Vibrio campbellii</GBSeq_organism>
 <GBSeq_organism>Vibrio harveyi</GBSeq_organism>
 <GBSeq_organism>Vibrio alginolyticus</GBSeq_organism>
 <GBSeq_organism>Vibrio campbellii</GBSeq_organism>
 <GBSeq_organism>Vibrio parahaemolyticus</GBSeq_organism>
 <GBSeq_organism>Vibrio campbellii</GBSeq_organism>
 <GBSeq_organism>Vibrio campbellii CAIM 519 = NBRC 15631</GBSeq_organism>
 <GBSeq_organism>Vibrio rotiferianus</GBSeq_organism>
 <GBSeq_organism>Vibrio parahaemolyticus</GBSeq_organism>
 <GBSeq_organism>Vibrio alginolyticus</GBSeq_organism>
 <GBSeq_organism>Vibrio parahaemolyticus</GBSeq_organism>
 <GBSeq_organism>Vibrio harveyi</GBSeq_organism>
 <GBSeq_organism>Vibrio campbellii</GBSeq_organism>
 <GBSeq_organism>Vibrio rotiferianus</GBSeq_organism>
 <GBSeq_organism>Vibrio alginolyticus</GBSeq_organism>
 <GBSeq_organism>Vibrio harveyi</GBSeq_organism>
 <GBSeq_organism>Vibrio harveyi</GBSeq_organism>
 <GBSeq_organism>Vibrio parahaemolyticus</GBSeq_organism>
 <GBSeq_organism>Vibrio campbellii</GBSeq_organism>
 <GBSeq_organism>Vibrio alginolyticus</GBSeq_organism>
 <GBSeq_organism>Vibrio alginolyticus</GBSeq_organism>
 <GBSeq_organism>Vibrio campbellii</GBSeq_organism>
 <GBSeq_organism>Vibrio harveyi</GBSeq_organism>
 <GBSeq_organism>Vibrio natriegens</GBSeq_organism>
 <GBSeq_organism>Vibrio rotiferianus</GBSeq_organism>
 <GBSeq_organism>Vibrio campbellii</GBSeq_organism>
 <GBSeq_organism>Vibrio harveyi</GBSeq_organism>
 <GBSeq_organism>Vibrio rotiferianus</GBSeq_organism>
 <GBSeq_organism>Vibrio rotiferianus CAIM 577 = LMG 21460</GBSeq_organism>
 <GBSeq_organism>Vibrio campbellii</GBSeq_organism>
 <GBSeq_organism>Vibrio harveyi</GBSeq_organism>
 <GBSeq_organism>Vibrio harveyi</GBSeq_organism>
 <GBSeq_organism>Vibrio campbellii</GBSeq_organism>
 <GBSeq_organism>Vibrio rotiferianus</GBSeq_organism>
 <GBSeq_organism>Vibrio campbellii</GBSeq_organism>
 <GBSeq_organism>Vibrio natriegens NBRC 15636 = ATCC 14048 = DSM 759</GBSeq_organism>
 <GBSeq_organism>Vibrio campbellii</GBSeq_organism>
 <GBSeq_organism>Vibrio harveyi</GBSeq_organism>
 <GBSeq_organism>Vibrio alginolyticus</GBSeq_organism>
 <GBSeq_organism>Vibrio parahaemolyticus</GBSeq_organism>
 <GBSeq_organism>Vibrio campbellii</GBSeq_organism>
 <GBSeq_organism>Vibrio harveyi</GBSeq_organism>
 <GBSeq_organism>Vibrio harveyi</GBSeq_organism>
 <GBSeq_organism>Vibrio campbellii</GBSeq_organism>
 <GBSeq_organism>Vibrio campbellii</GBSeq_organism>
 <GBSeq_organism>Vibrio harveyi</GBSeq_organism>
 <GBSeq_organism>Vibrio campbellii</GBSeq_organism>
 <GBSeq_organism>Vibrio rotiferianus</GBSeq_organism>
 <GBSeq_organism>Vibrio rotiferianus</GBSeq_organism>
 <GBSeq_organism>Vibrio campbellii</GBSeq_organism>
 <GBSeq_organism>Vibrio harveyi</GBSeq_organism>
 <GBSeq_organism>Vibrio harveyi</GBSeq_organism>
 <GBSeq_organism>Vibrio campbellii</GBSeq_organism>
 <GBSeq_organism>Vibrio harveyi</GBSeq_organism>
 <GBSeq_organism>Vibrio rotiferianus</GBSeq_organism>
 <GBSeq_organism>Vibrio harveyi</GBSeq_organism>
 <GBSeq_organism>Vibrio alginolyticus</GBSeq_organism>
 <GBSeq_organism>Vibrio harveyi</GBSeq_organism>
 <GBSeq_organism>Vibrio cholerae</GBSeq_organism>
 <GBSeq_organism>Vibrio rotiferianus</GBSeq_organism>
 <GBSeq_organism>Vibrio parahaemolyticus</GBSeq_organism>
 <GBSeq_organism>Vibrio rotiferianus</GBSeq_organism>
 <GBSeq_organism>Vibrio campbellii</GBSeq_organism>
 <GBSeq_organism>Vibrio natriegens</GBSeq_organism>
 <GBSeq_organism>Vibrio natriegens</GBSeq_organism>
 <GBSeq_organism>Vibrio natriegens</GBSeq_organism>
 <GBSeq_organism>Vibrio campbellii</GBSeq_organism>
 <GBSeq_organism>Vibrio rotiferianus</GBSeq_organism>
 <GBSeq_organism>Vibrio rotiferianus</GBSeq_organism>
 <GBSeq_organism>Vibrio parahaemolyticus</GBSeq_organism>
 <GBSeq_organism>Vibrio harveyi</GBSeq_organism>
 <GBSeq_organism>Vibrio rotiferianus</GBSeq_organism>
 <GBSeq_organism>Vibrio campbellii</GBSeq_organism>
 <GBSeq_organism>Vibrio campbellii</GBSeq_organism>
 <GBSeq_organism>Vibrio campbellii</GBSeq_organism>
 <GBSeq_organism>Vibrio campbellii</GBSeq_organism>
 <GBSeq_organism>Vibrio rotiferianus</GBSeq_organism>
 <GBSeq_organism>Vibrio alginolyticus</GBSeq_organism>
 <GBSeq_organism>Vibrio campbellii</GBSeq_organism>
 <GBSeq_organism>Vibrio natriegens</GBSeq_organism>
 <GBSeq_organism>Vibrio rotiferianus</GBSeq_organism>
 <GBSeq_organism>Vibrio harveyi</GBSeq_organism>
 <GBSeq_organism>Vibrio campbellii</GBSeq_organism>
 <GBSeq_organism>Vibrio harveyi</GBSeq_organism>
 <GBSeq_organism>Vibrio natriegens</GBSeq_organism>
 <GBSeq_organism>Vibrio cholerae</GBSeq_organism>
 <GBSeq_organism>Vibrio harveyi</GBSeq_organism>
 <GBSeq_organism>Vibrio rotiferianus</GBSeq_organism>
 <GBSeq_organism>Vibrio harveyi</GBSeq_organism>
 <GBSeq_organism>Vibrio rotiferianus</GBSeq_organism>
 <GBSeq_organism>Vibrio harveyi</GBSeq_organism>
 <GBSeq_organism>Vibrio rotiferianus</GBSeq_organism>
 <GBSeq_organism>Vibrio campbellii</GBSeq_organism>
 <GBSeq_organism>Vibrio parahaemolyticus</GBSeq_organism>
 <GBSeq_organism>Vibrio campbellii</GBSeq_organism>
 <GBSeq_organism>Vibrio harveyi</GBSeq_organism>
