 <GBSeq_organism>Pseudoxanthomonas koreensis</GBSeq_organism>
 <GBSeq_organism>Xanthomonas campestris</GBSeq_organism>
 <GBSeq_organism>Pseudoxanthomonas kalamensis</GBSeq_organism>
 <GBSeq_organism>Pseudoxanthomonas mexicana</GBSeq_organism>
 <GBSeq_organism>Pseudoxanthomonas kaohsiungensis</GBSeq_organism>
 <GBSeq_organism>Pseudoxanthomonas dokdonensis</GBSeq_organism>
 <GBSeq_organism>Pseudoxanthomonas daejeonensis</GBSeq_organism>
 <GBSeq_organism>Stenotrophomonas acidaminiphila</GBSeq_organism>
 <GBSeq_organism>Thermomonas haemolytica</GBSeq_organism>
 <GBSeq_organism>Pseudoxanthomonas broegbernensis</GBSeq_organism>
 <GBSeq_organism>Pseudoxanthomonas yeongjuensis</GBSeq_organism>
 <GBSeq_organism>Stenotrophomonas nitritireducens</GBSeq_organism>
 <GBSeq_organism>Stenotrophomonas rhizophila</GBSeq_organism>
 <GBSeq_organism>Pseudoxanthomonas spadix</GBSeq_organism>
 <GBSeq_organism>Xanthomonas campestris</GBSeq_organism>
 <GBSeq_organism>Xanthomonas fragariae</GBSeq_organism>
 <GBSeq_organism>Stenotrophomonas humi</GBSeq_organism>
 <GBSeq_organism>Pseudoxanthomonas taiwanensis</GBSeq_organism>
 <GBSeq_organism>Stenotrophomonas terrae</GBSeq_organism>
 <GBSeq_organism>Xanthomonas sacchari</GBSeq_organism>
 <GBSeq_organism>Pseudoxanthomonas sacheonensis</GBSeq_organism>
 <GBSeq_organism>Pseudoxanthomonas suwonensis</GBSeq_organism>
