 <GBSeq_organism>Catellicoccus marimammalium M35/04/3</GBSeq_organism>
 <GBSeq_organism>Dolosigranulum pigrum</GBSeq_organism>
 <GBSeq_organism>Vagococcus fluvialis</GBSeq_organism>
 <GBSeq_organism>Enterococcus faecium</GBSeq_organism>
 <GBSeq_organism>Trichococcus pasteurii</GBSeq_organism>
 <GBSeq_organism>Granulicatella adiacens</GBSeq_organism>
 <GBSeq_organism>Desemzia incerta</GBSeq_organism>
 <GBSeq_organism>Eremococcus coleocola</GBSeq_organism>
 <GBSeq_organism>Vagococcus carniphilus</GBSeq_organism>
 <GBSeq_organism>Facklamia hominis</GBSeq_organism>
 <GBSeq_organism>Vagococcus fessus</GBSeq_organism>
 <GBSeq_organism>Melissococcus plutonius ATCC 35311</GBSeq_organism>
 <GBSeq_organism>Tetragenococcus halophilus subsp. halophilus</GBSeq_organism>
 <GBSeq_organism>Vagococcus lutrae</GBSeq_organism>
 <GBSeq_organism>Alloiococcus otitis</GBSeq_organism>
 <GBSeq_organism>Carnobacterium divergens</GBSeq_organism>
 <GBSeq_organism>Vagococcus elongatus</GBSeq_organism>
 <GBSeq_organism>Allofustis seminis</GBSeq_organism>
 <GBSeq_organism>Vagococcus salmoninarum</GBSeq_organism>
 <GBSeq_organism>Abiotrophia defectiva ATCC 49176</GBSeq_organism>
