 <GBSeq_organism>Ruegeria mobilis</GBSeq_organism>
 <GBSeq_organism>Loktanella salsilacus</GBSeq_organism>
 <GBSeq_organism>Thalassobacter arenae</GBSeq_organism>
 <GBSeq_organism>Nautella italica</GBSeq_organism>
 <GBSeq_organism>Loktanella rosea</GBSeq_organism>
 <GBSeq_organism>Jannaschia rubra</GBSeq_organism>
 <GBSeq_organism>Thalassobacter stenotrophicus</GBSeq_organism>
 <GBSeq_organism>Shimia marina</GBSeq_organism>
 <GBSeq_organism>Jannaschia helgolandensis</GBSeq_organism>
 <GBSeq_organism>Silicibacter lacuscaerulensis ITI-1157</GBSeq_organism>
 <GBSeq_organism>Jannaschia donghaensis</GBSeq_organism>
 <GBSeq_organism>Octadecabacter antarcticus 307</GBSeq_organism>
 <GBSeq_organism>Tateyamaria omphalii</GBSeq_organism>
 <GBSeq_organism>Loktanella agnita</GBSeq_organism>
 <GBSeq_organism>Ketogulonicigenium robustum</GBSeq_organism>
 <GBSeq_organism>Ruegeria pomeroyi</GBSeq_organism>
 <GBSeq_organism>Loktanella maricola</GBSeq_organism>
 <GBSeq_organism>Nereida ignava</GBSeq_organism>
 <GBSeq_organism>Ketogulonicigenium vulgare</GBSeq_organism>
 <GBSeq_organism>Ruegeria atlantica</GBSeq_organism>
 <GBSeq_organism>Oceanicola granulosus</GBSeq_organism>
