 <GBSeq_organism>Maricaulis parjimensis</GBSeq_organism>
 <GBSeq_organism>Maricaulis virginensis</GBSeq_organism>
 <GBSeq_organism>Hyphomonas rosenbergii</GBSeq_organism>
 <GBSeq_organism>Hyphomonas polymorpha</GBSeq_organism>
 <GBSeq_organism>Maricaulis washingtonensis</GBSeq_organism>
 <GBSeq_organism>Rhodovulum sulfidophilum DSM 1374</GBSeq_organism>
 <GBSeq_organism>Hyphomonas oceanitis</GBSeq_organism>
 <GBSeq_organism>Hyphomonas hirschiana</GBSeq_organism>
 <GBSeq_organism>Maricaulis salignorans</GBSeq_organism>
 <GBSeq_organism>Hirschia baltica ATCC 49814</GBSeq_organism>
 <GBSeq_organism>Hyphomonas jannaschiana</GBSeq_organism>
 <GBSeq_organism>Oceanicaulis alexandrii</GBSeq_organism>
 <GBSeq_organism>Hyphomonas adhaerens</GBSeq_organism>
 <GBSeq_organism>Hyphomonas johnsonii</GBSeq_organism>
 <GBSeq_organism>Hyphomonas neptunium</GBSeq_organism>
 <GBSeq_organism>Paracoccus denitrificans</GBSeq_organism>
 <GBSeq_organism>Ruegeria atlantica</GBSeq_organism>
 <GBSeq_organism>Oceanicola granulosus</GBSeq_organism>
 <GBSeq_organism>Robiginitomaculum antarcticum</GBSeq_organism>
 <GBSeq_organism>Maricaulis maris</GBSeq_organism>
