 <GBSeq_organism>Microbacterium hydrocarbonoxydans</GBSeq_organism>
 <GBSeq_organism>Microbacterium invictum</GBSeq_organism>
 <GBSeq_organism>Microbacterium testaceum</GBSeq_organism>
 <GBSeq_organism>Microbacterium profundi</GBSeq_organism>
 <GBSeq_organism>Bos taurus</GBSeq_organism>
 <GBSeq_organism>Microbacterium resistens</GBSeq_organism>
 <GBSeq_organism>Microbacterium aerolatum</GBSeq_organism>
 <GBSeq_organism>Microbacterium imperiale</GBSeq_organism>
 <GBSeq_organism>Microbacterium pygmaeum</GBSeq_organism>
 <GBSeq_organism>Microbacterium terricola</GBSeq_organism>
 <GBSeq_organism>Microbacterium flavum</GBSeq_organism>
 <GBSeq_organism>Microbacterium xylanilyticum</GBSeq_organism>
 <GBSeq_organism>Microbacterium liquefaciens</GBSeq_organism>
 <GBSeq_organism>Microbacterium oleivorans</GBSeq_organism>
 <GBSeq_organism>Microbacterium phyllosphaerae</GBSeq_organism>
 <GBSeq_organism>Microbacterium paraoxydans</GBSeq_organism>
 <GBSeq_organism>Microbacterium hatanonis</GBSeq_organism>
 <GBSeq_organism>Microbacterium aurantiacum</GBSeq_organism>
 <GBSeq_organism>Microbacterium maritypicum</GBSeq_organism>
 <GBSeq_organism>Microbacterium lacticum</GBSeq_organism>
 <GBSeq_organism>Microbacterium deminutum</GBSeq_organism>
 <GBSeq_organism>Microbacterium foliorum</GBSeq_organism>
 <GBSeq_organism>Microbacterium natoriense</GBSeq_organism>
 <GBSeq_organism>Microbacterium binotii</GBSeq_organism>
 <GBSeq_organism>Microbacterium aquimaris</GBSeq_organism>
 <GBSeq_organism>Microbacterium koreense</GBSeq_organism>
 <GBSeq_organism>Microbacterium barkeri</GBSeq_organism>
 <GBSeq_organism>Microbacterium insulae</GBSeq_organism>
 <GBSeq_organism>Microbacterium awajiense</GBSeq_organism>
 <GBSeq_organism>Microbacterium dextranolyticum</GBSeq_organism>
 <GBSeq_organism>Microbacterium lacus</GBSeq_organism>
