 <GBSeq_organism>Paenibacillus thiaminolyticus</GBSeq_organism>
 <GBSeq_organism>Paenibacillus alginolyticus</GBSeq_organism>
 <GBSeq_organism>Paenibacillus kribbensis</GBSeq_organism>
 <GBSeq_organism>Paenibacillus macquariensis subsp. macquariensis</GBSeq_organism>
 <GBSeq_organism>Paenibacillus azoreducens</GBSeq_organism>
 <GBSeq_organism>Paenibacillus alvei DSM 29</GBSeq_organism>
 <GBSeq_organism>Paenibacillus granivorans</GBSeq_organism>
 <GBSeq_organism>Paenibacillus lautus</GBSeq_organism>
 <GBSeq_organism>Paenibacillus amylolyticus</GBSeq_organism>
 <GBSeq_organism>Bacillus subtilis</GBSeq_organism>
 <GBSeq_organism>Paenibacillus polymyxa</GBSeq_organism>
 <GBSeq_organism>Paenibacillus illinoisensis</GBSeq_organism>
 <GBSeq_organism>Paenibacillus campinasensis</GBSeq_organism>
 <GBSeq_organism>Paenibacillus macerans</GBSeq_organism>
 <GBSeq_organism>Paenibacillus durus</GBSeq_organism>
 <GBSeq_organism>Paenibacillus larvae</GBSeq_organism>
 <GBSeq_organism>Paenibacillus koreensis</GBSeq_organism>
 <GBSeq_organism>Paenibacillus mendelii</GBSeq_organism>
 <GBSeq_organism>Paenibacillus chondroitinus</GBSeq_organism>
 <GBSeq_organism>Paenibacillus agarexedens</GBSeq_organism>
 <GBSeq_organism>Paenibacillus kobensis</GBSeq_organism>
