 <GBSeq_organism>Frankia sp. M16467</GBSeq_organism>
 <GBSeq_organism>Actinopolymorpha singaporensis</GBSeq_organism>
 <GBSeq_organism>Sporichthya polymorpha DSM 43042</GBSeq_organism>
 <GBSeq_organism>Blastococcus saxobsidens</GBSeq_organism>
 <GBSeq_organism>Sporichthya brevicatena</GBSeq_organism>
 <GBSeq_organism>Kineococcus-like bacterium AS2988</GBSeq_organism>
 <GBSeq_organism>Kineococcus-like bacterium AS3138</GBSeq_organism>
 <GBSeq_organism>Kineococcus-like bacterium AS2978</GBSeq_organism>
 <GBSeq_organism>Cellulosimicrobium cellulans</GBSeq_organism>
 <GBSeq_organism>Geodermatophilus obscurus DSM 43160</GBSeq_organism>
 <GBSeq_organism>Acidothermus cellulolyticus 11B</GBSeq_organism>
 <GBSeq_organism>Blastococcus sp. BC521</GBSeq_organism>
 <GBSeq_organism>Frankia sp.</GBSeq_organism>
 <GBSeq_organism>Kineococcus aurantiacus</GBSeq_organism>
 <GBSeq_organism>Kribbella koreensis</GBSeq_organism>
 <GBSeq_organism>Geobacillus jurassicus</GBSeq_organism>
 <GBSeq_organism>Frankia sp.</GBSeq_organism>
 <GBSeq_organism>Nakamurella multipartita DSM 44233</GBSeq_organism>
 <GBSeq_organism>Frankia sp.</GBSeq_organism>
 <GBSeq_organism>Blastococcus aggregatus</GBSeq_organism>
 <GBSeq_organism>Frankia sp. MpI1</GBSeq_organism>
 <GBSeq_organism>Kineosporia aurantiaca</GBSeq_organism>
