 <GBSeq_organism>Psychrobacter faecalis</GBSeq_organism>
 <GBSeq_organism>Psychrobacter piscatorii</GBSeq_organism>
 <GBSeq_organism>Psychrobacter namhaensis</GBSeq_organism>
 <GBSeq_organism>Psychrobacter urativorans</GBSeq_organism>
 <GBSeq_organism>Psychrobacter fozii</GBSeq_organism>
 <GBSeq_organism>Psychrobacter arcticus 273-4</GBSeq_organism>
 <GBSeq_organism>Psychrobacter frigidicola</GBSeq_organism>
 <GBSeq_organism>Psychrobacter cryohalolentis K5</GBSeq_organism>
 <GBSeq_organism>Psychrobacter jeotgali</GBSeq_organism>
 <GBSeq_organism>Psychrobacter cibarius</GBSeq_organism>
 <GBSeq_organism>Psychrobacter proteolyticus</GBSeq_organism>
 <GBSeq_organism>Psychrobacter luti</GBSeq_organism>
 <GBSeq_organism>Psychrobacter phenylpyruvicus</GBSeq_organism>
 <GBSeq_organism>Psychrobacter maritimus</GBSeq_organism>
 <GBSeq_organism>Psychrobacter immobilis</GBSeq_organism>
 <GBSeq_organism>Psychrobacter submarinus</GBSeq_organism>
 <GBSeq_organism>Psychrobacter aquaticus CMS 56</GBSeq_organism>
 <GBSeq_organism>Psychrobacter alimentarius</GBSeq_organism>
 <GBSeq_organism>Psychrobacter aquimaris</GBSeq_organism>
 <GBSeq_organism>Psychrobacter glacincola</GBSeq_organism>
 <GBSeq_organism>Psychrobacter marincola</GBSeq_organism>
