 <GBSeq_organism>Microbulbifer hydrolyticus</GBSeq_organism>
 <GBSeq_organism>symbiont LP3 of Lyrodus pedicellatus</GBSeq_organism>
 <GBSeq_organism>Candidatus Endobugula glebosa</GBSeq_organism>
 <GBSeq_organism>Microbulbifer cystodytense</GBSeq_organism>
 <GBSeq_organism>unclassified Pseudomonadales</GBSeq_organism>
 <GBSeq_organism>Cellvibrio mixtus subsp. mixtus</GBSeq_organism>
 <GBSeq_organism>Microbulbifer maritimus</GBSeq_organism>
 <GBSeq_organism>Candidatus Endobugula sertula</GBSeq_organism>
 <GBSeq_organism>symbiont LP2 of Lyrodus pedicellatus</GBSeq_organism>
 <GBSeq_organism>Microbulbifer arenaceous</GBSeq_organism>
 <GBSeq_organism>Candidatus Endobugula sertula</GBSeq_organism>
 <GBSeq_organism>Microbulbifer variabilis</GBSeq_organism>
 <GBSeq_organism>Alcanivorax venustensis ISO4</GBSeq_organism>
 <GBSeq_organism>Microbulbifer salipaludis</GBSeq_organism>
 <GBSeq_organism>uncultured gamma proteobacterium</GBSeq_organism>
 <GBSeq_organism>Teredinibacter turnerae</GBSeq_organism>
 <GBSeq_organism>Candidatus Endobugula sertula</GBSeq_organism>
 <GBSeq_organism>Saccharophagus degradans 2-40</GBSeq_organism>
 <GBSeq_organism>Alcanivorax borkumensis SK2</GBSeq_organism>
 <GBSeq_organism>symbiont LP1 of Lyrodus pedicellatus</GBSeq_organism>
