 <GBSeq_organism>Streptomyces cellulosae</GBSeq_organism>
 <GBSeq_organism>Streptomyces roseiscleroticus</GBSeq_organism>
 <GBSeq_organism>Streptomyces violarus</GBSeq_organism>
 <GBSeq_organism>Streptomyces lincolnensis</GBSeq_organism>
 <GBSeq_organism>Streptomyces albogriseolus</GBSeq_organism>
 <GBSeq_organism>Streptomyces bellus</GBSeq_organism>
 <GBSeq_organism>Streptomyces bluensis</GBSeq_organism>
 <GBSeq_organism>Streptomyces alboflavus</GBSeq_organism>
 <GBSeq_organism>Streptomyces albus subsp. albus</GBSeq_organism>
 <GBSeq_organism>Streptomyces rubrogriseus</GBSeq_organism>
 <GBSeq_organism>Streptomyces flaveus</GBSeq_organism>
 <GBSeq_organism>Streptomyces mashuensis</GBSeq_organism>
 <GBSeq_organism>Streptomyces sparsogenes</GBSeq_organism>
 <GBSeq_organism>Streptomyces carpinensis</GBSeq_organism>
 <GBSeq_organism>Streptomyces cyaneus</GBSeq_organism>
 <GBSeq_organism>Streptomyces poonensis</GBSeq_organism>
 <GBSeq_organism>Streptomyces flavoviridis</GBSeq_organism>
 <GBSeq_organism>Streptomyces pactum</GBSeq_organism>
 <GBSeq_organism>Streptomyces ochraceiscleroticus</GBSeq_organism>
 <GBSeq_organism>Streptomyces rimosus subsp. rimosus</GBSeq_organism>
 <GBSeq_organism>Streptomyces glauciniger</GBSeq_organism>
 <GBSeq_organism>Streptomyces acidiscabies</GBSeq_organism>
 <GBSeq_organism>Streptomyces speibonae</GBSeq_organism>
 <GBSeq_organism>Streptomyces lavendulae subsp. lavendulae</GBSeq_organism>
 <GBSeq_organism>Streptomyces ruber</GBSeq_organism>
 <GBSeq_organism>Streptomyces fimbriatus</GBSeq_organism>
 <GBSeq_organism>Streptomyces hebeiensis</GBSeq_organism>
 <GBSeq_organism>Streptomyces rubiginosus</GBSeq_organism>
 <GBSeq_organism>Streptomyces synnematoformans</GBSeq_organism>
 <GBSeq_organism>Streptomyces armeniacus</GBSeq_organism>
 <GBSeq_organism>Streptomyces coeruleofuscus</GBSeq_organism>
 <GBSeq_organism>Streptomyces thermocarboxydovorans</GBSeq_organism>
 <GBSeq_organism>Streptomyces xinjiangensis</GBSeq_organism>
 <GBSeq_organism>Shigella flexneri</GBSeq_organism>
