 <GBSeq_organism>Pseudoalteromonas phenolica</GBSeq_organism>
 <GBSeq_organism>Pseudoalteromonas aurantia</GBSeq_organism>
 <GBSeq_organism>Pseudoalteromonas antarctica</GBSeq_organism>
 <GBSeq_organism>Pseudoalteromonas carrageenovora</GBSeq_organism>
 <GBSeq_organism>Pseudoalteromonas undina</GBSeq_organism>
 <GBSeq_organism>Pseudoalteromonas peptidolytica</GBSeq_organism>
 <GBSeq_organism>Pseudoalteromonas ruthenica</GBSeq_organism>
 <GBSeq_organism>Pseudoalteromonas citrea</GBSeq_organism>
 <GBSeq_organism>Pseudoalteromonas rubra ATCC 29570</GBSeq_organism>
 <GBSeq_organism>Algicola bacteriolytica</GBSeq_organism>
 <GBSeq_organism>Pseudoalteromonas maricaloris</GBSeq_organism>
 <GBSeq_organism>Pseudoalteromonas espejiana</GBSeq_organism>
 <GBSeq_organism>Pseudoalteromonas denitrificans</GBSeq_organism>
 <GBSeq_organism>Pseudoalteromonas atlantica</GBSeq_organism>
 <GBSeq_organism>Pseudoalteromonas haloplanktis</GBSeq_organism>
 <GBSeq_organism>Pseudoalteromonas luteoviolacea</GBSeq_organism>
 <GBSeq_organism>Pseudoalteromonas flavipulchra</GBSeq_organism>
 <GBSeq_organism>Alteromonas macleodii</GBSeq_organism>
 <GBSeq_organism>Pseudoalteromonas ulvae</GBSeq_organism>
 <GBSeq_organism>Pseudoalteromonas piscicida</GBSeq_organism>
