 <GBSeq_organism>Shewanella sairae</GBSeq_organism>
 <GBSeq_organism>Shewanella fidelis</GBSeq_organism>
 <GBSeq_organism>Shewanella marinintestina</GBSeq_organism>
 <GBSeq_organism>Shewanella psychrophila</GBSeq_organism>
 <GBSeq_organism>Shewanella livingstonensis</GBSeq_organism>
 <GBSeq_organism>Shewanella gelidimarina</GBSeq_organism>
 <GBSeq_organism>Shewanella amazonensis SB2B</GBSeq_organism>
 <GBSeq_organism>Shewanella halifaxensis HAW-EB4</GBSeq_organism>
 <GBSeq_organism>Shewanella vesiculosa</GBSeq_organism>
 <GBSeq_organism>Shewanella canadensis</GBSeq_organism>
 <GBSeq_organism>Shewanella loihica PV-4</GBSeq_organism>
 <GBSeq_organism>Shewanella atlantica</GBSeq_organism>
 <GBSeq_organism>Shewanella colwelliana</GBSeq_organism>
 <GBSeq_organism>Shewanella piezotolerans WP3</GBSeq_organism>
 <GBSeq_organism>Shewanella decolorationis S12</GBSeq_organism>
 <GBSeq_organism>Shewanella denitrificans OS217</GBSeq_organism>
 <GBSeq_organism>Shewanella sediminis</GBSeq_organism>
 <GBSeq_organism>Shewanella algae</GBSeq_organism>
 <GBSeq_organism>Shewanella woodyi ATCC 51908</GBSeq_organism>
 <GBSeq_organism>Shewanella hafniensis</GBSeq_organism>
 <GBSeq_organism>Shewanella frigidimarina</GBSeq_organism>
 <GBSeq_organism>Shewanella pealeana</GBSeq_organism>
