 <GBSeq_organism>Dickeya chrysanthemi</GBSeq_organism>
 <GBSeq_organism>Biostraticola tofi</GBSeq_organism>
 <GBSeq_organism>Nicoletella semolina</GBSeq_organism>
 <GBSeq_organism>Bibersteinia trehalosi</GBSeq_organism>
 <GBSeq_organism>Cedecea davisae DSM 4568</GBSeq_organism>
 <GBSeq_organism>Mannheimia haemolytica</GBSeq_organism>
 <GBSeq_organism>Pantoea agglomerans</GBSeq_organism>
 <GBSeq_organism>Avibacterium gallinarum</GBSeq_organism>
 <GBSeq_organism>Todaropsis eblanae</GBSeq_organism>
 <GBSeq_organism>Vibrio furnissii</GBSeq_organism>
 <GBSeq_organism>Moellerella wisconsensis</GBSeq_organism>
 <GBSeq_organism>Volucribacter psittacicida</GBSeq_organism>
 <GBSeq_organism>Lonepinella koalarum</GBSeq_organism>
 <GBSeq_organism>Histophilus somni</GBSeq_organism>
 <GBSeq_organism>Klebsiella pneumoniae</GBSeq_organism>
 <GBSeq_organism>Budvicia aquatica DSM 5075 = ATCC 35567</GBSeq_organism>
 <GBSeq_organism>Shigella dysenteriae</GBSeq_organism>
 <GBSeq_organism>Brenneria salicis ATCC 15712</GBSeq_organism>
 <GBSeq_organism>Serratia marcescens subsp. marcescens ATCC 13880</GBSeq_organism>
 <GBSeq_organism>Leminorella grimontii ATCC 33999 = DSM 5078</GBSeq_organism>
 <GBSeq_organism>Pectobacterium carotovorum</GBSeq_organism>
 <GBSeq_organism>Yersinia pestis</GBSeq_organism>
 <GBSeq_organism>Aggregatibacter actinomycetemcomitans</GBSeq_organism>
 <GBSeq_organism>Morganella morganii subsp. morganii</GBSeq_organism>
 <GBSeq_organism>Phocoenobacter uteri</GBSeq_organism>
 <GBSeq_organism>Haemophilus influenzae</GBSeq_organism>
 <GBSeq_organism>Proteus vulgaris</GBSeq_organism>
 <GBSeq_organism>Actinobacillus lignieresii</GBSeq_organism>
 <GBSeq_organism>Citrobacter freundii ATCC 8090 = MTCC 1658</GBSeq_organism>
