 <GBSeq_organism>Streptomyces violarus</GBSeq_organism>
 <GBSeq_organism>Streptomyces bikiniensis</GBSeq_organism>
 <GBSeq_organism>Streptomyces arenae</GBSeq_organism>
 <GBSeq_organism>Streptomyces caelestis</GBSeq_organism>
 <GBSeq_organism>Streptomyces aureofaciens</GBSeq_organism>
 <GBSeq_organism>Streptomyces griseus subsp. griseus</GBSeq_organism>
 <GBSeq_organism>Streptomyces bluensis</GBSeq_organism>
 <GBSeq_organism>Streptomyces griseocarneus</GBSeq_organism>
 <GBSeq_organism>Streptomyces peucetius</GBSeq_organism>
 <GBSeq_organism>Actinomadura hibisca</GBSeq_organism>
 <GBSeq_organism>Streptomyces thermodiastaticus</GBSeq_organism>
 <GBSeq_organism>Streptomyces griseochromogenes</GBSeq_organism>
 <GBSeq_organism>Streptomyces violaceusniger</GBSeq_organism>
 <GBSeq_organism>Streptomyces subrutilus</GBSeq_organism>
 <GBSeq_organism>Streptomyces venezuelae</GBSeq_organism>
 <GBSeq_organism>Streptomyces nogalater</GBSeq_organism>
 <GBSeq_organism>Streptomyces galbus</GBSeq_organism>
 <GBSeq_organism>Streptomyces fumanus</GBSeq_organism>
 <GBSeq_organism>Streptomyces cyaneus</GBSeq_organism>
 <GBSeq_organism>Streptomyces afghaniensis</GBSeq_organism>
 <GBSeq_organism>Streptomyces longisporus</GBSeq_organism>
 <GBSeq_organism>Streptomyces coeruleofuscus</GBSeq_organism>
 <GBSeq_organism>Streptomyces bottropensis ATCC 25435</GBSeq_organism>
 <GBSeq_organism>Streptomyces africanus</GBSeq_organism>
 <GBSeq_organism>Streptomyces ambofaciens</GBSeq_organism>
 <GBSeq_organism>Streptomyces tendae</GBSeq_organism>
 <GBSeq_organism>Streptomyces albus subsp. albus</GBSeq_organism>
 <GBSeq_organism>Streptomyces violaceus</GBSeq_organism>
 <GBSeq_organism>Streptomyces lanatus</GBSeq_organism>
 <GBSeq_organism>Streptomyces lydicus</GBSeq_organism>
