 <GBSeq_organism>Streptomyces sindenensis</GBSeq_organism>
 <GBSeq_organism>Streptomyces atroolivaceus</GBSeq_organism>
 <GBSeq_organism>Streptomyces clavifer</GBSeq_organism>
 <GBSeq_organism>Streptomyces albidoflavus</GBSeq_organism>
 <GBSeq_organism>Streptomyces microflavus</GBSeq_organism>
 <GBSeq_organism>Streptomyces aureus</GBSeq_organism>
 <GBSeq_organism>Streptomyces virginiae</GBSeq_organism>
 <GBSeq_organism>Streptomyces niveus</GBSeq_organism>
 <GBSeq_organism>Streptomyces spororaveus</GBSeq_organism>
 <GBSeq_organism>Streptomyces pulveraceus</GBSeq_organism>
 <GBSeq_organism>Streptomyces bacillaris</GBSeq_organism>
 <GBSeq_organism>Streptomyces albovinaceus</GBSeq_organism>
 <GBSeq_organism>Streptomyces vinaceus</GBSeq_organism>
 <GBSeq_organism>Streptomyces fimicarius</GBSeq_organism>
 <GBSeq_organism>Streptomyces cyaneus</GBSeq_organism>
 <GBSeq_organism>Streptomyces kanamyceticus</GBSeq_organism>
 <GBSeq_organism>Streptomyces argenteolus</GBSeq_organism>
 <GBSeq_organism>Streptomyces anulatus</GBSeq_organism>
 <GBSeq_organism>Streptomyces peucetius</GBSeq_organism>
 <GBSeq_organism>Streptomyces badius</GBSeq_organism>
 <GBSeq_organism>Streptomyces spiroverticillatus</GBSeq_organism>
 <GBSeq_organism>Streptomyces nojiriensis</GBSeq_organism>
 <GBSeq_organism>Streptomyces cinereorectus</GBSeq_organism>
 <GBSeq_organism>Streptomyces bobili</GBSeq_organism>
 <GBSeq_organism>Streptomyces caniferus</GBSeq_organism>
 <GBSeq_organism>Streptomyces mauvecolor</GBSeq_organism>
 <GBSeq_organism>Streptomyces cirratus</GBSeq_organism>
 <GBSeq_organism>Streptomyces cremeus</GBSeq_organism>
 <GBSeq_organism>Streptomyces alboviridis</GBSeq_organism>
 <GBSeq_organism>Streptomyces exfoliatus</GBSeq_organism>
