 <GBSeq_organism>Auriculibuller fuscus</GBSeq_organism>
 <GBSeq_organism>Cryptococcus sp. CBS 8372</GBSeq_organism>
 <GBSeq_organism>Sirobasidium intermedium</GBSeq_organism>
 <GBSeq_organism>Cryptococcus perniciosus</GBSeq_organism>
 <GBSeq_organism>Tremella nivalis</GBSeq_organism>
 <GBSeq_organism>Cryptococcus sp. CBS 7890</GBSeq_organism>
 <GBSeq_organism>Cryptococcus carnescens</GBSeq_organism>
 <GBSeq_organism>Tremella exigua</GBSeq_organism>
 <GBSeq_organism>Bullera japonica</GBSeq_organism>
 <GBSeq_organism>Cryptococcus dimennae</GBSeq_organism>
 <GBSeq_organism>Filobasidium capsuligenum</GBSeq_organism>
 <GBSeq_organism>Cryptococcus nemorosus</GBSeq_organism>
 <GBSeq_organism>Bandoniozyma noutii</GBSeq_organism>
 <GBSeq_organism>Papiliotrema bandonii</GBSeq_organism>
 <GBSeq_organism>Cryptococcus victoriae</GBSeq_organism>
 <GBSeq_organism>Cryptococcus aureus</GBSeq_organism>
 <GBSeq_organism>Bulleromyces albus</GBSeq_organism>
 <GBSeq_organism>Cryptococcus laurentii</GBSeq_organism>
 <GBSeq_organism>Cryptococcus allantoinivorans</GBSeq_organism>
 <GBSeq_organism>Cryptococcus sp. CBS 8358</GBSeq_organism>
 <GBSeq_organism>Cryptococcus cellulolyticus</GBSeq_organism>
 <GBSeq_organism>Bandoniozyma tunnelae</GBSeq_organism>
 <GBSeq_organism>Cryptococcus psychrotolerans</GBSeq_organism>
 <GBSeq_organism>Trimorphomyces papilionaceus</GBSeq_organism>
 <GBSeq_organism>Bullera unica</GBSeq_organism>
