 <GBSeq_organism>Camptobasidium hydrophilum</GBSeq_organism>
 <GBSeq_organism>Rhodotorula sp. Rup1A</GBSeq_organism>
 <GBSeq_organism>Rhodotorula psychrophenolica</GBSeq_organism>
 <GBSeq_organism>Rhodotorula sp. SDY 147</GBSeq_organism>
 <GBSeq_organism>Rhodotorula psychrophenolica</GBSeq_organism>
 <GBSeq_organism>Rhodotorula yarrowii</GBSeq_organism>
 <GBSeq_organism>Rhodotorula psychrophila</GBSeq_organism>
 <GBSeq_organism>Rhodotorula glacialis</GBSeq_organism>
 <GBSeq_organism>Microbotryum cordae</GBSeq_organism>
 <GBSeq_organism>Rhodotorula auriculariae</GBSeq_organism>
 <GBSeq_organism>Glaciozyma martinii</GBSeq_organism>
 <GBSeq_organism>Rhodotorula glacialis</GBSeq_organism>
 <GBSeq_organism>Occultifur externus</GBSeq_organism>
 <GBSeq_organism>Kriegeria eriophori</GBSeq_organism>
 <GBSeq_organism>Rhodotorula minuta</GBSeq_organism>
 <GBSeq_organism>Rhodotorula bogoriensis</GBSeq_organism>
 <GBSeq_organism>Rhodotorula sp. Rup3A</GBSeq_organism>
 <GBSeq_organism>Rhodotorula glacialis</GBSeq_organism>
 <GBSeq_organism>Bensingtonia yamatoana</GBSeq_organism>
 <GBSeq_organism>Rhodotorula sp. Rup1B</GBSeq_organism>
 <GBSeq_organism>Rhodotorula psychrophila</GBSeq_organism>
 <GBSeq_organism>Rhodotorula ferulica</GBSeq_organism>
 <GBSeq_organism>Sporobolomyces griseoflavus</GBSeq_organism>
 <GBSeq_organism>Rhodotorula sp. Rup4B</GBSeq_organism>
 <GBSeq_organism>Sporobolomyces fushanensis</GBSeq_organism>
 <GBSeq_organism>Rhodotorula lignophila</GBSeq_organism>
 <GBSeq_organism>Rhodotorula pilatii</GBSeq_organism>
 <GBSeq_organism>Rhodotorula psychrophila</GBSeq_organism>
 <GBSeq_organism>Rhodotorula glacialis</GBSeq_organism>
 <GBSeq_organism>Glaciozyma antarctica</GBSeq_organism>
 <GBSeq_organism>Leucosporidium scottii</GBSeq_organism>
 <GBSeq_organism>Rhodotorula psychrophenolica</GBSeq_organism>
 <GBSeq_organism>Rhodotorula glacialis</GBSeq_organism>
