 <GBSeq_organism>Pseudomonas peli</GBSeq_organism>
 <GBSeq_organism>Pseudomonas borbori</GBSeq_organism>
 <GBSeq_organism>Pseudomonas borbori</GBSeq_organism>
 <GBSeq_organism>Pseudomonas veronii</GBSeq_organism>
 <GBSeq_organism>Pseudomonas borbori</GBSeq_organism>
 <GBSeq_organism>Pseudomonas cedrina</GBSeq_organism>
 <GBSeq_organism>Pseudomonas brassicacearum</GBSeq_organism>
 <GBSeq_organism>Pseudomonas borbori</GBSeq_organism>
 <GBSeq_organism>Pseudomonas borbori</GBSeq_organism>
 <GBSeq_organism>Pseudomonas azotoformans</GBSeq_organism>
 <GBSeq_organism>Pseudomonas borbori</GBSeq_organism>
 <GBSeq_organism>Pseudomonas borbori</GBSeq_organism>
 <GBSeq_organism>Pseudomonas borbori</GBSeq_organism>
 <GBSeq_organism>Pseudomonas argentinensis</GBSeq_organism>
 <GBSeq_organism>Pseudomonas corrugata</GBSeq_organism>
 <GBSeq_organism>Pseudomonas migulae</GBSeq_organism>
 <GBSeq_organism>Pseudomonas oleovorans</GBSeq_organism>
 <GBSeq_organism>Pseudomonas orientalis</GBSeq_organism>
 <GBSeq_organism>Pseudomonas kilonensis</GBSeq_organism>
 <GBSeq_organism>Pseudomonas migulae</GBSeq_organism>
 <GBSeq_organism>Pseudomonas migulae</GBSeq_organism>
 <GBSeq_organism>Pseudomonas alcaligenes</GBSeq_organism>
 <GBSeq_organism>Pseudomonas mandelii</GBSeq_organism>
 <GBSeq_organism>Pseudomonas borbori</GBSeq_organism>
 <GBSeq_organism>Pseudomonas borbori</GBSeq_organism>
 <GBSeq_organism>Pseudomonas flavescens</GBSeq_organism>
 <GBSeq_organism>Pseudomonas fluorescens</GBSeq_organism>
 <GBSeq_organism>Pseudomonas nitroreducens</GBSeq_organism>
 <GBSeq_organism>Pseudomonas straminea</GBSeq_organism>
 <GBSeq_organism>Pseudomonas synxantha</GBSeq_organism>
 <GBSeq_organism>Pseudomonas peli</GBSeq_organism>
 <GBSeq_organism>Pseudomonas mendocina</GBSeq_organism>
 <GBSeq_organism>Pseudomonas tolaasii</GBSeq_organism>
 <GBSeq_organism>Pseudomonas migulae</GBSeq_organism>
