 <GBSeq_organism>Arthrobacter citreus</GBSeq_organism>
 <GBSeq_organism>Arthrobacter agilis</GBSeq_organism>
 <GBSeq_organism>Arthrobacter oxydans</GBSeq_organism>
 <GBSeq_organism>Arthrobacter parietis</GBSeq_organism>
 <GBSeq_organism>Arthrobacter monumenti</GBSeq_organism>
 <GBSeq_organism>Arthrobacter albus</GBSeq_organism>
 <GBSeq_organism>Arthrobacter ardleyensis</GBSeq_organism>
 <GBSeq_organism>Arthrobacter tecti</GBSeq_organism>
 <GBSeq_organism>Arthrobacter castelli</GBSeq_organism>
 <GBSeq_organism>Arthrobacter stackebrandtii</GBSeq_organism>
 <GBSeq_organism>Arthrobacter luteolus</GBSeq_organism>
 <GBSeq_organism>Arthrobacter chlorophenolicus</GBSeq_organism>
 <GBSeq_organism>Arthrobacter psychrolactophilus</GBSeq_organism>
 <GBSeq_organism>Arthrobacter pigmenti</GBSeq_organism>
 <GBSeq_organism>Arthrobacter defluvii</GBSeq_organism>
 <GBSeq_organism>Arthrobacter nicotinovorans</GBSeq_organism>
 <GBSeq_organism>Arthrobacter defluvii</GBSeq_organism>
 <GBSeq_organism>Arthrobacter pascens</GBSeq_organism>
 <GBSeq_organism>Arthrobacter roseus</GBSeq_organism>
 <GBSeq_organism>Arthrobacter sulfonivorans</GBSeq_organism>
 <GBSeq_organism>Arthrobacter polychromogenes</GBSeq_organism>
 <GBSeq_organism>Arthrobacter cumminsii</GBSeq_organism>
 <GBSeq_organism>Arthrobacter tumbae</GBSeq_organism>
 <GBSeq_organism>Arthrobacter arilaitensis Re117</GBSeq_organism>
 <GBSeq_organism>Arthrobacter aurescens</GBSeq_organism>
 <GBSeq_organism>Arthrobacter globiformis</GBSeq_organism>
 <GBSeq_organism>Arthrobacter bergerei</GBSeq_organism>
 <GBSeq_organism>Arthrobacter scleromae</GBSeq_organism>
