 <GBSeq_organism>Micrococcus luteus</GBSeq_organism>
 <GBSeq_organism>Demequina oxidasica</GBSeq_organism>
 <GBSeq_organism>Georgenia muralis</GBSeq_organism>
 <GBSeq_organism>Luteimicrobium subarcticum</GBSeq_organism>
 <GBSeq_organism>Demequina salsinemoris</GBSeq_organism>
 <GBSeq_organism>Tropheryma whipplei str. Twist</GBSeq_organism>
 <GBSeq_organism>Dermacoccus nishinomiyaensis</GBSeq_organism>
 <GBSeq_organism>Beutenbergia cavernae DSM 12333</GBSeq_organism>
 <GBSeq_organism>Yaniella halotolerans</GBSeq_organism>
 <GBSeq_organism>Oerskovia turbata NBRC 15015</GBSeq_organism>
 <GBSeq_organism>Brevibacterium linens</GBSeq_organism>
 <GBSeq_organism>Leifsonia aquatica</GBSeq_organism>
 <GBSeq_organism>Cellulomonas terrae</GBSeq_organism>
 <GBSeq_organism>Paraoerskovia marina</GBSeq_organism>
 <GBSeq_organism>Actinotalea fermentans ATCC 43279 = JCM 9966 = DSM 3133</GBSeq_organism>
 <GBSeq_organism>Leucobacter komagatae</GBSeq_organism>
 <GBSeq_organism>Intrasporangium calvum DSM 43043</GBSeq_organism>
 <GBSeq_organism>Demequina aurantiaca</GBSeq_organism>
 <GBSeq_organism>Jonesia denitrificans DSM 20603</GBSeq_organism>
 <GBSeq_organism>Cellulomonas denverensis</GBSeq_organism>
 <GBSeq_organism>Microbacterium lacticum</GBSeq_organism>
 <GBSeq_organism>Oerskovia enterophila</GBSeq_organism>
 <GBSeq_organism>Dermatophilus congolensis DSM 44180 = NBRC 105199</GBSeq_organism>
 <GBSeq_organism>Agrococcus jenensis</GBSeq_organism>
 <GBSeq_organism>Promicromonospora citrea</GBSeq_organism>
 <GBSeq_organism>Demequina globuliformis</GBSeq_organism>
 <GBSeq_organism>Cellulomonas flavigena DSM 20109</GBSeq_organism>
 <GBSeq_organism>Kineosporia aurantiaca</GBSeq_organism>
 <GBSeq_organism>Sanguibacter keddieii DSM 10542</GBSeq_organism>
