 <GBSeq_organism>Xylanimicrobium pachnodae</GBSeq_organism>
 <GBSeq_organism>Salana multivorans</GBSeq_organism>
 <GBSeq_organism>Sanguibacter marinus</GBSeq_organism>
 <GBSeq_organism>Rarobacter incanus</GBSeq_organism>
 <GBSeq_organism>Georgenia muralis</GBSeq_organism>
 <GBSeq_organism>Georgenia thermotolerans</GBSeq_organism>
 <GBSeq_organism>Isoptericola variabilis</GBSeq_organism>
 <GBSeq_organism>Myceligenerans xiligouense</GBSeq_organism>
 <GBSeq_organism>Beutenbergia cavernae DSM 12333</GBSeq_organism>
 <GBSeq_organism>Oerskovia turbata NBRC 15015</GBSeq_organism>
 <GBSeq_organism>Xylanimonas cellulosilytica DSM 15894</GBSeq_organism>
 <GBSeq_organism>Cellulomonas flavigena DSM 20109</GBSeq_organism>
 <GBSeq_organism>Cellulosimicrobium cellulans</GBSeq_organism>
 <GBSeq_organism>Actinotalea fermentans ATCC 43279 = JCM 9966 = DSM 3133</GBSeq_organism>
 <GBSeq_organism>Cellulomonas uda</GBSeq_organism>
 <GBSeq_organism>Oerskovia enterophila</GBSeq_organism>
 <GBSeq_organism>Xylanibacterium ulmi</GBSeq_organism>
 <GBSeq_organism>Promicromonospora citrea</GBSeq_organism>
 <GBSeq_organism>Serinibacter salmoneus</GBSeq_organism>
 <GBSeq_organism>Cellulomonas cellasea DSM 20118</GBSeq_organism>
 <GBSeq_organism>Sanguibacter keddieii DSM 10542</GBSeq_organism>
