 <GBSeq_organism>Caryophanon tenue</GBSeq_organism>
 <GBSeq_organism>Planomicrobium koreense</GBSeq_organism>
 <GBSeq_organism>Psychrobacillus psychrodurans</GBSeq_organism>
 <GBSeq_organism>Viridibacillus arvi</GBSeq_organism>
 <GBSeq_organism>Rummeliibacillus pycnus</GBSeq_organism>
 <GBSeq_organism>Lysinibacillus massiliensis 4400831 = CIP 108448 = CCUG 49529</GBSeq_organism>
 <GBSeq_organism>Viridibacillus neidei</GBSeq_organism>
 <GBSeq_organism>Lysinibacillus fusiformis</GBSeq_organism>
 <GBSeq_organism>Filibacter limicola</GBSeq_organism>
 <GBSeq_organism>Psychrobacillus psychrotolerans</GBSeq_organism>
 <GBSeq_organism>Viridibacillus arenosi</GBSeq_organism>
 <GBSeq_organism>Bacillus amyloliquefaciens</GBSeq_organism>
 <GBSeq_organism>Kurthia zopfii</GBSeq_organism>
 <GBSeq_organism>Sporosarcina ureae</GBSeq_organism>
 <GBSeq_organism>Kurthia gibsonii</GBSeq_organism>
 <GBSeq_organism>Solibacillus silvestris</GBSeq_organism>
 <GBSeq_organism>Lysinibacillus sphaericus</GBSeq_organism>
 <GBSeq_organism>Planococcus citreus</GBSeq_organism>
 <GBSeq_organism>Bacillus licheniformis</GBSeq_organism>
 <GBSeq_organism>Psychrobacillus insolitus</GBSeq_organism>
 <GBSeq_organism>Caryophanon latum</GBSeq_organism>
 <GBSeq_organism>Lysinibacillus odysseyi</GBSeq_organism>
