 <GBSeq_organism>Microbulbifer thermotolerans</GBSeq_organism>
 <GBSeq_organism>Pseudomonas balearica</GBSeq_organism>
 <GBSeq_organism>Marinimicrobium koreense</GBSeq_organism>
 <GBSeq_organism>Cellvibrio fibrivorans</GBSeq_organism>
 <GBSeq_organism>Simiduia agarivorans SA1 = DSM 21679</GBSeq_organism>
 <GBSeq_organism>Spongiispira norvegica DSM 17749</GBSeq_organism>
 <GBSeq_organism>Nitrincola lacisaponensis</GBSeq_organism>
 <GBSeq_organism>Microbulbifer hydrolyticus</GBSeq_organism>
 <GBSeq_organism>Microbulbifer elongatus</GBSeq_organism>
 <GBSeq_organism>Cellvibrio fulvus</GBSeq_organism>
 <GBSeq_organism>Microbulbifer donghaiensis</GBSeq_organism>
 <GBSeq_organism>Microbulbifer salipaludis</GBSeq_organism>
 <GBSeq_organism>Cellvibrio japonicus</GBSeq_organism>
 <GBSeq_organism>Microbulbifer agarilyticus</GBSeq_organism>
 <GBSeq_organism>Microbulbifer celer</GBSeq_organism>
 <GBSeq_organism>Oceaniserpentilla haliotis</GBSeq_organism>
 <GBSeq_organism>Teredinibacter turnerae</GBSeq_organism>
 <GBSeq_organism>Melitea salexigens</GBSeq_organism>
 <GBSeq_organism>Neptuniibacter caesariensis</GBSeq_organism>
 <GBSeq_organism>Microbulbifer halophilus</GBSeq_organism>
 <GBSeq_organism>Pseudoteredinibacter isoporae</GBSeq_organism>
