 <GBSeq_organism>Streptomyces ardus</GBSeq_organism>
 <GBSeq_organism>Streptomyces viridochromogenes subsp. komabensis</GBSeq_organism>
 <GBSeq_organism>Streptomyces lincolnensis</GBSeq_organism>
 <GBSeq_organism>Streptomyces glomeroaurantiacus</GBSeq_organism>
 <GBSeq_organism>Streptomyces resistomycificus</GBSeq_organism>
 <GBSeq_organism>Streptomyces galilaeus</GBSeq_organism>
 <GBSeq_organism>Streptomyces tumescens</GBSeq_organism>
 <GBSeq_organism>Streptomyces rameus</GBSeq_organism>
 <GBSeq_organism>Streptomyces chartreusis</GBSeq_organism>
 <GBSeq_organism>Streptomyces galbus</GBSeq_organism>
 <GBSeq_organism>Streptomyces alboniger</GBSeq_organism>
 <GBSeq_organism>Streptomyces longwoodensis</GBSeq_organism>
 <GBSeq_organism>Streptomyces olivochromogenes</GBSeq_organism>
 <GBSeq_organism>Streptomyces indigocolor</GBSeq_organism>
 <GBSeq_organism>Streptomyces cyaneus</GBSeq_organism>
 <GBSeq_organism>Streptomyces corchorusii</GBSeq_organism>
 <GBSeq_organism>Streptomyces hygroscopicus subsp. limoneus</GBSeq_organism>
 <GBSeq_organism>Streptomyces griseus</GBSeq_organism>
 <GBSeq_organism>Streptomyces curacoi</GBSeq_organism>
 <GBSeq_organism>Streptomyces mirabilis</GBSeq_organism>
 <GBSeq_organism>Streptomyces kunmingensis</GBSeq_organism>
