 <GBSeq_organism>Halorubrum aidingense JCM 13560</GBSeq_organism>
 <GBSeq_organism>Halorubrum sodomense</GBSeq_organism>
 <GBSeq_organism>Halorubrum trapanicum</GBSeq_organism>
 <GBSeq_organism>Halorubrum alkaliphilum</GBSeq_organism>
 <GBSeq_organism>Halorubrum tibetense</GBSeq_organism>
 <GBSeq_organism>Halorubrum terrestre</GBSeq_organism>
 <GBSeq_organism>Halorubrum distributum</GBSeq_organism>
 <GBSeq_organism>Halorubrum tebenquichense</GBSeq_organism>
 <GBSeq_organism>Halorubrum californiense</GBSeq_organism>
 <GBSeq_organism>Halorubrum ezzemoulense</GBSeq_organism>
 <GBSeq_organism>Halorubrum ejinorense</GBSeq_organism>
 <GBSeq_organism>Halobaculum gomorrense</GBSeq_organism>
 <GBSeq_organism>Halorubrum lipolyticum</GBSeq_organism>
 <GBSeq_organism>Halorubrum saccharovorum</GBSeq_organism>
 <GBSeq_organism>Halogeometricum borinquense DSM 11551</GBSeq_organism>
 <GBSeq_organism>Halorubrum orientale</GBSeq_organism>
 <GBSeq_organism>Halorubrum vacuolatum</GBSeq_organism>
 <GBSeq_organism>Halorubrum lacusprofundi ATCC 49239</GBSeq_organism>
 <GBSeq_organism>Halorubrum litoreum</GBSeq_organism>
 <GBSeq_organism>Haloferax volcanii</GBSeq_organism>
 <GBSeq_organism>Halorubrum coriense</GBSeq_organism>
 <GBSeq_organism>Halorubrum xinjiangense</GBSeq_organism>
