 <GBSeq_organism>Novosphingobium lentum NBRC 107847</GBSeq_organism>
 <GBSeq_organism>Sphingobium yanoikuyae</GBSeq_organism>
 <GBSeq_organism>Sphingomonas paucimobilis</GBSeq_organism>
 <GBSeq_organism>Sphingopyxis flavimaris</GBSeq_organism>
 <GBSeq_organism>Sphingomonas pruni</GBSeq_organism>
 <GBSeq_organism>Sphingobium chlorophenolicum</GBSeq_organism>
 <GBSeq_organism>Sphingopyxis terrae</GBSeq_organism>
 <GBSeq_organism>Sphingomonas trueperi</GBSeq_organism>
 <GBSeq_organism>Porphyrobacter neustonensis</GBSeq_organism>
 <GBSeq_organism>Blastomonas natatoria</GBSeq_organism>
 <GBSeq_organism>Sphingopyxis macrogoltabida</GBSeq_organism>
 <GBSeq_organism>Sphingomonas mali</GBSeq_organism>
 <GBSeq_organism>Sphingomonas asaccharolytica</GBSeq_organism>
 <GBSeq_organism>Rhodospirillum rubrum ATCC 11170</GBSeq_organism>
 <GBSeq_organism>Novosphingobium naphthalenivorans</GBSeq_organism>
 <GBSeq_organism>Erythrobacter longus</GBSeq_organism>
 <GBSeq_organism>Sphingobium xenophagum</GBSeq_organism>
 <GBSeq_organism>Sphingomonas dokdonensis</GBSeq_organism>
 <GBSeq_organism>Sphingosinicella vermicomposti</GBSeq_organism>
 <GBSeq_organism>Novosphingobium capsulatum</GBSeq_organism>
 <GBSeq_organism>Novosphingobium resinovorum</GBSeq_organism>
 <GBSeq_organism>Sphingomonas koreensis</GBSeq_organism>
 <GBSeq_organism>Sphingosinicella microcystinivorans</GBSeq_organism>
 <GBSeq_organism>Sphingomonas adhaesiva</GBSeq_organism>
 <GBSeq_organism>Sphingosinicella xenopeptidilytica</GBSeq_organism>
