 <GBSeq_organism>Escherichia coli DSM 30083 = JCM 1649 = ATCC 11775</GBSeq_organism>
 <GBSeq_organism>Thiohalocapsa marina</GBSeq_organism>
 <GBSeq_organism>Allochromatium warmingii</GBSeq_organism>
 <GBSeq_organism>Chromatium okenii</GBSeq_organism>
 <GBSeq_organism>Halochromatium glycolicum</GBSeq_organism>
 <GBSeq_organism>Halochromatium roseum</GBSeq_organism>
 <GBSeq_organism>Thiorhodococcus kakinadensis</GBSeq_organism>
 <GBSeq_organism>Marichromatium bheemlicum</GBSeq_organism>
 <GBSeq_organism>Thiocapsa roseopersicina</GBSeq_organism>
 <GBSeq_organism>Halochromatium salexigens</GBSeq_organism>
 <GBSeq_organism>Thiocapsa rosea</GBSeq_organism>
 <GBSeq_organism>Thiobaca trueperi</GBSeq_organism>
 <GBSeq_organism>Thiohalocapsa halophila</GBSeq_organism>
 <GBSeq_organism>Thiorhodococcus bheemlicus</GBSeq_organism>
 <GBSeq_organism>Marichromatium purpuratum 984</GBSeq_organism>
 <GBSeq_organism>Allochromatium minutissimum</GBSeq_organism>
 <GBSeq_organism>Halorhodospira halophila</GBSeq_organism>
 <GBSeq_organism>Thiococcus pfennigii</GBSeq_organism>
 <GBSeq_organism>Thioflavicoccus mobilis 8321</GBSeq_organism>
 <GBSeq_organism>Allochromatium renukae</GBSeq_organism>
 <GBSeq_organism>Thioalkalicoccus limnaeus</GBSeq_organism>
 <GBSeq_organism>Marichromatium gracile</GBSeq_organism>
 <GBSeq_organism>Marichromatium indicum</GBSeq_organism>
 <GBSeq_organism>Rhabdochromatium marinum</GBSeq_organism>
