 <GBSeq_organism>Escherichia coli DSM 30083 = JCM 1649 = ATCC 11775</GBSeq_organism>
 <GBSeq_organism>Marinobacter lutaoensis</GBSeq_organism>
 <GBSeq_organism>Xanthomonas campestris</GBSeq_organism>
 <GBSeq_organism>Proteus vulgaris</GBSeq_organism>
 <GBSeq_organism>Ignatzschineria larvae DSM 13226</GBSeq_organism>
 <GBSeq_organism>Suttonella ornithocola</GBSeq_organism>
 <GBSeq_organism>Rhodospirillum rubrum</GBSeq_organism>
 <GBSeq_organism>Wolinella succinogenes</GBSeq_organism>
 <GBSeq_organism>Rhodanobacter lindaniclasticus</GBSeq_organism>
 <GBSeq_organism>Suttonella indologenes</GBSeq_organism>
 <GBSeq_organism>Dichelobacter nodosus</GBSeq_organism>
 <GBSeq_organism>Cardiobacterium hominis</GBSeq_organism>
 <GBSeq_organism>Desulfovibrio desulfuricans subsp. desulfuricans str. ATCC 27774</GBSeq_organism>
 <GBSeq_organism>Frateuria aurantia DSM 6220</GBSeq_organism>
 <GBSeq_organism>Comamonas testosteroni</GBSeq_organism>
 <GBSeq_organism>Xylella fastidiosa subsp. multiplex</GBSeq_organism>
 <GBSeq_organism>Xylella fastidiosa</GBSeq_organism>
 <GBSeq_organism>Cardiobacterium valvarum</GBSeq_organism>
 <GBSeq_organism>Stenotrophomonas maltophilia</GBSeq_organism>
 <GBSeq_organism>Sphingomonas paucimobilis</GBSeq_organism>
