 <GBSeq_organism>Enterobacter aerogenes</GBSeq_organism>
 <GBSeq_organism>Helicobacter bilis ATCC 43879</GBSeq_organism>
 <GBSeq_organism>Helicobacter bilis</GBSeq_organism>
 <GBSeq_organism>Flexispira rappini</GBSeq_organism>
 <GBSeq_organism>Helicobacter bilis ATCC 43879</GBSeq_organism>
 <GBSeq_organism>Helicobacter bizzozeronii</GBSeq_organism>
 <GBSeq_organism>Helicobacter salomonis</GBSeq_organism>
 <GBSeq_organism>Helicobacter bilis</GBSeq_organism>
 <GBSeq_organism>Helicobacter hepaticus</GBSeq_organism>
 <GBSeq_organism>Helicobacter bilis</GBSeq_organism>
 <GBSeq_organism>Helicobacter bilis</GBSeq_organism>
 <GBSeq_organism>Helicobacter bilis</GBSeq_organism>
 <GBSeq_organism>Flexispira rappini</GBSeq_organism>
 <GBSeq_organism>Helicobacter hepaticus ATCC 51449</GBSeq_organism>
 <GBSeq_organism>Helicobacter hepaticus</GBSeq_organism>
 <GBSeq_organism>Helicobacter bilis</GBSeq_organism>
 <GBSeq_organism>Helicobacter mustelae</GBSeq_organism>
 <GBSeq_organism>Helicobacter bilis</GBSeq_organism>
 <GBSeq_organism>Flexispira rappini</GBSeq_organism>
 <GBSeq_organism>Helicobacter bilis</GBSeq_organism>
 <GBSeq_organism>Helicobacter bilis</GBSeq_organism>
 <GBSeq_organism>Helicobacter hepaticus</GBSeq_organism>
 <GBSeq_organism>Helicobacter felis ATCC 49179</GBSeq_organism>
 <GBSeq_organism>Helicobacter sp. &apos;Flexispira str. FL56&apos;</GBSeq_organism>
 <GBSeq_organism>Helicobacter hepaticus</GBSeq_organism>
