 <GBSeq_organism>Gillisia illustrilutea</GBSeq_organism>
 <GBSeq_organism>Gillisia mitskevichiae</GBSeq_organism>
 <GBSeq_organism>Gramella portivictoriae</GBSeq_organism>
 <GBSeq_organism>Salegentibacter salegens</GBSeq_organism>
 <GBSeq_organism>Salinimicrobium xinjiangense</GBSeq_organism>
 <GBSeq_organism>Aquimarina latercula</GBSeq_organism>
 <GBSeq_organism>Gillisia limnaea DSM 15749</GBSeq_organism>
 <GBSeq_organism>Salegentibacter flavus</GBSeq_organism>
 <GBSeq_organism>Salegentibacter agarivorans</GBSeq_organism>
 <GBSeq_organism>Gramella echinicola</GBSeq_organism>
 <GBSeq_organism>Salegentibacter mishustinae</GBSeq_organism>
 <GBSeq_organism>Mesonia algae</GBSeq_organism>
 <GBSeq_organism>Psychroserpens burtonensis</GBSeq_organism>
 <GBSeq_organism>Psychroflexus torquis ATCC 700755</GBSeq_organism>
 <GBSeq_organism>Flavobacterium denitrificans</GBSeq_organism>
 <GBSeq_organism>Gelidibacter algens</GBSeq_organism>
 <GBSeq_organism>Salinimicrobium catena</GBSeq_organism>
 <GBSeq_organism>Kordia algicida OT-1</GBSeq_organism>
 <GBSeq_organism>Gillisia sandarakina</GBSeq_organism>
 <GBSeq_organism>Psychroflexus tropicus</GBSeq_organism>
 <GBSeq_organism>Marixanthomonas ophiurae</GBSeq_organism>
