 <GBSeq_organism>[Pasteurella] mairii</GBSeq_organism>
 <GBSeq_organism>[Actinobacillus] rossii</GBSeq_organism>
 <GBSeq_organism>Mannheimia haemolytica</GBSeq_organism>
 <GBSeq_organism>[Actinobacillus] rossii</GBSeq_organism>
 <GBSeq_organism>[Actinobacillus] rossii</GBSeq_organism>
 <GBSeq_organism>Actinobacillus seminis</GBSeq_organism>
 <GBSeq_organism>Volucribacter psittacicida</GBSeq_organism>
 <GBSeq_organism>[Pasteurella] mairii</GBSeq_organism>
 <GBSeq_organism>[Actinobacillus] rossii</GBSeq_organism>
 <GBSeq_organism>Pasteurella aerogenes MCCM 01551</GBSeq_organism>
 <GBSeq_organism>[Pasteurella] aerogenes</GBSeq_organism>
 <GBSeq_organism>[Pasteurella] aerogenes</GBSeq_organism>
 <GBSeq_organism>Avibacterium gallinarum</GBSeq_organism>
 <GBSeq_organism>[Actinobacillus] rossii</GBSeq_organism>
 <GBSeq_organism>[Actinobacillus] rossii</GBSeq_organism>
 <GBSeq_organism>[Pasteurella] aerogenes</GBSeq_organism>
 <GBSeq_organism>Bisgaard Taxon 10</GBSeq_organism>
 <GBSeq_organism>Actinobacillus lignieresii</GBSeq_organism>
 <GBSeq_organism>Crassostrea virginica</GBSeq_organism>
 <GBSeq_organism>[Actinobacillus] rossii</GBSeq_organism>
 <GBSeq_organism>Pasteurella multocida subsp. multocida</GBSeq_organism>
 <GBSeq_organism>[Pasteurella] aerogenes</GBSeq_organism>
 <GBSeq_organism>Mannheimia sp. BA597/9</GBSeq_organism>
 <GBSeq_organism>[Pasteurella] aerogenes</GBSeq_organism>
 <GBSeq_organism>[Pasteurella] aerogenes</GBSeq_organism>
 <GBSeq_organism>Gallibacterium anatis DSM 16844 = F 149</GBSeq_organism>
 <GBSeq_organism>[Pasteurella] aerogenes</GBSeq_organism>
 <GBSeq_organism>Actinobacillus equuli</GBSeq_organism>
 <GBSeq_organism>Pasteurella aerogenes MCCM 01550</GBSeq_organism>
 <GBSeq_organism>[Pasteurella] aerogenes</GBSeq_organism>
 <GBSeq_organism>Actinobacillus porcinus</GBSeq_organism>
 <GBSeq_organism>[Pasteurella] aerogenes</GBSeq_organism>
 <GBSeq_organism>[Pasteurella] aerogenes</GBSeq_organism>
 <GBSeq_organism>[Actinobacillus] rossii</GBSeq_organism>
 <GBSeq_organism>Bisgaard Taxon 6</GBSeq_organism>
 <GBSeq_organism>[Pasteurella] aerogenes</GBSeq_organism>
 <GBSeq_organism>[Pasteurella] aerogenes</GBSeq_organism>
 <GBSeq_organism>Lonepinella koalarum</GBSeq_organism>
 <GBSeq_organism>[Pasteurella] aerogenes</GBSeq_organism>
 <GBSeq_organism>[Actinobacillus] rossii</GBSeq_organism>
 <GBSeq_organism>Histophilus somni</GBSeq_organism>
 <GBSeq_organism>[Pasteurella] aerogenes</GBSeq_organism>
 <GBSeq_organism>[Pasteurella] aerogenes</GBSeq_organism>
 <GBSeq_organism>[Actinobacillus] rossii</GBSeq_organism>
 <GBSeq_organism>[Pasteurella] aerogenes</GBSeq_organism>
 <GBSeq_organism>Bisgaard Taxon 10</GBSeq_organism>
 <GBSeq_organism>[Pasteurella] aerogenes</GBSeq_organism>
 <GBSeq_organism>Bisgaard Taxon 10</GBSeq_organism>
 <GBSeq_organism>[Pasteurella] aerogenes</GBSeq_organism>
 <GBSeq_organism>[Actinobacillus] rossii</GBSeq_organism>
 <GBSeq_organism>Phocoenobacter uteri</GBSeq_organism>
 <GBSeq_organism>Actinobacillus succinogenes</GBSeq_organism>
 <GBSeq_organism>[Actinobacillus] rossii</GBSeq_organism>
 <GBSeq_organism>[Actinobacillus] rossii</GBSeq_organism>
