 <GBSeq_organism>Nannocystis exedens</GBSeq_organism>
 <GBSeq_organism>Sorangium cellulosum So ce56</GBSeq_organism>
 <GBSeq_organism>Melittangium alboraceum</GBSeq_organism>
 <GBSeq_organism>Nannocystis aggregans</GBSeq_organism>
 <GBSeq_organism>Corallococcus coralloides DSM 2259</GBSeq_organism>
 <GBSeq_organism>Sorangium cellulosum</GBSeq_organism>
 <GBSeq_organism>Archangium gephyra</GBSeq_organism>
 <GBSeq_organism>Sorangium cellulosum</GBSeq_organism>
 <GBSeq_organism>Stigmatella hybrida</GBSeq_organism>
 <GBSeq_organism>Polyangium thaxteri</GBSeq_organism>
 <GBSeq_organism>Byssovorax cruenta</GBSeq_organism>
 <GBSeq_organism>Sorangium cellulosum So0157-2</GBSeq_organism>
 <GBSeq_organism>Phaselicystis flava</GBSeq_organism>
 <GBSeq_organism>Enhygromyxa salina</GBSeq_organism>
 <GBSeq_organism>Sorangium cellulosum</GBSeq_organism>
 <GBSeq_organism>Chondromyces crocatus</GBSeq_organism>
 <GBSeq_organism>Plesiocystis pacifica SIR-1</GBSeq_organism>
 <GBSeq_organism>Chondromyces lanuginosus</GBSeq_organism>
 <GBSeq_organism>Sorangium cellulosum</GBSeq_organism>
 <GBSeq_organism>Kofleria flava</GBSeq_organism>
 <GBSeq_organism>Chondromyces robustus</GBSeq_organism>
 <GBSeq_organism>Myxococcus xanthus</GBSeq_organism>
 <GBSeq_organism>Corallococcus exiguus</GBSeq_organism>
 <GBSeq_organism>Pyxidicoccus fallax</GBSeq_organism>
 <GBSeq_organism>Stigmatella erecta</GBSeq_organism>
 <GBSeq_organism>Phaselicystis flava</GBSeq_organism>
 <GBSeq_organism>Cystobacter badius</GBSeq_organism>
