 <GBSeq_organism>uncultured bacterium SHA-105</GBSeq_organism>
 <GBSeq_organism>uncultured bacterium SJA-131</GBSeq_organism>
 <GBSeq_organism>unidentified eubacterium clone SAR202</GBSeq_organism>
 <GBSeq_organism>uncultured bacterium</GBSeq_organism>
 <GBSeq_organism>uncultured soil bacterium</GBSeq_organism>
 <GBSeq_organism>uncultured bacterium SJA-58</GBSeq_organism>
 <GBSeq_organism>uncultured bacterium</GBSeq_organism>
 <GBSeq_organism>Oscillochloris trichoides DG-6</GBSeq_organism>
 <GBSeq_organism>uncultured bacterium</GBSeq_organism>
 <GBSeq_organism>unidentified green non-sulfur bacterium OPB12</GBSeq_organism>
 <GBSeq_organism>uncultured eubacterium WCHB1-62</GBSeq_organism>
 <GBSeq_organism>uncultured bacterium SHA-24</GBSeq_organism>
 <GBSeq_organism>Atribacteria bacterium clone OPB72</GBSeq_organism>
 <GBSeq_organism>uncultured bacterium SJA-116</GBSeq_organism>
 <GBSeq_organism>uncultured bacterium SJA-170</GBSeq_organism>
 <GBSeq_organism>Dehalococcoides mccartyi</GBSeq_organism>
 <GBSeq_organism>uncultured Crater Lake bacterium CL500-9</GBSeq_organism>
 <GBSeq_organism>uncultured bacterium</GBSeq_organism>
 <GBSeq_organism>uncultured bacterium</GBSeq_organism>
 <GBSeq_organism>Herpetosiphon aurantiacus</GBSeq_organism>
 <GBSeq_organism>uncultured bacterium SHA-300</GBSeq_organism>
 <GBSeq_organism>uncultured bacterium</GBSeq_organism>
 <GBSeq_organism>Chloroflexus aurantiacus</GBSeq_organism>
 <GBSeq_organism>uncultured bacterium SJA-101</GBSeq_organism>
 <GBSeq_organism>Leptolinea tardivitalis</GBSeq_organism>
 <GBSeq_organism>uncultured sponge symbiont PAWS52f</GBSeq_organism>
 <GBSeq_organism>Levilinea saccharolytica</GBSeq_organism>
 <GBSeq_organism>Thermobaculum terrenum ATCC BAA-798</GBSeq_organism>
 <GBSeq_organism>uncultured soil bacterium</GBSeq_organism>
 <GBSeq_organism>Thermomicrobium roseum</GBSeq_organism>
 <GBSeq_organism>Chloroflexus aggregans</GBSeq_organism>
 <GBSeq_organism>uncultured eubacterium t0.8.f</GBSeq_organism>
