 <GBSeq_organism>Marinomonas ushuaiensis</GBSeq_organism>
 <GBSeq_organism>Marinobacter lutaoensis</GBSeq_organism>
 <GBSeq_organism>Marinomonas aquimarina</GBSeq_organism>
 <GBSeq_organism>Marinimicrobium koreense</GBSeq_organism>
 <GBSeq_organism>Oceanospirillum multiglobuliferum</GBSeq_organism>
 <GBSeq_organism>Marinospirillum alkaliphilum</GBSeq_organism>
 <GBSeq_organism>Marinomonas pontica</GBSeq_organism>
 <GBSeq_organism>Marinobacter lipolyticus</GBSeq_organism>
 <GBSeq_organism>Thalassolituus oleivorans MIL-1</GBSeq_organism>
 <GBSeq_organism>Neptunomonas naphthovorans</GBSeq_organism>
 <GBSeq_organism>Marinobacter bryozoorum</GBSeq_organism>
 <GBSeq_organism>Marinobacterium stanieri</GBSeq_organism>
 <GBSeq_organism>Oleispira antarctica RB-8</GBSeq_organism>
 <GBSeq_organism>Marinobacter maritimus</GBSeq_organism>
 <GBSeq_organism>Oceanospirillum linum</GBSeq_organism>
 <GBSeq_organism>Marinomonas vaga</GBSeq_organism>
 <GBSeq_organism>Marinobacter litoralis</GBSeq_organism>
 <GBSeq_organism>Nitrincola lacisaponensis</GBSeq_organism>
 <GBSeq_organism>Marinobacter daepoensis</GBSeq_organism>
 <GBSeq_organism>Marinobacter sediminum</GBSeq_organism>
 <GBSeq_organism>Marinobacter hydrocarbonoclasticus ATCC 49840</GBSeq_organism>
 <GBSeq_organism>Balneatrix alpica</GBSeq_organism>
 <GBSeq_organism>Marinobacter flavimaris</GBSeq_organism>
 <GBSeq_organism>Marinobacter excellens</GBSeq_organism>
 <GBSeq_organism>Marinomonas ostreistagni</GBSeq_organism>
 <GBSeq_organism>Marinomonas polaris</GBSeq_organism>
 <GBSeq_organism>Marinimicrobium agarilyticum</GBSeq_organism>
