 <GBSeq_organism>uncultured archaeon</GBSeq_organism>
 <GBSeq_organism>Novosphingobium pentaromativorans US6-1</GBSeq_organism>
 <GBSeq_organism>Altererythrobacter luteolus</GBSeq_organism>
 <GBSeq_organism>Erythrobacter gaetbuli</GBSeq_organism>
 <GBSeq_organism>Porphyrobacter cryptus</GBSeq_organism>
 <GBSeq_organism>Erythromicrobium ramosum</GBSeq_organism>
 <GBSeq_organism>Altererythrobacter marinus</GBSeq_organism>
 <GBSeq_organism>Novosphingobium indicum</GBSeq_organism>
 <GBSeq_organism>Novosphingobium mathurense</GBSeq_organism>
 <GBSeq_organism>Altererythrobacter namhicola</GBSeq_organism>
 <GBSeq_organism>Altererythrobacter aestuarii</GBSeq_organism>
 <GBSeq_organism>Porphyrobacter tepidarius</GBSeq_organism>
 <GBSeq_organism>Erythrobacter seohaensis</GBSeq_organism>
 <GBSeq_organism>Erythrobacter vulgaris</GBSeq_organism>
 <GBSeq_organism>Porphyrobacter donghaensis</GBSeq_organism>
 <GBSeq_organism>Novosphingobium taihuense</GBSeq_organism>
 <GBSeq_organism>Erythrobacter aquimaris</GBSeq_organism>
 <GBSeq_organism>Sphingomonas pseudosanguinis</GBSeq_organism>
 <GBSeq_organism>Novosphingobium panipatense</GBSeq_organism>
 <GBSeq_organism>Erythrobacter flavus</GBSeq_organism>
 <GBSeq_organism>uncultured fungus</GBSeq_organism>
 <GBSeq_organism>Altererythrobacter dongtanensis</GBSeq_organism>
