 <GBSeq_organism>Bacillus sp. D6</GBSeq_organism>
 <GBSeq_organism>Bacillus sp. 2b-2</GBSeq_organism>
 <GBSeq_organism>Bacillus gibsonii</GBSeq_organism>
 <GBSeq_organism>Bacillus bogoriensis</GBSeq_organism>
 <GBSeq_organism>Bacillus sp. 17-1</GBSeq_organism>
 <GBSeq_organism>Bacillus sp. IC</GBSeq_organism>
 <GBSeq_organism>Bacillus patagoniensis</GBSeq_organism>
 <GBSeq_organism>Bacillus pseudofirmus</GBSeq_organism>
 <GBSeq_organism>Bacillus saliphilus</GBSeq_organism>
 <GBSeq_organism>Bacillus sp. C-3</GBSeq_organism>
 <GBSeq_organism>Bacillus cohnii</GBSeq_organism>
 <GBSeq_organism>Bacillus sp.</GBSeq_organism>
 <GBSeq_organism>Bacillus megaterium</GBSeq_organism>
 <GBSeq_organism>Paenibacillus polymyxa</GBSeq_organism>
 <GBSeq_organism>Bacillus sp. 202-1</GBSeq_organism>
 <GBSeq_organism>Bacillus lentus</GBSeq_organism>
 <GBSeq_organism>Bacillus firmus</GBSeq_organism>
 <GBSeq_organism>Bacillus krulwichiae</GBSeq_organism>
 <GBSeq_organism>Bacillus horti</GBSeq_organism>
 <GBSeq_organism>[Bacillus] clarkii</GBSeq_organism>
 <GBSeq_organism>Bacillus sp. KX6</GBSeq_organism>
 <GBSeq_organism>Bacillus sp. 8-1</GBSeq_organism>
 <GBSeq_organism>Bacillus alcalophilus ATCC 27647</GBSeq_organism>
 <GBSeq_organism>Bacillus horikoshii DSM 8719</GBSeq_organism>
 <GBSeq_organism>Bacillus halodurans</GBSeq_organism>
 <GBSeq_organism>Bacillus pseudalcaliphilus</GBSeq_organism>
 <GBSeq_organism>Bacillus mannanilyticus</GBSeq_organism>
 <GBSeq_organism>Bacillus hemicellulosilyticus</GBSeq_organism>
 <GBSeq_organism>Bacillus halmapalus</GBSeq_organism>
 <GBSeq_organism>Bacillus cellulosilyticus DSM 2522</GBSeq_organism>
 <GBSeq_organism>Bacillus circulans</GBSeq_organism>
 <GBSeq_organism>Bacillus okuhidensis</GBSeq_organism>
 <GBSeq_organism>Bacillus clausii</GBSeq_organism>
 <GBSeq_organism>Bacillus subtilis</GBSeq_organism>
 <GBSeq_organism>Bacillus sp. S2</GBSeq_organism>
 <GBSeq_organism>Bacillus sp. H167</GBSeq_organism>
 <GBSeq_organism>[Bacillus] agaradhaerens</GBSeq_organism>
 <GBSeq_organism>Bacillus oshimensis</GBSeq_organism>
