 <GBSeq_organism>Brucella melitensis</GBSeq_organism>
 <GBSeq_organism>Pleomorphomonas oryzae</GBSeq_organism>
 <GBSeq_organism>Methylocapsa acidiphila B2</GBSeq_organism>
 <GBSeq_organism>Afipia broomeae ATCC 49717</GBSeq_organism>
 <GBSeq_organism>Cohaesibacter gelatinilyticus</GBSeq_organism>
 <GBSeq_organism>uncultured alpha proteobacterium</GBSeq_organism>
 <GBSeq_organism>Ancylobacter aquaticus</GBSeq_organism>
 <GBSeq_organism>uncultured alpha proteobacterium</GBSeq_organism>
 <GBSeq_organism>Azorhizobium caulinodans ORS 571</GBSeq_organism>
 <GBSeq_organism>Agrobacterium vitis</GBSeq_organism>
 <GBSeq_organism>Escherichia coli str. K-12 substr. MG1655</GBSeq_organism>
 <GBSeq_organism>Mesorhizobium loti ATCC 33669</GBSeq_organism>
 <GBSeq_organism>Martelella mediterranea</GBSeq_organism>
 <GBSeq_organism>Rhizobium undicola</GBSeq_organism>
 <GBSeq_organism>Xanthobacter autotrophicus</GBSeq_organism>
 <GBSeq_organism>Mycoplana dimorpha</GBSeq_organism>
 <GBSeq_organism>Methylocystis parvus OBBP</GBSeq_organism>
 <GBSeq_organism>uncultured alpha proteobacterium</GBSeq_organism>
 <GBSeq_organism>Afifella marina</GBSeq_organism>
 <GBSeq_organism>Beijerinckia indica</GBSeq_organism>
 <GBSeq_organism>Bartonella elizabethae</GBSeq_organism>
 <GBSeq_organism>Rhizobium leguminosarum bv. viciae USDA 2370</GBSeq_organism>
 <GBSeq_organism>Ochrobactrum anthropi</GBSeq_organism>
 <GBSeq_organism>Methylobacterium organophilum</GBSeq_organism>
 <GBSeq_organism>Sinorhizobium fredii</GBSeq_organism>
 <GBSeq_organism>Fulvimarina pelagi HTCC2506</GBSeq_organism>
 <GBSeq_organism>Methylosinus trichosporium OB3b</GBSeq_organism>
 <GBSeq_organism>uncultured alpha proteobacterium</GBSeq_organism>
 <GBSeq_organism>Rhodobium orientis</GBSeq_organism>
 <GBSeq_organism>Bradyrhizobium japonicum USDA 6</GBSeq_organism>
 <GBSeq_organism>Sinorhizobium meliloti</GBSeq_organism>
 <GBSeq_organism>Aurantimonas coralicida</GBSeq_organism>
 <GBSeq_organism>Filomicrobium fusiforme</GBSeq_organism>
 <GBSeq_organism>Ochrobactrum tritici</GBSeq_organism>
 <GBSeq_organism>uncultured alpha proteobacterium</GBSeq_organism>
 <GBSeq_organism>Cohaesibacter gelatinilyticus</GBSeq_organism>
 <GBSeq_organism>Hyphomicrobium vulgare</GBSeq_organism>
 <GBSeq_organism>Phyllobacterium myrsinacearum</GBSeq_organism>
 <GBSeq_organism>uncultured alpha proteobacterium</GBSeq_organism>
