 <GBSeq_organism>Marinactinospora thermotolerans</GBSeq_organism>
 <GBSeq_organism>Nocardiopsis alba DSM 43377</GBSeq_organism>
 <GBSeq_organism>Nocardiopsis composta</GBSeq_organism>
 <GBSeq_organism>Nocardiopsis dassonvillei subsp. dassonvillei DSM 43111</GBSeq_organism>
 <GBSeq_organism>Streptomonospora halophila</GBSeq_organism>
 <GBSeq_organism>Streptomonospora alba</GBSeq_organism>
 <GBSeq_organism>Actinopolyspora halophila</GBSeq_organism>
 <GBSeq_organism>Streptomonospora amylolytica</GBSeq_organism>
 <GBSeq_organism>Nocardiopsis halophila DSM 44494</GBSeq_organism>
 <GBSeq_organism>Thermobifida cellulosilytica TB100</GBSeq_organism>
 <GBSeq_organism>Thermobifida fusca</GBSeq_organism>
 <GBSeq_organism>Thermomonospora chromogena</GBSeq_organism>
 <GBSeq_organism>Thermobifida halotolerans</GBSeq_organism>
 <GBSeq_organism>Spinactinospora alkalitolerans</GBSeq_organism>
 <GBSeq_organism>Thermobifida alba</GBSeq_organism>
 <GBSeq_organism>Actinocorallia libanotica</GBSeq_organism>
 <GBSeq_organism>Nocardiopsis lucentensis DSM 44048</GBSeq_organism>
 <GBSeq_organism>Murinocardiopsis flavida</GBSeq_organism>
 <GBSeq_organism>Nocardiopsis synnemataformans DSM 44143</GBSeq_organism>
 <GBSeq_organism>Nocardiopsis halotolerans</GBSeq_organism>
 <GBSeq_organism>Streptomonospora flavalba</GBSeq_organism>
 <GBSeq_organism>Nocardiopsis aegyptia</GBSeq_organism>
 <GBSeq_organism>Nocardiopsis listeri</GBSeq_organism>
