 <GBSeq_organism>Sporobolomyces salmoneus</GBSeq_organism>
 <GBSeq_organism>Sporobolomyces bannaensis</GBSeq_organism>
 <GBSeq_organism>Sporobolomyces patagonicus</GBSeq_organism>
 <GBSeq_organism>Sporobolomyces roseus</GBSeq_organism>
 <GBSeq_organism>Sporobolomyces roseus</GBSeq_organism>
 <GBSeq_organism>Sporobolomyces carnicolor</GBSeq_organism>
 <GBSeq_organism>Sporobolomyces patagonicus</GBSeq_organism>
 <GBSeq_organism>Sporobolomyces beijingensis</GBSeq_organism>
 <GBSeq_organism>Sporobolomyces roseus</GBSeq_organism>
 <GBSeq_organism>Sporidiobolus longiusculus</GBSeq_organism>
 <GBSeq_organism>Sporobolomyces phaffii</GBSeq_organism>
 <GBSeq_organism>Sporidiobolus longiusculus</GBSeq_organism>
 <GBSeq_organism>Sporidiobolus pararoseus</GBSeq_organism>
 <GBSeq_organism>Sporobolomyces ruberrimus</GBSeq_organism>
 <GBSeq_organism>Sporobolomyces roseus</GBSeq_organism>
 <GBSeq_organism>Sporobolomyces blumeae</GBSeq_organism>
 <GBSeq_organism>Sporidiobolus pararoseus</GBSeq_organism>
 <GBSeq_organism>Sporobolomyces phaffii</GBSeq_organism>
 <GBSeq_organism>Sporobolomyces jilinensis</GBSeq_organism>
 <GBSeq_organism>Sporobolomyces japonicus</GBSeq_organism>
 <GBSeq_organism>Rhodotorula mucilaginosa</GBSeq_organism>
