 <GBSeq_organism>Mycobacterium avium subsp. silvaticum ATCC 49884</GBSeq_organism>
 <GBSeq_organism>Mycobacterium smegmatis str. MC2 155</GBSeq_organism>
 <GBSeq_organism>Mycobacterium marseillense</GBSeq_organism>
 <GBSeq_organism>Mycobacterium terrae</GBSeq_organism>
 <GBSeq_organism>Mycobacterium kansasii ATCC 12478</GBSeq_organism>
 <GBSeq_organism>Mycobacterium bouchedurhonense</GBSeq_organism>
 <GBSeq_organism>Mycobacterium timonense</GBSeq_organism>
 <GBSeq_organism>Mycobacterium avium subsp. paratuberculosis</GBSeq_organism>
 <GBSeq_organism>Mycobacterium tuberculosis H37Rv</GBSeq_organism>
 <GBSeq_organism>Mycobacterium bovis BCG str. Pasteur 1173P2</GBSeq_organism>
 <GBSeq_organism>Mycobacterium colombiense CECT 3035</GBSeq_organism>
 <GBSeq_organism>Mycobacterium aurum</GBSeq_organism>
 <GBSeq_organism>Mycobacterium gordonae</GBSeq_organism>
 <GBSeq_organism>Mycobacterium chimaera</GBSeq_organism>
 <GBSeq_organism>Mycobacterium genavense</GBSeq_organism>
 <GBSeq_organism>Mycobacterium avium subsp. avium ATCC 25291</GBSeq_organism>
 <GBSeq_organism>Mycobacterium xenopi</GBSeq_organism>
 <GBSeq_organism>Mycobacterium leprae</GBSeq_organism>
 <GBSeq_organism>Tsukamurella paurometabola</GBSeq_organism>
 <GBSeq_organism>Mycobacterium scrofulaceum</GBSeq_organism>
 <GBSeq_organism>Mycobacterium ulcerans Agy99</GBSeq_organism>
 <GBSeq_organism>Mycobacterium avium subsp. hominissuis</GBSeq_organism>
 <GBSeq_organism>Mycobacterium intracellulare</GBSeq_organism>
 <GBSeq_organism>Mycobacterium malmoense</GBSeq_organism>
