 <GBSeq_organism>Natrinema altunense</GBSeq_organism>
 <GBSeq_organism>Halobiforma nitratireducens</GBSeq_organism>
 <GBSeq_organism>Haloferax larsenii</GBSeq_organism>
 <GBSeq_organism>Natrinema ejinorense</GBSeq_organism>
 <GBSeq_organism>Haloferax lucentense</GBSeq_organism>
 <GBSeq_organism>Halopiger xanaduensis SH-6</GBSeq_organism>
 <GBSeq_organism>Halorubrum vacuolatum</GBSeq_organism>
 <GBSeq_organism>Halococcus thailandensis</GBSeq_organism>
 <GBSeq_organism>Haloarcula hispanica ATCC 33960</GBSeq_organism>
 <GBSeq_organism>Haloferax alexandrinus</GBSeq_organism>
 <GBSeq_organism>Halobacterium jilantaiense</GBSeq_organism>
 <GBSeq_organism>Halomicrobium mukohataei DSM 12286</GBSeq_organism>
 <GBSeq_organism>Haloterrigena limicola JCM 13563</GBSeq_organism>
 <GBSeq_organism>Halalkalicoccus tibetensis</GBSeq_organism>
 <GBSeq_organism>Haloarcula argentinensis DSM 12282</GBSeq_organism>
 <GBSeq_organism>Halorubrum arcis JCM 13916</GBSeq_organism>
 <GBSeq_organism>Natrialba asiatica</GBSeq_organism>
 <GBSeq_organism>Halorubrum trapanicum</GBSeq_organism>
 <GBSeq_organism>Natronorubrum aibiense</GBSeq_organism>
 <GBSeq_organism>Halorubrum litoreum</GBSeq_organism>
 <GBSeq_organism>Halobacterium salinarum</GBSeq_organism>
 <GBSeq_organism>Halorubrum lacusprofundi ATCC 49239</GBSeq_organism>
 <GBSeq_organism>Haloferax volcanii</GBSeq_organism>
 <GBSeq_organism>Halogeometricum borinquense DSM 11551</GBSeq_organism>
 <GBSeq_organism>Haloarcula japonica</GBSeq_organism>
 <GBSeq_organism>Haloterrigena longa</GBSeq_organism>
 <GBSeq_organism>Haloarcula sinaiiensis ATCC 33800</GBSeq_organism>
 <GBSeq_organism>Haloarcula amylolytica</GBSeq_organism>
 <GBSeq_organism>Natronococcus occultus SP4</GBSeq_organism>
 <GBSeq_organism>Haloferax sulfurifontis ATCC BAA-897</GBSeq_organism>
 <GBSeq_organism>Haloarcula californiae</GBSeq_organism>
 <GBSeq_organism>Halostagnicola larsenii XH-48</GBSeq_organism>
 <GBSeq_organism>Natrialba chahannaoensis</GBSeq_organism>
 <GBSeq_organism>Halorubrum alkaliphilum</GBSeq_organism>
 <GBSeq_organism>Halovivax ruber XH-70</GBSeq_organism>
 <GBSeq_organism>Halorhabdus utahensis</GBSeq_organism>
 <GBSeq_organism>Natronorubrum sulfidifaciens JCM 14089</GBSeq_organism>
 <GBSeq_organism>Halalkalicoccus jeotgali B3</GBSeq_organism>
 <GBSeq_organism>Natrinema pallidum</GBSeq_organism>
 <GBSeq_organism>Halococcus dombrowskii</GBSeq_organism>
 <GBSeq_organism>Halococcus qingdaonensis</GBSeq_organism>
 <GBSeq_organism>Halobiforma haloterrestris</GBSeq_organism>
 <GBSeq_organism>Halococcus morrhuae DSM 1307</GBSeq_organism>
 <GBSeq_organism>Haloterrigena thermotolerans</GBSeq_organism>
 <GBSeq_organism>Halorubrum aidingense JCM 13560</GBSeq_organism>
 <GBSeq_organism>Haloterrigena turkmenica</GBSeq_organism>
 <GBSeq_organism>Haladaptatus paucihalophilus DX253</GBSeq_organism>
 <GBSeq_organism>Haloterrigena sp. GSL-11</GBSeq_organism>
 <GBSeq_organism>Halorubrum terrestre</GBSeq_organism>
 <GBSeq_organism>Natrialba hulunbeirensis</GBSeq_organism>
 <GBSeq_organism>Haloferax mediterranei</GBSeq_organism>
 <GBSeq_organism>Halorubrum tebenquichense</GBSeq_organism>
 <GBSeq_organism>Halosimplex carlsbadense 2-9-1</GBSeq_organism>
 <GBSeq_organism>Haloplanus natans</GBSeq_organism>
 <GBSeq_organism>Halorubrum tibetense</GBSeq_organism>
 <GBSeq_organism>Natronococcus amylolyticus</GBSeq_organism>
 <GBSeq_organism>Halobaculum gomorrense</GBSeq_organism>
 <GBSeq_organism>Natrialba taiwanensis DSM 12281</GBSeq_organism>
 <GBSeq_organism>Halorubrum sodomense</GBSeq_organism>
 <GBSeq_organism>Halococcus hamelinensis 100A6</GBSeq_organism>
 <GBSeq_organism>Natrialba magadii</GBSeq_organism>
 <GBSeq_organism>Halorubrum distributum</GBSeq_organism>
 <GBSeq_organism>Natronorubrum tibetense</GBSeq_organism>
 <GBSeq_organism>Haloarcula quadrata</GBSeq_organism>
 <GBSeq_organism>Halococcus salifodinae</GBSeq_organism>
 <GBSeq_organism>Haloferax denitrificans ATCC 35960</GBSeq_organism>
 <GBSeq_organism>Haloarcula vallismortis ATCC 29715</GBSeq_organism>
 <GBSeq_organism>Natronorubrum bangense</GBSeq_organism>
 <GBSeq_organism>Halococcus saccharolyticus</GBSeq_organism>
 <GBSeq_organism>Halovivax asiaticus</GBSeq_organism>
 <GBSeq_organism>Haloferax gibbonsii</GBSeq_organism>
 <GBSeq_organism>Natronolimnobius innermongolicus</GBSeq_organism>
 <GBSeq_organism>Halobiforma lacisalsi</GBSeq_organism>
 <GBSeq_organism>Haloferax prahovense</GBSeq_organism>
 <GBSeq_organism>Natronobacterium gregoryi SP2</GBSeq_organism>
 <GBSeq_organism>Halorubrum xinjiangense</GBSeq_organism>
 <GBSeq_organism>Halorubrum coriense</GBSeq_organism>
 <GBSeq_organism>Halorubrum saccharovorum</GBSeq_organism>
 <GBSeq_organism>Natronolimnobius baerhuensis</GBSeq_organism>
 <GBSeq_organism>Halorubrum lipolyticum</GBSeq_organism>
 <GBSeq_organism>Natrinema versiforme</GBSeq_organism>
 <GBSeq_organism>Natrialba aegyptia</GBSeq_organism>
 <GBSeq_organism>Haloterrigena saccharevitans</GBSeq_organism>
 <GBSeq_organism>Natronococcus jeotgali</GBSeq_organism>
