 <GBSeq_organism>Rhodosporidium toruloides</GBSeq_organism>
 <GBSeq_organism>Sporobolomyces salmoneus</GBSeq_organism>
 <GBSeq_organism>Sporidiobolus ruineniae</GBSeq_organism>
 <GBSeq_organism>Sporobolomyces bannaensis</GBSeq_organism>
 <GBSeq_organism>Sporobolomyces odoratus</GBSeq_organism>
 <GBSeq_organism>Sporobolomyces alborubescens</GBSeq_organism>
 <GBSeq_organism>Bensingtonia yamatoana</GBSeq_organism>
 <GBSeq_organism>Sporobolomyces nylandii</GBSeq_organism>
 <GBSeq_organism>Sporobolomyces phaffii</GBSeq_organism>
 <GBSeq_organism>Sporobolomyces marcillae</GBSeq_organism>
 <GBSeq_organism>Sporobolomyces carnicolor</GBSeq_organism>
 <GBSeq_organism>Sporidiobolus microsporus</GBSeq_organism>
 <GBSeq_organism>Rhodotorula glutinis</GBSeq_organism>
 <GBSeq_organism>Rhodosporidium sphaerocarpum</GBSeq_organism>
 <GBSeq_organism>Sporobolomyces japonicus</GBSeq_organism>
 <GBSeq_organism>Sporobolomyces poonsookiae</GBSeq_organism>
 <GBSeq_organism>Sporidiobolus salmonicolor</GBSeq_organism>
 <GBSeq_organism>Sporobolomyces roseus</GBSeq_organism>
 <GBSeq_organism>Sporobolomyces ruberrimus</GBSeq_organism>
 <GBSeq_organism>Sporobolomyces blumeae</GBSeq_organism>
 <GBSeq_organism>Sporidiobolus pararoseus</GBSeq_organism>
 <GBSeq_organism>Rhodosporidium lusitaniae</GBSeq_organism>
 <GBSeq_organism>Sporidiobolus johnsonii</GBSeq_organism>
