 <GBSeq_organism>Marinobacter lutaoensis</GBSeq_organism>
 <GBSeq_organism>Halovibrio denitrificans</GBSeq_organism>
 <GBSeq_organism>Carnimonas nigrificans</GBSeq_organism>
 <GBSeq_organism>Halomonas meridiana</GBSeq_organism>
 <GBSeq_organism>Zymobacter palmae</GBSeq_organism>
 <GBSeq_organism>Marinobacter lipolyticus</GBSeq_organism>
 <GBSeq_organism>Hahella chejuensis KCTC 2396</GBSeq_organism>
 <GBSeq_organism>Microbulbifer maritimus</GBSeq_organism>
 <GBSeq_organism>Halomonas venusta</GBSeq_organism>
 <GBSeq_organism>Marinobacter litoralis</GBSeq_organism>
 <GBSeq_organism>Zooshikella ganghwensis</GBSeq_organism>
 <GBSeq_organism>Marinobacter sediminum</GBSeq_organism>
 <GBSeq_organism>Microbulbifer hydrolyticus</GBSeq_organism>
 <GBSeq_organism>Hahella ganghwensis</GBSeq_organism>
 <GBSeq_organism>Microbulbifer elongatus</GBSeq_organism>
 <GBSeq_organism>Marinobacter flavimaris</GBSeq_organism>
 <GBSeq_organism>Alcanivorax dieselolei</GBSeq_organism>
 <GBSeq_organism>Marinobacter excellens</GBSeq_organism>
 <GBSeq_organism>Alcanivorax venustensis ISO4</GBSeq_organism>
 <GBSeq_organism>Microbulbifer salipaludis</GBSeq_organism>
 <GBSeq_organism>Halomonas variabilis</GBSeq_organism>
 <GBSeq_organism>Pseudomonas halophila</GBSeq_organism>
 <GBSeq_organism>Alcanivorax borkumensis SK2</GBSeq_organism>
