 <GBSeq_organism>Micrococcus luteus</GBSeq_organism>
 <GBSeq_organism>Streptosporangium roseum DSM 43021</GBSeq_organism>
 <GBSeq_organism>Tsukamurella paurometabola DSM 20162</GBSeq_organism>
 <GBSeq_organism>Glycomyces harbinensis</GBSeq_organism>
 <GBSeq_organism>Gordonia bronchialis</GBSeq_organism>
 <GBSeq_organism>Pseudonocardia thermophila</GBSeq_organism>
 <GBSeq_organism>Sporichthya polymorpha DSM 43042</GBSeq_organism>
 <GBSeq_organism>Zea mays</GBSeq_organism>
 <GBSeq_organism>Streptomyces albus subsp. albus</GBSeq_organism>
 <GBSeq_organism>uncultured actinobacterium</GBSeq_organism>
 <GBSeq_organism>uncultured actinobacterium</GBSeq_organism>
 <GBSeq_organism>Nocardiopsis dassonvillei subsp. dassonvillei DSM 43111</GBSeq_organism>
 <GBSeq_organism>Dermacoccus nishinomiyaensis</GBSeq_organism>
 <GBSeq_organism>Beutenbergia cavernae DSM 12333</GBSeq_organism>
 <GBSeq_organism>Propionibacterium freudenreichii</GBSeq_organism>
 <GBSeq_organism>Yaniella halotolerans</GBSeq_organism>
 <GBSeq_organism>Corynebacterium diphtheriae</GBSeq_organism>
 <GBSeq_organism>Brevibacterium linens</GBSeq_organism>
 <GBSeq_organism>Cellulomonas flavigena DSM 20109</GBSeq_organism>
 <GBSeq_organism>Dietzia maris</GBSeq_organism>
 <GBSeq_organism>Geodermatophilus obscurus DSM 43160</GBSeq_organism>
 <GBSeq_organism>Segniliparus rotundus DSM 44985</GBSeq_organism>
 <GBSeq_organism>Intrasporangium calvum DSM 43043</GBSeq_organism>
 <GBSeq_organism>Acidothermus cellulolyticus 11B</GBSeq_organism>
 <GBSeq_organism>Mycobacterium tuberculosis</GBSeq_organism>
 <GBSeq_organism>Jonesia denitrificans DSM 20603</GBSeq_organism>
 <GBSeq_organism>Microbacterium lacticum</GBSeq_organism>
 <GBSeq_organism>Dermatophilus congolensis DSM 44180 = NBRC 105199</GBSeq_organism>
 <GBSeq_organism>Micromonospora chalcea</GBSeq_organism>
 <GBSeq_organism>Actinospica robiniae DSM 44927</GBSeq_organism>
 <GBSeq_organism>Actinomyces bovis</GBSeq_organism>
 <GBSeq_organism>uncultured actinobacterium</GBSeq_organism>
 <GBSeq_organism>Patulibacter minatonensis DSM 18081</GBSeq_organism>
 <GBSeq_organism>Dermabacter hominis</GBSeq_organism>
 <GBSeq_organism>Nakamurella multipartita DSM 44233</GBSeq_organism>
 <GBSeq_organism>Promicromonospora citrea</GBSeq_organism>
 <GBSeq_organism>Catenulispora acidiphila DSM 44928</GBSeq_organism>
 <GBSeq_organism>Actinosynnema mirum DSM 43827</GBSeq_organism>
 <GBSeq_organism>Sanguibacter keddieii DSM 10542</GBSeq_organism>
