 <GBSeq_organism>Prevotella intermedia</GBSeq_organism>
 <GBSeq_organism>Odoribacter splanchnicus</GBSeq_organism>
 <GBSeq_organism>Porphyromonas canoris</GBSeq_organism>
 <GBSeq_organism>Capnocytophaga gingivalis</GBSeq_organism>
 <GBSeq_organism>Bacteroides ovatus</GBSeq_organism>
 <GBSeq_organism>Parabacteroides distasonis</GBSeq_organism>
 <GBSeq_organism>Porphyromonas cansulci</GBSeq_organism>
 <GBSeq_organism>Porphyromonas macacae</GBSeq_organism>
 <GBSeq_organism>Dysgonomonas gadei ATCC BAA-286</GBSeq_organism>
 <GBSeq_organism>Bacteroides uniformis</GBSeq_organism>
 <GBSeq_organism>Prevotella melaninogenica</GBSeq_organism>
 <GBSeq_organism>Proteiniphilum acetatigenes</GBSeq_organism>
 <GBSeq_organism>Bacteroides fragilis</GBSeq_organism>
 <GBSeq_organism>Porphyromonas levii</GBSeq_organism>
 <GBSeq_organism>Porphyromonas catoniae ATCC 51270</GBSeq_organism>
 <GBSeq_organism>Porphyromonas circumdentaria</GBSeq_organism>
 <GBSeq_organism>Porphyromonas gingivalis</GBSeq_organism>
 <GBSeq_organism>Porphyromonas asaccharolytica DSM 20707</GBSeq_organism>
 <GBSeq_organism>Prevotella loescheii</GBSeq_organism>
 <GBSeq_organism>Dysgonomonas capnocytophagoides</GBSeq_organism>
 <GBSeq_organism>Tannerella forsythia</GBSeq_organism>
 <GBSeq_organism>Porphyromonas cangingivalis</GBSeq_organism>
 <GBSeq_organism>Parabacteroides merdae ATCC 43184</GBSeq_organism>
 <GBSeq_organism>Porphyromonas endodontalis</GBSeq_organism>
 <GBSeq_organism>Capnocytophaga haemolytica</GBSeq_organism>
