 <GBSeq_organism>Arcicella aquatica</GBSeq_organism>
 <GBSeq_organism>Hymenobacter roseosalivarius DSM 11622</GBSeq_organism>
 <GBSeq_organism>Cyclobacterium marinum</GBSeq_organism>
 <GBSeq_organism>Sphingobacterium spiritivorum</GBSeq_organism>
 <GBSeq_organism>Reichenbachiella agariperforans</GBSeq_organism>
 <GBSeq_organism>Roseivirga ehrenbergii</GBSeq_organism>
 <GBSeq_organism>Marivirga tractuosa DSM 4126</GBSeq_organism>
 <GBSeq_organism>Lewinella cohaerens</GBSeq_organism>
 <GBSeq_organism>Spirosoma linguale</GBSeq_organism>
 <GBSeq_organism>Roseivirga ehrenbergii</GBSeq_organism>
 <GBSeq_organism>Candidatus Amoebophilus asiaticus</GBSeq_organism>
 <GBSeq_organism>Saprospira grandis</GBSeq_organism>
 <GBSeq_organism>Algoriphagus mannitolivorans</GBSeq_organism>
 <GBSeq_organism>Algoriphagus ratkowskyi</GBSeq_organism>
 <GBSeq_organism>Pedobacter heparinus DSM 2366</GBSeq_organism>
 <GBSeq_organism>Haliscomenobacter hydrossis</GBSeq_organism>
 <GBSeq_organism>Aquiflexum balticum</GBSeq_organism>
 <GBSeq_organism>Pontibacter actiniarum DSM 19842</GBSeq_organism>
 <GBSeq_organism>Flectobacillus major</GBSeq_organism>
 <GBSeq_organism>Cytophaga hutchinsonii</GBSeq_organism>
 <GBSeq_organism>Runella slithyformis</GBSeq_organism>
 <GBSeq_organism>Persicobacter diffluens</GBSeq_organism>
 <GBSeq_organism>Belliella baltica DSM 15883</GBSeq_organism>
 <GBSeq_organism>Alkaliflexus imshenetskii DSM 15055</GBSeq_organism>
 <GBSeq_organism>Dyadobacter fermentans DSM 18053</GBSeq_organism>
