 <GBSeq_organism>Paenibacillus massiliensis</GBSeq_organism>
 <GBSeq_organism>Paenibacillus lautus</GBSeq_organism>
 <GBSeq_organism>Paenibacillus macquariensis subsp. macquariensis</GBSeq_organism>
 <GBSeq_organism>Paenibacillus azoreducens</GBSeq_organism>
 <GBSeq_organism>Paenibacillus pabuli</GBSeq_organism>
 <GBSeq_organism>Paenibacillus wynnii</GBSeq_organism>
 <GBSeq_organism>Paenibacillus turicensis</GBSeq_organism>
 <GBSeq_organism>Paenibacillus favisporus</GBSeq_organism>
 <GBSeq_organism>Paenibacillus amylolyticus</GBSeq_organism>
 <GBSeq_organism>Paenibacillus graminis</GBSeq_organism>
 <GBSeq_organism>Paenibacillus sabinae</GBSeq_organism>
 <GBSeq_organism>Paenibacillus motobuensis</GBSeq_organism>
 <GBSeq_organism>Paenibacillus durus</GBSeq_organism>
 <GBSeq_organism>Paenibacillus cineris</GBSeq_organism>
 <GBSeq_organism>Paenibacillus curdlanolyticus YK9</GBSeq_organism>
 <GBSeq_organism>Saccharibacillus sacchari DSM 19268</GBSeq_organism>
 <GBSeq_organism>Paenibacillus sepulcri</GBSeq_organism>
 <GBSeq_organism>Paenibacillus odorifer</GBSeq_organism>
 <GBSeq_organism>Paenibacillus mendelii</GBSeq_organism>
 <GBSeq_organism>Paenibacillus xylanilyticus</GBSeq_organism>
 <GBSeq_organism>Paenibacillus borealis</GBSeq_organism>
 <GBSeq_organism>Paenibacillus hodogayensis</GBSeq_organism>
 <GBSeq_organism>Paenibacillus rhizosphaerae</GBSeq_organism>
 <GBSeq_organism>Paenibacillus naphthalenovorans</GBSeq_organism>
 <GBSeq_organism>Paenibacillus macerans</GBSeq_organism>
 <GBSeq_organism>Paenibacillus nematophilus</GBSeq_organism>
 <GBSeq_organism>Paenibacillus cookii</GBSeq_organism>
 <GBSeq_organism>Paenibacillus illinoisensis</GBSeq_organism>
 <GBSeq_organism>Paenibacillus cellulosilyticus</GBSeq_organism>
 <GBSeq_organism>Thermobacillus xylanilyticus</GBSeq_organism>
