 <GBSeq_organism>Achromobacter xylosoxidans</GBSeq_organism>
 <GBSeq_organism>Advenella sp. R-20007</GBSeq_organism>
 <GBSeq_organism>Taylorella equigenitalis ATCC 35865</GBSeq_organism>
 <GBSeq_organism>Kerstersia gyiorum</GBSeq_organism>
 <GBSeq_organism>Bordetella petrii</GBSeq_organism>
 <GBSeq_organism>Advenella sp. R-20008</GBSeq_organism>
 <GBSeq_organism>Castellaniella defragrans</GBSeq_organism>
 <GBSeq_organism>Alcaligenes faecalis</GBSeq_organism>
 <GBSeq_organism>Advenella incenata</GBSeq_organism>
 <GBSeq_organism>Pigmentiphaga kullae</GBSeq_organism>
 <GBSeq_organism>Oligella ureolytica DSM 18253</GBSeq_organism>
 <GBSeq_organism>Advenella sp. R-18191</GBSeq_organism>
 <GBSeq_organism>Bordetella trematum</GBSeq_organism>
 <GBSeq_organism>Paucimonas lemoignei</GBSeq_organism>
 <GBSeq_organism>Advenella incenata</GBSeq_organism>
 <GBSeq_organism>Massilia timonae</GBSeq_organism>
 <GBSeq_organism>Kerstersia similis</GBSeq_organism>
 <GBSeq_organism>Brackiella oedipodis</GBSeq_organism>
 <GBSeq_organism>Burkholderia cepacia</GBSeq_organism>
 <GBSeq_organism>Bordetella hinzii LMG 13501</GBSeq_organism>
 <GBSeq_organism>Achromobacter xylosoxidans</GBSeq_organism>
 <GBSeq_organism>Zoogloea ramigera</GBSeq_organism>
 <GBSeq_organism>Taylorella asinigenitalis</GBSeq_organism>
