 <GBSeq_organism>Streptomyces caelestis</GBSeq_organism>
 <GBSeq_organism>Streptomyces rhizosphaericus</GBSeq_organism>
 <GBSeq_organism>Streptomyces griseus subsp. griseus</GBSeq_organism>
 <GBSeq_organism>Streptomyces cangkringensis</GBSeq_organism>
 <GBSeq_organism>Streptomyces griseocarneus</GBSeq_organism>
 <GBSeq_organism>Streptomyces javensis</GBSeq_organism>
 <GBSeq_organism>Streptomyces yogyakartensis</GBSeq_organism>
 <GBSeq_organism>Streptomyces griseiniger</GBSeq_organism>
 <GBSeq_organism>Streptomyces albiflaviniger</GBSeq_organism>
 <GBSeq_organism>Streptomyces phaeoluteigriseus</GBSeq_organism>
 <GBSeq_organism>Streptomyces cyaneus</GBSeq_organism>
 <GBSeq_organism>Streptomyces asiaticus</GBSeq_organism>
 <GBSeq_organism>Streptomyces phaeoluteichromatogenes</GBSeq_organism>
 <GBSeq_organism>Streptomyces mirabilis</GBSeq_organism>
 <GBSeq_organism>Streptomyces yeochonensis</GBSeq_organism>
 <GBSeq_organism>Streptomyces phaeochromogenes</GBSeq_organism>
 <GBSeq_organism>Streptomyces coerulescens</GBSeq_organism>
 <GBSeq_organism>Streptomyces janthinus</GBSeq_organism>
 <GBSeq_organism>Streptomyces ferralitis</GBSeq_organism>
 <GBSeq_organism>Streptomyces fumanus</GBSeq_organism>
 <GBSeq_organism>Streptomyces auratus</GBSeq_organism>
 <GBSeq_organism>Streptomyces afghaniensis</GBSeq_organism>
 <GBSeq_organism>Streptomyces hygroscopicus</GBSeq_organism>
 <GBSeq_organism>Streptomyces violaceusniger</GBSeq_organism>
 <GBSeq_organism>Streptomyces violaceus</GBSeq_organism>
 <GBSeq_organism>Streptomyces roseoviolaceus</GBSeq_organism>
 <GBSeq_organism>Streptomyces lydicus</GBSeq_organism>
 <GBSeq_organism>Streptomyces olivochromogenes</GBSeq_organism>
 <GBSeq_organism>Streptomyces platensis</GBSeq_organism>
 <GBSeq_organism>Streptomyces purpurascens</GBSeq_organism>
