 <GBSeq_organism>Halomonas meridiana</GBSeq_organism>
 <GBSeq_organism>Halomonas magadiensis</GBSeq_organism>
 <GBSeq_organism>Halomonas magadiensis</GBSeq_organism>
 <GBSeq_organism>Halomonas salina</GBSeq_organism>
 <GBSeq_organism>Cobetia marina</GBSeq_organism>
 <GBSeq_organism>Salinicola salarius</GBSeq_organism>
 <GBSeq_organism>Carnimonas nigrificans</GBSeq_organism>
 <GBSeq_organism>Halomonas cupida</GBSeq_organism>
 <GBSeq_organism>Zymobacter palmae</GBSeq_organism>
 <GBSeq_organism>Halomonas boliviensis LC1</GBSeq_organism>
 <GBSeq_organism>Halomonas halodenitrificans</GBSeq_organism>
 <GBSeq_organism>Chromohalobacter sarecensis</GBSeq_organism>
 <GBSeq_organism>Halomonas pantelleriensis</GBSeq_organism>
 <GBSeq_organism>Cobetia marina</GBSeq_organism>
 <GBSeq_organism>Halomonas koreensis</GBSeq_organism>
 <GBSeq_organism>Halomonas anticariensis FP35 = DSM 16096</GBSeq_organism>
 <GBSeq_organism>Halomonas organivorans</GBSeq_organism>
 <GBSeq_organism>Halomonas sp. M70</GBSeq_organism>
 <GBSeq_organism>Halomonas taeanensis</GBSeq_organism>
 <GBSeq_organism>Halomonas sulfidaeris Esulfide1</GBSeq_organism>
 <GBSeq_organism>Chromohalobacter israelensis</GBSeq_organism>
 <GBSeq_organism>Halomonas desiderata</GBSeq_organism>
 <GBSeq_organism>Halomonas halmophila</GBSeq_organism>
 <GBSeq_organism>Halomonas venusta</GBSeq_organism>
 <GBSeq_organism>Halomonas sp. M59</GBSeq_organism>
 <GBSeq_organism>Halomonas janggokensis</GBSeq_organism>
 <GBSeq_organism>Halomonas sp. M69</GBSeq_organism>
 <GBSeq_organism>Halomonas subglaciescola</GBSeq_organism>
 <GBSeq_organism>Halomonas axialensis</GBSeq_organism>
 <GBSeq_organism>Halomonas ventosae</GBSeq_organism>
 <GBSeq_organism>Kushneria marisflavi</GBSeq_organism>
 <GBSeq_organism>Halomonas muralis</GBSeq_organism>
 <GBSeq_organism>Chromohalobacter marismortui</GBSeq_organism>
 <GBSeq_organism>Halomonas neptunia</GBSeq_organism>
 <GBSeq_organism>Halomonas halocynthiae</GBSeq_organism>
 <GBSeq_organism>Halomonas almeriensis</GBSeq_organism>
 <GBSeq_organism>Halomonas maura</GBSeq_organism>
 <GBSeq_organism>Chromohalobacter nigrandesensis</GBSeq_organism>
 <GBSeq_organism>Chromohalobacter beijerinckii</GBSeq_organism>
 <GBSeq_organism>Halomonas pacifica</GBSeq_organism>
 <GBSeq_organism>Halomonas gomseomensis</GBSeq_organism>
 <GBSeq_organism>Halomonas sp. M58</GBSeq_organism>
 <GBSeq_organism>Halomonas aquamarina</GBSeq_organism>
 <GBSeq_organism>Halomonas sp. M67</GBSeq_organism>
 <GBSeq_organism>Halomonas variabilis</GBSeq_organism>
 <GBSeq_organism>Halomonas denitrificans</GBSeq_organism>
 <GBSeq_organism>Halomonas sp. M66</GBSeq_organism>
 <GBSeq_organism>Pseudomonas halophila</GBSeq_organism>
 <GBSeq_organism>Chromohalobacter canadensis</GBSeq_organism>
 <GBSeq_organism>Halomonas hydrothermalis</GBSeq_organism>
 <GBSeq_organism>Halomonas campisalis</GBSeq_organism>
 <GBSeq_organism>Halomonas alimentaria</GBSeq_organism>
