 <GBSeq_organism>Caenorhabditis elegans</GBSeq_organism>
 <GBSeq_organism>Aeromonas hydrophila</GBSeq_organism>
 <GBSeq_organism>Mus musculus</GBSeq_organism>
 <GBSeq_organism>Aeromonas encheleia</GBSeq_organism>
 <GBSeq_organism>Mus musculus</GBSeq_organism>
 <GBSeq_organism>Aeromonas cf. bestiarum/salmonicida</GBSeq_organism>
 <GBSeq_organism>Mus musculus</GBSeq_organism>
 <GBSeq_organism>Mus musculus</GBSeq_organism>
 <GBSeq_organism>Mus musculus</GBSeq_organism>
 <GBSeq_organism>Aeromonas enteropelogenes</GBSeq_organism>
 <GBSeq_organism>Mus musculus</GBSeq_organism>
 <GBSeq_organism>Mus musculus</GBSeq_organism>
 <GBSeq_organism>Aeromonas veronii</GBSeq_organism>
 <GBSeq_organism>Vibrio vulnificus</GBSeq_organism>
 <GBSeq_organism>Mus musculus</GBSeq_organism>
 <GBSeq_organism>Aeromonas sp. MDC 364</GBSeq_organism>
 <GBSeq_organism>Aeromonas caviae</GBSeq_organism>
 <GBSeq_organism>Aeromonas allosaccharophila</GBSeq_organism>
 <GBSeq_organism>Mus musculus</GBSeq_organism>
 <GBSeq_organism>Centruroides sculpturatus</GBSeq_organism>
 <GBSeq_organism>Vibrio parahaemolyticus</GBSeq_organism>
 <GBSeq_organism>Mus musculus</GBSeq_organism>
 <GBSeq_organism>Aeromonas sobria</GBSeq_organism>
 <GBSeq_organism>Mus musculus</GBSeq_organism>
 <GBSeq_organism>Caenorhabditis elegans</GBSeq_organism>
 <GBSeq_organism>Nicotiana alata</GBSeq_organism>
 <GBSeq_organism>Centruroides sculpturatus</GBSeq_organism>
