 <GBSeq_organism>Streptomyces bikiniensis</GBSeq_organism>
 <GBSeq_organism>Streptomyces tanashiensis</GBSeq_organism>
 <GBSeq_organism>Streptomyces purpureus</GBSeq_organism>
 <GBSeq_organism>Streptomyces crystallinus</GBSeq_organism>
 <GBSeq_organism>Streptomyces zaomyceticus</GBSeq_organism>
 <GBSeq_organism>Streptomyces globosus</GBSeq_organism>
 <GBSeq_organism>Streptomyces toxytricini</GBSeq_organism>
 <GBSeq_organism>Streptomyces griseochromogenes</GBSeq_organism>
 <GBSeq_organism>Streptomyces noursei</GBSeq_organism>
 <GBSeq_organism>Streptomyces cellostaticus</GBSeq_organism>
 <GBSeq_organism>Streptomyces flavovariabilis</GBSeq_organism>
 <GBSeq_organism>Streptomyces violaceorectus</GBSeq_organism>
 <GBSeq_organism>Streptomyces indicus</GBSeq_organism>
 <GBSeq_organism>Streptomyces omiyaensis</GBSeq_organism>
 <GBSeq_organism>Streptomyces venezuelae</GBSeq_organism>
 <GBSeq_organism>Streptomyces achromogenes subsp. achromogenes</GBSeq_organism>
 <GBSeq_organism>Streptomyces nashvillensis</GBSeq_organism>
 <GBSeq_organism>Streptomyces narbonensis</GBSeq_organism>
 <GBSeq_organism>Streptacidiphilus jeojiense</GBSeq_organism>
 <GBSeq_organism>Streptomyces xantholiticus</GBSeq_organism>
 <GBSeq_organism>Streptomyces virginiae</GBSeq_organism>
