 <GBSeq_organism>Helicobacter canis</GBSeq_organism>
 <GBSeq_organism>Helicobacter bilis</GBSeq_organism>
 <GBSeq_organism>Helicobacter bilis</GBSeq_organism>
 <GBSeq_organism>Helicobacter canadensis</GBSeq_organism>
 <GBSeq_organism>Helicobacter winghamensis</GBSeq_organism>
 <GBSeq_organism>Helicobacter bilis</GBSeq_organism>
 <GBSeq_organism>Helicobacter trogontum</GBSeq_organism>
 <GBSeq_organism>Helicobacter canis</GBSeq_organism>
 <GBSeq_organism>Helicobacter trogontum</GBSeq_organism>
 <GBSeq_organism>Helicobacter bilis</GBSeq_organism>
 <GBSeq_organism>Helicobacter ganmani</GBSeq_organism>
 <GBSeq_organism>Helicobacter bilis</GBSeq_organism>
 <GBSeq_organism>Helicobacter bilis</GBSeq_organism>
 <GBSeq_organism>Helicobacter aurati</GBSeq_organism>
 <GBSeq_organism>Helicobacter bilis</GBSeq_organism>
 <GBSeq_organism>Helicobacter fennelliae</GBSeq_organism>
 <GBSeq_organism>Helicobacter cinaedi CCUG 18818</GBSeq_organism>
 <GBSeq_organism>Helicobacter cinaedi</GBSeq_organism>
 <GBSeq_organism>Helicobacter trogontum</GBSeq_organism>
 <GBSeq_organism>Helicobacter bilis</GBSeq_organism>
 <GBSeq_organism>Helicobacter muridarum</GBSeq_organism>
 <GBSeq_organism>Helicobacter bilis</GBSeq_organism>
 <GBSeq_organism>Helicobacter bilis</GBSeq_organism>
 <GBSeq_organism>Alvinella pompejana</GBSeq_organism>
 <GBSeq_organism>Helicobacter bilis ATCC 43879</GBSeq_organism>
 <GBSeq_organism>Alvinella pompejana</GBSeq_organism>
 <GBSeq_organism>Helicobacter sp. &apos;Flexispira taxon 10&apos;</GBSeq_organism>
 <GBSeq_organism>Helicobacter pullorum NCTC 12824</GBSeq_organism>
