 <GBSeq_organism>Desulfovibrio fructosivorans JJ</GBSeq_organism>
 <GBSeq_organism>Desulfobotulus sapovorans</GBSeq_organism>
 <GBSeq_organism>Desulfotomaculum putei</GBSeq_organism>
 <GBSeq_organism>Thermodesulfovibrio yellowstonii</GBSeq_organism>
 <GBSeq_organism>Desulfonatronovibrio hydrogenovorans</GBSeq_organism>
 <GBSeq_organism>Desulfonatronum lacustre DSM 10312</GBSeq_organism>
 <GBSeq_organism>Desulfofaba gelida</GBSeq_organism>
 <GBSeq_organism>Desulfotomaculum acetoxidans</GBSeq_organism>
 <GBSeq_organism>Desulfovibrio desulfuricans subsp. desulfuricans</GBSeq_organism>
 <GBSeq_organism>Desulfococcus multivorans</GBSeq_organism>
 <GBSeq_organism>Desulfovibrio cuneatus</GBSeq_organism>
 <GBSeq_organism>Desulfosarcina variabilis str. Montpellier</GBSeq_organism>
 <GBSeq_organism>Desulforhopalus vacuolatus</GBSeq_organism>
 <GBSeq_organism>Desulfomonile tiedjei DSM 6799</GBSeq_organism>
 <GBSeq_organism>Desulfohalobium retbaense DSM 5692</GBSeq_organism>
 <GBSeq_organism>Desulfovibrio africanus</GBSeq_organism>
 <GBSeq_organism>Desulfobulbus propionicus</GBSeq_organism>
 <GBSeq_organism>Desulfobacter latus</GBSeq_organism>
 <GBSeq_organism>Desulfarculus baarsii DSM 2075</GBSeq_organism>
 <GBSeq_organism>Desulfosporosinus orientis</GBSeq_organism>
 <GBSeq_organism>Desulfovirga adipica</GBSeq_organism>
 <GBSeq_organism>Thermodesulfobacterium thermophilum</GBSeq_organism>
 <GBSeq_organism>Thermodesulforhabdus norvegica</GBSeq_organism>
 <GBSeq_organism>Archaeoglobus fulgidus</GBSeq_organism>
 <GBSeq_organism>unidentified sulfate-reducing bacterium</GBSeq_organism>
