 <GBSeq_organism>Providencia stuartii</GBSeq_organism>
 <GBSeq_organism>Homo sapiens</GBSeq_organism>
 <GBSeq_organism>Serratia liquefaciens</GBSeq_organism>
 <GBSeq_organism>Mytilus galloprovincialis</GBSeq_organism>
 <GBSeq_organism>Citrobacter braakii</GBSeq_organism>
 <GBSeq_organism>Hafnia alvei ATCC 13337</GBSeq_organism>
 <GBSeq_organism>Salmonella bongori</GBSeq_organism>
 <GBSeq_organism>Shimwellia pseudoproteus</GBSeq_organism>
 <GBSeq_organism>Kluyvera ascorbata ATCC 33433</GBSeq_organism>
 <GBSeq_organism>Buttiauxella agrestis ATCC 33320</GBSeq_organism>
 <GBSeq_organism>Plesiomonas shigelloides</GBSeq_organism>
 <GBSeq_organism>Morganella morganii subsp. morganii</GBSeq_organism>
 <GBSeq_organism>Klebsiella pneumoniae</GBSeq_organism>
 <GBSeq_organism>Escherichia fergusonii ATCC 35469</GBSeq_organism>
 <GBSeq_organism>Brenneria salicis ATCC 15712</GBSeq_organism>
 <GBSeq_organism>Enterobacter cloacae</GBSeq_organism>
 <GBSeq_organism>Zea mays</GBSeq_organism>
 <GBSeq_organism>Citrobacter rodentium</GBSeq_organism>
 <GBSeq_organism>Proteus mirabilis</GBSeq_organism>
 <GBSeq_organism>Pectobacterium atrosepticum SCRI1043</GBSeq_organism>
 <GBSeq_organism>Citrobacter amalonaticus</GBSeq_organism>
 <GBSeq_organism>Erwinia amylovora</GBSeq_organism>
