 <GBSeq_organism>Coconut lethal yellowing phytoplasma</GBSeq_organism>
 <GBSeq_organism>Atypical aster yellows phytoplasma</GBSeq_organism>
 <GBSeq_organism>marine metagenome</GBSeq_organism>
 <GBSeq_organism>Cactus aster yellows phytoplasma</GBSeq_organism>
 <GBSeq_organism>&apos;Euscelidius variegatus&apos; phytoplasma</GBSeq_organism>
 <GBSeq_organism>marine metagenome</GBSeq_organism>
 <GBSeq_organism>marine metagenome</GBSeq_organism>
 <GBSeq_organism>&apos;Crotalaria saltiana&apos; phyllody phytoplasma</GBSeq_organism>
 <GBSeq_organism>Catharanthus phyllody phytoplasma</GBSeq_organism>
 <GBSeq_organism>marine metagenome</GBSeq_organism>
 <GBSeq_organism>marine metagenome</GBSeq_organism>
 <GBSeq_organism>Human immunodeficiency virus 1</GBSeq_organism>
 <GBSeq_organism>Faba bean phyllody phytoplasma</GBSeq_organism>
 <GBSeq_organism>marine metagenome</GBSeq_organism>
 <GBSeq_organism>marine metagenome</GBSeq_organism>
 <GBSeq_organism>marine metagenome</GBSeq_organism>
 <GBSeq_organism>Candidatus Phytoplasma prunorum</GBSeq_organism>
 <GBSeq_organism>Napier grass stunt phytoplasma</GBSeq_organism>
 <GBSeq_organism>marine metagenome</GBSeq_organism>
 <GBSeq_organism>Tanzanian lethal decline phytoplasma</GBSeq_organism>
 <GBSeq_organism>marine metagenome</GBSeq_organism>
 <GBSeq_organism>Pigeon pea witches&apos;-broom phytoplasma</GBSeq_organism>
 <GBSeq_organism>marine metagenome</GBSeq_organism>
 <GBSeq_organism>Cordyline phytoplasma</GBSeq_organism>
 <GBSeq_organism>&apos;Euscelidius variegatus&apos; phytoplasma</GBSeq_organism>
 <GBSeq_organism>Kerivoula intermedia</GBSeq_organism>
 <GBSeq_organism>Ipomoea phytoplasma</GBSeq_organism>
 <GBSeq_organism>marine metagenome</GBSeq_organism>
 <GBSeq_organism>marine metagenome</GBSeq_organism>
 <GBSeq_organism>Pepper stolbur phytoplasma</GBSeq_organism>
 <GBSeq_organism>Candidatus Phytoplasma prunorum</GBSeq_organism>
 <GBSeq_organism>Pigeon pea witches&apos;-broom phytoplasma</GBSeq_organism>
 <GBSeq_organism>German stone fruit yellows phytoplasma</GBSeq_organism>
 <GBSeq_organism>Peach Western X phytoplasma</GBSeq_organism>
 <GBSeq_organism>marine metagenome</GBSeq_organism>
 <GBSeq_organism>Tanzanian lethal decline phytoplasma</GBSeq_organism>
 <GBSeq_organism>marine metagenome</GBSeq_organism>
 <GBSeq_organism>marine metagenome</GBSeq_organism>
 <GBSeq_organism>marine metagenome</GBSeq_organism>
 <GBSeq_organism>Mexican periwinkle virescence phytoplasma</GBSeq_organism>
 <GBSeq_organism>marine metagenome</GBSeq_organism>
 <GBSeq_organism>Green valley X phytoplasma</GBSeq_organism>
 <GBSeq_organism>Australian tomato big bud phytoplasma</GBSeq_organism>
 <GBSeq_organism>marine metagenome</GBSeq_organism>
 <GBSeq_organism>marine metagenome</GBSeq_organism>
 <GBSeq_organism>Cape St. Paul wilt disease phytoplasma</GBSeq_organism>
 <GBSeq_organism>Faba bean phyllody phytoplasma</GBSeq_organism>
 <GBSeq_organism>Apricot chlorotic leafroll phytoplasma</GBSeq_organism>
 <GBSeq_organism>marine metagenome</GBSeq_organism>
 <GBSeq_organism>&apos;Crotalaria saltiana&apos; phyllody phytoplasma</GBSeq_organism>
 <GBSeq_organism>Elm witches&apos;-broom phytoplasma</GBSeq_organism>
 <GBSeq_organism>marine metagenome</GBSeq_organism>
 <GBSeq_organism>Brinjal little leaf phytoplasma</GBSeq_organism>
 <GBSeq_organism>Candidatus Phytoplasma fraxini</GBSeq_organism>
 <GBSeq_organism>Catharanthus phyllody phytoplasma</GBSeq_organism>
 <GBSeq_organism>Black currant reversion disease phytoplasma</GBSeq_organism>
 <GBSeq_organism>Ipomoea phytoplasma</GBSeq_organism>
 <GBSeq_organism>marine metagenome</GBSeq_organism>
 <GBSeq_organism>marine metagenome</GBSeq_organism>
 <GBSeq_organism>Candidatus Phytoplasma fraxini</GBSeq_organism>
 <GBSeq_organism>marine metagenome</GBSeq_organism>
 <GBSeq_organism>Soybean phyllody phytoplasma</GBSeq_organism>
 <GBSeq_organism>Candidatus Phytoplasma mali</GBSeq_organism>
 <GBSeq_organism>marine metagenome</GBSeq_organism>
 <GBSeq_organism>marine metagenome</GBSeq_organism>
 <GBSeq_organism>marine metagenome</GBSeq_organism>
 <GBSeq_organism>marine metagenome</GBSeq_organism>
 <GBSeq_organism>Soybean phyllody phytoplasma</GBSeq_organism>
 <GBSeq_organism>marine metagenome</GBSeq_organism>
 <GBSeq_organism>marine metagenome</GBSeq_organism>
 <GBSeq_organism>marine metagenome</GBSeq_organism>
 <GBSeq_organism>Lime witches&apos;-broom phytoplasma</GBSeq_organism>
 <GBSeq_organism>marine metagenome</GBSeq_organism>
 <GBSeq_organism>Lime witches&apos;-broom phytoplasma</GBSeq_organism>
 <GBSeq_organism>Coconut lethal yellowing phytoplasma</GBSeq_organism>
 <GBSeq_organism>Potato witches&apos;-broom phytoplasma</GBSeq_organism>
 <GBSeq_organism>Candidatus Phytoplasma mali</GBSeq_organism>
 <GBSeq_organism>marine metagenome</GBSeq_organism>
 <GBSeq_organism>Poinsettia branching factor phytoplasma</GBSeq_organism>
 <GBSeq_organism>Atypical aster yellows phytoplasma</GBSeq_organism>
 <GBSeq_organism>Black currant reversion disease phytoplasma</GBSeq_organism>
 <GBSeq_organism>marine metagenome</GBSeq_organism>
 <GBSeq_organism>marine metagenome</GBSeq_organism>
 <GBSeq_organism>Cape St. Paul wilt disease phytoplasma</GBSeq_organism>
 <GBSeq_organism>marine metagenome</GBSeq_organism>
 <GBSeq_organism>Clover phyllody phytoplasma</GBSeq_organism>
 <GBSeq_organism>Sweet potato little leaf phytoplasma</GBSeq_organism>
 <GBSeq_organism>Brinjal little leaf phytoplasma</GBSeq_organism>
 <GBSeq_organism>marine metagenome</GBSeq_organism>
 <GBSeq_organism>Cordyline phytoplasma</GBSeq_organism>
 <GBSeq_organism>marine metagenome</GBSeq_organism>
 <GBSeq_organism>Clover phyllody phytoplasma</GBSeq_organism>
 <GBSeq_organism>Clover phyllody phytoplasma</GBSeq_organism>
 <GBSeq_organism>marine metagenome</GBSeq_organism>
 <GBSeq_organism>marine metagenome</GBSeq_organism>
 <GBSeq_organism>Coconut lethal yellowing phytoplasma</GBSeq_organism>
 <GBSeq_organism>Cordyline phytoplasma</GBSeq_organism>
 <GBSeq_organism>Poinsettia branching factor phytoplasma</GBSeq_organism>
 <GBSeq_organism>Peach Western X phytoplasma</GBSeq_organism>
