 <GBSeq_organism>Microbulbifer thermotolerans</GBSeq_organism>
 <GBSeq_organism>Escherichia coli DSM 30083 = JCM 1649 = ATCC 11775</GBSeq_organism>
 <GBSeq_organism>Cellvibrio mixtus subsp. mixtus</GBSeq_organism>
 <GBSeq_organism>Microbulbifer elongatus</GBSeq_organism>
 <GBSeq_organism>Microbulbifer maritimus</GBSeq_organism>
 <GBSeq_organism>Oceanospirillum linum</GBSeq_organism>
 <GBSeq_organism>Marinomonas vaga</GBSeq_organism>
 <GBSeq_organism>Microbulbifer hydrolyticus</GBSeq_organism>
 <GBSeq_organism>Pseudomonas stutzeri ATCC 17588 = LMG 11199</GBSeq_organism>
 <GBSeq_organism>Marinobacter hydrocarbonoclasticus ATCC 49840</GBSeq_organism>
 <GBSeq_organism>Microbulbifer variabilis</GBSeq_organism>
 <GBSeq_organism>Microbulbifer variabilis</GBSeq_organism>
 <GBSeq_organism>Microbulbifer salipaludis</GBSeq_organism>
 <GBSeq_organism>Microbulbifer celer</GBSeq_organism>
 <GBSeq_organism>Teredinibacter turnerae</GBSeq_organism>
 <GBSeq_organism>Pseudomonas aeruginosa</GBSeq_organism>
 <GBSeq_organism>Alteromonas macleodii</GBSeq_organism>
 <GBSeq_organism>Halomonas elongata DSM 2581</GBSeq_organism>
 <GBSeq_organism>Saccharophagus degradans 2-40</GBSeq_organism>
 <GBSeq_organism>Alcanivorax borkumensis SK2</GBSeq_organism>
