 <GBSeq_organism>Chryseobacterium joostei</GBSeq_organism>
 <GBSeq_organism>Cloacibacterium normanense</GBSeq_organism>
 <GBSeq_organism>Chryseobacterium luteum</GBSeq_organism>
 <GBSeq_organism>Riemerella columbina</GBSeq_organism>
 <GBSeq_organism>Chryseobacterium jeonii</GBSeq_organism>
 <GBSeq_organism>Chryseobacterium ureilyticum</GBSeq_organism>
 <GBSeq_organism>Chryseobacterium hispanicum</GBSeq_organism>
 <GBSeq_organism>Chryseobacterium indologenes</GBSeq_organism>
 <GBSeq_organism>Chryseobacterium soli</GBSeq_organism>
 <GBSeq_organism>Chryseobacterium soldanellicola</GBSeq_organism>
 <GBSeq_organism>Chryseobacterium scophthalmum</GBSeq_organism>
 <GBSeq_organism>Chryseobacterium pallidum</GBSeq_organism>
 <GBSeq_organism>Chryseobacterium taeanense</GBSeq_organism>
 <GBSeq_organism>Riemerella anatipestifer ATCC 11845 = DSM 15868</GBSeq_organism>
 <GBSeq_organism>Chryseobacterium marinum</GBSeq_organism>
 <GBSeq_organism>Chryseobacterium koreense</GBSeq_organism>
 <GBSeq_organism>Chryseobacterium taklimakanense</GBSeq_organism>
 <GBSeq_organism>Chryseobacterium indoltheticum</GBSeq_organism>
 <GBSeq_organism>Weeksella virosa</GBSeq_organism>
 <GBSeq_organism>Chryseobacterium daeguense</GBSeq_organism>
 <GBSeq_organism>Chryseobacterium taiwanense</GBSeq_organism>
 <GBSeq_organism>Chryseobacterium hominis</GBSeq_organism>
 <GBSeq_organism>Bergeyella zoohelcum</GBSeq_organism>
 <GBSeq_organism>Chryseobacterium aquifrigidense</GBSeq_organism>
 <GBSeq_organism>Chryseobacterium antarcticum</GBSeq_organism>
 <GBSeq_organism>Chryseobacterium vrystaatense</GBSeq_organism>
 <GBSeq_organism>Chryseobacterium gleum</GBSeq_organism>
 <GBSeq_organism>Chryseobacterium haifense</GBSeq_organism>
 <GBSeq_organism>Chryseobacterium caeni</GBSeq_organism>
 <GBSeq_organism>Chryseobacterium taichungense</GBSeq_organism>
 <GBSeq_organism>Chryseobacterium daecheongense</GBSeq_organism>
 <GBSeq_organism>Chryseobacterium gambrini</GBSeq_organism>
 <GBSeq_organism>Epilithonimonas tenax</GBSeq_organism>
 <GBSeq_organism>Chryseobacterium wanjuense</GBSeq_organism>
 <GBSeq_organism>Chryseobacterium jejuense</GBSeq_organism>
