 <GBSeq_organism>Aquimonas voraii</GBSeq_organism>
 <GBSeq_organism>Thermithiobacillus tepidarius</GBSeq_organism>
 <GBSeq_organism>Escherichia coli DSM 30083 = JCM 1649 = ATCC 11775</GBSeq_organism>
 <GBSeq_organism>Nitrococcus mobilis</GBSeq_organism>
 <GBSeq_organism>Thiohalorhabdus denitrificans</GBSeq_organism>
 <GBSeq_organism>Thiohalophilus thiocyanatoxydans</GBSeq_organism>
 <GBSeq_organism>Halorhodospira halophila</GBSeq_organism>
 <GBSeq_organism>Halospina denitrificans</GBSeq_organism>
 <GBSeq_organism>Nitrosococcus halophilus</GBSeq_organism>
 <GBSeq_organism>phototrophic bacterium</GBSeq_organism>
 <GBSeq_organism>uncultured organism</GBSeq_organism>
 <GBSeq_organism>Thiohalorhabdus denitrificans</GBSeq_organism>
 <GBSeq_organism>Arhodomonas aquaeolei</GBSeq_organism>
 <GBSeq_organism>Thiohalorhabdus denitrificans</GBSeq_organism>
 <GBSeq_organism>Halothiobacillus halophilus</GBSeq_organism>
 <GBSeq_organism>Acidithiobacillus ferrooxidans</GBSeq_organism>
 <GBSeq_organism>Marinobacter hydrocarbonoclasticus ATCC 49840</GBSeq_organism>
 <GBSeq_organism>Thiohalospira halophila DSM 15071</GBSeq_organism>
 <GBSeq_organism>Thiomicrospira pelophila</GBSeq_organism>
 <GBSeq_organism>Thioalkalivibrio versutus AL 2</GBSeq_organism>
 <GBSeq_organism>Thiohalorhabdus denitrificans</GBSeq_organism>
 <GBSeq_organism>Halomonas elongata</GBSeq_organism>
 <GBSeq_organism>Thiohalorhabdus denitrificans</GBSeq_organism>
 <GBSeq_organism>uncultured organism</GBSeq_organism>
 <GBSeq_organism>Alcanivorax borkumensis SK2</GBSeq_organism>
 <GBSeq_organism>Thiorhodospira sibirica ATCC 700588</GBSeq_organism>
 <GBSeq_organism>Salinisphaera shabanensis E1L3A</GBSeq_organism>
 <GBSeq_organism>Marichromatium sp. JA120</GBSeq_organism>
 <GBSeq_organism>Thiohalorhabdus denitrificans</GBSeq_organism>
