 <GBSeq_organism>Prosthecobacter debontii</GBSeq_organism>
 <GBSeq_organism>Verrucomicrobiae bacterium pACH90</GBSeq_organism>
 <GBSeq_organism>uncultured Verrucomicrobia bacterium</GBSeq_organism>
 <GBSeq_organism>uncultured Verrucomicrobia bacterium</GBSeq_organism>
 <GBSeq_organism>uncultured bacterium CHAB-II-49</GBSeq_organism>
 <GBSeq_organism>Lentisphaera araneosa HTCC2155</GBSeq_organism>
 <GBSeq_organism>Prosthecobacter dejongeii</GBSeq_organism>
 <GBSeq_organism>Chthoniobacter flavus Ellin428</GBSeq_organism>
 <GBSeq_organism>Rubritalea marina</GBSeq_organism>
 <GBSeq_organism>Prosthecobacter vanneervenii</GBSeq_organism>
 <GBSeq_organism>uncultured bacterium</GBSeq_organism>
 <GBSeq_organism>Akkermansia muciniphila ATCC BAA-835</GBSeq_organism>
 <GBSeq_organism>bacterium Ellin5102</GBSeq_organism>
 <GBSeq_organism>uncultured soil bacterium</GBSeq_organism>
 <GBSeq_organism>uncultured Verrucomicrobia bacterium</GBSeq_organism>
 <GBSeq_organism>Candidatus Xiphinematobacter rivesi</GBSeq_organism>
 <GBSeq_organism>Verrucomicrobium spinosum DSM 4136 = JCM 18804</GBSeq_organism>
 <GBSeq_organism>uncultured eubacterium WCHB1-25</GBSeq_organism>
 <GBSeq_organism>uncultured bacterium</GBSeq_organism>
 <GBSeq_organism>Candidatus Xiphinematobacter americani</GBSeq_organism>
 <GBSeq_organism>Prosthecobacter fusiformis</GBSeq_organism>
 <GBSeq_organism>Candidatus Xiphinematobacter brevicolli</GBSeq_organism>
 <GBSeq_organism>uncultured bacterium FukuN111</GBSeq_organism>
 <GBSeq_organism>Opitutus terrae PB90-1</GBSeq_organism>
 <GBSeq_organism>uncultured verrucomicrobium DEV114</GBSeq_organism>
 <GBSeq_organism>Epixenosomes of Euplotidium arenarium</GBSeq_organism>
