 <GBSeq_organism>Nonomuraea coxensis</GBSeq_organism>
 <GBSeq_organism>Nonomuraea pusilla</GBSeq_organism>
 <GBSeq_organism>Nonomuraea polychroma</GBSeq_organism>
 <GBSeq_organism>Nonomuraea roseola</GBSeq_organism>
 <GBSeq_organism>Nonomuraea spiralis</GBSeq_organism>
 <GBSeq_organism>Nonomuraea africana</GBSeq_organism>
 <GBSeq_organism>Nonomuraea helvata</GBSeq_organism>
 <GBSeq_organism>Nonomuraea fastidiosa</GBSeq_organism>
 <GBSeq_organism>Nonomuraea turkmeniaca</GBSeq_organism>
 <GBSeq_organism>Nonomuraea rosea</GBSeq_organism>
 <GBSeq_organism>Nonomuraea maheshkhaliensis</GBSeq_organism>
 <GBSeq_organism>Thermopolyspora flexuosa</GBSeq_organism>
 <GBSeq_organism>Nonomuraea antimicrobica</GBSeq_organism>
 <GBSeq_organism>Nonomuraea rubra</GBSeq_organism>
 <GBSeq_organism>Nonomuraea wenchangensis</GBSeq_organism>
 <GBSeq_organism>Nonomuraea dietziae</GBSeq_organism>
 <GBSeq_organism>Nonomuraea ferruginea</GBSeq_organism>
 <GBSeq_organism>Nonomuraea recticatena</GBSeq_organism>
 <GBSeq_organism>Nonomuraea angiospora</GBSeq_organism>
 <GBSeq_organism>Nonomuraea kuesteri</GBSeq_organism>
 <GBSeq_organism>Nonomuraea salmonea</GBSeq_organism>
