 <GBSeq_organism>Rhizobium leucaenae USDA 9039</GBSeq_organism>
 <GBSeq_organism>Rhizobium phaseoli</GBSeq_organism>
 <GBSeq_organism>Bradyrhizobium elkanii</GBSeq_organism>
 <GBSeq_organism>Rhizobium daejeonense</GBSeq_organism>
 <GBSeq_organism>Rhizobium oryzae</GBSeq_organism>
 <GBSeq_organism>Rhizobium tropici CIAT 899</GBSeq_organism>
 <GBSeq_organism>Rhizobium mesosinicum</GBSeq_organism>
 <GBSeq_organism>Agrobacterium rubi</GBSeq_organism>
 <GBSeq_organism>Rhizobium sullae</GBSeq_organism>
 <GBSeq_organism>Neorhizobium galegae</GBSeq_organism>
 <GBSeq_organism>Rhizobium miluonense</GBSeq_organism>
 <GBSeq_organism>Agrobacterium rhizogenes</GBSeq_organism>
 <GBSeq_organism>Rhizobium undicola</GBSeq_organism>
 <GBSeq_organism>Rhizobium lusitanum</GBSeq_organism>
 <GBSeq_organism>Rhizobium etli CFN 42</GBSeq_organism>
 <GBSeq_organism>Neorhizobium huautlense</GBSeq_organism>
 <GBSeq_organism>Agrobacterium vitis</GBSeq_organism>
 <GBSeq_organism>Rhizobium pisi</GBSeq_organism>
 <GBSeq_organism>Rhizobium alamii</GBSeq_organism>
 <GBSeq_organism>Rhizobium multihospitium</GBSeq_organism>
 <GBSeq_organism>Rhizobium loessense</GBSeq_organism>
 <GBSeq_organism>Rhizobium gallicum</GBSeq_organism>
 <GBSeq_organism>Rhizobium tubonense</GBSeq_organism>
 <GBSeq_organism>Rhizobium hainanense</GBSeq_organism>
