 <GBSeq_organism>Methanosarcina mazei</GBSeq_organism>
 <GBSeq_organism>Methanococcoides burtonii</GBSeq_organism>
 <GBSeq_organism>Methanomethylovorans thermophila</GBSeq_organism>
 <GBSeq_organism>Methanosaeta concilii</GBSeq_organism>
 <GBSeq_organism>Methanolobus vulcani</GBSeq_organism>
 <GBSeq_organism>Methanosarcina lacustris</GBSeq_organism>
 <GBSeq_organism>Methanosarcina siciliae</GBSeq_organism>
 <GBSeq_organism>Methanosarcina acetivorans</GBSeq_organism>
 <GBSeq_organism>Methanococcoides methylutens</GBSeq_organism>
 <GBSeq_organism>Methanomethylovorans hollandica</GBSeq_organism>
 <GBSeq_organism>Methanomethylovorans victoriae</GBSeq_organism>
 <GBSeq_organism>Methanosarcina vacuolata</GBSeq_organism>
 <GBSeq_organism>Methanolobus bombayensis</GBSeq_organism>
 <GBSeq_organism>Methanomethylovorans hollandica</GBSeq_organism>
 <GBSeq_organism>Methanohalobium evestigatum Z-7303</GBSeq_organism>
 <GBSeq_organism>Methanolobus tindarius</GBSeq_organism>
 <GBSeq_organism>Methanolobus taylorii</GBSeq_organism>
 <GBSeq_organism>Methanosarcina barkeri</GBSeq_organism>
 <GBSeq_organism>Methanohalobium evestigatum</GBSeq_organism>
 <GBSeq_organism>Methanolobus vulcani</GBSeq_organism>
 <GBSeq_organism>Methanosarcina barkeri</GBSeq_organism>
 <GBSeq_organism>Methanohalophilus mahii DSM 5219</GBSeq_organism>
 <GBSeq_organism>Methanosarcina thermophila TM-1</GBSeq_organism>
 <GBSeq_organism>Methanolobus tindarius</GBSeq_organism>
 <GBSeq_organism>Methanohalophilus euhalobius</GBSeq_organism>
 <GBSeq_organism>Methanosaeta concilii GP6</GBSeq_organism>
 <GBSeq_organism>Methanomethylovorans hollandica DSM 15978</GBSeq_organism>
 <GBSeq_organism>Methanolobus bombayensis</GBSeq_organism>
 <GBSeq_organism>Methanosarcina semesiae</GBSeq_organism>
 <GBSeq_organism>uncultured archaeon</GBSeq_organism>
 <GBSeq_organism>Methanosarcina acetivorans</GBSeq_organism>
 <GBSeq_organism>Methanolobus taylorii</GBSeq_organism>
 <GBSeq_organism>Methanosarcina vacuolata</GBSeq_organism>
 <GBSeq_organism>Methanosarcina mazei</GBSeq_organism>
 <GBSeq_organism>Methanomethylovorans thermophila</GBSeq_organism>
 <GBSeq_organism>Methanomethylovorans hollandica</GBSeq_organism>
 <GBSeq_organism>Methanococcoides burtonii</GBSeq_organism>
 <GBSeq_organism>Methanococcoides methylutens</GBSeq_organism>
 <GBSeq_organism>Methanohalophilus mahii</GBSeq_organism>
 <GBSeq_organism>Methanohalobium sp. strain SD-1</GBSeq_organism>
 <GBSeq_organism>Methanosarcina sp. WH-1</GBSeq_organism>
 <GBSeq_organism>Methanolobus oregonensis</GBSeq_organism>
 <GBSeq_organism>Methanolobus oregonensis</GBSeq_organism>
