 <GBSeq_organism>Caulobacter vibrioides</GBSeq_organism>
 <GBSeq_organism>Escherichia coli DSM 30083 = JCM 1649 = ATCC 11775</GBSeq_organism>
 <GBSeq_organism>Parvularcula bermudensis HTCC2503</GBSeq_organism>
 <GBSeq_organism>Kordiimonas gwangyangensis</GBSeq_organism>
 <GBSeq_organism>Parvularcula bermudensis</GBSeq_organism>
 <GBSeq_organism>Brucella melitensis</GBSeq_organism>
 <GBSeq_organism>Paracoccus denitrificans</GBSeq_organism>
 <GBSeq_organism>Roseobacter litoralis Och 149</GBSeq_organism>
 <GBSeq_organism>Zymomonas mobilis subsp. mobilis ATCC 10988</GBSeq_organism>
 <GBSeq_organism>Orientia tsutsugamushi</GBSeq_organism>
 <GBSeq_organism>uncultured bacterium</GBSeq_organism>
 <GBSeq_organism>Mesorhizobium loti ATCC 33669</GBSeq_organism>
 <GBSeq_organism>Silicibacter lacuscaerulensis ITI-1157</GBSeq_organism>
 <GBSeq_organism>Tistrella mobilis</GBSeq_organism>
 <GBSeq_organism>uncultured alpha proteobacterium</GBSeq_organism>
 <GBSeq_organism>Rickettsia prowazekii</GBSeq_organism>
 <GBSeq_organism>Rhodospirillum rubrum ATCC 11170</GBSeq_organism>
 <GBSeq_organism>Agrobacterium tumefaciens</GBSeq_organism>
 <GBSeq_organism>Asticcacaulis excentricus CB 48</GBSeq_organism>
 <GBSeq_organism>Magnetospirillum gryphiswaldense MSR-1</GBSeq_organism>
 <GBSeq_organism>Roseovarius tolerans</GBSeq_organism>
 <GBSeq_organism>Erythrobacter longus</GBSeq_organism>
 <GBSeq_organism>Rhodobacter capsulatus</GBSeq_organism>
 <GBSeq_organism>Brevundimonas vesicularis</GBSeq_organism>
 <GBSeq_organism>Wolbachia pipientis</GBSeq_organism>
 <GBSeq_organism>uncultured alpha proteobacterium</GBSeq_organism>
 <GBSeq_organism>Sphingomonas paucimobilis</GBSeq_organism>
