 <GBSeq_organism>Runella zeae</GBSeq_organism>
 <GBSeq_organism>Arcicella aquatica</GBSeq_organism>
 <GBSeq_organism>Hymenobacter roseosalivarius DSM 11622</GBSeq_organism>
 <GBSeq_organism>Adhaeribacter aquaticus</GBSeq_organism>
 <GBSeq_organism>Sporocytophaga myxococcoides</GBSeq_organism>
 <GBSeq_organism>Roseivirga ehrenbergii</GBSeq_organism>
 <GBSeq_organism>Algoriphagus ratkowskyi</GBSeq_organism>
 <GBSeq_organism>Cyclobacterium marinum DSM 745</GBSeq_organism>
 <GBSeq_organism>Oesophagostomum dentatum</GBSeq_organism>
 <GBSeq_organism>Spirosoma linguale</GBSeq_organism>
 <GBSeq_organism>Microscilla marina</GBSeq_organism>
 <GBSeq_organism>Roseivirga ehrenbergii</GBSeq_organism>
 <GBSeq_organism>Flexibacter flexilis DSM 6793</GBSeq_organism>
 <GBSeq_organism>Algoriphagus mannitolivorans</GBSeq_organism>
 <GBSeq_organism>Aquiflexum balticum</GBSeq_organism>
 <GBSeq_organism>Pontibacter actiniarum DSM 19842</GBSeq_organism>
 <GBSeq_organism>Flectobacillus major</GBSeq_organism>
 <GBSeq_organism>Cytophaga hutchinsonii</GBSeq_organism>
 <GBSeq_organism>Leadbetterella byssophila DSM 17132</GBSeq_organism>
 <GBSeq_organism>Runella slithyformis</GBSeq_organism>
 <GBSeq_organism>Belliella baltica DSM 15883</GBSeq_organism>
 <GBSeq_organism>Dyadobacter crusticola</GBSeq_organism>
 <GBSeq_organism>uncultured bacterium</GBSeq_organism>
 <GBSeq_organism>Bacillus subtilis</GBSeq_organism>
 <GBSeq_organism>Emticicia oligotrophica DSM 17448</GBSeq_organism>
 <GBSeq_organism>Dyadobacter fermentans DSM 18053</GBSeq_organism>
