 <GBSeq_organism>Bacillus cereus</GBSeq_organism>
 <GBSeq_organism>Bacillus salarius</GBSeq_organism>
 <GBSeq_organism>Bacillus gibsonii</GBSeq_organism>
 <GBSeq_organism>Alkalibacillus haloalkaliphilus</GBSeq_organism>
 <GBSeq_organism>Filobacillus milosensis</GBSeq_organism>
 <GBSeq_organism>Gracilibacillus dipsosauri</GBSeq_organism>
 <GBSeq_organism>Bacillus pseudofirmus</GBSeq_organism>
 <GBSeq_organism>Alteribacillus persepolensis</GBSeq_organism>
 <GBSeq_organism>Bacillus horikoshii DSM 8719</GBSeq_organism>
 <GBSeq_organism>[Bacillus] clarkii</GBSeq_organism>
 <GBSeq_organism>Salimicrobium album</GBSeq_organism>
 <GBSeq_organism>Lentibacillus salicampi</GBSeq_organism>
 <GBSeq_organism>Brevibacillus brevis</GBSeq_organism>
 <GBSeq_organism>Bacillus alcalophilus ATCC 27647</GBSeq_organism>
 <GBSeq_organism>Bacillus licheniformis</GBSeq_organism>
 <GBSeq_organism>Bacillus hwajinpoensis</GBSeq_organism>
 <GBSeq_organism>Bacillus sporothermodurans</GBSeq_organism>
 <GBSeq_organism>Bacillus subtilis subsp. subtilis str. 168</GBSeq_organism>
 <GBSeq_organism>Bacillus clausii</GBSeq_organism>
 <GBSeq_organism>[Bacillus] agaradhaerens</GBSeq_organism>
