 <GBSeq_organism>Paulownia witches&apos;-broom phytoplasma</GBSeq_organism>
 <GBSeq_organism>Ipomoea obscura witches&apos;-broom phytoplasma</GBSeq_organism>
 <GBSeq_organism>Blueberry stunt phytoplasma</GBSeq_organism>
 <GBSeq_organism>Apricot aster yellows phytoplasma</GBSeq_organism>
 <GBSeq_organism>Acholeplasma laidlawii</GBSeq_organism>
 <GBSeq_organism>Aster yellows phytoplasma</GBSeq_organism>
 <GBSeq_organism>Clover phyllody phytoplasma</GBSeq_organism>
 <GBSeq_organism>Aster yellows phytoplasma</GBSeq_organism>
 <GBSeq_organism>Leafhopper-borne phytoplasma</GBSeq_organism>
 <GBSeq_organism>Clover phyllody phytoplasma</GBSeq_organism>
 <GBSeq_organism>Hydrangea phyllody phytoplasma</GBSeq_organism>
 <GBSeq_organism>Maize bushy stunt phytoplasma</GBSeq_organism>
 <GBSeq_organism>Phytoplasma sp. STRAWB2</GBSeq_organism>
 <GBSeq_organism>Aster yellows phytoplasma</GBSeq_organism>
 <GBSeq_organism>Aster yellows phytoplasma</GBSeq_organism>
 <GBSeq_organism>Plantago virescence phytoplasma</GBSeq_organism>
 <GBSeq_organism>Clover phyllody phytoplasma</GBSeq_organism>
 <GBSeq_organism>Aster yellows phytoplasma</GBSeq_organism>
 <GBSeq_organism>Phytoplasma sp.</GBSeq_organism>
 <GBSeq_organism>Chrysanthemum yellows phytoplasma</GBSeq_organism>
 <GBSeq_organism>Grey dogwood witches&apos;-broom phytoplasma</GBSeq_organism>
 <GBSeq_organism>Primrose virescence phytoplasma</GBSeq_organism>
