 <GBSeq_organism>Planomicrobium chinense</GBSeq_organism>
 <GBSeq_organism>Planomicrobium okeanokoites</GBSeq_organism>
 <GBSeq_organism>Psychrobacillus insolitus</GBSeq_organism>
 <GBSeq_organism>Planomicrobium koreense</GBSeq_organism>
 <GBSeq_organism>Psychrobacillus psychrodurans</GBSeq_organism>
 <GBSeq_organism>Planococcus maitriensis</GBSeq_organism>
 <GBSeq_organism>Sporosarcina antarctica</GBSeq_organism>
 <GBSeq_organism>Viridibacillus arvi</GBSeq_organism>
 <GBSeq_organism>Sporosarcina globispora</GBSeq_organism>
 <GBSeq_organism>Viridibacillus neidei</GBSeq_organism>
 <GBSeq_organism>Paenisporosarcina macmurdoensis</GBSeq_organism>
 <GBSeq_organism>Sporosarcina thermotolerans</GBSeq_organism>
 <GBSeq_organism>Sporosarcina contaminans</GBSeq_organism>
 <GBSeq_organism>Planococcus columbae</GBSeq_organism>
 <GBSeq_organism>Psychrobacillus psychrotolerans</GBSeq_organism>
 <GBSeq_organism>Viridibacillus arenosi</GBSeq_organism>
 <GBSeq_organism>Planomicrobium psychrophilum</GBSeq_organism>
 <GBSeq_organism>Sporosarcina ureae</GBSeq_organism>
 <GBSeq_organism>Planococcus citreus</GBSeq_organism>
 <GBSeq_organism>Planococcus rifietoensis</GBSeq_organism>
 <GBSeq_organism>Solibacillus silvestris</GBSeq_organism>
 <GBSeq_organism>Planomicrobium flavidum</GBSeq_organism>
 <GBSeq_organism>Sporosarcina saromensis</GBSeq_organism>
 <GBSeq_organism>Planococcus salinarum</GBSeq_organism>
 <GBSeq_organism>Planomicrobium glaciei</GBSeq_organism>
