 <GBSeq_organism>Tsukamurella paurometabola DSM 20162</GBSeq_organism>
 <GBSeq_organism>Corynebacterium striatum</GBSeq_organism>
 <GBSeq_organism>Williamsia deligens</GBSeq_organism>
 <GBSeq_organism>Mycobacterium fortuitum subsp. fortuitum DSM 46621</GBSeq_organism>
 <GBSeq_organism>Gordonia sputi</GBSeq_organism>
 <GBSeq_organism>Gordonia terrae</GBSeq_organism>
 <GBSeq_organism>Corynebacterium confusum</GBSeq_organism>
 <GBSeq_organism>Skermania piniformis</GBSeq_organism>
 <GBSeq_organism>Gordonia rubripertincta</GBSeq_organism>
 <GBSeq_organism>Rhodococcus hoagii</GBSeq_organism>
 <GBSeq_organism>Williamsia muralis</GBSeq_organism>
 <GBSeq_organism>Corynebacterium accolens</GBSeq_organism>
 <GBSeq_organism>Corynebacterium jeikeium</GBSeq_organism>
 <GBSeq_organism>Nocardia africana</GBSeq_organism>
 <GBSeq_organism>Tsukamurella pulmonis</GBSeq_organism>
 <GBSeq_organism>Segniliparus rugosus</GBSeq_organism>
 <GBSeq_organism>Dietzia maris</GBSeq_organism>
 <GBSeq_organism>Dietzia psychralcaliphila</GBSeq_organism>
 <GBSeq_organism>Segniliparus rotundus DSM 44985</GBSeq_organism>
 <GBSeq_organism>Mycobacterium hiberniae</GBSeq_organism>
 <GBSeq_organism>Mycobacterium tuberculosis</GBSeq_organism>
 <GBSeq_organism>Rhodococcus rhodnii</GBSeq_organism>
 <GBSeq_organism>Nocardia abscessus NBRC 100374</GBSeq_organism>
 <GBSeq_organism>Nocardia nova</GBSeq_organism>
 <GBSeq_organism>Nocardia paucivorans</GBSeq_organism>
 <GBSeq_organism>Tsukamurella tyrosinosolvens</GBSeq_organism>
 <GBSeq_organism>Dietzia natronolimnaea</GBSeq_organism>
 <GBSeq_organism>Corynebacterium amycolatum</GBSeq_organism>
 <GBSeq_organism>Tsukamurella strandjordii</GBSeq_organism>
 <GBSeq_organism>Rhodococcus corynebacterioides</GBSeq_organism>
 <GBSeq_organism>Mycobacterium celatum</GBSeq_organism>
 <GBSeq_organism>Tsukamurella spumae</GBSeq_organism>
 <GBSeq_organism>Tsukamurella inchonensis</GBSeq_organism>
