 <GBSeq_organism>Runella zeae</GBSeq_organism>
 <GBSeq_organism>Arcicella aquatica</GBSeq_organism>
 <GBSeq_organism>Larkinella insperata</GBSeq_organism>
 <GBSeq_organism>uncultured bacterium</GBSeq_organism>
 <GBSeq_organism>Adhaeribacter aquaticus</GBSeq_organism>
 <GBSeq_organism>uncultured soil bacterium</GBSeq_organism>
 <GBSeq_organism>Sporocytophaga myxococcoides</GBSeq_organism>
 <GBSeq_organism>Cytophaga aurantiaca</GBSeq_organism>
 <GBSeq_organism>Algoriphagus ratkowskyi</GBSeq_organism>
 <GBSeq_organism>Cyclobacterium marinum DSM 745</GBSeq_organism>
 <GBSeq_organism>Microscilla marina</GBSeq_organism>
 <GBSeq_organism>Persicobacter diffluens</GBSeq_organism>
 <GBSeq_organism>Sphingobacterium spiritivorum</GBSeq_organism>
 <GBSeq_organism>Marivirga tractuosa</GBSeq_organism>
 <GBSeq_organism>Roseivirga ehrenbergii</GBSeq_organism>
 <GBSeq_organism>Flexibacter flexilis DSM 6793</GBSeq_organism>
 <GBSeq_organism>Algoriphagus mannitolivorans</GBSeq_organism>
 <GBSeq_organism>Aquiflexum balticum</GBSeq_organism>
 <GBSeq_organism>Pontibacter actiniarum DSM 19842</GBSeq_organism>
 <GBSeq_organism>Flectobacillus major</GBSeq_organism>
 <GBSeq_organism>Cytophaga hutchinsonii</GBSeq_organism>
 <GBSeq_organism>Runella slithyformis</GBSeq_organism>
 <GBSeq_organism>Belliella baltica DSM 15883</GBSeq_organism>
 <GBSeq_organism>uncultured bacterium</GBSeq_organism>
 <GBSeq_organism>Flavobacterium aquatile</GBSeq_organism>
 <GBSeq_organism>Ohtaekwangia koreensis</GBSeq_organism>
 <GBSeq_organism>Arachis hypogaea</GBSeq_organism>
 <GBSeq_organism>Ohtaekwangia kribbensis</GBSeq_organism>
 <GBSeq_organism>Dyadobacter fermentans DSM 18053</GBSeq_organism>
