 <GBSeq_organism>Algibacter lectus</GBSeq_organism>
 <GBSeq_organism>Myroides odoratus DSM 2801</GBSeq_organism>
 <GBSeq_organism>Subsaxibacter broadyi</GBSeq_organism>
 <GBSeq_organism>Leeuwenhoekiella marinoflava</GBSeq_organism>
 <GBSeq_organism>Bizionia paragorgiae</GBSeq_organism>
 <GBSeq_organism>Croceibacter atlanticus HTCC2559</GBSeq_organism>
 <GBSeq_organism>Winogradskyella epiphytica</GBSeq_organism>
 <GBSeq_organism>Salegentibacter salegens</GBSeq_organism>
 <GBSeq_organism>Muricauda ruestringensis DSM 13258</GBSeq_organism>
 <GBSeq_organism>Aquimarina latercula</GBSeq_organism>
 <GBSeq_organism>Tenacibaculum maritimum</GBSeq_organism>
 <GBSeq_organism>Aequorivita antarctica</GBSeq_organism>
 <GBSeq_organism>Gillisia limnaea DSM 15749</GBSeq_organism>
 <GBSeq_organism>Bizionia gelidisalsuginis</GBSeq_organism>
 <GBSeq_organism>Ulvibacter litoralis</GBSeq_organism>
 <GBSeq_organism>Pibocella ponti</GBSeq_organism>
 <GBSeq_organism>Psychroserpens burtonensis</GBSeq_organism>
 <GBSeq_organism>Subsaximicrobium wynnwilliamsii</GBSeq_organism>
 <GBSeq_organism>Formosa algae</GBSeq_organism>
 <GBSeq_organism>Polaribacter filamentus</GBSeq_organism>
 <GBSeq_organism>Olleya marilimosa CAM030</GBSeq_organism>
 <GBSeq_organism>Bizionia myxarmorum</GBSeq_organism>
 <GBSeq_organism>Bizionia algoritergicola</GBSeq_organism>
 <GBSeq_organism>Flavobacterium aquatile</GBSeq_organism>
 <GBSeq_organism>Mesonia algae</GBSeq_organism>
 <GBSeq_organism>Cellulophaga lytica</GBSeq_organism>
 <GBSeq_organism>Winogradskyella thalassocola</GBSeq_organism>
 <GBSeq_organism>Gelidibacter algens</GBSeq_organism>
 <GBSeq_organism>Kordia algicida OT-1</GBSeq_organism>
 <GBSeq_organism>Zobellia uliginosa</GBSeq_organism>
 <GBSeq_organism>Bizionia saleffrena</GBSeq_organism>
 <GBSeq_organism>Lacinutrix copepodicola</GBSeq_organism>
 <GBSeq_organism>Arenibacter latericius</GBSeq_organism>
 <GBSeq_organism>Winogradskyella eximia</GBSeq_organism>
 <GBSeq_organism>Robiginitalea biformata HTCC2501</GBSeq_organism>
