 <GBSeq_organism>Sphingomonas rhizogenes</GBSeq_organism>
 <GBSeq_organism>Sphingobium yanoikuyae</GBSeq_organism>
 <GBSeq_organism>Blastomonas natatoria</GBSeq_organism>
 <GBSeq_organism>Altererythrobacter luteolus</GBSeq_organism>
 <GBSeq_organism>Erythrobacter gaetbuli</GBSeq_organism>
 <GBSeq_organism>Porphyrobacter cryptus</GBSeq_organism>
 <GBSeq_organism>Erythrobacter longus</GBSeq_organism>
 <GBSeq_organism>Erythromicrobium ramosum</GBSeq_organism>
 <GBSeq_organism>Erythrobacter citreus</GBSeq_organism>
 <GBSeq_organism>Porphyrobacter neustonensis</GBSeq_organism>
 <GBSeq_organism>Sphingomonas ursincola</GBSeq_organism>
 <GBSeq_organism>Sphingopyxis macrogoltabida</GBSeq_organism>
 <GBSeq_organism>Citromicrobium bathyomarinum</GBSeq_organism>
 <GBSeq_organism>Altererythrobacter indicus</GBSeq_organism>
 <GBSeq_organism>Erythrobacter seohaensis</GBSeq_organism>
 <GBSeq_organism>Porphyrobacter donghaensis</GBSeq_organism>
 <GBSeq_organism>Sphingopyxis baekryungensis</GBSeq_organism>
 <GBSeq_organism>Sandaracinobacter sibiricus</GBSeq_organism>
 <GBSeq_organism>Novosphingobium resinovorum</GBSeq_organism>
 <GBSeq_organism>Altererythrobacter epoxidivorans</GBSeq_organism>
 <GBSeq_organism>Erythrobacter aquimaris</GBSeq_organism>
 <GBSeq_organism>Zymomonas mobilis subsp. mobilis ZM4 = ATCC 31821</GBSeq_organism>
 <GBSeq_organism>Porphyrobacter tepidarius</GBSeq_organism>
 <GBSeq_organism>Erythrobacter flavus</GBSeq_organism>
 <GBSeq_organism>Sphingomonas paucimobilis</GBSeq_organism>
