 <GBSeq_organism>uncultured alpha proteobacterium</GBSeq_organism>
 <GBSeq_organism>Pedomicrobium americanum</GBSeq_organism>
 <GBSeq_organism>Holospora obtusa</GBSeq_organism>
 <GBSeq_organism>Methylobacterium extorquens</GBSeq_organism>
 <GBSeq_organism>uncultured alpha proteobacterium</GBSeq_organism>
 <GBSeq_organism>Bradyrhizobium japonicum</GBSeq_organism>
 <GBSeq_organism>Sinorhizobium meliloti</GBSeq_organism>
 <GBSeq_organism>Afipia felis ATCC 53690</GBSeq_organism>
 <GBSeq_organism>Rhizobium undicola</GBSeq_organism>
 <GBSeq_organism>Devosia riboflavina</GBSeq_organism>
 <GBSeq_organism>Brevundimonas diminuta</GBSeq_organism>
 <GBSeq_organism>Afipia clevelandensis ATCC 49720</GBSeq_organism>
 <GBSeq_organism>Mesorhizobium loti</GBSeq_organism>
 <GBSeq_organism>Methylobacterium organophilum</GBSeq_organism>
 <GBSeq_organism>Devosia riboflavina</GBSeq_organism>
 <GBSeq_organism>Rhizobium leguminosarum bv. phaseoli</GBSeq_organism>
 <GBSeq_organism>Caedibacter caryophilus</GBSeq_organism>
 <GBSeq_organism>Caulobacter vibrioides</GBSeq_organism>
 <GBSeq_organism>Brevundimonas bullata</GBSeq_organism>
 <GBSeq_organism>Devosia neptuniae</GBSeq_organism>
 <GBSeq_organism>Hyphomicrobium vulgare</GBSeq_organism>
 <GBSeq_organism>Phyllobacterium myrsinacearum</GBSeq_organism>
