 <GBSeq_organism>Corynebacterium terpenotabidum Y-11</GBSeq_organism>
 <GBSeq_organism>Corynebacterium pilosum</GBSeq_organism>
 <GBSeq_organism>Corynebacterium ammoniagenes</GBSeq_organism>
 <GBSeq_organism>Corynebacterium freneyi</GBSeq_organism>
 <GBSeq_organism>Corynebacterium pseudotuberculosis CIP 52.97</GBSeq_organism>
 <GBSeq_organism>Corynebacterium renale</GBSeq_organism>
 <GBSeq_organism>Corynebacterium argentoratense</GBSeq_organism>
 <GBSeq_organism>Corynebacterium vitaeruminis DSM 20294</GBSeq_organism>
 <GBSeq_organism>Corynebacterium aurimucosum</GBSeq_organism>
 <GBSeq_organism>Corynebacterium striatum</GBSeq_organism>
 <GBSeq_organism>Corynebacterium callunae</GBSeq_organism>
 <GBSeq_organism>Corynebacterium felinum</GBSeq_organism>
 <GBSeq_organism>Corynebacterium xerosis</GBSeq_organism>
 <GBSeq_organism>Corynebacterium singulare</GBSeq_organism>
 <GBSeq_organism>Corynebacterium pilosum</GBSeq_organism>
 <GBSeq_organism>Corynebacterium flavescens</GBSeq_organism>
 <GBSeq_organism>Corynebacterium casei</GBSeq_organism>
 <GBSeq_organism>Corynebacterium thomssenii</GBSeq_organism>
 <GBSeq_organism>Corynebacterium efficiens YS-314</GBSeq_organism>
 <GBSeq_organism>Corynebacterium halotolerans YIM 70093 = DSM 44683</GBSeq_organism>
 <GBSeq_organism>Corynebacterium variabile</GBSeq_organism>
 <GBSeq_organism>Corynebacterium aquilae DSM 44791</GBSeq_organism>
