 <GBSeq_organism>Methylobacter vinelandii</GBSeq_organism>
 <GBSeq_organism>Escherichia coli DSM 30083 = JCM 1649 = ATCC 11775</GBSeq_organism>
 <GBSeq_organism>Methylococcus thermophilus</GBSeq_organism>
 <GBSeq_organism>Methylothermus thermalis</GBSeq_organism>
 <GBSeq_organism>Methylobacter luteus</GBSeq_organism>
 <GBSeq_organism>Methylohalobius crimeensis 10Ki</GBSeq_organism>
 <GBSeq_organism>Methylocaldum szegediense</GBSeq_organism>
 <GBSeq_organism>Methylocaldum gracile</GBSeq_organism>
 <GBSeq_organism>Methylococcus capsulatus str. Bath</GBSeq_organism>
 <GBSeq_organism>Methylomicrobium buryatense</GBSeq_organism>
 <GBSeq_organism>Methylomonas methanica</GBSeq_organism>
 <GBSeq_organism>Methylobacter whittenburyi</GBSeq_organism>
 <GBSeq_organism>Methylomonas scandinavica</GBSeq_organism>
 <GBSeq_organism>Methylomicrobium agile</GBSeq_organism>
 <GBSeq_organism>Methylomicrobium album BG8</GBSeq_organism>
 <GBSeq_organism>Methylosphaera hansonii</GBSeq_organism>
 <GBSeq_organism>Methylomonas aurantiaca</GBSeq_organism>
 <GBSeq_organism>Methylomonas rubra</GBSeq_organism>
 <GBSeq_organism>Methylobacter psychrophilus</GBSeq_organism>
 <GBSeq_organism>Methylocaldum tepidum</GBSeq_organism>
 <GBSeq_organism>Methylobacter bovis</GBSeq_organism>
 <GBSeq_organism>thermophilic methanotroph HB</GBSeq_organism>
 <GBSeq_organism>Methylomonas fodinarum</GBSeq_organism>
 <GBSeq_organism>Methylomicrobium pelagicum</GBSeq_organism>
