 <GBSeq_organism>Fastidiosipila sanguinis</GBSeq_organism>
 <GBSeq_organism>Clostridium butyricum</GBSeq_organism>
 <GBSeq_organism>Acetanaerobacterium elongatum</GBSeq_organism>
 <GBSeq_organism>Clostridium limosum</GBSeq_organism>
 <GBSeq_organism>[Clostridium] thermosuccinogenes</GBSeq_organism>
 <GBSeq_organism>Saccharofermentans acetigenes</GBSeq_organism>
 <GBSeq_organism>Anaerococcus prevotii</GBSeq_organism>
 <GBSeq_organism>Eubacterium desmolans</GBSeq_organism>
 <GBSeq_organism>[Clostridium] aldrichii</GBSeq_organism>
 <GBSeq_organism>[Clostridium] hungatei</GBSeq_organism>
 <GBSeq_organism>[Clostridium] leptum</GBSeq_organism>
 <GBSeq_organism>[Clostridium] termitidis</GBSeq_organism>
 <GBSeq_organism>Sporobacter termitidis</GBSeq_organism>
 <GBSeq_organism>[Clostridium] papyrosolvens DSM 2782</GBSeq_organism>
 <GBSeq_organism>Finegoldia magna</GBSeq_organism>
 <GBSeq_organism>Acetivibrio cellulolyticus</GBSeq_organism>
 <GBSeq_organism>[Clostridium] cellobioparum DSM 1351 = ATCC 15832</GBSeq_organism>
 <GBSeq_organism>Faecalibacterium prausnitzii</GBSeq_organism>
 <GBSeq_organism>Clostridium cellulolyticum H10</GBSeq_organism>
 <GBSeq_organism>Clostridium perfringens</GBSeq_organism>
