 <GBSeq_organism>Thalassospira profundimaris WP0211</GBSeq_organism>
 <GBSeq_organism>Allochromatium warmingii</GBSeq_organism>
 <GBSeq_organism>Thalassospira xiamenensis M-5 = DSM 17429</GBSeq_organism>
 <GBSeq_organism>Thalassospira lucentensis MCCC 1A00383 = DSM 14000</GBSeq_organism>
 <GBSeq_organism>Phaeospirillum molischianum</GBSeq_organism>
 <GBSeq_organism>Tistlia consotensis USBA 355</GBSeq_organism>
 <GBSeq_organism>Azospirillum lipoferum</GBSeq_organism>
 <GBSeq_organism>Roseospira goensis</GBSeq_organism>
 <GBSeq_organism>Rhodospirillum rubrum ATCC 11170</GBSeq_organism>
 <GBSeq_organism>Thalassobaculum litoreum DSM 18839</GBSeq_organism>
 <GBSeq_organism>Roseospira visakhapatnamensis</GBSeq_organism>
 <GBSeq_organism>Azospirillum brasilense</GBSeq_organism>
 <GBSeq_organism>Rhodovibrio salinarum</GBSeq_organism>
 <GBSeq_organism>Roseospira navarrensis</GBSeq_organism>
 <GBSeq_organism>Phaeospirillum fulvum</GBSeq_organism>
 <GBSeq_organism>Rhodovibrio sodomensis</GBSeq_organism>
 <GBSeq_organism>Azospirillum oryzae</GBSeq_organism>
 <GBSeq_organism>Skermanella parooensis</GBSeq_organism>
 <GBSeq_organism>Defluviicoccus vanus</GBSeq_organism>
 <GBSeq_organism>Azospirillum doebereinerae</GBSeq_organism>
 <GBSeq_organism>Stella humosa</GBSeq_organism>
