 <GBSeq_organism>Methylosinus sporium</GBSeq_organism>
 <GBSeq_organism>Methylocapsa acidiphila B2</GBSeq_organism>
 <GBSeq_organism>Methylocystis heyeri</GBSeq_organism>
 <GBSeq_organism>Methylovirgula ligni</GBSeq_organism>
 <GBSeq_organism>Methylocella palustris</GBSeq_organism>
 <GBSeq_organism>Methyloferula stellata</GBSeq_organism>
 <GBSeq_organism>Methylocystis echinoides</GBSeq_organism>
 <GBSeq_organism>Beijerinckia derxii subsp. venezuelae</GBSeq_organism>
 <GBSeq_organism>Methylocystis parvus OBBP</GBSeq_organism>
 <GBSeq_organism>Methyloferula stellata AR4</GBSeq_organism>
 <GBSeq_organism>Beijerinckia derxii subsp. derxii</GBSeq_organism>
 <GBSeq_organism>Methylovirgula ligni</GBSeq_organism>
 <GBSeq_organism>Methylosinus trichosporium OB3b</GBSeq_organism>
 <GBSeq_organism>Methylocella tundrae</GBSeq_organism>
 <GBSeq_organism>Methylocella silvestris BL2</GBSeq_organism>
 <GBSeq_organism>Methylocapsa aurea</GBSeq_organism>
 <GBSeq_organism>Beijerinckia indica subsp. lacticogenes</GBSeq_organism>
 <GBSeq_organism>Methylocella tundrae</GBSeq_organism>
 <GBSeq_organism>Beijerinckia indica subsp. indica ATCC 9039</GBSeq_organism>
 <GBSeq_organism>Methyloferula stellata</GBSeq_organism>
 <GBSeq_organism>Methylocella tundrae</GBSeq_organism>
 <GBSeq_organism>Methylocella palustris</GBSeq_organism>
