 <GBSeq_organism>Ochrobactrum tritici</GBSeq_organism>
 <GBSeq_organism>Brevundimonas bullata</GBSeq_organism>
 <GBSeq_organism>Neorhizobium galegae</GBSeq_organism>
 <GBSeq_organism>Mycoplana dimorpha</GBSeq_organism>
 <GBSeq_organism>Mycoplana ramosa</GBSeq_organism>
 <GBSeq_organism>Ochrobactrum lupini</GBSeq_organism>
 <GBSeq_organism>Pseudochrobactrum saccharolyticum</GBSeq_organism>
 <GBSeq_organism>Ochrobactrum oryzae</GBSeq_organism>
 <GBSeq_organism>Rhizobium leguminosarum bv. viciae USDA 2370</GBSeq_organism>
 <GBSeq_organism>Phyllobacterium myrsinacearum</GBSeq_organism>
 <GBSeq_organism>Sinorhizobium fredii</GBSeq_organism>
 <GBSeq_organism>Ochrobactrum anthropi ATCC 49188</GBSeq_organism>
 <GBSeq_organism>Daeguia caeni</GBSeq_organism>
 <GBSeq_organism>Mesorhizobium loti USDA 3471</GBSeq_organism>
 <GBSeq_organism>Sinorhizobium meliloti</GBSeq_organism>
 <GBSeq_organism>Mesorhizobium ciceri</GBSeq_organism>
 <GBSeq_organism>Pseudochrobactrum kiredjianiae</GBSeq_organism>
 <GBSeq_organism>Brucella melitensis</GBSeq_organism>
 <GBSeq_organism>Ochrobactrum intermedium</GBSeq_organism>
 <GBSeq_organism>Pseudochrobactrum asaccharolyticum</GBSeq_organism>
 <GBSeq_organism>Brucella suis 1330</GBSeq_organism>
