 <GBSeq_organism>Microbacterium hydrocarbonoxydans</GBSeq_organism>
 <GBSeq_organism>Microbacterium maritypicum</GBSeq_organism>
 <GBSeq_organism>Microbacterium testaceum</GBSeq_organism>
 <GBSeq_organism>Microbacterium halotolerans</GBSeq_organism>
 <GBSeq_organism>Microbacterium resistens</GBSeq_organism>
 <GBSeq_organism>Microbacterium ulmi</GBSeq_organism>
 <GBSeq_organism>Microbacterium aerolatum</GBSeq_organism>
 <GBSeq_organism>Microbacterium terricola</GBSeq_organism>
 <GBSeq_organism>Microbacterium xylanilyticum</GBSeq_organism>
 <GBSeq_organism>Microbacterium liquefaciens</GBSeq_organism>
 <GBSeq_organism>Microbacterium oleivorans</GBSeq_organism>
 <GBSeq_organism>Microbacterium phyllosphaerae</GBSeq_organism>
 <GBSeq_organism>Microbacterium arborescens</GBSeq_organism>
 <GBSeq_organism>Microbacterium hatanonis</GBSeq_organism>
 <GBSeq_organism>Microbacterium gubbeenense</GBSeq_organism>
 <GBSeq_organism>Microbacterium aurantiacum</GBSeq_organism>
 <GBSeq_organism>Microbacterium paludicola</GBSeq_organism>
 <GBSeq_organism>Microbacterium aoyamense</GBSeq_organism>
 <GBSeq_organism>Microbacterium deminutum</GBSeq_organism>
 <GBSeq_organism>Microbacterium foliorum</GBSeq_organism>
 <GBSeq_organism>Microbacterium natoriense</GBSeq_organism>
 <GBSeq_organism>Microbacterium oxydans</GBSeq_organism>
 <GBSeq_organism>Agrococcus jenensis</GBSeq_organism>
 <GBSeq_organism>Microbacterium pumilum</GBSeq_organism>
 <GBSeq_organism>Microbacterium arthrosphaerae</GBSeq_organism>
 <GBSeq_organism>Microbacterium koreense</GBSeq_organism>
 <GBSeq_organism>Microbacterium barkeri</GBSeq_organism>
 <GBSeq_organism>Microbacterium insulae</GBSeq_organism>
 <GBSeq_organism>Microbacterium esteraromaticum</GBSeq_organism>
