 <GBSeq_organism>Gordonia bronchialis DSM 43247</GBSeq_organism>
 <GBSeq_organism>Tsukamurella carboxydivorans</GBSeq_organism>
 <GBSeq_organism>Skermania piniformis</GBSeq_organism>
 <GBSeq_organism>Tsukamurella soli</GBSeq_organism>
 <GBSeq_organism>Tsukamurella pulmonis</GBSeq_organism>
 <GBSeq_organism>Segniliparus rugosus</GBSeq_organism>
 <GBSeq_organism>Dietzia cinnamea</GBSeq_organism>
 <GBSeq_organism>Tsukamurella tyrosinosolvens</GBSeq_organism>
 <GBSeq_organism>Segniliparus rotundus DSM 44985</GBSeq_organism>
 <GBSeq_organism>Tsukamurella pseudospumae</GBSeq_organism>
 <GBSeq_organism>Tsukamurella paurometabola DSM 20162</GBSeq_organism>
 <GBSeq_organism>Nocardia abscessus NBRC 100374</GBSeq_organism>
 <GBSeq_organism>Tsukamurella inchonensis</GBSeq_organism>
 <GBSeq_organism>Tsukamurella sunchonensis</GBSeq_organism>
 <GBSeq_organism>Dietzia natronolimnaea</GBSeq_organism>
 <GBSeq_organism>Tsukamurella spongiae</GBSeq_organism>
 <GBSeq_organism>Tsukamurella strandjordii</GBSeq_organism>
 <GBSeq_organism>Rhodococcus rhodochrous</GBSeq_organism>
 <GBSeq_organism>Dietzia kunjamensis</GBSeq_organism>
 <GBSeq_organism>Millisia brevis</GBSeq_organism>
