 <GBSeq_organism>Mycobacterium simiae</GBSeq_organism>
 <GBSeq_organism>Mycobacterium marinum</GBSeq_organism>
 <GBSeq_organism>Mycobacterium avium</GBSeq_organism>
 <GBSeq_organism>Mycobacterium terrae</GBSeq_organism>
 <GBSeq_organism>Mycobacterium bovis</GBSeq_organism>
 <GBSeq_organism>Mycobacterium flavescens</GBSeq_organism>
 <GBSeq_organism>Mycobacterium bohemicum</GBSeq_organism>
 <GBSeq_organism>Mycobacterium chesapeaki</GBSeq_organism>
 <GBSeq_organism>Mycobacterium scrofulaceum</GBSeq_organism>
 <GBSeq_organism>Mycobacterium conspicuum</GBSeq_organism>
 <GBSeq_organism>Mycobacterium ulcerans</GBSeq_organism>
 <GBSeq_organism>Mycobacterium caprae</GBSeq_organism>
 <GBSeq_organism>Nocardia farcinica</GBSeq_organism>
 <GBSeq_organism>Mycobacterium peregrinum</GBSeq_organism>
 <GBSeq_organism>Mycobacterium peregrinum</GBSeq_organism>
 <GBSeq_organism>Mycobacterium gordonae</GBSeq_organism>
 <GBSeq_organism>Mycobacterium shottsii</GBSeq_organism>
 <GBSeq_organism>Aceratium ferrugineum</GBSeq_organism>
 <GBSeq_organism>Mycobacterium avium subsp. paratuberculosis</GBSeq_organism>
 <GBSeq_organism>Mycobacterium leprae</GBSeq_organism>
 <GBSeq_organism>Mycobacterium gastri</GBSeq_organism>
 <GBSeq_organism>Mycobacterium smegmatis</GBSeq_organism>
 <GBSeq_organism>Mycobacterium pseudoshottsii L15</GBSeq_organism>
 <GBSeq_organism>Nocardia asteroides NBRC 15531</GBSeq_organism>
 <GBSeq_organism>Mycobacterium kansasii</GBSeq_organism>
 <GBSeq_organism>Mycobacterium intracellulare</GBSeq_organism>
 <GBSeq_organism>Mycobacterium nonchromogenicum</GBSeq_organism>
