 <GBSeq_organism>Trichosporon akiyoshidainum</GBSeq_organism>
 <GBSeq_organism>Trichosporon inkin</GBSeq_organism>
 <GBSeq_organism>Trichosporon vadense</GBSeq_organism>
 <GBSeq_organism>Trichosporon asahii</GBSeq_organism>
 <GBSeq_organism>Bullera formosensis</GBSeq_organism>
 <GBSeq_organism>Trichosporon moniliiforme</GBSeq_organism>
 <GBSeq_organism>Trichosporon sporotrichoides</GBSeq_organism>
 <GBSeq_organism>Trichosporon coprophilum</GBSeq_organism>
 <GBSeq_organism>Cryptotrichosporon anacardii</GBSeq_organism>
 <GBSeq_organism>&apos;Asterotremella humicola&apos;</GBSeq_organism>
 <GBSeq_organism>&apos;Asterotremella musci&apos;</GBSeq_organism>
 <GBSeq_organism>Trichosporon faecale</GBSeq_organism>
 <GBSeq_organism>Trichosporon porosum</GBSeq_organism>
 <GBSeq_organism>Trichosporon cavernicola</GBSeq_organism>
 <GBSeq_organism>Trichosporon dehoogii</GBSeq_organism>
 <GBSeq_organism>Cryptococcus amylolentus</GBSeq_organism>
 <GBSeq_organism>Trichosporon wieringae</GBSeq_organism>
 <GBSeq_organism>Trichosporon lignicola var. lignicola</GBSeq_organism>
 <GBSeq_organism>Trichosporon montevideense</GBSeq_organism>
 <GBSeq_organism>Trichosporon jirovecii</GBSeq_organism>
 <GBSeq_organism>Trichosporon siamense</GBSeq_organism>
 <GBSeq_organism>Neisseria meningitidis</GBSeq_organism>
 <GBSeq_organism>Trichosporon middelhovenii</GBSeq_organism>
 <GBSeq_organism>Cryptococcus arboriformis</GBSeq_organism>
 <GBSeq_organism>Trichosporon veenhuisii</GBSeq_organism>
 <GBSeq_organism>Trichosporon smithiae</GBSeq_organism>
 <GBSeq_organism>Trichosporon domesticum</GBSeq_organism>
 <GBSeq_organism>Trichosporon caseorum</GBSeq_organism>
 <GBSeq_organism>Trichosporon scarabaeorum</GBSeq_organism>
 <GBSeq_organism>Trichosporon dohaense</GBSeq_organism>
 <GBSeq_organism>Trichosporon terricola</GBSeq_organism>
 <GBSeq_organism>Cryptococcus haglerorum</GBSeq_organism>
 <GBSeq_organism>Cryptococcus pseudolongus</GBSeq_organism>
 <GBSeq_organism>Trichosporon otae</GBSeq_organism>
 <GBSeq_organism>Trichosporon mycotoxinovorans</GBSeq_organism>
 <GBSeq_organism>Trichosporon japonicum</GBSeq_organism>
 <GBSeq_organism>Trichosporon gamsii</GBSeq_organism>
 <GBSeq_organism>Cryptococcus daszewskae</GBSeq_organism>
 <GBSeq_organism>Trichosporon chiropterorum</GBSeq_organism>
 <GBSeq_organism>Trichosporon coremiiforme</GBSeq_organism>
 <GBSeq_organism>Trichosporon chiarellii</GBSeq_organism>
 <GBSeq_organism>Trichosporon dermatis</GBSeq_organism>
 <GBSeq_organism>Cryptococcus curvatus</GBSeq_organism>
 <GBSeq_organism>Trichosporon multisporum</GBSeq_organism>
 <GBSeq_organism>Trichosporon shinodae</GBSeq_organism>
 <GBSeq_organism>Trichosporon gracile</GBSeq_organism>
