 <GBSeq_organism>Cellulophaga algicola DSM 14237</GBSeq_organism>
 <GBSeq_organism>Cellulophaga lytica DSM 7489</GBSeq_organism>
 <GBSeq_organism>Zobellia galactanivorans</GBSeq_organism>
 <GBSeq_organism>Leeuwenhoekiella marinoflava</GBSeq_organism>
 <GBSeq_organism>Euzebyella saccharophila</GBSeq_organism>
 <GBSeq_organism>Maribacter forsetii</GBSeq_organism>
 <GBSeq_organism>Maribacter aquivivus</GBSeq_organism>
 <GBSeq_organism>Muricauda ruestringensis DSM 13258</GBSeq_organism>
 <GBSeq_organism>Zobellia laminariae</GBSeq_organism>
 <GBSeq_organism>Muricauda flavescens</GBSeq_organism>
 <GBSeq_organism>Muricauda lutimaris</GBSeq_organism>
 <GBSeq_organism>Oceanistipes pacificus</GBSeq_organism>
 <GBSeq_organism>Pibocella ponti</GBSeq_organism>
 <GBSeq_organism>Maribacter dokdonensis</GBSeq_organism>
 <GBSeq_organism>Maribacter polysiphoniae</GBSeq_organism>
 <GBSeq_organism>Maribacter sedimenticola</GBSeq_organism>
 <GBSeq_organism>Muricauda aquimarina</GBSeq_organism>
 <GBSeq_organism>Maribacter orientalis</GBSeq_organism>
 <GBSeq_organism>Zobellia uliginosa</GBSeq_organism>
 <GBSeq_organism>Zobellia russellii</GBSeq_organism>
