 <GBSeq_organism>Bacillus muralis</GBSeq_organism>
 <GBSeq_organism>Alkalibacillus haloalkaliphilus</GBSeq_organism>
 <GBSeq_organism>Filobacillus milosensis</GBSeq_organism>
 <GBSeq_organism>Oceanobacillus picturae</GBSeq_organism>
 <GBSeq_organism>Terribacillus goriensis</GBSeq_organism>
 <GBSeq_organism>Pontibacillus chungwhensis</GBSeq_organism>
 <GBSeq_organism>Tenuibacillus multivorans</GBSeq_organism>
 <GBSeq_organism>Oceanobacillus iheyensis HTE831</GBSeq_organism>
 <GBSeq_organism>Bacillus firmus</GBSeq_organism>
 <GBSeq_organism>Virgibacillus pantothenticus</GBSeq_organism>
 <GBSeq_organism>Lentibacillus salicampi</GBSeq_organism>
 <GBSeq_organism>Lysinibacillus boronitolerans</GBSeq_organism>
 <GBSeq_organism>Salirhabdus euzebyi</GBSeq_organism>
 <GBSeq_organism>Halobacillus halophilus</GBSeq_organism>
 <GBSeq_organism>Sporosarcina ureae</GBSeq_organism>
 <GBSeq_organism>Salinibacillus aidingensis</GBSeq_organism>
 <GBSeq_organism>Terribacillus sp. 3LF 22T</GBSeq_organism>
 <GBSeq_organism>Thalassobacillus devorans</GBSeq_organism>
 <GBSeq_organism>Halolactibacillus halophilus</GBSeq_organism>
 <GBSeq_organism>Bacillus subtilis</GBSeq_organism>
 <GBSeq_organism>Ornithinibacillus bavariensis</GBSeq_organism>
