 <GBSeq_organism>Rhodobacter sphaeroides</GBSeq_organism>
 <GBSeq_organism>Brucella melitensis</GBSeq_organism>
 <GBSeq_organism>Gluconobacter oxydans</GBSeq_organism>
 <GBSeq_organism>Pleomorphomonas oryzae</GBSeq_organism>
 <GBSeq_organism>Sinorhizobium sp.</GBSeq_organism>
 <GBSeq_organism>Methylobacterium extorquens</GBSeq_organism>
 <GBSeq_organism>Bradyrhizobium japonicum</GBSeq_organism>
 <GBSeq_organism>Escherichia coli</GBSeq_organism>
 <GBSeq_organism>Ancylobacter aquaticus</GBSeq_organism>
 <GBSeq_organism>Pleomorphomonas oryzae</GBSeq_organism>
 <GBSeq_organism>Pleomorphomonas oryzae</GBSeq_organism>
 <GBSeq_organism>Azospirillum lipoferum</GBSeq_organism>
 <GBSeq_organism>Pleomorphomonas oryzae</GBSeq_organism>
 <GBSeq_organism>Xanthobacter autotrophicus</GBSeq_organism>
 <GBSeq_organism>Rhodospirillum rubrum ATCC 11170</GBSeq_organism>
 <GBSeq_organism>Methylocystis parvus OBBP</GBSeq_organism>
 <GBSeq_organism>Beijerinckia indica</GBSeq_organism>
 <GBSeq_organism>Azorhizobium caulinodans ORS 571</GBSeq_organism>
 <GBSeq_organism>Methylosinus trichosporium</GBSeq_organism>
 <GBSeq_organism>Rhodovulum adriaticum</GBSeq_organism>
 <GBSeq_organism>Mesorhizobium loti</GBSeq_organism>
 <GBSeq_organism>Pleomorphomonas oryzae</GBSeq_organism>
 <GBSeq_organism>Agrobacterium tumefaciens</GBSeq_organism>
 <GBSeq_organism>Rhodopseudomonas palustris</GBSeq_organism>
 <GBSeq_organism>Devosia neptuniae</GBSeq_organism>
 <GBSeq_organism>Phyllobacterium myrsinacearum</GBSeq_organism>
 <GBSeq_organism>Prosthecomicrobium pneumaticum</GBSeq_organism>
