 <GBSeq_organism>Paenibacillus phyllosphaerae</GBSeq_organism>
 <GBSeq_organism>Paenibacillus macquariensis subsp. macquariensis</GBSeq_organism>
 <GBSeq_organism>Paenibacillus alvei DSM 29</GBSeq_organism>
 <GBSeq_organism>Paenibacillus validus</GBSeq_organism>
 <GBSeq_organism>Paenibacillus granivorans</GBSeq_organism>
 <GBSeq_organism>Paenibacillus graminis</GBSeq_organism>
 <GBSeq_organism>Paenibacillus polymyxa</GBSeq_organism>
 <GBSeq_organism>Paenibacillus alkaliterrae</GBSeq_organism>
 <GBSeq_organism>Paenibacillus xinjiangensis</GBSeq_organism>
 <GBSeq_organism>Paenibacillus castaneae</GBSeq_organism>
 <GBSeq_organism>Paenibacillus stellifer</GBSeq_organism>
 <GBSeq_organism>Paenibacillus lactis</GBSeq_organism>
 <GBSeq_organism>Paenibacillus cineris</GBSeq_organism>
 <GBSeq_organism>Paenibacillus larvae</GBSeq_organism>
 <GBSeq_organism>Lactobacillus delbrueckii subsp. lactis</GBSeq_organism>
 <GBSeq_organism>Paenibacillus koreensis</GBSeq_organism>
 <GBSeq_organism>Paenibacillus humicus</GBSeq_organism>
 <GBSeq_organism>Paenibacillus mendelii</GBSeq_organism>
 <GBSeq_organism>Paenibacillus xylanilyticus</GBSeq_organism>
 <GBSeq_organism>Paenibacillus macerans</GBSeq_organism>
 <GBSeq_organism>Paenibacillus pasadenensis</GBSeq_organism>
 <GBSeq_organism>Paenibacillus agaridevorans</GBSeq_organism>
 <GBSeq_organism>Paenibacillus agarexedens</GBSeq_organism>
 <GBSeq_organism>Paenibacillus cellulosilyticus</GBSeq_organism>
 <GBSeq_organism>Paenibacillus glycanilyticus</GBSeq_organism>
