 <GBSeq_organism>Desulfotomaculum thermoacetoxidans</GBSeq_organism>
 <GBSeq_organism>Desulfotomaculum gibsoniae DSM 7213</GBSeq_organism>
 <GBSeq_organism>Carboxydothermus ferrireducens</GBSeq_organism>
 <GBSeq_organism>Desulfotomaculum sapomandens</GBSeq_organism>
 <GBSeq_organism>Desulfotomaculum geothermicum</GBSeq_organism>
 <GBSeq_organism>Desulfotomaculum aeronauticum</GBSeq_organism>
 <GBSeq_organism>[Desulfotomaculum] guttoideum</GBSeq_organism>
 <GBSeq_organism>Desulfosporosinus orientis DSM 765</GBSeq_organism>
 <GBSeq_organism>Desulfotomaculum kuznetsovii DSM 6115</GBSeq_organism>
 <GBSeq_organism>Desulfitobacterium dehalogenans ATCC 51507</GBSeq_organism>
 <GBSeq_organism>Desulfonispora thiosulfatigenes</GBSeq_organism>
 <GBSeq_organism>Desulfotomaculum acetoxidans DSM 771</GBSeq_organism>
 <GBSeq_organism>Dehalobacter restrictus DSM 9455</GBSeq_organism>
 <GBSeq_organism>Desulfotomaculum salinum</GBSeq_organism>
 <GBSeq_organism>Syntrophobotulus glycolicus</GBSeq_organism>
 <GBSeq_organism>Desulfotomaculum thermocisternum</GBSeq_organism>
 <GBSeq_organism>Desulfotomaculum putei</GBSeq_organism>
 <GBSeq_organism>Desulfotomaculum arcticum</GBSeq_organism>
 <GBSeq_organism>Desulfotomaculum luciae</GBSeq_organism>
 <GBSeq_organism>Desulfotomaculum solfataricum</GBSeq_organism>
 <GBSeq_organism>Desulfotomaculum thermobenzoicum subsp. thermosyntrophicum</GBSeq_organism>
 <GBSeq_organism>Desulfotomaculum thermobenzoicum</GBSeq_organism>
 <GBSeq_organism>Desulfotomaculum australicum</GBSeq_organism>
