 <GBSeq_organism>Enterovibrio coralii</GBSeq_organism>
 <GBSeq_organism>Enterovibrio nigricans</GBSeq_organism>
 <GBSeq_organism>Enterovibrio coralii</GBSeq_organism>
 <GBSeq_organism>Enterovibrio nigricans</GBSeq_organism>
 <GBSeq_organism>Enterovibrio nigricans</GBSeq_organism>
 <GBSeq_organism>Grimontia hollisae</GBSeq_organism>
 <GBSeq_organism>Enterovibrio coralii</GBSeq_organism>
 <GBSeq_organism>Enterovibrio calviensis</GBSeq_organism>
 <GBSeq_organism>Enterovibrio coralii</GBSeq_organism>
 <GBSeq_organism>Grimontia hollisae</GBSeq_organism>
 <GBSeq_organism>Vibrio cholerae</GBSeq_organism>
 <GBSeq_organism>Enterovibrio coralii</GBSeq_organism>
 <GBSeq_organism>Enterovibrio nigricans</GBSeq_organism>
 <GBSeq_organism>Enterovibrio nigricans</GBSeq_organism>
 <GBSeq_organism>Enterovibrio nigricans</GBSeq_organism>
 <GBSeq_organism>Enterovibrio norvegicus</GBSeq_organism>
 <GBSeq_organism>Enterovibrio nigricans</GBSeq_organism>
 <GBSeq_organism>Enterovibrio calviensis</GBSeq_organism>
 <GBSeq_organism>Enterovibrio coralii</GBSeq_organism>
 <GBSeq_organism>Vibrio cholerae</GBSeq_organism>
 <GBSeq_organism>Enterovibrio norvegicus</GBSeq_organism>
 <GBSeq_organism>Enterovibrio coralii</GBSeq_organism>
 <GBSeq_organism>Enterovibrio coralii</GBSeq_organism>
 <GBSeq_organism>Enterovibrio nigricans</GBSeq_organism>
 <GBSeq_organism>Enterovibrio coralii</GBSeq_organism>
 <GBSeq_organism>Enterovibrio coralii</GBSeq_organism>
 <GBSeq_organism>Enterovibrio norvegicus</GBSeq_organism>
 <GBSeq_organism>Enterovibrio norvegicus</GBSeq_organism>
 <GBSeq_organism>Enterovibrio coralii</GBSeq_organism>
 <GBSeq_organism>Enterovibrio coralii</GBSeq_organism>
 <GBSeq_organism>Enterovibrio coralii</GBSeq_organism>
 <GBSeq_organism>Enterovibrio coralii</GBSeq_organism>
 <GBSeq_organism>Enterovibrio coralii</GBSeq_organism>
 <GBSeq_organism>Grimontia hollisae</GBSeq_organism>
 <GBSeq_organism>Enterovibrio coralii</GBSeq_organism>
 <GBSeq_organism>Enterovibrio coralii</GBSeq_organism>
 <GBSeq_organism>Enterovibrio coralii</GBSeq_organism>
 <GBSeq_organism>Enterovibrio coralii</GBSeq_organism>
 <GBSeq_organism>Enterovibrio norvegicus</GBSeq_organism>
 <GBSeq_organism>Vibrio cholerae</GBSeq_organism>
 <GBSeq_organism>Enterovibrio coralii</GBSeq_organism>
 <GBSeq_organism>Enterovibrio coralii</GBSeq_organism>
 <GBSeq_organism>Enterovibrio coralii</GBSeq_organism>
 <GBSeq_organism>Enterovibrio nigricans</GBSeq_organism>
 <GBSeq_organism>Enterovibrio coralii</GBSeq_organism>
 <GBSeq_organism>Enterovibrio coralii</GBSeq_organism>
 <GBSeq_organism>Vibrio sp. LMG 19840</GBSeq_organism>
 <GBSeq_organism>Enterovibrio calviensis</GBSeq_organism>
 <GBSeq_organism>Enterovibrio coralii</GBSeq_organism>
 <GBSeq_organism>Enterovibrio coralii</GBSeq_organism>
 <GBSeq_organism>Enterovibrio norvegicus</GBSeq_organism>
 <GBSeq_organism>Enterovibrio coralii</GBSeq_organism>
