 <GBSeq_organism>Halorubrum saccharovorum</GBSeq_organism>
 <GBSeq_organism>Natronomonas pharaonis DSM 2160</GBSeq_organism>
 <GBSeq_organism>Halorubrum trapanicum</GBSeq_organism>
 <GBSeq_organism>Methanocorpusculum bavaricum</GBSeq_organism>
 <GBSeq_organism>Halobacterium salinarum</GBSeq_organism>
 <GBSeq_organism>Natronococcus amylolyticus</GBSeq_organism>
 <GBSeq_organism>Halorubrum alkaliphilum</GBSeq_organism>
 <GBSeq_organism>Halorhabdus utahensis DSM 12940</GBSeq_organism>
 <GBSeq_organism>Methanimicrococcus blatticola</GBSeq_organism>
 <GBSeq_organism>Halorubrum tibetense</GBSeq_organism>
 <GBSeq_organism>Methanoplanus petrolearius</GBSeq_organism>
 <GBSeq_organism>Haloferax denitrificans ATCC 35960</GBSeq_organism>
 <GBSeq_organism>Halosimplex carlsbadense 2-9-1</GBSeq_organism>
 <GBSeq_organism>Methanobrevibacter smithii ATCC 35061</GBSeq_organism>
 <GBSeq_organism>Natrialba asiatica</GBSeq_organism>
 <GBSeq_organism>Haloferax gibbonsii</GBSeq_organism>
 <GBSeq_organism>Halorubrum distributum</GBSeq_organism>
 <GBSeq_organism>Halorubrum tebenquichense</GBSeq_organism>
 <GBSeq_organism>Halorubrum sodomense</GBSeq_organism>
 <GBSeq_organism>Natrinema pallidum</GBSeq_organism>
 <GBSeq_organism>Methanococcus vannielii</GBSeq_organism>
 <GBSeq_organism>Methanolobus taylorii</GBSeq_organism>
 <GBSeq_organism>Haloarcula japonica</GBSeq_organism>
 <GBSeq_organism>Methanomicrobium mobile</GBSeq_organism>
 <GBSeq_organism>Halobaculum gomorrense</GBSeq_organism>
 <GBSeq_organism>Halosimplex carlsbadense 2-9-1</GBSeq_organism>
 <GBSeq_organism>Natrialba magadii ATCC 43099</GBSeq_organism>
 <GBSeq_organism>Natrialba aegyptia</GBSeq_organism>
 <GBSeq_organism>Haloarcula vallismortis</GBSeq_organism>
 <GBSeq_organism>Natronobacterium gregoryi SP2</GBSeq_organism>
 <GBSeq_organism>Methanobacterium formicicum</GBSeq_organism>
 <GBSeq_organism>Halosimplex carlsbadense 2-9-1</GBSeq_organism>
 <GBSeq_organism>Halogeometricum borinquense DSM 11551</GBSeq_organism>
 <GBSeq_organism>Halosimplex carlsbadense 2-9-1</GBSeq_organism>
 <GBSeq_organism>Halomicrobium mukohataei</GBSeq_organism>
 <GBSeq_organism>Haloferax volcanii</GBSeq_organism>
 <GBSeq_organism>Natrialba taiwanensis DSM 12281</GBSeq_organism>
 <GBSeq_organism>Natrinema versiforme</GBSeq_organism>
 <GBSeq_organism>Methanosphaera stadtmanae DSM 3091</GBSeq_organism>
 <GBSeq_organism>Halococcus dombrowskii</GBSeq_organism>
 <GBSeq_organism>Natrinema pellirubrum DSM 15624</GBSeq_organism>
 <GBSeq_organism>Halorubrum vacuolatum</GBSeq_organism>
 <GBSeq_organism>Halorubrum lacusprofundi ATCC 49239</GBSeq_organism>
 <GBSeq_organism>Haloarcula hispanica ATCC 33960</GBSeq_organism>
 <GBSeq_organism>Natrialba chahannaoensis</GBSeq_organism>
 <GBSeq_organism>Halococcus morrhuae</GBSeq_organism>
 <GBSeq_organism>Haloarcula hispanica ATCC 33960</GBSeq_organism>
 <GBSeq_organism>Methanosarcina barkeri</GBSeq_organism>
 <GBSeq_organism>Methanospirillum hungatei</GBSeq_organism>
 <GBSeq_organism>Haloarcula vallismortis</GBSeq_organism>
 <GBSeq_organism>Haloarcula argentinensis</GBSeq_organism>
 <GBSeq_organism>Natrialba hulunbeirensis</GBSeq_organism>
 <GBSeq_organism>Methanoculleus bourgensis MS2</GBSeq_organism>
 <GBSeq_organism>Thermoplasma volcanium</GBSeq_organism>
 <GBSeq_organism>Haloterrigena thermotolerans</GBSeq_organism>
 <GBSeq_organism>Halorubrum xinjiangense</GBSeq_organism>
 <GBSeq_organism>Haloferax sulfurifontis ATCC BAA-897</GBSeq_organism>
 <GBSeq_organism>Thermoplasma acidophilum</GBSeq_organism>
 <GBSeq_organism>Natronorubrum bangense</GBSeq_organism>
 <GBSeq_organism>Halobiforma haloterrestris</GBSeq_organism>
