 <GBSeq_organism>Pseudonocardia hydrocarbonoxydans</GBSeq_organism>
 <GBSeq_organism>Thermobispora bispora DSM 43833</GBSeq_organism>
 <GBSeq_organism>Pseudonocardia chloroethenivorans</GBSeq_organism>
 <GBSeq_organism>Pseudonocardia dioxanivorans CB1190</GBSeq_organism>
 <GBSeq_organism>Pseudonocardia spinosispora</GBSeq_organism>
 <GBSeq_organism>Pseudonocardia yunnanensis</GBSeq_organism>
 <GBSeq_organism>Kutzneria viridogrisea</GBSeq_organism>
 <GBSeq_organism>Actinopolyspora halophila</GBSeq_organism>
 <GBSeq_organism>Thermocrispum municipale</GBSeq_organism>
 <GBSeq_organism>Pseudonocardia autotrophica</GBSeq_organism>
 <GBSeq_organism>Pseudonocardia zijingensis</GBSeq_organism>
 <GBSeq_organism>Kibdelosporangium philippinense</GBSeq_organism>
 <GBSeq_organism>Pseudonocardia tetrahydrofuranoxydans</GBSeq_organism>
 <GBSeq_organism>Prauserella rugosa</GBSeq_organism>
 <GBSeq_organism>Kibdelosporangium aridum subsp. largum</GBSeq_organism>
 <GBSeq_organism>Streptoalloteichus hindustanus</GBSeq_organism>
 <GBSeq_organism>Amycolatopsis orientalis</GBSeq_organism>
 <GBSeq_organism>Pseudonocardia alaniniphila</GBSeq_organism>
 <GBSeq_organism>Pseudonocardia aurantiaca</GBSeq_organism>
 <GBSeq_organism>Pseudonocardia petroleophila</GBSeq_organism>
 <GBSeq_organism>Pseudonocardia benzenivorans</GBSeq_organism>
 <GBSeq_organism>Pseudonocardia ammonioxydans</GBSeq_organism>
 <GBSeq_organism>Pseudonocardia asaccharolytica</GBSeq_organism>
 <GBSeq_organism>Actinomycetospora chiangmaiensis</GBSeq_organism>
 <GBSeq_organism>Pseudonocardia antarctica</GBSeq_organism>
 <GBSeq_organism>Pseudonocardia kongjuensis</GBSeq_organism>
 <GBSeq_organism>Pseudonocardia halophobica</GBSeq_organism>
 <GBSeq_organism>Pseudonocardia oroxyli</GBSeq_organism>
 <GBSeq_organism>Pseudonocardia thermophila</GBSeq_organism>
 <GBSeq_organism>Pseudonocardia alni</GBSeq_organism>
 <GBSeq_organism>Pseudonocardia compacta</GBSeq_organism>
 <GBSeq_organism>Pseudonocardia sulfidoxydans</GBSeq_organism>
 <GBSeq_organism>Crossiella equi</GBSeq_organism>
 <GBSeq_organism>Pseudonocardia saturnea</GBSeq_organism>
 <GBSeq_organism>Pseudonocardia xinjiangensis</GBSeq_organism>
