 <GBSeq_organism>Kaistia granuli</GBSeq_organism>
 <GBSeq_organism>Pseudoxanthobacter soli DSM 19599</GBSeq_organism>
 <GBSeq_organism>Methylosinus sporium</GBSeq_organism>
 <GBSeq_organism>Methylocapsa acidiphila B2</GBSeq_organism>
 <GBSeq_organism>Xanthobacter flavus</GBSeq_organism>
 <GBSeq_organism>Mesorhizobium plurifarium</GBSeq_organism>
 <GBSeq_organism>Devosia soli</GBSeq_organism>
 <GBSeq_organism>Ochrobactrum intermedium LMG 3301</GBSeq_organism>
 <GBSeq_organism>Blastochloris viridis</GBSeq_organism>
 <GBSeq_organism>Devosia insulae DS-56</GBSeq_organism>
 <GBSeq_organism>Xanthobacter agilis</GBSeq_organism>
 <GBSeq_organism>Paracoccus homiensis</GBSeq_organism>
 <GBSeq_organism>Kaistia adipata</GBSeq_organism>
 <GBSeq_organism>Blastochloris sulfoviridis</GBSeq_organism>
 <GBSeq_organism>Ochrobactrum gallinifaecis</GBSeq_organism>
 <GBSeq_organism>Methylocystis echinoides</GBSeq_organism>
 <GBSeq_organism>Chelatococcus asaccharovorans</GBSeq_organism>
 <GBSeq_organism>Devosia riboflavina</GBSeq_organism>
 <GBSeq_organism>Methylocella tundrae</GBSeq_organism>
 <GBSeq_organism>Mesorhizobium tianshanense</GBSeq_organism>
 <GBSeq_organism>Ancylobacter rudongensis</GBSeq_organism>
 <GBSeq_organism>Roseinatronobacter thiooxidans</GBSeq_organism>
 <GBSeq_organism>Devosia neptuniae</GBSeq_organism>
 <GBSeq_organism>Phyllobacterium myrsinacearum</GBSeq_organism>
 <GBSeq_organism>Agrobacterium rhizogenes</GBSeq_organism>
 <GBSeq_organism>Devosia limi</GBSeq_organism>
