 <GBSeq_organism>Yamadazyma mexicana</GBSeq_organism>
 <GBSeq_organism>Candida laemsonensis</GBSeq_organism>
 <GBSeq_organism>Yamadazyma mexicana</GBSeq_organism>
 <GBSeq_organism>Candida conglobata</GBSeq_organism>
 <GBSeq_organism>Alvinella pompejana</GBSeq_organism>
 <GBSeq_organism>Pichia bispora</GBSeq_organism>
 <GBSeq_organism>Yamadazyma scolyti</GBSeq_organism>
 <GBSeq_organism>Candida kanchanaburiensis</GBSeq_organism>
 <GBSeq_organism>Starmera amethionina var. amethionina</GBSeq_organism>
 <GBSeq_organism>Yamadazyma mexicana</GBSeq_organism>
 <GBSeq_organism>Candida sp. XH1164</GBSeq_organism>
 <GBSeq_organism>Candida sp. BG02-7-17-001A-1-1</GBSeq_organism>
 <GBSeq_organism>Schizosaccharomyces pombe</GBSeq_organism>
 <GBSeq_organism>Pichia dryadoides</GBSeq_organism>
 <GBSeq_organism>Candida berthetii</GBSeq_organism>
 <GBSeq_organism>Candida dendronema</GBSeq_organism>
 <GBSeq_organism>Candida insectorum</GBSeq_organism>
 <GBSeq_organism>Starmera caribaea</GBSeq_organism>
 <GBSeq_organism>Candida tenuis</GBSeq_organism>
 <GBSeq_organism>Yamadazyma akitaensis</GBSeq_organism>
 <GBSeq_organism>Candida naeodendra</GBSeq_organism>
 <GBSeq_organism>Pichia quercuum</GBSeq_organism>
 <GBSeq_organism>Candida sp. PR2-3</GBSeq_organism>
 <GBSeq_organism>Candida rugosa</GBSeq_organism>
 <GBSeq_organism>Ambrosiozyma kashinagacola</GBSeq_organism>
 <GBSeq_organism>Candida laemsonensis</GBSeq_organism>
 <GBSeq_organism>Candida aaseri</GBSeq_organism>
 <GBSeq_organism>Pichia nongkratonensis</GBSeq_organism>
 <GBSeq_organism>Candida diddensiae</GBSeq_organism>
 <GBSeq_organism>Candida ranongensis</GBSeq_organism>
 <GBSeq_organism>Cyberlindnera saturnus</GBSeq_organism>
 <GBSeq_organism>Yamadazyma mexicana</GBSeq_organism>
 <GBSeq_organism>Candida aaseri</GBSeq_organism>
 <GBSeq_organism>Candida sp. RS16</GBSeq_organism>
 <GBSeq_organism>Starmera amethionina var. pachycereana</GBSeq_organism>
 <GBSeq_organism>Ambrosiozyma vanderkliftii</GBSeq_organism>
 <GBSeq_organism>Candida andamanensis</GBSeq_organism>
 <GBSeq_organism>Candida sp. BG02-7-21-004Q-1-2</GBSeq_organism>
 <GBSeq_organism>Candida jeffriesii</GBSeq_organism>
