 <GBSeq_organism>Ramlibacter tataouinensis TTB310</GBSeq_organism>
 <GBSeq_organism>Rhodoferax antarcticus</GBSeq_organism>
 <GBSeq_organism>Curvibacter delicatus</GBSeq_organism>
 <GBSeq_organism>Acidovorax defluvii</GBSeq_organism>
 <GBSeq_organism>Rhodoferax fermentans</GBSeq_organism>
 <GBSeq_organism>Variovorax paradoxus</GBSeq_organism>
 <GBSeq_organism>Polaromonas aquatica</GBSeq_organism>
 <GBSeq_organism>Acidovorax facilis</GBSeq_organism>
 <GBSeq_organism>Acidovorax caeni</GBSeq_organism>
 <GBSeq_organism>Pseudorhodoferax soli</GBSeq_organism>
 <GBSeq_organism>Acidovorax delafieldii</GBSeq_organism>
 <GBSeq_organism>Curvibacter gracilis</GBSeq_organism>
 <GBSeq_organism>Rhodocyclus tenuis DSM 109</GBSeq_organism>
 <GBSeq_organism>Acidovorax konjaci</GBSeq_organism>
 <GBSeq_organism>Variovorax soli NBRC 106424</GBSeq_organism>
 <GBSeq_organism>Rhodoferax ferrireducens T118</GBSeq_organism>
 <GBSeq_organism>Rubrivivax gelatinosus</GBSeq_organism>
 <GBSeq_organism>Advenella mimigardefordensis DPN7</GBSeq_organism>
 <GBSeq_organism>Pseudacidovorax intermedius</GBSeq_organism>
 <GBSeq_organism>Ramlibacter henchirensis</GBSeq_organism>
