 <GBSeq_organism>Halomonas magadiensis</GBSeq_organism>
 <GBSeq_organism>Halomonas stevensii</GBSeq_organism>
 <GBSeq_organism>Halomonas stevensii</GBSeq_organism>
 <GBSeq_organism>Halomonas boliviensis LC1</GBSeq_organism>
 <GBSeq_organism>Halomonas stevensii</GBSeq_organism>
 <GBSeq_organism>Halomonas stevensii S18214</GBSeq_organism>
 <GBSeq_organism>Halomonas stevensii</GBSeq_organism>
 <GBSeq_organism>Halomonas arcis</GBSeq_organism>
 <GBSeq_organism>Halomonas stevensii</GBSeq_organism>
 <GBSeq_organism>Halomonas subterranea</GBSeq_organism>
 <GBSeq_organism>Halomonas sulfidaeris Esulfide1</GBSeq_organism>
 <GBSeq_organism>Halomonas venusta</GBSeq_organism>
 <GBSeq_organism>Halomonas stevensii</GBSeq_organism>
 <GBSeq_organism>Halomonas janggokensis</GBSeq_organism>
 <GBSeq_organism>Halomonas subglaciescola</GBSeq_organism>
 <GBSeq_organism>Halomonas johnsoniae</GBSeq_organism>
 <GBSeq_organism>Halomonas johnsoniae</GBSeq_organism>
 <GBSeq_organism>Halomonas neptunia</GBSeq_organism>
 <GBSeq_organism>Halomonas glaciei</GBSeq_organism>
 <GBSeq_organism>Halomonas johnsoniae</GBSeq_organism>
 <GBSeq_organism>Halomonas hamiltonii</GBSeq_organism>
 <GBSeq_organism>Halomonas hamiltonii</GBSeq_organism>
 <GBSeq_organism>Halomonas gomseomensis</GBSeq_organism>
 <GBSeq_organism>Halomonas aquamarina</GBSeq_organism>
 <GBSeq_organism>Halomonas variabilis</GBSeq_organism>
 <GBSeq_organism>Halomonas alkaliphila</GBSeq_organism>
 <GBSeq_organism>Halomonas elongata DSM 2581</GBSeq_organism>
 <GBSeq_organism>Halomonas stevensii</GBSeq_organism>
 <GBSeq_organism>Halomonas hamiltonii</GBSeq_organism>
