 <GBSeq_organism>Rhizobium leucaenae USDA 9039</GBSeq_organism>
 <GBSeq_organism>Rhizobium vignae</GBSeq_organism>
 <GBSeq_organism>Rhizobium tibeticum</GBSeq_organism>
 <GBSeq_organism>Rhizobium vignae</GBSeq_organism>
 <GBSeq_organism>Agrobacterium rhizogenes</GBSeq_organism>
 <GBSeq_organism>Rhizobium oryzae</GBSeq_organism>
 <GBSeq_organism>Rhizobium tropici CIAT 899</GBSeq_organism>
 <GBSeq_organism>Agrobacterium rubi</GBSeq_organism>
 <GBSeq_organism>Rhizobium vignae</GBSeq_organism>
 <GBSeq_organism>Neorhizobium galegae</GBSeq_organism>
 <GBSeq_organism>Agrobacterium tumefaciens</GBSeq_organism>
 <GBSeq_organism>Rhizobium miluonense</GBSeq_organism>
 <GBSeq_organism>Rhizobium giardinii</GBSeq_organism>
 <GBSeq_organism>Rhizobium vignae</GBSeq_organism>
 <GBSeq_organism>Rhizobium undicola</GBSeq_organism>
 <GBSeq_organism>Rhizobium lusitanum</GBSeq_organism>
 <GBSeq_organism>Rhizobium etli CFN 42</GBSeq_organism>
 <GBSeq_organism>Rhizobium leguminosarum bv. viciae USDA 2370</GBSeq_organism>
 <GBSeq_organism>Agrobacterium vitis</GBSeq_organism>
 <GBSeq_organism>Rhizobium vignae</GBSeq_organism>
 <GBSeq_organism>Rhizobium pisi</GBSeq_organism>
 <GBSeq_organism>Rhizobium alamii</GBSeq_organism>
 <GBSeq_organism>Rhizobium mongolense USDA 1844</GBSeq_organism>
 <GBSeq_organism>Rhizobium multihospitium</GBSeq_organism>
 <GBSeq_organism>Rhizobium vignae</GBSeq_organism>
 <GBSeq_organism>Rhizobium loessense</GBSeq_organism>
 <GBSeq_organism>Rhizobium gallicum</GBSeq_organism>
 <GBSeq_organism>Rhizobium indigoferae</GBSeq_organism>
 <GBSeq_organism>Rhizobium hainanense</GBSeq_organism>
 <GBSeq_organism>Rhizobium selenitireducens</GBSeq_organism>
 <GBSeq_organism>Neorhizobium alkalisoli</GBSeq_organism>
 <GBSeq_organism>Rhizobium vignae</GBSeq_organism>
