 <GBSeq_organism>Nocardioides aquiterrae</GBSeq_organism>
 <GBSeq_organism>Kribbella flavida</GBSeq_organism>
 <GBSeq_organism>Nocardioides hwasunensis</GBSeq_organism>
 <GBSeq_organism>Nocardioides salarius</GBSeq_organism>
 <GBSeq_organism>Nocardioides luteus</GBSeq_organism>
 <GBSeq_organism>Nocardioides kongjuensis</GBSeq_organism>
 <GBSeq_organism>Nocardioides panacihumi</GBSeq_organism>
 <GBSeq_organism>Propionibacterium freudenreichii</GBSeq_organism>
 <GBSeq_organism>Nocardioides insulae</GBSeq_organism>
 <GBSeq_organism>Nocardioides marinisabuli</GBSeq_organism>
 <GBSeq_organism>Nocardioides terrigena</GBSeq_organism>
 <GBSeq_organism>Nocardioides albus</GBSeq_organism>
 <GBSeq_organism>Nocardioides aestuarii</GBSeq_organism>
 <GBSeq_organism>Nocardioides kribbensis</GBSeq_organism>
 <GBSeq_organism>Nocardioides humi</GBSeq_organism>
 <GBSeq_organism>Nocardioides salarius</GBSeq_organism>
 <GBSeq_organism>Nocardioides alkalitolerans</GBSeq_organism>
 <GBSeq_organism>Nocardioides fonticola</GBSeq_organism>
 <GBSeq_organism>Nocardioides ganghwensis</GBSeq_organism>
 <GBSeq_organism>Nocardioides nitrophenolicus</GBSeq_organism>
 <GBSeq_organism>Nocardioides dubius</GBSeq_organism>
 <GBSeq_organism>Nocardioides exalbidus</GBSeq_organism>
 <GBSeq_organism>Nocardioides dokdonensis</GBSeq_organism>
 <GBSeq_organism>Aeromicrobium erythreum</GBSeq_organism>
 <GBSeq_organism>Nocardioides hankookensis</GBSeq_organism>
 <GBSeq_organism>Nocardioides plantarum</GBSeq_organism>
 <GBSeq_organism>Nocardioides aquaticus</GBSeq_organism>
 <GBSeq_organism>Nocardioides oleivorans</GBSeq_organism>
 <GBSeq_organism>Nocardioides jensenii</GBSeq_organism>
 <GBSeq_organism>Pimelobacter simplex</GBSeq_organism>
 <GBSeq_organism>Nocardioides daphniae</GBSeq_organism>
