 <GBSeq_organism>Sporosarcina aquimarina</GBSeq_organism>
 <GBSeq_organism>Bacillus pumilus</GBSeq_organism>
 <GBSeq_organism>Solibacillus silvestris</GBSeq_organism>
 <GBSeq_organism>Bacillus pumilus</GBSeq_organism>
 <GBSeq_organism>Bacillus sp. SAFN-003</GBSeq_organism>
 <GBSeq_organism>Bacillus benzoevorans</GBSeq_organism>
 <GBSeq_organism>Paenibacillus sp. SAFN-022b</GBSeq_organism>
 <GBSeq_organism>Paenibacillus timonensis 2301032</GBSeq_organism>
 <GBSeq_organism>Filibacter limicola</GBSeq_organism>
 <GBSeq_organism>Bacillus sp. SAFN-028</GBSeq_organism>
 <GBSeq_organism>Bacillus megaterium</GBSeq_organism>
 <GBSeq_organism>Lysinibacillus macroides</GBSeq_organism>
 <GBSeq_organism>Bacillus niacini</GBSeq_organism>
 <GBSeq_organism>Bacillus megaterium</GBSeq_organism>
 <GBSeq_organism>Paenibacillus barengoltzii</GBSeq_organism>
 <GBSeq_organism>Bacillus sp. SAFN-006</GBSeq_organism>
 <GBSeq_organism>Bacillus megaterium</GBSeq_organism>
 <GBSeq_organism>Bacillus safensis</GBSeq_organism>
 <GBSeq_organism>Filibacter limicola</GBSeq_organism>
 <GBSeq_organism>Paenibacillus sp. SAFN-035</GBSeq_organism>
 <GBSeq_organism>Lysinibacillus macroides</GBSeq_organism>
 <GBSeq_organism>Paenibacillus illinoisensis</GBSeq_organism>
 <GBSeq_organism>Streptomyces platensis</GBSeq_organism>
 <GBSeq_organism>Streptomyces caviscabies</GBSeq_organism>
 <GBSeq_organism>Bacillus benzoevorans</GBSeq_organism>
 <GBSeq_organism>Bacillus niacini</GBSeq_organism>
 <GBSeq_organism>Bacillus sp. SAFN-018</GBSeq_organism>
 <GBSeq_organism>Solibacillus silvestris</GBSeq_organism>
 <GBSeq_organism>Bacillus safensis</GBSeq_organism>
 <GBSeq_organism>Bacillus thuringiensis</GBSeq_organism>
 <GBSeq_organism>Bacillus safensis</GBSeq_organism>
 <GBSeq_organism>Bacillus niacini</GBSeq_organism>
 <GBSeq_organism>Bacillus pumilus</GBSeq_organism>
 <GBSeq_organism>Bacillus licheniformis</GBSeq_organism>
 <GBSeq_organism>Bacillus safensis</GBSeq_organism>
 <GBSeq_organism>Paenibacillus pasadenensis</GBSeq_organism>
 <GBSeq_organism>Bacillus benzoevorans</GBSeq_organism>
