 <GBSeq_organism>Halobacterium salinarum</GBSeq_organism>
 <GBSeq_organism>Natronococcus amylolyticus</GBSeq_organism>
 <GBSeq_organism>Halococcus qingdaonensis</GBSeq_organism>
 <GBSeq_organism>Natronorubrum tibetense</GBSeq_organism>
 <GBSeq_organism>Natrialba asiatica</GBSeq_organism>
 <GBSeq_organism>Haloterrigena longa</GBSeq_organism>
 <GBSeq_organism>Natrinema ejinorense</GBSeq_organism>
 <GBSeq_organism>Haloterrigena sp. GSL-11</GBSeq_organism>
 <GBSeq_organism>Halovivax asiaticus</GBSeq_organism>
 <GBSeq_organism>Natronorubrum sulfidifaciens JCM 14089</GBSeq_organism>
 <GBSeq_organism>Natronorubrum aibiense</GBSeq_organism>
 <GBSeq_organism>Natrinema altunense</GBSeq_organism>
 <GBSeq_organism>Natrialba magadii ATCC 43099</GBSeq_organism>
 <GBSeq_organism>Natrialba aegyptia</GBSeq_organism>
 <GBSeq_organism>Natronobacterium gregoryi SP2</GBSeq_organism>
 <GBSeq_organism>Halalkalicoccus jeotgali B3</GBSeq_organism>
 <GBSeq_organism>Halostagnicola larsenii XH-48</GBSeq_organism>
 <GBSeq_organism>Haloterrigena limicola JCM 13563</GBSeq_organism>
 <GBSeq_organism>Natrialba taiwanensis DSM 12281</GBSeq_organism>
 <GBSeq_organism>Haloterrigena turkmenica DSM 5511</GBSeq_organism>
 <GBSeq_organism>Halovivax ruber XH-70</GBSeq_organism>
 <GBSeq_organism>Natronolimnobius baerhuensis</GBSeq_organism>
 <GBSeq_organism>Halococcus hamelinensis 100A6</GBSeq_organism>
 <GBSeq_organism>Natrialba hulunbeirensis</GBSeq_organism>
 <GBSeq_organism>Halococcus morrhuae</GBSeq_organism>
 <GBSeq_organism>Natronococcus jeotgali</GBSeq_organism>
 <GBSeq_organism>Natrinema pellirubrum DSM 15624</GBSeq_organism>
 <GBSeq_organism>Natronolimnobius innermongolicus</GBSeq_organism>
 <GBSeq_organism>Natronorubrum bangense</GBSeq_organism>
 <GBSeq_organism>Halobiforma haloterrestris</GBSeq_organism>
 <GBSeq_organism>Natrinema pallidum</GBSeq_organism>
