 <GBSeq_organism>Butyrivibrio fibrisolvens</GBSeq_organism>
 <GBSeq_organism>Butyrivibrio crossotus</GBSeq_organism>
 <GBSeq_organism>Pseudobutyrivibrio xylanivorans</GBSeq_organism>
 <GBSeq_organism>Pseudobutyrivibrio ruminis</GBSeq_organism>
 <GBSeq_organism>Kluyveromyces lactis</GBSeq_organism>
 <GBSeq_organism>Pseudobutyrivibrio xylanivorans</GBSeq_organism>
 <GBSeq_organism>Butyrivibrio fibrisolvens</GBSeq_organism>
 <GBSeq_organism>Butyrivibrio fibrisolvens</GBSeq_organism>
 <GBSeq_organism>Butyrivibrio proteoclasticus</GBSeq_organism>
 <GBSeq_organism>Butyrivibrio fibrisolvens</GBSeq_organism>
 <GBSeq_organism>Eubacterium rectale</GBSeq_organism>
 <GBSeq_organism>butyrate-producing bacterium T1-815</GBSeq_organism>
 <GBSeq_organism>Butyrivibrio fibrisolvens</GBSeq_organism>
 <GBSeq_organism>Butyrivibrio fibrisolvens</GBSeq_organism>
 <GBSeq_organism>Pseudobutyrivibrio ruminis</GBSeq_organism>
 <GBSeq_organism>butyrate-producing bacterium L1-810</GBSeq_organism>
 <GBSeq_organism>Butyrivibrio proteoclasticus</GBSeq_organism>
 <GBSeq_organism>Butyrivibrio fibrisolvens</GBSeq_organism>
 <GBSeq_organism>Butyrivibrio fibrisolvens</GBSeq_organism>
 <GBSeq_organism>Butyrivibrio fibrisolvens</GBSeq_organism>
 <GBSeq_organism>[Clostridium] oroticum</GBSeq_organism>
 <GBSeq_organism>Roseburia cecicola</GBSeq_organism>
 <GBSeq_organism>Butyrivibrio fibrisolvens</GBSeq_organism>
 <GBSeq_organism>Roseburia inulinivorans</GBSeq_organism>
 <GBSeq_organism>Butyrivibrio fibrisolvens</GBSeq_organism>
