 <GBSeq_organism>Alder yellows phytoplasma</GBSeq_organism>
 <GBSeq_organism>Candidatus Phytoplasma vitis</GBSeq_organism>
 <GBSeq_organism>Candidatus Phytoplasma ulmi</GBSeq_organism>
 <GBSeq_organism>Alder yellows phytoplasma</GBSeq_organism>
 <GBSeq_organism>Bacillus subtilis subsp. subtilis str. 168</GBSeq_organism>
 <GBSeq_organism>Candidatus Phytoplasma ulmi</GBSeq_organism>
 <GBSeq_organism>Jujube witches&apos;-broom phytoplasma</GBSeq_organism>
 <GBSeq_organism>Candidatus Phytoplasma ulmi</GBSeq_organism>
 <GBSeq_organism>Candidatus Phytoplasma spartii</GBSeq_organism>
 <GBSeq_organism>Rubus stunt phytoplasma</GBSeq_organism>
 <GBSeq_organism>Cherry lethal yellows phytoplasma</GBSeq_organism>
 <GBSeq_organism>Hemp dogbane yellows phytoplasma</GBSeq_organism>
 <GBSeq_organism>Candidatus Phytoplasma ulmi</GBSeq_organism>
 <GBSeq_organism>Rubus stunt phytoplasma</GBSeq_organism>
 <GBSeq_organism>Candidatus Phytoplasma spartii</GBSeq_organism>
 <GBSeq_organism>Rubus stunt phytoplasma</GBSeq_organism>
 <GBSeq_organism>Alder yellows phytoplasma</GBSeq_organism>
 <GBSeq_organism>Cherry lethal yellows phytoplasma</GBSeq_organism>
 <GBSeq_organism>Hemp dogbane yellows phytoplasma</GBSeq_organism>
 <GBSeq_organism>Alder yellows phytoplasma</GBSeq_organism>
 <GBSeq_organism>Potato witches&apos;-broom phytoplasma</GBSeq_organism>
 <GBSeq_organism>Candidatus Phytoplasma vitis</GBSeq_organism>
 <GBSeq_organism>Candidatus Phytoplasma vitis</GBSeq_organism>
 <GBSeq_organism>Candidatus Phytoplasma vitis</GBSeq_organism>
 <GBSeq_organism>Rubus stunt phytoplasma</GBSeq_organism>
 <GBSeq_organism>Jujube witches&apos;-broom phytoplasma</GBSeq_organism>
 <GBSeq_organism>Peach yellows phytoplasma</GBSeq_organism>
 <GBSeq_organism>Alder yellows phytoplasma</GBSeq_organism>
 <GBSeq_organism>Rubus stunt phytoplasma</GBSeq_organism>
 <GBSeq_organism>Candidatus Phytoplasma spartii</GBSeq_organism>
 <GBSeq_organism>Candidatus Phytoplasma ulmi</GBSeq_organism>
 <GBSeq_organism>Candidatus Phytoplasma ulmi</GBSeq_organism>
 <GBSeq_organism>Candidatus Phytoplasma vitis</GBSeq_organism>
 <GBSeq_organism>Peach yellows phytoplasma</GBSeq_organism>
 <GBSeq_organism>Candidatus Phytoplasma vitis</GBSeq_organism>
