 <GBSeq_organism>Escherichia coli DSM 30083 = JCM 1649 = ATCC 11775</GBSeq_organism>
 <GBSeq_organism>Photobacterium damselae subsp. damselae</GBSeq_organism>
 <GBSeq_organism>Vibrio anguillarum</GBSeq_organism>
 <GBSeq_organism>Aliivibrio salmonicida</GBSeq_organism>
 <GBSeq_organism>Vibrio vulnificus NBRC 15645 = ATCC 27562</GBSeq_organism>
 <GBSeq_organism>Photobacterium frigidiphilum</GBSeq_organism>
 <GBSeq_organism>Photobacterium leiognathi</GBSeq_organism>
 <GBSeq_organism>Vibrio cholerae</GBSeq_organism>
 <GBSeq_organism>Aeromonas salmonicida</GBSeq_organism>
 <GBSeq_organism>Photobacterium angustum</GBSeq_organism>
 <GBSeq_organism>Photobacterium lipolyticum</GBSeq_organism>
 <GBSeq_organism>Aliivibrio logei</GBSeq_organism>
 <GBSeq_organism>Aeromonas hydrophila</GBSeq_organism>
 <GBSeq_organism>Shewanella baltica</GBSeq_organism>
 <GBSeq_organism>Aliivibrio wodanis</GBSeq_organism>
 <GBSeq_organism>Vibrio ordalii ATCC 33509</GBSeq_organism>
 <GBSeq_organism>Photobacterium indicum</GBSeq_organism>
 <GBSeq_organism>Shewanella putrefaciens</GBSeq_organism>
 <GBSeq_organism>Photobacterium profundum</GBSeq_organism>
 <GBSeq_organism>Aliivibrio fischeri</GBSeq_organism>
