 <GBSeq_organism>Nocardia brasiliensis NBRC 14402</GBSeq_organism>
 <GBSeq_organism>Nocardia niigatensis</GBSeq_organism>
 <GBSeq_organism>Nocardia araoensis NBRC 100135</GBSeq_organism>
 <GBSeq_organism>Nocardia yamanashiensis</GBSeq_organism>
 <GBSeq_organism>Nocardia aobensis NBRC 100429</GBSeq_organism>
 <GBSeq_organism>Nocardia vinacea</GBSeq_organism>
 <GBSeq_organism>Nocardia africana</GBSeq_organism>
 <GBSeq_organism>Nocardia veterana</GBSeq_organism>
 <GBSeq_organism>Nocardia higoensis NBRC 100133</GBSeq_organism>
 <GBSeq_organism>Nocardia iowensis</GBSeq_organism>
 <GBSeq_organism>Nocardia vermiculata</GBSeq_organism>
 <GBSeq_organism>Nocardia inohanensis</GBSeq_organism>
 <GBSeq_organism>Nocardia anaemiae</GBSeq_organism>
 <GBSeq_organism>Nocardia ignorata</GBSeq_organism>
 <GBSeq_organism>Nocardia puris</GBSeq_organism>
 <GBSeq_organism>Nocardia arthritidis</GBSeq_organism>
 <GBSeq_organism>Nocardia wallacei</GBSeq_organism>
 <GBSeq_organism>Nocardia farcinica</GBSeq_organism>
 <GBSeq_organism>Nocardia concava</GBSeq_organism>
 <GBSeq_organism>Nocardia shimofusensis</GBSeq_organism>
 <GBSeq_organism>Nocardia pneumoniae</GBSeq_organism>
