 <GBSeq_organism>Prauserella halophila</GBSeq_organism>
 <GBSeq_organism>Pseudonocardia spinosispora</GBSeq_organism>
 <GBSeq_organism>Thermocrispum agreste DSM 44070</GBSeq_organism>
 <GBSeq_organism>Saccharomonospora halophila 8</GBSeq_organism>
 <GBSeq_organism>Kutzneria viridogrisea</GBSeq_organism>
 <GBSeq_organism>Amycolatopsis pretoriensis</GBSeq_organism>
 <GBSeq_organism>Amycolatopsis sulphurea</GBSeq_organism>
 <GBSeq_organism>Saccharomonospora paurometabolica YIM 90007</GBSeq_organism>
 <GBSeq_organism>Kibdelosporangium philippinense</GBSeq_organism>
 <GBSeq_organism>Amycolatopsis sacchari</GBSeq_organism>
 <GBSeq_organism>Prauserella alba</GBSeq_organism>
 <GBSeq_organism>Amycolatopsis methanolica 239</GBSeq_organism>
 <GBSeq_organism>Prauserella rugosa</GBSeq_organism>
 <GBSeq_organism>Kibdelosporangium aridum subsp. largum</GBSeq_organism>
 <GBSeq_organism>Streptoalloteichus hindustanus</GBSeq_organism>
 <GBSeq_organism>Saccharopolyspora erythraea NRRL 2338</GBSeq_organism>
 <GBSeq_organism>Saccharopolyspora taberi</GBSeq_organism>
 <GBSeq_organism>Saccharomonospora cyanea</GBSeq_organism>
 <GBSeq_organism>Saccharopolyspora spinosa NRRL 18395</GBSeq_organism>
 <GBSeq_organism>Saccharomonospora xinjiangensis XJ-54</GBSeq_organism>
 <GBSeq_organism>Pseudonocardia asaccharolytica</GBSeq_organism>
 <GBSeq_organism>Actinomycetospora chiangmaiensis</GBSeq_organism>
 <GBSeq_organism>Actinophytocola oryzae</GBSeq_organism>
 <GBSeq_organism>Festuca arundinacea</GBSeq_organism>
 <GBSeq_organism>Streptomyces ambofaciens</GBSeq_organism>
 <GBSeq_organism>Kibdelosporangium aridum</GBSeq_organism>
 <GBSeq_organism>Pseudonocardia compacta</GBSeq_organism>
 <GBSeq_organism>Amycolatopsis taiwanensis</GBSeq_organism>
 <GBSeq_organism>Amycolatopsis palatopharyngis</GBSeq_organism>
 <GBSeq_organism>Thermocrispum municipale DSM 44069</GBSeq_organism>
 <GBSeq_organism>Actinophytocola timorensis</GBSeq_organism>
 <GBSeq_organism>Saccharomonospora glauca</GBSeq_organism>
