 <GBSeq_organism>Algibacter mikhailovii</GBSeq_organism>
 <GBSeq_organism>Algibacter lectus</GBSeq_organism>
 <GBSeq_organism>Winogradskyella poriferorum</GBSeq_organism>
 <GBSeq_organism>Olleya marilimosa CAM030</GBSeq_organism>
 <GBSeq_organism>Subsaxibacter broadyi</GBSeq_organism>
 <GBSeq_organism>Bizionia paragorgiae</GBSeq_organism>
 <GBSeq_organism>Tamlana crocina</GBSeq_organism>
 <GBSeq_organism>Lutibacter litoralis</GBSeq_organism>
 <GBSeq_organism>Winogradskyella epiphytica</GBSeq_organism>
 <GBSeq_organism>Gaetbulibacter saemankumensis</GBSeq_organism>
 <GBSeq_organism>Bizionia gelidisalsuginis</GBSeq_organism>
 <GBSeq_organism>Subsaximicrobium wynnwilliamsii</GBSeq_organism>
 <GBSeq_organism>Formosa algae</GBSeq_organism>
 <GBSeq_organism>Bizionia myxarmorum</GBSeq_organism>
 <GBSeq_organism>Bizionia algoritergicola</GBSeq_organism>
 <GBSeq_organism>Psychroserpens burtonensis</GBSeq_organism>
 <GBSeq_organism>Winogradskyella thalassocola</GBSeq_organism>
 <GBSeq_organism>Gelidibacter algens</GBSeq_organism>
 <GBSeq_organism>Bizionia saleffrena</GBSeq_organism>
 <GBSeq_organism>Lacinutrix copepodicola</GBSeq_organism>
 <GBSeq_organism>Winogradskyella eximia</GBSeq_organism>
