 <GBSeq_organism>Paenibacillus glucanolyticus</GBSeq_organism>
 <GBSeq_organism>Paenibacillus timonensis 2301032</GBSeq_organism>
 <GBSeq_organism>Paenibacillus borealis</GBSeq_organism>
 <GBSeq_organism>Paenibacillus brasilensis</GBSeq_organism>
 <GBSeq_organism>Bacillus subtilis subsp. subtilis str. 168</GBSeq_organism>
 <GBSeq_organism>Paenibacillus odorifer</GBSeq_organism>
 <GBSeq_organism>Paenibacillus phyllosphaerae</GBSeq_organism>
 <GBSeq_organism>Paenibacillus curdlanolyticus YK9</GBSeq_organism>
 <GBSeq_organism>Paenibacillus campinasensis</GBSeq_organism>
 <GBSeq_organism>Paenibacillus peoriae</GBSeq_organism>
 <GBSeq_organism>Paenibacillus wooponensis</GBSeq_organism>
 <GBSeq_organism>Paenibacillus amylolyticus</GBSeq_organism>
 <GBSeq_organism>Paenibacillus graminis</GBSeq_organism>
 <GBSeq_organism>Lernaeocera branchialis</GBSeq_organism>
 <GBSeq_organism>Paenibacillus jamilae</GBSeq_organism>
 <GBSeq_organism>Paenibacillus daejeonensis</GBSeq_organism>
 <GBSeq_organism>Paenibacillus thiaminolyticus</GBSeq_organism>
 <GBSeq_organism>Paenibacillus naphthalenovorans</GBSeq_organism>
 <GBSeq_organism>Paenibacillus lactis</GBSeq_organism>
 <GBSeq_organism>Paenibacillus alkaliterrae</GBSeq_organism>
 <GBSeq_organism>Paenibacillus xinjiangensis</GBSeq_organism>
 <GBSeq_organism>Paenibacillus favisporus</GBSeq_organism>
 <GBSeq_organism>Malus domestica</GBSeq_organism>
 <GBSeq_organism>Paenibacillus castaneae</GBSeq_organism>
 <GBSeq_organism>Paenibacillus sanguinis</GBSeq_organism>
 <GBSeq_organism>Paenibacillus ehimensis</GBSeq_organism>
 <GBSeq_organism>Paenibacillus mendelii</GBSeq_organism>
 <GBSeq_organism>Paenibacillus elgii</GBSeq_organism>
 <GBSeq_organism>Paenibacillus massiliensis</GBSeq_organism>
 <GBSeq_organism>Paenibacillus macerans</GBSeq_organism>
 <GBSeq_organism>Paenibacillus pasadenensis</GBSeq_organism>
 <GBSeq_organism>Paenibacillus polymyxa</GBSeq_organism>
 <GBSeq_organism>Paenibacillus agaridevorans</GBSeq_organism>
 <GBSeq_organism>Bacillus subtilis</GBSeq_organism>
 <GBSeq_organism>Paenibacillus tarimensis</GBSeq_organism>
 <GBSeq_organism>Paenibacillus agarexedens</GBSeq_organism>
 <GBSeq_organism>Paenibacillus curdlanolyticus YK9</GBSeq_organism>
