 <GBSeq_organism>Lucinoma aequizonata gill symbiont</GBSeq_organism>
 <GBSeq_organism>Methylophaga marina</GBSeq_organism>
 <GBSeq_organism>Thiomicrospira kuenenii DSM 12350</GBSeq_organism>
 <GBSeq_organism>unidentified marine eubacterium</GBSeq_organism>
 <GBSeq_organism>Rhizobium leguminosarum</GBSeq_organism>
 <GBSeq_organism>Thiomicrospira arctica</GBSeq_organism>
 <GBSeq_organism>Thiomicrospira frisia</GBSeq_organism>
 <GBSeq_organism>Thioalkalimicrobium sibiricum</GBSeq_organism>
 <GBSeq_organism>Piscirickettsia salmonis</GBSeq_organism>
 <GBSeq_organism>Thiomicrospira sp. Milos-T1</GBSeq_organism>
 <GBSeq_organism>Vesicomya cordata gill symbiont</GBSeq_organism>
 <GBSeq_organism>Thiomicrospira chilensis</GBSeq_organism>
 <GBSeq_organism>Thiomicrospira crunogena</GBSeq_organism>
 <GBSeq_organism>Thiomicrospira sp.</GBSeq_organism>
 <GBSeq_organism>Thiomicrospira pelophila</GBSeq_organism>
 <GBSeq_organism>Hydrogenovibrio marinus</GBSeq_organism>
 <GBSeq_organism>Thiothrix nivea DSM 5205</GBSeq_organism>
 <GBSeq_organism>Thiomicrospira sp.</GBSeq_organism>
 <GBSeq_organism>Thiomicrospira sp. SL-1</GBSeq_organism>
 <GBSeq_organism>Thiomicrospira sp. Milos-T2</GBSeq_organism>
 <GBSeq_organism>Bathymodiolus thermophilus thioautotrophic gill symbiont</GBSeq_organism>
 <GBSeq_organism>Thiomicrospira sp. JB-B2</GBSeq_organism>
 <GBSeq_organism>Cycloclasticus pugetii PS-1</GBSeq_organism>
 <GBSeq_organism>Thiomicrospira psychrophila</GBSeq_organism>
 <GBSeq_organism>Thioalkalimicrobium aerophilum AL3</GBSeq_organism>
 <GBSeq_organism>Wolbachia persica</GBSeq_organism>
