 <GBSeq_organism>Flavobacterium degerlachei</GBSeq_organism>
 <GBSeq_organism>Myroides odoratus DSM 2801</GBSeq_organism>
 <GBSeq_organism>Flavobacterium xinjiangense</GBSeq_organism>
 <GBSeq_organism>Flavobacterium limicola</GBSeq_organism>
 <GBSeq_organism>Flavobacterium johnsoniae</GBSeq_organism>
 <GBSeq_organism>Flavobacterium granuli</GBSeq_organism>
 <GBSeq_organism>Flavobacterium succinicans</GBSeq_organism>
 <GBSeq_organism>Flavobacterium defluvii</GBSeq_organism>
 <GBSeq_organism>Flavobacterium micromati</GBSeq_organism>
 <GBSeq_organism>Flavobacterium hydatis</GBSeq_organism>
 <GBSeq_organism>Flavobacterium tegetincola</GBSeq_organism>
 <GBSeq_organism>Flavobacterium fryxellicola</GBSeq_organism>
 <GBSeq_organism>Flavobacterium flevense</GBSeq_organism>
 <GBSeq_organism>Flavobacterium gillisiae</GBSeq_organism>
 <GBSeq_organism>Flavobacterium pectinovorum</GBSeq_organism>
 <GBSeq_organism>Flavobacterium soli</GBSeq_organism>
 <GBSeq_organism>Flavobacterium anhuiense</GBSeq_organism>
 <GBSeq_organism>Flavobacterium branchiophilum</GBSeq_organism>
 <GBSeq_organism>Flavobacterium gelidilacus</GBSeq_organism>
 <GBSeq_organism>Flavobacterium aquatile</GBSeq_organism>
 <GBSeq_organism>Flavobacterium denitrificans</GBSeq_organism>
 <GBSeq_organism>Flavobacterium psychrophilum</GBSeq_organism>
 <GBSeq_organism>Flavobacterium frigidarium</GBSeq_organism>
 <GBSeq_organism>Flavobacterium hibernum</GBSeq_organism>
 <GBSeq_organism>Flavobacterium omnivorum</GBSeq_organism>
 <GBSeq_organism>Flavobacterium frigoris</GBSeq_organism>
