 <GBSeq_organism>Leptospira terpstrae serovar Hualin</GBSeq_organism>
 <GBSeq_organism>Leptospira noguchii serovar Panama</GBSeq_organism>
 <GBSeq_organism>Leptospira alexanderi serovar Manzhuang</GBSeq_organism>
 <GBSeq_organism>Leptospira inadai serovar Lyme</GBSeq_organism>
 <GBSeq_organism>Leptospira wolbachii serovar Codice</GBSeq_organism>
 <GBSeq_organism>Leptospira alstonii serovar Sichuan</GBSeq_organism>
 <GBSeq_organism>Leptospira vanthielii serovar Holland</GBSeq_organism>
 <GBSeq_organism>Leptospira kmetyi serovar Malaysia</GBSeq_organism>
 <GBSeq_organism>Leptospira santarosai serovar Shermani str. LT 821</GBSeq_organism>
 <GBSeq_organism>Leptospira borgpetersenii serovar Ballum</GBSeq_organism>
 <GBSeq_organism>Leptonema illini serovar Habaki</GBSeq_organism>
 <GBSeq_organism>Leptospira biflexa serovar Patoc strain &apos;Patoc 1 (Paris)&apos;</GBSeq_organism>
 <GBSeq_organism>Leptospira wolffii serovar Khorat</GBSeq_organism>
 <GBSeq_organism>Leptospira weilii serovar Celledoni</GBSeq_organism>
 <GBSeq_organism>Leptospira yanagawae serovar Saopaulo</GBSeq_organism>
 <GBSeq_organism>Leptospira broomii</GBSeq_organism>
 <GBSeq_organism>Leptospira meyeri serovar Ranarum</GBSeq_organism>
 <GBSeq_organism>Leptospira fainei serovar Hurstbridge str. BUT 6</GBSeq_organism>
 <GBSeq_organism>Leptospira kirschneri serovar Cynopteri</GBSeq_organism>
 <GBSeq_organism>Leptospira interrogans serovar Icterohaemorrhagiae</GBSeq_organism>
