 <GBSeq_organism>Candidatus Phytoplasma ulmi</GBSeq_organism>
 <GBSeq_organism>Pigeon pea witches&apos;-broom phytoplasma</GBSeq_organism>
 <GBSeq_organism>Sunn hemp witches&apos;-broom phytoplasma</GBSeq_organism>
 <GBSeq_organism>Candidatus Phytoplasma americanum</GBSeq_organism>
 <GBSeq_organism>Candidatus Phytoplasma fraxini</GBSeq_organism>
 <GBSeq_organism>Alder yellows phytoplasma</GBSeq_organism>
 <GBSeq_organism>Candidatus Phytoplasma mali</GBSeq_organism>
 <GBSeq_organism>Bacillus subtilis subsp. subtilis str. 168</GBSeq_organism>
 <GBSeq_organism>Oenothera phytoplasma 86-7</GBSeq_organism>
 <GBSeq_organism>Spiraea stunt phytoplasma</GBSeq_organism>
 <GBSeq_organism>Candidatus Phytoplasma trifolii</GBSeq_organism>
 <GBSeq_organism>Candidatus Phytoplasma prunorum</GBSeq_organism>
 <GBSeq_organism>Aster yellows phytoplasma</GBSeq_organism>
 <GBSeq_organism>Candidatus Phytoplasma vitis</GBSeq_organism>
 <GBSeq_organism>Aster yellows phytoplasma</GBSeq_organism>
 <GBSeq_organism>Phormium yellow leaf phytoplasma</GBSeq_organism>
 <GBSeq_organism>Sweet potato witches&apos;-broom phytoplasma</GBSeq_organism>
 <GBSeq_organism>Aster yellows phytoplasma</GBSeq_organism>
 <GBSeq_organism>Coconut lethal yellowing phytoplasma</GBSeq_organism>
 <GBSeq_organism>Aster yellows phytoplasma</GBSeq_organism>
 <GBSeq_organism>Walnut witches&apos;-broom phytoplasma</GBSeq_organism>
 <GBSeq_organism>Soybean phyllody phytoplasma</GBSeq_organism>
 <GBSeq_organism>Hemp dogbane yellows phytoplasma</GBSeq_organism>
 <GBSeq_organism>&apos;Picris echioides&apos; phyllody phytoplasma</GBSeq_organism>
 <GBSeq_organism>Knautia arvensis phyllody phytoplasma</GBSeq_organism>
 <GBSeq_organism>Blueberry stunt phytoplasma</GBSeq_organism>
 <GBSeq_organism>Pigeon pea witches&apos;-broom phytoplasma</GBSeq_organism>
 <GBSeq_organism>unidentified mollicute</GBSeq_organism>
 <GBSeq_organism>Potato witches&apos;-broom phytoplasma</GBSeq_organism>
 <GBSeq_organism>Candidatus Phytoplasma mali</GBSeq_organism>
 <GBSeq_organism>Acholeplasma palmae J233</GBSeq_organism>
 <GBSeq_organism>Peach yellows phytoplasma</GBSeq_organism>
 <GBSeq_organism>Acholeplasma laidlawii</GBSeq_organism>
 <GBSeq_organism>Mexican periwinkle virescence phytoplasma</GBSeq_organism>
 <GBSeq_organism>Aster yellows phytoplasma</GBSeq_organism>
 <GBSeq_organism>Lethal yellowing phytoplasma</GBSeq_organism>
 <GBSeq_organism>Maize bushy stunt phytoplasma</GBSeq_organism>
 <GBSeq_organism>Aster yellows phytoplasma</GBSeq_organism>
 <GBSeq_organism>Florida Rhynchosia little leaf phytoplasma</GBSeq_organism>
 <GBSeq_organism>Italian alfalfa witches&apos;-broom phytoplasma</GBSeq_organism>
 <GBSeq_organism>Candidatus Phytoplasma solani</GBSeq_organism>
 <GBSeq_organism>Poinsettia branch-inducing phytoplasma</GBSeq_organism>
 <GBSeq_organism>Vinca virescence phytoplasma</GBSeq_organism>
 <GBSeq_organism>Carludovica palmata leaf yellowing phytoplasma</GBSeq_organism>
 <GBSeq_organism>Candidatus Phytoplasma americanum</GBSeq_organism>
 <GBSeq_organism>Cherry lethal yellows phytoplasma</GBSeq_organism>
 <GBSeq_organism>Candidatus Phytoplasma spartii</GBSeq_organism>
 <GBSeq_organism>Western X phytoplasma</GBSeq_organism>
 <GBSeq_organism>&apos;Helminthotheca echioides&apos; yellows phytoplasma</GBSeq_organism>
 <GBSeq_organism>Strawberry lethal yellows phytoplasma</GBSeq_organism>
 <GBSeq_organism>Sesame phyllody phytoplasma</GBSeq_organism>
 <GBSeq_organism>Aster yellows phytoplasma</GBSeq_organism>
 <GBSeq_organism>Lucerne virescence phytoplasma</GBSeq_organism>
 <GBSeq_organism>Candidatus Phytoplasma vitis</GBSeq_organism>
 <GBSeq_organism>Candidatus Phytoplasma vitis</GBSeq_organism>
 <GBSeq_organism>Lime witches&apos;-broom phytoplasma</GBSeq_organism>
 <GBSeq_organism>Cotton phyllody phytoplasma</GBSeq_organism>
 <GBSeq_organism>Tomato big bud phytoplasma</GBSeq_organism>
 <GBSeq_organism>Alder yellows phytoplasma</GBSeq_organism>
 <GBSeq_organism>unidentified mollicute</GBSeq_organism>
 <GBSeq_organism>Drosophila melanogaster</GBSeq_organism>
 <GBSeq_organism>Honduran Gliricidia little leaf phytoplasma</GBSeq_organism>
 <GBSeq_organism>Alfalfa witches&apos;-broom phytoplasma</GBSeq_organism>
 <GBSeq_organism>unidentified mollicute</GBSeq_organism>
 <GBSeq_organism>Crotalaria phyllody phytoplasma</GBSeq_organism>
 <GBSeq_organism>Brinjal little leaf phytoplasma</GBSeq_organism>
 <GBSeq_organism>Clover phyllody phytoplasma</GBSeq_organism>
 <GBSeq_organism>Milkweed yellows phytoplasma</GBSeq_organism>
 <GBSeq_organism>Pigeon pea witches&apos;-broom phytoplasma</GBSeq_organism>
 <GBSeq_organism>Almond witches&apos;-broom phytoplasma</GBSeq_organism>
 <GBSeq_organism>Candidatus Phytoplasma trifolii</GBSeq_organism>
 <GBSeq_organism>Faba bean phyllody phytoplasma</GBSeq_organism>
 <GBSeq_organism>Candidatus Phytoplasma mali</GBSeq_organism>
 <GBSeq_organism>Rubus stunt phytoplasma</GBSeq_organism>
 <GBSeq_organism>Candidatus Phytoplasma fraxini</GBSeq_organism>
 <GBSeq_organism>Jujube witches&apos;-broom phytoplasma</GBSeq_organism>
 <GBSeq_organism>Pigeon pea witches&apos;-broom phytoplasma</GBSeq_organism>
 <GBSeq_organism>Candidatus Phytoplasma pyri</GBSeq_organism>
 <GBSeq_organism>Catharanthus phyllody phytoplasma</GBSeq_organism>
