 <GBSeq_organism>Streptosporangium roseum DSM 43021</GBSeq_organism>
 <GBSeq_organism>Nonomuraea pusilla</GBSeq_organism>
 <GBSeq_organism>Planobispora longispora</GBSeq_organism>
 <GBSeq_organism>Microbispora corallina</GBSeq_organism>
 <GBSeq_organism>Nonomuraea africana</GBSeq_organism>
 <GBSeq_organism>Herbidospora daliensis</GBSeq_organism>
 <GBSeq_organism>Microbispora rosea subsp. aerata</GBSeq_organism>
 <GBSeq_organism>Herbidospora cretacea</GBSeq_organism>
 <GBSeq_organism>Planomonospora sphaerica</GBSeq_organism>
 <GBSeq_organism>Planotetraspora mira</GBSeq_organism>
 <GBSeq_organism>Microbispora rosea</GBSeq_organism>
 <GBSeq_organism>Planobispora rosea</GBSeq_organism>
 <GBSeq_organism>Streptosporangium violaceochromogenes</GBSeq_organism>
 <GBSeq_organism>Microtetraspora fusca</GBSeq_organism>
 <GBSeq_organism>Nonomuraea ferruginea</GBSeq_organism>
 <GBSeq_organism>Streptomyces ambofaciens</GBSeq_organism>
 <GBSeq_organism>Microtetraspora glauca</GBSeq_organism>
 <GBSeq_organism>Streptosporangium longisporum</GBSeq_organism>
 <GBSeq_organism>Planomonospora parontospora</GBSeq_organism>
 <GBSeq_organism>Nonomuraea salmonea</GBSeq_organism>
 <GBSeq_organism>Herbidospora cretacea</GBSeq_organism>
 <GBSeq_organism>Microtetraspora niveoalba</GBSeq_organism>
