 <GBSeq_organism>Cryptococcus rajasthanensis</GBSeq_organism>
 <GBSeq_organism>Cryptococcus sp. Ep11c</GBSeq_organism>
 <GBSeq_organism>Cryptococcus terrestris</GBSeq_organism>
 <GBSeq_organism>Auriculibuller fuscus</GBSeq_organism>
 <GBSeq_organism>Cryptococcus sp. CBS 8372</GBSeq_organism>
 <GBSeq_organism>Cryptococcus laurentii</GBSeq_organism>
 <GBSeq_organism>Auriculibuller fuscus</GBSeq_organism>
 <GBSeq_organism>Cryptococcus aureus</GBSeq_organism>
 <GBSeq_organism>Cryptococcus cf. flavescens DGR1</GBSeq_organism>
 <GBSeq_organism>Cryptococcus flavescens</GBSeq_organism>
 <GBSeq_organism>Cryptococcus terrestris</GBSeq_organism>
 <GBSeq_organism>Cryptococcus flavescens</GBSeq_organism>
 <GBSeq_organism>Cryptococcus sp. CAB 579</GBSeq_organism>
 <GBSeq_organism>Auriculibuller sp. BI111</GBSeq_organism>
 <GBSeq_organism>Cryptococcus flavescens</GBSeq_organism>
 <GBSeq_organism>Cryptococcus flavescens</GBSeq_organism>
 <GBSeq_organism>Cryptococcus flavescens</GBSeq_organism>
 <GBSeq_organism>Cryptococcus sp. CAB 580</GBSeq_organism>
 <GBSeq_organism>Cryptococcus sp. HX-2006a</GBSeq_organism>
 <GBSeq_organism>Bullera japonica</GBSeq_organism>
 <GBSeq_organism>Cryptococcus sp. HB1122</GBSeq_organism>
 <GBSeq_organism>Cryptococcus sp. AA-090.4</GBSeq_organism>
 <GBSeq_organism>Cryptococcus flavescens</GBSeq_organism>
 <GBSeq_organism>Bullera pseudoalba</GBSeq_organism>
 <GBSeq_organism>Cryptococcus laurentii</GBSeq_organism>
 <GBSeq_organism>Cryptococcus sp. CBS 8358</GBSeq_organism>
 <GBSeq_organism>Cryptococcus cellulolyticus</GBSeq_organism>
 <GBSeq_organism>Cryptococcus sp. KCTC 17079</GBSeq_organism>
 <GBSeq_organism>Auriculibuller fuscus</GBSeq_organism>
 <GBSeq_organism>Cryptococcus sp. CBS 8366</GBSeq_organism>
 <GBSeq_organism>Cryptococcus rajasthanensis</GBSeq_organism>
 <GBSeq_organism>Cryptococcus laurentii</GBSeq_organism>
 <GBSeq_organism>Cryptococcus flavescens</GBSeq_organism>
 <GBSeq_organism>Cryptococcus flavescens</GBSeq_organism>
 <GBSeq_organism>Cryptococcus laurentii</GBSeq_organism>
 <GBSeq_organism>Cryptococcus flavescens</GBSeq_organism>
 <GBSeq_organism>Cryptococcus flavescens</GBSeq_organism>
 <GBSeq_organism>Cryptococcus flavescens</GBSeq_organism>
