 <GBSeq_organism>Nocardioides aquiterrae</GBSeq_organism>
 <GBSeq_organism>Nocardioides hwasunensis</GBSeq_organism>
 <GBSeq_organism>Nocardioides salarius</GBSeq_organism>
 <GBSeq_organism>Nocardioides luteus</GBSeq_organism>
 <GBSeq_organism>Nocardioides terrae</GBSeq_organism>
 <GBSeq_organism>Aeromicrobium fastidiosum</GBSeq_organism>
 <GBSeq_organism>Nocardioides panacihumi</GBSeq_organism>
 <GBSeq_organism>Nocardioides insulae</GBSeq_organism>
 <GBSeq_organism>Nocardioides marinisabuli</GBSeq_organism>
 <GBSeq_organism>Nocardioides terrigena</GBSeq_organism>
 <GBSeq_organism>Nocardioides aestuarii</GBSeq_organism>
 <GBSeq_organism>Nocardioides kribbensis</GBSeq_organism>
 <GBSeq_organism>Nocardioides humi</GBSeq_organism>
 <GBSeq_organism>Nocardioides salarius</GBSeq_organism>
 <GBSeq_organism>Marmoricola aequoreus</GBSeq_organism>
 <GBSeq_organism>Nocardioides alkalitolerans</GBSeq_organism>
 <GBSeq_organism>Nocardioides dilutus</GBSeq_organism>
 <GBSeq_organism>Nocardioides fonticola</GBSeq_organism>
 <GBSeq_organism>Nocardioides ganghwensis</GBSeq_organism>
 <GBSeq_organism>Nocardioides nitrophenolicus</GBSeq_organism>
 <GBSeq_organism>Nocardioides dubius</GBSeq_organism>
 <GBSeq_organism>Nocardioides caeni</GBSeq_organism>
 <GBSeq_organism>Nocardioides exalbidus</GBSeq_organism>
 <GBSeq_organism>Leymus cinereus</GBSeq_organism>
 <GBSeq_organism>Nocardioides dokdonensis</GBSeq_organism>
 <GBSeq_organism>Marmoricola aurantiacus</GBSeq_organism>
 <GBSeq_organism>Marmoricola scoriae</GBSeq_organism>
 <GBSeq_organism>Aeromicrobium erythreum</GBSeq_organism>
 <GBSeq_organism>Nocardioides hankookensis</GBSeq_organism>
 <GBSeq_organism>Nocardioides plantarum</GBSeq_organism>
 <GBSeq_organism>Nocardioides aquaticus</GBSeq_organism>
 <GBSeq_organism>Nocardioides oleivorans</GBSeq_organism>
 <GBSeq_organism>Pimelobacter simplex</GBSeq_organism>
 <GBSeq_organism>Nocardioides daphniae</GBSeq_organism>
