 <GBSeq_organism>Oceanobacter kriegii</GBSeq_organism>
 <GBSeq_organism>Carnimonas nigrificans</GBSeq_organism>
 <GBSeq_organism>Zymobacter palmae</GBSeq_organism>
 <GBSeq_organism>Marinospirillum minutulum</GBSeq_organism>
 <GBSeq_organism>Thalassolituus oleivorans MIL-1</GBSeq_organism>
 <GBSeq_organism>Neptunomonas naphthovorans</GBSeq_organism>
 <GBSeq_organism>Cobetia marina</GBSeq_organism>
 <GBSeq_organism>Kangiella koreensis DSM 16069</GBSeq_organism>
 <GBSeq_organism>Oleispira antarctica RB-8</GBSeq_organism>
 <GBSeq_organism>Marinomonas mediterranea MMB-1</GBSeq_organism>
 <GBSeq_organism>Oleiphilus messinensis</GBSeq_organism>
 <GBSeq_organism>Reinekea marinisedimentorum</GBSeq_organism>
 <GBSeq_organism>Oceanospirillum linum</GBSeq_organism>
 <GBSeq_organism>Marinobacterium litorale</GBSeq_organism>
 <GBSeq_organism>Marinomonas vaga</GBSeq_organism>
 <GBSeq_organism>Saccharospirillum impatiens</GBSeq_organism>
 <GBSeq_organism>Marinobacter hydrocarbonoclasticus ATCC 49840</GBSeq_organism>
 <GBSeq_organism>Chromohalobacter marismortui</GBSeq_organism>
 <GBSeq_organism>Balneatrix alpica</GBSeq_organism>
 <GBSeq_organism>Marinobacterium georgiense</GBSeq_organism>
 <GBSeq_organism>Marinobacterium halophilum</GBSeq_organism>
 <GBSeq_organism>Alteromonas macleodii</GBSeq_organism>
 <GBSeq_organism>Halomonas elongata DSM 2581</GBSeq_organism>
