 <GBSeq_organism>uncultured bacterium</GBSeq_organism>
 <GBSeq_organism>uncultured Verrucomicrobia bacterium</GBSeq_organism>
 <GBSeq_organism>Prosthecobacter dejongeii</GBSeq_organism>
 <GBSeq_organism>uncultured Verrucomicrobia bacterium</GBSeq_organism>
 <GBSeq_organism>uncultured Verrucomicrobia bacterium</GBSeq_organism>
 <GBSeq_organism>Akkermansia muciniphila ATCC BAA-835</GBSeq_organism>
 <GBSeq_organism>uncultured Verrucomicrobia bacterium</GBSeq_organism>
 <GBSeq_organism>Verrucomicrobium spinosum DSM 4136 = JCM 18804</GBSeq_organism>
 <GBSeq_organism>uncultured Verrucomicrobia bacterium</GBSeq_organism>
 <GBSeq_organism>uncultured bacterium</GBSeq_organism>
 <GBSeq_organism>uncultured Verrucomicrobia bacterium</GBSeq_organism>
 <GBSeq_organism>uncultured Verrucomicrobia bacterium</GBSeq_organism>
 <GBSeq_organism>uncultured Verrucomicrobia bacterium</GBSeq_organism>
 <GBSeq_organism>uncultured bacterium</GBSeq_organism>
 <GBSeq_organism>uncultured bacterium</GBSeq_organism>
 <GBSeq_organism>uncultured bacterium</GBSeq_organism>
 <GBSeq_organism>uncultured bacterium</GBSeq_organism>
 <GBSeq_organism>uncultured Verrucomicrobia bacterium</GBSeq_organism>
 <GBSeq_organism>uncultured verrucomicrobium DEV179</GBSeq_organism>
 <GBSeq_organism>uncultured Crater Lake bacterium CL500-85</GBSeq_organism>
 <GBSeq_organism>uncultured verrucomicrobium DEV005</GBSeq_organism>
 <GBSeq_organism>uncultured bacterium</GBSeq_organism>
 <GBSeq_organism>uncultured Verrucomicrobia bacterium</GBSeq_organism>
 <GBSeq_organism>uncultured verrucomicrobium DEV003</GBSeq_organism>
