 <GBSeq_organism>Raoultella terrigena</GBSeq_organism>
 <GBSeq_organism>Kluyvera cryocrescens</GBSeq_organism>
 <GBSeq_organism>Trabulsiella odontotermitis</GBSeq_organism>
 <GBSeq_organism>Pseudoxanthomonas kaohsiungensis</GBSeq_organism>
 <GBSeq_organism>Citrobacter murliniae</GBSeq_organism>
 <GBSeq_organism>Trabulsiella guamensis ATCC 49490</GBSeq_organism>
 <GBSeq_organism>Salmonella enterica subsp. enterica serovar Paratyphi A</GBSeq_organism>
 <GBSeq_organism>Citrobacter braakii</GBSeq_organism>
 <GBSeq_organism>Yersinia pseudotuberculosis</GBSeq_organism>
 <GBSeq_organism>Salmonella enterica subsp. enterica serovar Montevideo</GBSeq_organism>
 <GBSeq_organism>Cedecea davisae DSM 4568</GBSeq_organism>
 <GBSeq_organism>Raoultella planticola</GBSeq_organism>
 <GBSeq_organism>Citrobacter werkmanii</GBSeq_organism>
 <GBSeq_organism>Serratia plymuthica</GBSeq_organism>
 <GBSeq_organism>Citrobacter koseri</GBSeq_organism>
 <GBSeq_organism>Serratia odorifera DSM 4582</GBSeq_organism>
 <GBSeq_organism>Kluyvera intermedia</GBSeq_organism>
 <GBSeq_organism>Salmonella bongori</GBSeq_organism>
 <GBSeq_organism>Klebsiella variicola</GBSeq_organism>
 <GBSeq_organism>Salmonella enterica subsp. enterica serovar Dublin</GBSeq_organism>
 <GBSeq_organism>Citrobacter gillenii</GBSeq_organism>
 <GBSeq_organism>Salmonella enterica subsp. enterica serovar Chingola</GBSeq_organism>
 <GBSeq_organism>Klebsiella oxytoca</GBSeq_organism>
 <GBSeq_organism>Raoultella ornithinolytica</GBSeq_organism>
 <GBSeq_organism>Citrobacter youngae</GBSeq_organism>
 <GBSeq_organism>Klebsiella pneumoniae</GBSeq_organism>
 <GBSeq_organism>Buttiauxella ferragutiae</GBSeq_organism>
 <GBSeq_organism>Trabulsiella odontotermitis</GBSeq_organism>
 <GBSeq_organism>Enterobacter aerogenes</GBSeq_organism>
 <GBSeq_organism>Salmonella enterica subsp. enterica serovar Typhimurium</GBSeq_organism>
 <GBSeq_organism>Citrobacter sedlakii</GBSeq_organism>
 <GBSeq_organism>Shigella dysenteriae</GBSeq_organism>
 <GBSeq_organism>Shigella flexneri</GBSeq_organism>
 <GBSeq_organism>Salmonella enterica subsp. enterica serovar Paratyphi A str. ATCC 9150</GBSeq_organism>
 <GBSeq_organism>Serratia proteamaculans</GBSeq_organism>
 <GBSeq_organism>Serratia marcescens</GBSeq_organism>
 <GBSeq_organism>Serratia fonticola</GBSeq_organism>
 <GBSeq_organism>Klebsiella granulomatis</GBSeq_organism>
 <GBSeq_organism>Enterobacter cloacae</GBSeq_organism>
 <GBSeq_organism>Salmonella enterica subsp. enterica serovar Paratyphi B</GBSeq_organism>
 <GBSeq_organism>Serratia entomophila</GBSeq_organism>
 <GBSeq_organism>Salmonella enterica subsp. enterica serovar Weltevreden</GBSeq_organism>
 <GBSeq_organism>Citrobacter farmeri</GBSeq_organism>
 <GBSeq_organism>Salmonella subterranea</GBSeq_organism>
 <GBSeq_organism>Citrobacter rodentium</GBSeq_organism>
 <GBSeq_organism>Escherichia albertii NBRC 107761</GBSeq_organism>
 <GBSeq_organism>Citrobacter amalonaticus</GBSeq_organism>
 <GBSeq_organism>Citrobacter freundii ATCC 8090 = MTCC 1658</GBSeq_organism>
