 <GBSeq_organism>uncultured bacterium</GBSeq_organism>
 <GBSeq_organism>Jonquetella anthropi DSM 22815</GBSeq_organism>
 <GBSeq_organism>uncultured bacterium</GBSeq_organism>
 <GBSeq_organism>Thermovirga lienii DSM 17291</GBSeq_organism>
 <GBSeq_organism>bacterium ADV746</GBSeq_organism>
 <GBSeq_organism>uncultured bacterium</GBSeq_organism>
 <GBSeq_organism>Flexistipes-like sp. oral clone BH007</GBSeq_organism>
 <GBSeq_organism>Dethiosulfovibrio peptidovorans DSM 11002</GBSeq_organism>
 <GBSeq_organism>Anaerobaculum thermoterrenum</GBSeq_organism>
 <GBSeq_organism>uncultured Synergistes sp.</GBSeq_organism>
 <GBSeq_organism>uncultured bacterium</GBSeq_organism>
 <GBSeq_organism>Flexistipes sp. E3_33</GBSeq_organism>
 <GBSeq_organism>Firmicutes oral clone MCE3_120</GBSeq_organism>
 <GBSeq_organism>Aminobacterium colombiense DSM 12261</GBSeq_organism>
 <GBSeq_organism>Flexistipes-like sp. oral clone BB062</GBSeq_organism>
 <GBSeq_organism>Thermanaerovibrio acidaminovorans DSM 6589</GBSeq_organism>
 <GBSeq_organism>bacterium ADV244</GBSeq_organism>
 <GBSeq_organism>Synergistes sp. RMA 14551</GBSeq_organism>
 <GBSeq_organism>Dethiosulfovibrio russensis</GBSeq_organism>
 <GBSeq_organism>uncultured bacterium D084</GBSeq_organism>
 <GBSeq_organism>Pyramidobacter piscolens W5455</GBSeq_organism>
 <GBSeq_organism>uncultured bacterium W028</GBSeq_organism>
 <GBSeq_organism>uncultured rumen bacterium</GBSeq_organism>
 <GBSeq_organism>Flexistipes-like sp. oral clone BA121</GBSeq_organism>
 <GBSeq_organism>Anaerobaculum mobile DSM 13181</GBSeq_organism>
 <GBSeq_organism>Firmicutes oral clone MCE7_5</GBSeq_organism>
 <GBSeq_organism>Synergistes jonesii</GBSeq_organism>
 <GBSeq_organism>uncultured bacterium</GBSeq_organism>
 <GBSeq_organism>bacterium ADV403</GBSeq_organism>
