 <GBSeq_organism>Acidithiobacillus sp. KSC1</GBSeq_organism>
 <GBSeq_organism>Acidithiobacillus ferrooxidans</GBSeq_organism>
 <GBSeq_organism>Acidithiobacillus ferrooxidans</GBSeq_organism>
 <GBSeq_organism>Acidithiobacillus thiooxidans</GBSeq_organism>
 <GBSeq_organism>Acidithiobacillus ferrivorans</GBSeq_organism>
 <GBSeq_organism>Acidithiobacillus ferrooxidans</GBSeq_organism>
 <GBSeq_organism>Acidithiobacillus thiooxidans</GBSeq_organism>
 <GBSeq_organism>Acidithiobacillus cuprithermicus</GBSeq_organism>
 <GBSeq_organism>Acidithiobacillus sp. NO-8</GBSeq_organism>
 <GBSeq_organism>Acidithiobacillus caldus</GBSeq_organism>
 <GBSeq_organism>Acidithiobacillus ferrooxidans</GBSeq_organism>
 <GBSeq_organism>Acidithiobacillus ferrooxidans</GBSeq_organism>
 <GBSeq_organism>Acidithiobacillus thiooxidans</GBSeq_organism>
 <GBSeq_organism>Acidithiobacillus ferrooxidans</GBSeq_organism>
 <GBSeq_organism>Thiobacillus sp.</GBSeq_organism>
 <GBSeq_organism>Acidithiobacillus caldus</GBSeq_organism>
 <GBSeq_organism>Acidithiobacillus caldus</GBSeq_organism>
 <GBSeq_organism>Acidithiobacillus sp. NO-25</GBSeq_organism>
 <GBSeq_organism>Acidithiobacillus ferrooxidans</GBSeq_organism>
 <GBSeq_organism>Acidithiobacillus ferrooxidans</GBSeq_organism>
 <GBSeq_organism>Acidithiobacillus ferrooxidans</GBSeq_organism>
 <GBSeq_organism>Acidithiobacillus ferrooxidans</GBSeq_organism>
 <GBSeq_organism>Vipera nikolskii</GBSeq_organism>
 <GBSeq_organism>Acidithiobacillus ferrooxidans</GBSeq_organism>
 <GBSeq_organism>Acidithiobacillus ferrooxidans</GBSeq_organism>
