 <GBSeq_organism>Aeromonas sp. 480</GBSeq_organism>
 <GBSeq_organism>Aeromonas popoffii</GBSeq_organism>
 <GBSeq_organism>Mus musculus</GBSeq_organism>
 <GBSeq_organism>Aeromonas veronii bv. veronii</GBSeq_organism>
 <GBSeq_organism>Aeromonas salmonicida subsp. masoucida</GBSeq_organism>
 <GBSeq_organism>Aeromonas enteropelogenes</GBSeq_organism>
 <GBSeq_organism>Aeromonas schubertii</GBSeq_organism>
 <GBSeq_organism>Aeromonas sp. 610</GBSeq_organism>
 <GBSeq_organism>Aeromonas caviae</GBSeq_organism>
 <GBSeq_organism>Aeromonas sp. 480</GBSeq_organism>
 <GBSeq_organism>Mus musculus</GBSeq_organism>
 <GBSeq_organism>Aeromonas encheleia</GBSeq_organism>
 <GBSeq_organism>Sus scrofa</GBSeq_organism>
 <GBSeq_organism>Aeromonas salmonicida subsp. pectinolytica</GBSeq_organism>
 <GBSeq_organism>Aeromonas enteropelogenes</GBSeq_organism>
 <GBSeq_organism>Aeromonas veronii</GBSeq_organism>
 <GBSeq_organism>Aeromonas sp. 280</GBSeq_organism>
 <GBSeq_organism>Aeromonas sp. A99</GBSeq_organism>
 <GBSeq_organism>Aeromonas allosaccharophila</GBSeq_organism>
 <GBSeq_organism>Aeromonas popoffii</GBSeq_organism>
 <GBSeq_organism>Cryptosporidium environmental sequence</GBSeq_organism>
 <GBSeq_organism>Aeromonas sp. 26</GBSeq_organism>
 <GBSeq_organism>Aeromonas hydrophila</GBSeq_organism>
 <GBSeq_organism>Aeromonas bestiarum</GBSeq_organism>
 <GBSeq_organism>Aeromonas jandaei</GBSeq_organism>
 <GBSeq_organism>Aeromonas bestiarum</GBSeq_organism>
 <GBSeq_organism>Aeromonas sp. 57</GBSeq_organism>
 <GBSeq_organism>Aeromonas popoffii</GBSeq_organism>
 <GBSeq_organism>Aeromonas media</GBSeq_organism>
 <GBSeq_organism>Aeromonas schubertii</GBSeq_organism>
