 <GBSeq_organism>Salinibacterium amurskyense</GBSeq_organism>
 <GBSeq_organism>Rathayibacter rathayi</GBSeq_organism>
 <GBSeq_organism>Subtercola boreus</GBSeq_organism>
 <GBSeq_organism>Frondihabitans cladoniiphilus</GBSeq_organism>
 <GBSeq_organism>Leifsonia aquatica</GBSeq_organism>
 <GBSeq_organism>Phycicola gilvus</GBSeq_organism>
 <GBSeq_organism>Leucobacter komagatae</GBSeq_organism>
 <GBSeq_organism>Herbiconiux solani</GBSeq_organism>
 <GBSeq_organism>Agreia bicolorata</GBSeq_organism>
 <GBSeq_organism>Humibacter albus DSM 18994</GBSeq_organism>
 <GBSeq_organism>Oerskovia turbata NBRC 15015</GBSeq_organism>
 <GBSeq_organism>Clavibacter michiganensis</GBSeq_organism>
 <GBSeq_organism>Cellulomonas flavigena DSM 20109</GBSeq_organism>
 <GBSeq_organism>Labedella gwakjiensis</GBSeq_organism>
 <GBSeq_organism>Cryobacterium psychrophilum</GBSeq_organism>
 <GBSeq_organism>Frondihabitans peucedani</GBSeq_organism>
 <GBSeq_organism>Curtobacterium citreum</GBSeq_organism>
 <GBSeq_organism>Schumannella luteola</GBSeq_organism>
 <GBSeq_organism>Rhodoglobus vestalii</GBSeq_organism>
 <GBSeq_organism>Microbacterium lacticum</GBSeq_organism>
 <GBSeq_organism>Pseudoclavibacter helvolus</GBSeq_organism>
 <GBSeq_organism>Plantibacter flavus</GBSeq_organism>
 <GBSeq_organism>Klugiella xanthotipulae</GBSeq_organism>
 <GBSeq_organism>Frigoribacterium faeni</GBSeq_organism>
 <GBSeq_organism>Gulosibacter molinativorax</GBSeq_organism>
 <GBSeq_organism>Agromyces ramosus</GBSeq_organism>
 <GBSeq_organism>Microcella putealis</GBSeq_organism>
 <GBSeq_organism>Agrococcus jenensis</GBSeq_organism>
