 <GBSeq_organism>Aeromonas encheleia</GBSeq_organism>
 <GBSeq_organism>Aeromonas allosaccharophila</GBSeq_organism>
 <GBSeq_organism>Mus musculus</GBSeq_organism>
 <GBSeq_organism>Aeromonas encheleia</GBSeq_organism>
 <GBSeq_organism>Aeromonas veronii bv. sobria</GBSeq_organism>
 <GBSeq_organism>Aeromonas veronii</GBSeq_organism>
 <GBSeq_organism>Aeromonas veronii bv. sobria</GBSeq_organism>
 <GBSeq_organism>Aeromonas popoffii</GBSeq_organism>
 <GBSeq_organism>Aeromonas jandaei</GBSeq_organism>
 <GBSeq_organism>Aeromonas encheleia</GBSeq_organism>
 <GBSeq_organism>Aeromonas veronii bv. sobria</GBSeq_organism>
 <GBSeq_organism>Mus musculus</GBSeq_organism>
 <GBSeq_organism>Aeromonas veronii</GBSeq_organism>
 <GBSeq_organism>Acis fabrei</GBSeq_organism>
 <GBSeq_organism>Aeromonas molluscorum</GBSeq_organism>
 <GBSeq_organism>Aeromonas encheleia</GBSeq_organism>
 <GBSeq_organism>Aeromonas veronii bv. sobria</GBSeq_organism>
 <GBSeq_organism>Aeromonas sp. MDC 364</GBSeq_organism>
 <GBSeq_organism>Mus musculus</GBSeq_organism>
 <GBSeq_organism>Mus musculus</GBSeq_organism>
 <GBSeq_organism>Aeromonas veronii</GBSeq_organism>
 <GBSeq_organism>Aeromonas sobria</GBSeq_organism>
 <GBSeq_organism>Chelonoidis denticulatus</GBSeq_organism>
 <GBSeq_organism>Aeromonas sp. MDC 70</GBSeq_organism>
 <GBSeq_organism>Aeromonas salmonicida subsp. pectinolytica</GBSeq_organism>
 <GBSeq_organism>Mus musculus</GBSeq_organism>
 <GBSeq_organism>Aeromonas molluscorum</GBSeq_organism>
 <GBSeq_organism>Aeromonas molluscorum</GBSeq_organism>
 <GBSeq_organism>GB virus C</GBSeq_organism>
 <GBSeq_organism>Aeromonas sp. 874</GBSeq_organism>
 <GBSeq_organism>Aeromonas veronii</GBSeq_organism>
 <GBSeq_organism>Aeromonas veronii</GBSeq_organism>
 <GBSeq_organism>Aeromonas sp. MDC 285</GBSeq_organism>
 <GBSeq_organism>Aeromonas veronii</GBSeq_organism>
 <GBSeq_organism>Aeromonas sp. 117P</GBSeq_organism>
 <GBSeq_organism>Aeromonas eucrenophila</GBSeq_organism>
 <GBSeq_organism>Aeromonas hydrophila</GBSeq_organism>
 <GBSeq_organism>Aeromonas sp. MDC 71</GBSeq_organism>
 <GBSeq_organism>Aeromonas caviae</GBSeq_organism>
 <GBSeq_organism>Aeromonas sobria</GBSeq_organism>
 <GBSeq_organism>Aeromonas schubertii</GBSeq_organism>
 <GBSeq_organism>Aeromonas enteropelogenes</GBSeq_organism>
