 <GBSeq_organism>Bacillus amyloliquefaciens</GBSeq_organism>
 <GBSeq_organism>Bacillus amyloliquefaciens</GBSeq_organism>
 <GBSeq_organism>Bacillus amyloliquefaciens</GBSeq_organism>
 <GBSeq_organism>Bacillus amyloliquefaciens</GBSeq_organism>
 <GBSeq_organism>Bacillus amyloliquefaciens</GBSeq_organism>
 <GBSeq_organism>Bacillus amyloliquefaciens</GBSeq_organism>
 <GBSeq_organism>Bacillus amyloliquefaciens</GBSeq_organism>
 <GBSeq_organism>Bacillus subtilis subsp. inaquosorum</GBSeq_organism>
 <GBSeq_organism>Bacillus atrophaeus subsp. globigii</GBSeq_organism>
 <GBSeq_organism>Bacillus amyloliquefaciens</GBSeq_organism>
 <GBSeq_organism>Bacillus amyloliquefaciens</GBSeq_organism>
 <GBSeq_organism>Bacillus amyloliquefaciens DSM 7</GBSeq_organism>
 <GBSeq_organism>Bacillus amyloliquefaciens</GBSeq_organism>
 <GBSeq_organism>Bacillus amyloliquefaciens subsp. plantarum</GBSeq_organism>
 <GBSeq_organism>Bacillus tequilensis</GBSeq_organism>
 <GBSeq_organism>Bacillus amyloliquefaciens subsp. plantarum</GBSeq_organism>
 <GBSeq_organism>Bacillus amyloliquefaciens</GBSeq_organism>
 <GBSeq_organism>Bacillus amyloliquefaciens</GBSeq_organism>
 <GBSeq_organism>Erium sp. NH67 NBH-2007</GBSeq_organism>
 <GBSeq_organism>Bacillus amyloliquefaciens</GBSeq_organism>
 <GBSeq_organism>Bacillus amyloliquefaciens subsp. plantarum</GBSeq_organism>
 <GBSeq_organism>Bacillus amyloliquefaciens</GBSeq_organism>
 <GBSeq_organism>Bacillus amyloliquefaciens</GBSeq_organism>
 <GBSeq_organism>Bacillus amyloliquefaciens</GBSeq_organism>
 <GBSeq_organism>Bacillus amyloliquefaciens subsp. plantarum</GBSeq_organism>
 <GBSeq_organism>Bacillus amyloliquefaciens subsp. plantarum</GBSeq_organism>
 <GBSeq_organism>Bacillus amyloliquefaciens subsp. plantarum str. FZB42</GBSeq_organism>
