 <GBSeq_organism>Maribacter ulvicola</GBSeq_organism>
 <GBSeq_organism>Arenibacter certesii</GBSeq_organism>
 <GBSeq_organism>Croceibacter atlanticus HTCC2559</GBSeq_organism>
 <GBSeq_organism>Arenibacter palladensis</GBSeq_organism>
 <GBSeq_organism>Lutibacter litoralis</GBSeq_organism>
 <GBSeq_organism>Myroides odoratimimus</GBSeq_organism>
 <GBSeq_organism>Zobellia amurskyensis</GBSeq_organism>
 <GBSeq_organism>Aequorivita lipolytica</GBSeq_organism>
 <GBSeq_organism>Muricauda ruestringensis DSM 13258</GBSeq_organism>
 <GBSeq_organism>Vitellibacter vladivostokensis</GBSeq_organism>
 <GBSeq_organism>Costertonia aggregata</GBSeq_organism>
 <GBSeq_organism>Salegentibacter flavus</GBSeq_organism>
 <GBSeq_organism>Muricauda flavescens</GBSeq_organism>
 <GBSeq_organism>Ulvibacter litoralis</GBSeq_organism>
 <GBSeq_organism>Weeksella virosa</GBSeq_organism>
 <GBSeq_organism>Bergeyella zoohelcum</GBSeq_organism>
 <GBSeq_organism>Maribacter sedimenticola</GBSeq_organism>
 <GBSeq_organism>Muricauda aquimarina</GBSeq_organism>
 <GBSeq_organism>Arenibacter nanhaiticus</GBSeq_organism>
 <GBSeq_organism>Mesonia algae</GBSeq_organism>
 <GBSeq_organism>Psychroserpens burtonensis</GBSeq_organism>
 <GBSeq_organism>Aequorivita sublithincola DSM 14238</GBSeq_organism>
 <GBSeq_organism>Cellulophaga fucicola</GBSeq_organism>
 <GBSeq_organism>Chryseobacterium haifense</GBSeq_organism>
 <GBSeq_organism>Arenibacter troitsensis</GBSeq_organism>
 <GBSeq_organism>Zobellia uliginosa</GBSeq_organism>
 <GBSeq_organism>Flavobacterium aquatile</GBSeq_organism>
 <GBSeq_organism>Zobellia russellii</GBSeq_organism>
 <GBSeq_organism>Arenibacter latericius</GBSeq_organism>
 <GBSeq_organism>Capnocytophaga haemolytica</GBSeq_organism>
 <GBSeq_organism>Tenacibaculum maritimum</GBSeq_organism>
 <GBSeq_organism>Psychroflexus tropicus</GBSeq_organism>
 <GBSeq_organism>Robiginitalea biformata HTCC2501</GBSeq_organism>
