 <GBSeq_organism>Geminocystis herdmanii PCC 6308</GBSeq_organism>
 <GBSeq_organism>Microcystis aeruginosa PCC 7806</GBSeq_organism>
 <GBSeq_organism>Halothece sp. PCC 7418</GBSeq_organism>
 <GBSeq_organism>Gloeothece membranacea PCC 6501</GBSeq_organism>
 <GBSeq_organism>Leptolyngbya boryana IAM M-101</GBSeq_organism>
 <GBSeq_organism>Geitlerinema carotinosum AICB 37</GBSeq_organism>
 <GBSeq_organism>Cyanothece sp. PCC 7424</GBSeq_organism>
 <GBSeq_organism>Cyanothece sp. PCC 8801</GBSeq_organism>
 <GBSeq_organism>Pseudanabaena tremula UTCC 471</GBSeq_organism>
 <GBSeq_organism>Oscillatoria neglecta IAM M-82</GBSeq_organism>
 <GBSeq_organism>Euhalothece sp. &apos;MPI 95AH13&apos;</GBSeq_organism>
 <GBSeq_organism>Cyanobacterium stanieri PCC 7202</GBSeq_organism>
 <GBSeq_organism>Halothece sp. MPI 96P605</GBSeq_organism>
 <GBSeq_organism>Pseudanabaena sp. PCC 6802</GBSeq_organism>
 <GBSeq_organism>Synechocystis sp. PCC 6805</GBSeq_organism>
 <GBSeq_organism>Euhalothece sp. &apos;MPI N303&apos;</GBSeq_organism>
 <GBSeq_organism>Cyanobium gracile PCC 6307</GBSeq_organism>
 <GBSeq_organism>Chamaesiphon subglobosus PCC 7430</GBSeq_organism>
 <GBSeq_organism>Prochloron sp.</GBSeq_organism>
 <GBSeq_organism>Pseudanabaena catenata PCC 7408</GBSeq_organism>
 <GBSeq_organism>Gloeocapsa sp. PCC 73106</GBSeq_organism>
 <GBSeq_organism>uncultured cyanobacterium</GBSeq_organism>
 <GBSeq_organism>Xenococcus sp. PCC 7305</GBSeq_organism>
 <GBSeq_organism>Euhalothece sp. &apos;MPI 96N304&apos;</GBSeq_organism>
 <GBSeq_organism>uncultured cyanobacterium</GBSeq_organism>
 <GBSeq_organism>Dactylococcopsis salina PCC 8305</GBSeq_organism>
 <GBSeq_organism>Euhalothece sp. &apos;MPI 95AH10&apos;</GBSeq_organism>
 <GBSeq_organism>Synechococcus elongatus PCC 6301</GBSeq_organism>
 <GBSeq_organism>Rubidibacter lacunae KORDI 51-2</GBSeq_organism>
 <GBSeq_organism>Gloeobacter violaceus PCC 7421</GBSeq_organism>
