 <GBSeq_organism>Thermithiobacillus tepidarius</GBSeq_organism>
 <GBSeq_organism>Marichromatium indicum</GBSeq_organism>
 <GBSeq_organism>Acidithiobacillus ferrooxidans</GBSeq_organism>
 <GBSeq_organism>Thioalkalivibrio denitrificans</GBSeq_organism>
 <GBSeq_organism>endosymbiont of unidentified scaly snail</GBSeq_organism>
 <GBSeq_organism>Hydrogenovibrio marinus</GBSeq_organism>
 <GBSeq_organism>Thioalkalivibrio thiocyanoxidans</GBSeq_organism>
 <GBSeq_organism>Thiohalobacter thiocyanaticus</GBSeq_organism>
 <GBSeq_organism>Thiohalophilus thiocyanatoxydans</GBSeq_organism>
 <GBSeq_organism>sulfur-oxidizing bacterium NDII1.2</GBSeq_organism>
 <GBSeq_organism>phototrophic bacterium</GBSeq_organism>
 <GBSeq_organism>Thiobacillus prosperus</GBSeq_organism>
 <GBSeq_organism>Acidithiobacillus ferrooxidans</GBSeq_organism>
 <GBSeq_organism>Thioalkalivibrio nitratis</GBSeq_organism>
 <GBSeq_organism>Rhodobacter capsulatus</GBSeq_organism>
 <GBSeq_organism>Thioalkalivibrio paradoxus ARh 1</GBSeq_organism>
 <GBSeq_organism>Synechococcus elongatus PCC 6301</GBSeq_organism>
 <GBSeq_organism>Halothiobacillus halophilus</GBSeq_organism>
 <GBSeq_organism>sulfur-oxidizing bacterium ODIII6</GBSeq_organism>
 <GBSeq_organism>Codakia costata gill symbiont</GBSeq_organism>
 <GBSeq_organism>Allochromatium vinosum DSM 180</GBSeq_organism>
 <GBSeq_organism>endosymbiont of Alviniconcha sp. Lau Basin</GBSeq_organism>
 <GBSeq_organism>Thioalkalivibrio nitratireducens DSM 14787</GBSeq_organism>
 <GBSeq_organism>Halothiobacillus neapolitanus c2</GBSeq_organism>
 <GBSeq_organism>uncultured bacterium</GBSeq_organism>
 <GBSeq_organism>Thioalkalivibrio thiocyanodenitrificans ARhD 1</GBSeq_organism>
 <GBSeq_organism>Allochromatium vinosum</GBSeq_organism>
 <GBSeq_organism>Mus musculus</GBSeq_organism>
 <GBSeq_organism>Thiorhodococcus drewsii AZ1</GBSeq_organism>
 <GBSeq_organism>Halorhodospira halophila</GBSeq_organism>
 <GBSeq_organism>Thioclava pacifica DSM 10166</GBSeq_organism>
 <GBSeq_organism>Hydrogenophilus thermoluteolus</GBSeq_organism>
 <GBSeq_organism>Thioalkalivibrio jannaschii</GBSeq_organism>
 <GBSeq_organism>Ectothiorhodospira haloalkaliphila ATCC 51935</GBSeq_organism>
 <GBSeq_organism>Hydrogenovibrio marinus</GBSeq_organism>
 <GBSeq_organism>Thiomicrospira pelophila</GBSeq_organism>
 <GBSeq_organism>sulfur-oxidizing bacterium OAII2</GBSeq_organism>
 <GBSeq_organism>Prochlorothrix hollandica</GBSeq_organism>
 <GBSeq_organism>Thiobacillus denitrificans</GBSeq_organism>
