 <GBSeq_organism>Helicobacter bilis</GBSeq_organism>
 <GBSeq_organism>Helicobacter bizzozeronii</GBSeq_organism>
 <GBSeq_organism>Helicobacter canis</GBSeq_organism>
 <GBSeq_organism>Helicobacter trogontum</GBSeq_organism>
 <GBSeq_organism>Helicobacter pametensis</GBSeq_organism>
 <GBSeq_organism>Helicobacter salomonis</GBSeq_organism>
 <GBSeq_organism>Helicobacter mustelae</GBSeq_organism>
 <GBSeq_organism>Helicobacter trogontum</GBSeq_organism>
 <GBSeq_organism>Helicobacter pylori 26695</GBSeq_organism>
 <GBSeq_organism>Helicobacter salomonis</GBSeq_organism>
 <GBSeq_organism>Helicobacter bilis</GBSeq_organism>
 <GBSeq_organism>Helicobacter muridarum</GBSeq_organism>
 <GBSeq_organism>Helicobacter salomonis</GBSeq_organism>
 <GBSeq_organism>Helicobacter bizzozeronii</GBSeq_organism>
 <GBSeq_organism>Helicobacter felis</GBSeq_organism>
 <GBSeq_organism>Helicobacter cholecystus</GBSeq_organism>
 <GBSeq_organism>Helicobacter bilis ATCC 43879</GBSeq_organism>
 <GBSeq_organism>Helicobacter acinonychis</GBSeq_organism>
 <GBSeq_organism>Helicobacter bizzozeronii</GBSeq_organism>
 <GBSeq_organism>Helicobacter pylori</GBSeq_organism>
 <GBSeq_organism>Helicobacter bizzozeronii CCUG 35545</GBSeq_organism>
 <GBSeq_organism>Helicobacter felis ATCC 49179</GBSeq_organism>
 <GBSeq_organism>Helicobacter bilis</GBSeq_organism>
 <GBSeq_organism>Helicobacter sp. &apos;Flexispira str. FL56&apos;</GBSeq_organism>
 <GBSeq_organism>Helicobacter sp. &apos;Flexispira str. FL56&apos;</GBSeq_organism>
 <GBSeq_organism>Helicobacter felis</GBSeq_organism>
 <GBSeq_organism>Campylobacter coli</GBSeq_organism>
 <GBSeq_organism>Helicobacter felis</GBSeq_organism>
 <GBSeq_organism>Helicobacter sp. &apos;Flexispira str. FL56&apos;</GBSeq_organism>
 <GBSeq_organism>Helicobacter pylori</GBSeq_organism>
 <GBSeq_organism>Helicobacter hepaticus</GBSeq_organism>
 <GBSeq_organism>Helicobacter pylori</GBSeq_organism>
 <GBSeq_organism>Helicobacter trogontum</GBSeq_organism>
