 <GBSeq_organism>Deinococcus xinjiangensis</GBSeq_organism>
 <GBSeq_organism>Deinococcus papagonensis</GBSeq_organism>
 <GBSeq_organism>Deinococcus yunweiensis</GBSeq_organism>
 <GBSeq_organism>Deinococcus radiophilus</GBSeq_organism>
 <GBSeq_organism>Deinococcus geothermalis DSM 11300</GBSeq_organism>
 <GBSeq_organism>Deinococcus marmoris</GBSeq_organism>
 <GBSeq_organism>Deinococcus peraridilitoris DSM 19664</GBSeq_organism>
 <GBSeq_organism>Deinococcus hohokamensis</GBSeq_organism>
 <GBSeq_organism>Deinococcus hopiensis KR-140</GBSeq_organism>
 <GBSeq_organism>Deinococcus apachensis</GBSeq_organism>
 <GBSeq_organism>Deinococcus maricopensis DSM 21211</GBSeq_organism>
 <GBSeq_organism>Deinococcus grandis</GBSeq_organism>
 <GBSeq_organism>Deinococcus ficus</GBSeq_organism>
 <GBSeq_organism>Deinococcus ficus</GBSeq_organism>
 <GBSeq_organism>Deinococcus navajonensis</GBSeq_organism>
 <GBSeq_organism>Deinococcus murrayi</GBSeq_organism>
 <GBSeq_organism>Truepera radiovictrix DSM 17093</GBSeq_organism>
 <GBSeq_organism>Deinococcus yavapaiensis KR-236</GBSeq_organism>
 <GBSeq_organism>Deinococcus radiopugnans ATCC 19172</GBSeq_organism>
 <GBSeq_organism>Deinococcus frigens</GBSeq_organism>
 <GBSeq_organism>Deinococcus sonorensis KR-87</GBSeq_organism>
 <GBSeq_organism>Deinococcus saxicola</GBSeq_organism>
 <GBSeq_organism>Flavobacterium aquatile</GBSeq_organism>
 <GBSeq_organism>Deinococcus pimensis</GBSeq_organism>
 <GBSeq_organism>Deinococcus deserti VCD115</GBSeq_organism>
 <GBSeq_organism>Thermus brockianus</GBSeq_organism>
 <GBSeq_organism>Thermus oshimai</GBSeq_organism>
 <GBSeq_organism>Deinococcus radiodurans</GBSeq_organism>
 <GBSeq_organism>Deinococcus cellulosilyticus</GBSeq_organism>
 <GBSeq_organism>Deinococcus proteolyticus MRP</GBSeq_organism>
