 <GBSeq_organism>Micrococcus flavus</GBSeq_organism>
 <GBSeq_organism>Arthrobacter uratoxydans</GBSeq_organism>
 <GBSeq_organism>Citricoccus muralis</GBSeq_organism>
 <GBSeq_organism>Acaricomes phytoseiuli</GBSeq_organism>
 <GBSeq_organism>Renibacterium salmoninarum</GBSeq_organism>
 <GBSeq_organism>Arthrobacter oxydans</GBSeq_organism>
 <GBSeq_organism>Arthrobacter protophormiae</GBSeq_organism>
 <GBSeq_organism>Yaniella halotolerans</GBSeq_organism>
 <GBSeq_organism>Arthrobacter nicotianae</GBSeq_organism>
 <GBSeq_organism>Kocuria palustris</GBSeq_organism>
 <GBSeq_organism>Micrococcus luteus</GBSeq_organism>
 <GBSeq_organism>Arthrobacter ilicis</GBSeq_organism>
 <GBSeq_organism>Sinomonas atrocyanea</GBSeq_organism>
 <GBSeq_organism>Nesterenkonia jeotgali</GBSeq_organism>
 <GBSeq_organism>Citricoccus alkalitolerans</GBSeq_organism>
 <GBSeq_organism>Kocuria rhizophila</GBSeq_organism>
 <GBSeq_organism>Arthrobacter nicotinovorans</GBSeq_organism>
 <GBSeq_organism>Kocuria polaris</GBSeq_organism>
 <GBSeq_organism>Micrococcus lylae</GBSeq_organism>
 <GBSeq_organism>Kocuria rosea</GBSeq_organism>
 <GBSeq_organism>Sinomonas flava</GBSeq_organism>
 <GBSeq_organism>Arthrobacter sulfureus</GBSeq_organism>
 <GBSeq_organism>Zhihengliuella halotolerans</GBSeq_organism>
 <GBSeq_organism>Micrococcus antarcticus</GBSeq_organism>
 <GBSeq_organism>Nocardia inohanensis</GBSeq_organism>
