 <GBSeq_organism>Arthrobacter phenanthrenivorans Sphe3</GBSeq_organism>
 <GBSeq_organism>Arthrobacter agilis</GBSeq_organism>
 <GBSeq_organism>Arthrobacter uratoxydans</GBSeq_organism>
 <GBSeq_organism>Arthrobacter oxydans</GBSeq_organism>
 <GBSeq_organism>Arthrobacter parietis</GBSeq_organism>
 <GBSeq_organism>Arthrobacter gandavensis</GBSeq_organism>
 <GBSeq_organism>Arthrobacter albus</GBSeq_organism>
 <GBSeq_organism>Arthrobacter tecti</GBSeq_organism>
 <GBSeq_organism>Arthrobacter castelli</GBSeq_organism>
 <GBSeq_organism>Arthrobacter chlorophenolicus</GBSeq_organism>
 <GBSeq_organism>Arthrobacter psychrolactophilus</GBSeq_organism>
 <GBSeq_organism>Arthrobacter humicola</GBSeq_organism>
 <GBSeq_organism>Arthrobacter pigmenti</GBSeq_organism>
 <GBSeq_organism>Arthrobacter crystallopoietes</GBSeq_organism>
 <GBSeq_organism>Arthrobacter defluvii</GBSeq_organism>
 <GBSeq_organism>Arthrobacter roseus</GBSeq_organism>
 <GBSeq_organism>Arthrobacter sulfonivorans</GBSeq_organism>
 <GBSeq_organism>Arthrobacter polychromogenes</GBSeq_organism>
 <GBSeq_organism>Arthrobacter cumminsii</GBSeq_organism>
 <GBSeq_organism>Arthrobacter soli</GBSeq_organism>
 <GBSeq_organism>Arthrobacter sulfureus</GBSeq_organism>
 <GBSeq_organism>Pimelobacter simplex</GBSeq_organism>
 <GBSeq_organism>Arthrobacter psychrophenolicus</GBSeq_organism>
 <GBSeq_organism>Arthrobacter bergerei</GBSeq_organism>
 <GBSeq_organism>Arthrobacter scleromae</GBSeq_organism>
