 <GBSeq_organism>Nocardia neocaledoniensis</GBSeq_organism>
 <GBSeq_organism>Nocardia beijingensis</GBSeq_organism>
 <GBSeq_organism>Nocardia jejuensis</GBSeq_organism>
 <GBSeq_organism>Nocardia veterana</GBSeq_organism>
 <GBSeq_organism>Nocardia asteroides NBRC 15531</GBSeq_organism>
 <GBSeq_organism>Nocardia cerradoensis</GBSeq_organism>
 <GBSeq_organism>Nocardia jiangxiensis</GBSeq_organism>
 <GBSeq_organism>Nocardia pigrifrangens</GBSeq_organism>
 <GBSeq_organism>Nocardia elegans</GBSeq_organism>
 <GBSeq_organism>Nocardia anaemiae</GBSeq_organism>
 <GBSeq_organism>Nocardia cummidelens</GBSeq_organism>
 <GBSeq_organism>Nocardia otitidiscaviarum</GBSeq_organism>
 <GBSeq_organism>Nocardia pseudobrasiliensis</GBSeq_organism>
 <GBSeq_organism>Nocardia cyriacigeorgica</GBSeq_organism>
 <GBSeq_organism>Nocardia sienata</GBSeq_organism>
 <GBSeq_organism>Nocardia kruczakiae</GBSeq_organism>
 <GBSeq_organism>Nocardia africana</GBSeq_organism>
 <GBSeq_organism>Nocardia puris</GBSeq_organism>
 <GBSeq_organism>Nocardia arthritidis</GBSeq_organism>
 <GBSeq_organism>Nocardia pseudovaccinii</GBSeq_organism>
 <GBSeq_organism>Nocardia caishijiensis</GBSeq_organism>
 <GBSeq_organism>Nocardia thailandica</GBSeq_organism>
 <GBSeq_organism>Nocardia alba</GBSeq_organism>
 <GBSeq_organism>Nocardia abscessus NBRC 100374</GBSeq_organism>
 <GBSeq_organism>Nocardia miyunensis</GBSeq_organism>
 <GBSeq_organism>Nocardia pneumoniae</GBSeq_organism>
 <GBSeq_organism>Nocardia higoensis NBRC 100133</GBSeq_organism>
 <GBSeq_organism>Nocardia paucivorans</GBSeq_organism>
 <GBSeq_organism>Nocardia tenerifensis</GBSeq_organism>
 <GBSeq_organism>Nocardia shimofusensis</GBSeq_organism>
 <GBSeq_organism>Nocardia xishanensis</GBSeq_organism>
 <GBSeq_organism>Nocardia fluminea</GBSeq_organism>
 <GBSeq_organism>Nocardia araoensis NBRC 100135</GBSeq_organism>
 <GBSeq_organism>Nocardia ignorata</GBSeq_organism>
 <GBSeq_organism>Nocardia soli</GBSeq_organism>
 <GBSeq_organism>Nocardia aobensis</GBSeq_organism>
 <GBSeq_organism>Nocardia vermiculata</GBSeq_organism>
 <GBSeq_organism>Nocardia polyresistens</GBSeq_organism>
 <GBSeq_organism>Nocardia testacea</GBSeq_organism>
 <GBSeq_organism>Nocardia takedensis</GBSeq_organism>
 <GBSeq_organism>Nocardia concava</GBSeq_organism>
