 <GBSeq_organism>Vibrio harveyi</GBSeq_organism>
 <GBSeq_organism>Vibrio anguillarum</GBSeq_organism>
 <GBSeq_organism>Aliivibrio salmonicida</GBSeq_organism>
 <GBSeq_organism>Enhydrobacter aerosaccus</GBSeq_organism>
 <GBSeq_organism>Grimontia hollisae</GBSeq_organism>
 <GBSeq_organism>Grimontia hollisae</GBSeq_organism>
 <GBSeq_organism>Vibrio cholerae</GBSeq_organism>
 <GBSeq_organism>Photobacterium leiognathi</GBSeq_organism>
 <GBSeq_organism>Grimontia hollisae</GBSeq_organism>
 <GBSeq_organism>Enterovibrio norvegicus</GBSeq_organism>
 <GBSeq_organism>Aliivibrio logei</GBSeq_organism>
 <GBSeq_organism>Allomonas enterica</GBSeq_organism>
 <GBSeq_organism>Grimontia hollisae</GBSeq_organism>
 <GBSeq_organism>Moraxella osloensis</GBSeq_organism>
 <GBSeq_organism>Vibrio fluvialis</GBSeq_organism>
 <GBSeq_organism>Vibrio pelagius</GBSeq_organism>
 <GBSeq_organism>Salinivibrio costicola</GBSeq_organism>
 <GBSeq_organism>Moraxella osloensis</GBSeq_organism>
 <GBSeq_organism>Vibrio sp. LMG 19840</GBSeq_organism>
 <GBSeq_organism>Vibrio mimicus</GBSeq_organism>
 <GBSeq_organism>Enterovibrio calviensis</GBSeq_organism>
 <GBSeq_organism>Aliivibrio fischeri</GBSeq_organism>
