 <GBSeq_organism>Sphingobacterium comitans</GBSeq_organism>
 <GBSeq_organism>Pedobacter piscium</GBSeq_organism>
 <GBSeq_organism>Leeuwenhoekiella marinoflava</GBSeq_organism>
 <GBSeq_organism>Flavobacterium limicola</GBSeq_organism>
 <GBSeq_organism>Cyclobacterium marinum</GBSeq_organism>
 <GBSeq_organism>Sporocytophaga myxococcoides</GBSeq_organism>
 <GBSeq_organism>Mucilaginibacter gracilis</GBSeq_organism>
 <GBSeq_organism>Sphingobacterium faecium</GBSeq_organism>
 <GBSeq_organism>Belliella baltica</GBSeq_organism>
 <GBSeq_organism>Sphingobacterium spiritivorum</GBSeq_organism>
 <GBSeq_organism>Mucilaginibacter paludis DSM 18603</GBSeq_organism>
 <GBSeq_organism>Sphingobacterium thalpophilum</GBSeq_organism>
 <GBSeq_organism>Pedobacter cryoconitis</GBSeq_organism>
 <GBSeq_organism>Pedobacter heparinus DSM 2366</GBSeq_organism>
 <GBSeq_organism>Flavobacterium aquatile</GBSeq_organism>
 <GBSeq_organism>Cytophaga hutchinsonii</GBSeq_organism>
 <GBSeq_organism>Cellulophaga fucicola</GBSeq_organism>
 <GBSeq_organism>Sphingobacterium multivorum</GBSeq_organism>
 <GBSeq_organism>Cellulophaga baltica</GBSeq_organism>
 <GBSeq_organism>Pedobacter africanus</GBSeq_organism>
