 <GBSeq_organism>Arthrobacter methylotrophus</GBSeq_organism>
 <GBSeq_organism>Arthrobacter globiformis</GBSeq_organism>
 <GBSeq_organism>Arthrobacter phenanthrenivorans Sphe3</GBSeq_organism>
 <GBSeq_organism>Arthrobacter flavus</GBSeq_organism>
 <GBSeq_organism>Arthrobacter citreus</GBSeq_organism>
 <GBSeq_organism>Arthrobacter agilis</GBSeq_organism>
 <GBSeq_organism>Arthrobacter ureafaciens</GBSeq_organism>
 <GBSeq_organism>Arthrobacter uratoxydans</GBSeq_organism>
 <GBSeq_organism>Arthrobacter rhombi</GBSeq_organism>
 <GBSeq_organism>Beutenbergia cavernae DSM 12333</GBSeq_organism>
 <GBSeq_organism>Sinomonas echigonensis</GBSeq_organism>
 <GBSeq_organism>Arthrobacter parietis</GBSeq_organism>
 <GBSeq_organism>Arthrobacter protophormiae</GBSeq_organism>
 <GBSeq_organism>Arthrobacter monumenti</GBSeq_organism>
 <GBSeq_organism>Arthrobacter gandavensis</GBSeq_organism>
 <GBSeq_organism>Arthrobacter histidinolovorans</GBSeq_organism>
 <GBSeq_organism>Arthrobacter nicotianae</GBSeq_organism>
 <GBSeq_organism>Arthrobacter sanguinis</GBSeq_organism>
 <GBSeq_organism>Arthrobacter kerguelensis</GBSeq_organism>
 <GBSeq_organism>Arthrobacter woluwensis</GBSeq_organism>
 <GBSeq_organism>Arthrobacter mysorens</GBSeq_organism>
 <GBSeq_organism>Arthrobacter albus</GBSeq_organism>
 <GBSeq_organism>Arthrobacter tecti</GBSeq_organism>
 <GBSeq_organism>Arthrobacter ilicis</GBSeq_organism>
 <GBSeq_organism>Arthrobacter castelli</GBSeq_organism>
 <GBSeq_organism>Arthrobacter stackebrandtii</GBSeq_organism>
 <GBSeq_organism>Arthrobacter luteolus</GBSeq_organism>
 <GBSeq_organism>Arthrobacter chlorophenolicus</GBSeq_organism>
 <GBSeq_organism>Arthrobacter psychrolactophilus</GBSeq_organism>
 <GBSeq_organism>Arthrobacter pigmenti</GBSeq_organism>
 <GBSeq_organism>Arthrobacter gangotriensis Lz1y</GBSeq_organism>
 <GBSeq_organism>Arthrobacter koreensis</GBSeq_organism>
 <GBSeq_organism>Arthrobacter nicotinovorans</GBSeq_organism>
 <GBSeq_organism>Arthrobacter crystallopoietes</GBSeq_organism>
 <GBSeq_organism>Arthrobacter defluvii</GBSeq_organism>
 <GBSeq_organism>Arthrobacter psychrochitiniphilus</GBSeq_organism>
 <GBSeq_organism>Arthrobacter pascens</GBSeq_organism>
 <GBSeq_organism>Arthrobacter alkaliphilus</GBSeq_organism>
 <GBSeq_organism>Arthrobacter sulfonivorans</GBSeq_organism>
 <GBSeq_organism>Arthrobacter polychromogenes</GBSeq_organism>
 <GBSeq_organism>Arthrobacter cumminsii</GBSeq_organism>
 <GBSeq_organism>Arthrobacter tumbae</GBSeq_organism>
 <GBSeq_organism>Arthrobacter soli</GBSeq_organism>
 <GBSeq_organism>Arthrobacter equi</GBSeq_organism>
 <GBSeq_organism>Arthrobacter nasiphocae</GBSeq_organism>
 <GBSeq_organism>Arthrobacter arilaitensis Re117</GBSeq_organism>
 <GBSeq_organism>Arthrobacter sulfureus</GBSeq_organism>
 <GBSeq_organism>Arthrobacter sp.</GBSeq_organism>
 <GBSeq_organism>Arthrobacter psychrophenolicus</GBSeq_organism>
 <GBSeq_organism>Arthrobacter sp. DSM 20546</GBSeq_organism>
 <GBSeq_organism>Arthrobacter aurescens</GBSeq_organism>
 <GBSeq_organism>Arthrobacter bergerei</GBSeq_organism>
 <GBSeq_organism>Arthrobacter scleromae</GBSeq_organism>
 <GBSeq_organism>Arthrobacter nitroguajacolicus</GBSeq_organism>
