 <GBSeq_organism>Amycolatopsis vancoresmycina</GBSeq_organism>
 <GBSeq_organism>Actinokineospora fastidiosa</GBSeq_organism>
 <GBSeq_organism>Amycolatopsis xylanica</GBSeq_organism>
 <GBSeq_organism>Amycolatopsis plumensis</GBSeq_organism>
 <GBSeq_organism>Amycolatopsis orientalis</GBSeq_organism>
 <GBSeq_organism>Amycolatopsis lurida</GBSeq_organism>
 <GBSeq_organism>Amycolatopsis sp.</GBSeq_organism>
 <GBSeq_organism>Amycolatopsis pretoriensis</GBSeq_organism>
 <GBSeq_organism>Amycolatopsis sulphurea</GBSeq_organism>
 <GBSeq_organism>Actinosynnema mirum DSM 43827</GBSeq_organism>
 <GBSeq_organism>Amycolatopsis methanolica 239</GBSeq_organism>
 <GBSeq_organism>Amycolatopsis decaplanina DSM 44594</GBSeq_organism>
 <GBSeq_organism>Amycolatopsis sacchari</GBSeq_organism>
 <GBSeq_organism>Amycolatopsis balhimycina</GBSeq_organism>
 <GBSeq_organism>Amycolatopsis azurea</GBSeq_organism>
 <GBSeq_organism>Amycolatopsis kentuckyensis</GBSeq_organism>
 <GBSeq_organism>Amycolatopsis coloradensis</GBSeq_organism>
 <GBSeq_organism>Amycolatopsis nigrescens CSC17Ta-90</GBSeq_organism>
 <GBSeq_organism>Amycolatopsis lexingtonensis</GBSeq_organism>
 <GBSeq_organism>Amycolatopsis mediterranei</GBSeq_organism>
 <GBSeq_organism>Amycolatopsis australiensis</GBSeq_organism>
 <GBSeq_organism>Amycolatopsis thermoflava N1165</GBSeq_organism>
 <GBSeq_organism>Amycolatopsis rifamycinica</GBSeq_organism>
 <GBSeq_organism>Amycolatopsis alba DSM 44262</GBSeq_organism>
 <GBSeq_organism>Amycolatopsis palatopharyngis</GBSeq_organism>
 <GBSeq_organism>Amycolatopsis marina</GBSeq_organism>
 <GBSeq_organism>Amycolatopsis niigatensis</GBSeq_organism>
 <GBSeq_organism>Amycolatopsis rubida</GBSeq_organism>
