 <GBSeq_organism>Bifidobacterium magnum</GBSeq_organism>
 <GBSeq_organism>Bifidobacterium pseudolongum subsp. globosum</GBSeq_organism>
 <GBSeq_organism>Aeriscardovia aeriphila</GBSeq_organism>
 <GBSeq_organism>Bifidobacterium thermophilum</GBSeq_organism>
 <GBSeq_organism>Parascardovia denticolens DSM 10105 = JCM 12538</GBSeq_organism>
 <GBSeq_organism>Bifidobacterium actinocoloniiforme DSM 22766</GBSeq_organism>
 <GBSeq_organism>Bifidobacterium longum subsp. infantis</GBSeq_organism>
 <GBSeq_organism>Bifidobacterium bombi</GBSeq_organism>
 <GBSeq_organism>Bifidobacterium thermacidophilum</GBSeq_organism>
 <GBSeq_organism>Bifidobacterium gallicum DSM 20093 = LMG 11596</GBSeq_organism>
 <GBSeq_organism>Bifidobacterium dentium JCM 1195 = DSM 20436</GBSeq_organism>
 <GBSeq_organism>Bifidobacterium bohemicum DSM 22767</GBSeq_organism>
 <GBSeq_organism>Bifidobacterium pseudolongum</GBSeq_organism>
 <GBSeq_organism>Bifidobacterium indicum</GBSeq_organism>
 <GBSeq_organism>Bifidobacterium animalis subsp. lactis</GBSeq_organism>
 <GBSeq_organism>Bifidobacterium angulatum DSM 20098 = JCM 7096</GBSeq_organism>
 <GBSeq_organism>Bifidobacterium asteroides</GBSeq_organism>
 <GBSeq_organism>Bifidobacterium longum subsp. longum JCM 1217</GBSeq_organism>
 <GBSeq_organism>Bifidobacterium bohemicum</GBSeq_organism>
 <GBSeq_organism>Bifidobacterium tsurumiense</GBSeq_organism>
 <GBSeq_organism>Lactobacillus reuteri</GBSeq_organism>
 <GBSeq_organism>Bifidobacterium breve DSM 20213 = JCM 1192</GBSeq_organism>
 <GBSeq_organism>Bifidobacterium psychraerophilum</GBSeq_organism>
 <GBSeq_organism>Bifidobacterium actinocoloniiforme</GBSeq_organism>
 <GBSeq_organism>Gardnerella vaginalis ATCC 14018 = JCM 11026</GBSeq_organism>
