 <GBSeq_organism>Virgibacillus kekensis</GBSeq_organism>
 <GBSeq_organism>Virgibacillus arcticus</GBSeq_organism>
 <GBSeq_organism>Virgibacillus proomii</GBSeq_organism>
 <GBSeq_organism>Amphibacillus sediminis</GBSeq_organism>
 <GBSeq_organism>Lentibacillus persicus</GBSeq_organism>
 <GBSeq_organism>Virgibacillus salinus</GBSeq_organism>
 <GBSeq_organism>Lentibacillus salis</GBSeq_organism>
 <GBSeq_organism>Virgibacillus halodenitrificans</GBSeq_organism>
 <GBSeq_organism>Virgibacillus byunsanensis</GBSeq_organism>
 <GBSeq_organism>Virgibacillus pantothenticus</GBSeq_organism>
 <GBSeq_organism>Lentibacillus salicampi</GBSeq_organism>
 <GBSeq_organism>Virgibacillus salarius</GBSeq_organism>
 <GBSeq_organism>Virgibacillus dokdonensis</GBSeq_organism>
 <GBSeq_organism>Virgibacillus halophilus</GBSeq_organism>
 <GBSeq_organism>Lentibacillus kapialis</GBSeq_organism>
 <GBSeq_organism>Lentibacillus salarius</GBSeq_organism>
 <GBSeq_organism>Virgibacillus alimentarius</GBSeq_organism>
 <GBSeq_organism>Lentibacillus halodurans</GBSeq_organism>
 <GBSeq_organism>Virgibacillus carmonensis</GBSeq_organism>
 <GBSeq_organism>Virgibacillus necropolis</GBSeq_organism>
 <GBSeq_organism>Virgibacillus marismortui</GBSeq_organism>
 <GBSeq_organism>Virgibacillus subterraneus</GBSeq_organism>
 <GBSeq_organism>Virgibacillus litoralis</GBSeq_organism>
 <GBSeq_organism>Lentibacillus salinarum</GBSeq_organism>
 <GBSeq_organism>Virgibacillus olivae</GBSeq_organism>
 <GBSeq_organism>Ornithinibacillus bavariensis</GBSeq_organism>
 <GBSeq_organism>Virgibacillus zhanjiangensis</GBSeq_organism>
