 <GBSeq_organism>Aliivibrio salmonicida</GBSeq_organism>
 <GBSeq_organism>Vibrio comitans</GBSeq_organism>
 <GBSeq_organism>Vibrio inusitatus</GBSeq_organism>
 <GBSeq_organism>Vibrio ezurae</GBSeq_organism>
 <GBSeq_organism>Vibrio inusitatus</GBSeq_organism>
 <GBSeq_organism>Vibrio neonatus</GBSeq_organism>
 <GBSeq_organism>Vibrio halioticoli</GBSeq_organism>
 <GBSeq_organism>Vibrio ezurae</GBSeq_organism>
 <GBSeq_organism>Vibrio superstes</GBSeq_organism>
 <GBSeq_organism>Vibrio agarivorans</GBSeq_organism>
 <GBSeq_organism>Vibrio superstes</GBSeq_organism>
 <GBSeq_organism>Vibrio agarivorans</GBSeq_organism>
 <GBSeq_organism>Vibrio parahaemolyticus</GBSeq_organism>
 <GBSeq_organism>Vibrio inusitatus</GBSeq_organism>
 <GBSeq_organism>Aliivibrio logei</GBSeq_organism>
 <GBSeq_organism>Vibrio neonatus</GBSeq_organism>
 <GBSeq_organism>Aliivibrio wodanis</GBSeq_organism>
 <GBSeq_organism>Vibrio gallicus</GBSeq_organism>
 <GBSeq_organism>Vibrio comitans</GBSeq_organism>
 <GBSeq_organism>Vibrio comitans</GBSeq_organism>
 <GBSeq_organism>Vibrio comitans</GBSeq_organism>
