 <GBSeq_organism>Aeromonas bestiarum</GBSeq_organism>
 <GBSeq_organism>Aeromonas hydrophila</GBSeq_organism>
 <GBSeq_organism>Aeromonas bivalvium</GBSeq_organism>
 <GBSeq_organism>Aeromonas sanarellii</GBSeq_organism>
 <GBSeq_organism>Aeromonas eucrenophila</GBSeq_organism>
 <GBSeq_organism>Aeromonas popoffii</GBSeq_organism>
 <GBSeq_organism>Aeromonas encheleia</GBSeq_organism>
 <GBSeq_organism>Aeromonas enteropelogenes</GBSeq_organism>
 <GBSeq_organism>Aeromonas fluvialis</GBSeq_organism>
 <GBSeq_organism>Aeromonas caviae</GBSeq_organism>
 <GBSeq_organism>Aeromonas salmonicida subsp. salmonicida</GBSeq_organism>
 <GBSeq_organism>Aeromonas dhakensis</GBSeq_organism>
 <GBSeq_organism>Aeromonas allosaccharophila</GBSeq_organism>
 <GBSeq_organism>Aeromonas schubertii</GBSeq_organism>
 <GBSeq_organism>Aeromonas tecta</GBSeq_organism>
 <GBSeq_organism>Aeromonas veronii bv. veronii</GBSeq_organism>
 <GBSeq_organism>Aeromonas sobria</GBSeq_organism>
 <GBSeq_organism>Aeromonas media</GBSeq_organism>
 <GBSeq_organism>Aeromonas simiae</GBSeq_organism>
 <GBSeq_organism>Aeromonas jandaei</GBSeq_organism>
