 <GBSeq_organism>Escherichia coli DSM 30083 = JCM 1649 = ATCC 11775</GBSeq_organism>
 <GBSeq_organism>Bacteroides caccae</GBSeq_organism>
 <GBSeq_organism>uncultured bacterium</GBSeq_organism>
 <GBSeq_organism>Bacteroides stercoris ATCC 43183</GBSeq_organism>
 <GBSeq_organism>Bacteroides massiliensis B84634 = Timone 84634 = DSM 17679 = JCM 13223</GBSeq_organism>
 <GBSeq_organism>Bacteroides salyersiae</GBSeq_organism>
 <GBSeq_organism>Bacteroides fragilis</GBSeq_organism>
 <GBSeq_organism>Bacteroides nordii</GBSeq_organism>
 <GBSeq_organism>uncultured bacterium</GBSeq_organism>
 <GBSeq_organism>Bacteroides uniformis</GBSeq_organism>
 <GBSeq_organism>Bacteroides coprosuis DSM 18011</GBSeq_organism>
 <GBSeq_organism>Bacteroides vulgatus</GBSeq_organism>
 <GBSeq_organism>Bacteroides oleiciplenus YIT 12058</GBSeq_organism>
 <GBSeq_organism>Bacteroides fluxus YIT 12057</GBSeq_organism>
 <GBSeq_organism>Bacteroides dorei DSM 17855</GBSeq_organism>
 <GBSeq_organism>Bacteroides intestinalis DSM 17393</GBSeq_organism>
 <GBSeq_organism>Bacteroides clarus YIT 12056</GBSeq_organism>
 <GBSeq_organism>Bacteroides salanitronis DSM 18170</GBSeq_organism>
 <GBSeq_organism>Bacteroides ovatus</GBSeq_organism>
 <GBSeq_organism>Bacteroides thetaiotaomicron</GBSeq_organism>
 <GBSeq_organism>Bacteroides coprocola DSM 17136</GBSeq_organism>
