 <GBSeq_organism>Paenibacillus polymyxa</GBSeq_organism>
 <GBSeq_organism>Halobacillus karajensis</GBSeq_organism>
 <GBSeq_organism>Filobacillus milosensis</GBSeq_organism>
 <GBSeq_organism>Alicyclobacillus acidocaldarius subsp. acidocaldarius DSM 446</GBSeq_organism>
 <GBSeq_organism>Gracilibacillus dipsosauri</GBSeq_organism>
 <GBSeq_organism>Amphibacillus xylanus NBRC 15112</GBSeq_organism>
 <GBSeq_organism>Lentibacillus juripiscarius JCM 12147</GBSeq_organism>
 <GBSeq_organism>Halobacillus trueperi</GBSeq_organism>
 <GBSeq_organism>Oceanobacillus oncorhynchi</GBSeq_organism>
 <GBSeq_organism>Halobacillus locisalis</GBSeq_organism>
 <GBSeq_organism>Paraliobacillus ryukyuensis</GBSeq_organism>
 <GBSeq_organism>Halobacillus litoralis</GBSeq_organism>
 <GBSeq_organism>Pontibacillus chungwhensis</GBSeq_organism>
 <GBSeq_organism>Marinococcus halophilus</GBSeq_organism>
 <GBSeq_organism>Bacillus subtilis</GBSeq_organism>
 <GBSeq_organism>Marinococcus halotolerans</GBSeq_organism>
 <GBSeq_organism>Oceanobacillus iheyensis HTE831</GBSeq_organism>
 <GBSeq_organism>Virgibacillus halodenitrificans</GBSeq_organism>
 <GBSeq_organism>Halobacillus salinus</GBSeq_organism>
 <GBSeq_organism>Bacillus methanolicus</GBSeq_organism>
 <GBSeq_organism>Salimicrobium album</GBSeq_organism>
 <GBSeq_organism>Pontibacillus marinus</GBSeq_organism>
 <GBSeq_organism>Lentibacillus salicampi</GBSeq_organism>
 <GBSeq_organism>Halobacillus halophilus</GBSeq_organism>
 <GBSeq_organism>Thalassobacillus devorans</GBSeq_organism>
 <GBSeq_organism>Salimicrobium halophilum</GBSeq_organism>
 <GBSeq_organism>Amphibacillus tropicus</GBSeq_organism>
 <GBSeq_organism>Virgibacillus marismortui</GBSeq_organism>
 <GBSeq_organism>Virgibacillus pantothenticus</GBSeq_organism>
 <GBSeq_organism>Amphibacillus fermentum</GBSeq_organism>
 <GBSeq_organism>Cerasibacillus quisquiliarum</GBSeq_organism>
