 <GBSeq_organism>Ochrobactrum anthropi ATCC 49188</GBSeq_organism>
 <GBSeq_organism>Rhizobium yanglingense</GBSeq_organism>
 <GBSeq_organism>Rhizobium daejeonense</GBSeq_organism>
 <GBSeq_organism>Rhizobium cellulosilyticum</GBSeq_organism>
 <GBSeq_organism>Rhizobium tropici CIAT 899</GBSeq_organism>
 <GBSeq_organism>Ensifer americanum</GBSeq_organism>
 <GBSeq_organism>Sinorhizobium kummerowiae</GBSeq_organism>
 <GBSeq_organism>Agrobacterium rubi</GBSeq_organism>
 <GBSeq_organism>Rhizobium sullae</GBSeq_organism>
 <GBSeq_organism>Neorhizobium galegae</GBSeq_organism>
 <GBSeq_organism>Agrobacterium tumefaciens</GBSeq_organism>
 <GBSeq_organism>Rhizobium giardinii</GBSeq_organism>
 <GBSeq_organism>Rhizobium undicola</GBSeq_organism>
 <GBSeq_organism>Rhizobium lusitanum</GBSeq_organism>
 <GBSeq_organism>Rhizobium sp. USDA 1920</GBSeq_organism>
 <GBSeq_organism>Rhizobium etli CFN 42</GBSeq_organism>
 <GBSeq_organism>Neorhizobium huautlense</GBSeq_organism>
 <GBSeq_organism>Agrobacterium vitis</GBSeq_organism>
 <GBSeq_organism>Rhizobium alamii</GBSeq_organism>
 <GBSeq_organism>Rhizobium mongolense USDA 1844</GBSeq_organism>
 <GBSeq_organism>Agrobacterium rhizogenes</GBSeq_organism>
 <GBSeq_organism>Sinorhizobium fredii</GBSeq_organism>
 <GBSeq_organism>Rhizobium loessense</GBSeq_organism>
 <GBSeq_organism>Rhizobium gallicum</GBSeq_organism>
 <GBSeq_organism>Rhizobium indigoferae</GBSeq_organism>
 <GBSeq_organism>Rhizobium sp. YAS34</GBSeq_organism>
 <GBSeq_organism>Rhizobium hainanense</GBSeq_organism>
 <GBSeq_organism>Sinorhizobium kostiense</GBSeq_organism>
