 <GBSeq_organism>Ruegeria mobilis</GBSeq_organism>
 <GBSeq_organism>Loktanella salsilacus</GBSeq_organism>
 <GBSeq_organism>Octadecabacter arcticus</GBSeq_organism>
 <GBSeq_organism>Phaeobacter gallaeciensis DSM 26640</GBSeq_organism>
 <GBSeq_organism>Canis lupus familiaris</GBSeq_organism>
 <GBSeq_organism>Roseobacter litoralis Och 149</GBSeq_organism>
 <GBSeq_organism>Shimia marina</GBSeq_organism>
 <GBSeq_organism>Thalassobius gelatinovorus</GBSeq_organism>
 <GBSeq_organism>Leisingera methylohalidivorans DSM 14336</GBSeq_organism>
 <GBSeq_organism>Jannaschia helgolandensis</GBSeq_organism>
 <GBSeq_organism>Silicibacter lacuscaerulensis ITI-1157</GBSeq_organism>
 <GBSeq_organism>Thalassobius aestuarii</GBSeq_organism>
 <GBSeq_organism>Roseovarius nubinhibens ISM</GBSeq_organism>
 <GBSeq_organism>Sulfitobacter pontiacus</GBSeq_organism>
 <GBSeq_organism>Thalassobius mediterraneus</GBSeq_organism>
 <GBSeq_organism>Marinovum algicola</GBSeq_organism>
 <GBSeq_organism>Roseisalinus antarcticus</GBSeq_organism>
 <GBSeq_organism>Ruegeria pomeroyi</GBSeq_organism>
 <GBSeq_organism>Ketogulonicigenium vulgare</GBSeq_organism>
 <GBSeq_organism>Oceanicola granulosus</GBSeq_organism>
