 <GBSeq_organism>Leuconostoc mesenteroides subsp. mesenteroides</GBSeq_organism>
 <GBSeq_organism>Lactobacillus casei ATCC 334</GBSeq_organism>
 <GBSeq_organism>Lactobacillus mali KCTC 3596 = DSM 20444</GBSeq_organism>
 <GBSeq_organism>Lactobacillus rhamnosus</GBSeq_organism>
 <GBSeq_organism>Lactobacillus acidophilus</GBSeq_organism>
 <GBSeq_organism>Lactobacillus fermentum</GBSeq_organism>
 <GBSeq_organism>Leuconostoc mesenteroides subsp. mesenteroides</GBSeq_organism>
 <GBSeq_organism>Lactobacillus dextrinicus</GBSeq_organism>
 <GBSeq_organism>Arabidopsis thaliana</GBSeq_organism>
 <GBSeq_organism>Lactobacillus casei</GBSeq_organism>
 <GBSeq_organism>Lactobacillus reuteri</GBSeq_organism>
 <GBSeq_organism>Pediococcus inopinatus</GBSeq_organism>
 <GBSeq_organism>Lactobacillus fermentum</GBSeq_organism>
 <GBSeq_organism>Lactobacillus plantarum</GBSeq_organism>
 <GBSeq_organism>Pediococcus damnosus</GBSeq_organism>
 <GBSeq_organism>Aedes aegypti</GBSeq_organism>
 <GBSeq_organism>Lactococcus lactis</GBSeq_organism>
 <GBSeq_organism>Leuconostoc pseudomesenteroides KCTC 3652</GBSeq_organism>
 <GBSeq_organism>Pediococcus pentosaceus</GBSeq_organism>
 <GBSeq_organism>Lactobacillus dextrinicus</GBSeq_organism>
 <GBSeq_organism>Lactobacillus salivarius</GBSeq_organism>
 <GBSeq_organism>Lactobacillus plantarum subsp. argentoratensis</GBSeq_organism>
 <GBSeq_organism>Lactobacillus delbrueckii subsp. bulgaricus</GBSeq_organism>
 <GBSeq_organism>Lactobacillus sakei</GBSeq_organism>
 <GBSeq_organism>Lactobacillus casei ATCC 334</GBSeq_organism>
 <GBSeq_organism>Pediococcus pentosaceus</GBSeq_organism>
 <GBSeq_organism>Medicago truncatula</GBSeq_organism>
 <GBSeq_organism>Lactobacillus curvatus</GBSeq_organism>
 <GBSeq_organism>Lactobacillus curvatus</GBSeq_organism>
 <GBSeq_organism>Pediococcus claussenii</GBSeq_organism>
 <GBSeq_organism>Lactobacillus delbrueckii subsp. lactis DSM 20072</GBSeq_organism>
 <GBSeq_organism>Pediococcus parvulus</GBSeq_organism>
 <GBSeq_organism>Lactobacillus mali KCTC 3596 = DSM 20444</GBSeq_organism>
 <GBSeq_organism>Haliaeetus leucocephalus</GBSeq_organism>
 <GBSeq_organism>Lactobacillus fermentum</GBSeq_organism>
 <GBSeq_organism>Pediococcus parvulus</GBSeq_organism>
 <GBSeq_organism>Weissella viridescens</GBSeq_organism>
 <GBSeq_organism>Lactobacillus acidophilus</GBSeq_organism>
 <GBSeq_organism>Pediococcus acidilactici</GBSeq_organism>
 <GBSeq_organism>Lactobacillus salivarius</GBSeq_organism>
 <GBSeq_organism>Weissella viridescens</GBSeq_organism>
 <GBSeq_organism>Lactobacillus sakei subsp. carnosus</GBSeq_organism>
 <GBSeq_organism>Lactobacillus buchneri</GBSeq_organism>
 <GBSeq_organism>Paracentrotus lividus</GBSeq_organism>
 <GBSeq_organism>Lactobacillus mali KCTC 3596 = DSM 20444</GBSeq_organism>
 <GBSeq_organism>Pediococcus acidilactici</GBSeq_organism>
 <GBSeq_organism>Lactobacillus dextrinicus</GBSeq_organism>
 <GBSeq_organism>Lactobacillus fermentum</GBSeq_organism>
 <GBSeq_organism>Pediococcus parvulus</GBSeq_organism>
 <GBSeq_organism>Pediococcus ethanolidurans</GBSeq_organism>
 <GBSeq_organism>Pediococcus damnosus</GBSeq_organism>
 <GBSeq_organism>Lactobacillus delbrueckii subsp. lactis</GBSeq_organism>
 <GBSeq_organism>Pediococcus cellicola</GBSeq_organism>
 <GBSeq_organism>Lactobacillus kefiri</GBSeq_organism>
 <GBSeq_organism>Pediococcus inopinatus</GBSeq_organism>
 <GBSeq_organism>Pediococcus pentosaceus</GBSeq_organism>
 <GBSeq_organism>Lactobacillus rhamnosus</GBSeq_organism>
 <GBSeq_organism>Lactobacillus kefiri</GBSeq_organism>
 <GBSeq_organism>Arabidopsis thaliana</GBSeq_organism>
 <GBSeq_organism>Lactobacillus sakei subsp. sakei</GBSeq_organism>
 <GBSeq_organism>Pediococcus claussenii</GBSeq_organism>
 <GBSeq_organism>Lactobacillus plantarum</GBSeq_organism>
 <GBSeq_organism>Lactobacillus reuteri</GBSeq_organism>
 <GBSeq_organism>Lactobacillus sakei subsp. sakei</GBSeq_organism>
 <GBSeq_organism>Mus musculus</GBSeq_organism>
 <GBSeq_organism>Pediococcus inopinatus</GBSeq_organism>
 <GBSeq_organism>Lactobacillus casei</GBSeq_organism>
