 <GBSeq_organism>Ferrimonas sp. A3B-64-2</GBSeq_organism>
 <GBSeq_organism>Escherichia coli DSM 30083 = JCM 1649 = ATCC 11775</GBSeq_organism>
 <GBSeq_organism>Shewanella putrefaciens</GBSeq_organism>
 <GBSeq_organism>Ferrimonas balearica DSM 9799</GBSeq_organism>
 <GBSeq_organism>Ferrimonas sp. A3B-58</GBSeq_organism>
 <GBSeq_organism>Shewanella oneidensis MR-1</GBSeq_organism>
 <GBSeq_organism>Ferrimonas marina</GBSeq_organism>
 <GBSeq_organism>Ferrimonas balearica</GBSeq_organism>
 <GBSeq_organism>Ferrimonas marina</GBSeq_organism>
 <GBSeq_organism>Aeromonas hydrophila</GBSeq_organism>
 <GBSeq_organism>Ferrimonas marina</GBSeq_organism>
 <GBSeq_organism>Ferrimonas sp. A3B-57-2</GBSeq_organism>
 <GBSeq_organism>Shewanella oneidensis MR-1</GBSeq_organism>
 <GBSeq_organism>Ferrimonas balearica</GBSeq_organism>
 <GBSeq_organism>Shewanella putrefaciens</GBSeq_organism>
 <GBSeq_organism>Ferrimonas marina</GBSeq_organism>
 <GBSeq_organism>Ferrimonas marina</GBSeq_organism>
 <GBSeq_organism>Ferrimonas balearica DSM 9799</GBSeq_organism>
 <GBSeq_organism>Aeromonas salmonicida</GBSeq_organism>
 <GBSeq_organism>Shewanella algae</GBSeq_organism>
 <GBSeq_organism>Ferrimonas sp. A3B-57-2</GBSeq_organism>
 <GBSeq_organism>Shewanella benthica</GBSeq_organism>
 <GBSeq_organism>Ferrimonas sp. A3B-58</GBSeq_organism>
 <GBSeq_organism>Photobacterium phosphoreum</GBSeq_organism>
 <GBSeq_organism>Ferrimonas marina</GBSeq_organism>
 <GBSeq_organism>Shewanella gelidimarina</GBSeq_organism>
 <GBSeq_organism>Aeromonas hydrophila</GBSeq_organism>
 <GBSeq_organism>Pseudoalteromonas haloplanktis</GBSeq_organism>
 <GBSeq_organism>Ferrimonas balearica</GBSeq_organism>
 <GBSeq_organism>Pseudoalteromonas haloplanktis subsp. haloplanktis</GBSeq_organism>
 <GBSeq_organism>Ferrimonas balearica</GBSeq_organism>
 <GBSeq_organism>Shewanella hanedai</GBSeq_organism>
 <GBSeq_organism>Vibrio cholerae</GBSeq_organism>
 <GBSeq_organism>Ferrimonas marina</GBSeq_organism>
 <GBSeq_organism>Ferrimonas sp. A3B-64-2</GBSeq_organism>
 <GBSeq_organism>Ferrimonas marina</GBSeq_organism>
 <GBSeq_organism>Plesiomonas shigelloides</GBSeq_organism>
 <GBSeq_organism>Shewanella hanedai</GBSeq_organism>
 <GBSeq_organism>Shewanella frigidimarina</GBSeq_organism>
