 <GBSeq_organism>Cobetia marina</GBSeq_organism>
 <GBSeq_organism>Halomonas magadiensis</GBSeq_organism>
 <GBSeq_organism>Halomonas salina</GBSeq_organism>
 <GBSeq_organism>Cobetia marina</GBSeq_organism>
 <GBSeq_organism>Carnimonas nigrificans</GBSeq_organism>
 <GBSeq_organism>Halomonas cupida</GBSeq_organism>
 <GBSeq_organism>Zymobacter palmae</GBSeq_organism>
 <GBSeq_organism>Marinospirillum minutulum</GBSeq_organism>
 <GBSeq_organism>Halomonas pantelleriensis</GBSeq_organism>
 <GBSeq_organism>Halomonas koreensis</GBSeq_organism>
 <GBSeq_organism>Halomonas venusta</GBSeq_organism>
 <GBSeq_organism>Marinomonas vaga</GBSeq_organism>
 <GBSeq_organism>Halomonas subglaciescola</GBSeq_organism>
 <GBSeq_organism>Kushneria marisflavi</GBSeq_organism>
 <GBSeq_organism>Chromohalobacter israelensis</GBSeq_organism>
 <GBSeq_organism>Chromohalobacter marismortui</GBSeq_organism>
 <GBSeq_organism>Halomonas variabilis</GBSeq_organism>
 <GBSeq_organism>Halomonas desiderata</GBSeq_organism>
 <GBSeq_organism>Halomonas eurihalina</GBSeq_organism>
 <GBSeq_organism>Halomonas halophila</GBSeq_organism>
 <GBSeq_organism>Pseudoalteromonas haloplanktis</GBSeq_organism>
 <GBSeq_organism>Halomonas maura</GBSeq_organism>
 <GBSeq_organism>Halomonas aquamarina</GBSeq_organism>
 <GBSeq_organism>Chromohalobacter canadensis</GBSeq_organism>
 <GBSeq_organism>Halomonas pacifica</GBSeq_organism>
 <GBSeq_organism>Halomonas halmophila</GBSeq_organism>
 <GBSeq_organism>Pseudomonas aeruginosa</GBSeq_organism>
 <GBSeq_organism>Halomonas elongata</GBSeq_organism>
 <GBSeq_organism>Halomonas campisalis</GBSeq_organism>
 <GBSeq_organism>Halomonas alimentaria</GBSeq_organism>
