 <GBSeq_organism>Candida atakaporum</GBSeq_organism>
 <GBSeq_organism>Candida canberraensis</GBSeq_organism>
 <GBSeq_organism>Candida taliae</GBSeq_organism>
 <GBSeq_organism>Candida prunicola</GBSeq_organism>
 <GBSeq_organism>Candida anneliseae</GBSeq_organism>
 <GBSeq_organism>Candida lyxosophila</GBSeq_organism>
 <GBSeq_organism>Clavispora lusitaniae</GBSeq_organism>
 <GBSeq_organism>Candida bolitotheri</GBSeq_organism>
 <GBSeq_organism>Candida ambrosiae</GBSeq_organism>
 <GBSeq_organism>Candida emberorum</GBSeq_organism>
 <GBSeq_organism>Candida melibiosica</GBSeq_organism>
 <GBSeq_organism>Candida wounanorum</GBSeq_organism>
 <GBSeq_organism>Candida caryicola</GBSeq_organism>
 <GBSeq_organism>Candida terraborum</GBSeq_organism>
 <GBSeq_organism>Candida bokatorum</GBSeq_organism>
 <GBSeq_organism>Candida sequanensis</GBSeq_organism>
 <GBSeq_organism>Candida pyralidae</GBSeq_organism>
 <GBSeq_organism>Candida kunorum</GBSeq_organism>
 <GBSeq_organism>Candida sojae</GBSeq_organism>
 <GBSeq_organism>Candida rhagii</GBSeq_organism>
 <GBSeq_organism>Candida austromarina</GBSeq_organism>
 <GBSeq_organism>Candida yuchorum</GBSeq_organism>
 <GBSeq_organism>Candida maxii</GBSeq_organism>
 <GBSeq_organism>Candida kruisii</GBSeq_organism>
 <GBSeq_organism>Candida xylopsoci</GBSeq_organism>
 <GBSeq_organism>Candida choctaworum</GBSeq_organism>
 <GBSeq_organism>Candida guaymorum</GBSeq_organism>
 <GBSeq_organism>Candida albicans</GBSeq_organism>
 <GBSeq_organism>Candida panamericana</GBSeq_organism>
 <GBSeq_organism>Candida parapsilosis</GBSeq_organism>
 <GBSeq_organism>Candida bribrorum</GBSeq_organism>
 <GBSeq_organism>Candida sake</GBSeq_organism>
 <GBSeq_organism>Candida etchellsii</GBSeq_organism>
 <GBSeq_organism>Candida fennica</GBSeq_organism>
