 <GBSeq_organism>Ochrobactrum grignonense</GBSeq_organism>
 <GBSeq_organism>Aminobacter lissarensis</GBSeq_organism>
 <GBSeq_organism>Zoogloea ramigera</GBSeq_organism>
 <GBSeq_organism>Aquamicrobium defluvii</GBSeq_organism>
 <GBSeq_organism>Bradyrhizobium japonicum USDA 6</GBSeq_organism>
 <GBSeq_organism>Ochrobactrum cytisi</GBSeq_organism>
 <GBSeq_organism>Shinella kummerowiae</GBSeq_organism>
 <GBSeq_organism>Aquamicrobium lusatiense</GBSeq_organism>
 <GBSeq_organism>Phyllobacterium trifolii</GBSeq_organism>
 <GBSeq_organism>Rhizobium etli</GBSeq_organism>
 <GBSeq_organism>Brucella melitensis biovar Melitensis</GBSeq_organism>
 <GBSeq_organism>Agrobacterium vitis</GBSeq_organism>
 <GBSeq_organism>Mesorhizobium loti ATCC 33669</GBSeq_organism>
 <GBSeq_organism>Rhizobium undicola</GBSeq_organism>
 <GBSeq_organism>Agrobacterium tumefaciens</GBSeq_organism>
 <GBSeq_organism>Mycoplana dimorpha</GBSeq_organism>
 <GBSeq_organism>Sinorhizobium fredii</GBSeq_organism>
 <GBSeq_organism>Mycoplana ramosa</GBSeq_organism>
 <GBSeq_organism>Shinella granuli</GBSeq_organism>
 <GBSeq_organism>Ochrobactrum anthropi</GBSeq_organism>
 <GBSeq_organism>Agrobacterium rubi</GBSeq_organism>
