 <GBSeq_organism>Escherichia coli DSM 30083 = JCM 1649 = ATCC 11775</GBSeq_organism>
 <GBSeq_organism>Halobacillus profundi</GBSeq_organism>
 <GBSeq_organism>Paenibacillus macquariensis subsp. macquariensis</GBSeq_organism>
 <GBSeq_organism>Paenibacillus larvae subsp. larvae</GBSeq_organism>
 <GBSeq_organism>Halobacillus karajensis</GBSeq_organism>
 <GBSeq_organism>Bacillus amyloliquefaciens DSM 7</GBSeq_organism>
 <GBSeq_organism>Paenibacillus validus</GBSeq_organism>
 <GBSeq_organism>Bacillus megaterium</GBSeq_organism>
 <GBSeq_organism>Paenibacillus granivorans</GBSeq_organism>
 <GBSeq_organism>Paenibacillus amylolyticus</GBSeq_organism>
 <GBSeq_organism>Bacillus subtilis</GBSeq_organism>
 <GBSeq_organism>Bacillus simplex</GBSeq_organism>
 <GBSeq_organism>Paenibacillus mucilaginosus</GBSeq_organism>
 <GBSeq_organism>Paenibacillus mucilaginosus</GBSeq_organism>
 <GBSeq_organism>Paenibacillus durus</GBSeq_organism>
 <GBSeq_organism>Paenibacillus mucilaginosus</GBSeq_organism>
 <GBSeq_organism>Paenibacillus campinasensis</GBSeq_organism>
 <GBSeq_organism>Paenibacillus chibensis</GBSeq_organism>
 <GBSeq_organism>Paenibacillus chinjuensis</GBSeq_organism>
 <GBSeq_organism>Paenibacillus macerans</GBSeq_organism>
 <GBSeq_organism>Paenibacillus ginsengihumi DSM 21568</GBSeq_organism>
 <GBSeq_organism>Paenibacillus edaphicus</GBSeq_organism>
 <GBSeq_organism>Alicyclobacillus tolerans</GBSeq_organism>
 <GBSeq_organism>Amphibacillus diazotrophicus</GBSeq_organism>
 <GBSeq_organism>Paenibacillus koreensis</GBSeq_organism>
 <GBSeq_organism>Paenibacillus glucanolyticus</GBSeq_organism>
 <GBSeq_organism>Paenibacillus mucilaginosus</GBSeq_organism>
 <GBSeq_organism>Paenibacillus mucilaginosus KNP414</GBSeq_organism>
 <GBSeq_organism>Bacillus azotoformans LMG 9581</GBSeq_organism>
 <GBSeq_organism>Paenibacillus ehimensis</GBSeq_organism>
 <GBSeq_organism>Bacillus licheniformis</GBSeq_organism>
 <GBSeq_organism>Bacillus circulans</GBSeq_organism>
 <GBSeq_organism>Paenibacillus naphthalenovorans</GBSeq_organism>
 <GBSeq_organism>Amphibacillus fermentum</GBSeq_organism>
