 <GBSeq_organism>Planosporangium flavigriseum</GBSeq_organism>
 <GBSeq_organism>Catellatospora citrea subsp. citrea</GBSeq_organism>
 <GBSeq_organism>Nocardia asteroides NBRC 15531</GBSeq_organism>
 <GBSeq_organism>Dactylosporangium aurantiacum</GBSeq_organism>
 <GBSeq_organism>Rugosimonospora africana</GBSeq_organism>
 <GBSeq_organism>Catellatospora methionotrophica</GBSeq_organism>
 <GBSeq_organism>Polymorphospora rubra</GBSeq_organism>
 <GBSeq_organism>Catellatospora chokoriensis</GBSeq_organism>
 <GBSeq_organism>Hamadaea tsunoensis</GBSeq_organism>
 <GBSeq_organism>Plantactinospora mayteni</GBSeq_organism>
 <GBSeq_organism>Asanoa ferruginea</GBSeq_organism>
 <GBSeq_organism>Pilimelia terevasa</GBSeq_organism>
 <GBSeq_organism>Couchioplanes caeruleus</GBSeq_organism>
 <GBSeq_organism>Allocatelliglobosispora scoriae</GBSeq_organism>
 <GBSeq_organism>Catellatospora bangladeshensis</GBSeq_organism>
 <GBSeq_organism>Spirilliplanes yamanashiensis</GBSeq_organism>
 <GBSeq_organism>Krasilnikovia cinnamomea</GBSeq_organism>
 <GBSeq_organism>Salinispora arenicola ATCC BAA-917</GBSeq_organism>
 <GBSeq_organism>Catenuloplanes japonicus JCM 9106</GBSeq_organism>
 <GBSeq_organism>Micromonospora chalcea</GBSeq_organism>
 <GBSeq_organism>Luedemannella helvata</GBSeq_organism>
 <GBSeq_organism>Catellatospora coxensis</GBSeq_organism>
 <GBSeq_organism>Plantactinospora siamensis</GBSeq_organism>
 <GBSeq_organism>Verrucosispora gifhornensis</GBSeq_organism>
 <GBSeq_organism>Rugosimonospora acidiphila</GBSeq_organism>
