 <GBSeq_organism>Meira geulakonigii</GBSeq_organism>
 <GBSeq_organism>Sporisorium culmiperdum</GBSeq_organism>
 <GBSeq_organism>Ustilago affinis</GBSeq_organism>
 <GBSeq_organism>Malassezia furfur</GBSeq_organism>
 <GBSeq_organism>Urocystis ranunculi</GBSeq_organism>
 <GBSeq_organism>Farysia chardoniana</GBSeq_organism>
 <GBSeq_organism>Thecaphora amaranthi</GBSeq_organism>
 <GBSeq_organism>Exobasidium arescens</GBSeq_organism>
 <GBSeq_organism>Exobasidium rhododendri</GBSeq_organism>
 <GBSeq_organism>Exobasidium karstenii</GBSeq_organism>
 <GBSeq_organism>Clinoconidium bullatum</GBSeq_organism>
 <GBSeq_organism>Doassansiopsis limnocharidis</GBSeq_organism>
 <GBSeq_organism>Sporisorium sorghi</GBSeq_organism>
 <GBSeq_organism>Kordyana celebensis</GBSeq_organism>
 <GBSeq_organism>Exobasidium oxycocci</GBSeq_organism>
 <GBSeq_organism>Exobasidium gracile</GBSeq_organism>
 <GBSeq_organism>Meira argovae</GBSeq_organism>
 <GBSeq_organism>Exobasidium shiraianum</GBSeq_organism>
 <GBSeq_organism>Acaromyces ingoldii</GBSeq_organism>
 <GBSeq_organism>Exobasidium pieridis-ovalifoliae</GBSeq_organism>
 <GBSeq_organism>Exobasidium japonicum</GBSeq_organism>
 <GBSeq_organism>Pseudozyma prolifica</GBSeq_organism>
 <GBSeq_organism>Thecaphora seminis-convolvuli</GBSeq_organism>
 <GBSeq_organism>Exobasidium reticulatum</GBSeq_organism>
 <GBSeq_organism>Schizonella melanogramma</GBSeq_organism>
 <GBSeq_organism>Ustilago spermophora</GBSeq_organism>
 <GBSeq_organism>Doassansiopsis deformans</GBSeq_organism>
 <GBSeq_organism>Ustacystis waldsteiniae</GBSeq_organism>
 <GBSeq_organism>Exobasidium yoshinagae</GBSeq_organism>
 <GBSeq_organism>Dicellomyces scirpi</GBSeq_organism>
 <GBSeq_organism>Exobasidium bisporum</GBSeq_organism>
 <GBSeq_organism>Muribasidiospora indica</GBSeq_organism>
 <GBSeq_organism>Urocystis colchici</GBSeq_organism>
 <GBSeq_organism>Mundkurella kalopanacis</GBSeq_organism>
 <GBSeq_organism>Exobasidium symploci-japonicae</GBSeq_organism>
 <GBSeq_organism>Exobasidium myrtilli</GBSeq_organism>
 <GBSeq_organism>Tolyposporium junci</GBSeq_organism>
 <GBSeq_organism>Melanotaenium euphorbiae</GBSeq_organism>
 <GBSeq_organism>Coniodictyum chevalieri</GBSeq_organism>
 <GBSeq_organism>Exobasidium sundstroemii</GBSeq_organism>
 <GBSeq_organism>Exobasidium rostrupii</GBSeq_organism>
 <GBSeq_organism>Arcticomyces warmingii</GBSeq_organism>
 <GBSeq_organism>Malassezia slooffiae</GBSeq_organism>
 <GBSeq_organism>Exobasidium vaccinii</GBSeq_organism>
 <GBSeq_organism>Pseudozyma flocculosa</GBSeq_organism>
