 <GBSeq_organism>Achromobacter xylosoxidans</GBSeq_organism>
 <GBSeq_organism>Bordetella pertussis</GBSeq_organism>
 <GBSeq_organism>Taylorella equigenitalis ATCC 35865</GBSeq_organism>
 <GBSeq_organism>Kerstersia gyiorum</GBSeq_organism>
 <GBSeq_organism>Bordetella petrii</GBSeq_organism>
 <GBSeq_organism>Castellaniella defragrans</GBSeq_organism>
 <GBSeq_organism>Bordetella bronchiseptica</GBSeq_organism>
 <GBSeq_organism>Pelistega europaea</GBSeq_organism>
 <GBSeq_organism>Bordetella holmesii ATCC 51541</GBSeq_organism>
 <GBSeq_organism>Pigmentiphaga kullae</GBSeq_organism>
 <GBSeq_organism>Bordetella avium</GBSeq_organism>
 <GBSeq_organism>Bordetella trematum</GBSeq_organism>
 <GBSeq_organism>Paucimonas lemoignei</GBSeq_organism>
 <GBSeq_organism>Pandoraea apista</GBSeq_organism>
 <GBSeq_organism>Kerstersia similis</GBSeq_organism>
 <GBSeq_organism>Burkholderia cepacia</GBSeq_organism>
 <GBSeq_organism>Bordetella parapertussis</GBSeq_organism>
 <GBSeq_organism>Bordetella hinzii LMG 13501</GBSeq_organism>
 <GBSeq_organism>Achromobacter xylosoxidans</GBSeq_organism>
 <GBSeq_organism>Zoogloea ramigera</GBSeq_organism>
