 <GBSeq_organism>Gordonia desulfuricans</GBSeq_organism>
 <GBSeq_organism>Gordonia bronchialis DSM 43247</GBSeq_organism>
 <GBSeq_organism>Gordonia alkanivorans</GBSeq_organism>
 <GBSeq_organism>Gordonia effusa</GBSeq_organism>
 <GBSeq_organism>Gordonia terrae</GBSeq_organism>
 <GBSeq_organism>Gordonia aichiensis</GBSeq_organism>
 <GBSeq_organism>Gordonia rubripertincta</GBSeq_organism>
 <GBSeq_organism>Gordonia malaquae</GBSeq_organism>
 <GBSeq_organism>Gordonia sputi</GBSeq_organism>
 <GBSeq_organism>Gordonia amarae</GBSeq_organism>
 <GBSeq_organism>Gordonia otitidis NBRC 100426</GBSeq_organism>
 <GBSeq_organism>Gordonia araii NBRC 100433</GBSeq_organism>
 <GBSeq_organism>Gordonia westfalica</GBSeq_organism>
 <GBSeq_organism>Gordonia soli</GBSeq_organism>
 <GBSeq_organism>Gordonia sihwensis</GBSeq_organism>
 <GBSeq_organism>Gordonia hirsuta DSM 44140 = NBRC 16056</GBSeq_organism>
 <GBSeq_organism>Gordonia defluvii</GBSeq_organism>
 <GBSeq_organism>Gordonia paraffinivorans</GBSeq_organism>
 <GBSeq_organism>Gordonia hydrophobica</GBSeq_organism>
 <GBSeq_organism>Gordonia polyisoprenivorans</GBSeq_organism>
 <GBSeq_organism>Gordonia namibiensis NBRC 108229</GBSeq_organism>
 <GBSeq_organism>Gordonia sinesedis</GBSeq_organism>
 <GBSeq_organism>Gordonia amicalis</GBSeq_organism>
