 <GBSeq_organism>Leptothrix mobilis</GBSeq_organism>
 <GBSeq_organism>Ideonella dechloratans</GBSeq_organism>
 <GBSeq_organism>Aquabacterium parvum</GBSeq_organism>
 <GBSeq_organism>Xylophilus ampelinus</GBSeq_organism>
 <GBSeq_organism>Rubrivivax gelatinosus</GBSeq_organism>
 <GBSeq_organism>Tepidimonas ignava</GBSeq_organism>
 <GBSeq_organism>Paucibacter toxinivorans</GBSeq_organism>
 <GBSeq_organism>Rhizobacter fulvus</GBSeq_organism>
 <GBSeq_organism>Thiomonas thermosulfata</GBSeq_organism>
 <GBSeq_organism>Aquabacterium commune</GBSeq_organism>
 <GBSeq_organism>Roseateles depolymerans</GBSeq_organism>
 <GBSeq_organism>Tepidimonas taiwanensis</GBSeq_organism>
 <GBSeq_organism>Tepidimonas arfidensis</GBSeq_organism>
 <GBSeq_organism>Leptothrix discophora</GBSeq_organism>
 <GBSeq_organism>Thiomonas cuprina</GBSeq_organism>
 <GBSeq_organism>Tepidimonas aquatica</GBSeq_organism>
 <GBSeq_organism>Leptothrix cholodnii</GBSeq_organism>
 <GBSeq_organism>Thiomonas arsenivorans</GBSeq_organism>
 <GBSeq_organism>Thiomonas perometabolis</GBSeq_organism>
 <GBSeq_organism>Sphaerotilus natans</GBSeq_organism>
 <GBSeq_organism>Aquabacterium citratiphilum</GBSeq_organism>
