 <GBSeq_organism>Methylobacterium suomiense</GBSeq_organism>
 <GBSeq_organism>Bosea eneae 34614</GBSeq_organism>
 <GBSeq_organism>Methylobacterium rhodesianum</GBSeq_organism>
 <GBSeq_organism>Bosea vestrisii 34635</GBSeq_organism>
 <GBSeq_organism>Methylobacterium aquaticum</GBSeq_organism>
 <GBSeq_organism>Methylobacterium fujisawaense</GBSeq_organism>
 <GBSeq_organism>Methylobacterium extorquens</GBSeq_organism>
 <GBSeq_organism>Methylobacterium hispanicum</GBSeq_organism>
 <GBSeq_organism>Methylobacterium nodulans ORS 2060</GBSeq_organism>
 <GBSeq_organism>Methylobacterium isbiliense</GBSeq_organism>
 <GBSeq_organism>Salinarimonas rosea</GBSeq_organism>
 <GBSeq_organism>Methylobacterium mesophilicum</GBSeq_organism>
 <GBSeq_organism>Bosea thiooxidans</GBSeq_organism>
 <GBSeq_organism>Bosea massiliensis 63287</GBSeq_organism>
 <GBSeq_organism>Bosea minatitlanensis</GBSeq_organism>
 <GBSeq_organism>Chelatococcus asaccharovorans</GBSeq_organism>
 <GBSeq_organism>Microvirga subterranea</GBSeq_organism>
 <GBSeq_organism>Methylobacterium organophilum</GBSeq_organism>
 <GBSeq_organism>Methylobacterium populi BJ001</GBSeq_organism>
 <GBSeq_organism>Methylobacterium extorquens DM4</GBSeq_organism>
 <GBSeq_organism>Methylobacterium oryzae CBMB20</GBSeq_organism>
 <GBSeq_organism>Methylobacterium thiocyanatum</GBSeq_organism>
 <GBSeq_organism>Bradyrhizobium betae</GBSeq_organism>
 <GBSeq_organism>Methylobacterium salsuginis</GBSeq_organism>
 <GBSeq_organism>Methylobacterium aminovorans</GBSeq_organism>
 <GBSeq_organism>Methylobacterium variabile</GBSeq_organism>
 <GBSeq_organism>Methylobacterium rhodinum</GBSeq_organism>
 <GBSeq_organism>Methylobacterium lusitanum</GBSeq_organism>
 <GBSeq_organism>Chelatococcus daeguensis</GBSeq_organism>
