 <GBSeq_organism>Sphingomonas jaspsi</GBSeq_organism>
 <GBSeq_organism>Sphingomonas phyllosphaerae</GBSeq_organism>
 <GBSeq_organism>Sphingomonas azotifigens</GBSeq_organism>
 <GBSeq_organism>Sphingomonas mucosissima</GBSeq_organism>
 <GBSeq_organism>Sphingomonas roseiflava</GBSeq_organism>
 <GBSeq_organism>Sphingomonas faeni</GBSeq_organism>
 <GBSeq_organism>Sphingomonas pituitosa</GBSeq_organism>
 <GBSeq_organism>Sphingomonas soli</GBSeq_organism>
 <GBSeq_organism>Sphingomonas pruni</GBSeq_organism>
 <GBSeq_organism>Sphingomonas japonica</GBSeq_organism>
 <GBSeq_organism>Sphingomonas trueperi</GBSeq_organism>
 <GBSeq_organism>Sphingomonas desiccabilis</GBSeq_organism>
 <GBSeq_organism>Sphingomonas panni</GBSeq_organism>
 <GBSeq_organism>Sphingomonas xinjiangensis</GBSeq_organism>
 <GBSeq_organism>Sphingomonas aestuarii</GBSeq_organism>
 <GBSeq_organism>Sphingomonas mali</GBSeq_organism>
 <GBSeq_organism>Sphingomonas insulae</GBSeq_organism>
 <GBSeq_organism>Sphingomonas asaccharolytica</GBSeq_organism>
 <GBSeq_organism>Sphingobium suberifaciens</GBSeq_organism>
 <GBSeq_organism>Sphingomonas aquatilis</GBSeq_organism>
 <GBSeq_organism>Sphingomonas aurantiaca</GBSeq_organism>
 <GBSeq_organism>Sphingomonas sanguinis</GBSeq_organism>
 <GBSeq_organism>Sphingomonas aerolata</GBSeq_organism>
 <GBSeq_organism>Sphingomonas changbaiensis NBRC 104936</GBSeq_organism>
 <GBSeq_organism>Sphingomonas yunnanensis</GBSeq_organism>
 <GBSeq_organism>Sphingomonas hankookensis</GBSeq_organism>
 <GBSeq_organism>Sphingomonas kaistensis</GBSeq_organism>
 <GBSeq_organism>Sphingomonas histidinilytica</GBSeq_organism>
 <GBSeq_organism>Sphingomonas parapaucimobilis</GBSeq_organism>
 <GBSeq_organism>Sphingomonas koreensis</GBSeq_organism>
 <GBSeq_organism>Sphingomonas fennica</GBSeq_organism>
 <GBSeq_organism>Sphingomonas paucimobilis</GBSeq_organism>
