 <GBSeq_organism>Acetobacter orientalis</GBSeq_organism>
 <GBSeq_organism>Acidisoma tundrae</GBSeq_organism>
 <GBSeq_organism>Acetobacter aceti NBRC 14818</GBSeq_organism>
 <GBSeq_organism>Roseococcus thiosulfatophilus</GBSeq_organism>
 <GBSeq_organism>Craurococcus roseus</GBSeq_organism>
 <GBSeq_organism>Acidiphilium rubrum</GBSeq_organism>
 <GBSeq_organism>Acidiphilium acidophilum</GBSeq_organism>
 <GBSeq_organism>Acetobacter lovaniensis</GBSeq_organism>
 <GBSeq_organism>Asaia siamensis</GBSeq_organism>
 <GBSeq_organism>Acidiphilium cryptum</GBSeq_organism>
 <GBSeq_organism>Asaia bogorensis</GBSeq_organism>
 <GBSeq_organism>Gluconacetobacter sacchari</GBSeq_organism>
 <GBSeq_organism>Acidisoma sibiricum</GBSeq_organism>
 <GBSeq_organism>Gluconacetobacter liquefaciens</GBSeq_organism>
 <GBSeq_organism>Acidocella aminolytica</GBSeq_organism>
 <GBSeq_organism>Paracraurococcus ruber</GBSeq_organism>
 <GBSeq_organism>Acidisoma sibiricum</GBSeq_organism>
 <GBSeq_organism>Acidiphilium organovorum</GBSeq_organism>
 <GBSeq_organism>Rhodopila globiformis</GBSeq_organism>
 <GBSeq_organism>Gluconacetobacter diazotrophicus PA1 5</GBSeq_organism>
 <GBSeq_organism>Roseomonas gilardii</GBSeq_organism>
