 <GBSeq_organism>Anoxybacillus sp. DR02</GBSeq_organism>
 <GBSeq_organism>Aeribacillus pallidus</GBSeq_organism>
 <GBSeq_organism>Geobacillus kaustophilus</GBSeq_organism>
 <GBSeq_organism>Geobacillus subterraneus</GBSeq_organism>
 <GBSeq_organism>Bacillus sp.</GBSeq_organism>
 <GBSeq_organism>Anoxybacillus sp. DR01</GBSeq_organism>
 <GBSeq_organism>Geobacillus toebii</GBSeq_organism>
 <GBSeq_organism>Anoxybacillus tepidamans</GBSeq_organism>
 <GBSeq_organism>Bacillus subtilis</GBSeq_organism>
 <GBSeq_organism>Caldibacillus debilis</GBSeq_organism>
 <GBSeq_organism>Anoxybacillus sp. DR04</GBSeq_organism>
 <GBSeq_organism>Aeribacillus pallidus</GBSeq_organism>
 <GBSeq_organism>Anoxybacillus rupiensis</GBSeq_organism>
 <GBSeq_organism>Anoxybacillus amylolyticus</GBSeq_organism>
 <GBSeq_organism>Geobacillus gargensis</GBSeq_organism>
 <GBSeq_organism>Geobacillus zalihae</GBSeq_organism>
 <GBSeq_organism>Anoxybacillus flavithermus subsp. flavithermus</GBSeq_organism>
 <GBSeq_organism>Geobacillus caldoxylosilyticus</GBSeq_organism>
 <GBSeq_organism>Mus musculus</GBSeq_organism>
 <GBSeq_organism>Geobacillus thermoglucosidasius</GBSeq_organism>
 <GBSeq_organism>Geobacillus thermoleovorans</GBSeq_organism>
 <GBSeq_organism>Geobacillus uzenensis</GBSeq_organism>
 <GBSeq_organism>Anoxybacillus kamchatkensis</GBSeq_organism>
 <GBSeq_organism>Geobacillus thermodenitrificans subsp. thermodenitrificans DSM 465</GBSeq_organism>
