 <GBSeq_organism>Bradyrhizobium sp. Crj-2</GBSeq_organism>
 <GBSeq_organism>Bradyrhizobium sp. Glm-5</GBSeq_organism>
 <GBSeq_organism>Bradyrhizobium sp. Pha-4</GBSeq_organism>
 <GBSeq_organism>Bradyrhizobium sp. Leb-5</GBSeq_organism>
 <GBSeq_organism>Bradyrhizobium sp. Leb-14</GBSeq_organism>
 <GBSeq_organism>Bradyrhizobium sp. Phr-5</GBSeq_organism>
 <GBSeq_organism>Bradyrhizobium sp. Pha-2</GBSeq_organism>
 <GBSeq_organism>Bradyrhizobium sp. Kus-6</GBSeq_organism>
 <GBSeq_organism>Bradyrhizobium sp. Leb-8</GBSeq_organism>
 <GBSeq_organism>Bradyrhizobium sp. Glm-3</GBSeq_organism>
 <GBSeq_organism>Bradyrhizobium sp. Pha-9</GBSeq_organism>
 <GBSeq_organism>Bradyrhizobium sp. Glm-1</GBSeq_organism>
 <GBSeq_organism>Bradyrhizobium sp. Pha-6</GBSeq_organism>
 <GBSeq_organism>Bradyrhizobium sp. Glm-5</GBSeq_organism>
 <GBSeq_organism>Bradyrhizobium sp. Leb-7</GBSeq_organism>
 <GBSeq_organism>Bradyrhizobium sp. Glm-6</GBSeq_organism>
 <GBSeq_organism>Bradyrhizobium sp. Aei-1</GBSeq_organism>
 <GBSeq_organism>Bradyrhizobium sp. Pha-10</GBSeq_organism>
 <GBSeq_organism>Bradyrhizobium sp. Pha-6</GBSeq_organism>
 <GBSeq_organism>Bradyrhizobium sp. vgs-8</GBSeq_organism>
 <GBSeq_organism>Bradyrhizobium sp. Phr-3</GBSeq_organism>
 <GBSeq_organism>Bradyrhizobium sp. Kus-5</GBSeq_organism>
 <GBSeq_organism>Bradyrhizobium sp. Phr-1</GBSeq_organism>
 <GBSeq_organism>Bradyrhizobium sp. Leb-9</GBSeq_organism>
 <GBSeq_organism>Bradyrhizobium sp. Leb-10</GBSeq_organism>
 <GBSeq_organism>Bradyrhizobium sp. vga-1</GBSeq_organism>
 <GBSeq_organism>Bradyrhizobium elkanii</GBSeq_organism>
 <GBSeq_organism>Bradyrhizobium sp. Leb-7</GBSeq_organism>
 <GBSeq_organism>Bradyrhizobium sp. Gls-1</GBSeq_organism>
 <GBSeq_organism>Bradyrhizobium liaoningense</GBSeq_organism>
 <GBSeq_organism>Bradyrhizobium japonicum</GBSeq_organism>
 <GBSeq_organism>Bradyrhizobium sp. Vgn-2</GBSeq_organism>
 <GBSeq_organism>Bradyrhizobium sp. Kus-1</GBSeq_organism>
 <GBSeq_organism>Bradyrhizobium sp. LMG 10300</GBSeq_organism>
 <GBSeq_organism>Bradyrhizobium sp. Pha-10</GBSeq_organism>
 <GBSeq_organism>Bradyrhizobium sp. Phr-7</GBSeq_organism>
 <GBSeq_organism>Bradyrhizobium elkanii</GBSeq_organism>
 <GBSeq_organism>Bradyrhizobium sp. Vgn-2</GBSeq_organism>
 <GBSeq_organism>Bradyrhizobium sp. Glm-4</GBSeq_organism>
 <GBSeq_organism>Bradyrhizobium sp. vgs-2</GBSeq_organism>
 <GBSeq_organism>Bradyrhizobium sp. Leb-13</GBSeq_organism>
 <GBSeq_organism>Bradyrhizobium sp. Pha-5</GBSeq_organism>
 <GBSeq_organism>Bradyrhizobium japonicum</GBSeq_organism>
 <GBSeq_organism>Bradyrhizobium sp. Phr-6</GBSeq_organism>
 <GBSeq_organism>Bradyrhizobium sp. Pha-2</GBSeq_organism>
 <GBSeq_organism>Bradyrhizobium sp. Leb-13</GBSeq_organism>
 <GBSeq_organism>Bradyrhizobium liaoningense</GBSeq_organism>
 <GBSeq_organism>Bradyrhizobium sp. Leb-12</GBSeq_organism>
 <GBSeq_organism>Bradyrhizobium sp. Glm-2</GBSeq_organism>
 <GBSeq_organism>Bradyrhizobium sp. Phr-4</GBSeq_organism>
 <GBSeq_organism>Bradyrhizobium sp. Kus-2</GBSeq_organism>
 <GBSeq_organism>Bradyrhizobium sp. LMG 10697</GBSeq_organism>
 <GBSeq_organism>Bradyrhizobium sp. vgs-1</GBSeq_organism>
 <GBSeq_organism>Bradyrhizobium sp. vgn-3</GBSeq_organism>
 <GBSeq_organism>Bradyrhizobium sp. LMG 15404</GBSeq_organism>
 <GBSeq_organism>Bradyrhizobium sp. vgs-6</GBSeq_organism>
 <GBSeq_organism>Bradyrhizobium sp. vgs-3</GBSeq_organism>
 <GBSeq_organism>Bradyrhizobium sp. NK-3</GBSeq_organism>
 <GBSeq_organism>Bradyrhizobium sp. Mes-1</GBSeq_organism>
 <GBSeq_organism>Bradyrhizobium sp. vgs-7</GBSeq_organism>
 <GBSeq_organism>Bradyrhizobium sp. vgs-4</GBSeq_organism>
 <GBSeq_organism>Bradyrhizobium sp. Crj-2</GBSeq_organism>
 <GBSeq_organism>Bradyrhizobium sp. vgs-1</GBSeq_organism>
 <GBSeq_organism>Bradyrhizobium sp. Glm-3</GBSeq_organism>
 <GBSeq_organism>Bradyrhizobium sp. Pha-9</GBSeq_organism>
 <GBSeq_organism>Bradyrhizobium elkanii</GBSeq_organism>
 <GBSeq_organism>Bradyrhizobium sp. vgs-3</GBSeq_organism>
 <GBSeq_organism>Bradyrhizobium sp. Leb-6</GBSeq_organism>
 <GBSeq_organism>Bradyrhizobium sp. Pha-1</GBSeq_organism>
 <GBSeq_organism>Bradyrhizobium elkanii</GBSeq_organism>
 <GBSeq_organism>Bradyrhizobium sp. Leb-16</GBSeq_organism>
 <GBSeq_organism>Bradyrhizobium japonicum USDA 38</GBSeq_organism>
 <GBSeq_organism>Bradyrhizobium sp. Mes-1</GBSeq_organism>
 <GBSeq_organism>Bradyrhizobium sp. Pha-3</GBSeq_organism>
 <GBSeq_organism>Bradyrhizobium sp. Kus-3</GBSeq_organism>
 <GBSeq_organism>Bradyrhizobium sp. Pha-1</GBSeq_organism>
 <GBSeq_organism>Bradyrhizobium japonicum</GBSeq_organism>
 <GBSeq_organism>Bradyrhizobium sp. Gls-1</GBSeq_organism>
 <GBSeq_organism>Bradyrhizobium sp. Kus-3</GBSeq_organism>
 <GBSeq_organism>Bradyrhizobium sp. vgn-1</GBSeq_organism>
 <GBSeq_organism>Bradyrhizobium sp. vga-1</GBSeq_organism>
 <GBSeq_organism>Bradyrhizobium sp. NK-3</GBSeq_organism>
 <GBSeq_organism>Bradyrhizobium sp. Glm-8</GBSeq_organism>
 <GBSeq_organism>Bradyrhizobium sp. Kus-4</GBSeq_organism>
 <GBSeq_organism>Bradyrhizobium sp. Leb-11</GBSeq_organism>
 <GBSeq_organism>Bradyrhizobium japonicum</GBSeq_organism>
 <GBSeq_organism>Bradyrhizobium sp. vgn-1</GBSeq_organism>
 <GBSeq_organism>Bradyrhizobium sp. vgs-8</GBSeq_organism>
 <GBSeq_organism>Bradyrhizobium sp. Glm-4</GBSeq_organism>
 <GBSeq_organism>Bradyrhizobium sp. Pha-3</GBSeq_organism>
 <GBSeq_organism>Bradyrhizobium sp. Pha-4</GBSeq_organism>
 <GBSeq_organism>Bradyrhizobium japonicum</GBSeq_organism>
 <GBSeq_organism>Bradyrhizobium sp. Crj-1</GBSeq_organism>
 <GBSeq_organism>Bradyrhizobium sp. Kus-5</GBSeq_organism>
 <GBSeq_organism>Bradyrhizobium sp. Put-1</GBSeq_organism>
 <GBSeq_organism>Bradyrhizobium sp. Kus-1</GBSeq_organism>
 <GBSeq_organism>Bradyrhizobium sp. Phr-1</GBSeq_organism>
 <GBSeq_organism>Bradyrhizobium sp. Phr-2</GBSeq_organism>
 <GBSeq_organism>Bradyrhizobium sp. Phr-2</GBSeq_organism>
 <GBSeq_organism>Bradyrhizobium sp. Leb-11</GBSeq_organism>
 <GBSeq_organism>Bradyrhizobium japonicum</GBSeq_organism>
 <GBSeq_organism>Bradyrhizobium sp. Pha-5</GBSeq_organism>
 <GBSeq_organism>Bradyrhizobium sp. Pha-7</GBSeq_organism>
 <GBSeq_organism>Bradyrhizobium sp. Kus-6</GBSeq_organism>
 <GBSeq_organism>Bradyrhizobium sp. Glm-7</GBSeq_organism>
 <GBSeq_organism>Bradyrhizobium sp. LMG 8293</GBSeq_organism>
 <GBSeq_organism>Bradyrhizobium sp. Kus-4</GBSeq_organism>
 <GBSeq_organism>Bradyrhizobium sp. Phr-5</GBSeq_organism>
 <GBSeq_organism>Bradyrhizobium sp. vgs-6</GBSeq_organism>
 <GBSeq_organism>Bradyrhizobium sp. Leb-5</GBSeq_organism>
 <GBSeq_organism>Bradyrhizobium sp. Pha-8</GBSeq_organism>
 <GBSeq_organism>Bradyrhizobium sp. Phr-6</GBSeq_organism>
 <GBSeq_organism>Bradyrhizobium yuanmingense</GBSeq_organism>
 <GBSeq_organism>Bradyrhizobium japonicum</GBSeq_organism>
 <GBSeq_organism>Bradyrhizobium sp. Leb-12</GBSeq_organism>
 <GBSeq_organism>Bradyrhizobium sp. LMG 11950</GBSeq_organism>
 <GBSeq_organism>Bradyrhizobium sp. Glm-7</GBSeq_organism>
 <GBSeq_organism>Bradyrhizobium sp. Pha-7</GBSeq_organism>
 <GBSeq_organism>Bradyrhizobium sp. LMG 10676</GBSeq_organism>
 <GBSeq_organism>Bradyrhizobium sp. Phr-7</GBSeq_organism>
 <GBSeq_organism>Bradyrhizobium sp. vgs-4</GBSeq_organism>
 <GBSeq_organism>Bradyrhizobium sp. vgn-3</GBSeq_organism>
 <GBSeq_organism>Bradyrhizobium sp. Phr-4</GBSeq_organism>
 <GBSeq_organism>Bradyrhizobium sp. Leb-14</GBSeq_organism>
 <GBSeq_organism>Bradyrhizobium sp. Phr-3</GBSeq_organism>
 <GBSeq_organism>Bradyrhizobium sp. vgs-9</GBSeq_organism>
 <GBSeq_organism>Bradyrhizobium sp. Put-1</GBSeq_organism>
 <GBSeq_organism>Bradyrhizobium sp. Glm-8</GBSeq_organism>
 <GBSeq_organism>Bradyrhizobium sp. Leb-8</GBSeq_organism>
 <GBSeq_organism>Bradyrhizobium sp. Pha-8</GBSeq_organism>
 <GBSeq_organism>Bradyrhizobium sp. vgs-2</GBSeq_organism>
 <GBSeq_organism>Bradyrhizobium sp. Leb-9</GBSeq_organism>
 <GBSeq_organism>Bradyrhizobium elkanii</GBSeq_organism>
 <GBSeq_organism>Bradyrhizobium sp. Kus-2</GBSeq_organism>
 <GBSeq_organism>Bradyrhizobium sp. Glm-6</GBSeq_organism>
