 <GBSeq_organism>Flavobacterium xinjiangense</GBSeq_organism>
 <GBSeq_organism>Flavobacterium johnsoniae</GBSeq_organism>
 <GBSeq_organism>Flavobacterium hercynium</GBSeq_organism>
 <GBSeq_organism>Flavobacterium granuli</GBSeq_organism>
 <GBSeq_organism>Flavobacterium defluvii</GBSeq_organism>
 <GBSeq_organism>Flavobacterium micromati</GBSeq_organism>
 <GBSeq_organism>Flavobacterium saccharophilum</GBSeq_organism>
 <GBSeq_organism>Flavobacterium psychrolimnae</GBSeq_organism>
 <GBSeq_organism>Flavobacterium pectinovorum</GBSeq_organism>
 <GBSeq_organism>Flavobacterium hydatis</GBSeq_organism>
 <GBSeq_organism>Flavobacterium resistens</GBSeq_organism>
 <GBSeq_organism>Flavobacterium tegetincola</GBSeq_organism>
 <GBSeq_organism>Flavobacterium flevense</GBSeq_organism>
 <GBSeq_organism>Flavobacterium glaciei</GBSeq_organism>
 <GBSeq_organism>Flavobacterium aquatile</GBSeq_organism>
 <GBSeq_organism>Flavobacterium segetis</GBSeq_organism>
 <GBSeq_organism>Flavobacterium frigidimaris</GBSeq_organism>
 <GBSeq_organism>Flavobacterium weaverense</GBSeq_organism>
 <GBSeq_organism>Flavobacterium omnivorum</GBSeq_organism>
 <GBSeq_organism>Flavobacterium succinicans</GBSeq_organism>
 <GBSeq_organism>Flavobacterium aquidurense</GBSeq_organism>
