 <GBSeq_organism>Aliivibrio salmonicida</GBSeq_organism>
 <GBSeq_organism>Photobacterium phosphoreum</GBSeq_organism>
 <GBSeq_organism>Vibrio vulnificus NBRC 15645 = ATCC 27562</GBSeq_organism>
 <GBSeq_organism>Photobacterium frigidiphilum</GBSeq_organism>
 <GBSeq_organism>Vibrio cholerae</GBSeq_organism>
 <GBSeq_organism>Photobacterium leiognathi</GBSeq_organism>
 <GBSeq_organism>Photobacterium ganghwense</GBSeq_organism>
 <GBSeq_organism>Photobacterium angustum</GBSeq_organism>
 <GBSeq_organism>Photobacterium lipolyticum</GBSeq_organism>
 <GBSeq_organism>Vibrio parahaemolyticus</GBSeq_organism>
 <GBSeq_organism>Aliivibrio logei</GBSeq_organism>
 <GBSeq_organism>Photobacterium damselae</GBSeq_organism>
 <GBSeq_organism>Aliivibrio wodanis</GBSeq_organism>
 <GBSeq_organism>Photobacterium rosenbergii</GBSeq_organism>
 <GBSeq_organism>Photobacterium damselae subsp. damselae</GBSeq_organism>
 <GBSeq_organism>Vibrio ordalii ATCC 33509</GBSeq_organism>
 <GBSeq_organism>Photobacterium indicum</GBSeq_organism>
 <GBSeq_organism>Alteromonas macleodii</GBSeq_organism>
 <GBSeq_organism>Photobacterium profundum</GBSeq_organism>
 <GBSeq_organism>Vibrio mimicus</GBSeq_organism>
 <GBSeq_organism>Aliivibrio fischeri</GBSeq_organism>
