 <GBSeq_organism>Xanthomonas campestris</GBSeq_organism>
 <GBSeq_organism>Xanthomonas axonopodis</GBSeq_organism>
 <GBSeq_organism>hydrothermal vent eubacterium PVB_OTU_1</GBSeq_organism>
 <GBSeq_organism>hydrothermal vent eubacterium PVB_OTU_1</GBSeq_organism>
 <GBSeq_organism>Stenotrophomonas acidaminiphila</GBSeq_organism>
 <GBSeq_organism>Frateuria aurantia DSM 6220</GBSeq_organism>
 <GBSeq_organism>Thermomonas haemolytica</GBSeq_organism>
 <GBSeq_organism>Thermomonas fusca</GBSeq_organism>
 <GBSeq_organism>Thermomonas brevis</GBSeq_organism>
 <GBSeq_organism>Xylella fastidiosa</GBSeq_organism>
 <GBSeq_organism>Stenotrophomonas rhizophila</GBSeq_organism>
 <GBSeq_organism>Lysobacter sp. IB-9374</GBSeq_organism>
 <GBSeq_organism>Lysobacter enzymogenes</GBSeq_organism>
 <GBSeq_organism>Thermomonas hydrothermalis</GBSeq_organism>
 <GBSeq_organism>Xanthomonas melonis</GBSeq_organism>
 <GBSeq_organism>Lysobacter concretionis</GBSeq_organism>
 <GBSeq_organism>uncultured bacterium</GBSeq_organism>
 <GBSeq_organism>Lysobacter gummosus</GBSeq_organism>
 <GBSeq_organism>Xanthomonas sacchari</GBSeq_organism>
 <GBSeq_organism>Nevskia ramosa</GBSeq_organism>
 <GBSeq_organism>Xanthomonas codiaei</GBSeq_organism>
 <GBSeq_organism>Xanthomonas hyacinthi</GBSeq_organism>
 <GBSeq_organism>Lysobacter brunescens</GBSeq_organism>
 <GBSeq_organism>Xanthomonas albilineans</GBSeq_organism>
