 <GBSeq_organism>Bacillus pichinotyi</GBSeq_organism>
 <GBSeq_organism>Bacillus lentus</GBSeq_organism>
 <GBSeq_organism>Bacillus amyloliquefaciens DSM 7</GBSeq_organism>
 <GBSeq_organism>Filobacillus milosensis</GBSeq_organism>
 <GBSeq_organism>Bacillus fortis</GBSeq_organism>
 <GBSeq_organism>Bacillus oleronius</GBSeq_organism>
 <GBSeq_organism>Bacillus humi</GBSeq_organism>
 <GBSeq_organism>Bacillus methanolicus</GBSeq_organism>
 <GBSeq_organism>Bacillus coagulans</GBSeq_organism>
 <GBSeq_organism>Bacillus acidicola</GBSeq_organism>
 <GBSeq_organism>Bacillus subtilis</GBSeq_organism>
 <GBSeq_organism>Bacillus luciferensis</GBSeq_organism>
 <GBSeq_organism>Bacillus aquimaris</GBSeq_organism>
 <GBSeq_organism>Bacillus farraginis</GBSeq_organism>
 <GBSeq_organism>Bacillus fastidiosus</GBSeq_organism>
 <GBSeq_organism>Bacillus marisflavi</GBSeq_organism>
 <GBSeq_organism>Bacillus endophyticus</GBSeq_organism>
 <GBSeq_organism>Bacillus licheniformis</GBSeq_organism>
 <GBSeq_organism>Bacillus bataviensis LMG 21833</GBSeq_organism>
 <GBSeq_organism>Bacillus sporothermodurans</GBSeq_organism>
 <GBSeq_organism>Bacillus galactosidilyticus</GBSeq_organism>
 <GBSeq_organism>Bacillus isabeliae</GBSeq_organism>
 <GBSeq_organism>Bacillus fordii</GBSeq_organism>
 <GBSeq_organism>Bacillus benzoevorans</GBSeq_organism>
