 <GBSeq_organism>Rhizobium tropici</GBSeq_organism>
 <GBSeq_organism>Mesorhizobium opportunistum WSM2075</GBSeq_organism>
 <GBSeq_organism>Mesorhizobium temperatum</GBSeq_organism>
 <GBSeq_organism>Rhizobium leguminosarum bv. trifolii</GBSeq_organism>
 <GBSeq_organism>Mesorhizobium ciceri</GBSeq_organism>
 <GBSeq_organism>Bradyrhizobium elkanii</GBSeq_organism>
 <GBSeq_organism>Mesorhizobium plurifarium</GBSeq_organism>
 <GBSeq_organism>Mesorhizobium ciceri biovar biserrulae</GBSeq_organism>
 <GBSeq_organism>Bradyrhizobium japonicum</GBSeq_organism>
 <GBSeq_organism>Mesorhizobium sp. WSM2074</GBSeq_organism>
 <GBSeq_organism>Mesorhizobium thiogangeticum</GBSeq_organism>
 <GBSeq_organism>Sinorhizobium saheli</GBSeq_organism>
 <GBSeq_organism>Sinorhizobium xinjiangense</GBSeq_organism>
 <GBSeq_organism>Neorhizobium galegae</GBSeq_organism>
 <GBSeq_organism>Sinorhizobium terangae</GBSeq_organism>
 <GBSeq_organism>Rhizobium etli CFN 42</GBSeq_organism>
 <GBSeq_organism>Rhizobium leguminosarum bv. viciae USDA 2370</GBSeq_organism>
 <GBSeq_organism>Neorhizobium huautlense</GBSeq_organism>
 <GBSeq_organism>Mesorhizobium loti</GBSeq_organism>
 <GBSeq_organism>Mesorhizobium mediterraneum</GBSeq_organism>
 <GBSeq_organism>Biserrula isolate</GBSeq_organism>
 <GBSeq_organism>Biserrula isolate</GBSeq_organism>
 <GBSeq_organism>Rhizobium leguminosarum bv. phaseoli</GBSeq_organism>
 <GBSeq_organism>Mesorhizobium sp. WSM2076</GBSeq_organism>
 <GBSeq_organism>Mesorhizobium chacoense</GBSeq_organism>
 <GBSeq_organism>Mesorhizobium huakuii</GBSeq_organism>
 <GBSeq_organism>Rhizobium mongolense USDA 1844</GBSeq_organism>
 <GBSeq_organism>Mesorhizobium tianshanense</GBSeq_organism>
 <GBSeq_organism>Sinorhizobium meliloti</GBSeq_organism>
 <GBSeq_organism>Biserrula isolate</GBSeq_organism>
 <GBSeq_organism>Mesorhizobium australicum WSM2073</GBSeq_organism>
 <GBSeq_organism>Mesorhizobium albiziae</GBSeq_organism>
 <GBSeq_organism>Rhizobium gallicum</GBSeq_organism>
 <GBSeq_organism>Rhizobium hainanense</GBSeq_organism>
