 <GBSeq_organism>Azospirillum melinis</GBSeq_organism>
 <GBSeq_organism>uncultured bacterium</GBSeq_organism>
 <GBSeq_organism>Rhodothalassium salexigens</GBSeq_organism>
 <GBSeq_organism>Azospirillum canadense</GBSeq_organism>
 <GBSeq_organism>Magnetospirillum magneticum AMB-1</GBSeq_organism>
 <GBSeq_organism>Azospirillum lipoferum</GBSeq_organism>
 <GBSeq_organism>Rhodospirillum centenum</GBSeq_organism>
 <GBSeq_organism>Rhodospirillum rubrum ATCC 11170</GBSeq_organism>
 <GBSeq_organism>Azospirillum halopraeferens</GBSeq_organism>
 <GBSeq_organism>Azospirillum brasilense</GBSeq_organism>
 <GBSeq_organism>Rhodovibrio salinarum</GBSeq_organism>
 <GBSeq_organism>Stella vacuolata</GBSeq_organism>
 <GBSeq_organism>Azospirillum oryzae</GBSeq_organism>
 <GBSeq_organism>Skermanella parooensis</GBSeq_organism>
 <GBSeq_organism>Skermanella aerolata KACC 11604</GBSeq_organism>
 <GBSeq_organism>uncultured bacterium</GBSeq_organism>
 <GBSeq_organism>Nitrospirillum amazonense</GBSeq_organism>
 <GBSeq_organism>Azospirillum doebereinerae</GBSeq_organism>
 <GBSeq_organism>Azospirillum largimobile</GBSeq_organism>
 <GBSeq_organism>Stella humosa</GBSeq_organism>
 <GBSeq_organism>Skermanella xinjiangensis</GBSeq_organism>
 <GBSeq_organism>Rhodocista pekingensis</GBSeq_organism>
 <GBSeq_organism>uncultured alpha proteobacterium</GBSeq_organism>
