 <GBSeq_organism>Micrococcus luteus</GBSeq_organism>
 <GBSeq_organism>Streptosporangium roseum DSM 43021</GBSeq_organism>
 <GBSeq_organism>Dermabacter hominis</GBSeq_organism>
 <GBSeq_organism>Glycomyces harbinensis</GBSeq_organism>
 <GBSeq_organism>Sporichthya polymorpha DSM 43042</GBSeq_organism>
 <GBSeq_organism>Nocardia asteroides NBRC 15531</GBSeq_organism>
 <GBSeq_organism>Streptomyces albus subsp. albus</GBSeq_organism>
 <GBSeq_organism>Actinosynnema mirum</GBSeq_organism>
 <GBSeq_organism>Nocardiopsis dassonvillei</GBSeq_organism>
 <GBSeq_organism>Propionibacterium freudenreichii</GBSeq_organism>
 <GBSeq_organism>Corynebacterium diphtheriae</GBSeq_organism>
 <GBSeq_organism>Bogoriella caseilytica</GBSeq_organism>
 <GBSeq_organism>Thermomonospora curvata</GBSeq_organism>
 <GBSeq_organism>Brevibacterium linens</GBSeq_organism>
 <GBSeq_organism>Cellulomonas flavigena DSM 20109</GBSeq_organism>
 <GBSeq_organism>Micromonospora chalcea</GBSeq_organism>
 <GBSeq_organism>Modestobacter multiseptatus</GBSeq_organism>
 <GBSeq_organism>Nocardioides albus</GBSeq_organism>
 <GBSeq_organism>Dietzia maris</GBSeq_organism>
 <GBSeq_organism>Gordonia bronchialis DSM 43247</GBSeq_organism>
 <GBSeq_organism>Geodermatophilus obscurus DSM 43160</GBSeq_organism>
 <GBSeq_organism>bacterium Ellin5062</GBSeq_organism>
 <GBSeq_organism>Jonesia denitrificans DSM 20603</GBSeq_organism>
 <GBSeq_organism>Cryptosporangium arvum DSM 44712</GBSeq_organism>
 <GBSeq_organism>Kineococcus aurantiacus</GBSeq_organism>
 <GBSeq_organism>bacterium Ellin5116</GBSeq_organism>
 <GBSeq_organism>Microbacterium lacticum</GBSeq_organism>
 <GBSeq_organism>Dermatophilus congolensis DSM 44180 = NBRC 105199</GBSeq_organism>
 <GBSeq_organism>Nakamurella multipartita DSM 44233</GBSeq_organism>
 <GBSeq_organism>bacterium Ellin5119</GBSeq_organism>
 <GBSeq_organism>Pseudonocardia thermophila</GBSeq_organism>
 <GBSeq_organism>Blastococcus aggregatus</GBSeq_organism>
 <GBSeq_organism>Kineosporia aurantiaca</GBSeq_organism>
 <GBSeq_organism>Sanguibacter keddieii DSM 10542</GBSeq_organism>
