 <GBSeq_organism>Riemerella columbina</GBSeq_organism>
 <GBSeq_organism>Chryseobacterium jeonii</GBSeq_organism>
 <GBSeq_organism>Empedobacter brevis</GBSeq_organism>
 <GBSeq_organism>Chryseobacterium scophthalmum</GBSeq_organism>
 <GBSeq_organism>Chryseobacterium balustinum</GBSeq_organism>
 <GBSeq_organism>Elizabethkingia meningoseptica</GBSeq_organism>
 <GBSeq_organism>Bacteroides fragilis</GBSeq_organism>
 <GBSeq_organism>Chryseobacterium gleum</GBSeq_organism>
 <GBSeq_organism>Riemerella anatipestifer ATCC 11845 = DSM 15868</GBSeq_organism>
 <GBSeq_organism>Chryseobacterium koreense</GBSeq_organism>
 <GBSeq_organism>Chryseobacterium indologenes</GBSeq_organism>
 <GBSeq_organism>Chryseobacterium indoltheticum</GBSeq_organism>
 <GBSeq_organism>Weeksella virosa</GBSeq_organism>
 <GBSeq_organism>Bergeyella zoohelcum</GBSeq_organism>
 <GBSeq_organism>Chryseobacterium joostei</GBSeq_organism>
 <GBSeq_organism>Chryseobacterium antarcticum</GBSeq_organism>
 <GBSeq_organism>Chryseobacterium taichungense</GBSeq_organism>
 <GBSeq_organism>Chryseobacterium daecheongense</GBSeq_organism>
 <GBSeq_organism>Epilithonimonas tenax</GBSeq_organism>
 <GBSeq_organism>Chryseobacterium defluvii</GBSeq_organism>
 <GBSeq_organism>Chryseobacterium formosense</GBSeq_organism>
