 <GBSeq_organism>Quatrionicoccus australiensis</GBSeq_organism>
 <GBSeq_organism>Propionivibrio dicarboxylicus</GBSeq_organism>
 <GBSeq_organism>Azoarcus toluclasticus</GBSeq_organism>
 <GBSeq_organism>Thauera mechernichensis</GBSeq_organism>
 <GBSeq_organism>Azonexus fungiphilus</GBSeq_organism>
 <GBSeq_organism>Azoarcus evansii</GBSeq_organism>
 <GBSeq_organism>Sterolibacterium denitrificans</GBSeq_organism>
 <GBSeq_organism>Azovibrio restrictus</GBSeq_organism>
 <GBSeq_organism>Azoarcus toluvorans</GBSeq_organism>
 <GBSeq_organism>Zoogloea resiniphila</GBSeq_organism>
 <GBSeq_organism>Thauera chlorobenzoica</GBSeq_organism>
 <GBSeq_organism>Thauera terpenica 58Eu</GBSeq_organism>
 <GBSeq_organism>Azoarcus tolulyticus</GBSeq_organism>
 <GBSeq_organism>Thauera selenatis AX</GBSeq_organism>
 <GBSeq_organism>Zoogloea ramigera</GBSeq_organism>
 <GBSeq_organism>Dechloromonas agitata</GBSeq_organism>
 <GBSeq_organism>Azoarcus anaerobius</GBSeq_organism>
 <GBSeq_organism>Azoarcus communis</GBSeq_organism>
 <GBSeq_organism>Thauera aromatica</GBSeq_organism>
 <GBSeq_organism>Thauera aminoaromatica S2</GBSeq_organism>
 <GBSeq_organism>Ferribacterium limneticum</GBSeq_organism>
 <GBSeq_organism>Thauera linaloolentis 47Lol = DSM 12138</GBSeq_organism>
 <GBSeq_organism>Rhodocyclus purpureus</GBSeq_organism>
 <GBSeq_organism>Thauera phenylacetica B4P</GBSeq_organism>
 <GBSeq_organism>Azoarcus buckelii</GBSeq_organism>
 <GBSeq_organism>Azospira oryzae</GBSeq_organism>
