 <GBSeq_organism>Methylobacterium suomiense</GBSeq_organism>
 <GBSeq_organism>Methylobacterium rhodesianum</GBSeq_organism>
 <GBSeq_organism>Methylobacterium aquaticum</GBSeq_organism>
 <GBSeq_organism>Methylobacterium fujisawaense</GBSeq_organism>
 <GBSeq_organism>Methylobacterium thiocyanatum</GBSeq_organism>
 <GBSeq_organism>Methylobacterium extorquens</GBSeq_organism>
 <GBSeq_organism>Rhodopseudomonas pseudopalustris</GBSeq_organism>
 <GBSeq_organism>Methylobacterium goesingense</GBSeq_organism>
 <GBSeq_organism>Methylobacterium brachiatum</GBSeq_organism>
 <GBSeq_organism>Methylobacterium nodulans ORS 2060</GBSeq_organism>
 <GBSeq_organism>Methylobacterium isbiliense</GBSeq_organism>
 <GBSeq_organism>Methylobacterium radiotolerans JCM 2831</GBSeq_organism>
 <GBSeq_organism>Methylobacterium hispanicum</GBSeq_organism>
 <GBSeq_organism>Methylobacterium mesophilicum</GBSeq_organism>
 <GBSeq_organism>Methylobacterium gregans</GBSeq_organism>
 <GBSeq_organism>Methylobacterium iners</GBSeq_organism>
 <GBSeq_organism>Methylobacterium aerolatum</GBSeq_organism>
 <GBSeq_organism>Methylobacterium populi BJ001</GBSeq_organism>
 <GBSeq_organism>Methylobacterium podarium</GBSeq_organism>
 <GBSeq_organism>Methylobacterium oryzae CBMB20</GBSeq_organism>
 <GBSeq_organism>Methylobacterium aminovorans</GBSeq_organism>
 <GBSeq_organism>Methylobacterium variabile</GBSeq_organism>
 <GBSeq_organism>Methylobacterium zatmanii</GBSeq_organism>
 <GBSeq_organism>Methylobacterium platani</GBSeq_organism>
 <GBSeq_organism>Methylobacterium rhodinum</GBSeq_organism>
 <GBSeq_organism>Methylobacterium phyllosphaerae</GBSeq_organism>
