 <GBSeq_organism>Homo sapiens</GBSeq_organism>
 <GBSeq_organism>Geobacter sulfurreducens PCA</GBSeq_organism>
 <GBSeq_organism>Geobacter bemidjiensis Bem</GBSeq_organism>
 <GBSeq_organism>Desulfuromonas acetoxidans</GBSeq_organism>
 <GBSeq_organism>Malonomonas rubra</GBSeq_organism>
 <GBSeq_organism>Geobacter bemidjiensis Bem</GBSeq_organism>
 <GBSeq_organism>Desulfovibrio profundus</GBSeq_organism>
 <GBSeq_organism>Geobacter psychrophilus</GBSeq_organism>
 <GBSeq_organism>Desulfosarcina variabilis</GBSeq_organism>
 <GBSeq_organism>Geobacter chapellei</GBSeq_organism>
 <GBSeq_organism>Geobacter bremensis</GBSeq_organism>
 <GBSeq_organism>Geobacter psychrophilus</GBSeq_organism>
 <GBSeq_organism>Desulfurella acetivorans A63</GBSeq_organism>
 <GBSeq_organism>Geobacter bremensis</GBSeq_organism>
 <GBSeq_organism>Geobacter chapellei</GBSeq_organism>
 <GBSeq_organism>Geobacter humireducens</GBSeq_organism>
 <GBSeq_organism>Geobacter hydrogenophilus</GBSeq_organism>
 <GBSeq_organism>Desulfuromonas acetoxidans DSM 684</GBSeq_organism>
 <GBSeq_organism>Geobacter hydrogenophilus</GBSeq_organism>
 <GBSeq_organism>Desulfobacter curvatus</GBSeq_organism>
 <GBSeq_organism>Nostoc sp. PCC 7120</GBSeq_organism>
 <GBSeq_organism>Geobacter metallireducens</GBSeq_organism>
 <GBSeq_organism>Desulfoarculus sp. BG74</GBSeq_organism>
