 <GBSeq_organism>Maribacter ulvicola</GBSeq_organism>
 <GBSeq_organism>Zobellia galactanivorans</GBSeq_organism>
 <GBSeq_organism>Maribacter arcticus</GBSeq_organism>
 <GBSeq_organism>Flagellimonas eckloniae</GBSeq_organism>
 <GBSeq_organism>Zobellia amurskyensis</GBSeq_organism>
 <GBSeq_organism>Maribacter forsetii</GBSeq_organism>
 <GBSeq_organism>Maribacter aquivivus</GBSeq_organism>
 <GBSeq_organism>Muricauda ruestringensis DSM 13258</GBSeq_organism>
 <GBSeq_organism>Costertonia aggregata</GBSeq_organism>
 <GBSeq_organism>Zobellia laminariae</GBSeq_organism>
 <GBSeq_organism>Muricauda flavescens</GBSeq_organism>
 <GBSeq_organism>Maribacter dokdonensis</GBSeq_organism>
 <GBSeq_organism>Maribacter polysiphoniae</GBSeq_organism>
 <GBSeq_organism>Maribacter sedimenticola</GBSeq_organism>
 <GBSeq_organism>Muricauda aquimarina</GBSeq_organism>
 <GBSeq_organism>Flavobacterium aquatile</GBSeq_organism>
 <GBSeq_organism>Maribacter orientalis</GBSeq_organism>
 <GBSeq_organism>Zobellia uliginosa</GBSeq_organism>
 <GBSeq_organism>Zobellia russellii</GBSeq_organism>
 <GBSeq_organism>Arenibacter latericius</GBSeq_organism>
 <GBSeq_organism>Pseudozobellia thermophila</GBSeq_organism>
 <GBSeq_organism>Robiginitalea biformata HTCC2501</GBSeq_organism>
