 <GBSeq_organism>Escherichia coli DSM 30083 = JCM 1649 = ATCC 11775</GBSeq_organism>
 <GBSeq_organism>Aeromonas jandaei</GBSeq_organism>
 <GBSeq_organism>Aeromonas eucrenophila</GBSeq_organism>
 <GBSeq_organism>Aeromonas salmonicida</GBSeq_organism>
 <GBSeq_organism>Tolumonas auensis DSM 9187</GBSeq_organism>
 <GBSeq_organism>Oceanisphaera litoralis</GBSeq_organism>
 <GBSeq_organism>Aeromonas caviae</GBSeq_organism>
 <GBSeq_organism>Aeromonas veronii</GBSeq_organism>
 <GBSeq_organism>Aeromonas media</GBSeq_organism>
 <GBSeq_organism>uncultured bacterium</GBSeq_organism>
 <GBSeq_organism>Aeromonas schubertii</GBSeq_organism>
 <GBSeq_organism>Aeromonas veronii</GBSeq_organism>
 <GBSeq_organism>Aeromonas molluscorum</GBSeq_organism>
 <GBSeq_organism>Aeromonas encheleia</GBSeq_organism>
 <GBSeq_organism>Aeromonas hydrophila</GBSeq_organism>
 <GBSeq_organism>Aeromonas popoffii</GBSeq_organism>
 <GBSeq_organism>Vibrio cholerae</GBSeq_organism>
 <GBSeq_organism>Aeromonas simiae</GBSeq_organism>
 <GBSeq_organism>Aeromonas bestiarum</GBSeq_organism>
 <GBSeq_organism>Aeromonas veronii bv. veronii</GBSeq_organism>
 <GBSeq_organism>Aeromonas sobria</GBSeq_organism>
