 <GBSeq_organism>Bifidobacterium gallicum DSM 20093 = LMG 11596</GBSeq_organism>
 <GBSeq_organism>Scardovia inopinata JCM 12537</GBSeq_organism>
 <GBSeq_organism>Parascardovia denticolens DSM 10105 = JCM 12538</GBSeq_organism>
 <GBSeq_organism>Bifidobacterium longum subsp. infantis ATCC 15697 = JCM 1222 = DSM 20088</GBSeq_organism>
 <GBSeq_organism>Bifidobacterium bohemicum</GBSeq_organism>
 <GBSeq_organism>Bifidobacterium animalis</GBSeq_organism>
 <GBSeq_organism>Bifidobacterium catenulatum DSM 16992 = JCM 1194 = LMG 11043</GBSeq_organism>
 <GBSeq_organism>Bifidobacterium dentium</GBSeq_organism>
 <GBSeq_organism>Bifidobacterium cuniculi</GBSeq_organism>
 <GBSeq_organism>Bifidobacterium thermacidophilum subsp. porcinum</GBSeq_organism>
 <GBSeq_organism>Bifidobacterium choerinum</GBSeq_organism>
 <GBSeq_organism>Bifidobacterium longum</GBSeq_organism>
 <GBSeq_organism>Bifidobacterium coryneforme</GBSeq_organism>
 <GBSeq_organism>Bifidobacterium scardovii JCM 12489 = DSM 13734</GBSeq_organism>
 <GBSeq_organism>Bifidobacterium pseudolongum subsp. globosum</GBSeq_organism>
 <GBSeq_organism>Gardnerella vaginalis ATCC 14018 = JCM 11026</GBSeq_organism>
 <GBSeq_organism>Bifidobacterium angulatum DSM 20098 = JCM 7096</GBSeq_organism>
 <GBSeq_organism>Bifidobacterium asteroides</GBSeq_organism>
 <GBSeq_organism>Bifidobacterium indicum</GBSeq_organism>
 <GBSeq_organism>Bifidobacterium pullorum</GBSeq_organism>
 <GBSeq_organism>Bifidobacterium longum subsp. suis</GBSeq_organism>
 <GBSeq_organism>Bifidobacterium breve</GBSeq_organism>
 <GBSeq_organism>Bifidobacterium thermacidophilum subsp. thermacidophilum</GBSeq_organism>
 <GBSeq_organism>Bifidobacterium minimum</GBSeq_organism>
 <GBSeq_organism>Bifidobacterium boum</GBSeq_organism>
 <GBSeq_organism>Bifidobacterium saeculare DSM 6531 = LMG 14934</GBSeq_organism>
 <GBSeq_organism>Bifidobacterium merycicum</GBSeq_organism>
 <GBSeq_organism>Aeriscardovia aeriphila</GBSeq_organism>
 <GBSeq_organism>Bifidobacterium magnum</GBSeq_organism>
 <GBSeq_organism>Bifidobacterium actinocoloniiforme DSM 22766</GBSeq_organism>
 <GBSeq_organism>Bifidobacterium bifidum ATCC 29521 = JCM 1255 = DSM 20456</GBSeq_organism>
 <GBSeq_organism>Bifidobacterium subtile</GBSeq_organism>
 <GBSeq_organism>Bifidobacterium gallinarum</GBSeq_organism>
