 <GBSeq_organism>Methylococcus capsulatus str. Bath</GBSeq_organism>
 <GBSeq_organism>Methylophaga marina</GBSeq_organism>
 <GBSeq_organism>Oceanospirillum multiglobuliferum</GBSeq_organism>
 <GBSeq_organism>Methylophaga alcalica</GBSeq_organism>
 <GBSeq_organism>Methylocaldum szegediense</GBSeq_organism>
 <GBSeq_organism>Methylophaga natronica</GBSeq_organism>
 <GBSeq_organism>Methylobacter marinus</GBSeq_organism>
 <GBSeq_organism>Methylomicrobium alcaliphilum</GBSeq_organism>
 <GBSeq_organism>Methylophaga sulfidovorans</GBSeq_organism>
 <GBSeq_organism>Methylophaga marina</GBSeq_organism>
 <GBSeq_organism>Methylobacter whittenburyi</GBSeq_organism>
 <GBSeq_organism>Methylomonas methanica</GBSeq_organism>
 <GBSeq_organism>Methylomonas scandinavica</GBSeq_organism>
 <GBSeq_organism>Methylomicrobium album BG8</GBSeq_organism>
 <GBSeq_organism>Methylophaga muralis</GBSeq_organism>
 <GBSeq_organism>Escherichia coli O157:H7</GBSeq_organism>
 <GBSeq_organism>Methylophaga aminisulfidivorans MP</GBSeq_organism>
 <GBSeq_organism>Methylocaldum tepidum</GBSeq_organism>
 <GBSeq_organism>Methylophaga thalassica</GBSeq_organism>
 <GBSeq_organism>Methylophaga marina</GBSeq_organism>
 <GBSeq_organism>Methylomicrobium pelagicum</GBSeq_organism>
