 <GBSeq_organism>Enterobacter hormaechei ATCC 49162</GBSeq_organism>
 <GBSeq_organism>Tatumella citrea</GBSeq_organism>
 <GBSeq_organism>Erwinia tasmaniensis Et1/99</GBSeq_organism>
 <GBSeq_organism>Citrobacter braakii</GBSeq_organism>
 <GBSeq_organism>Tatumella ptyseos ATCC 33301</GBSeq_organism>
 <GBSeq_organism>Pantoea eucrina</GBSeq_organism>
 <GBSeq_organism>Pantoea deleyi</GBSeq_organism>
 <GBSeq_organism>Medicago truncatula</GBSeq_organism>
 <GBSeq_organism>Tatumella morbirosei</GBSeq_organism>
 <GBSeq_organism>Pantoea oleae</GBSeq_organism>
 <GBSeq_organism>Pantoea ananatis</GBSeq_organism>
 <GBSeq_organism>Pantoea vagans</GBSeq_organism>
 <GBSeq_organism>Kluyvera intermedia</GBSeq_organism>
 <GBSeq_organism>Kosakonia cowanii</GBSeq_organism>
 <GBSeq_organism>Pantoea septica</GBSeq_organism>
 <GBSeq_organism>Pantoea cypripedii</GBSeq_organism>
 <GBSeq_organism>Tatumella punctata</GBSeq_organism>
 <GBSeq_organism>Kluyvera ascorbata ATCC 33433</GBSeq_organism>
 <GBSeq_organism>Erwinia oleae</GBSeq_organism>
 <GBSeq_organism>Anopheles gambiae</GBSeq_organism>
 <GBSeq_organism>Erwinia aphidicola</GBSeq_organism>
 <GBSeq_organism>Brenneria alni</GBSeq_organism>
 <GBSeq_organism>Kluyvera georgiana</GBSeq_organism>
 <GBSeq_organism>Erwinia tracheiphila</GBSeq_organism>
 <GBSeq_organism>Pantoea eucalypti</GBSeq_organism>
 <GBSeq_organism>Citrobacter freundii</GBSeq_organism>
 <GBSeq_organism>Tatumella terrea</GBSeq_organism>
 <GBSeq_organism>Erwinia billingiae</GBSeq_organism>
 <GBSeq_organism>Pantoea anthophila</GBSeq_organism>
 <GBSeq_organism>Pantoea brenneri</GBSeq_organism>
 <GBSeq_organism>Pantoea allii</GBSeq_organism>
 <GBSeq_organism>Caligus clemensi</GBSeq_organism>
 <GBSeq_organism>Pantoea oleae</GBSeq_organism>
 <GBSeq_organism>Erwinia papayae</GBSeq_organism>
 <GBSeq_organism>Erwinia toletana</GBSeq_organism>
 <GBSeq_organism>Citrobacter freundii ATCC 8090 = MTCC 1658</GBSeq_organism>
 <GBSeq_organism>Erwinia pyrifoliae DSM 12163</GBSeq_organism>
 <GBSeq_organism>Pantoea conspicua</GBSeq_organism>
 <GBSeq_organism>Erwinia mallotivora</GBSeq_organism>
