 <GBSeq_organism>Staphylococcus lutrae</GBSeq_organism>
 <GBSeq_organism>Staphylococcus haemolyticus</GBSeq_organism>
 <GBSeq_organism>Staphylococcus chromogenes</GBSeq_organism>
 <GBSeq_organism>Staphylococcus epidermidis</GBSeq_organism>
 <GBSeq_organism>Staphylococcus muscae</GBSeq_organism>
 <GBSeq_organism>Staphylococcus felis</GBSeq_organism>
 <GBSeq_organism>Staphylococcus aureus subsp. aureus</GBSeq_organism>
 <GBSeq_organism>Staphylococcus pseudintermedius</GBSeq_organism>
 <GBSeq_organism>Staphylococcus schleiferi</GBSeq_organism>
 <GBSeq_organism>Staphylococcus delphini</GBSeq_organism>
 <GBSeq_organism>Staphylococcus sciuri subsp. sciuri</GBSeq_organism>
 <GBSeq_organism>Staphylococcus chromogenes</GBSeq_organism>
 <GBSeq_organism>Staphylococcus saprophyticus subsp. saprophyticus ATCC 15305</GBSeq_organism>
 <GBSeq_organism>Staphylococcus microti</GBSeq_organism>
 <GBSeq_organism>Staphylococcus lutrae</GBSeq_organism>
 <GBSeq_organism>Staphylococcus intermedius NCTC 11048</GBSeq_organism>
 <GBSeq_organism>Staphylococcus schleiferi</GBSeq_organism>
 <GBSeq_organism>Staphylococcus pseudintermedius</GBSeq_organism>
 <GBSeq_organism>Staphylococcus pseudintermedius</GBSeq_organism>
 <GBSeq_organism>Staphylococcus microti</GBSeq_organism>
 <GBSeq_organism>Staphylococcus pettenkoferi</GBSeq_organism>
 <GBSeq_organism>Staphylococcus microti</GBSeq_organism>
 <GBSeq_organism>Staphylococcus aureus subsp. aureus</GBSeq_organism>
 <GBSeq_organism>Staphylococcus pettenkoferi</GBSeq_organism>
 <GBSeq_organism>Staphylococcus muscae</GBSeq_organism>
 <GBSeq_organism>Staphylococcus carnosus subsp. carnosus</GBSeq_organism>
 <GBSeq_organism>Staphylococcus intermedius NCTC 11048</GBSeq_organism>
 <GBSeq_organism>Staphylococcus schleiferi</GBSeq_organism>
 <GBSeq_organism>Staphylococcus hyicus</GBSeq_organism>
 <GBSeq_organism>Staphylococcus aureus subsp. aureus NCTC 8325</GBSeq_organism>
 <GBSeq_organism>Staphylococcus haemolyticus</GBSeq_organism>
 <GBSeq_organism>Staphylococcus epidermidis</GBSeq_organism>
 <GBSeq_organism>Staphylococcus saprophyticus subsp. saprophyticus ATCC 15305</GBSeq_organism>
 <GBSeq_organism>Staphylococcus microti</GBSeq_organism>
 <GBSeq_organism>Staphylococcus haemolyticus</GBSeq_organism>
 <GBSeq_organism>Staphylococcus carnosus</GBSeq_organism>
 <GBSeq_organism>Staphylococcus sciuri</GBSeq_organism>
 <GBSeq_organism>Staphylococcus schleiferi subsp. coagulans</GBSeq_organism>
 <GBSeq_organism>Staphylococcus hyicus</GBSeq_organism>
 <GBSeq_organism>Staphylococcus pettenkoferi</GBSeq_organism>
 <GBSeq_organism>Staphylococcus muscae</GBSeq_organism>
 <GBSeq_organism>Staphylococcus microti</GBSeq_organism>
 <GBSeq_organism>Staphylococcus hyicus</GBSeq_organism>
 <GBSeq_organism>Staphylococcus microti</GBSeq_organism>
 <GBSeq_organism>Staphylococcus saprophyticus subsp. saprophyticus ATCC 15305</GBSeq_organism>
 <GBSeq_organism>Staphylococcus felis</GBSeq_organism>
 <GBSeq_organism>Staphylococcus chromogenes</GBSeq_organism>
