 <GBSeq_organism>Pseudonocardia hydrocarbonoxydans</GBSeq_organism>
 <GBSeq_organism>Pseudonocardia spinosispora</GBSeq_organism>
 <GBSeq_organism>Pseudonocardia yunnanensis</GBSeq_organism>
 <GBSeq_organism>Kutzneria viridogrisea</GBSeq_organism>
 <GBSeq_organism>Pseudonocardia autotrophica</GBSeq_organism>
 <GBSeq_organism>Pseudonocardia zijingensis</GBSeq_organism>
 <GBSeq_organism>Pseudonocardia alni</GBSeq_organism>
 <GBSeq_organism>Pseudonocardia alaniniphila</GBSeq_organism>
 <GBSeq_organism>Pseudonocardia petroleophila</GBSeq_organism>
 <GBSeq_organism>Pseudonocardia benzenivorans</GBSeq_organism>
 <GBSeq_organism>Pseudonocardia asaccharolytica</GBSeq_organism>
 <GBSeq_organism>Pseudonocardia kongjuensis</GBSeq_organism>
 <GBSeq_organism>Pseudonocardia halophobica</GBSeq_organism>
 <GBSeq_organism>Pseudonocardia thermophila</GBSeq_organism>
 <GBSeq_organism>Kibdelosporangium aridum</GBSeq_organism>
 <GBSeq_organism>Pseudonocardia compacta</GBSeq_organism>
 <GBSeq_organism>Kutzneria kofuensis</GBSeq_organism>
 <GBSeq_organism>Pseudonocardia sulfidoxydans</GBSeq_organism>
 <GBSeq_organism>Pseudonocardia saturnea</GBSeq_organism>
 <GBSeq_organism>Pseudonocardia xinjiangensis</GBSeq_organism>
