 <GBSeq_organism>Cryptococcus neoformans var. neoformans</GBSeq_organism>
 <GBSeq_organism>Tremella taiwanensis</GBSeq_organism>
 <GBSeq_organism>Tremella brasiliensis</GBSeq_organism>
 <GBSeq_organism>Kockovaella thailandica</GBSeq_organism>
 <GBSeq_organism>Cryptococcus perniciosus</GBSeq_organism>
 <GBSeq_organism>Tremella moriformis</GBSeq_organism>
 <GBSeq_organism>Cryptococcus flavescens</GBSeq_organism>
 <GBSeq_organism>Tremella nivalis</GBSeq_organism>
 <GBSeq_organism>Tremella indecorata</GBSeq_organism>
 <GBSeq_organism>Fellomyces polyborus</GBSeq_organism>
 <GBSeq_organism>Filobasidium uniguttulatum</GBSeq_organism>
 <GBSeq_organism>Trichosporon mucoides</GBSeq_organism>
 <GBSeq_organism>Filobasidium capsuligenum</GBSeq_organism>
 <GBSeq_organism>Cryptococcus nemorosus</GBSeq_organism>
 <GBSeq_organism>Papiliotrema bandonii</GBSeq_organism>
 <GBSeq_organism>Cryptococcus victoriae</GBSeq_organism>
 <GBSeq_organism>Bulleromyces albus</GBSeq_organism>
 <GBSeq_organism>Cryptococcus laurentii</GBSeq_organism>
 <GBSeq_organism>Bullera penniseticola</GBSeq_organism>
 <GBSeq_organism>Bullera pseudoalba</GBSeq_organism>
 <GBSeq_organism>Filobasidium floriforme</GBSeq_organism>
 <GBSeq_organism>Cryptococcus cellulolyticus</GBSeq_organism>
 <GBSeq_organism>Cryptococcus aff. laurentii CBS 9007</GBSeq_organism>
 <GBSeq_organism>Sterigmatosporidium polymorphum</GBSeq_organism>
 <GBSeq_organism>Bullera unica</GBSeq_organism>
 <GBSeq_organism>Bullera globospora</GBSeq_organism>
