 <GBSeq_organism>Pseudonocardia thermophila</GBSeq_organism>
 <GBSeq_organism>Saccharomonospora viridis DSM 43017</GBSeq_organism>
 <GBSeq_organism>Saccharomonospora glauca K62</GBSeq_organism>
 <GBSeq_organism>Actinoalloteichus spitiensis RMV-1378</GBSeq_organism>
 <GBSeq_organism>Thermocrispum agreste DSM 44070</GBSeq_organism>
 <GBSeq_organism>Kutzneria viridogrisea</GBSeq_organism>
 <GBSeq_organism>Actinoalloteichus hymeniacidonis</GBSeq_organism>
 <GBSeq_organism>Saccharopolyspora gregorii</GBSeq_organism>
 <GBSeq_organism>Amycolatopsis sulphurea</GBSeq_organism>
 <GBSeq_organism>Kibdelosporangium philippinense</GBSeq_organism>
 <GBSeq_organism>Pseudonocardia autotrophica</GBSeq_organism>
 <GBSeq_organism>Saccharopolyspora erythraea NRRL 2338</GBSeq_organism>
 <GBSeq_organism>Saccharopolyspora hirsuta</GBSeq_organism>
 <GBSeq_organism>Pseudonocardia hydrocarbonoxydans</GBSeq_organism>
 <GBSeq_organism>Saccharomonospora cyanea</GBSeq_organism>
 <GBSeq_organism>Actinokineospora fastidiosa</GBSeq_organism>
 <GBSeq_organism>Streptomyces ambofaciens</GBSeq_organism>
 <GBSeq_organism>Crossiella cryophila</GBSeq_organism>
 <GBSeq_organism>Amycolatopsis orientalis</GBSeq_organism>
 <GBSeq_organism>Actinoalloteichus cyanogriseus</GBSeq_organism>
 <GBSeq_organism>Kutzneria kofuensis</GBSeq_organism>
 <GBSeq_organism>Crossiella equi</GBSeq_organism>
 <GBSeq_organism>Thermocrispum municipale DSM 44069</GBSeq_organism>
 <GBSeq_organism>Kibdelosporangium aridum</GBSeq_organism>
