 <GBSeq_organism>Pirellula staleyi DSM 6068</GBSeq_organism>
 <GBSeq_organism>Blastopirellula marina DSM 3645</GBSeq_organism>
 <GBSeq_organism>Gemmata obscuriglobus</GBSeq_organism>
 <GBSeq_organism>Candidatus Scalindua wagneri</GBSeq_organism>
 <GBSeq_organism>Candidatus Kuenenia stuttgartiensis</GBSeq_organism>
 <GBSeq_organism>Planctomyces sp.</GBSeq_organism>
 <GBSeq_organism>Isosphaera-like str. C2-3</GBSeq_organism>
 <GBSeq_organism>Gemmata-like str. JW9-3f1</GBSeq_organism>
 <GBSeq_organism>Candidatus Scalindua brodae</GBSeq_organism>
 <GBSeq_organism>Schlesneria paludicola</GBSeq_organism>
 <GBSeq_organism>Gemmata-like str. JW10-3f1</GBSeq_organism>
 <GBSeq_organism>Planctomyces sp.</GBSeq_organism>
 <GBSeq_organism>Isosphaera sp.</GBSeq_organism>
 <GBSeq_organism>Candidatus Brocadia anammoxidans</GBSeq_organism>
 <GBSeq_organism>Planctomyces brasiliensis DSM 5305</GBSeq_organism>
 <GBSeq_organism>Isosphaera pallida ATCC 43644</GBSeq_organism>
 <GBSeq_organism>Planctomyces sp.</GBSeq_organism>
 <GBSeq_organism>Planctomyces maris</GBSeq_organism>
 <GBSeq_organism>Candidatus Scalindua brodae</GBSeq_organism>
 <GBSeq_organism>Planctomyces limnophilus DSM 3776</GBSeq_organism>
 <GBSeq_organism>Planctomyces sp.</GBSeq_organism>
