 <GBSeq_organism>Bacillus amyloliquefaciens subsp. plantarum</GBSeq_organism>
 <GBSeq_organism>Bacillus amyloliquefaciens subsp. plantarum</GBSeq_organism>
 <GBSeq_organism>Bacillus amyloliquefaciens</GBSeq_organism>
 <GBSeq_organism>Bacillus subtilis subsp. subtilis</GBSeq_organism>
 <GBSeq_organism>Bacillus atrophaeus</GBSeq_organism>
 <GBSeq_organism>Bacillus vallismortis</GBSeq_organism>
 <GBSeq_organism>Bacillus amyloliquefaciens</GBSeq_organism>
 <GBSeq_organism>Bacillus amyloliquefaciens</GBSeq_organism>
 <GBSeq_organism>Bacillus atrophaeus</GBSeq_organism>
 <GBSeq_organism>Bacillus amyloliquefaciens subsp. plantarum</GBSeq_organism>
 <GBSeq_organism>Bacillus amyloliquefaciens</GBSeq_organism>
 <GBSeq_organism>Bacillus amyloliquefaciens subsp. plantarum</GBSeq_organism>
 <GBSeq_organism>Bacillus subtilis subsp. spizizenii</GBSeq_organism>
 <GBSeq_organism>Bacillus amyloliquefaciens</GBSeq_organism>
 <GBSeq_organism>Bacillus amyloliquefaciens</GBSeq_organism>
 <GBSeq_organism>Bacillus mojavensis</GBSeq_organism>
 <GBSeq_organism>Bacillus subtilis subsp. subtilis</GBSeq_organism>
 <GBSeq_organism>Bacillus subtilis subsp. subtilis</GBSeq_organism>
 <GBSeq_organism>Bacillus amyloliquefaciens</GBSeq_organism>
 <GBSeq_organism>Bacillus amyloliquefaciens</GBSeq_organism>
 <GBSeq_organism>Bacillus amyloliquefaciens</GBSeq_organism>
 <GBSeq_organism>Bacillus amyloliquefaciens</GBSeq_organism>
 <GBSeq_organism>Bacillus amyloliquefaciens</GBSeq_organism>
 <GBSeq_organism>Bacillus amyloliquefaciens</GBSeq_organism>
 <GBSeq_organism>Bacillus subtilis</GBSeq_organism>
 <GBSeq_organism>Bacillus mojavensis</GBSeq_organism>
 <GBSeq_organism>Bacillus amyloliquefaciens subsp. plantarum</GBSeq_organism>
 <GBSeq_organism>Bacillus mojavensis</GBSeq_organism>
 <GBSeq_organism>Bacillus amyloliquefaciens</GBSeq_organism>
 <GBSeq_organism>Bacillus mojavensis</GBSeq_organism>
 <GBSeq_organism>Bacillus amyloliquefaciens</GBSeq_organism>
 <GBSeq_organism>Bacillus amyloliquefaciens DSM 7</GBSeq_organism>
 <GBSeq_organism>Bacillus amyloliquefaciens</GBSeq_organism>
 <GBSeq_organism>Bacillus amyloliquefaciens</GBSeq_organism>
 <GBSeq_organism>Bacillus subtilis</GBSeq_organism>
 <GBSeq_organism>Bacillus amyloliquefaciens</GBSeq_organism>
 <GBSeq_organism>Bacillus amyloliquefaciens</GBSeq_organism>
 <GBSeq_organism>Homo sapiens</GBSeq_organism>
 <GBSeq_organism>Bacillus amyloliquefaciens</GBSeq_organism>
 <GBSeq_organism>Bacillus amyloliquefaciens</GBSeq_organism>
 <GBSeq_organism>Bacillus amyloliquefaciens</GBSeq_organism>
 <GBSeq_organism>Bacillus amyloliquefaciens</GBSeq_organism>
 <GBSeq_organism>Bacillus amyloliquefaciens</GBSeq_organism>
 <GBSeq_organism>Bacillus amyloliquefaciens</GBSeq_organism>
 <GBSeq_organism>Bacillus amyloliquefaciens subsp. plantarum</GBSeq_organism>
 <GBSeq_organism>Dendroctonus ponderosae</GBSeq_organism>
 <GBSeq_organism>Bacillus subtilis subsp. spizizenii</GBSeq_organism>
 <GBSeq_organism>Bacillus amyloliquefaciens</GBSeq_organism>
 <GBSeq_organism>Bacillus amyloliquefaciens subsp. plantarum</GBSeq_organism>
 <GBSeq_organism>Bacillus amyloliquefaciens</GBSeq_organism>
 <GBSeq_organism>Bacillus subtilis subsp. spizizenii</GBSeq_organism>
 <GBSeq_organism>Bacillus amyloliquefaciens subsp. plantarum</GBSeq_organism>
 <GBSeq_organism>Bacillus amyloliquefaciens subsp. plantarum</GBSeq_organism>
 <GBSeq_organism>Bacillus amyloliquefaciens</GBSeq_organism>
 <GBSeq_organism>Bacillus amyloliquefaciens</GBSeq_organism>
 <GBSeq_organism>Bacillus subtilis subsp. subtilis</GBSeq_organism>
 <GBSeq_organism>Bacillus amyloliquefaciens subsp. plantarum str. FZB42</GBSeq_organism>
 <GBSeq_organism>Bacillus amyloliquefaciens</GBSeq_organism>
 <GBSeq_organism>Bacillus subtilis subsp. spizizenii</GBSeq_organism>
 <GBSeq_organism>Bacillus amyloliquefaciens</GBSeq_organism>
 <GBSeq_organism>Bacillus amyloliquefaciens subsp. plantarum</GBSeq_organism>
 <GBSeq_organism>Bacillus subtilis subsp. subtilis</GBSeq_organism>
 <GBSeq_organism>Bacillus amyloliquefaciens</GBSeq_organism>
