 <GBSeq_organism>Rhodotorula sp. CRUB 1032</GBSeq_organism>
 <GBSeq_organism>Rhodotorula slooffiae</GBSeq_organism>
 <GBSeq_organism>Rhodotorula slooffiae</GBSeq_organism>
 <GBSeq_organism>Rhodotorula sp. IGC 5612</GBSeq_organism>
 <GBSeq_organism>Rhodotorula laryngis</GBSeq_organism>
 <GBSeq_organism>Rhodotorula lactosa</GBSeq_organism>
 <GBSeq_organism>Rhodotorula slooffiae</GBSeq_organism>
 <GBSeq_organism>Occultifur externus</GBSeq_organism>
 <GBSeq_organism>Sporobolomyces foliicola</GBSeq_organism>
 <GBSeq_organism>Rhodotorula minuta</GBSeq_organism>
 <GBSeq_organism>Rhodotorula pinicola</GBSeq_organism>
 <GBSeq_organism>Sakaguchia dacryoidea</GBSeq_organism>
 <GBSeq_organism>Rhodotorula minuta</GBSeq_organism>
 <GBSeq_organism>Rhodotorula pallida</GBSeq_organism>
 <GBSeq_organism>Rhodotorula laryngis</GBSeq_organism>
 <GBSeq_organism>Rhodotorula armeniaca</GBSeq_organism>
 <GBSeq_organism>Rhodotorula marina</GBSeq_organism>
 <GBSeq_organism>Sakaguchia dacryoidea</GBSeq_organism>
 <GBSeq_organism>Sakaguchia dacryoidea</GBSeq_organism>
 <GBSeq_organism>Rhodotorula minuta</GBSeq_organism>
 <GBSeq_organism>Rhodotorula pinicola</GBSeq_organism>
 <GBSeq_organism>Sporobolomyces phyllomatis</GBSeq_organism>
 <GBSeq_organism>Sporobolomyces vermiculatus</GBSeq_organism>
 <GBSeq_organism>Rhodotorula aurantiaca</GBSeq_organism>
 <GBSeq_organism>Rhodotorula sp. NRRL Y-17502</GBSeq_organism>
 <GBSeq_organism>Rhodotorula minuta</GBSeq_organism>
 <GBSeq_organism>Rhodotorula oryzicola</GBSeq_organism>
 <GBSeq_organism>Rhodotorula sp. GY28L06</GBSeq_organism>
 <GBSeq_organism>Rhodotorula slooffiae</GBSeq_organism>
 <GBSeq_organism>Rhodotorula slooffiae</GBSeq_organism>
 <GBSeq_organism>Rhodotorula sp. MARY 063</GBSeq_organism>
 <GBSeq_organism>Rhodotorula slooffiae</GBSeq_organism>
 <GBSeq_organism>Rhodotorula minuta</GBSeq_organism>
 <GBSeq_organism>Rhodotorula minuta</GBSeq_organism>
