 <GBSeq_organism>Acidithiobacillus caldus ATCC 51756</GBSeq_organism>
 <GBSeq_organism>Thermochromatium tepidum ATCC 43061</GBSeq_organism>
 <GBSeq_organism>Chromatium okenii</GBSeq_organism>
 <GBSeq_organism>Ectothiorhodospira shaposhnikovii</GBSeq_organism>
 <GBSeq_organism>Methylococcus capsulatus str. Bath</GBSeq_organism>
 <GBSeq_organism>Thiocapsa litoralis</GBSeq_organism>
 <GBSeq_organism>endosymbiont of Lamellibrachia barhami</GBSeq_organism>
 <GBSeq_organism>Nitrosococcus oceani</GBSeq_organism>
 <GBSeq_organism>Solemya pusilla gill symbiont</GBSeq_organism>
 <GBSeq_organism>Thiomicrospira crunogena</GBSeq_organism>
 <GBSeq_organism>Desulfurella acetivorans A63</GBSeq_organism>
 <GBSeq_organism>Thiomicrospira pelophila</GBSeq_organism>
 <GBSeq_organism>endosymbiont of Ridgeia piscesae</GBSeq_organism>
 <GBSeq_organism>Thiothrix nivea DSM 5205</GBSeq_organism>
 <GBSeq_organism>Achromatium oxaliferum</GBSeq_organism>
 <GBSeq_organism>Thioalkalivibrio versutus AL 2</GBSeq_organism>
 <GBSeq_organism>Beggiatoa alba</GBSeq_organism>
 <GBSeq_organism>Thiomicrospira thermophila</GBSeq_organism>
 <GBSeq_organism>Thioalkalimicrobium aerophilum AL3</GBSeq_organism>
 <GBSeq_organism>Thioploca ingrica</GBSeq_organism>
 <GBSeq_organism>Alviniconcha hessleri gill endosymbiont</GBSeq_organism>
 <GBSeq_organism>Thiothrix fructosivorans</GBSeq_organism>
 <GBSeq_organism>Riftia pachyptila trophosome symbiont</GBSeq_organism>
