 <GBSeq_organism>Idiomarina loihiensis</GBSeq_organism>
 <GBSeq_organism>Idiomarina donghaiensis</GBSeq_organism>
 <GBSeq_organism>Idiomarina fontislapidosi</GBSeq_organism>
 <GBSeq_organism>Idiomarina insulisalsae</GBSeq_organism>
 <GBSeq_organism>Idiomarina aestuarii</GBSeq_organism>
 <GBSeq_organism>Idiomarina tainanensis</GBSeq_organism>
 <GBSeq_organism>Idiomarina seosinensis</GBSeq_organism>
 <GBSeq_organism>Paraferrimonas sedimenticola</GBSeq_organism>
 <GBSeq_organism>Shewanella putrefaciens</GBSeq_organism>
 <GBSeq_organism>Thalassomonas viridans</GBSeq_organism>
 <GBSeq_organism>Moritella abyssi</GBSeq_organism>
 <GBSeq_organism>Idiomarina xiamenensis 10-D-4</GBSeq_organism>
 <GBSeq_organism>Idiomarina ramblicola</GBSeq_organism>
 <GBSeq_organism>Ferrimonas balearica DSM 9799</GBSeq_organism>
 <GBSeq_organism>Psychromonas antarctica</GBSeq_organism>
 <GBSeq_organism>Idiomarina salinarum</GBSeq_organism>
 <GBSeq_organism>Idiomarina sediminum DSM 21906</GBSeq_organism>
 <GBSeq_organism>Idiomarina zobellii</GBSeq_organism>
 <GBSeq_organism>Glaciecola punicea</GBSeq_organism>
 <GBSeq_organism>Pseudoalteromonas haloplanktis</GBSeq_organism>
 <GBSeq_organism>Idiomarina maritima</GBSeq_organism>
 <GBSeq_organism>Idiomarina marina</GBSeq_organism>
 <GBSeq_organism>Idiomarina baltica OS145</GBSeq_organism>
