 <GBSeq_organism>Myroides odoratus DSM 2801</GBSeq_organism>
 <GBSeq_organism>Flavobacterium xinjiangense</GBSeq_organism>
 <GBSeq_organism>Flavobacterium suncheonense</GBSeq_organism>
 <GBSeq_organism>Flavobacterium johnsoniae</GBSeq_organism>
 <GBSeq_organism>Flavobacterium defluvii</GBSeq_organism>
 <GBSeq_organism>Flavobacterium indicum GPTSA100-9 = DSM 17447</GBSeq_organism>
 <GBSeq_organism>Flavobacterium saliperosum</GBSeq_organism>
 <GBSeq_organism>Flavobacterium hydatis</GBSeq_organism>
 <GBSeq_organism>Flavobacterium flevense</GBSeq_organism>
 <GBSeq_organism>Capnocytophaga ochracea</GBSeq_organism>
 <GBSeq_organism>Flavobacterium soli</GBSeq_organism>
 <GBSeq_organism>Flavobacterium gelidilacus</GBSeq_organism>
 <GBSeq_organism>Flavobacterium aquatile</GBSeq_organism>
 <GBSeq_organism>Flavobacterium filum</GBSeq_organism>
 <GBSeq_organism>Flavobacterium denitrificans</GBSeq_organism>
 <GBSeq_organism>Cellulophaga fucicola</GBSeq_organism>
 <GBSeq_organism>Flavobacterium croceum</GBSeq_organism>
 <GBSeq_organism>Flavobacterium psychrophilum</GBSeq_organism>
 <GBSeq_organism>Flavobacterium columnare</GBSeq_organism>
 <GBSeq_organism>Flavobacterium hibernum</GBSeq_organism>
 <GBSeq_organism>Flavobacterium omnivorum</GBSeq_organism>
