 <GBSeq_organism>uncultured bacterium</GBSeq_organism>
 <GBSeq_organism>unidentified eubacterium clone SAR202</GBSeq_organism>
 <GBSeq_organism>Oscillochloris trichoides DG-6</GBSeq_organism>
 <GBSeq_organism>Dehalococcoides mccartyi</GBSeq_organism>
 <GBSeq_organism>uncultured eubacterium t0.6.f</GBSeq_organism>
 <GBSeq_organism>Dehalococcoides mccartyi BAV1</GBSeq_organism>
 <GBSeq_organism>Chloroflexus aurantiacus J-10-fl</GBSeq_organism>
 <GBSeq_organism>Dehalococcoides mccartyi</GBSeq_organism>
 <GBSeq_organism>uncultured eubacterium H3.93</GBSeq_organism>
 <GBSeq_organism>Dehalobium chlorocoercia DF-1</GBSeq_organism>
 <GBSeq_organism>Dehalogenimonas lykanthroporepellens BL-DC-9</GBSeq_organism>
 <GBSeq_organism>Caldilinea aerophila DSM 14535 = NBRC 104270</GBSeq_organism>
 <GBSeq_organism>uncultured Crater Lake bacterium CL500-9</GBSeq_organism>
 <GBSeq_organism>uncultured bacterium</GBSeq_organism>
 <GBSeq_organism>uncultured bacterium</GBSeq_organism>
 <GBSeq_organism>Longilinea arvoryzae</GBSeq_organism>
 <GBSeq_organism>Chloroflexus aggregans</GBSeq_organism>
 <GBSeq_organism>Anaerolinea thermophila</GBSeq_organism>
 <GBSeq_organism>Herpetosiphon geysericola</GBSeq_organism>
 <GBSeq_organism>unidentified eubacterium RFLP17</GBSeq_organism>
 <GBSeq_organism>Dehalococcoides sp. TM-EtOH</GBSeq_organism>
 <GBSeq_organism>Leptolinea tardivitalis</GBSeq_organism>
 <GBSeq_organism>uncultured sponge symbiont PAWS52f</GBSeq_organism>
 <GBSeq_organism>Levilinea saccharolytica</GBSeq_organism>
 <GBSeq_organism>Thermobaculum terrenum ATCC BAA-798</GBSeq_organism>
 <GBSeq_organism>uncultured bacterium</GBSeq_organism>
 <GBSeq_organism>uncultured bacterium</GBSeq_organism>
 <GBSeq_organism>uncultured eubacterium H1.2.f</GBSeq_organism>
 <GBSeq_organism>Sphaerobacter thermophilus DSM 20745</GBSeq_organism>
 <GBSeq_organism>Dehalococcoides mccartyi CBDB1</GBSeq_organism>
 <GBSeq_organism>Dehalogenimonas lykanthroporepellens BL-DC-9</GBSeq_organism>
 <GBSeq_organism>Bellilinea caldifistulae</GBSeq_organism>
