 <GBSeq_organism>Halomonas stenophila</GBSeq_organism>
 <GBSeq_organism>Halomonas halophila</GBSeq_organism>
 <GBSeq_organism>Halomonas koreensis</GBSeq_organism>
 <GBSeq_organism>Halomonas organivorans</GBSeq_organism>
 <GBSeq_organism>Halomonas halmophila</GBSeq_organism>
 <GBSeq_organism>Halomonas saccharevitans</GBSeq_organism>
 <GBSeq_organism>Halomonas ventosae</GBSeq_organism>
 <GBSeq_organism>Halomonas eurihalina</GBSeq_organism>
 <GBSeq_organism>Halomonas almeriensis</GBSeq_organism>
 <GBSeq_organism>Halomonas shengliensis</GBSeq_organism>
 <GBSeq_organism>Halomonas fontilapidosi</GBSeq_organism>
 <GBSeq_organism>Halomonas caseinilytica</GBSeq_organism>
 <GBSeq_organism>Halomonas mongoliensis</GBSeq_organism>
 <GBSeq_organism>Halomonas cerina</GBSeq_organism>
 <GBSeq_organism>Halomonas sabkhae</GBSeq_organism>
 <GBSeq_organism>Halomonas stenophila</GBSeq_organism>
 <GBSeq_organism>Halomonas maura</GBSeq_organism>
 <GBSeq_organism>Halomonas cupida</GBSeq_organism>
 <GBSeq_organism>Zymobacter palmae</GBSeq_organism>
 <GBSeq_organism>Halomonas salina</GBSeq_organism>
 <GBSeq_organism>Halomonas sulfidaeris Esulfide1</GBSeq_organism>
 <GBSeq_organism>Halomonas alimentaria</GBSeq_organism>
