 <GBSeq_organism>Massilia plicata</GBSeq_organism>
 <GBSeq_organism>Massilia alkalitolerans DSM 17462</GBSeq_organism>
 <GBSeq_organism>Telluria chitinolytica</GBSeq_organism>
 <GBSeq_organism>Herminiimonas arsenicoxydans</GBSeq_organism>
 <GBSeq_organism>Janthinobacterium agaricidamnosum</GBSeq_organism>
 <GBSeq_organism>Pseudoduganella violaceinigra</GBSeq_organism>
 <GBSeq_organism>Herbaspirillum frisingense GSF30</GBSeq_organism>
 <GBSeq_organism>Oxalicibacterium flavum</GBSeq_organism>
 <GBSeq_organism>Herminiimonas fonticola</GBSeq_organism>
 <GBSeq_organism>Massilia aurea</GBSeq_organism>
 <GBSeq_organism>Herminiimonas aquatilis</GBSeq_organism>
 <GBSeq_organism>Oxalobacter formigenes</GBSeq_organism>
 <GBSeq_organism>Herbaspirillum seropedicae</GBSeq_organism>
 <GBSeq_organism>Herbaspirillum huttiense subsp. putei</GBSeq_organism>
 <GBSeq_organism>Massilia albidiflava</GBSeq_organism>
 <GBSeq_organism>Massilia brevitalea</GBSeq_organism>
 <GBSeq_organism>Telluria mixta DSM 4832</GBSeq_organism>
 <GBSeq_organism>Massilia timonae</GBSeq_organism>
 <GBSeq_organism>Herbaspirillum hiltneri</GBSeq_organism>
 <GBSeq_organism>Janthinobacterium lividum</GBSeq_organism>
 <GBSeq_organism>Massilia lutea</GBSeq_organism>
 <GBSeq_organism>Herbaspirillum lusitanum P6-12</GBSeq_organism>
 <GBSeq_organism>Cupriavidus necator</GBSeq_organism>
 <GBSeq_organism>Duganella zoogloeoides</GBSeq_organism>
 <GBSeq_organism>Massilia dura</GBSeq_organism>
 <GBSeq_organism>Collimonas fungivorans</GBSeq_organism>
