 <GBSeq_organism>Mycobacterium branderi</GBSeq_organism>
 <GBSeq_organism>Mycobacterium kansasii</GBSeq_organism>
 <GBSeq_organism>Mycobacterium heckeshornense</GBSeq_organism>
 <GBSeq_organism>Rhodococcus hoagii</GBSeq_organism>
 <GBSeq_organism>Mycobacterium marinum</GBSeq_organism>
 <GBSeq_organism>Mycobacterium terrae</GBSeq_organism>
 <GBSeq_organism>Nocardia abscessus NBRC 100374</GBSeq_organism>
 <GBSeq_organism>Mycobacterium bohemicum</GBSeq_organism>
 <GBSeq_organism>Mycobacterium branderi</GBSeq_organism>
 <GBSeq_organism>Mycobacterium lacus</GBSeq_organism>
 <GBSeq_organism>Mycobacterium branderi</GBSeq_organism>
 <GBSeq_organism>Mycobacterium gastri</GBSeq_organism>
 <GBSeq_organism>Nocardia asteroides NBRC 15531</GBSeq_organism>
 <GBSeq_organism>Mycobacterium terrae</GBSeq_organism>
 <GBSeq_organism>Mycobacterium szulgai</GBSeq_organism>
 <GBSeq_organism>Mycobacterium parmense</GBSeq_organism>
 <GBSeq_organism>Mycobacterium lacus</GBSeq_organism>
 <GBSeq_organism>Mycobacterium shimoidei</GBSeq_organism>
 <GBSeq_organism>Mycobacterium ulcerans</GBSeq_organism>
 <GBSeq_organism>Mycobacterium tuberculosis subsp. tuberculosis</GBSeq_organism>
 <GBSeq_organism>Mycobacterium shimoidei</GBSeq_organism>
 <GBSeq_organism>Mycobacterium parascrofulaceum</GBSeq_organism>
 <GBSeq_organism>Mycobacterium triviale</GBSeq_organism>
 <GBSeq_organism>Mycobacterium cookii</GBSeq_organism>
 <GBSeq_organism>Mycobacterium conspicuum</GBSeq_organism>
 <GBSeq_organism>Mycobacterium kyorinense</GBSeq_organism>
 <GBSeq_organism>Mycobacterium celatum</GBSeq_organism>
 <GBSeq_organism>Mycobacterium botniense</GBSeq_organism>
 <GBSeq_organism>Mycobacterium interjectum</GBSeq_organism>
 <GBSeq_organism>Mycobacterium celatum</GBSeq_organism>
 <GBSeq_organism>Mycobacterium botniense</GBSeq_organism>
 <GBSeq_organism>Mycobacterium kubicae</GBSeq_organism>
 <GBSeq_organism>Mycobacterium heckeshornense</GBSeq_organism>
 <GBSeq_organism>Mycobacterium avium subsp. avium</GBSeq_organism>
 <GBSeq_organism>Mycobacterium nonchromogenicum</GBSeq_organism>
 <GBSeq_organism>Mycobacterium xenopi</GBSeq_organism>
 <GBSeq_organism>Mycobacterium saskatchewanense</GBSeq_organism>
 <GBSeq_organism>Mycobacterium avium subsp. avium</GBSeq_organism>
 <GBSeq_organism>Mycobacterium arupense</GBSeq_organism>
 <GBSeq_organism>Mycobacterium branderi</GBSeq_organism>
 <GBSeq_organism>Mycobacterium hiberniae</GBSeq_organism>
 <GBSeq_organism>Mycobacterium kansasii</GBSeq_organism>
 <GBSeq_organism>Mycobacterium heckeshornense</GBSeq_organism>
 <GBSeq_organism>Mycobacterium shimoidei</GBSeq_organism>
 <GBSeq_organism>Mycobacterium interjectum</GBSeq_organism>
 <GBSeq_organism>Mycobacterium triviale</GBSeq_organism>
 <GBSeq_organism>Nocardia asteroides NBRC 15531</GBSeq_organism>
 <GBSeq_organism>Mycobacterium conspicuum</GBSeq_organism>
 <GBSeq_organism>Mycobacterium kyorinense</GBSeq_organism>
 <GBSeq_organism>Mycobacterium xenopi</GBSeq_organism>
 <GBSeq_organism>Mycobacterium botniense</GBSeq_organism>
 <GBSeq_organism>Mycobacterium xenopi</GBSeq_organism>
 <GBSeq_organism>Mycobacterium celatum</GBSeq_organism>
 <GBSeq_organism>Mycobacterium tuberculosis subsp. tuberculosis</GBSeq_organism>
 <GBSeq_organism>Mycobacterium hiberniae</GBSeq_organism>
 <GBSeq_organism>Mycobacterium kyorinense</GBSeq_organism>
 <GBSeq_organism>Mycobacterium cookii</GBSeq_organism>
 <GBSeq_organism>Mycobacterium doricum</GBSeq_organism>
 <GBSeq_organism>Mycobacterium gastri</GBSeq_organism>
 <GBSeq_organism>Mycobacterium celatum</GBSeq_organism>
 <GBSeq_organism>Mycobacterium doricum</GBSeq_organism>
 <GBSeq_organism>Mycobacterium arupense</GBSeq_organism>
 <GBSeq_organism>Mycobacterium doricum</GBSeq_organism>
 <GBSeq_organism>Mycobacterium cookii</GBSeq_organism>
 <GBSeq_organism>Mycobacterium triviale</GBSeq_organism>
 <GBSeq_organism>Mycobacterium cookii</GBSeq_organism>
 <GBSeq_organism>Mycobacterium nonchromogenicum</GBSeq_organism>
 <GBSeq_organism>Mycobacterium shimoidei</GBSeq_organism>
