 <GBSeq_organism>Aquimonas voraii</GBSeq_organism>
 <GBSeq_organism>Thermithiobacillus tepidarius</GBSeq_organism>
 <GBSeq_organism>Thiodictyon elegans</GBSeq_organism>
 <GBSeq_organism>Nitrococcus mobilis</GBSeq_organism>
 <GBSeq_organism>Nitrosococcus oceani ATCC 19707</GBSeq_organism>
 <GBSeq_organism>Arenimonas composti TR7-09 = DSM 18010</GBSeq_organism>
 <GBSeq_organism>Xylella fastidiosa</GBSeq_organism>
 <GBSeq_organism>Thermochromatium tepidum ATCC 43061</GBSeq_organism>
 <GBSeq_organism>Arsukibacterium ikkense</GBSeq_organism>
 <GBSeq_organism>Allochromatium vinosum</GBSeq_organism>
 <GBSeq_organism>Ignatzschineria larvae DSM 13226</GBSeq_organism>
 <GBSeq_organism>Isochromatium buderi</GBSeq_organism>
 <GBSeq_organism>Chromatium okenii</GBSeq_organism>
 <GBSeq_organism>Fulvimonas soli</GBSeq_organism>
 <GBSeq_organism>Pseudoxanthomonas broegbernensis</GBSeq_organism>
 <GBSeq_organism>phototrophic bacterium</GBSeq_organism>
 <GBSeq_organism>Halochromatium salexigens</GBSeq_organism>
 <GBSeq_organism>Natronocella acetinitrilica</GBSeq_organism>
 <GBSeq_organism>Thiovirga sulfuroxydans</GBSeq_organism>
 <GBSeq_organism>Lysobacter enzymogenes</GBSeq_organism>
 <GBSeq_organism>Aquisalimonas asiatica</GBSeq_organism>
 <GBSeq_organism>Dokdonella koreensis</GBSeq_organism>
 <GBSeq_organism>Alkalilimnicola halodurans</GBSeq_organism>
 <GBSeq_organism>Thiolamprovum pedioforme</GBSeq_organism>
 <GBSeq_organism>Thiocystis violacea</GBSeq_organism>
 <GBSeq_organism>Lamprocystis roseopersicina</GBSeq_organism>
 <GBSeq_organism>Arhodomonas aquaeolei</GBSeq_organism>
 <GBSeq_organism>Steroidobacter denitrificans</GBSeq_organism>
 <GBSeq_organism>Thiorhodovibrio winogradskyi</GBSeq_organism>
 <GBSeq_organism>Thiobaca trueperi</GBSeq_organism>
 <GBSeq_organism>Thiohalocapsa halophila</GBSeq_organism>
 <GBSeq_organism>Rheinheimera baltica</GBSeq_organism>
 <GBSeq_organism>Arenimonas donghaensis</GBSeq_organism>
 <GBSeq_organism>Lamprocystis purpurea DSM 4197</GBSeq_organism>
 <GBSeq_organism>Luteibacter rhizovicinus</GBSeq_organism>
 <GBSeq_organism>Frateuria aurantia DSM 6220</GBSeq_organism>
 <GBSeq_organism>Nevskia ramosa</GBSeq_organism>
 <GBSeq_organism>Halorhodospira halophila</GBSeq_organism>
 <GBSeq_organism>Ectothiorhodosinus mongolicus</GBSeq_organism>
 <GBSeq_organism>Solimonas soli</GBSeq_organism>
 <GBSeq_organism>Thiococcus pfennigii</GBSeq_organism>
 <GBSeq_organism>Thioflavicoccus mobilis 8321</GBSeq_organism>
 <GBSeq_organism>Thiocapsa roseopersicina</GBSeq_organism>
 <GBSeq_organism>Silanimonas lenta</GBSeq_organism>
 <GBSeq_organism>Halothiobacillus neapolitanus</GBSeq_organism>
 <GBSeq_organism>Thioalkalivibrio versutus AL 2</GBSeq_organism>
 <GBSeq_organism>Thioalkalicoccus limnaeus</GBSeq_organism>
 <GBSeq_organism>Marichromatium gracile</GBSeq_organism>
 <GBSeq_organism>Thioalkalispira microaerophila</GBSeq_organism>
 <GBSeq_organism>Hydrocarboniphaga effusa AP103</GBSeq_organism>
 <GBSeq_organism>Solimonas flava DSM 18980</GBSeq_organism>
 <GBSeq_organism>Alishewanella fetalis</GBSeq_organism>
 <GBSeq_organism>Stenotrophomonas maltophilia</GBSeq_organism>
 <GBSeq_organism>Rhabdochromatium marinum</GBSeq_organism>
 <GBSeq_organism>Thiorhodospira sibirica ATCC 700588</GBSeq_organism>
 <GBSeq_organism>Salinisphaera shabanensis E1L3A</GBSeq_organism>
