 <GBSeq_organism>Pseudomonas fragi</GBSeq_organism>
 <GBSeq_organism>Pseudomonas chlororaphis subsp. piscium</GBSeq_organism>
 <GBSeq_organism>Pseudomonas marginalis</GBSeq_organism>
 <GBSeq_organism>Pseudomonas savastanoi pv. savastanoi</GBSeq_organism>
 <GBSeq_organism>Pseudomonas syringae</GBSeq_organism>
 <GBSeq_organism>Pseudomonas brassicacearum</GBSeq_organism>
 <GBSeq_organism>Pseudomonas aeruginosa</GBSeq_organism>
 <GBSeq_organism>Pseudomonas chlororaphis subsp. piscium</GBSeq_organism>
 <GBSeq_organism>Pseudomonas putida</GBSeq_organism>
 <GBSeq_organism>Pseudomonas grimontii</GBSeq_organism>
 <GBSeq_organism>Pseudomonas mediterranea CFBP 5447</GBSeq_organism>
 <GBSeq_organism>Pseudomonas lini</GBSeq_organism>
 <GBSeq_organism>Pseudomonas agarici</GBSeq_organism>
 <GBSeq_organism>Pseudomonas resinovorans</GBSeq_organism>
 <GBSeq_organism>Pseudomonas congelans</GBSeq_organism>
 <GBSeq_organism>Pseudomonas tremae</GBSeq_organism>
 <GBSeq_organism>Pseudomonas taetrolens</GBSeq_organism>
 <GBSeq_organism>Pseudomonas corrugata</GBSeq_organism>
 <GBSeq_organism>Pseudomonas flavescens</GBSeq_organism>
 <GBSeq_organism>Pseudomonas mendocina</GBSeq_organism>
 <GBSeq_organism>Pseudomonas frederiksbergensis</GBSeq_organism>
 <GBSeq_organism>Coffea arabica</GBSeq_organism>
