 <GBSeq_organism>Nautilia lithotrophica</GBSeq_organism>
 <GBSeq_organism>Sulfurospirillum multivorans DSM 12446</GBSeq_organism>
 <GBSeq_organism>Campylobacter fetus</GBSeq_organism>
 <GBSeq_organism>Sulfurospirillum deleyianum</GBSeq_organism>
 <GBSeq_organism>Arcobacter cryaerophilus</GBSeq_organism>
 <GBSeq_organism>Sulfurospirillum sp. Am-N</GBSeq_organism>
 <GBSeq_organism>Sulfurimonas denitrificans DSM 1251</GBSeq_organism>
 <GBSeq_organism>epsilon proteobacterium AM1115</GBSeq_organism>
 <GBSeq_organism>Balnearium lithotrophicum</GBSeq_organism>
 <GBSeq_organism>Sulfurospirillum barnesii SES-3</GBSeq_organism>
 <GBSeq_organism>Arcobacter nitrofigilis</GBSeq_organism>
 <GBSeq_organism>Alvinella pompejana epibiont</GBSeq_organism>
 <GBSeq_organism>Wolinella succinogenes</GBSeq_organism>
 <GBSeq_organism>Caminibacter hydrogeniphilus</GBSeq_organism>
 <GBSeq_organism>Helicobacter pylori</GBSeq_organism>
 <GBSeq_organism>uncultured epsilon proteobacterium</GBSeq_organism>
 <GBSeq_organism>Alvinella pompejana epibiont</GBSeq_organism>
 <GBSeq_organism>uncultured epsilon proteobacterium</GBSeq_organism>
 <GBSeq_organism>Nautilia profundicola AmH</GBSeq_organism>
 <GBSeq_organism>Desulfovibrio burkinensis</GBSeq_organism>
 <GBSeq_organism>epsilon proteobacterium 18.2</GBSeq_organism>
 <GBSeq_organism>Sulfurospirillum sp. 18.1</GBSeq_organism>
 <GBSeq_organism>uncultured bacterium VC2.1 Bac4</GBSeq_organism>
 <GBSeq_organism>uncultured bacterium S17sBac16</GBSeq_organism>
 <GBSeq_organism>Rimicaris exoculata ectosymbiont</GBSeq_organism>
