 <GBSeq_organism>Saccharothrix longispora</GBSeq_organism>
 <GBSeq_organism>Lentzea violacea</GBSeq_organism>
 <GBSeq_organism>Saccharothrix mutabilis subsp. capreolus</GBSeq_organism>
 <GBSeq_organism>Saccharothrix espanaensis</GBSeq_organism>
 <GBSeq_organism>Lechevalieria flava</GBSeq_organism>
 <GBSeq_organism>Saccharothrix algeriensis</GBSeq_organism>
 <GBSeq_organism>Actinokineospora diospyrosa</GBSeq_organism>
 <GBSeq_organism>Lechevalieria fradiae</GBSeq_organism>
 <GBSeq_organism>Saccharothrix texasensis</GBSeq_organism>
 <GBSeq_organism>Saccharothrix coeruleofusca</GBSeq_organism>
 <GBSeq_organism>Lentzea californiensis</GBSeq_organism>
 <GBSeq_organism>Umezawaea tangerina</GBSeq_organism>
 <GBSeq_organism>Actinosynnema mirum DSM 43827</GBSeq_organism>
 <GBSeq_organism>Actinokineospora globicatena</GBSeq_organism>
 <GBSeq_organism>Saccharothrix mutabilis</GBSeq_organism>
 <GBSeq_organism>Saccharothrix xinjiangensis</GBSeq_organism>
 <GBSeq_organism>Actinokineospora inagensis</GBSeq_organism>
 <GBSeq_organism>Lentzea flaviverrucosa</GBSeq_organism>
 <GBSeq_organism>Lentzea albidocapillata</GBSeq_organism>
 <GBSeq_organism>Crossiella cryophila</GBSeq_organism>
 <GBSeq_organism>Saccharothrix syringae</GBSeq_organism>
 <GBSeq_organism>Kutzneria kofuensis</GBSeq_organism>
 <GBSeq_organism>Lentzea waywayandensis</GBSeq_organism>
 <GBSeq_organism>Lechevalieria aerocolonigenes</GBSeq_organism>
 <GBSeq_organism>Actinokineospora riparia</GBSeq_organism>
 <GBSeq_organism>Saccharothrix australiensis</GBSeq_organism>
 <GBSeq_organism>Actinosynnema pretiosum subsp. pretiosum</GBSeq_organism>
