 <GBSeq_organism>unidentified bacterium SM-A61</GBSeq_organism>
 <GBSeq_organism>Isosphaera-like str. CJuql1</GBSeq_organism>
 <GBSeq_organism>Isosphaera pallida ATCC 43644</GBSeq_organism>
 <GBSeq_organism>unidentified eubacterium clone LGW#46</GBSeq_organism>
 <GBSeq_organism>Pirellula staleyi</GBSeq_organism>
 <GBSeq_organism>unidentified eubacterium clone LGA#6</GBSeq_organism>
 <GBSeq_organism>Planctomyces maris</GBSeq_organism>
 <GBSeq_organism>Thermotoga maritima</GBSeq_organism>
 <GBSeq_organism>unidentified bacterium SM-A88</GBSeq_organism>
 <GBSeq_organism>unidentified bacterium SM-A06</GBSeq_organism>
 <GBSeq_organism>unidentified eubacterium clone LGW#116</GBSeq_organism>
 <GBSeq_organism>Verrucomicrobium spinosum</GBSeq_organism>
 <GBSeq_organism>Gemmata-like str. JW3-8s0</GBSeq_organism>
 <GBSeq_organism>Planctomyces brasiliensis DSM 5305</GBSeq_organism>
 <GBSeq_organism>unidentified eubacterium clone LGA#8</GBSeq_organism>
 <GBSeq_organism>Planctomyces limnophilus DSM 3776</GBSeq_organism>
 <GBSeq_organism>Blastopirellula marina DSM 3645</GBSeq_organism>
 <GBSeq_organism>Thermodesulfobacterium commune</GBSeq_organism>
 <GBSeq_organism>Pirellula staleyi DSM 6068</GBSeq_organism>
 <GBSeq_organism>Chlamydia trachomatis</GBSeq_organism>
 <GBSeq_organism>Gemmata-like str. JW10-3f1</GBSeq_organism>
 <GBSeq_organism>Gemmata-like str. JW9-3f1</GBSeq_organism>
