 <GBSeq_organism>Sphingomonas echinoides</GBSeq_organism>
 <GBSeq_organism>Sphingomonas paucimobilis</GBSeq_organism>
 <GBSeq_organism>Sphingomonas roseiflava</GBSeq_organism>
 <GBSeq_organism>Sphingomonas faeni</GBSeq_organism>
 <GBSeq_organism>Sphingomonas pituitosa</GBSeq_organism>
 <GBSeq_organism>Sphingomonas soli</GBSeq_organism>
 <GBSeq_organism>Sphingomonas pruni</GBSeq_organism>
 <GBSeq_organism>Sphingomonas trueperi</GBSeq_organism>
 <GBSeq_organism>Sphingomonas panni</GBSeq_organism>
 <GBSeq_organism>Sphingopyxis macrogoltabida</GBSeq_organism>
 <GBSeq_organism>Sphingomonas mali</GBSeq_organism>
 <GBSeq_organism>Sphingomonas asaccharolytica</GBSeq_organism>
 <GBSeq_organism>Sphingobium yanoikuyae</GBSeq_organism>
 <GBSeq_organism>Sphingomonas aquatilis</GBSeq_organism>
 <GBSeq_organism>Novosphingobium capsulatum</GBSeq_organism>
 <GBSeq_organism>Sphingomonas aurantiaca</GBSeq_organism>
 <GBSeq_organism>Sphingomonas sanguinis</GBSeq_organism>
 <GBSeq_organism>Sphingomonas aerolata</GBSeq_organism>
 <GBSeq_organism>Sphingomonas yunnanensis</GBSeq_organism>
 <GBSeq_organism>Sphingomonas koreensis</GBSeq_organism>
 <GBSeq_organism>Sphingomonas fennica</GBSeq_organism>
 <GBSeq_organism>Sphingomonas adhaesiva</GBSeq_organism>
 <GBSeq_organism>Sphingomonas haloaromaticamans</GBSeq_organism>
 <GBSeq_organism>Sphingomonas abaci</GBSeq_organism>
