 <GBSeq_organism>Actinomadura sputi DSM 45233</GBSeq_organism>
 <GBSeq_organism>Actinomadura catellatispora</GBSeq_organism>
 <GBSeq_organism>Actinomadura flavalba DSM 45200</GBSeq_organism>
 <GBSeq_organism>Actinomadura namibiensis</GBSeq_organism>
 <GBSeq_organism>Actinomadura madurae</GBSeq_organism>
 <GBSeq_organism>Actinomadura miaoliensis</GBSeq_organism>
 <GBSeq_organism>Actinomadura apis</GBSeq_organism>
 <GBSeq_organism>Actinomadura napierensis</GBSeq_organism>
 <GBSeq_organism>Actinomadura umbrina</GBSeq_organism>
 <GBSeq_organism>Actinomadura citrea</GBSeq_organism>
 <GBSeq_organism>Actinomadura viridilutea</GBSeq_organism>
 <GBSeq_organism>Actinomadura atramentaria</GBSeq_organism>
 <GBSeq_organism>Actinomadura scrupuli</GBSeq_organism>
 <GBSeq_organism>Actinomadura verrucosospora</GBSeq_organism>
 <GBSeq_organism>Actinomadura yumaensis</GBSeq_organism>
 <GBSeq_organism>Actinomadura rifamycini</GBSeq_organism>
 <GBSeq_organism>Actinomadura livida</GBSeq_organism>
 <GBSeq_organism>Actinomadura luteofluorescens</GBSeq_organism>
 <GBSeq_organism>Actinomadura meyerae</GBSeq_organism>
 <GBSeq_organism>Actinomadura rugatobispora</GBSeq_organism>
 <GBSeq_organism>Actinomadura echinospora</GBSeq_organism>
 <GBSeq_organism>Actinomadura fulvescens</GBSeq_organism>
 <GBSeq_organism>Actinomadura pelletieri</GBSeq_organism>
 <GBSeq_organism>Actinomadura rubrobrunea</GBSeq_organism>
 <GBSeq_organism>Actinomadura kijaniata</GBSeq_organism>
 <GBSeq_organism>Actinomadura mexicana</GBSeq_organism>
 <GBSeq_organism>Actinomadura viridis</GBSeq_organism>
 <GBSeq_organism>Actinomadura hibisca</GBSeq_organism>
 <GBSeq_organism>Actinomadura coerulea</GBSeq_organism>
 <GBSeq_organism>Streptosporangium album</GBSeq_organism>
 <GBSeq_organism>Actinomadura cremea subsp. cremea</GBSeq_organism>
 <GBSeq_organism>Actinomadura chibensis</GBSeq_organism>
