 <GBSeq_organism>Actinoallomurus iriomotensis</GBSeq_organism>
 <GBSeq_organism>Actinomadura madurae</GBSeq_organism>
 <GBSeq_organism>Actinomadura macra</GBSeq_organism>
 <GBSeq_organism>Actinoallomurus caesius</GBSeq_organism>
 <GBSeq_organism>Actinomadura viridilutea</GBSeq_organism>
 <GBSeq_organism>Actinomadura rudentiformis</GBSeq_organism>
 <GBSeq_organism>Actinomadura fibrosa</GBSeq_organism>
 <GBSeq_organism>Actinomadura latina</GBSeq_organism>
 <GBSeq_organism>Actinomadura vinacea</GBSeq_organism>
 <GBSeq_organism>Thermomonospora curvata</GBSeq_organism>
 <GBSeq_organism>Actinomadura luteofluorescens</GBSeq_organism>
 <GBSeq_organism>Actinoallomurus amamiensis</GBSeq_organism>
 <GBSeq_organism>Actinocorallia herbida</GBSeq_organism>
 <GBSeq_organism>Actinoallomurus coprocola</GBSeq_organism>
 <GBSeq_organism>Actinocorallia libanotica</GBSeq_organism>
 <GBSeq_organism>Actinomadura kijaniata</GBSeq_organism>
 <GBSeq_organism>Actinomadura coerulea</GBSeq_organism>
 <GBSeq_organism>Actinoallomurus spadix</GBSeq_organism>
 <GBSeq_organism>Actinomadura nitritigenes</GBSeq_organism>
 <GBSeq_organism>Actinocorallia glomerata</GBSeq_organism>
 <GBSeq_organism>Actinomadura rifamycini</GBSeq_organism>
 <GBSeq_organism>Actinocorallia cavernae</GBSeq_organism>
 <GBSeq_organism>Actinoallomurus fulvus</GBSeq_organism>
 <GBSeq_organism>Actinomadura cremea subsp. cremea</GBSeq_organism>
 <GBSeq_organism>Actinomadura umbrina</GBSeq_organism>
 <GBSeq_organism>Spirillospora albida</GBSeq_organism>
