 <GBSeq_organism>Trichosporon loubieri</GBSeq_organism>
 <GBSeq_organism>Trichosporon moniliiforme</GBSeq_organism>
 <GBSeq_organism>Cryptococcus amylolentus</GBSeq_organism>
 <GBSeq_organism>Trichosporon lactis</GBSeq_organism>
 <GBSeq_organism>Trichosporon jirovecii</GBSeq_organism>
 <GBSeq_organism>Trichosporon multisporum</GBSeq_organism>
 <GBSeq_organism>Trichosporon caseorum</GBSeq_organism>
 <GBSeq_organism>Cryptococcus curvatus</GBSeq_organism>
 <GBSeq_organism>Trichosporon lignicola var. lignicola</GBSeq_organism>
 <GBSeq_organism>Trichosporon mucoides</GBSeq_organism>
 <GBSeq_organism>Trichosporon smithiae</GBSeq_organism>
 <GBSeq_organism>Trichosporon lignicola var. undulatum</GBSeq_organism>
 <GBSeq_organism>Trichosporon coremiiforme</GBSeq_organism>
 <GBSeq_organism>Trichosporon japonicum</GBSeq_organism>
 <GBSeq_organism>Trichosporon guehoae</GBSeq_organism>
 <GBSeq_organism>Trichosporon laibachii</GBSeq_organism>
 <GBSeq_organism>Trichosporon ovoides</GBSeq_organism>
 <GBSeq_organism>Trichosporon dulcitum</GBSeq_organism>
 <GBSeq_organism>Trichosporon asteroides</GBSeq_organism>
 <GBSeq_organism>Trichosporon domesticum</GBSeq_organism>
 <GBSeq_organism>Kwoniella heveanensis</GBSeq_organism>
 <GBSeq_organism>Trichosporon scarabaeorum</GBSeq_organism>
 <GBSeq_organism>Trichosporon dehoogii</GBSeq_organism>
 <GBSeq_organism>Trichosporon cutaneum</GBSeq_organism>
 <GBSeq_organism>Trichosporon faecale</GBSeq_organism>
 <GBSeq_organism>Trichosporon sporotrichoides</GBSeq_organism>
 <GBSeq_organism>Trichosporon dermatis</GBSeq_organism>
 <GBSeq_organism>&apos;Asterotremella humicola&apos;</GBSeq_organism>
 <GBSeq_organism>Trichosporon veenhuisii</GBSeq_organism>
 <GBSeq_organism>Trichosporon brassicae</GBSeq_organism>
 <GBSeq_organism>Trichosporon gamsii</GBSeq_organism>
 <GBSeq_organism>Trichosporon porosum</GBSeq_organism>
 <GBSeq_organism>Trichosporon gracile</GBSeq_organism>
 <GBSeq_organism>Trichosporon montevideense</GBSeq_organism>
 <GBSeq_organism>Trichosporon inkin</GBSeq_organism>
 <GBSeq_organism>Trichosporon asahii</GBSeq_organism>
 <GBSeq_organism>Trichosporon aquatile</GBSeq_organism>
 <GBSeq_organism>Trichosporon vadense</GBSeq_organism>
 <GBSeq_organism>Trichosporon debeurmannianum</GBSeq_organism>
 <GBSeq_organism>Cryptococcus neoformans var. neoformans</GBSeq_organism>
