 <GBSeq_organism>Vibrio cholerae</GBSeq_organism>
 <GBSeq_organism>Photobacterium kishitanii</GBSeq_organism>
 <GBSeq_organism>Photobacterium kishitanii</GBSeq_organism>
 <GBSeq_organism>Grimontia hollisae</GBSeq_organism>
 <GBSeq_organism>Photobacterium phosphoreum</GBSeq_organism>
 <GBSeq_organism>Photobacterium phosphoreum</GBSeq_organism>
 <GBSeq_organism>Photobacterium phosphoreum</GBSeq_organism>
 <GBSeq_organism>Photobacterium halotolerans</GBSeq_organism>
 <GBSeq_organism>Photobacterium frigidiphilum</GBSeq_organism>
 <GBSeq_organism>Grimontia hollisae</GBSeq_organism>
 <GBSeq_organism>Photobacterium aquimaris</GBSeq_organism>
 <GBSeq_organism>Photobacterium aphoticum</GBSeq_organism>
 <GBSeq_organism>Photobacterium frigidiphilum</GBSeq_organism>
 <GBSeq_organism>Photobacterium aphoticum</GBSeq_organism>
 <GBSeq_organism>Photobacterium rosenbergii</GBSeq_organism>
 <GBSeq_organism>Vibrio cholerae</GBSeq_organism>
 <GBSeq_organism>Photobacterium indicum</GBSeq_organism>
 <GBSeq_organism>Photobacterium ganghwense</GBSeq_organism>
 <GBSeq_organism>Photobacterium damselae subsp. damselae</GBSeq_organism>
 <GBSeq_organism>Photobacterium halotolerans</GBSeq_organism>
 <GBSeq_organism>Photobacterium jeanii</GBSeq_organism>
 <GBSeq_organism>Photobacterium leiognathi</GBSeq_organism>
 <GBSeq_organism>Photobacterium angustum</GBSeq_organism>
 <GBSeq_organism>Aliivibrio fischeri</GBSeq_organism>
 <GBSeq_organism>Photobacterium iliopiscarium</GBSeq_organism>
 <GBSeq_organism>Enterovibrio norvegicus</GBSeq_organism>
 <GBSeq_organism>Photobacterium leiognathi subsp. leiognathi</GBSeq_organism>
 <GBSeq_organism>Photobacterium aquimaris</GBSeq_organism>
 <GBSeq_organism>Photobacterium kishitanii</GBSeq_organism>
 <GBSeq_organism>Enterovibrio norvegicus</GBSeq_organism>
 <GBSeq_organism>Photobacterium aphoticum</GBSeq_organism>
 <GBSeq_organism>Photobacterium iliopiscarium</GBSeq_organism>
 <GBSeq_organism>Photobacterium lipolyticum</GBSeq_organism>
 <GBSeq_organism>Photobacterium indicum</GBSeq_organism>
 <GBSeq_organism>Photobacterium damselae</GBSeq_organism>
 <GBSeq_organism>Photobacterium halotolerans</GBSeq_organism>
 <GBSeq_organism>Photobacterium rosenbergii</GBSeq_organism>
 <GBSeq_organism>Photobacterium angustum</GBSeq_organism>
 <GBSeq_organism>Photobacterium profundum</GBSeq_organism>
 <GBSeq_organism>Photobacterium iliopiscarium</GBSeq_organism>
 <GBSeq_organism>Photobacterium ganghwense</GBSeq_organism>
 <GBSeq_organism>Photobacterium ganghwense</GBSeq_organism>
 <GBSeq_organism>Aliivibrio fischeri</GBSeq_organism>
 <GBSeq_organism>Vibrio cholerae</GBSeq_organism>
 <GBSeq_organism>Photobacterium rosenbergii</GBSeq_organism>
 <GBSeq_organism>Photobacterium profundum</GBSeq_organism>
 <GBSeq_organism>Salinivibrio costicola</GBSeq_organism>
 <GBSeq_organism>Aliivibrio fischeri</GBSeq_organism>
