 <GBSeq_organism>Corynebacterium ammoniagenes</GBSeq_organism>
 <GBSeq_organism>Corynebacterium hansenii</GBSeq_organism>
 <GBSeq_organism>Corynebacterium mastitidis</GBSeq_organism>
 <GBSeq_organism>Corynebacterium tuberculostearicum</GBSeq_organism>
 <GBSeq_organism>Corynebacterium pseudotuberculosis CIP 52.97</GBSeq_organism>
 <GBSeq_organism>Corynebacterium argentoratense</GBSeq_organism>
 <GBSeq_organism>Corynebacterium caspium</GBSeq_organism>
 <GBSeq_organism>Corynebacterium vitaeruminis DSM 20294</GBSeq_organism>
 <GBSeq_organism>Corynebacterium aurimucosum</GBSeq_organism>
 <GBSeq_organism>Corynebacterium striatum</GBSeq_organism>
 <GBSeq_organism>Corynebacterium callunae</GBSeq_organism>
 <GBSeq_organism>Corynebacterium felinum</GBSeq_organism>
 <GBSeq_organism>Corynebacterium xerosis</GBSeq_organism>
 <GBSeq_organism>Corynebacterium singulare</GBSeq_organism>
 <GBSeq_organism>Corynebacterium pilosum</GBSeq_organism>
 <GBSeq_organism>Corynebacterium flavescens</GBSeq_organism>
 <GBSeq_organism>Corynebacterium sphenisci</GBSeq_organism>
 <GBSeq_organism>Corynebacterium efficiens YS-314</GBSeq_organism>
 <GBSeq_organism>Corynebacterium testudinoris</GBSeq_organism>
 <GBSeq_organism>Corynebacterium maris DSM 45190</GBSeq_organism>
 <GBSeq_organism>Corynebacterium jeikeium K411</GBSeq_organism>
 <GBSeq_organism>Corynebacterium casei LMG S-19264</GBSeq_organism>
 <GBSeq_organism>Corynebacterium halotolerans YIM 70093 = DSM 44683</GBSeq_organism>
 <GBSeq_organism>Corynebacterium variabile</GBSeq_organism>
 <GBSeq_organism>Corynebacterium lipophiloflavum</GBSeq_organism>
 <GBSeq_organism>Corynebacterium spheniscorum</GBSeq_organism>
