 <GBSeq_organism>Aquimonas voraii</GBSeq_organism>
 <GBSeq_organism>Arenimonas composti TR7-09 = DSM 18010</GBSeq_organism>
 <GBSeq_organism>Xylella fastidiosa</GBSeq_organism>
 <GBSeq_organism>Rhodanobacter terrae</GBSeq_organism>
 <GBSeq_organism>Rhodanobacter spathiphylli B39</GBSeq_organism>
 <GBSeq_organism>Thermomonas haemolytica</GBSeq_organism>
 <GBSeq_organism>Pseudoxanthomonas broegbernensis</GBSeq_organism>
 <GBSeq_organism>uncultured bacterium</GBSeq_organism>
 <GBSeq_organism>Rudaea cellulosilytica</GBSeq_organism>
 <GBSeq_organism>Lysobacter enzymogenes</GBSeq_organism>
 <GBSeq_organism>Dokdonella koreensis</GBSeq_organism>
 <GBSeq_organism>Stenotrophomonas maltophilia</GBSeq_organism>
 <GBSeq_organism>Dokdonella fugitiva</GBSeq_organism>
 <GBSeq_organism>Rhodanobacter fulvus Jip2</GBSeq_organism>
 <GBSeq_organism>Rhodanobacter lindaniclasticus</GBSeq_organism>
 <GBSeq_organism>Rhodanobacter ginsengisoli</GBSeq_organism>
 <GBSeq_organism>Frateuria aurantia DSM 6220</GBSeq_organism>
 <GBSeq_organism>Silanimonas lenta</GBSeq_organism>
 <GBSeq_organism>Dyella koreensis</GBSeq_organism>
 <GBSeq_organism>Pseudomonas aeruginosa</GBSeq_organism>
 <GBSeq_organism>uncultured gamma proteobacterium</GBSeq_organism>
 <GBSeq_organism>uncultured bacterium</GBSeq_organism>
 <GBSeq_organism>uncultured bacterium</GBSeq_organism>
