 <GBSeq_organism>Alkalibacterium putridalgicola</GBSeq_organism>
 <GBSeq_organism>Alkalibacterium putridalgicola</GBSeq_organism>
 <GBSeq_organism>Dolosigranulum pigrum</GBSeq_organism>
 <GBSeq_organism>Marinilactibacillus piezotolerans</GBSeq_organism>
 <GBSeq_organism>Atopostipes suicloacalis</GBSeq_organism>
 <GBSeq_organism>Alkalibacterium iburiense</GBSeq_organism>
 <GBSeq_organism>Vagococcus fluvialis</GBSeq_organism>
 <GBSeq_organism>Trichococcus pasteurii</GBSeq_organism>
 <GBSeq_organism>Alkalibacterium sp. ARD M12</GBSeq_organism>
 <GBSeq_organism>Carnobacterium alterfunditum</GBSeq_organism>
 <GBSeq_organism>Desemzia incerta</GBSeq_organism>
 <GBSeq_organism>Alkalibacterium kapii</GBSeq_organism>
 <GBSeq_organism>Alkalibacterium putridalgicola</GBSeq_organism>
 <GBSeq_organism>Melissococcus plutonius ATCC 35311</GBSeq_organism>
 <GBSeq_organism>Alkalibacterium sp. ARD M22</GBSeq_organism>
 <GBSeq_organism>Tetragenococcus halophilus subsp. halophilus</GBSeq_organism>
 <GBSeq_organism>Atopococcus tabaci</GBSeq_organism>
 <GBSeq_organism>Alloiococcus otitis</GBSeq_organism>
 <GBSeq_organism>Carnobacterium divergens</GBSeq_organism>
 <GBSeq_organism>Allofustis seminis</GBSeq_organism>
 <GBSeq_organism>Enterococcus faecalis</GBSeq_organism>
