 <GBSeq_organism>Micromonospora halophytica</GBSeq_organism>
 <GBSeq_organism>Actinoplanes consettensis</GBSeq_organism>
 <GBSeq_organism>Catellatospora citrea subsp. citrea</GBSeq_organism>
 <GBSeq_organism>Longispora albida</GBSeq_organism>
 <GBSeq_organism>Salinispora arenicola</GBSeq_organism>
 <GBSeq_organism>Micromonospora matsumotoense</GBSeq_organism>
 <GBSeq_organism>Micromonospora aurantiaca</GBSeq_organism>
 <GBSeq_organism>Salinispora arenicola</GBSeq_organism>
 <GBSeq_organism>Catellatospora methionotrophica</GBSeq_organism>
 <GBSeq_organism>Actinoplanes deccanensis</GBSeq_organism>
 <GBSeq_organism>Actinoplanes cyaneus</GBSeq_organism>
 <GBSeq_organism>Catenuloplanes crispus JCM 9312</GBSeq_organism>
 <GBSeq_organism>Micromonospora chalcea</GBSeq_organism>
 <GBSeq_organism>Micromonospora echinospora</GBSeq_organism>
 <GBSeq_organism>Dactylosporangium aurantiacum</GBSeq_organism>
 <GBSeq_organism>Salinispora tropica</GBSeq_organism>
 <GBSeq_organism>Dactylosporangium matsuzakiense</GBSeq_organism>
 <GBSeq_organism>Salinispora tropica CNB-440</GBSeq_organism>
 <GBSeq_organism>Actinoplanes derwentensis</GBSeq_organism>
 <GBSeq_organism>Hamadaea tsunoensis</GBSeq_organism>
 <GBSeq_organism>Micromonospora carbonacea</GBSeq_organism>
 <GBSeq_organism>Asanoa ferruginea</GBSeq_organism>
 <GBSeq_organism>Micromonospora rosaria</GBSeq_organism>
 <GBSeq_organism>Actinoplanes utahensis</GBSeq_organism>
 <GBSeq_organism>Micromonospora citrea</GBSeq_organism>
 <GBSeq_organism>Micromonospora inositola</GBSeq_organism>
 <GBSeq_organism>Virgisporangium aurantiacum</GBSeq_organism>
 <GBSeq_organism>Actinoplanes italicus</GBSeq_organism>
 <GBSeq_organism>Spirilliplanes yamanashiensis</GBSeq_organism>
 <GBSeq_organism>Salinispora arenicola ATCC BAA-917</GBSeq_organism>
 <GBSeq_organism>Catenuloplanes japonicus JCM 9106</GBSeq_organism>
 <GBSeq_organism>Actinoplanes missouriensis</GBSeq_organism>
 <GBSeq_organism>Actinoplanes philippinensis</GBSeq_organism>
 <GBSeq_organism>Dactylosporangium vinaceum</GBSeq_organism>
 <GBSeq_organism>Micromonospora chersina</GBSeq_organism>
 <GBSeq_organism>Dactylosporangium fulvum</GBSeq_organism>
 <GBSeq_organism>Micromonospora coerulea</GBSeq_organism>
 <GBSeq_organism>Micromonospora brunnescens</GBSeq_organism>
 <GBSeq_organism>Actinoplanes regularis</GBSeq_organism>
 <GBSeq_organism>Couchioplanes caeruleus subsp. caeruleus</GBSeq_organism>
 <GBSeq_organism>Actinoplanes humidus</GBSeq_organism>
 <GBSeq_organism>Virgisporangium ochraceum</GBSeq_organism>
 <GBSeq_organism>Actinoplanes digitatis</GBSeq_organism>
 <GBSeq_organism>Salinispora tropica</GBSeq_organism>
 <GBSeq_organism>Micromonospora globosa</GBSeq_organism>
 <GBSeq_organism>Pilimelia terevasa</GBSeq_organism>
 <GBSeq_organism>Dactylosporangium roseum</GBSeq_organism>
 <GBSeq_organism>Actinoplanes palleronii</GBSeq_organism>
 <GBSeq_organism>Verrucosispora gifhornensis</GBSeq_organism>
