 <GBSeq_organism>Methylobacter vinelandii</GBSeq_organism>
 <GBSeq_organism>Methylococcus thermophilus</GBSeq_organism>
 <GBSeq_organism>Methylobacter tundripaludum SV96</GBSeq_organism>
 <GBSeq_organism>Methylocaldum szegediense</GBSeq_organism>
 <GBSeq_organism>Methylocaldum gracile</GBSeq_organism>
 <GBSeq_organism>Methylococcus capsulatus str. Bath</GBSeq_organism>
 <GBSeq_organism>Methylosarcina fibrata AML-C10</GBSeq_organism>
 <GBSeq_organism>Methylobacter marinus</GBSeq_organism>
 <GBSeq_organism>Thermotoga maritima</GBSeq_organism>
 <GBSeq_organism>uncultured gamma proteobacterium</GBSeq_organism>
 <GBSeq_organism>Methylosarcina lacus</GBSeq_organism>
 <GBSeq_organism>Methylobacter capsulatus</GBSeq_organism>
 <GBSeq_organism>Methylomonas scandinavica</GBSeq_organism>
 <GBSeq_organism>Methylomicrobium album BG8</GBSeq_organism>
 <GBSeq_organism>Methylobacter luteus</GBSeq_organism>
 <GBSeq_organism>Methylomonas aurantiaca</GBSeq_organism>
 <GBSeq_organism>Methylobacter sp. T20</GBSeq_organism>
 <GBSeq_organism>Methylomonas rubra</GBSeq_organism>
 <GBSeq_organism>Methylobacter psychrophilus</GBSeq_organism>
 <GBSeq_organism>Methylosoma difficile</GBSeq_organism>
 <GBSeq_organism>Methylomonas fodinarum</GBSeq_organism>
 <GBSeq_organism>Methylosphaera hansonii</GBSeq_organism>
