 <GBSeq_organism>Dioszegia zsoltii var. zsoltii</GBSeq_organism>
 <GBSeq_organism>Dioszegia sp. LC-2007-2</GBSeq_organism>
 <GBSeq_organism>Dioszegia cryoxerica</GBSeq_organism>
 <GBSeq_organism>Dioszegia sp. LC-2007-2</GBSeq_organism>
 <GBSeq_organism>Dioszegia sp. LC-03-116</GBSeq_organism>
 <GBSeq_organism>Dioszegia catarinonii</GBSeq_organism>
 <GBSeq_organism>Dioszegia sp. LC-2007-1</GBSeq_organism>
 <GBSeq_organism>Dioszegia hungarica</GBSeq_organism>
 <GBSeq_organism>Dioszegia hungarica</GBSeq_organism>
 <GBSeq_organism>Dioszegia fristingensis</GBSeq_organism>
 <GBSeq_organism>Dioszegia takashimae</GBSeq_organism>
 <GBSeq_organism>Dioszegia xingshanensis</GBSeq_organism>
 <GBSeq_organism>Dioszegia sp. LC-2007-2</GBSeq_organism>
 <GBSeq_organism>Dioszegia antarctica</GBSeq_organism>
 <GBSeq_organism>Dioszegia sp. LC-2007-2</GBSeq_organism>
 <GBSeq_organism>Dioszegia sp. LC-2007-1</GBSeq_organism>
 <GBSeq_organism>Dioszegia sp. LC-2007-2</GBSeq_organism>
 <GBSeq_organism>Dioszegia crocea</GBSeq_organism>
 <GBSeq_organism>Dioszegia buhagiarii</GBSeq_organism>
 <GBSeq_organism>Dioszegia sp. LC-2007-2</GBSeq_organism>
 <GBSeq_organism>Dioszegia sp. LC-2007-2</GBSeq_organism>
 <GBSeq_organism>Dioszegia butyracea</GBSeq_organism>
 <GBSeq_organism>Dioszegia sp. LC-2007-2</GBSeq_organism>
 <GBSeq_organism>Dioszegia fristingensis</GBSeq_organism>
 <GBSeq_organism>Dioszegia athyri</GBSeq_organism>
 <GBSeq_organism>Dioszegia changbaiensis</GBSeq_organism>
