 <GBSeq_organism>Lactobacillus mindensis</GBSeq_organism>
 <GBSeq_organism>Lactobacillus pentosus</GBSeq_organism>
 <GBSeq_organism>Lactobacillus malefermentans</GBSeq_organism>
 <GBSeq_organism>Lactobacillus pantheris</GBSeq_organism>
 <GBSeq_organism>Lactobacillus crustorum</GBSeq_organism>
 <GBSeq_organism>Lactobacillus paraplantarum</GBSeq_organism>
 <GBSeq_organism>Lactobacillus rhamnosus</GBSeq_organism>
 <GBSeq_organism>Lactobacillus fermentum</GBSeq_organism>
 <GBSeq_organism>Lactobacillus farciminis</GBSeq_organism>
 <GBSeq_organism>Lactobacillus sharpeae</GBSeq_organism>
 <GBSeq_organism>Lactobacillus paracasei subsp. paracasei</GBSeq_organism>
 <GBSeq_organism>Lactobacillus casei</GBSeq_organism>
 <GBSeq_organism>Lactobacillus nantensis</GBSeq_organism>
 <GBSeq_organism>Lactobacillus versmoldensis</GBSeq_organism>
 <GBSeq_organism>Lactobacillus tucceti</GBSeq_organism>
 <GBSeq_organism>Lactobacillus zeae</GBSeq_organism>
 <GBSeq_organism>Lactobacillus suebicus</GBSeq_organism>
 <GBSeq_organism>Lactobacillus plantarum</GBSeq_organism>
 <GBSeq_organism>Lactobacillus nodensis</GBSeq_organism>
 <GBSeq_organism>Lactobacillus paralimentarius</GBSeq_organism>
 <GBSeq_organism>Lactobacillus paracollinoides</GBSeq_organism>
 <GBSeq_organism>Lactobacillus alimentarius</GBSeq_organism>
