 <GBSeq_organism>Streptomyces psammoticus</GBSeq_organism>
 <GBSeq_organism>Streptomyces lincolnensis</GBSeq_organism>
 <GBSeq_organism>Streptomyces ipomoeae</GBSeq_organism>
 <GBSeq_organism>Streptomyces niveiscabiei</GBSeq_organism>
 <GBSeq_organism>Streptomyces cellostaticus</GBSeq_organism>
 <GBSeq_organism>Streptomyces canarius</GBSeq_organism>
 <GBSeq_organism>Streptomyces cinnabarinus</GBSeq_organism>
 <GBSeq_organism>Streptomyces phaeogriseichromatogenes</GBSeq_organism>
 <GBSeq_organism>Trypanoplasma borreli</GBSeq_organism>
 <GBSeq_organism>Streptomyces fimbriatus</GBSeq_organism>
 <GBSeq_organism>Streptomyces phaeochromogenes</GBSeq_organism>
 <GBSeq_organism>Streptomyces durhamensis</GBSeq_organism>
 <GBSeq_organism>Streptomyces griseorubiginosus</GBSeq_organism>
 <GBSeq_organism>Streptomyces cinereoruber subsp. fructofermentans</GBSeq_organism>
 <GBSeq_organism>Streptomyces corchorusii</GBSeq_organism>
 <GBSeq_organism>Streptomyces filipinensis</GBSeq_organism>
 <GBSeq_organism>Streptomyces murinus</GBSeq_organism>
 <GBSeq_organism>Streptomyces graminearus</GBSeq_organism>
 <GBSeq_organism>Streptomyces achromogenes subsp. achromogenes</GBSeq_organism>
 <GBSeq_organism>Streptomyces canus</GBSeq_organism>
 <GBSeq_organism>Streptomyces deccanensis</GBSeq_organism>
 <GBSeq_organism>Streptomyces cyaneus</GBSeq_organism>
 <GBSeq_organism>Streptomyces scabiei</GBSeq_organism>
 <GBSeq_organism>Streptomyces puniciscabiei</GBSeq_organism>
 <GBSeq_organism>Chlorokybus atmophyticus</GBSeq_organism>
 <GBSeq_organism>Streptomyces corchorusii</GBSeq_organism>
 <GBSeq_organism>Streptomyces acidiscabies</GBSeq_organism>
 <GBSeq_organism>Streptomyces longisporus</GBSeq_organism>
 <GBSeq_organism>Streptomyces griseoruber</GBSeq_organism>
 <GBSeq_organism>Streptomyces torulosus</GBSeq_organism>
 <GBSeq_organism>Streptomyces lucensis JCM 4490</GBSeq_organism>
 <GBSeq_organism>Streptomyces echinatus</GBSeq_organism>
 <GBSeq_organism>Streptomyces reticuliscabiei</GBSeq_organism>
 <GBSeq_organism>Streptomyces werraensis</GBSeq_organism>
 <GBSeq_organism>Streptomyces neyagawaensis</GBSeq_organism>
 <GBSeq_organism>Streptomyces aurantiacus</GBSeq_organism>
 <GBSeq_organism>Streptomyces ederensis</GBSeq_organism>
 <GBSeq_organism>Streptomyces curacoi</GBSeq_organism>
 <GBSeq_organism>Streptomyces lanatus</GBSeq_organism>
 <GBSeq_organism>Streptomyces ossamyceticus</GBSeq_organism>
 <GBSeq_organism>Streptomyces antibioticus</GBSeq_organism>
 <GBSeq_organism>Streptomyces griseofuscus</GBSeq_organism>
