 <GBSeq_organism>Verrucomicrobiae bacterium pACH90</GBSeq_organism>
 <GBSeq_organism>Escherichia coli DSM 30083 = JCM 1649 = ATCC 11775</GBSeq_organism>
 <GBSeq_organism>uncultured Verrucomicrobia bacterium</GBSeq_organism>
 <GBSeq_organism>uncultured Verrucomicrobia bacterium</GBSeq_organism>
 <GBSeq_organism>Diplosphaera colitermitum TAV2</GBSeq_organism>
 <GBSeq_organism>uncultured bacterium</GBSeq_organism>
 <GBSeq_organism>Chthoniobacter flavus Ellin428</GBSeq_organism>
 <GBSeq_organism>Rubritalea marina</GBSeq_organism>
 <GBSeq_organism>Puniceicoccus vermicola</GBSeq_organism>
 <GBSeq_organism>Opitutaceae bacterium TAV1</GBSeq_organism>
 <GBSeq_organism>Opitutus terrae</GBSeq_organism>
 <GBSeq_organism>Akkermansia muciniphila ATCC BAA-835</GBSeq_organism>
 <GBSeq_organism>Opitutus sp. VeSm13</GBSeq_organism>
 <GBSeq_organism>bacterium Ellin5102</GBSeq_organism>
 <GBSeq_organism>uncultured Verrucomicrobia bacterium</GBSeq_organism>
 <GBSeq_organism>Verrucomicrobium spinosum DSM 4136 = JCM 18804</GBSeq_organism>
 <GBSeq_organism>Prosthecobacter fusiformis</GBSeq_organism>
 <GBSeq_organism>Alterococcus agarolyticus</GBSeq_organism>
 <GBSeq_organism>Opitutus sp. VeGlc2</GBSeq_organism>
 <GBSeq_organism>Coraliomargarita akajimensis DSM 45221</GBSeq_organism>
 <GBSeq_organism>Opitutus terrae PB90-1</GBSeq_organism>
 <GBSeq_organism>Opitutaceae bacterium TAV3</GBSeq_organism>
 <GBSeq_organism>Pelagicoccus albus</GBSeq_organism>
 <GBSeq_organism>Opitutaceae bacterium TAV4</GBSeq_organism>
 <GBSeq_organism>Opitutus terrae</GBSeq_organism>
 <GBSeq_organism>Opitutus sp. VeCb1</GBSeq_organism>
 <GBSeq_organism>unidentified eubacterium LD19</GBSeq_organism>
 <GBSeq_organism>Opitutus sp. SA-9</GBSeq_organism>
