 <GBSeq_organism>Bifidobacterium animalis subsp. lactis DSM 10140</GBSeq_organism>
 <GBSeq_organism>Bifidobacterium bifidum</GBSeq_organism>
 <GBSeq_organism>Bifidobacterium mongoliense</GBSeq_organism>
 <GBSeq_organism>Bifidobacterium gallicum DSM 20093 = LMG 11596</GBSeq_organism>
 <GBSeq_organism>Bifidobacterium thermophilum</GBSeq_organism>
 <GBSeq_organism>Bifidobacterium breve</GBSeq_organism>
 <GBSeq_organism>Bifidobacterium pseudolongum subsp. globosum</GBSeq_organism>
 <GBSeq_organism>Bifidobacterium pullorum</GBSeq_organism>
 <GBSeq_organism>Bifidobacterium adolescentis</GBSeq_organism>
 <GBSeq_organism>Bifidobacterium angulatum DSM 20098 = JCM 7096</GBSeq_organism>
 <GBSeq_organism>Bifidobacterium dentium JCM 1195 = DSM 20436</GBSeq_organism>
 <GBSeq_organism>Bifidobacterium pseudolongum subsp. pseudolongum</GBSeq_organism>
 <GBSeq_organism>Bifidobacterium gallinarum</GBSeq_organism>
 <GBSeq_organism>Bifidobacterium subtile</GBSeq_organism>
 <GBSeq_organism>Bifidobacterium psychraerophilum</GBSeq_organism>
 <GBSeq_organism>Bifidobacterium minimum</GBSeq_organism>
 <GBSeq_organism>Bifidobacterium longum subsp. suis</GBSeq_organism>
 <GBSeq_organism>Bifidobacterium longum subsp. longum</GBSeq_organism>
 <GBSeq_organism>Bifidobacterium cuniculi</GBSeq_organism>
 <GBSeq_organism>Bifidobacterium longum subsp. infantis ATCC 15697 = JCM 1222 = DSM 20088</GBSeq_organism>
 <GBSeq_organism>Bifidobacterium catenulatum DSM 16992 = JCM 1194 = LMG 11043</GBSeq_organism>
 <GBSeq_organism>Bifidobacterium mongoliense</GBSeq_organism>
 <GBSeq_organism>Bifidobacterium animalis subsp. animalis ATCC 25527</GBSeq_organism>
 <GBSeq_organism>Bacillus subtilis subsp. subtilis str. 168</GBSeq_organism>
