 <GBSeq_organism>Pediococcus acidilactici DSM 20284</GBSeq_organism>
 <GBSeq_organism>Aerococcus urinaeequi</GBSeq_organism>
 <GBSeq_organism>Dolosigranulum pigrum</GBSeq_organism>
 <GBSeq_organism>Pediococcus parvulus</GBSeq_organism>
 <GBSeq_organism>Syntrophococcus sucromutans</GBSeq_organism>
 <GBSeq_organism>Aerococcus urinae</GBSeq_organism>
 <GBSeq_organism>Pediococcus damnosus</GBSeq_organism>
 <GBSeq_organism>Tetragenococcus halophilus subsp. halophilus DSM 20339</GBSeq_organism>
 <GBSeq_organism>Aerococcus christensenii</GBSeq_organism>
 <GBSeq_organism>Lactobacillus delbrueckii</GBSeq_organism>
 <GBSeq_organism>Trichococcus flocculiformis</GBSeq_organism>
 <GBSeq_organism>Pediococcus inopinatus</GBSeq_organism>
 <GBSeq_organism>Oenococcus oeni</GBSeq_organism>
 <GBSeq_organism>Melissococcus plutonius</GBSeq_organism>
 <GBSeq_organism>Dolosicoccus paucivorans</GBSeq_organism>
 <GBSeq_organism>Olsenella uli DSM 7084</GBSeq_organism>
 <GBSeq_organism>Aerococcus viridans ATCC 11563</GBSeq_organism>
 <GBSeq_organism>Granulicatella adiacens</GBSeq_organism>
 <GBSeq_organism>Lactococcus lactis subsp. lactis</GBSeq_organism>
 <GBSeq_organism>Leuconostoc mesenteroides subsp. mesenteroides</GBSeq_organism>
 <GBSeq_organism>Desemzia incerta</GBSeq_organism>
 <GBSeq_organism>Eremococcus coleocola</GBSeq_organism>
 <GBSeq_organism>Facklamia hominis</GBSeq_organism>
 <GBSeq_organism>Aerococcus sanguinicola</GBSeq_organism>
 <GBSeq_organism>Vagococcus fessus</GBSeq_organism>
 <GBSeq_organism>Aerococcus urinaehominis</GBSeq_organism>
 <GBSeq_organism>Enterococcus faecalis</GBSeq_organism>
 <GBSeq_organism>Pediococcus pentosaceus</GBSeq_organism>
 <GBSeq_organism>Ignavigranum ruoffiae</GBSeq_organism>
 <GBSeq_organism>Vagococcus lutrae</GBSeq_organism>
 <GBSeq_organism>Alloiococcus otitis</GBSeq_organism>
 <GBSeq_organism>Lactobacillus dextrinicus</GBSeq_organism>
 <GBSeq_organism>Carnobacterium divergens</GBSeq_organism>
 <GBSeq_organism>Pediococcus claussenii</GBSeq_organism>
 <GBSeq_organism>Abiotrophia defectiva ATCC 49176</GBSeq_organism>
