 <GBSeq_organism>Ramlibacter tataouinensis TTB310</GBSeq_organism>
 <GBSeq_organism>Acidovorax wohlfahrtii</GBSeq_organism>
 <GBSeq_organism>Curvibacter delicatus</GBSeq_organism>
 <GBSeq_organism>Rhodoferax antarcticus ANT.BR</GBSeq_organism>
 <GBSeq_organism>Acidovorax defluvii</GBSeq_organism>
 <GBSeq_organism>Acidovorax avenae subsp. avenae</GBSeq_organism>
 <GBSeq_organism>Hydrogenophaga pseudoflava</GBSeq_organism>
 <GBSeq_organism>Xenophilus azovorans</GBSeq_organism>
 <GBSeq_organism>Tepidimonas ignava</GBSeq_organism>
 <GBSeq_organism>Giesbergeria sinuosa</GBSeq_organism>
 <GBSeq_organism>Rhodoferax fermentans</GBSeq_organism>
 <GBSeq_organism>Malikia spinosa</GBSeq_organism>
 <GBSeq_organism>Brachymonas denitrificans</GBSeq_organism>
 <GBSeq_organism>Simplicispira metamorpha</GBSeq_organism>
 <GBSeq_organism>Thiomonas thermosulfata</GBSeq_organism>
 <GBSeq_organism>Pelomonas saccharophila</GBSeq_organism>
 <GBSeq_organism>Hydrogenophaga palleronii</GBSeq_organism>
 <GBSeq_organism>Comamonas terrigena</GBSeq_organism>
 <GBSeq_organism>Hydrogenophaga flava</GBSeq_organism>
 <GBSeq_organism>Rubrivivax gelatinosus</GBSeq_organism>
 <GBSeq_organism>Curvibacter lanceolatus</GBSeq_organism>
 <GBSeq_organism>Hydrogenophaga taeniospiralis CCUG 15921</GBSeq_organism>
 <GBSeq_organism>Simplicispira psychrophila</GBSeq_organism>
 <GBSeq_organism>Comamonas denitrificans</GBSeq_organism>
 <GBSeq_organism>Ramlibacter henchirensis</GBSeq_organism>
 <GBSeq_organism>Hylemonella gracilis ATCC 19624</GBSeq_organism>
