 <GBSeq_organism>uncultured bacterium</GBSeq_organism>
 <GBSeq_organism>Victivallis vadensis ATCC BAA-548</GBSeq_organism>
 <GBSeq_organism>uncultured Verrucomicrobia bacterium</GBSeq_organism>
 <GBSeq_organism>uncultured Verrucomicrobia bacterium</GBSeq_organism>
 <GBSeq_organism>uncultured Verrucomicrobia bacterium</GBSeq_organism>
 <GBSeq_organism>uncultured Verrucomicrobia bacterium</GBSeq_organism>
 <GBSeq_organism>Prosthecobacter dejongeii</GBSeq_organism>
 <GBSeq_organism>unidentified rumen bacterium RFP12</GBSeq_organism>
 <GBSeq_organism>Chthoniobacter flavus Ellin428</GBSeq_organism>
 <GBSeq_organism>uncultured Verrucomicrobia bacterium</GBSeq_organism>
 <GBSeq_organism>uncultured Verrucomicrobia bacterium</GBSeq_organism>
 <GBSeq_organism>uncultured soil bacterium</GBSeq_organism>
 <GBSeq_organism>Rubritalea marina</GBSeq_organism>
 <GBSeq_organism>uncultured Verrucomicrobia bacterium</GBSeq_organism>
 <GBSeq_organism>uncultured Verrucomicrobia bacterium</GBSeq_organism>
 <GBSeq_organism>Akkermansia muciniphila ATCC BAA-835</GBSeq_organism>
 <GBSeq_organism>Opitutus sp. VeSm13</GBSeq_organism>
 <GBSeq_organism>bacterium Ellin5102</GBSeq_organism>
 <GBSeq_organism>uncultured Verrucomicrobia bacterium</GBSeq_organism>
 <GBSeq_organism>unidentified Verrucomicrobium group OPB35</GBSeq_organism>
 <GBSeq_organism>Verrucomicrobium spinosum DSM 4136 = JCM 18804</GBSeq_organism>
 <GBSeq_organism>uncultured eubacterium WCHB1-25</GBSeq_organism>
 <GBSeq_organism>uncultured bacterium #0319-6L10</GBSeq_organism>
 <GBSeq_organism>uncultured Verrucomicrobia bacterium</GBSeq_organism>
 <GBSeq_organism>uncultured bacterium</GBSeq_organism>
 <GBSeq_organism>uncultured Verrucomicrobia bacterium</GBSeq_organism>
 <GBSeq_organism>Alterococcus agarolyticus</GBSeq_organism>
 <GBSeq_organism>uncultured soil bacterium</GBSeq_organism>
 <GBSeq_organism>Candidatus Xiphinematobacter brevicolli</GBSeq_organism>
 <GBSeq_organism>uncultured Verrucomicrobia bacterium</GBSeq_organism>
 <GBSeq_organism>uncultured Verrucomicrobia bacterium</GBSeq_organism>
 <GBSeq_organism>uncultured bacterium FukuN18</GBSeq_organism>
 <GBSeq_organism>Opitutus terrae PB90-1</GBSeq_organism>
 <GBSeq_organism>uncultured verrucomicrobium DEV114</GBSeq_organism>
 <GBSeq_organism>uncultured Verrucomicrobia bacterium</GBSeq_organism>
 <GBSeq_organism>uncultured Verrucomicrobia bacterium</GBSeq_organism>
 <GBSeq_organism>uncultured bacterium</GBSeq_organism>
 <GBSeq_organism>uncultured bacterium</GBSeq_organism>
 <GBSeq_organism>uncultured bacterium</GBSeq_organism>
 <GBSeq_organism>uncultured eubacterium WCHB1-41</GBSeq_organism>
 <GBSeq_organism>uncultured Verrucomicrobia bacterium</GBSeq_organism>
 <GBSeq_organism>uncultured sludge bacterium H2</GBSeq_organism>
 <GBSeq_organism>uncultured verrucomicrobium DEV179</GBSeq_organism>
 <GBSeq_organism>Epixenosomes of Euplotidium arenarium</GBSeq_organism>
 <GBSeq_organism>uncultured Crater Lake bacterium CL500-85</GBSeq_organism>
 <GBSeq_organism>uncultured verrucomicrobium MB11C04</GBSeq_organism>
 <GBSeq_organism>uncultured verrucomicrobium DEV005</GBSeq_organism>
 <GBSeq_organism>uncultured bacterium</GBSeq_organism>
 <GBSeq_organism>uncultured Verrucomicrobia bacterium</GBSeq_organism>
 <GBSeq_organism>uncultured verrucomicrobium DEV003</GBSeq_organism>
 <GBSeq_organism>uncultured verrucomicrobium DEV008</GBSeq_organism>
 <GBSeq_organism>unidentified eubacterium LD19</GBSeq_organism>
 <GBSeq_organism>uncultured Verrucomicrobia bacterium</GBSeq_organism>
 <GBSeq_organism>uncultured Verrucomicrobia bacterium</GBSeq_organism>
