 <GBSeq_organism>Rickettsiella grylli</GBSeq_organism>
 <GBSeq_organism>Escherichia coli DSM 30083 = JCM 1649 = ATCC 11775</GBSeq_organism>
 <GBSeq_organism>Parachlamydia acanthamoebae</GBSeq_organism>
 <GBSeq_organism>Legionella pneumophila</GBSeq_organism>
 <GBSeq_organism>Aquifex pyrophilus</GBSeq_organism>
 <GBSeq_organism>endosymbiont of Acanthamoeba sp. UWC22</GBSeq_organism>
 <GBSeq_organism>Chlamydophila caviae</GBSeq_organism>
 <GBSeq_organism>Candidatus Fritschea bemisiae</GBSeq_organism>
 <GBSeq_organism>Waddlia chondrophila WSU 86-1044</GBSeq_organism>
 <GBSeq_organism>Orientia tsutsugamushi</GBSeq_organism>
 <GBSeq_organism>uncultured Chlamydiales bacterium</GBSeq_organism>
 <GBSeq_organism>Coxiella burnetii</GBSeq_organism>
 <GBSeq_organism>uncultured Chlamydiales bacterium</GBSeq_organism>
 <GBSeq_organism>Chlamydia suis</GBSeq_organism>
 <GBSeq_organism>endosymbiont of Acanthamoeba sp. TUME1</GBSeq_organism>
 <GBSeq_organism>Rickettsia prowazekii</GBSeq_organism>
 <GBSeq_organism>Chlamydia psittaci 6BC</GBSeq_organism>
 <GBSeq_organism>Brucella abortus</GBSeq_organism>
 <GBSeq_organism>Candidatus Rhabdochlamydia porcellionis</GBSeq_organism>
 <GBSeq_organism>Bartonella bacilliformis</GBSeq_organism>
 <GBSeq_organism>endosymbiont of Acanthamoeba sp. UWE1</GBSeq_organism>
 <GBSeq_organism>Leiothrix lutea</GBSeq_organism>
 <GBSeq_organism>uncultured Chlamydiales bacterium</GBSeq_organism>
 <GBSeq_organism>Candidatus Protochlamydia amoebophila UWE25</GBSeq_organism>
 <GBSeq_organism>Chlamydia trachomatis</GBSeq_organism>
 <GBSeq_organism>Chlamydia muridarum</GBSeq_organism>
 <GBSeq_organism>uncultured bacterium corvenA4</GBSeq_organism>
 <GBSeq_organism>Wolbachia persica</GBSeq_organism>
 <GBSeq_organism>Simkania negevensis</GBSeq_organism>
