 <GBSeq_organism>Algibacter lectus</GBSeq_organism>
 <GBSeq_organism>Flavobacteriaceae bacterium SW268</GBSeq_organism>
 <GBSeq_organism>Leeuwenhoekiella marinoflava</GBSeq_organism>
 <GBSeq_organism>Zobellia galactanivorans</GBSeq_organism>
 <GBSeq_organism>Bizionia paragorgiae</GBSeq_organism>
 <GBSeq_organism>Polaribacter sp. SW019</GBSeq_organism>
 <GBSeq_organism>Flavobacteriaceae bacterium SW269</GBSeq_organism>
 <GBSeq_organism>Flavobacteriaceae bacterium SW058</GBSeq_organism>
 <GBSeq_organism>Salegentibacter salegens</GBSeq_organism>
 <GBSeq_organism>Tenacibaculum sp. SW258</GBSeq_organism>
 <GBSeq_organism>Cellulophaga sp. SW265</GBSeq_organism>
 <GBSeq_organism>Muricauda ruestringensis DSM 13258</GBSeq_organism>
 <GBSeq_organism>Aquimarina latercula</GBSeq_organism>
 <GBSeq_organism>Flavobacteriaceae bacterium SW084</GBSeq_organism>
 <GBSeq_organism>Aequorivita antarctica</GBSeq_organism>
 <GBSeq_organism>Gillisia limnaea DSM 15749</GBSeq_organism>
 <GBSeq_organism>Ulvibacter litoralis</GBSeq_organism>
 <GBSeq_organism>Pibocella ponti</GBSeq_organism>
 <GBSeq_organism>Leeuwenhoekiella aequorea</GBSeq_organism>
 <GBSeq_organism>Formosa algae</GBSeq_organism>
 <GBSeq_organism>Polaribacter filamentus</GBSeq_organism>
 <GBSeq_organism>Nonlabens xylanidelens</GBSeq_organism>
 <GBSeq_organism>Maribacter sedimenticola</GBSeq_organism>
 <GBSeq_organism>Flavobacteriaceae bacterium SW072</GBSeq_organism>
 <GBSeq_organism>Polaribacter sp. SW007</GBSeq_organism>
 <GBSeq_organism>Mesonia algae</GBSeq_organism>
 <GBSeq_organism>Psychroserpens burtonensis</GBSeq_organism>
 <GBSeq_organism>Flavobacteriaceae bacterium SW334</GBSeq_organism>
 <GBSeq_organism>Flavobacteriaceae bacterium SW062</GBSeq_organism>
 <GBSeq_organism>Psychroflexus torquis ATCC 700755</GBSeq_organism>
 <GBSeq_organism>Cellulophaga lytica</GBSeq_organism>
 <GBSeq_organism>Winogradskyella thalassocola</GBSeq_organism>
 <GBSeq_organism>Gelidibacter algens</GBSeq_organism>
 <GBSeq_organism>Flavobacteriaceae bacterium SW152</GBSeq_organism>
 <GBSeq_organism>Cellulophaga sp. SW285</GBSeq_organism>
 <GBSeq_organism>Kordia algicida OT-1</GBSeq_organism>
 <GBSeq_organism>Flavobacteriaceae bacterium SW325</GBSeq_organism>
 <GBSeq_organism>Zobellia uliginosa</GBSeq_organism>
 <GBSeq_organism>Polaribacter sp. SW146</GBSeq_organism>
 <GBSeq_organism>Cellulophaga baltica</GBSeq_organism>
 <GBSeq_organism>Tenacibaculum sp. SW274</GBSeq_organism>
 <GBSeq_organism>Tenacibaculum maritimum</GBSeq_organism>
 <GBSeq_organism>Robiginitalea biformata HTCC2501</GBSeq_organism>
 <GBSeq_organism>Aquimarina muelleri</GBSeq_organism>
