 <GBSeq_organism>Pseudoalteromonas elyakovii</GBSeq_organism>
 <GBSeq_organism>Pseudoalteromonas phenolica</GBSeq_organism>
 <GBSeq_organism>Pseudoalteromonas arctica</GBSeq_organism>
 <GBSeq_organism>Pseudoalteromonas aurantia</GBSeq_organism>
 <GBSeq_organism>Pseudoalteromonas antarctica</GBSeq_organism>
 <GBSeq_organism>Pseudoalteromonas carrageenovora</GBSeq_organism>
 <GBSeq_organism>Pseudoalteromonas undina</GBSeq_organism>
 <GBSeq_organism>Pseudoalteromonas issachenkonii</GBSeq_organism>
 <GBSeq_organism>Pseudoalteromonas peptidolytica</GBSeq_organism>
 <GBSeq_organism>Pseudoalteromonas tetraodonis</GBSeq_organism>
 <GBSeq_organism>Pseudoalteromonas prydzensis</GBSeq_organism>
 <GBSeq_organism>Pseudoalteromonas citrea</GBSeq_organism>
 <GBSeq_organism>Pseudoalteromonas rubra ATCC 29570</GBSeq_organism>
 <GBSeq_organism>Pseudoalteromonas espejiana</GBSeq_organism>
 <GBSeq_organism>Pseudoalteromonas atlantica</GBSeq_organism>
 <GBSeq_organism>Pseudoalteromonas haloplanktis</GBSeq_organism>
 <GBSeq_organism>Pseudoalteromonas mariniglutinosa</GBSeq_organism>
 <GBSeq_organism>Pseudoalteromonas aliena</GBSeq_organism>
 <GBSeq_organism>Pseudoalteromonas translucida</GBSeq_organism>
 <GBSeq_organism>Pseudoalteromonas luteoviolacea</GBSeq_organism>
 <GBSeq_organism>Pseudoalteromonas flavipulchra</GBSeq_organism>
 <GBSeq_organism>Pseudoalteromonas nigrifaciens</GBSeq_organism>
 <GBSeq_organism>Pseudoalteromonas porphyrae</GBSeq_organism>
 <GBSeq_organism>Bacillus halodurans</GBSeq_organism>
 <GBSeq_organism>Pseudoalteromonas agarivorans DSM 14585</GBSeq_organism>
 <GBSeq_organism>Pseudoalteromonas distincta</GBSeq_organism>
