 <GBSeq_organism>Taphrina robinsoniana</GBSeq_organism>
 <GBSeq_organism>Taphrina caerulescens</GBSeq_organism>
 <GBSeq_organism>Taphrina populina</GBSeq_organism>
 <GBSeq_organism>Taphrina deformans</GBSeq_organism>
 <GBSeq_organism>Taphrina betulina</GBSeq_organism>
 <GBSeq_organism>Taphrina tosquinetii</GBSeq_organism>
 <GBSeq_organism>Taphrina sadebeckii</GBSeq_organism>
 <GBSeq_organism>Taphrina carpini</GBSeq_organism>
 <GBSeq_organism>Taphrina wiesneri</GBSeq_organism>
 <GBSeq_organism>Taphrina padi</GBSeq_organism>
 <GBSeq_organism>Taphrina communis</GBSeq_organism>
 <GBSeq_organism>Taphrina robinsoniana</GBSeq_organism>
 <GBSeq_organism>Taphrina communis</GBSeq_organism>
 <GBSeq_organism>Taphrina tosquinetii</GBSeq_organism>
 <GBSeq_organism>Taphrina confusa</GBSeq_organism>
 <GBSeq_organism>Taphrina letifera</GBSeq_organism>
 <GBSeq_organism>Taphrina americana</GBSeq_organism>
 <GBSeq_organism>Taphrina deformans</GBSeq_organism>
 <GBSeq_organism>Taphrina carnea</GBSeq_organism>
 <GBSeq_organism>Taphrina populi-salicis</GBSeq_organism>
 <GBSeq_organism>Taphrina polystichi</GBSeq_organism>
 <GBSeq_organism>Taphrina tormentillae</GBSeq_organism>
 <GBSeq_organism>Taphrina wiesneri</GBSeq_organism>
 <GBSeq_organism>Taphrina populina</GBSeq_organism>
 <GBSeq_organism>Taphrina flavorubra</GBSeq_organism>
 <GBSeq_organism>Taphrina virginica</GBSeq_organism>
 <GBSeq_organism>Taphrina dearnessii</GBSeq_organism>
 <GBSeq_organism>Taphrina deformans</GBSeq_organism>
 <GBSeq_organism>Taphrina alni</GBSeq_organism>
 <GBSeq_organism>Taphrina pruni</GBSeq_organism>
 <GBSeq_organism>Taphrina ulmi</GBSeq_organism>
 <GBSeq_organism>Taphrina deformans</GBSeq_organism>
 <GBSeq_organism>Taphrina wiesneri</GBSeq_organism>
 <GBSeq_organism>Taphrina epiphylla</GBSeq_organism>
 <GBSeq_organism>Taphrina purpurascens</GBSeq_organism>
 <GBSeq_organism>Taphrina pruni-subcordatae</GBSeq_organism>
 <GBSeq_organism>Taphrina wiesneri</GBSeq_organism>
 <GBSeq_organism>Taphrina sadebeckii</GBSeq_organism>
 <GBSeq_organism>Taphrina padi</GBSeq_organism>
 <GBSeq_organism>Taphrina pruni</GBSeq_organism>
 <GBSeq_organism>Taphrina mirabilis</GBSeq_organism>
 <GBSeq_organism>Taphrina communis</GBSeq_organism>
 <GBSeq_organism>Taphrina carnea</GBSeq_organism>
 <GBSeq_organism>Taphrina betulina</GBSeq_organism>
 <GBSeq_organism>Taphrina flavorubra</GBSeq_organism>
 <GBSeq_organism>Taphrina sadebeckii</GBSeq_organism>
 <GBSeq_organism>Taphrina confusa</GBSeq_organism>
 <GBSeq_organism>Taphrina alni</GBSeq_organism>
 <GBSeq_organism>Taphrina pruni</GBSeq_organism>
 <GBSeq_organism>Taphrina sacchari</GBSeq_organism>
 <GBSeq_organism>Taphrina mirabilis</GBSeq_organism>
 <GBSeq_organism>Taphrina nana</GBSeq_organism>
 <GBSeq_organism>Taphrina deformans</GBSeq_organism>
 <GBSeq_organism>Taphrina caerulescens</GBSeq_organism>
 <GBSeq_organism>Taphrina vestergrenii</GBSeq_organism>
 <GBSeq_organism>Taphrina populina</GBSeq_organism>
