 <GBSeq_organism>Diplonema sp. ATCC 50224</GBSeq_organism>
 <GBSeq_organism>Saccharomyces cerevisiae</GBSeq_organism>
 <GBSeq_organism>Petalomonas cantuscygni</GBSeq_organism>
 <GBSeq_organism>Astasia sp. ASW08097</GBSeq_organism>
 <GBSeq_organism>Marchantia polymorpha</GBSeq_organism>
 <GBSeq_organism>Distigma proteus var. longicauda</GBSeq_organism>
 <GBSeq_organism>Trachelomonas echinata</GBSeq_organism>
 <GBSeq_organism>Rhabdomonas costata</GBSeq_organism>
 <GBSeq_organism>Trypanosoma brucei</GBSeq_organism>
 <GBSeq_organism>Crithidia fasciculata</GBSeq_organism>
 <GBSeq_organism>Eutreptiella sp. CCMP389</GBSeq_organism>
 <GBSeq_organism>Parabodo caudatus</GBSeq_organism>
 <GBSeq_organism>Proceraea cornuta</GBSeq_organism>
 <GBSeq_organism>Menoidium bibacillatum</GBSeq_organism>
 <GBSeq_organism>Parmidium circulare</GBSeq_organism>
 <GBSeq_organism>Distigma curvata</GBSeq_organism>
 <GBSeq_organism>Cryptobia bullocki</GBSeq_organism>
 <GBSeq_organism>Distigma curvata</GBSeq_organism>
 <GBSeq_organism>Monomorphina ovata</GBSeq_organism>
 <GBSeq_organism>Euglena gracilis</GBSeq_organism>
 <GBSeq_organism>Akashiwo sanguinea</GBSeq_organism>
 <GBSeq_organism>Distigma proteus var. longicauda</GBSeq_organism>
