 <GBSeq_organism>Streptococcus orisratti</GBSeq_organism>
 <GBSeq_organism>Streptococcus gallolyticus subsp. gallolyticus</GBSeq_organism>
 <GBSeq_organism>Streptococcus pyogenes</GBSeq_organism>
 <GBSeq_organism>Streptococcus thermophilus</GBSeq_organism>
 <GBSeq_organism>Streptococcus criceti</GBSeq_organism>
 <GBSeq_organism>Streptococcus equinus ATCC 9812</GBSeq_organism>
 <GBSeq_organism>Streptococcus sinensis</GBSeq_organism>
 <GBSeq_organism>Streptococcus australis ATCC 700641</GBSeq_organism>
 <GBSeq_organism>Streptococcus ratti</GBSeq_organism>
 <GBSeq_organism>Streptococcus cristatus ATCC 51100</GBSeq_organism>
 <GBSeq_organism>Streptococcus infantis ATCC 700779</GBSeq_organism>
 <GBSeq_organism>Streptococcus intermedius</GBSeq_organism>
 <GBSeq_organism>Streptococcus downei MFe28</GBSeq_organism>
 <GBSeq_organism>Streptococcus massiliensis</GBSeq_organism>
 <GBSeq_organism>Streptococcus salivarius</GBSeq_organism>
 <GBSeq_organism>Streptococcus suis</GBSeq_organism>
 <GBSeq_organism>Streptococcus ferus</GBSeq_organism>
 <GBSeq_organism>Streptococcus oralis ATCC 35037</GBSeq_organism>
 <GBSeq_organism>Streptococcus anginosus SK52 = DSM 20563</GBSeq_organism>
 <GBSeq_organism>Streptococcus sobrinus</GBSeq_organism>
 <GBSeq_organism>Streptococcus gordonii</GBSeq_organism>
 <GBSeq_organism>Streptococcus mutans</GBSeq_organism>
 <GBSeq_organism>Streptococcus sanguinis SK1</GBSeq_organism>
 <GBSeq_organism>Streptococcus macacae NCTC 11558</GBSeq_organism>
 <GBSeq_organism>Streptococcus lutetiensis</GBSeq_organism>
 <GBSeq_organism>Staphylococcus aureus</GBSeq_organism>
 <GBSeq_organism>Streptococcus pneumoniae</GBSeq_organism>
 <GBSeq_organism>Streptococcus parasanguinis ATCC 15912</GBSeq_organism>
 <GBSeq_organism>Streptococcus gordonii</GBSeq_organism>
 <GBSeq_organism>Streptococcus mitis</GBSeq_organism>
 <GBSeq_organism>Streptococcus constellatus</GBSeq_organism>
 <GBSeq_organism>Streptococcus agalactiae ATCC 13813</GBSeq_organism>
 <GBSeq_organism>Streptococcus infantarius subsp. infantarius</GBSeq_organism>
