 <GBSeq_organism>Mycobacterium fortuitum</GBSeq_organism>
 <GBSeq_organism>Mycobacterium riyadhense</GBSeq_organism>
 <GBSeq_organism>Mycobacterium marinum</GBSeq_organism>
 <GBSeq_organism>Mycobacterium simiae</GBSeq_organism>
 <GBSeq_organism>Mycobacterium branderi</GBSeq_organism>
 <GBSeq_organism>Mycobacterium terrae</GBSeq_organism>
 <GBSeq_organism>Mycobacterium bohemicum</GBSeq_organism>
 <GBSeq_organism>Nocardia abscessus NBRC 100374</GBSeq_organism>
 <GBSeq_organism>Mycobacterium botniense</GBSeq_organism>
 <GBSeq_organism>Mycobacterium conspicuum</GBSeq_organism>
 <GBSeq_organism>Mycobacterium avium subsp. avium</GBSeq_organism>
 <GBSeq_organism>Mycobacterium kansasii</GBSeq_organism>
 <GBSeq_organism>Mycobacterium tuberculosis</GBSeq_organism>
 <GBSeq_organism>Mycobacterium celatum</GBSeq_organism>
 <GBSeq_organism>Mycobacterium lacus</GBSeq_organism>
 <GBSeq_organism>Mycobacterium heckeshornense</GBSeq_organism>
 <GBSeq_organism>Mycobacterium gordonae</GBSeq_organism>
 <GBSeq_organism>Mycobacterium haemophilum</GBSeq_organism>
 <GBSeq_organism>Mycobacterium xenopi</GBSeq_organism>
 <GBSeq_organism>Mycobacterium szulgai</GBSeq_organism>
 <GBSeq_organism>Mycobacterium abscessus</GBSeq_organism>
 <GBSeq_organism>Mycobacterium wolinskyi</GBSeq_organism>
 <GBSeq_organism>Mycobacterium malmoense</GBSeq_organism>
