 <GBSeq_organism>Cellulomonas chitinilytica JCM 16927</GBSeq_organism>
 <GBSeq_organism>Cellulomonas hominis</GBSeq_organism>
 <GBSeq_organism>Cellulomonas gelida</GBSeq_organism>
 <GBSeq_organism>Oerskovia turbata NBRC 15015</GBSeq_organism>
 <GBSeq_organism>Cellulomonas terrae</GBSeq_organism>
 <GBSeq_organism>Cellulomonas flavigena DSM 20109</GBSeq_organism>
 <GBSeq_organism>Cellulosimicrobium cellulans</GBSeq_organism>
 <GBSeq_organism>Cellulomonas iranensis</GBSeq_organism>
 <GBSeq_organism>Cellulomonas denverensis</GBSeq_organism>
 <GBSeq_organism>Cellulomonas uda</GBSeq_organism>
 <GBSeq_organism>Oerskovia enterophila</GBSeq_organism>
 <GBSeq_organism>Cellulomonas humilata</GBSeq_organism>
 <GBSeq_organism>Cellulomonas biazotea</GBSeq_organism>
 <GBSeq_organism>Cellulomonas aerilata</GBSeq_organism>
 <GBSeq_organism>Actinotalea fermentans ATCC 43279 = JCM 9966 = DSM 3133</GBSeq_organism>
 <GBSeq_organism>Cellulomonas xylanilytica</GBSeq_organism>
 <GBSeq_organism>Oerskovia jenensis</GBSeq_organism>
 <GBSeq_organism>Promicromonospora citrea</GBSeq_organism>
 <GBSeq_organism>Cellulomonas composti</GBSeq_organism>
 <GBSeq_organism>Cellulomonas bogoriensis</GBSeq_organism>
 <GBSeq_organism>Oerskovia paurometabola</GBSeq_organism>
 <GBSeq_organism>Cellulomonas cellasea DSM 20118</GBSeq_organism>
 <GBSeq_organism>Cellulomonas fimi ATCC 484</GBSeq_organism>
