 <GBSeq_organism>Enterococcus canintestini</GBSeq_organism>
 <GBSeq_organism>Enterococcus villorum</GBSeq_organism>
 <GBSeq_organism>Enterococcus cecorum DSM 20682 = ATCC 43198</GBSeq_organism>
 <GBSeq_organism>Enterococcus mundtii</GBSeq_organism>
 <GBSeq_organism>Vagococcus salmoninarum</GBSeq_organism>
 <GBSeq_organism>Vagococcus penaei</GBSeq_organism>
 <GBSeq_organism>Enterococcus faecium</GBSeq_organism>
 <GBSeq_organism>Enterococcus hirae</GBSeq_organism>
 <GBSeq_organism>Enterococcus sulfureus ATCC 49903</GBSeq_organism>
 <GBSeq_organism>Enterococcus durans</GBSeq_organism>
 <GBSeq_organism>Enterococcus termitis</GBSeq_organism>
 <GBSeq_organism>Enterococcus phoeniculicola</GBSeq_organism>
 <GBSeq_organism>Enterococcus italicus</GBSeq_organism>
 <GBSeq_organism>Enterococcus silesiacus</GBSeq_organism>
 <GBSeq_organism>Enterococcus moraviensis</GBSeq_organism>
 <GBSeq_organism>Vagococcus fessus</GBSeq_organism>
 <GBSeq_organism>Vagococcus lutrae</GBSeq_organism>
 <GBSeq_organism>Vagococcus elongatus</GBSeq_organism>
 <GBSeq_organism>Enterococcus aquimarinus</GBSeq_organism>
 <GBSeq_organism>Enterococcus caccae</GBSeq_organism>
