 <GBSeq_organism>Nocardia neocaledoniensis</GBSeq_organism>
 <GBSeq_organism>Nocardia beijingensis</GBSeq_organism>
 <GBSeq_organism>Nocardia fluminea</GBSeq_organism>
 <GBSeq_organism>Nocardia veterana</GBSeq_organism>
 <GBSeq_organism>Nocardia cerradoensis</GBSeq_organism>
 <GBSeq_organism>Nocardia pigrifrangens</GBSeq_organism>
 <GBSeq_organism>Nocardia otitidiscaviarum</GBSeq_organism>
 <GBSeq_organism>Nocardia pseudobrasiliensis</GBSeq_organism>
 <GBSeq_organism>Nocardia africana</GBSeq_organism>
 <GBSeq_organism>Nocardia cyriacigeorgica</GBSeq_organism>
 <GBSeq_organism>Homo sapiens</GBSeq_organism>
 <GBSeq_organism>Nocardia puris</GBSeq_organism>
 <GBSeq_organism>Nocardia pseudovaccinii</GBSeq_organism>
 <GBSeq_organism>Nocardia caishijiensis</GBSeq_organism>
 <GBSeq_organism>Nocardia soli</GBSeq_organism>
 <GBSeq_organism>Nocardia abscessus NBRC 100374</GBSeq_organism>
 <GBSeq_organism>Nocardia paucivorans</GBSeq_organism>
 <GBSeq_organism>Nocardia tenerifensis</GBSeq_organism>
 <GBSeq_organism>Nocardia xishanensis</GBSeq_organism>
 <GBSeq_organism>Nocardia soli</GBSeq_organism>
 <GBSeq_organism>Nocardia transvalensis</GBSeq_organism>
