 <GBSeq_organism>Lactobacillus farraginis</GBSeq_organism>
 <GBSeq_organism>Lactobacillus oeni</GBSeq_organism>
 <GBSeq_organism>Lactobacillus hilgardii</GBSeq_organism>
 <GBSeq_organism>Lactobacillus fructivorans KCTC 3543 = DSM 20203</GBSeq_organism>
 <GBSeq_organism>Lactobacillus composti</GBSeq_organism>
 <GBSeq_organism>Lactobacillus diolivorans</GBSeq_organism>
 <GBSeq_organism>Lactobacillus delbrueckii subsp. delbrueckii</GBSeq_organism>
 <GBSeq_organism>Lactobacillus sakei subsp. sakei</GBSeq_organism>
 <GBSeq_organism>Lactobacillus malefermentans</GBSeq_organism>
 <GBSeq_organism>Lactobacillus casei subsp. casei ATCC 393</GBSeq_organism>
 <GBSeq_organism>Lactobacillus rhamnosus</GBSeq_organism>
 <GBSeq_organism>Lactobacillus salivarius</GBSeq_organism>
 <GBSeq_organism>Lactobacillus mali KCTC 3596 = DSM 20444</GBSeq_organism>
 <GBSeq_organism>Lactobacillus curvatus</GBSeq_organism>
 <GBSeq_organism>Lactobacillus buchneri</GBSeq_organism>
 <GBSeq_organism>Lactobacillus ozensis</GBSeq_organism>
 <GBSeq_organism>Lactobacillus paracasei subsp. paracasei</GBSeq_organism>
 <GBSeq_organism>Lactobacillus rapi</GBSeq_organism>
 <GBSeq_organism>Lactobacillus satsumensis</GBSeq_organism>
 <GBSeq_organism>Lactobacillus hammesii</GBSeq_organism>
 <GBSeq_organism>Lactobacillus parabuchneri</GBSeq_organism>
 <GBSeq_organism>Lactobacillus cacaonum</GBSeq_organism>
 <GBSeq_organism>Lactobacillus kunkeei</GBSeq_organism>
 <GBSeq_organism>Lactobacillus nodensis</GBSeq_organism>
 <GBSeq_organism>Lactobacillus kisonensis</GBSeq_organism>
