 <GBSeq_organism>Streptomyces cyaneus</GBSeq_organism>
 <GBSeq_organism>Streptomyces bikiniensis</GBSeq_organism>
 <GBSeq_organism>Streptomyces griseocarneus</GBSeq_organism>
 <GBSeq_organism>Streptomyces neyagawaensis</GBSeq_organism>
 <GBSeq_organism>Streptomyces melanosporofaciens</GBSeq_organism>
 <GBSeq_organism>Streptomyces mashuensis</GBSeq_organism>
 <GBSeq_organism>Streptomyces malaysiensis</GBSeq_organism>
 <GBSeq_organism>Streptomyces cinnabarinus</GBSeq_organism>
 <GBSeq_organism>Streptomyces mirabilis</GBSeq_organism>
 <GBSeq_organism>Streptomyces yeochonensis</GBSeq_organism>
 <GBSeq_organism>Streptomyces griseochromogenes</GBSeq_organism>
 <GBSeq_organism>Streptomyces subrutilus</GBSeq_organism>
 <GBSeq_organism>Streptomyces griseorubiginosus</GBSeq_organism>
 <GBSeq_organism>Streptomyces caviscabies</GBSeq_organism>
 <GBSeq_organism>Streptomyces scabiei</GBSeq_organism>
 <GBSeq_organism>Streptomyces cyaneus</GBSeq_organism>
 <GBSeq_organism>Streptomyces hygroscopicus</GBSeq_organism>
 <GBSeq_organism>Streptomyces longisporus</GBSeq_organism>
 <GBSeq_organism>Streptomyces violaceusniger</GBSeq_organism>
 <GBSeq_organism>Streptomyces chartreusis</GBSeq_organism>
 <GBSeq_organism>Streptomyces echinatus</GBSeq_organism>
 <GBSeq_organism>Streptomyces griseus</GBSeq_organism>
 <GBSeq_organism>Streptomyces bottropensis ATCC 25435</GBSeq_organism>
 <GBSeq_organism>Streptomyces resistomycificus</GBSeq_organism>
 <GBSeq_organism>Streptomyces lavendulae</GBSeq_organism>
 <GBSeq_organism>Streptomyces lanatus</GBSeq_organism>
 <GBSeq_organism>Streptomyces sp. JL164</GBSeq_organism>
