 <GBSeq_organism>Parvularcula bermudensis HTCC2503</GBSeq_organism>
 <GBSeq_organism>Octadecabacter arcticus</GBSeq_organism>
 <GBSeq_organism>Roseobacter litoralis Och 149</GBSeq_organism>
 <GBSeq_organism>Roseivivax halotolerans</GBSeq_organism>
 <GBSeq_organism>Leisingera methylohalidivorans DSM 14336</GBSeq_organism>
 <GBSeq_organism>Jannaschia helgolandensis</GBSeq_organism>
 <GBSeq_organism>hydrothermal vent strain TB66</GBSeq_organism>
 <GBSeq_organism>Silicibacter lacuscaerulensis ITI-1157</GBSeq_organism>
 <GBSeq_organism>Rhodobaca bogoriensis DSM 18756</GBSeq_organism>
 <GBSeq_organism>Sulfitobacter guttiformis</GBSeq_organism>
 <GBSeq_organism>Sulfitobacter pontiacus</GBSeq_organism>
 <GBSeq_organism>Roseivivax halodurans</GBSeq_organism>
 <GBSeq_organism>Sagittula stellata</GBSeq_organism>
 <GBSeq_organism>Pelagibaca bermudensis HTCC2601</GBSeq_organism>
 <GBSeq_organism>Roseovarius tolerans</GBSeq_organism>
 <GBSeq_organism>alpha proteobacterium GMDJE10F1</GBSeq_organism>
 <GBSeq_organism>Roseinatronobacter thiooxidans</GBSeq_organism>
 <GBSeq_organism>Palleronia marisminoris</GBSeq_organism>
 <GBSeq_organism>Paracoccus denitrificans</GBSeq_organism>
 <GBSeq_organism>Ketogulonicigenium vulgare</GBSeq_organism>
 <GBSeq_organism>Ruegeria atlantica</GBSeq_organism>
 <GBSeq_organism>Oceanicola granulosus</GBSeq_organism>
 <GBSeq_organism>Salipiger mucosus DSM 16094</GBSeq_organism>
