 <GBSeq_organism>Leptothrix mobilis</GBSeq_organism>
 <GBSeq_organism>Burkholderia phenazinium</GBSeq_organism>
 <GBSeq_organism>Burkholderia multivorans ATCC BAA-247</GBSeq_organism>
 <GBSeq_organism>Burkholderia andropogonis</GBSeq_organism>
 <GBSeq_organism>Burkholderia stabilis</GBSeq_organism>
 <GBSeq_organism>Burkholderia caryophylli</GBSeq_organism>
 <GBSeq_organism>Burkholderia gladioli</GBSeq_organism>
 <GBSeq_organism>Burkholderia pyrrocinia</GBSeq_organism>
 <GBSeq_organism>Burkholderia kururiensis</GBSeq_organism>
 <GBSeq_organism>Burkholderia caribensis</GBSeq_organism>
 <GBSeq_organism>Burkholderia glathei</GBSeq_organism>
 <GBSeq_organism>Burkholderia thailandensis E264</GBSeq_organism>
 <GBSeq_organism>Ralstonia pickettii</GBSeq_organism>
 <GBSeq_organism>Burkholderia mallei</GBSeq_organism>
 <GBSeq_organism>Pseudomonas aeruginosa</GBSeq_organism>
 <GBSeq_organism>Pandoraea apista</GBSeq_organism>
 <GBSeq_organism>Burkholderia oklahomensis C6786</GBSeq_organism>
 <GBSeq_organism>Burkholderia glumae LMG 2196</GBSeq_organism>
 <GBSeq_organism>Burkholderia plantarii</GBSeq_organism>
 <GBSeq_organism>Burkholderia graminis C4D1M</GBSeq_organism>
 <GBSeq_organism>Burkholderia pseudomallei</GBSeq_organism>
 <GBSeq_organism>Burkholderia cepacia ATCC 25416</GBSeq_organism>
 <GBSeq_organism>Burkholderia vietnamiensis</GBSeq_organism>
