 <GBSeq_organism>Streptomyces yanii</GBSeq_organism>
 <GBSeq_organism>Streptomyces anulatus</GBSeq_organism>
 <GBSeq_organism>Streptomyces cyaneus</GBSeq_organism>
 <GBSeq_organism>Streptomyces clavifer</GBSeq_organism>
 <GBSeq_organism>Streptomyces argenteolus</GBSeq_organism>
 <GBSeq_organism>Streptomyces cirratus</GBSeq_organism>
 <GBSeq_organism>Streptomyces caniferus</GBSeq_organism>
 <GBSeq_organism>Streptomyces bobili</GBSeq_organism>
 <GBSeq_organism>Streptomyces virginiae</GBSeq_organism>
 <GBSeq_organism>Streptomyces albovinaceus</GBSeq_organism>
 <GBSeq_organism>Streptomyces luridiscabiei</GBSeq_organism>
 <GBSeq_organism>Streptomyces aureus</GBSeq_organism>
 <GBSeq_organism>Streptomyces cremeus</GBSeq_organism>
 <GBSeq_organism>Streptomyces bacillaris</GBSeq_organism>
 <GBSeq_organism>Streptomyces fimicarius</GBSeq_organism>
 <GBSeq_organism>Streptomyces microflavus</GBSeq_organism>
 <GBSeq_organism>Streptomyces mauvecolor</GBSeq_organism>
 <GBSeq_organism>Streptomyces spororaveus</GBSeq_organism>
 <GBSeq_organism>Streptomyces subrutilus</GBSeq_organism>
 <GBSeq_organism>Streptomyces spiroverticillatus</GBSeq_organism>
 <GBSeq_organism>Streptomyces nojiriensis</GBSeq_organism>
 <GBSeq_organism>Streptomyces niveus</GBSeq_organism>
 <GBSeq_organism>Nocardiopsis dassonvillei subsp. dassonvillei</GBSeq_organism>
 <GBSeq_organism>Streptomyces pulveraceus</GBSeq_organism>
 <GBSeq_organism>Streptomyces vinaceus</GBSeq_organism>
 <GBSeq_organism>Streptomyces exfoliatus</GBSeq_organism>
 <GBSeq_organism>Streptomyces sindenensis</GBSeq_organism>
 <GBSeq_organism>Streptomyces badius</GBSeq_organism>
