 <GBSeq_organism>Niabella yanshanensis</GBSeq_organism>
 <GBSeq_organism>Flavisolibacter ginsengiterrae</GBSeq_organism>
 <GBSeq_organism>Niastella koreensis GR20-10</GBSeq_organism>
 <GBSeq_organism>Gracilimonas tropica</GBSeq_organism>
 <GBSeq_organism>Lacibacter cauensis</GBSeq_organism>
 <GBSeq_organism>Chitinophaga terrae Kim and Jung 2007</GBSeq_organism>
 <GBSeq_organism>Parasegetibacter luojiensis</GBSeq_organism>
 <GBSeq_organism>Chitinophaga ginsengisegetis</GBSeq_organism>
 <GBSeq_organism>Flavisolibacter ginsengisoli</GBSeq_organism>
 <GBSeq_organism>Terrimonas ferruginea</GBSeq_organism>
 <GBSeq_organism>Chitinophaga niabensis</GBSeq_organism>
 <GBSeq_organism>Sediminibacterium salmoneum</GBSeq_organism>
 <GBSeq_organism>Segetibacter koreensis</GBSeq_organism>
 <GBSeq_organism>Chitinophaga niastensis</GBSeq_organism>
 <GBSeq_organism>Niabella aurantiaca</GBSeq_organism>
 <GBSeq_organism>Niabella ginsengisoli</GBSeq_organism>
 <GBSeq_organism>Niastella yeongjuensis</GBSeq_organism>
 <GBSeq_organism>Chitinophaga rupis</GBSeq_organism>
 <GBSeq_organism>Niabella soli DSM 19437</GBSeq_organism>
 <GBSeq_organism>Balneola vulgaris</GBSeq_organism>
 <GBSeq_organism>Niabella tibetensis</GBSeq_organism>
 <GBSeq_organism>Niastella populi</GBSeq_organism>
 <GBSeq_organism>Lernaeocera branchialis</GBSeq_organism>
