 <GBSeq_organism>Micromonospora carbonacea</GBSeq_organism>
 <GBSeq_organism>Dactylosporangium salmoneum</GBSeq_organism>
 <GBSeq_organism>Micromonospora halophytica</GBSeq_organism>
 <GBSeq_organism>Dactylosporangium thailandense</GBSeq_organism>
 <GBSeq_organism>Micromonospora matsumotoense</GBSeq_organism>
 <GBSeq_organism>Dactylosporangium aurantiacum</GBSeq_organism>
 <GBSeq_organism>Actinoplanes philippinensis</GBSeq_organism>
 <GBSeq_organism>Dactylosporangium matsuzakiense</GBSeq_organism>
 <GBSeq_organism>Dactylosporangium maewongense</GBSeq_organism>
 <GBSeq_organism>Dactylosporangium luridum</GBSeq_organism>
 <GBSeq_organism>Micromonospora aurantiaca</GBSeq_organism>
 <GBSeq_organism>Micromonospora chalcea</GBSeq_organism>
 <GBSeq_organism>Micromonospora mirobrigensis</GBSeq_organism>
 <GBSeq_organism>Dactylosporangium vinaceum</GBSeq_organism>
 <GBSeq_organism>Dactylosporangium fulvum</GBSeq_organism>
 <GBSeq_organism>Dactylosporangium tropicum</GBSeq_organism>
 <GBSeq_organism>Streptomyces ambofaciens</GBSeq_organism>
 <GBSeq_organism>Micromonospora siamensis</GBSeq_organism>
 <GBSeq_organism>Dactylosporangium roseum</GBSeq_organism>
 <GBSeq_organism>Dactylosporangium darangshiense</GBSeq_organism>
 <GBSeq_organism>Dactylosporangium luteum</GBSeq_organism>
