 <GBSeq_organism>Mycobacterium simiae</GBSeq_organism>
 <GBSeq_organism>Mycobacterium simiae</GBSeq_organism>
 <GBSeq_organism>Mycobacterium malmoense</GBSeq_organism>
 <GBSeq_organism>Mycobacterium lentiflavum</GBSeq_organism>
 <GBSeq_organism>Mycobacterium marinum</GBSeq_organism>
 <GBSeq_organism>Mycobacterium interjectum</GBSeq_organism>
 <GBSeq_organism>Nocardia asteroides NBRC 15531</GBSeq_organism>
 <GBSeq_organism>Mycobacterium terrae</GBSeq_organism>
 <GBSeq_organism>Mycobacterium intracellulare</GBSeq_organism>
 <GBSeq_organism>Mycobacterium shinjukuense</GBSeq_organism>
 <GBSeq_organism>Mycobacterium triplex</GBSeq_organism>
 <GBSeq_organism>Gallus gallus</GBSeq_organism>
 <GBSeq_organism>uncultured bacterium</GBSeq_organism>
 <GBSeq_organism>Mycobacterium shimoidei</GBSeq_organism>
 <GBSeq_organism>Mycobacterium triviale</GBSeq_organism>
 <GBSeq_organism>Mycobacterium ulcerans</GBSeq_organism>
 <GBSeq_organism>Mycobacterium gordonae</GBSeq_organism>
 <GBSeq_organism>Mycobacterium celatum</GBSeq_organism>
 <GBSeq_organism>Mycobacterium intracellulare</GBSeq_organism>
 <GBSeq_organism>Mycobacterium intermedium</GBSeq_organism>
 <GBSeq_organism>Mycobacterium avium subsp. avium</GBSeq_organism>
 <GBSeq_organism>Mycobacterium nonchromogenicum</GBSeq_organism>
 <GBSeq_organism>Mycobacterium kansasii</GBSeq_organism>
 <GBSeq_organism>Mycobacterium avium subsp. avium</GBSeq_organism>
 <GBSeq_organism>Mycobacterium kansasii</GBSeq_organism>
 <GBSeq_organism>Mycobacterium tuberculosis</GBSeq_organism>
 <GBSeq_organism>Mycobacterium kansasii</GBSeq_organism>
 <GBSeq_organism>Mycobacterium avium subsp. avium</GBSeq_organism>
 <GBSeq_organism>Mycobacterium interjectum</GBSeq_organism>
 <GBSeq_organism>Nocardia asteroides NBRC 15531</GBSeq_organism>
 <GBSeq_organism>Mycobacterium lentiflavum</GBSeq_organism>
 <GBSeq_organism>uncultured bacterium</GBSeq_organism>
 <GBSeq_organism>Mycobacterium lentiflavum</GBSeq_organism>
 <GBSeq_organism>Mycobacterium triplex</GBSeq_organism>
 <GBSeq_organism>Mycobacterium tuberculosis subsp. tuberculosis</GBSeq_organism>
 <GBSeq_organism>Mycobacterium szulgai</GBSeq_organism>
 <GBSeq_organism>Mycobacterium ulcerans</GBSeq_organism>
 <GBSeq_organism>Mycobacterium triplex</GBSeq_organism>
 <GBSeq_organism>Mycobacterium marinum</GBSeq_organism>
 <GBSeq_organism>Mycobacterium gordonae</GBSeq_organism>
 <GBSeq_organism>Mycobacterium intermedium</GBSeq_organism>
 <GBSeq_organism>Mycobacterium malmoense</GBSeq_organism>
 <GBSeq_organism>Mycobacterium shimoidei</GBSeq_organism>
