 <GBSeq_organism>Nocardioides aquiterrae</GBSeq_organism>
 <GBSeq_organism>Nocardioides fulvus</GBSeq_organism>
 <GBSeq_organism>Nocardioides luteus</GBSeq_organism>
 <GBSeq_organism>Actinopolymorpha singaporensis</GBSeq_organism>
 <GBSeq_organism>Nocardioides insulae</GBSeq_organism>
 <GBSeq_organism>Nocardioides aestuarii</GBSeq_organism>
 <GBSeq_organism>Nocardioides kribbensis</GBSeq_organism>
 <GBSeq_organism>Nocardioides lentus</GBSeq_organism>
 <GBSeq_organism>Nocardioides pyridinolyticus JCM 10369</GBSeq_organism>
 <GBSeq_organism>Nocardioides alkalitolerans</GBSeq_organism>
 <GBSeq_organism>Terrabacter tumescens</GBSeq_organism>
 <GBSeq_organism>Nocardioides ganghwensis</GBSeq_organism>
 <GBSeq_organism>Nocardioides nitrophenolicus</GBSeq_organism>
 <GBSeq_organism>Nocardioides dubius</GBSeq_organism>
 <GBSeq_organism>Marmoricola aurantiacus</GBSeq_organism>
 <GBSeq_organism>Aeromicrobium erythreum</GBSeq_organism>
 <GBSeq_organism>Nocardioides plantarum</GBSeq_organism>
 <GBSeq_organism>Nocardioides aquaticus</GBSeq_organism>
 <GBSeq_organism>Nocardioides oleivorans</GBSeq_organism>
 <GBSeq_organism>Nocardioides jensenii</GBSeq_organism>
 <GBSeq_organism>Pimelobacter simplex</GBSeq_organism>
