 <GBSeq_organism>Loktanella salsilacus</GBSeq_organism>
 <GBSeq_organism>Rhodobacter sphaeroides</GBSeq_organism>
 <GBSeq_organism>Jannaschia seosinensis</GBSeq_organism>
 <GBSeq_organism>Paracoccus haeundaensis</GBSeq_organism>
 <GBSeq_organism>Roseivivax halotolerans</GBSeq_organism>
 <GBSeq_organism>Paracoccus bengalensis</GBSeq_organism>
 <GBSeq_organism>Rubellimicrobium thermophilum</GBSeq_organism>
 <GBSeq_organism>Loktanella atrilutea</GBSeq_organism>
 <GBSeq_organism>Paracoccus kondratievae</GBSeq_organism>
 <GBSeq_organism>Paracoccus pantotrophus</GBSeq_organism>
 <GBSeq_organism>Leisingera methylohalidivorans DSM 14336</GBSeq_organism>
 <GBSeq_organism>Silicibacter lacuscaerulensis ITI-1157</GBSeq_organism>
 <GBSeq_organism>Loktanella vestfoldensis</GBSeq_organism>
 <GBSeq_organism>Rhodobacter vinaykumarii</GBSeq_organism>
 <GBSeq_organism>Citreicella thiooxidans</GBSeq_organism>
 <GBSeq_organism>Donghicola eburneus</GBSeq_organism>
 <GBSeq_organism>Loktanella fryxellensis</GBSeq_organism>
 <GBSeq_organism>Pelagibaca bermudensis HTCC2601</GBSeq_organism>
 <GBSeq_organism>Ketogulonicigenium robustum</GBSeq_organism>
 <GBSeq_organism>Leisingera daeponensis</GBSeq_organism>
 <GBSeq_organism>Rubellimicrobium mesophilum DSM 19309</GBSeq_organism>
 <GBSeq_organism>Ruegeria pomeroyi</GBSeq_organism>
 <GBSeq_organism>Loktanella koreensis</GBSeq_organism>
