 <GBSeq_organism>Pseudomonas simiae</GBSeq_organism>
 <GBSeq_organism>Pseudomonas poae</GBSeq_organism>
 <GBSeq_organism>Pseudomonas rhodesiae</GBSeq_organism>
 <GBSeq_organism>Pseudomonas extremorientalis</GBSeq_organism>
 <GBSeq_organism>Pseudomonas palleroniana</GBSeq_organism>
 <GBSeq_organism>Pseudomonas cedrina</GBSeq_organism>
 <GBSeq_organism>Pseudomonas azotoformans</GBSeq_organism>
 <GBSeq_organism>Pseudomonas brenneri</GBSeq_organism>
 <GBSeq_organism>Pseudomonas grimontii</GBSeq_organism>
 <GBSeq_organism>Pseudomonas orientalis</GBSeq_organism>
 <GBSeq_organism>Pseudomonas gessardii</GBSeq_organism>
 <GBSeq_organism>Pseudomonas mucidolens</GBSeq_organism>
 <GBSeq_organism>Pseudomonas veronii</GBSeq_organism>
 <GBSeq_organism>Pseudomonas migulae</GBSeq_organism>
 <GBSeq_organism>Pseudomonas proteolytica</GBSeq_organism>
 <GBSeq_organism>Pseudomonas costantinii</GBSeq_organism>
 <GBSeq_organism>Pseudomonas libanensis</GBSeq_organism>
 <GBSeq_organism>Pseudomonas trivialis</GBSeq_organism>
 <GBSeq_organism>Pseudomonas salomonii</GBSeq_organism>
 <GBSeq_organism>Pseudomonas synxantha</GBSeq_organism>
 <GBSeq_organism>Pseudomonas antarctica</GBSeq_organism>
 <GBSeq_organism>Pseudomonas meridiana</GBSeq_organism>
