 <GBSeq_organism>Halomonas meridiana</GBSeq_organism>
 <GBSeq_organism>Halomonas magadiensis</GBSeq_organism>
 <GBSeq_organism>Cobetia marina</GBSeq_organism>
 <GBSeq_organism>Salinicola salarius</GBSeq_organism>
 <GBSeq_organism>Halomonas korlensis</GBSeq_organism>
 <GBSeq_organism>Kushneria indalinina</GBSeq_organism>
 <GBSeq_organism>Halomonas cupida</GBSeq_organism>
 <GBSeq_organism>Halomonas boliviensis LC1</GBSeq_organism>
 <GBSeq_organism>Halomonas halodenitrificans</GBSeq_organism>
 <GBSeq_organism>Halomonas pantelleriensis</GBSeq_organism>
 <GBSeq_organism>Escherichia coli</GBSeq_organism>
 <GBSeq_organism>Halomonas arcis</GBSeq_organism>
 <GBSeq_organism>Halomonas koreensis</GBSeq_organism>
 <GBSeq_organism>Halomonas anticariensis FP35 = DSM 16096</GBSeq_organism>
 <GBSeq_organism>Halomonas organivorans</GBSeq_organism>
 <GBSeq_organism>Halomonas korlensis</GBSeq_organism>
 <GBSeq_organism>Halomonas subterranea</GBSeq_organism>
 <GBSeq_organism>Halomonas korlensis</GBSeq_organism>
 <GBSeq_organism>Halomonas taeanensis</GBSeq_organism>
 <GBSeq_organism>Halomonas sulfidaeris Esulfide1</GBSeq_organism>
 <GBSeq_organism>Halomonas halmophila</GBSeq_organism>
 <GBSeq_organism>Halomonas venusta</GBSeq_organism>
 <GBSeq_organism>Halomonas saccharevitans</GBSeq_organism>
 <GBSeq_organism>Halomonas janggokensis</GBSeq_organism>
 <GBSeq_organism>Halomonas campaniensis</GBSeq_organism>
 <GBSeq_organism>Halomonas subglaciescola</GBSeq_organism>
 <GBSeq_organism>Halomonas korlensis</GBSeq_organism>
 <GBSeq_organism>Halomonas gudaonensis</GBSeq_organism>
 <GBSeq_organism>Halomonas axialensis</GBSeq_organism>
 <GBSeq_organism>Halomonas ventosae</GBSeq_organism>
 <GBSeq_organism>Kushneria marisflavi</GBSeq_organism>
 <GBSeq_organism>Halomonas muralis</GBSeq_organism>
 <GBSeq_organism>Kushneria avicenniae</GBSeq_organism>
 <GBSeq_organism>Halomonas neptunia</GBSeq_organism>
 <GBSeq_organism>Halomonas eurihalina</GBSeq_organism>
 <GBSeq_organism>Halomonas desiderata</GBSeq_organism>
 <GBSeq_organism>Halomonas halophila</GBSeq_organism>
 <GBSeq_organism>Halomonas halocynthiae</GBSeq_organism>
 <GBSeq_organism>Halomonas almeriensis</GBSeq_organism>
 <GBSeq_organism>Halomonas maura</GBSeq_organism>
 <GBSeq_organism>Halomonas shengliensis</GBSeq_organism>
 <GBSeq_organism>Halomonas pacifica</GBSeq_organism>
 <GBSeq_organism>Halomonas gomseomensis</GBSeq_organism>
 <GBSeq_organism>Halomonas aquamarina</GBSeq_organism>
 <GBSeq_organism>Halomonas sabkhae</GBSeq_organism>
 <GBSeq_organism>Halomonas variabilis</GBSeq_organism>
 <GBSeq_organism>Halomonas elongata DSM 2581</GBSeq_organism>
 <GBSeq_organism>Halomonas denitrificans</GBSeq_organism>
 <GBSeq_organism>Halomonas hydrothermalis</GBSeq_organism>
 <GBSeq_organism>Halomonas salina</GBSeq_organism>
 <GBSeq_organism>Halomonas korlensis</GBSeq_organism>
 <GBSeq_organism>Halomonas campisalis</GBSeq_organism>
 <GBSeq_organism>Halomonas alimentaria</GBSeq_organism>
