 <GBSeq_organism>Staphylococcus schleiferi subsp. coagulans</GBSeq_organism>
 <GBSeq_organism>Staphylococcus devriesei</GBSeq_organism>
 <GBSeq_organism>Staphylococcus haemolyticus</GBSeq_organism>
 <GBSeq_organism>Staphylococcus cohnii subsp. cohnii</GBSeq_organism>
 <GBSeq_organism>Staphylococcus chromogenes</GBSeq_organism>
 <GBSeq_organism>Staphylococcus xylosus</GBSeq_organism>
 <GBSeq_organism>Staphylococcus piscifermentans</GBSeq_organism>
 <GBSeq_organism>Staphylococcus simiae CCM 7213</GBSeq_organism>
 <GBSeq_organism>Staphylococcus aureus subsp. aureus</GBSeq_organism>
 <GBSeq_organism>Staphylococcus capitis</GBSeq_organism>
 <GBSeq_organism>Staphylococcus devriesei</GBSeq_organism>
 <GBSeq_organism>Staphylococcus saprophyticus</GBSeq_organism>
 <GBSeq_organism>Staphylococcus carnosus subsp. utilis</GBSeq_organism>
 <GBSeq_organism>Staphylococcus aureus subsp. anaerobius</GBSeq_organism>
 <GBSeq_organism>Staphylococcus condimenti</GBSeq_organism>
 <GBSeq_organism>Caenorhabditis elegans</GBSeq_organism>
 <GBSeq_organism>Staphylococcus nepalensis</GBSeq_organism>
 <GBSeq_organism>Staphylococcus felis</GBSeq_organism>
 <GBSeq_organism>Staphylococcus lutrae</GBSeq_organism>
 <GBSeq_organism>Staphylococcus devriesei</GBSeq_organism>
 <GBSeq_organism>Staphylococcus simulans</GBSeq_organism>
 <GBSeq_organism>Staphylococcus pseudintermedius</GBSeq_organism>
 <GBSeq_organism>Staphylococcus devriesei</GBSeq_organism>
 <GBSeq_organism>Staphylococcus devriesei</GBSeq_organism>
 <GBSeq_organism>Staphylococcus pettenkoferi</GBSeq_organism>
 <GBSeq_organism>Staphylococcus hominis subsp. novobiosepticus</GBSeq_organism>
 <GBSeq_organism>Staphylococcus sciuri subsp. carnaticus</GBSeq_organism>
 <GBSeq_organism>Staphylococcus cohnii subsp. urealyticus</GBSeq_organism>
 <GBSeq_organism>Staphylococcus intermedius NCTC 11048</GBSeq_organism>
 <GBSeq_organism>Staphylococcus rostri</GBSeq_organism>
 <GBSeq_organism>Staphylococcus hyicus</GBSeq_organism>
 <GBSeq_organism>Staphylococcus saprophyticus subsp. bovis</GBSeq_organism>
 <GBSeq_organism>Staphylococcus epidermidis</GBSeq_organism>
 <GBSeq_organism>Staphylococcus lentus</GBSeq_organism>
 <GBSeq_organism>Staphylococcus saccharolyticus</GBSeq_organism>
 <GBSeq_organism>Staphylococcus gallinarum</GBSeq_organism>
 <GBSeq_organism>Staphylococcus hominis</GBSeq_organism>
 <GBSeq_organism>Staphylococcus devriesei</GBSeq_organism>
