 <GBSeq_organism>Streptomyces flavogriseus</GBSeq_organism>
 <GBSeq_organism>Streptomyces humiferus</GBSeq_organism>
 <GBSeq_organism>Streptomyces niveus</GBSeq_organism>
 <GBSeq_organism>Streptomyces pseudovenezuelae</GBSeq_organism>
 <GBSeq_organism>Rhodococcus opacus</GBSeq_organism>
 <GBSeq_organism>Streptomyces beijiangensis</GBSeq_organism>
 <GBSeq_organism>Streptomyces galilaeus</GBSeq_organism>
 <GBSeq_organism>Streptomyces lavendulae</GBSeq_organism>
 <GBSeq_organism>Kitasatospora griseola</GBSeq_organism>
 <GBSeq_organism>Streptomyces lateritius</GBSeq_organism>
 <GBSeq_organism>Streptomyces griseus</GBSeq_organism>
 <GBSeq_organism>Streptomyces fradiae</GBSeq_organism>
 <GBSeq_organism>Streptomyces griseus</GBSeq_organism>
 <GBSeq_organism>Streptomyces aureus</GBSeq_organism>
 <GBSeq_organism>Kitasatospora phosalacinea</GBSeq_organism>
 <GBSeq_organism>Streptomyces cyaneus</GBSeq_organism>
 <GBSeq_organism>Streptomyces chartreusis</GBSeq_organism>
 <GBSeq_organism>Streptomyces resistomycificus</GBSeq_organism>
 <GBSeq_organism>Streptomyces drozdowiczii</GBSeq_organism>
 <GBSeq_organism>Streptomyces sanglieri</GBSeq_organism>
 <GBSeq_organism>Streptomyces turgidiscabies</GBSeq_organism>
