 <GBSeq_organism>Nocardioides aquiterrae</GBSeq_organism>
 <GBSeq_organism>Nocardioides hwasunensis</GBSeq_organism>
 <GBSeq_organism>Nocardioides ginsengisoli</GBSeq_organism>
 <GBSeq_organism>Nocardioides kongjuensis</GBSeq_organism>
 <GBSeq_organism>Nocardioides terrae</GBSeq_organism>
 <GBSeq_organism>Nocardioides koreensis</GBSeq_organism>
 <GBSeq_organism>Nocardioides ultimimeridianus</GBSeq_organism>
 <GBSeq_organism>Nocardioides caricicola</GBSeq_organism>
 <GBSeq_organism>Nocardioides panacihumi</GBSeq_organism>
 <GBSeq_organism>Nocardioides daedukensis</GBSeq_organism>
 <GBSeq_organism>Nocardioides marinisabuli</GBSeq_organism>
 <GBSeq_organism>Nocardioides terrigena</GBSeq_organism>
 <GBSeq_organism>Nocardioides maradonensis</GBSeq_organism>
 <GBSeq_organism>Nocardioides aestuarii</GBSeq_organism>
 <GBSeq_organism>Nocardioides kribbensis</GBSeq_organism>
 <GBSeq_organism>Nocardioides mesophilus</GBSeq_organism>
 <GBSeq_organism>Nocardioides humi</GBSeq_organism>
 <GBSeq_organism>Nocardioides salarius</GBSeq_organism>
 <GBSeq_organism>Marmoricola aequoreus</GBSeq_organism>
 <GBSeq_organism>Nocardioides lentus</GBSeq_organism>
 <GBSeq_organism>Nocardioides alkalitolerans</GBSeq_organism>
 <GBSeq_organism>Nocardioides dilutus</GBSeq_organism>
 <GBSeq_organism>Nocardioides fonticola</GBSeq_organism>
 <GBSeq_organism>Nocardioides hungaricus</GBSeq_organism>
 <GBSeq_organism>Nocardioides furvisabuli</GBSeq_organism>
 <GBSeq_organism>Nocardioides ganghwensis</GBSeq_organism>
 <GBSeq_organism>Marmoricola korecus</GBSeq_organism>
 <GBSeq_organism>Nocardioides halotolerans</GBSeq_organism>
 <GBSeq_organism>Nocardioides islandensis</GBSeq_organism>
 <GBSeq_organism>Nocardioides dubius</GBSeq_organism>
 <GBSeq_organism>Nocardioides caeni</GBSeq_organism>
 <GBSeq_organism>Nocardioides exalbidus</GBSeq_organism>
 <GBSeq_organism>Nocardioides dokdonensis</GBSeq_organism>
 <GBSeq_organism>Marmoricola aurantiacus</GBSeq_organism>
 <GBSeq_organism>Marmoricola scoriae</GBSeq_organism>
 <GBSeq_organism>Aeromicrobium erythreum</GBSeq_organism>
 <GBSeq_organism>Nocardioides hankookensis</GBSeq_organism>
 <GBSeq_organism>Nocardioides plantarum</GBSeq_organism>
 <GBSeq_organism>Nocardioides aquaticus</GBSeq_organism>
 <GBSeq_organism>Nocardioides oleivorans</GBSeq_organism>
 <GBSeq_organism>Nocardioides jensenii</GBSeq_organism>
 <GBSeq_organism>Pimelobacter simplex</GBSeq_organism>
 <GBSeq_organism>Nocardioides daphniae</GBSeq_organism>
