 <GBSeq_organism>Corynebacterium ammoniagenes</GBSeq_organism>
 <GBSeq_organism>Williamsia serinedens</GBSeq_organism>
 <GBSeq_organism>Nocardia beijingensis</GBSeq_organism>
 <GBSeq_organism>Gordonia bronchialis DSM 43247</GBSeq_organism>
 <GBSeq_organism>Gordonia alkanivorans</GBSeq_organism>
 <GBSeq_organism>Smaragdicoccus niigatensis</GBSeq_organism>
 <GBSeq_organism>Rhodococcus erythropolis</GBSeq_organism>
 <GBSeq_organism>Nocardia asteroides NBRC 15531</GBSeq_organism>
 <GBSeq_organism>Mycobacterium asiaticum</GBSeq_organism>
 <GBSeq_organism>Williamsia maris</GBSeq_organism>
 <GBSeq_organism>Skermania piniformis</GBSeq_organism>
 <GBSeq_organism>Tsukamurella soli</GBSeq_organism>
 <GBSeq_organism>Rhodococcus hoagii</GBSeq_organism>
 <GBSeq_organism>Corynebacterium diphtheriae</GBSeq_organism>
 <GBSeq_organism>Gordonia araii NBRC 100433</GBSeq_organism>
 <GBSeq_organism>Segniliparus rugosus</GBSeq_organism>
 <GBSeq_organism>Tomitella biformata AHU 1821</GBSeq_organism>
 <GBSeq_organism>Dietzia cinnamea</GBSeq_organism>
 <GBSeq_organism>Nocardia lijiangensis</GBSeq_organism>
 <GBSeq_organism>Mycobacterium farcinogenes</GBSeq_organism>
 <GBSeq_organism>Nocardia arthritidis</GBSeq_organism>
 <GBSeq_organism>Dietzia maris</GBSeq_organism>
 <GBSeq_organism>Tsukamurella tyrosinosolvens</GBSeq_organism>
 <GBSeq_organism>Segniliparus rotundus DSM 44985</GBSeq_organism>
 <GBSeq_organism>Tsukamurella pseudospumae</GBSeq_organism>
 <GBSeq_organism>Rhodococcus corynebacterioides</GBSeq_organism>
 <GBSeq_organism>Rhodococcus coprophilus</GBSeq_organism>
 <GBSeq_organism>Rhodococcus globerulus</GBSeq_organism>
 <GBSeq_organism>Mycobacterium tuberculosis</GBSeq_organism>
 <GBSeq_organism>Rhodococcus yunnanensis</GBSeq_organism>
 <GBSeq_organism>Rhodococcus rhodnii</GBSeq_organism>
 <GBSeq_organism>Gordonia soli</GBSeq_organism>
 <GBSeq_organism>Nocardia africana</GBSeq_organism>
 <GBSeq_organism>Corynebacterium glutamicum</GBSeq_organism>
 <GBSeq_organism>Rhodococcus zopfii</GBSeq_organism>
 <GBSeq_organism>Rhodococcus koreensis</GBSeq_organism>
 <GBSeq_organism>Tsukamurella inchonensis</GBSeq_organism>
 <GBSeq_organism>Rhodococcus opacus</GBSeq_organism>
 <GBSeq_organism>Dietzia natronolimnaea</GBSeq_organism>
 <GBSeq_organism>Rhodococcus rhodochrous</GBSeq_organism>
 <GBSeq_organism>Mycobacterium smegmatis</GBSeq_organism>
 <GBSeq_organism>Nocardia yamanashiensis</GBSeq_organism>
 <GBSeq_organism>Millisia brevis</GBSeq_organism>
 <GBSeq_organism>Rhodococcus ruber</GBSeq_organism>
