 <GBSeq_organism>Serratia rubidaea</GBSeq_organism>
 <GBSeq_organism>Citrobacter braakii</GBSeq_organism>
 <GBSeq_organism>Raoultella terrigena</GBSeq_organism>
 <GBSeq_organism>Klebsiella oxytoca</GBSeq_organism>
 <GBSeq_organism>Erwinia rhapontici</GBSeq_organism>
 <GBSeq_organism>Pantoea cypripedii</GBSeq_organism>
 <GBSeq_organism>Serratia odorifera DSM 4582</GBSeq_organism>
 <GBSeq_organism>Serratia ficaria</GBSeq_organism>
 <GBSeq_organism>Raoultella ornithinolytica</GBSeq_organism>
 <GBSeq_organism>Serratia grimesii</GBSeq_organism>
 <GBSeq_organism>Serratia marcescens subsp. marcescens ATCC 13880</GBSeq_organism>
 <GBSeq_organism>Serratia proteamaculans</GBSeq_organism>
 <GBSeq_organism>Buttiauxella izardii</GBSeq_organism>
 <GBSeq_organism>Pectobacterium carotovorum</GBSeq_organism>
 <GBSeq_organism>Serratia entomophila</GBSeq_organism>
 <GBSeq_organism>Buttiauxella noackiae</GBSeq_organism>
 <GBSeq_organism>Serratia ureilytica</GBSeq_organism>
 <GBSeq_organism>Plesiomonas shigelloides</GBSeq_organism>
 <GBSeq_organism>Enterobacter aerogenes</GBSeq_organism>
 <GBSeq_organism>Serratia plymuthica</GBSeq_organism>
 <GBSeq_organism>Citrobacter freundii ATCC 8090 = MTCC 1658</GBSeq_organism>
 <GBSeq_organism>Erwinia amylovora</GBSeq_organism>
