 <GBSeq_organism>Escherichia coli DSM 30083 = JCM 1649 = ATCC 11775</GBSeq_organism>
 <GBSeq_organism>Achromobacter xylosoxidans</GBSeq_organism>
 <GBSeq_organism>Bordetella pertussis</GBSeq_organism>
 <GBSeq_organism>Pusillimonas ginsengisoli</GBSeq_organism>
 <GBSeq_organism>Sutterella stercoricanis</GBSeq_organism>
 <GBSeq_organism>Taylorella equigenitalis ATCC 35865</GBSeq_organism>
 <GBSeq_organism>Pusillimonas noertemannii</GBSeq_organism>
 <GBSeq_organism>Kerstersia gyiorum</GBSeq_organism>
 <GBSeq_organism>Castellaniella caeni</GBSeq_organism>
 <GBSeq_organism>Sutterella wadsworthensis</GBSeq_organism>
 <GBSeq_organism>Achromobacter spanius</GBSeq_organism>
 <GBSeq_organism>Castellaniella defragrans</GBSeq_organism>
 <GBSeq_organism>Bordetella bronchiseptica</GBSeq_organism>
 <GBSeq_organism>Castellaniella denitrificans</GBSeq_organism>
 <GBSeq_organism>Bordetella parapertussis</GBSeq_organism>
 <GBSeq_organism>Alcaligenes faecalis</GBSeq_organism>
 <GBSeq_organism>Derxia gummosa</GBSeq_organism>
 <GBSeq_organism>Bordetella holmesii ATCC 51541</GBSeq_organism>
 <GBSeq_organism>Pigmentiphaga kullae</GBSeq_organism>
 <GBSeq_organism>Oligella ureolytica DSM 18253</GBSeq_organism>
 <GBSeq_organism>Pusillimonas ginsengisoli</GBSeq_organism>
 <GBSeq_organism>Bordetella trematum</GBSeq_organism>
 <GBSeq_organism>Advenella incenata</GBSeq_organism>
 <GBSeq_organism>Trichophyton rubrum</GBSeq_organism>
 <GBSeq_organism>Brackiella oedipodis</GBSeq_organism>
 <GBSeq_organism>Achromobacter denitrificans</GBSeq_organism>
 <GBSeq_organism>Taylorella asinigenitalis</GBSeq_organism>
