 <GBSeq_organism>Caulobacter vibrioides</GBSeq_organism>
 <GBSeq_organism>Brucella melitensis</GBSeq_organism>
 <GBSeq_organism>Aquamicrobium defluvii</GBSeq_organism>
 <GBSeq_organism>Rhizobium tropici CIAT 899</GBSeq_organism>
 <GBSeq_organism>Ancylobacter aquaticus</GBSeq_organism>
 <GBSeq_organism>Azorhizobium caulinodans ORS 571</GBSeq_organism>
 <GBSeq_organism>Ensifer adhaerens</GBSeq_organism>
 <GBSeq_organism>Afipia felis ATCC 53690</GBSeq_organism>
 <GBSeq_organism>Martelella mediterranea</GBSeq_organism>
 <GBSeq_organism>Methylocystis parvus</GBSeq_organism>
 <GBSeq_organism>Rhizobium etli CFN 42</GBSeq_organism>
 <GBSeq_organism>Beijerinckia indica</GBSeq_organism>
 <GBSeq_organism>Bartonella elizabethae</GBSeq_organism>
 <GBSeq_organism>Methylosinus trichosporium</GBSeq_organism>
 <GBSeq_organism>Mesorhizobium loti</GBSeq_organism>
 <GBSeq_organism>Bartonella bacilliformis</GBSeq_organism>
 <GBSeq_organism>Ochrobactrum anthropi</GBSeq_organism>
 <GBSeq_organism>Methylobacterium organophilum</GBSeq_organism>
 <GBSeq_organism>Sinorhizobium fredii</GBSeq_organism>
 <GBSeq_organism>Fulvimarina pelagi HTCC2506</GBSeq_organism>
 <GBSeq_organism>Bradyrhizobium japonicum USDA 6</GBSeq_organism>
 <GBSeq_organism>Aurantimonas coralicida</GBSeq_organism>
 <GBSeq_organism>Agrobacterium rhizogenes</GBSeq_organism>
