 <GBSeq_organism>Trichomonascus farinosus</GBSeq_organism>
 <GBSeq_organism>Sugiyamaella smithiae</GBSeq_organism>
 <GBSeq_organism>Trichomonascus apis</GBSeq_organism>
 <GBSeq_organism>Blastobotrys capitulata</GBSeq_organism>
 <GBSeq_organism>Blastobotrys illinoisensis</GBSeq_organism>
 <GBSeq_organism>Candida mucifera</GBSeq_organism>
 <GBSeq_organism>Blastobotrys adeninivorans</GBSeq_organism>
 <GBSeq_organism>Blastobotrys attinorum</GBSeq_organism>
 <GBSeq_organism>Blastobotrys terrestris</GBSeq_organism>
 <GBSeq_organism>Blastobotrys sp. NRRL Y-6844</GBSeq_organism>
 <GBSeq_organism>Blastobotrys mokoenaii</GBSeq_organism>
 <GBSeq_organism>Blastobotrys chiropterorum</GBSeq_organism>
 <GBSeq_organism>Blastobotrys raffinosifermentans</GBSeq_organism>
 <GBSeq_organism>Zygoascus hellenicus</GBSeq_organism>
 <GBSeq_organism>Blastobotrys sp. NRRL YB-2290</GBSeq_organism>
 <GBSeq_organism>Blastobotrys parvus</GBSeq_organism>
 <GBSeq_organism>Blastobotrys indianaensis</GBSeq_organism>
 <GBSeq_organism>Blastobotrys nivea</GBSeq_organism>
 <GBSeq_organism>Blastobotrys malaysiensis</GBSeq_organism>
 <GBSeq_organism>Blastobotrys aristata</GBSeq_organism>
 <GBSeq_organism>Blastobotrys elegans</GBSeq_organism>
 <GBSeq_organism>Blastobotrys sp. NRRL Y-7993</GBSeq_organism>
 <GBSeq_organism>Trichomonascus ciferrii</GBSeq_organism>
 <GBSeq_organism>Blastobotrys proliferans</GBSeq_organism>
 <GBSeq_organism>Blastobotrys arbuscula</GBSeq_organism>
