 <GBSeq_organism>Bacteroides caccae</GBSeq_organism>
 <GBSeq_organism>Bacteroides stercoris ATCC 43183</GBSeq_organism>
 <GBSeq_organism>Bacteroides massiliensis B84634 = Timone 84634 = DSM 17679 = JCM 13223</GBSeq_organism>
 <GBSeq_organism>Bacteroides barnesiae</GBSeq_organism>
 <GBSeq_organism>Bacteroides salyersiae</GBSeq_organism>
 <GBSeq_organism>Bacteroides fragilis</GBSeq_organism>
 <GBSeq_organism>Bacteroides graminisolvens</GBSeq_organism>
 <GBSeq_organism>Bacteroides nordii</GBSeq_organism>
 <GBSeq_organism>Bacteroides coprophilus DSM 18228 = JCM 13818</GBSeq_organism>
 <GBSeq_organism>Bacteroides plebeius DSM 17135</GBSeq_organism>
 <GBSeq_organism>Bacteroides thetaiotaomicron</GBSeq_organism>
 <GBSeq_organism>Bacteroides cellulosilyticus DSM 14838</GBSeq_organism>
 <GBSeq_organism>Bacteroides propionicifaciens</GBSeq_organism>
 <GBSeq_organism>Bacteroides intestinalis DSM 17393</GBSeq_organism>
 <GBSeq_organism>Bacteroides salanitronis DSM 18170</GBSeq_organism>
 <GBSeq_organism>Prevotella melaninogenica ATCC 25845</GBSeq_organism>
 <GBSeq_organism>Bacteroides helcogenes</GBSeq_organism>
 <GBSeq_organism>Bacteroides gallinarum</GBSeq_organism>
 <GBSeq_organism>Bacteroides pyogenes</GBSeq_organism>
 <GBSeq_organism>Bacteroides xylanisolvens XB1A</GBSeq_organism>
