 <GBSeq_organism>Caulobacter vibrioides</GBSeq_organism>
 <GBSeq_organism>Parvularcula bermudensis HTCC2503</GBSeq_organism>
 <GBSeq_organism>Parvularcula bermudensis</GBSeq_organism>
 <GBSeq_organism>Brucella melitensis</GBSeq_organism>
 <GBSeq_organism>Rhodobacter sphaeroides</GBSeq_organism>
 <GBSeq_organism>Paracoccus denitrificans</GBSeq_organism>
 <GBSeq_organism>Roseobacter litoralis Och 149</GBSeq_organism>
 <GBSeq_organism>Zymomonas mobilis subsp. mobilis ATCC 10988</GBSeq_organism>
 <GBSeq_organism>Orientia tsutsugamushi</GBSeq_organism>
 <GBSeq_organism>Silicibacter lacuscaerulensis ITI-1157</GBSeq_organism>
 <GBSeq_organism>Azospirillum lipoferum</GBSeq_organism>
 <GBSeq_organism>Rickettsia prowazekii</GBSeq_organism>
 <GBSeq_organism>Rhodospirillum rubrum ATCC 11170</GBSeq_organism>
 <GBSeq_organism>Roseivivax halodurans</GBSeq_organism>
 <GBSeq_organism>Brevundimonas diminuta</GBSeq_organism>
 <GBSeq_organism>Agrobacterium tumefaciens</GBSeq_organism>
 <GBSeq_organism>uncultured sludge bacterium H9</GBSeq_organism>
 <GBSeq_organism>Sphingomonas ursincola</GBSeq_organism>
 <GBSeq_organism>Magnetospirillum gryphiswaldense MSR-1</GBSeq_organism>
 <GBSeq_organism>Roseovarius tolerans</GBSeq_organism>
 <GBSeq_organism>Wolbachia pipientis</GBSeq_organism>
 <GBSeq_organism>Sphingomonas paucimobilis</GBSeq_organism>
