 <GBSeq_organism>Acidovorax avenae subsp. avenae ATCC 19860</GBSeq_organism>
 <GBSeq_organism>Ramlibacter tataouinensis TTB310</GBSeq_organism>
 <GBSeq_organism>Hydrogenophaga bisanensis</GBSeq_organism>
 <GBSeq_organism>Variovorax paradoxus</GBSeq_organism>
 <GBSeq_organism>Comamonas terrigena</GBSeq_organism>
 <GBSeq_organism>Acidovorax anthurii</GBSeq_organism>
 <GBSeq_organism>Acidovorax defluvii</GBSeq_organism>
 <GBSeq_organism>Hydrogenophaga pseudoflava</GBSeq_organism>
 <GBSeq_organism>Simplicispira metamorpha</GBSeq_organism>
 <GBSeq_organism>Xenophilus azovorans</GBSeq_organism>
 <GBSeq_organism>Ottowia thiooxydans</GBSeq_organism>
 <GBSeq_organism>Giesbergeria voronezhensis</GBSeq_organism>
 <GBSeq_organism>Hydrogenophaga defluvii</GBSeq_organism>
 <GBSeq_organism>Alicycliphilus denitrificans K601</GBSeq_organism>
 <GBSeq_organism>Ottowia pentelensis</GBSeq_organism>
 <GBSeq_organism>Hydrogenophaga atypica</GBSeq_organism>
 <GBSeq_organism>Acidovorax facilis</GBSeq_organism>
 <GBSeq_organism>Hydrogenophaga intermedia</GBSeq_organism>
 <GBSeq_organism>Acidovorax caeni</GBSeq_organism>
 <GBSeq_organism>Diaphorobacter oryzae</GBSeq_organism>
 <GBSeq_organism>Simplicispira limi</GBSeq_organism>
 <GBSeq_organism>Fusarium langsethiae</GBSeq_organism>
 <GBSeq_organism>Comamonas testosteroni</GBSeq_organism>
 <GBSeq_organism>Comamonas denitrificans</GBSeq_organism>
 <GBSeq_organism>Acidovorax konjaci</GBSeq_organism>
 <GBSeq_organism>Simplicispira psychrophila</GBSeq_organism>
 <GBSeq_organism>Pseudacidovorax intermedius</GBSeq_organism>
 <GBSeq_organism>Ramlibacter henchirensis</GBSeq_organism>
