 <GBSeq_organism>uncultured Pasteuria sp.</GBSeq_organism>
 <GBSeq_organism>uncultured Pasteuria sp.</GBSeq_organism>
 <GBSeq_organism>uncultured Pasteuria sp.</GBSeq_organism>
 <GBSeq_organism>Candidatus Pasteuria usgae</GBSeq_organism>
 <GBSeq_organism>uncultured Pasteuria sp.</GBSeq_organism>
 <GBSeq_organism>uncultured Pasteuria sp.</GBSeq_organism>
 <GBSeq_organism>uncultured Pasteuria sp.</GBSeq_organism>
 <GBSeq_organism>uncultured Pasteuria sp.</GBSeq_organism>
 <GBSeq_organism>Pasteuria nishizawae</GBSeq_organism>
 <GBSeq_organism>uncultured Pasteuria sp.</GBSeq_organism>
 <GBSeq_organism>uncultured Pasteuria sp.</GBSeq_organism>
 <GBSeq_organism>uncultured Pasteuria sp.</GBSeq_organism>
 <GBSeq_organism>uncultured Pasteuria sp.</GBSeq_organism>
 <GBSeq_organism>uncultured Pasteuria sp.</GBSeq_organism>
 <GBSeq_organism>uncultured Pasteuria sp.</GBSeq_organism>
 <GBSeq_organism>uncultured Pasteuria sp.</GBSeq_organism>
 <GBSeq_organism>uncultured Pasteuria sp.</GBSeq_organism>
 <GBSeq_organism>uncultured Pasteuria sp.</GBSeq_organism>
 <GBSeq_organism>Daphnia endosymbiotic bacterium</GBSeq_organism>
 <GBSeq_organism>uncultured Pasteuria sp.</GBSeq_organism>
 <GBSeq_organism>uncultured Pasteuria sp.</GBSeq_organism>
 <GBSeq_organism>uncultured Pasteuria sp.</GBSeq_organism>
 <GBSeq_organism>Pasteuria penetrans</GBSeq_organism>
 <GBSeq_organism>uncultured Pasteuria sp.</GBSeq_organism>
 <GBSeq_organism>uncultured Pasteuria sp.</GBSeq_organism>
 <GBSeq_organism>uncultured Pasteuria sp.</GBSeq_organism>
 <GBSeq_organism>uncultured Pasteuria sp.</GBSeq_organism>
 <GBSeq_organism>uncultured Pasteuria sp.</GBSeq_organism>
 <GBSeq_organism>uncultured Pasteuria sp.</GBSeq_organism>
