 <GBSeq_organism>Lactobacillus delbrueckii subsp. bulgaricus</GBSeq_organism>
 <GBSeq_organism>Lactobacillus acetotolerans</GBSeq_organism>
 <GBSeq_organism>Lactobacillus intestinalis</GBSeq_organism>
 <GBSeq_organism>Lactobacillus delbrueckii subsp. delbrueckii</GBSeq_organism>
 <GBSeq_organism>Lactobacillus delbrueckii subsp. lactis DSM 20072</GBSeq_organism>
 <GBSeq_organism>Lactobacillus taiwanensis</GBSeq_organism>
 <GBSeq_organism>Lactobacillus kalixensis</GBSeq_organism>
 <GBSeq_organism>Lactobacillus hamsteri</GBSeq_organism>
 <GBSeq_organism>Lactobacillus acidophilus</GBSeq_organism>
 <GBSeq_organism>Lactobacillus amylolyticus</GBSeq_organism>
 <GBSeq_organism>Lactobacillus ultunensis</GBSeq_organism>
 <GBSeq_organism>Lactobacillus kefiranofaciens</GBSeq_organism>
 <GBSeq_organism>Lactobacillus kitasatonis</GBSeq_organism>
 <GBSeq_organism>Lactobacillus reuteri</GBSeq_organism>
 <GBSeq_organism>Lactobacillus amylovorus</GBSeq_organism>
 <GBSeq_organism>Lactobacillus gallinarum</GBSeq_organism>
 <GBSeq_organism>Lactobacillus psittaci</GBSeq_organism>
 <GBSeq_organism>Lactobacillus crispatus</GBSeq_organism>
 <GBSeq_organism>Lactobacillus jensenii</GBSeq_organism>
 <GBSeq_organism>Lactobacillus johnsonii</GBSeq_organism>
 <GBSeq_organism>Lactobacillus gasseri</GBSeq_organism>
 <GBSeq_organism>Lactobacillus helveticus</GBSeq_organism>
 <GBSeq_organism>Lactobacillus iners DSM 13335</GBSeq_organism>
 <GBSeq_organism>Lactobacillus delbrueckii subsp. indicus</GBSeq_organism>
