 <GBSeq_organism>Antarctobacter heliothermus</GBSeq_organism>
 <GBSeq_organism>Octadecabacter arcticus</GBSeq_organism>
 <GBSeq_organism>Oceanicola granulosus</GBSeq_organism>
 <GBSeq_organism>Hyphomonas polymorpha</GBSeq_organism>
 <GBSeq_organism>Roseobacter litoralis Och 149</GBSeq_organism>
 <GBSeq_organism>Agrobacterium vitis</GBSeq_organism>
 <GBSeq_organism>Jannaschia helgolandensis</GBSeq_organism>
 <GBSeq_organism>Silicibacter lacuscaerulensis ITI-1157</GBSeq_organism>
 <GBSeq_organism>Ketogulonicigenium vulgare</GBSeq_organism>
 <GBSeq_organism>Rhodobaca bogoriensis DSM 18756</GBSeq_organism>
 <GBSeq_organism>Sulfitobacter guttiformis</GBSeq_organism>
 <GBSeq_organism>Sulfitobacter pontiacus</GBSeq_organism>
 <GBSeq_organism>Sagittula stellata</GBSeq_organism>
 <GBSeq_organism>Hirschia baltica ATCC 49814</GBSeq_organism>
 <GBSeq_organism>Ruegeria atlantica</GBSeq_organism>
 <GBSeq_organism>Albidovulum inexpectatum</GBSeq_organism>
 <GBSeq_organism>Oceanicola batsensis</GBSeq_organism>
 <GBSeq_organism>Paracoccus denitrificans</GBSeq_organism>
 <GBSeq_organism>Labrenzia aggregata IAM 12614</GBSeq_organism>
 <GBSeq_organism>Oceanicola granulosus</GBSeq_organism>
 <GBSeq_organism>Marinosulfonomonas methylotropha</GBSeq_organism>
 <GBSeq_organism>Maricaulis maris</GBSeq_organism>
