 <GBSeq_organism>Rhodovulum imhoffii</GBSeq_organism>
 <GBSeq_organism>Rhodobacter aestuarii</GBSeq_organism>
 <GBSeq_organism>Pseudorhodobacter ferrugineus</GBSeq_organism>
 <GBSeq_organism>Paracoccus kocurii</GBSeq_organism>
 <GBSeq_organism>Rhodovulum sulfidophilum DSM 1374</GBSeq_organism>
 <GBSeq_organism>Roseobacter litoralis Och 149</GBSeq_organism>
 <GBSeq_organism>Rhodovulum strictum</GBSeq_organism>
 <GBSeq_organism>Rhodovulum kholense</GBSeq_organism>
 <GBSeq_organism>Gemmobacter changlensis</GBSeq_organism>
 <GBSeq_organism>Leisingera methylohalidivorans DSM 14336</GBSeq_organism>
 <GBSeq_organism>Homo sapiens</GBSeq_organism>
 <GBSeq_organism>Rhodovulum robiginosum</GBSeq_organism>
 <GBSeq_organism>Rhodobaca bogoriensis DSM 18756</GBSeq_organism>
 <GBSeq_organism>Rhodovulum steppense</GBSeq_organism>
 <GBSeq_organism>Rhodobacter azotoformans</GBSeq_organism>
 <GBSeq_organism>Sulfitobacter pontiacus</GBSeq_organism>
 <GBSeq_organism>Rhodovulum adriaticum</GBSeq_organism>
 <GBSeq_organism>Roseivivax halodurans</GBSeq_organism>
 <GBSeq_organism>Rhodovulum visakhapatnamense</GBSeq_organism>
 <GBSeq_organism>Pseudorhodobacter aquimaris</GBSeq_organism>
 <GBSeq_organism>Rhodobacter veldkampii DSM 11550</GBSeq_organism>
 <GBSeq_organism>Rhodobacter ovatus</GBSeq_organism>
 <GBSeq_organism>Rhodovulum euryhalinum</GBSeq_organism>
 <GBSeq_organism>Albidovulum inexpectatum</GBSeq_organism>
 <GBSeq_organism>Paracoccus seriniphilus</GBSeq_organism>
 <GBSeq_organism>Rhodobacter megalophilus</GBSeq_organism>
 <GBSeq_organism>Rhodobacter capsulatus</GBSeq_organism>
 <GBSeq_organism>Ruegeria atlantica</GBSeq_organism>
 <GBSeq_organism>Rhodovulum marinum</GBSeq_organism>
