 <GBSeq_organism>Paenibacillus alginolyticus</GBSeq_organism>
 <GBSeq_organism>Paenibacillus massiliensis</GBSeq_organism>
 <GBSeq_organism>Paenibacillus phyllosphaerae</GBSeq_organism>
 <GBSeq_organism>Paenibacillus azoreducens</GBSeq_organism>
 <GBSeq_organism>Paenibacillus timonensis 2301032</GBSeq_organism>
 <GBSeq_organism>Ammoniphilus oxalivorans</GBSeq_organism>
 <GBSeq_organism>Paenibacillus glucanolyticus</GBSeq_organism>
 <GBSeq_organism>Ammoniphilus oxalaticus</GBSeq_organism>
 <GBSeq_organism>Paenibacillus pabuli</GBSeq_organism>
 <GBSeq_organism>Paenibacillus wynnii</GBSeq_organism>
 <GBSeq_organism>Paenibacillus granivorans</GBSeq_organism>
 <GBSeq_organism>Aneurinibacillus aneurinilyticus ATCC 12856</GBSeq_organism>
 <GBSeq_organism>Cohnella laeviribosi</GBSeq_organism>
 <GBSeq_organism>Paenibacillus favisporus</GBSeq_organism>
 <GBSeq_organism>Paenibacillus amylolyticus</GBSeq_organism>
 <GBSeq_organism>Paenibacillus graminis</GBSeq_organism>
 <GBSeq_organism>Paenibacillus sabinae</GBSeq_organism>
 <GBSeq_organism>Paenibacillus polymyxa</GBSeq_organism>
 <GBSeq_organism>Oxalophagus oxalicus</GBSeq_organism>
 <GBSeq_organism>Paenibacillus zanthoxyli</GBSeq_organism>
 <GBSeq_organism>Paenibacillus motobuensis</GBSeq_organism>
 <GBSeq_organism>Paenibacillus jamilae</GBSeq_organism>
 <GBSeq_organism>Paenibacillus chinjuensis</GBSeq_organism>
 <GBSeq_organism>Brevibacillus agri</GBSeq_organism>
 <GBSeq_organism>Paenibacillus stellifer</GBSeq_organism>
 <GBSeq_organism>Paenibacillus cineris</GBSeq_organism>
 <GBSeq_organism>Paenibacillus terrigena</GBSeq_organism>
 <GBSeq_organism>Paenibacillus panacisoli</GBSeq_organism>
 <GBSeq_organism>Saccharibacillus sacchari DSM 19268</GBSeq_organism>
 <GBSeq_organism>Lactobacillus delbrueckii subsp. lactis</GBSeq_organism>
 <GBSeq_organism>Paenibacillus apiarius</GBSeq_organism>
 <GBSeq_organism>Brevibacillus brevis</GBSeq_organism>
 <GBSeq_organism>Paenibacillus mendelii</GBSeq_organism>
 <GBSeq_organism>Paenibacillus xylanilyticus</GBSeq_organism>
 <GBSeq_organism>Paenibacillus rhizosphaerae</GBSeq_organism>
 <GBSeq_organism>Cohnella thermotolerans</GBSeq_organism>
 <GBSeq_organism>Thermicanus aegyptius</GBSeq_organism>
 <GBSeq_organism>Cohnella hongkongensis</GBSeq_organism>
 <GBSeq_organism>Thermobacillus xylanilyticus</GBSeq_organism>
 <GBSeq_organism>Aneurinibacillus migulanus</GBSeq_organism>
