 <GBSeq_organism>Algibacter lectus</GBSeq_organism>
 <GBSeq_organism>Subsaxibacter broadyi</GBSeq_organism>
 <GBSeq_organism>Maribacter ulvicola</GBSeq_organism>
 <GBSeq_organism>Sediminicola luteus</GBSeq_organism>
 <GBSeq_organism>Aquimarina muelleri</GBSeq_organism>
 <GBSeq_organism>Zobellia galactanivorans</GBSeq_organism>
 <GBSeq_organism>Bizionia paragorgiae</GBSeq_organism>
 <GBSeq_organism>Salegentibacter salegens</GBSeq_organism>
 <GBSeq_organism>Muricauda ruestringensis DSM 13258</GBSeq_organism>
 <GBSeq_organism>Aquimarina latercula</GBSeq_organism>
 <GBSeq_organism>Aequorivita antarctica</GBSeq_organism>
 <GBSeq_organism>Gillisia limnaea DSM 15749</GBSeq_organism>
 <GBSeq_organism>Ulvibacter litoralis</GBSeq_organism>
 <GBSeq_organism>Weeksella virosa</GBSeq_organism>
 <GBSeq_organism>Pibocella ponti</GBSeq_organism>
 <GBSeq_organism>Subsaximicrobium wynnwilliamsii</GBSeq_organism>
 <GBSeq_organism>Olleya marilimosa CAM030</GBSeq_organism>
 <GBSeq_organism>Sediminicola luteus</GBSeq_organism>
 <GBSeq_organism>Gramella echinicola</GBSeq_organism>
 <GBSeq_organism>Mesonia algae</GBSeq_organism>
 <GBSeq_organism>Sediminicola luteus</GBSeq_organism>
 <GBSeq_organism>Winogradskyella thalassocola</GBSeq_organism>
 <GBSeq_organism>Kordia algicida OT-1</GBSeq_organism>
 <GBSeq_organism>Flexithrix dorotheae</GBSeq_organism>
 <GBSeq_organism>Lacinutrix copepodicola</GBSeq_organism>
 <GBSeq_organism>Arenibacter latericius</GBSeq_organism>
 <GBSeq_organism>Robiginitalea biformata HTCC2501</GBSeq_organism>
