 <GBSeq_organism>Prevotella multiformis DSM 16608</GBSeq_organism>
 <GBSeq_organism>Prevotella oralis ATCC 33269</GBSeq_organism>
 <GBSeq_organism>Prevotella bergensis</GBSeq_organism>
 <GBSeq_organism>Porphyromonas gingivalis ATCC 33277</GBSeq_organism>
 <GBSeq_organism>Prevotella oulorum</GBSeq_organism>
 <GBSeq_organism>Prevotella brevis</GBSeq_organism>
 <GBSeq_organism>Bacteroides zoogleoformans</GBSeq_organism>
 <GBSeq_organism>Prevotella intermedia ATCC 25611 = DSM 20706</GBSeq_organism>
 <GBSeq_organism>Prevotella bryantii B14</GBSeq_organism>
 <GBSeq_organism>Prevotella enoeca</GBSeq_organism>
 <GBSeq_organism>Prevotella dentalis DSM 3688</GBSeq_organism>
 <GBSeq_organism>Prevotella nanceiensis</GBSeq_organism>
 <GBSeq_organism>Prevotella oris</GBSeq_organism>
 <GBSeq_organism>Prevotella buccalis ATCC 35310</GBSeq_organism>
 <GBSeq_organism>Prevotella pallens ATCC 700821</GBSeq_organism>
 <GBSeq_organism>Prevotella disiens</GBSeq_organism>
 <GBSeq_organism>Prevotella tannerae ATCC 51259</GBSeq_organism>
 <GBSeq_organism>Prevotella marshii DSM 16973 = JCM 13450</GBSeq_organism>
 <GBSeq_organism>Prevotella salivae DSM 15606</GBSeq_organism>
 <GBSeq_organism>Prevotella bivia</GBSeq_organism>
 <GBSeq_organism>Prevotella baroniae</GBSeq_organism>
 <GBSeq_organism>Prevotella albensis</GBSeq_organism>
 <GBSeq_organism>Prevotella melaninogenica ATCC 25845</GBSeq_organism>
 <GBSeq_organism>Prevotella ruminicola</GBSeq_organism>
 <GBSeq_organism>Bacteroides heparinolyticus ATCC 35895</GBSeq_organism>
 <GBSeq_organism>Prevotella loescheii</GBSeq_organism>
 <GBSeq_organism>Prevotella shahii</GBSeq_organism>
 <GBSeq_organism>Prevotella nanceiensis</GBSeq_organism>
 <GBSeq_organism>Prevotella corporis</GBSeq_organism>
 <GBSeq_organism>Prevotella denticola</GBSeq_organism>
 <GBSeq_organism>Prevotella nigrescens ATCC 33563</GBSeq_organism>
 <GBSeq_organism>Prevotella multisaccharivorax DSM 17128</GBSeq_organism>
 <GBSeq_organism>Prevotella sp. Smarlab 121567</GBSeq_organism>
 <GBSeq_organism>Prevotella buccae ATCC 33574</GBSeq_organism>
 <GBSeq_organism>Prevotella veroralis</GBSeq_organism>
