 <GBSeq_organism>Francisella sp. AF-01-6</GBSeq_organism>
 <GBSeq_organism>Francisella philomiragia</GBSeq_organism>
 <GBSeq_organism>Francisella tularensis subsp. novicida</GBSeq_organism>
 <GBSeq_organism>Francisella philomiragia subsp. philomiragia ATCC 25015</GBSeq_organism>
 <GBSeq_organism>Francisella philomiragia subsp. philomiragia ATCC 25015</GBSeq_organism>
 <GBSeq_organism>Francisella endosymbiont of Dermacentor variabilis</GBSeq_organism>
 <GBSeq_organism>Francisella noatunensis subsp. noatunensis</GBSeq_organism>
 <GBSeq_organism>cf. Francisella sp. CYH-2002</GBSeq_organism>
 <GBSeq_organism>Francisella tularensis subsp. novicida</GBSeq_organism>
 <GBSeq_organism>Francisella sp. AF-03-27</GBSeq_organism>
 <GBSeq_organism>Francisella noatunensis subsp. orientalis</GBSeq_organism>
 <GBSeq_organism>Francisella sp. AF-01-22</GBSeq_organism>
 <GBSeq_organism>Francisella philomiragia</GBSeq_organism>
 <GBSeq_organism>Francisella tularensis subsp. mediasiatica</GBSeq_organism>
 <GBSeq_organism>Francisella philomiragia subsp. philomiragia ATCC 25017</GBSeq_organism>
 <GBSeq_organism>Francisella sp. AF-04-15</GBSeq_organism>
 <GBSeq_organism>Francisella philomiragia</GBSeq_organism>
 <GBSeq_organism>Francisella philomiragia</GBSeq_organism>
 <GBSeq_organism>Francisella tularensis subsp. mediasiatica</GBSeq_organism>
 <GBSeq_organism>Francisella cf. novicida Fx1</GBSeq_organism>
 <GBSeq_organism>Francisella tularensis subsp. holarctica FSC022</GBSeq_organism>
 <GBSeq_organism>Francisella sp. AF-03-28</GBSeq_organism>
 <GBSeq_organism>Francisella tularensis subsp. holarctica</GBSeq_organism>
 <GBSeq_organism>Francisella tularensis subsp. tularensis</GBSeq_organism>
 <GBSeq_organism>Francisella sp. AF-01-23</GBSeq_organism>
 <GBSeq_organism>Francisella sp. AF-01-2</GBSeq_organism>
 <GBSeq_organism>Francisella endosymbiont of Dermacentor variabilis</GBSeq_organism>
