 <GBSeq_organism>Campylobacter canadensis</GBSeq_organism>
 <GBSeq_organism>Campylobacter canadensis</GBSeq_organism>
 <GBSeq_organism>Campylobacter jejuni</GBSeq_organism>
 <GBSeq_organism>Campylobacter helveticus</GBSeq_organism>
 <GBSeq_organism>Campylobacter concisus</GBSeq_organism>
 <GBSeq_organism>Arcobacter butzleri</GBSeq_organism>
 <GBSeq_organism>Campylobacter canadensis</GBSeq_organism>
 <GBSeq_organism>Campylobacter canadensis</GBSeq_organism>
 <GBSeq_organism>Campylobacter hyointestinalis subsp. hyointestinalis</GBSeq_organism>
 <GBSeq_organism>Campylobacter curvus</GBSeq_organism>
 <GBSeq_organism>Campylobacter canadensis</GBSeq_organism>
 <GBSeq_organism>Campylobacter coli</GBSeq_organism>
 <GBSeq_organism>Campylobacter sputorum biovar sputorum</GBSeq_organism>
 <GBSeq_organism>Campylobacter canadensis</GBSeq_organism>
 <GBSeq_organism>Campylobacter canadensis</GBSeq_organism>
 <GBSeq_organism>Campylobacter upsaliensis</GBSeq_organism>
 <GBSeq_organism>Campylobacter canadensis</GBSeq_organism>
 <GBSeq_organism>Campylobacter hyointestinalis subsp. lawsonii</GBSeq_organism>
 <GBSeq_organism>Campylobacter rectus</GBSeq_organism>
 <GBSeq_organism>Campylobacter coli</GBSeq_organism>
 <GBSeq_organism>Arcobacter butzleri</GBSeq_organism>
 <GBSeq_organism>Campylobacter ureolyticus</GBSeq_organism>
 <GBSeq_organism>Campylobacter mucosalis</GBSeq_organism>
 <GBSeq_organism>Campylobacter canadensis</GBSeq_organism>
 <GBSeq_organism>Campylobacter sputorum subsp. bubulus</GBSeq_organism>
 <GBSeq_organism>Campylobacter canadensis</GBSeq_organism>
 <GBSeq_organism>Campylobacter lanienae NCTC 13004</GBSeq_organism>
 <GBSeq_organism>Campylobacter jejuni</GBSeq_organism>
 <GBSeq_organism>Helicobacter pylori</GBSeq_organism>
 <GBSeq_organism>Campylobacter fetus subsp. venerealis NCTC 10354</GBSeq_organism>
