 <GBSeq_organism>Bacteroides caccae</GBSeq_organism>
 <GBSeq_organism>Bacteroides eggerthii</GBSeq_organism>
 <GBSeq_organism>Pseudoflavonifractor capillosus ATCC 29799</GBSeq_organism>
 <GBSeq_organism>Bacteroides acidifaciens</GBSeq_organism>
 <GBSeq_organism>Bacteroides denticanum</GBSeq_organism>
 <GBSeq_organism>Bacteroides ovatus</GBSeq_organism>
 <GBSeq_organism>Bacteroides stercoris ATCC 43183</GBSeq_organism>
 <GBSeq_organism>Bacteroides massiliensis B84634 = Timone 84634 = DSM 17679 = JCM 13223</GBSeq_organism>
 <GBSeq_organism>Parabacteroides distasonis</GBSeq_organism>
 <GBSeq_organism>Bacteroides uniformis</GBSeq_organism>
 <GBSeq_organism>Bacteroides salyersiae</GBSeq_organism>
 <GBSeq_organism>Bacteroides finegoldii DSM 17565</GBSeq_organism>
 <GBSeq_organism>Bacteroides nordii</GBSeq_organism>
 <GBSeq_organism>Bacteroides plebeius DSM 17135</GBSeq_organism>
 <GBSeq_organism>Bacteroides fragilis</GBSeq_organism>
 <GBSeq_organism>Bacteroides coprosuis DSM 18011</GBSeq_organism>
 <GBSeq_organism>Bacteroides vulgatus</GBSeq_organism>
 <GBSeq_organism>Prevotella melaninogenica ATCC 25845</GBSeq_organism>
 <GBSeq_organism>Bacteroides helcogenes</GBSeq_organism>
 <GBSeq_organism>Bacteroides thetaiotaomicron</GBSeq_organism>
 <GBSeq_organism>Bacteroides coprocola DSM 17136</GBSeq_organism>
 <GBSeq_organism>Pseudobacteroides cellulosolvens</GBSeq_organism>
 <GBSeq_organism>Bacteroides pyogenes</GBSeq_organism>
 <GBSeq_organism>Parabacteroides merdae ATCC 43184</GBSeq_organism>
