 <GBSeq_organism>Sphingomonas phyllosphaerae</GBSeq_organism>
 <GBSeq_organism>Sphingomonas roseiflava</GBSeq_organism>
 <GBSeq_organism>Sphingomonas faeni</GBSeq_organism>
 <GBSeq_organism>Sphingomonas pituitosa</GBSeq_organism>
 <GBSeq_organism>Sphingomonas pruni</GBSeq_organism>
 <GBSeq_organism>Sphingomonas trueperi</GBSeq_organism>
 <GBSeq_organism>Sphingomonas desiccabilis</GBSeq_organism>
 <GBSeq_organism>Rhodothalassium salexigens</GBSeq_organism>
 <GBSeq_organism>Sphingomonas molluscorum</GBSeq_organism>
 <GBSeq_organism>Sphingopyxis macrogoltabida</GBSeq_organism>
 <GBSeq_organism>Sphingomonas melonis</GBSeq_organism>
 <GBSeq_organism>Sphingomonas mali</GBSeq_organism>
 <GBSeq_organism>Sphingomonas insulae</GBSeq_organism>
 <GBSeq_organism>Sphingomonas asaccharolytica</GBSeq_organism>
 <GBSeq_organism>Sphingomonas aquatilis</GBSeq_organism>
 <GBSeq_organism>Sphingomonas yabuuchiae</GBSeq_organism>
 <GBSeq_organism>Novosphingobium capsulatum</GBSeq_organism>
 <GBSeq_organism>Sphingomonas rubra</GBSeq_organism>
 <GBSeq_organism>Sphingomonas aurantiaca</GBSeq_organism>
 <GBSeq_organism>Sphingomonas yunnanensis</GBSeq_organism>
 <GBSeq_organism>Sphingosinicella microcystinivorans</GBSeq_organism>
 <GBSeq_organism>Sphingomonas abaci</GBSeq_organism>
 <GBSeq_organism>Sphingomonas paucimobilis</GBSeq_organism>
