 <GBSeq_organism>Bacillus cereus</GBSeq_organism>
 <GBSeq_organism>Virgibacillus proomii</GBSeq_organism>
 <GBSeq_organism>Gracilibacillus dipsosauri</GBSeq_organism>
 <GBSeq_organism>Lentibacillus juripiscarius JCM 12147</GBSeq_organism>
 <GBSeq_organism>Oceanobacillus picturae</GBSeq_organism>
 <GBSeq_organism>Oceanobacillus oncorhynchi</GBSeq_organism>
 <GBSeq_organism>Halobacillus locisalis</GBSeq_organism>
 <GBSeq_organism>Halobacillus litoralis</GBSeq_organism>
 <GBSeq_organism>Bacillus subtilis</GBSeq_organism>
 <GBSeq_organism>Virgibacillus halodenitrificans</GBSeq_organism>
 <GBSeq_organism>Lentibacillus salicampi</GBSeq_organism>
 <GBSeq_organism>Virgibacillus dokdonensis</GBSeq_organism>
 <GBSeq_organism>Halobacillus halophilus</GBSeq_organism>
 <GBSeq_organism>Lentibacillus lacisalsi</GBSeq_organism>
 <GBSeq_organism>Lentibacillus salarius</GBSeq_organism>
 <GBSeq_organism>Bacillus sp. 2-9-3</GBSeq_organism>
 <GBSeq_organism>Virgibacillus carmonensis</GBSeq_organism>
 <GBSeq_organism>Virgibacillus necropolis</GBSeq_organism>
 <GBSeq_organism>Virgibacillus marismortui</GBSeq_organism>
 <GBSeq_organism>Gracilibacillus halotolerans</GBSeq_organism>
 <GBSeq_organism>Bacillus licheniformis</GBSeq_organism>
 <GBSeq_organism>Virgibacillus koreensis</GBSeq_organism>
 <GBSeq_organism>Virgibacillus olivae</GBSeq_organism>
