 <GBSeq_organism>Trichosporon inkin</GBSeq_organism>
 <GBSeq_organism>Cryptococcus fragicola</GBSeq_organism>
 <GBSeq_organism>Trichosporon asahii</GBSeq_organism>
 <GBSeq_organism>Trichosporon moniliiforme</GBSeq_organism>
 <GBSeq_organism>Cryptococcus pseudolongus</GBSeq_organism>
 <GBSeq_organism>Cryptococcus neoformans var. neoformans</GBSeq_organism>
 <GBSeq_organism>Cryptotrichosporon anacardii</GBSeq_organism>
 <GBSeq_organism>&apos;Asterotremella musci&apos;</GBSeq_organism>
 <GBSeq_organism>Trichosporon faecale</GBSeq_organism>
 <GBSeq_organism>Bullera dendrophila</GBSeq_organism>
 <GBSeq_organism>Bullera sp. TY-242</GBSeq_organism>
 <GBSeq_organism>Bullera sp. TY-254</GBSeq_organism>
 <GBSeq_organism>Trichosporon montevideense</GBSeq_organism>
 <GBSeq_organism>Trichosporon jirovecii</GBSeq_organism>
 <GBSeq_organism>&apos;Asterotremella albida&apos;</GBSeq_organism>
 <GBSeq_organism>&apos;Asterotremella longa&apos;</GBSeq_organism>
 <GBSeq_organism>Cryptococcus daszewskae</GBSeq_organism>
 <GBSeq_organism>Cryptococcus skinneri</GBSeq_organism>
 <GBSeq_organism>Trichosporon coremiiforme</GBSeq_organism>
 <GBSeq_organism>&apos;Asterotremella humicola&apos;</GBSeq_organism>
 <GBSeq_organism>Cryptococcus curvatus</GBSeq_organism>
 <GBSeq_organism>Trichosporon gracile</GBSeq_organism>
