 <GBSeq_organism>Xanthomonas hortorum pv. pelargonii</GBSeq_organism>
 <GBSeq_organism>Xanthomonas sacchari</GBSeq_organism>
 <GBSeq_organism>Xanthomonas melonis</GBSeq_organism>
 <GBSeq_organism>Xanthomonas cucurbitae</GBSeq_organism>
 <GBSeq_organism>Xanthomonas oryzae</GBSeq_organism>
 <GBSeq_organism>Xanthomonas bromi</GBSeq_organism>
 <GBSeq_organism>Xanthomonas albilineans</GBSeq_organism>
 <GBSeq_organism>Xanthomonas vesicatoria ATCC 35937</GBSeq_organism>
 <GBSeq_organism>Xanthomonas axonopodis</GBSeq_organism>
 <GBSeq_organism>Xanthomonas euvesicatoria</GBSeq_organism>
 <GBSeq_organism>Xanthomonas translucens</GBSeq_organism>
 <GBSeq_organism>Xanthomonas perforans</GBSeq_organism>
 <GBSeq_organism>Xanthomonas pisi</GBSeq_organism>
 <GBSeq_organism>Xanthomonas populi</GBSeq_organism>
 <GBSeq_organism>Xanthomonas hortorum pv. hederae</GBSeq_organism>
 <GBSeq_organism>Xanthomonas gardneri ATCC 19865</GBSeq_organism>
 <GBSeq_organism>Xanthomonas cassavae CFBP 4642</GBSeq_organism>
 <GBSeq_organism>Xanthomonas vasicola</GBSeq_organism>
 <GBSeq_organism>Xanthomonas alfalfae</GBSeq_organism>
 <GBSeq_organism>Xanthomonas fuscans</GBSeq_organism>
 <GBSeq_organism>Xanthomonas theicola</GBSeq_organism>
 <GBSeq_organism>Xanthomonas hyacinthi</GBSeq_organism>
 <GBSeq_organism>Xanthomonas cynarae</GBSeq_organism>
 <GBSeq_organism>Xanthomonas fragariae</GBSeq_organism>
 <GBSeq_organism>Xanthomonas campestris</GBSeq_organism>
 <GBSeq_organism>Xanthomonas arboricola pv. juglandis</GBSeq_organism>
 <GBSeq_organism>Xanthomonas codiaei</GBSeq_organism>
 <GBSeq_organism>Xanthomonas citri</GBSeq_organism>
