 <GBSeq_organism>Shewanella sairae</GBSeq_organism>
 <GBSeq_organism>Shewanella livingstonensis</GBSeq_organism>
 <GBSeq_organism>Shewanella olleyana</GBSeq_organism>
 <GBSeq_organism>Shewanella waksmanii</GBSeq_organism>
 <GBSeq_organism>Shewanella fidelis</GBSeq_organism>
 <GBSeq_organism>Shewanella pneumatophori</GBSeq_organism>
 <GBSeq_organism>Shewanella irciniae</GBSeq_organism>
 <GBSeq_organism>Shewanella algae</GBSeq_organism>
 <GBSeq_organism>Shewanella putrefaciens</GBSeq_organism>
 <GBSeq_organism>Shewanella colwelliana</GBSeq_organism>
 <GBSeq_organism>Shewanella marina JCM 15074</GBSeq_organism>
 <GBSeq_organism>Shewanella marisflavi</GBSeq_organism>
 <GBSeq_organism>Shewanella gaetbuli</GBSeq_organism>
 <GBSeq_organism>Shewanella amazonensis SB2B</GBSeq_organism>
 <GBSeq_organism>Shewanella donghaensis</GBSeq_organism>
 <GBSeq_organism>Shewanella denitrificans OS217</GBSeq_organism>
 <GBSeq_organism>Shewanella psychrophila</GBSeq_organism>
 <GBSeq_organism>Shewanella piezotolerans WP3</GBSeq_organism>
 <GBSeq_organism>Shewanella aquimarina</GBSeq_organism>
 <GBSeq_organism>Shewanella benthica</GBSeq_organism>
 <GBSeq_organism>Shewanella kaireitica</GBSeq_organism>
 <GBSeq_organism>Shewanella decolorationis S12</GBSeq_organism>
 <GBSeq_organism>Shewanella spongiae</GBSeq_organism>
 <GBSeq_organism>Shewanella baltica</GBSeq_organism>
 <GBSeq_organism>Shewanella woodyi ATCC 51908</GBSeq_organism>
 <GBSeq_organism>Shewanella haliotis</GBSeq_organism>
 <GBSeq_organism>Shewanella pealeana</GBSeq_organism>
 <GBSeq_organism>Shewanella pacifica</GBSeq_organism>
 <GBSeq_organism>Shewanella hanedai</GBSeq_organism>
 <GBSeq_organism>Shewanella frigidimarina</GBSeq_organism>
