 <GBSeq_organism>Wohlfahrtiimonas chitiniclastica DSM 18708</GBSeq_organism>
 <GBSeq_organism>Chromohalobacter salexigens DSM 3043</GBSeq_organism>
 <GBSeq_organism>Aeromonas hydrophila</GBSeq_organism>
 <GBSeq_organism>Alcanivorax borkumensis SK2</GBSeq_organism>
 <GBSeq_organism>Salinicola halophilus</GBSeq_organism>
 <GBSeq_organism>Halomonas meridiana</GBSeq_organism>
 <GBSeq_organism>Ignatzschineria larvae DSM 13226</GBSeq_organism>
 <GBSeq_organism>Zymobacter palmae</GBSeq_organism>
 <GBSeq_organism>Chromohalobacter israelensis</GBSeq_organism>
 <GBSeq_organism>Pseudomonas aeruginosa</GBSeq_organism>
 <GBSeq_organism>Leucothrix mucor DSM 2157</GBSeq_organism>
 <GBSeq_organism>Salinicola salarius</GBSeq_organism>
 <GBSeq_organism>Klebsiella pneumoniae</GBSeq_organism>
 <GBSeq_organism>Salinicola socius</GBSeq_organism>
 <GBSeq_organism>Cobetia marina</GBSeq_organism>
 <GBSeq_organism>Ignatzschineria indica</GBSeq_organism>
 <GBSeq_organism>Modicisalibacter tunisiensis</GBSeq_organism>
 <GBSeq_organism>Ignatzschineria ureiclastica</GBSeq_organism>
 <GBSeq_organism>Halomonas boliviensis LC1</GBSeq_organism>
 <GBSeq_organism>Yersinia enterocolitica</GBSeq_organism>
 <GBSeq_organism>Escherichia coli DSM 30083 = JCM 1649 = ATCC 11775</GBSeq_organism>
 <GBSeq_organism>Halomonas aquamarina</GBSeq_organism>
