 <GBSeq_organism>Maricaulis parjimensis</GBSeq_organism>
 <GBSeq_organism>Caulobacter vibrioides</GBSeq_organism>
 <GBSeq_organism>Maricaulis virginensis</GBSeq_organism>
 <GBSeq_organism>Rhodobacter blasticus DSM 2131</GBSeq_organism>
 <GBSeq_organism>Hyphomonas polymorpha</GBSeq_organism>
 <GBSeq_organism>Maricaulis washingtonensis</GBSeq_organism>
 <GBSeq_organism>Rhodovulum sulfidophilum DSM 1374</GBSeq_organism>
 <GBSeq_organism>Hyphomonas oceanitis</GBSeq_organism>
 <GBSeq_organism>Rhodovulum strictum</GBSeq_organism>
 <GBSeq_organism>Brevundimonas alba</GBSeq_organism>
 <GBSeq_organism>Rhodobacter capsulatus</GBSeq_organism>
 <GBSeq_organism>Woodsholea maritima</GBSeq_organism>
 <GBSeq_organism>Hellea balneolensis</GBSeq_organism>
 <GBSeq_organism>Brevundimonas bacteroides</GBSeq_organism>
 <GBSeq_organism>Hyphomonas jannaschiana</GBSeq_organism>
 <GBSeq_organism>Brevundimonas diminuta ATCC 11568</GBSeq_organism>
 <GBSeq_organism>Hyphomonas hirschiana</GBSeq_organism>
 <GBSeq_organism>Maricaulis salignorans</GBSeq_organism>
 <GBSeq_organism>Lentipes concolor</GBSeq_organism>
 <GBSeq_organism>Rhodovulum adriaticum</GBSeq_organism>
 <GBSeq_organism>Brevundimonas intermedia</GBSeq_organism>
 <GBSeq_organism>Hirschia baltica ATCC 49814</GBSeq_organism>
 <GBSeq_organism>Rhodobacter veldkampii DSM 11550</GBSeq_organism>
 <GBSeq_organism>Hyphomonas adhaerens</GBSeq_organism>
 <GBSeq_organism>Hyphomonas johnsonii</GBSeq_organism>
 <GBSeq_organism>Phenylobacterium immobile</GBSeq_organism>
 <GBSeq_organism>Hyphomonas neptunium</GBSeq_organism>
 <GBSeq_organism>Paracoccus denitrificans</GBSeq_organism>
 <GBSeq_organism>Robiginitomaculum antarcticum</GBSeq_organism>
 <GBSeq_organism>Maricaulis maris</GBSeq_organism>
