 <GBSeq_organism>Jannaschia seosinensis</GBSeq_organism>
 <GBSeq_organism>Roseobacter litoralis Och 149</GBSeq_organism>
 <GBSeq_organism>Citreicella thiooxidans</GBSeq_organism>
 <GBSeq_organism>Roseivivax halotolerans</GBSeq_organism>
 <GBSeq_organism>Rhodovulum sulfidophilum</GBSeq_organism>
 <GBSeq_organism>Roseicyclus mahoneyensis</GBSeq_organism>
 <GBSeq_organism>Yangia pacifica</GBSeq_organism>
 <GBSeq_organism>Silicibacter lacuscaerulensis ITI-1157</GBSeq_organism>
 <GBSeq_organism>Oceanibulbus indolifex HEL-45</GBSeq_organism>
 <GBSeq_organism>Loktanella agnita</GBSeq_organism>
 <GBSeq_organism>Rhodovulum adriaticum</GBSeq_organism>
 <GBSeq_organism>Dinoroseobacter shibae</GBSeq_organism>
 <GBSeq_organism>Oceanicola batsensis</GBSeq_organism>
 <GBSeq_organism>Pseudoroseobacter euryhalinus</GBSeq_organism>
 <GBSeq_organism>Rhodobacter capsulatus</GBSeq_organism>
 <GBSeq_organism>Palleronia marisminoris</GBSeq_organism>
 <GBSeq_organism>Ruegeria atlantica</GBSeq_organism>
 <GBSeq_organism>Thioclava pacifica DSM 10166</GBSeq_organism>
 <GBSeq_organism>Sulfitobacter brevis</GBSeq_organism>
 <GBSeq_organism>Nereida ignava</GBSeq_organism>
 <GBSeq_organism>Labrenzia aggregata IAM 12614</GBSeq_organism>
 <GBSeq_organism>Salipiger mucosus DSM 16094</GBSeq_organism>
