 <GBSeq_organism>Kockovaella phaffii</GBSeq_organism>
 <GBSeq_organism>Auriculibuller fuscus</GBSeq_organism>
 <GBSeq_organism>Tremella tropica</GBSeq_organism>
 <GBSeq_organism>Tremella taiwanensis</GBSeq_organism>
 <GBSeq_organism>Hannaella sinensis</GBSeq_organism>
 <GBSeq_organism>Cryptococcus marinus</GBSeq_organism>
 <GBSeq_organism>Cryptococcus yokohamensis</GBSeq_organism>
 <GBSeq_organism>Tremella mycophaga</GBSeq_organism>
 <GBSeq_organism>Tremella cinnabarina</GBSeq_organism>
 <GBSeq_organism>Cryptococcus amylolentus</GBSeq_organism>
 <GBSeq_organism>Bandoniozyma noutii</GBSeq_organism>
 <GBSeq_organism>Cryptococcus victoriae</GBSeq_organism>
 <GBSeq_organism>Hannaella oryzae</GBSeq_organism>
 <GBSeq_organism>Bullera penniseticola</GBSeq_organism>
 <GBSeq_organism>Tremella globispora</GBSeq_organism>
 <GBSeq_organism>Fellomyces horovitziae</GBSeq_organism>
 <GBSeq_organism>Fellomyces lichenicola</GBSeq_organism>
 <GBSeq_organism>Fellomyces chinensis</GBSeq_organism>
 <GBSeq_organism>Cryptococcus skinneri</GBSeq_organism>
 <GBSeq_organism>Tremella microspora</GBSeq_organism>
 <GBSeq_organism>Tremella encephala</GBSeq_organism>
 <GBSeq_organism>Kockovaella schimae</GBSeq_organism>
 <GBSeq_organism>Tremella flava</GBSeq_organism>
