 <GBSeq_organism>Lactobacillus otakiensis</GBSeq_organism>
 <GBSeq_organism>Lactobacillus sunkii</GBSeq_organism>
 <GBSeq_organism>Lactobacillus sunkii</GBSeq_organism>
 <GBSeq_organism>Lactobacillus hilgardii</GBSeq_organism>
 <GBSeq_organism>Lactobacillus rapi</GBSeq_organism>
 <GBSeq_organism>Lactobacillus otakiensis</GBSeq_organism>
 <GBSeq_organism>Lactobacillus sunkii</GBSeq_organism>
 <GBSeq_organism>Lactobacillus diolivorans</GBSeq_organism>
 <GBSeq_organism>Lactobacillus sunkii</GBSeq_organism>
 <GBSeq_organism>Lactobacillus kisonensis</GBSeq_organism>
 <GBSeq_organism>Lactobacillus rapi</GBSeq_organism>
 <GBSeq_organism>Lactobacillus buchneri</GBSeq_organism>
 <GBSeq_organism>Lactobacillus parabuchneri</GBSeq_organism>
 <GBSeq_organism>Lactobacillus kefiri</GBSeq_organism>
 <GBSeq_organism>Lactobacillus sunkii</GBSeq_organism>
 <GBSeq_organism>Lactobacillus otakiensis</GBSeq_organism>
 <GBSeq_organism>Lactobacillus kisonensis</GBSeq_organism>
 <GBSeq_organism>Lactobacillus kisonensis</GBSeq_organism>
 <GBSeq_organism>Lactobacillus sunkii</GBSeq_organism>
 <GBSeq_organism>Lactobacillus parakefiri</GBSeq_organism>
 <GBSeq_organism>Lactobacillus brevis</GBSeq_organism>
 <GBSeq_organism>Lactobacillus casei</GBSeq_organism>
 <GBSeq_organism>Lactobacillus otakiensis</GBSeq_organism>
