 <GBSeq_organism>Staphylococcus aureus subsp. anaerobius</GBSeq_organism>
 <GBSeq_organism>Staphylococcus succinus subsp. succinus</GBSeq_organism>
 <GBSeq_organism>Staphylococcus muscae</GBSeq_organism>
 <GBSeq_organism>Staphylococcus haemolyticus</GBSeq_organism>
 <GBSeq_organism>Staphylococcus fleurettii</GBSeq_organism>
 <GBSeq_organism>Staphylococcus chromogenes</GBSeq_organism>
 <GBSeq_organism>Staphylococcus xylosus</GBSeq_organism>
 <GBSeq_organism>Staphylococcus schleiferi</GBSeq_organism>
 <GBSeq_organism>Staphylococcus warneri</GBSeq_organism>
 <GBSeq_organism>Staphylococcus vitulinus</GBSeq_organism>
 <GBSeq_organism>Staphylococcus fleurettii</GBSeq_organism>
 <GBSeq_organism>Staphylococcus aureus subsp. anaerobius</GBSeq_organism>
 <GBSeq_organism>Staphylococcus auricularis</GBSeq_organism>
 <GBSeq_organism>Staphylococcus condimenti</GBSeq_organism>
 <GBSeq_organism>Staphylococcus caprae</GBSeq_organism>
 <GBSeq_organism>Staphylococcus cohnii subsp. urealyticus</GBSeq_organism>
 <GBSeq_organism>Staphylococcus felis</GBSeq_organism>
 <GBSeq_organism>Staphylococcus sciuri subsp. carnaticus</GBSeq_organism>
 <GBSeq_organism>Staphylococcus simulans</GBSeq_organism>
 <GBSeq_organism>Staphylococcus piscifermentans</GBSeq_organism>
 <GBSeq_organism>Staphylococcus saprophyticus subsp. saprophyticus</GBSeq_organism>
 <GBSeq_organism>Staphylococcus hominis subsp. novobiosepticus</GBSeq_organism>
 <GBSeq_organism>Staphylococcus cohnii subsp. cohnii</GBSeq_organism>
 <GBSeq_organism>Staphylococcus caprae</GBSeq_organism>
 <GBSeq_organism>Staphylococcus sciuri subsp. carnaticus</GBSeq_organism>
 <GBSeq_organism>Staphylococcus lutrae</GBSeq_organism>
 <GBSeq_organism>Staphylococcus cohnii subsp. urealyticus</GBSeq_organism>
 <GBSeq_organism>Staphylococcus intermedius NCTC 11048</GBSeq_organism>
 <GBSeq_organism>Staphylococcus intermedius NCTC 11048</GBSeq_organism>
 <GBSeq_organism>Staphylococcus auricularis</GBSeq_organism>
 <GBSeq_organism>Staphylococcus lentus</GBSeq_organism>
 <GBSeq_organism>Staphylococcus hyicus</GBSeq_organism>
 <GBSeq_organism>Staphylococcus sciuri subsp. rodentium</GBSeq_organism>
 <GBSeq_organism>Staphylococcus epidermidis</GBSeq_organism>
 <GBSeq_organism>Staphylococcus condimenti</GBSeq_organism>
 <GBSeq_organism>Staphylococcus lentus</GBSeq_organism>
 <GBSeq_organism>Staphylococcus saprophyticus</GBSeq_organism>
 <GBSeq_organism>Staphylococcus lugdunensis</GBSeq_organism>
 <GBSeq_organism>Staphylococcus saccharolyticus</GBSeq_organism>
 <GBSeq_organism>Staphylococcus gallinarum</GBSeq_organism>
 <GBSeq_organism>Staphylococcus carnosus subsp. carnosus</GBSeq_organism>
 <GBSeq_organism>Staphylococcus capitis subsp. urealyticus</GBSeq_organism>
 <GBSeq_organism>Staphylococcus simulans</GBSeq_organism>
 <GBSeq_organism>Staphylococcus sciuri subsp. sciuri</GBSeq_organism>
 <GBSeq_organism>Staphylococcus sciuri</GBSeq_organism>
 <GBSeq_organism>Staphylococcus hominis</GBSeq_organism>
 <GBSeq_organism>Staphylococcus delphini</GBSeq_organism>
