 <GBSeq_organism>Pseudomonas poae</GBSeq_organism>
 <GBSeq_organism>Pseudomonas rhodesiae</GBSeq_organism>
 <GBSeq_organism>Pseudomonas extremorientalis</GBSeq_organism>
 <GBSeq_organism>Pseudomonas palleroniana</GBSeq_organism>
 <GBSeq_organism>Pseudomonas brassicacearum</GBSeq_organism>
 <GBSeq_organism>Pseudomonas cedrina subsp. fulgida</GBSeq_organism>
 <GBSeq_organism>Pseudomonas azotoformans</GBSeq_organism>
 <GBSeq_organism>Pseudomonas brenneri</GBSeq_organism>
 <GBSeq_organism>Pseudomonas grimontii</GBSeq_organism>
 <GBSeq_organism>Pseudomonas cannabina</GBSeq_organism>
 <GBSeq_organism>Pseudomonas lini</GBSeq_organism>
 <GBSeq_organism>Pseudomonas caricapapayae</GBSeq_organism>
 <GBSeq_organism>Pseudomonas congelans</GBSeq_organism>
 <GBSeq_organism>Pseudomonas tremae</GBSeq_organism>
 <GBSeq_organism>Pseudomonas vancouverensis</GBSeq_organism>
 <GBSeq_organism>Pseudomonas corrugata</GBSeq_organism>
 <GBSeq_organism>Pseudomonas orientalis</GBSeq_organism>
 <GBSeq_organism>Pseudomonas kilonensis</GBSeq_organism>
 <GBSeq_organism>Pseudomonas gessardii</GBSeq_organism>
 <GBSeq_organism>Pseudomonas thivervalensis</GBSeq_organism>
 <GBSeq_organism>Pseudomonas avellanae</GBSeq_organism>
 <GBSeq_organism>Pseudomonas jessenii</GBSeq_organism>
 <GBSeq_organism>Pseudomonas mucidolens</GBSeq_organism>
 <GBSeq_organism>Pseudomonas veronii</GBSeq_organism>
 <GBSeq_organism>Pseudomonas migulae</GBSeq_organism>
 <GBSeq_organism>Pseudomonas mandelii</GBSeq_organism>
 <GBSeq_organism>Pseudomonas costantinii</GBSeq_organism>
 <GBSeq_organism>Pseudomonas trivialis</GBSeq_organism>
 <GBSeq_organism>Pseudomonas salomonii</GBSeq_organism>
 <GBSeq_organism>Pseudomonas synxantha</GBSeq_organism>
