 <GBSeq_organism>Nautilia lithotrophica</GBSeq_organism>
 <GBSeq_organism>Campylobacter ureolyticus</GBSeq_organism>
 <GBSeq_organism>Campylobacter fetus</GBSeq_organism>
 <GBSeq_organism>Sulfurospirillum deleyianum</GBSeq_organism>
 <GBSeq_organism>Arcobacter cryaerophilus</GBSeq_organism>
 <GBSeq_organism>Sulfurospirillum sp. Am-N</GBSeq_organism>
 <GBSeq_organism>Sulfurimonas denitrificans DSM 1251</GBSeq_organism>
 <GBSeq_organism>epsilon proteobacterium AM1115</GBSeq_organism>
 <GBSeq_organism>Sulfurovum lithotrophicum</GBSeq_organism>
 <GBSeq_organism>Paracoccus denitrificans</GBSeq_organism>
 <GBSeq_organism>Methylococcus capsulatus str. Bath</GBSeq_organism>
 <GBSeq_organism>Caminibacter profundus</GBSeq_organism>
 <GBSeq_organism>uncultured epsilon proteobacterium</GBSeq_organism>
 <GBSeq_organism>uncultured epsilon proteobacterium</GBSeq_organism>
 <GBSeq_organism>Wolinella succinogenes</GBSeq_organism>
 <GBSeq_organism>Caminibacter hydrogeniphilus</GBSeq_organism>
 <GBSeq_organism>Helicobacter pylori</GBSeq_organism>
 <GBSeq_organism>Sulfuricurvum kujiense DSM 16994</GBSeq_organism>
 <GBSeq_organism>Nautilia profundicola AmH</GBSeq_organism>
 <GBSeq_organism>Hydrogenimonas thermophila</GBSeq_organism>
 <GBSeq_organism>epsilon proteobacterium 18.2</GBSeq_organism>
 <GBSeq_organism>Sulfurospirillum sp. 18.1</GBSeq_organism>
 <GBSeq_organism>Sulfurimonas autotrophica DSM 16294</GBSeq_organism>
 <GBSeq_organism>uncultured bacterium S17sBac16</GBSeq_organism>
