 <GBSeq_organism>Streptomyces lavendulocolor</GBSeq_organism>
 <GBSeq_organism>Streptomyces tanashiensis</GBSeq_organism>
 <GBSeq_organism>Streptomyces purpureus</GBSeq_organism>
 <GBSeq_organism>Streptomyces crystallinus</GBSeq_organism>
 <GBSeq_organism>Streptomyces zaomyceticus</GBSeq_organism>
 <GBSeq_organism>Streptomyces luridiscabiei</GBSeq_organism>
 <GBSeq_organism>Streptomyces toxytricini</GBSeq_organism>
 <GBSeq_organism>Streptomyces gobitricini</GBSeq_organism>
 <GBSeq_organism>Streptomyces orinoci</GBSeq_organism>
 <GBSeq_organism>Streptomyces celluloflavus</GBSeq_organism>
 <GBSeq_organism>Streptomyces microflavus</GBSeq_organism>
 <GBSeq_organism>Streptomyces olivoreticuli subsp. cellulophilum</GBSeq_organism>
 <GBSeq_organism>Streptomyces violaceorectus</GBSeq_organism>
 <GBSeq_organism>Streptomyces luridus</GBSeq_organism>
 <GBSeq_organism>Streptomyces showdoensis</GBSeq_organism>
 <GBSeq_organism>Streptomyces halstedii</GBSeq_organism>
 <GBSeq_organism>Streptomyces cremeus</GBSeq_organism>
 <GBSeq_organism>Streptomyces mobaraensis NBRC 13819 = DSM 40847</GBSeq_organism>
 <GBSeq_organism>Streptomyces olivoreticuli subsp. olivoreticuli</GBSeq_organism>
 <GBSeq_organism>Streptomyces nashvillensis</GBSeq_organism>
 <GBSeq_organism>Streptomyces roseolus</GBSeq_organism>
 <GBSeq_organism>Streptomyces noboritoensis</GBSeq_organism>
 <GBSeq_organism>Streptomyces roseoviridis</GBSeq_organism>
 <GBSeq_organism>Streptomyces olivoverticillatus</GBSeq_organism>
 <GBSeq_organism>Streptomyces rubiginosohelvolus</GBSeq_organism>
 <GBSeq_organism>Streptomyces litmocidini</GBSeq_organism>
 <GBSeq_organism>Streptomyces viridobrunneus</GBSeq_organism>
 <GBSeq_organism>Streptomyces xantholiticus</GBSeq_organism>
 <GBSeq_organism>Streptomyces lateritius</GBSeq_organism>
 <GBSeq_organism>Streptomyces melanogenes</GBSeq_organism>
 <GBSeq_organism>Streptomyces nitrosporeus</GBSeq_organism>
 <GBSeq_organism>Streptomyces puniceus</GBSeq_organism>
 <GBSeq_organism>Streptomyces virginiae</GBSeq_organism>
 <GBSeq_organism>Streptomyces exfoliatus</GBSeq_organism>
 <GBSeq_organism>Streptomyces diastatochromogenes</GBSeq_organism>
 <GBSeq_organism>Streptomyces cinereoruber subsp. cinereoruber</GBSeq_organism>
 <GBSeq_organism>Streptomyces kurssanovii</GBSeq_organism>
