 <GBSeq_organism>Methylobacter vinelandii</GBSeq_organism>
 <GBSeq_organism>Methylomicrobium alcaliphilum 20Z</GBSeq_organism>
 <GBSeq_organism>Methylococcus thermophilus</GBSeq_organism>
 <GBSeq_organism>Escherichia coli str. K12 substr. W3110</GBSeq_organism>
 <GBSeq_organism>Methylobacter tundripaludum SV96</GBSeq_organism>
 <GBSeq_organism>Methylomicrobium album BG8</GBSeq_organism>
 <GBSeq_organism>Methylomicrobium agile</GBSeq_organism>
 <GBSeq_organism>Methylobacter luteus</GBSeq_organism>
 <GBSeq_organism>Methylosarcina quisquiliarum</GBSeq_organism>
 <GBSeq_organism>Methylococcus capsulatus str. Bath</GBSeq_organism>
 <GBSeq_organism>Methylomicrobium buryatense 5G</GBSeq_organism>
 <GBSeq_organism>Methylosarcina fibrata AML-C10</GBSeq_organism>
 <GBSeq_organism>Methylobacter marinus</GBSeq_organism>
 <GBSeq_organism>Methylomicrobium buryatense</GBSeq_organism>
 <GBSeq_organism>Methylomonas methanica</GBSeq_organism>
 <GBSeq_organism>Methylobacter whittenburyi</GBSeq_organism>
 <GBSeq_organism>Methylosarcina lacus</GBSeq_organism>
 <GBSeq_organism>Methylococcus capsulatus str. Texas = ATCC 19069</GBSeq_organism>
 <GBSeq_organism>Methylomicrobium kenyense</GBSeq_organism>
 <GBSeq_organism>Methylomonas scandinavica</GBSeq_organism>
 <GBSeq_organism>Methylosphaera hansonii</GBSeq_organism>
 <GBSeq_organism>Methylomonas rubra</GBSeq_organism>
 <GBSeq_organism>Methylobacter psychrophilus</GBSeq_organism>
 <GBSeq_organism>Methylomicrobium japanense</GBSeq_organism>
 <GBSeq_organism>Methylomicrobium pelagicum</GBSeq_organism>
