 <GBSeq_organism>Burkholderia arboris</GBSeq_organism>
 <GBSeq_organism>Burkholderia latens</GBSeq_organism>
 <GBSeq_organism>Medicago truncatula</GBSeq_organism>
 <GBSeq_organism>Burkholderia seminalis DSM 23518</GBSeq_organism>
 <GBSeq_organism>Burkholderia sediminicola</GBSeq_organism>
 <GBSeq_organism>Burkholderia tuberum STM678</GBSeq_organism>
 <GBSeq_organism>Burkholderia heleia</GBSeq_organism>
 <GBSeq_organism>Burkholderia xenovorans LB400</GBSeq_organism>
 <GBSeq_organism>Burkholderia stabilis</GBSeq_organism>
 <GBSeq_organism>Burkholderia ferrariae</GBSeq_organism>
 <GBSeq_organism>Burkholderia megapolitana</GBSeq_organism>
 <GBSeq_organism>Burkholderia phytofirmans PsJN</GBSeq_organism>
 <GBSeq_organism>Burkholderia mimosarum</GBSeq_organism>
 <GBSeq_organism>Burkholderia caledonica</GBSeq_organism>
 <GBSeq_organism>Burkholderia anthina</GBSeq_organism>
 <GBSeq_organism>Burkholderia sabiae</GBSeq_organism>
 <GBSeq_organism>Burkholderia diffusa</GBSeq_organism>
 <GBSeq_organism>Burkholderia sartisoli</GBSeq_organism>
 <GBSeq_organism>Burkholderia caribensis</GBSeq_organism>
 <GBSeq_organism>Burkholderia thailandensis E264</GBSeq_organism>
 <GBSeq_organism>Burkholderia acidipaludis</GBSeq_organism>
 <GBSeq_organism>Burkholderia lata</GBSeq_organism>
 <GBSeq_organism>Burkholderia cenocepacia</GBSeq_organism>
 <GBSeq_organism>Burkholderia ginsengisoli</GBSeq_organism>
 <GBSeq_organism>Burkholderia fungorum</GBSeq_organism>
 <GBSeq_organism>Burkholderia acidipaludis</GBSeq_organism>
 <GBSeq_organism>Pandoraea norimbergensis</GBSeq_organism>
 <GBSeq_organism>Burkholderia metallica</GBSeq_organism>
 <GBSeq_organism>Burkholderia cepacia ATCC 25416</GBSeq_organism>
 <GBSeq_organism>Burkholderia rhizoxinica HKI 454</GBSeq_organism>
 <GBSeq_organism>Burkholderia glumae LMG 2196</GBSeq_organism>
 <GBSeq_organism>Burkholderia silvatlantica SRMrh-20</GBSeq_organism>
 <GBSeq_organism>Burkholderia graminis C4D1M</GBSeq_organism>
 <GBSeq_organism>Burkholderia nodosa</GBSeq_organism>
 <GBSeq_organism>Burkholderia tropica</GBSeq_organism>
 <GBSeq_organism>Burkholderia phenoliruptrix</GBSeq_organism>
 <GBSeq_organism>Burkholderia unamae MTI-641</GBSeq_organism>
 <GBSeq_organism>Burkholderia pseudomallei</GBSeq_organism>
 <GBSeq_organism>Burkholderia endofungorum</GBSeq_organism>
 <GBSeq_organism>Burkholderia vietnamiensis</GBSeq_organism>
 <GBSeq_organism>Burkholderia multivorans ATCC BAA-247</GBSeq_organism>
 <GBSeq_organism>Burkholderia sacchari</GBSeq_organism>
