 <GBSeq_organism>Catenuloplanes japonicus JCM 9106</GBSeq_organism>
 <GBSeq_organism>Actinocatenispora thailandica</GBSeq_organism>
 <GBSeq_organism>Catellatospora citrea subsp. citrea</GBSeq_organism>
 <GBSeq_organism>Dactylosporangium aurantiacum</GBSeq_organism>
 <GBSeq_organism>Catellatospora methionotrophica</GBSeq_organism>
 <GBSeq_organism>Polymorphospora rubra</GBSeq_organism>
 <GBSeq_organism>Catelliglobosispora koreensis DSM 44566</GBSeq_organism>
 <GBSeq_organism>Couchioplanes caeruleus</GBSeq_organism>
 <GBSeq_organism>Catellatospora chokoriensis</GBSeq_organism>
 <GBSeq_organism>Hamadaea tsunoensis</GBSeq_organism>
 <GBSeq_organism>Asanoa ferruginea</GBSeq_organism>
 <GBSeq_organism>Pilimelia terevasa</GBSeq_organism>
 <GBSeq_organism>Couchioplanes caeruleus</GBSeq_organism>
 <GBSeq_organism>Virgisporangium aurantiacum</GBSeq_organism>
 <GBSeq_organism>Catellatospora bangladeshensis</GBSeq_organism>
 <GBSeq_organism>Spirilliplanes yamanashiensis</GBSeq_organism>
 <GBSeq_organism>Krasilnikovia cinnamomea</GBSeq_organism>
 <GBSeq_organism>Salinispora arenicola ATCC BAA-917</GBSeq_organism>
 <GBSeq_organism>Actinoplanes philippinensis</GBSeq_organism>
 <GBSeq_organism>Micromonospora chalcea</GBSeq_organism>
 <GBSeq_organism>Streptomyces ambofaciens</GBSeq_organism>
 <GBSeq_organism>Catellatospora coxensis</GBSeq_organism>
 <GBSeq_organism>Verrucosispora gifhornensis</GBSeq_organism>
