 <GBSeq_organism>Lactobacillus buchneri</GBSeq_organism>
 <GBSeq_organism>Lactobacillus rhamnosus</GBSeq_organism>
 <GBSeq_organism>Lactobacillus mali KCTC 3596 = DSM 20444</GBSeq_organism>
 <GBSeq_organism>Lactobacillus kefiri</GBSeq_organism>
 <GBSeq_organism>Leuconostoc mesenteroides</GBSeq_organism>
 <GBSeq_organism>Lactobacillus casei</GBSeq_organism>
 <GBSeq_organism>Lactobacillus fermentum</GBSeq_organism>
 <GBSeq_organism>Lactobacillus plantarum</GBSeq_organism>
 <GBSeq_organism>Lactococcus lactis</GBSeq_organism>
 <GBSeq_organism>Lactobacillus fermentum</GBSeq_organism>
 <GBSeq_organism>Lactobacillus reuteri</GBSeq_organism>
 <GBSeq_organism>Lactobacillus dextrinicus</GBSeq_organism>
 <GBSeq_organism>Lactobacillus coryniformis subsp. coryniformis KCTC 3167 = DSM 20001</GBSeq_organism>
 <GBSeq_organism>Lactobacillus salivarius</GBSeq_organism>
 <GBSeq_organism>Lactobacillus plantarum subsp. argentoratensis</GBSeq_organism>
 <GBSeq_organism>Lactobacillus salivarius</GBSeq_organism>
 <GBSeq_organism>Lactobacillus delbrueckii</GBSeq_organism>
 <GBSeq_organism>Lactobacillus dextrinicus</GBSeq_organism>
 <GBSeq_organism>Lactobacillus sakei</GBSeq_organism>
 <GBSeq_organism>Lactobacillus coryniformis</GBSeq_organism>
 <GBSeq_organism>Lactobacillus casei ATCC 334</GBSeq_organism>
 <GBSeq_organism>Lactobacillus acidophilus</GBSeq_organism>
 <GBSeq_organism>Lactobacillus curvatus</GBSeq_organism>
 <GBSeq_organism>Lactobacillus salivarius</GBSeq_organism>
 <GBSeq_organism>Lactobacillus bifermentans</GBSeq_organism>
 <GBSeq_organism>Lactobacillus fermentum</GBSeq_organism>
 <GBSeq_organism>Lactobacillus delbrueckii subsp. delbrueckii</GBSeq_organism>
 <GBSeq_organism>Lactococcus lactis subsp. lactis</GBSeq_organism>
 <GBSeq_organism>Lactobacillus acidophilus</GBSeq_organism>
 <GBSeq_organism>Lactobacillus plantarum</GBSeq_organism>
 <GBSeq_organism>Lactobacillus perolens</GBSeq_organism>
 <GBSeq_organism>Lactobacillus sakei subsp. carnosus</GBSeq_organism>
 <GBSeq_organism>Lactobacillus casei</GBSeq_organism>
 <GBSeq_organism>Lactobacillus delbrueckii subsp. delbrueckii</GBSeq_organism>
 <GBSeq_organism>Lactobacillus mali KCTC 3596 = DSM 20444</GBSeq_organism>
 <GBSeq_organism>Lactobacillus collinoides</GBSeq_organism>
 <GBSeq_organism>Lactobacillus reuteri</GBSeq_organism>
 <GBSeq_organism>Lactobacillus selangorensis</GBSeq_organism>
 <GBSeq_organism>Lactobacillus rhamnosus</GBSeq_organism>
 <GBSeq_organism>Oenococcus oeni</GBSeq_organism>
 <GBSeq_organism>Lactobacillus bifermentans</GBSeq_organism>
 <GBSeq_organism>Lactobacillus collinoides</GBSeq_organism>
 <GBSeq_organism>Lactobacillus mali</GBSeq_organism>
 <GBSeq_organism>Lactobacillus rhamnosus</GBSeq_organism>
 <GBSeq_organism>Lactobacillus kefiri</GBSeq_organism>
 <GBSeq_organism>Weissella viridescens</GBSeq_organism>
 <GBSeq_organism>Lactobacillus dextrinicus</GBSeq_organism>
 <GBSeq_organism>Lactobacillus crustorum</GBSeq_organism>
 <GBSeq_organism>Lactobacillus coryniformis subsp. coryniformis KCTC 3167 = DSM 20001</GBSeq_organism>
