 <GBSeq_organism>Rhodobacter blasticus DSM 2131</GBSeq_organism>
 <GBSeq_organism>Rhodovulum imhoffii</GBSeq_organism>
 <GBSeq_organism>Rhodobacter aestuarii</GBSeq_organism>
 <GBSeq_organism>Pseudorhodobacter ferrugineus</GBSeq_organism>
 <GBSeq_organism>Roseobacter denitrificans OCh 114</GBSeq_organism>
 <GBSeq_organism>Rhodovulum sulfidophilum DSM 1374</GBSeq_organism>
 <GBSeq_organism>Rhodobacter sphaeroides</GBSeq_organism>
 <GBSeq_organism>Rhodovulum strictum</GBSeq_organism>
 <GBSeq_organism>Rhodobacter johrii</GBSeq_organism>
 <GBSeq_organism>Rhodovulum kholense</GBSeq_organism>
 <GBSeq_organism>Gemmobacter changlensis</GBSeq_organism>
 <GBSeq_organism>Rhodovulum robiginosum</GBSeq_organism>
 <GBSeq_organism>Rhodobacter maris</GBSeq_organism>
 <GBSeq_organism>Rhodobaca bogoriensis DSM 18756</GBSeq_organism>
 <GBSeq_organism>Rhodospirillum rubrum ATCC 11170</GBSeq_organism>
 <GBSeq_organism>Rhodobacter azotoformans</GBSeq_organism>
 <GBSeq_organism>Rhodovulum visakhapatnamense</GBSeq_organism>
 <GBSeq_organism>Paracoccus denitrificans</GBSeq_organism>
 <GBSeq_organism>Rhodobacter veldkampii DSM 11550</GBSeq_organism>
 <GBSeq_organism>Rhodobacter ovatus</GBSeq_organism>
 <GBSeq_organism>Rhodovulum euryhalinum</GBSeq_organism>
 <GBSeq_organism>Rhodobacter megalophilus</GBSeq_organism>
 <GBSeq_organism>Rhodobacter capsulatus</GBSeq_organism>
