 <GBSeq_organism>Micrococcus luteus</GBSeq_organism>
 <GBSeq_organism>Streptomyces griseus subsp. griseus</GBSeq_organism>
 <GBSeq_organism>Nocardia asteroides NBRC 15531</GBSeq_organism>
 <GBSeq_organism>Aquifex pyrophilus</GBSeq_organism>
 <GBSeq_organism>Atopobium minutum</GBSeq_organism>
 <GBSeq_organism>uncultured actinobacterium</GBSeq_organism>
 <GBSeq_organism>Nocardiopsis dassonvillei subsp. dassonvillei DSM 43111</GBSeq_organism>
 <GBSeq_organism>Rubrobacter radiotolerans DSM 5868</GBSeq_organism>
 <GBSeq_organism>Chloroflexus aurantiacus J-10-fl</GBSeq_organism>
 <GBSeq_organism>Pilimelia terevasa</GBSeq_organism>
 <GBSeq_organism>Thermotoga maritima</GBSeq_organism>
 <GBSeq_organism>uncultured bacterium</GBSeq_organism>
 <GBSeq_organism>Thermus aquaticus</GBSeq_organism>
 <GBSeq_organism>Actinosynnema mirum DSM 43827</GBSeq_organism>
 <GBSeq_organism>Thermoleophilum album</GBSeq_organism>
 <GBSeq_organism>Coriobacterium glomerans PW2</GBSeq_organism>
 <GBSeq_organism>Couchioplanes caeruleus</GBSeq_organism>
 <GBSeq_organism>Nitriliruptor alkaliphilus DSM 45188</GBSeq_organism>
 <GBSeq_organism>uncultured bacterium</GBSeq_organism>
 <GBSeq_organism>Intrasporangium calvum DSM 43043</GBSeq_organism>
 <GBSeq_organism>Euzebya tangerina</GBSeq_organism>
 <GBSeq_organism>Solirubrobacter soli</GBSeq_organism>
 <GBSeq_organism>Actinomadura madurae</GBSeq_organism>
 <GBSeq_organism>Acidimicrobium ferrooxidans DSM 10331</GBSeq_organism>
 <GBSeq_organism>Patulibacter minatonensis DSM 18081</GBSeq_organism>
 <GBSeq_organism>Slackia exigua ATCC 700122</GBSeq_organism>
 <GBSeq_organism>uncultured bacterium</GBSeq_organism>
 <GBSeq_organism>uncultured bacterium</GBSeq_organism>
 <GBSeq_organism>Iamia majanohamensis</GBSeq_organism>
 <GBSeq_organism>Eggerthella lenta DSM 2243</GBSeq_organism>
 <GBSeq_organism>Bifidobacterium bifidum ATCC 29521 = JCM 1255 = DSM 20456</GBSeq_organism>
 <GBSeq_organism>Sphaerobacter thermophilus DSM 20745</GBSeq_organism>
 <GBSeq_organism>Ilumatobacter fluminis YM22-133</GBSeq_organism>
 <GBSeq_organism>Conexibacter woesei DSM 14684</GBSeq_organism>
 <GBSeq_organism>Denitrobacterium detoxificans</GBSeq_organism>
