 <GBSeq_organism>Lactobacillus buchneri</GBSeq_organism>
 <GBSeq_organism>Lactobacillus mindensis</GBSeq_organism>
 <GBSeq_organism>Lactobacillus koreensis</GBSeq_organism>
 <GBSeq_organism>Lactobacillus diolivorans</GBSeq_organism>
 <GBSeq_organism>Lactobacillus kefiri</GBSeq_organism>
 <GBSeq_organism>Lactobacillus namurensis</GBSeq_organism>
 <GBSeq_organism>Lactobacillus spicheri</GBSeq_organism>
 <GBSeq_organism>Lactobacillus pentosus</GBSeq_organism>
 <GBSeq_organism>Lactobacillus malefermentans</GBSeq_organism>
 <GBSeq_organism>Lactobacillus hilgardii</GBSeq_organism>
 <GBSeq_organism>Lactobacillus parabuchneri</GBSeq_organism>
 <GBSeq_organism>Lactobacillus parabrevis</GBSeq_organism>
 <GBSeq_organism>Lactobacillus delbrueckii</GBSeq_organism>
 <GBSeq_organism>Lactobacillus paraplantarum</GBSeq_organism>
 <GBSeq_organism>Lactobacillus plantarum</GBSeq_organism>
 <GBSeq_organism>Lactobacillus hammesii</GBSeq_organism>
 <GBSeq_organism>Lactobacillus lindneri</GBSeq_organism>
 <GBSeq_organism>Lactobacillus brevis ATCC 14869 = DSM 20054</GBSeq_organism>
 <GBSeq_organism>Lactobacillus paralimentarius</GBSeq_organism>
 <GBSeq_organism>Lactobacillus farciminis</GBSeq_organism>
 <GBSeq_organism>Lactobacillus sanfranciscensis</GBSeq_organism>
 <GBSeq_organism>Lactobacillus versmoldensis</GBSeq_organism>
 <GBSeq_organism>Euphorbia amygdaloides</GBSeq_organism>
 <GBSeq_organism>Lactobacillus paralimentarius</GBSeq_organism>
 <GBSeq_organism>Lactobacillus zymae</GBSeq_organism>
 <GBSeq_organism>Lactobacillus paracollinoides</GBSeq_organism>
 <GBSeq_organism>Sus scrofa</GBSeq_organism>
 <GBSeq_organism>Lactobacillus alimentarius</GBSeq_organism>
