 <GBSeq_organism>Escherichia coli DSM 30083 = JCM 1649 = ATCC 11775</GBSeq_organism>
 <GBSeq_organism>Pseudoalteromonas piscicida</GBSeq_organism>
 <GBSeq_organism>Vibrio diabolicus</GBSeq_organism>
 <GBSeq_organism>Salinivibrio costicola subsp. vallismortis</GBSeq_organism>
 <GBSeq_organism>Aeromonas bivalvium</GBSeq_organism>
 <GBSeq_organism>Vibrio nereis</GBSeq_organism>
 <GBSeq_organism>Vibrio cholerae</GBSeq_organism>
 <GBSeq_organism>Vibrio orientalis CIP 102891 = ATCC 33934</GBSeq_organism>
 <GBSeq_organism>Vibrio neptunius</GBSeq_organism>
 <GBSeq_organism>Salinivibrio costicola subsp. alcaliphilus</GBSeq_organism>
 <GBSeq_organism>Psychromonas antarctica</GBSeq_organism>
 <GBSeq_organism>Algicola bacteriolytica</GBSeq_organism>
 <GBSeq_organism>Vibrio brasiliensis LMG 20546</GBSeq_organism>
 <GBSeq_organism>Pseudoalteromonas maricaloris</GBSeq_organism>
 <GBSeq_organism>Vibrio tubiashii ATCC 19109</GBSeq_organism>
 <GBSeq_organism>Vibrio coralliilyticus ATCC BAA-450</GBSeq_organism>
 <GBSeq_organism>Pseudoalteromonas haloplanktis</GBSeq_organism>
 <GBSeq_organism>Enterovibrio coralii</GBSeq_organism>
 <GBSeq_organism>Grimontia hollisae</GBSeq_organism>
 <GBSeq_organism>Salinivibrio costicola</GBSeq_organism>
 <GBSeq_organism>Aestuariibacter halophilus</GBSeq_organism>
 <GBSeq_organism>Vibrio proteolyticus</GBSeq_organism>
