 <GBSeq_organism>Streptococcus agalactiae</GBSeq_organism>
 <GBSeq_organism>Streptococcus pyogenes</GBSeq_organism>
 <GBSeq_organism>Streptococcus agalactiae</GBSeq_organism>
 <GBSeq_organism>Streptococcus dysgalactiae subsp. equisimilis</GBSeq_organism>
 <GBSeq_organism>Streptococcus pyogenes</GBSeq_organism>
 <GBSeq_organism>Streptococcus pyogenes</GBSeq_organism>
 <GBSeq_organism>Streptococcus agalactiae</GBSeq_organism>
 <GBSeq_organism>Streptococcus iniae</GBSeq_organism>
 <GBSeq_organism>Streptococcus pyogenes</GBSeq_organism>
 <GBSeq_organism>Streptococcus porcinus</GBSeq_organism>
 <GBSeq_organism>Streptococcus porcinus</GBSeq_organism>
 <GBSeq_organism>Streptococcus parauberis</GBSeq_organism>
 <GBSeq_organism>Streptococcus uberis</GBSeq_organism>
 <GBSeq_organism>Streptococcus equi subsp. zooepidemicus</GBSeq_organism>
 <GBSeq_organism>Streptococcus uberis</GBSeq_organism>
 <GBSeq_organism>Streptococcus equi subsp. equi</GBSeq_organism>
 <GBSeq_organism>Streptococcus dysgalactiae subsp. dysgalactiae</GBSeq_organism>
 <GBSeq_organism>Streptococcus agalactiae</GBSeq_organism>
 <GBSeq_organism>Streptococcus equi subsp. zooepidemicus</GBSeq_organism>
 <GBSeq_organism>Streptococcus agalactiae</GBSeq_organism>
 <GBSeq_organism>Streptococcus dysgalactiae subsp. dysgalactiae</GBSeq_organism>
 <GBSeq_organism>Streptococcus agalactiae</GBSeq_organism>
 <GBSeq_organism>Streptococcus dysgalactiae subsp. equisimilis</GBSeq_organism>
 <GBSeq_organism>Streptococcus agalactiae</GBSeq_organism>
 <GBSeq_organism>Streptococcus iniae</GBSeq_organism>
 <GBSeq_organism>Streptococcus canis</GBSeq_organism>
 <GBSeq_organism>Streptococcus canis</GBSeq_organism>
 <GBSeq_organism>Streptococcus equi</GBSeq_organism>
 <GBSeq_organism>Streptococcus iniae</GBSeq_organism>
 <GBSeq_organism>Streptococcus porcinus</GBSeq_organism>
 <GBSeq_organism>Streptococcus agalactiae</GBSeq_organism>
 <GBSeq_organism>Streptococcus agalactiae</GBSeq_organism>
 <GBSeq_organism>Streptococcus equi subsp. equi</GBSeq_organism>
 <GBSeq_organism>Streptococcus agalactiae</GBSeq_organism>
 <GBSeq_organism>Streptococcus dysgalactiae subsp. dysgalactiae</GBSeq_organism>
 <GBSeq_organism>Streptococcus agalactiae ATCC 13813</GBSeq_organism>
 <GBSeq_organism>Streptococcus dysgalactiae subsp. equisimilis</GBSeq_organism>
 <GBSeq_organism>Streptococcus canis</GBSeq_organism>
 <GBSeq_organism>Streptococcus equi subsp. zooepidemicus</GBSeq_organism>
 <GBSeq_organism>Streptococcus equi subsp. equi</GBSeq_organism>
 <GBSeq_organism>Streptococcus parauberis</GBSeq_organism>
