 <GBSeq_organism>Nitrococcus mobilis</GBSeq_organism>
 <GBSeq_organism>Allochromatium vinosum</GBSeq_organism>
 <GBSeq_organism>phototrophic bacterium</GBSeq_organism>
 <GBSeq_organism>Thiobacillus prosperus</GBSeq_organism>
 <GBSeq_organism>Methylococcus capsulatus str. Bath</GBSeq_organism>
 <GBSeq_organism>Aquisalimonas asiatica</GBSeq_organism>
 <GBSeq_organism>Nitrosococcus oceani</GBSeq_organism>
 <GBSeq_organism>Alkalilimnicola halodurans</GBSeq_organism>
 <GBSeq_organism>Methylonatrum kenyense</GBSeq_organism>
 <GBSeq_organism>Methylomicrobium album BG8</GBSeq_organism>
 <GBSeq_organism>Methylomonas methanica</GBSeq_organism>
 <GBSeq_organism>Monocostus uniflorus</GBSeq_organism>
 <GBSeq_organism>Arhodomonas aquaeolei</GBSeq_organism>
 <GBSeq_organism>Halothiobacillus halophilus</GBSeq_organism>
 <GBSeq_organism>Acidithiobacillus ferrooxidans</GBSeq_organism>
 <GBSeq_organism>Halorhodospira halochloris</GBSeq_organism>
 <GBSeq_organism>Halorhodospira abdelmalekii</GBSeq_organism>
 <GBSeq_organism>Thiomicrospira pelophila</GBSeq_organism>
 <GBSeq_organism>Halorhodospira halophila</GBSeq_organism>
 <GBSeq_organism>Ectothiorhodospira haloalkaliphila ATCC 51935</GBSeq_organism>
 <GBSeq_organism>Methylonatrum kenyense</GBSeq_organism>
 <GBSeq_organism>Thioalkalivibrio versutus AL 2</GBSeq_organism>
 <GBSeq_organism>Marinobacterium halophilum</GBSeq_organism>
 <GBSeq_organism>Thiorhodospira sibirica ATCC 700588</GBSeq_organism>
