 <GBSeq_organism>Pseudonocardia chloroethenivorans</GBSeq_organism>
 <GBSeq_organism>Pseudonocardia artemisiae</GBSeq_organism>
 <GBSeq_organism>Pseudonocardia parietis</GBSeq_organism>
 <GBSeq_organism>Pseudonocardia dioxanivorans CB1190</GBSeq_organism>
 <GBSeq_organism>Pseudonocardia spinosispora</GBSeq_organism>
 <GBSeq_organism>Pseudonocardia yunnanensis</GBSeq_organism>
 <GBSeq_organism>Pseudonocardia carboxydivorans</GBSeq_organism>
 <GBSeq_organism>Pseudonocardia eucalypti</GBSeq_organism>
 <GBSeq_organism>Pseudonocardia mongoliensis</GBSeq_organism>
 <GBSeq_organism>Pseudonocardia adelaidensis</GBSeq_organism>
 <GBSeq_organism>Pseudonocardia autotrophica</GBSeq_organism>
 <GBSeq_organism>Pseudonocardia zijingensis</GBSeq_organism>
 <GBSeq_organism>Pseudonocardia alni</GBSeq_organism>
 <GBSeq_organism>Pseudonocardia sichuanensis</GBSeq_organism>
 <GBSeq_organism>Pseudonocardia tetrahydrofuranoxydans</GBSeq_organism>
 <GBSeq_organism>Pseudonocardia acaciae DSM 45401</GBSeq_organism>
 <GBSeq_organism>Pseudonocardia nitrificans</GBSeq_organism>
 <GBSeq_organism>Pseudonocardia halophobica</GBSeq_organism>
 <GBSeq_organism>Pseudonocardia petroleophila</GBSeq_organism>
 <GBSeq_organism>Pseudonocardia rhizophila</GBSeq_organism>
 <GBSeq_organism>Pseudonocardia benzenivorans</GBSeq_organism>
 <GBSeq_organism>Pseudonocardia aurantiaca</GBSeq_organism>
 <GBSeq_organism>Pseudonocardia asaccharolytica</GBSeq_organism>
 <GBSeq_organism>Pseudonocardia antarctica</GBSeq_organism>
 <GBSeq_organism>Pseudonocardia kongjuensis</GBSeq_organism>
 <GBSeq_organism>Pseudonocardia thermophila</GBSeq_organism>
 <GBSeq_organism>Pseudonocardia compacta</GBSeq_organism>
 <GBSeq_organism>Pseudonocardia xinjiangensis</GBSeq_organism>
 <GBSeq_organism>Pseudonocardia sulfidoxydans</GBSeq_organism>
 <GBSeq_organism>Pseudonocardia saturnea</GBSeq_organism>
 <GBSeq_organism>Pseudonocardia kunmingensis</GBSeq_organism>
