 <GBSeq_organism>Auriculibuller fuscus</GBSeq_organism>
 <GBSeq_organism>Cryptococcus sp. CBS 8372</GBSeq_organism>
 <GBSeq_organism>Cryptococcus perniciosus</GBSeq_organism>
 <GBSeq_organism>Papiliotrema bandonii</GBSeq_organism>
 <GBSeq_organism>Cryptococcus sp. CECT 11955</GBSeq_organism>
 <GBSeq_organism>Tremella nivalis</GBSeq_organism>
 <GBSeq_organism>Tremella indecorata</GBSeq_organism>
 <GBSeq_organism>Bullera sp. CECT 11979</GBSeq_organism>
 <GBSeq_organism>Kwoniella heveanensis</GBSeq_organism>
 <GBSeq_organism>Bullera dendrophila</GBSeq_organism>
 <GBSeq_organism>Cryptococcus sp. CBS 8363</GBSeq_organism>
 <GBSeq_organism>Bullera japonica</GBSeq_organism>
 <GBSeq_organism>Cryptococcus nemorosus</GBSeq_organism>
 <GBSeq_organism>Bandoniozyma noutii</GBSeq_organism>
 <GBSeq_organism>Cryptococcus mujuensis</GBSeq_organism>
 <GBSeq_organism>Cryptococcus aureus</GBSeq_organism>
 <GBSeq_organism>Cryptococcus cuniculi</GBSeq_organism>
 <GBSeq_organism>Cryptococcus bestiolae</GBSeq_organism>
 <GBSeq_organism>Cryptococcus sp. CBS 8358</GBSeq_organism>
 <GBSeq_organism>Cryptococcus sp. F6</GBSeq_organism>
 <GBSeq_organism>Cryptococcus dejecticola</GBSeq_organism>
 <GBSeq_organism>Bandoniozyma tunnelae</GBSeq_organism>
 <GBSeq_organism>Tremella encephala</GBSeq_organism>
 <GBSeq_organism>Kwoniella mangrovensis</GBSeq_organism>
