 <GBSeq_organism>Penicillium javanicum</GBSeq_organism>
 <GBSeq_organism>Penicillium wotroi</GBSeq_organism>
 <GBSeq_organism>Penicillium araracuarense</GBSeq_organism>
 <GBSeq_organism>Penicillium javanicum var. meloforme</GBSeq_organism>
 <GBSeq_organism>Penicillium araracuarense</GBSeq_organism>
 <GBSeq_organism>Penicillium onobense</GBSeq_organism>
 <GBSeq_organism>Eupenicillium sp. 4 JH-2010</GBSeq_organism>
 <GBSeq_organism>Penicillium limosum</GBSeq_organism>
 <GBSeq_organism>Penicillium wotroi</GBSeq_organism>
 <GBSeq_organism>Penicillium wotroi</GBSeq_organism>
 <GBSeq_organism>Penicillium sp. 3 JH-2010</GBSeq_organism>
 <GBSeq_organism>Penicillium brefeldianum</GBSeq_organism>
 <GBSeq_organism>uncultured bacterium</GBSeq_organism>
 <GBSeq_organism>Eupenicillium sp. 5 JH-2010</GBSeq_organism>
 <GBSeq_organism>Penicillium skrjabinii</GBSeq_organism>
 <GBSeq_organism>Penicillium janthinellum</GBSeq_organism>
 <GBSeq_organism>Penicillium zonatum</GBSeq_organism>
 <GBSeq_organism>Penicillium simplicissimum</GBSeq_organism>
 <GBSeq_organism>Penicillium vasconiae</GBSeq_organism>
 <GBSeq_organism>Penicillium simplicissimum</GBSeq_organism>
 <GBSeq_organism>Eupenicillium sp. 4 JH-2010</GBSeq_organism>
 <GBSeq_organism>Penicillium araracuarense</GBSeq_organism>
 <GBSeq_organism>Penicillium piscarium</GBSeq_organism>
 <GBSeq_organism>Penicillium levitum</GBSeq_organism>
 <GBSeq_organism>Eupenicillium sp. 5 JH-2010</GBSeq_organism>
 <GBSeq_organism>Penicillium araracuarense</GBSeq_organism>
 <GBSeq_organism>Penicillium sp. 3 JH-2010</GBSeq_organism>
 <GBSeq_organism>Penicillium svalbardense</GBSeq_organism>
 <GBSeq_organism>Penicillium mariae-crucis</GBSeq_organism>
 <GBSeq_organism>Penicillium wotroi</GBSeq_organism>
 <GBSeq_organism>Eupenicillium sp. 5 JH-2010</GBSeq_organism>
 <GBSeq_organism>Penicillium cremeogriseum</GBSeq_organism>
 <GBSeq_organism>Penicillium ciegleri</GBSeq_organism>
 <GBSeq_organism>Penicillium araracuarense</GBSeq_organism>
 <GBSeq_organism>Penicillium abidjanum</GBSeq_organism>
 <GBSeq_organism>Penicillium paraherquei</GBSeq_organism>
 <GBSeq_organism>Penicillium pulvillorum</GBSeq_organism>
 <GBSeq_organism>Penicillium meridianum</GBSeq_organism>
 <GBSeq_organism>Penicillium brasilianum</GBSeq_organism>
 <GBSeq_organism>Eupenicillium sp. 5 JH-2010</GBSeq_organism>
 <GBSeq_organism>Penicillium glabrum</GBSeq_organism>
 <GBSeq_organism>Penicillium ochrochloron</GBSeq_organism>
 <GBSeq_organism>Penicillium lineolatum</GBSeq_organism>
 <GBSeq_organism>Penicillium abidjanum</GBSeq_organism>
 <GBSeq_organism>Penicillium sp. 3 JH-2010</GBSeq_organism>
 <GBSeq_organism>Penicillium sp. 3 JH-2010</GBSeq_organism>
 <GBSeq_organism>Penicillium rolfsii</GBSeq_organism>
 <GBSeq_organism>Penicillium daleae</GBSeq_organism>
 <GBSeq_organism>Penicillium coeruleum</GBSeq_organism>
 <GBSeq_organism>Penicillium reticulisporum</GBSeq_organism>
