 <GBSeq_organism>Mycobacterium mucogenicum</GBSeq_organism>
 <GBSeq_organism>Mycobacterium abscessus</GBSeq_organism>
 <GBSeq_organism>Mycobacterium abscessus</GBSeq_organism>
 <GBSeq_organism>Mycobacterium salmoniphilum</GBSeq_organism>
 <GBSeq_organism>Mycobacterium abscessus subsp. bolletii</GBSeq_organism>
 <GBSeq_organism>Mycobacterium abscessus</GBSeq_organism>
 <GBSeq_organism>Mycobacterium immunogenum</GBSeq_organism>
 <GBSeq_organism>Mycobacterium abscessus</GBSeq_organism>
 <GBSeq_organism>Mycobacterium abscessus subsp. bolletii</GBSeq_organism>
 <GBSeq_organism>Mycobacterium immunogenum</GBSeq_organism>
 <GBSeq_organism>Mycobacterium salmoniphilum</GBSeq_organism>
 <GBSeq_organism>Mycobacterium [chelonae] ATCC 14472</GBSeq_organism>
 <GBSeq_organism>Mycobacterium chelonae</GBSeq_organism>
 <GBSeq_organism>Mycobacterium sp. 185-409</GBSeq_organism>
 <GBSeq_organism>Mycobacterium salmoniphilum</GBSeq_organism>
 <GBSeq_organism>Mycobacterium salmoniphilum</GBSeq_organism>
 <GBSeq_organism>Mycobacterium salmoniphilum</GBSeq_organism>
 <GBSeq_organism>Mycobacterium salmoniphilum</GBSeq_organism>
 <GBSeq_organism>Mycobacterium fortuitum subsp. fortuitum DSM 46621</GBSeq_organism>
 <GBSeq_organism>Mycobacterium chelonae</GBSeq_organism>
 <GBSeq_organism>Mycobacterium sp. JAN2</GBSeq_organism>
 <GBSeq_organism>Mycobacterium chelonae</GBSeq_organism>
 <GBSeq_organism>Mycobacterium mucogenicum</GBSeq_organism>
