 <GBSeq_organism>Streptococcus acidominimus</GBSeq_organism>
 <GBSeq_organism>Streptococcus dentirousetti</GBSeq_organism>
 <GBSeq_organism>Streptococcus criceti</GBSeq_organism>
 <GBSeq_organism>Streptococcus downei MFe28</GBSeq_organism>
 <GBSeq_organism>Streptococcus halichoeri</GBSeq_organism>
 <GBSeq_organism>Streptococcus orisratti</GBSeq_organism>
 <GBSeq_organism>Streptococcus oralis ATCC 35037</GBSeq_organism>
 <GBSeq_organism>Streptococcus pseudoporcinus LQ 940-04</GBSeq_organism>
 <GBSeq_organism>Streptococcus hyovaginalis</GBSeq_organism>
 <GBSeq_organism>Streptococcus gallolyticus subsp. gallolyticus</GBSeq_organism>
 <GBSeq_organism>Streptococcus pneumoniae</GBSeq_organism>
 <GBSeq_organism>Streptococcus didelphis</GBSeq_organism>
 <GBSeq_organism>Streptococcus sinensis</GBSeq_organism>
 <GBSeq_organism>Streptococcus equi subsp. ruminatorum CECT 5772</GBSeq_organism>
 <GBSeq_organism>Streptococcus ratti</GBSeq_organism>
 <GBSeq_organism>Streptococcus macacae NCTC 11558</GBSeq_organism>
 <GBSeq_organism>Streptococcus pluranimalium</GBSeq_organism>
 <GBSeq_organism>Streptococcus castoreus</GBSeq_organism>
 <GBSeq_organism>Streptococcus gallinaceus</GBSeq_organism>
 <GBSeq_organism>Streptococcus marimammalium</GBSeq_organism>
 <GBSeq_organism>Streptococcus hyointestinalis</GBSeq_organism>
 <GBSeq_organism>Streptococcus parasanguinis ATCC 15912</GBSeq_organism>
 <GBSeq_organism>Streptococcus henryi</GBSeq_organism>
 <GBSeq_organism>Streptococcus australis ATCC 700641</GBSeq_organism>
 <GBSeq_organism>Streptococcus intermedius</GBSeq_organism>
 <GBSeq_organism>Streptococcus vestibularis ATCC 49124</GBSeq_organism>
 <GBSeq_organism>Streptococcus iniae</GBSeq_organism>
 <GBSeq_organism>Streptococcus agalactiae ATCC 13813</GBSeq_organism>
 <GBSeq_organism>Streptococcus merionis</GBSeq_organism>
 <GBSeq_organism>Streptococcus massiliensis</GBSeq_organism>
 <GBSeq_organism>Streptococcus mutans</GBSeq_organism>
 <GBSeq_organism>Streptococcus macedonicus</GBSeq_organism>
 <GBSeq_organism>Streptococcus ferus</GBSeq_organism>
 <GBSeq_organism>Streptococcus alactolyticus</GBSeq_organism>
 <GBSeq_organism>Streptococcus pyogenes</GBSeq_organism>
 <GBSeq_organism>Streptococcus gordonii</GBSeq_organism>
 <GBSeq_organism>Streptococcus anginosus SK52 = DSM 20563</GBSeq_organism>
 <GBSeq_organism>Streptococcus minor</GBSeq_organism>
 <GBSeq_organism>Streptococcus milleri</GBSeq_organism>
 <GBSeq_organism>Streptococcus mitis</GBSeq_organism>
 <GBSeq_organism>Streptococcus oligofermentans</GBSeq_organism>
 <GBSeq_organism>Lactococcus lactis</GBSeq_organism>
 <GBSeq_organism>Streptococcus sanguinis SK1</GBSeq_organism>
 <GBSeq_organism>Streptococcus thermophilus</GBSeq_organism>
 <GBSeq_organism>Streptococcus lutetiensis</GBSeq_organism>
 <GBSeq_organism>Streptococcus parauberis</GBSeq_organism>
 <GBSeq_organism>Streptococcus orisuis</GBSeq_organism>
 <GBSeq_organism>Streptococcus porcinus</GBSeq_organism>
 <GBSeq_organism>Streptococcus thoraltensis</GBSeq_organism>
 <GBSeq_organism>Streptococcus pseudopneumoniae ATCC BAA-960</GBSeq_organism>
 <GBSeq_organism>Streptococcus salivarius</GBSeq_organism>
 <GBSeq_organism>Streptococcus ovis</GBSeq_organism>
 <GBSeq_organism>Streptococcus peroris ATCC 700780</GBSeq_organism>
 <GBSeq_organism>Streptococcus caballi</GBSeq_organism>
 <GBSeq_organism>Streptococcus entericus</GBSeq_organism>
 <GBSeq_organism>Streptococcus phocae</GBSeq_organism>
 <GBSeq_organism>Streptococcus cristatus ATCC 51100</GBSeq_organism>
 <GBSeq_organism>Streptococcus sobrinus</GBSeq_organism>
 <GBSeq_organism>Streptococcus ictaluri 707-05</GBSeq_organism>
 <GBSeq_organism>Streptococcus devriesei</GBSeq_organism>
 <GBSeq_organism>Streptococcus equinus</GBSeq_organism>
 <GBSeq_organism>Streptococcus constellatus</GBSeq_organism>
 <GBSeq_organism>Streptococcus sp.</GBSeq_organism>
 <GBSeq_organism>Streptococcus equinus</GBSeq_organism>
 <GBSeq_organism>Streptococcus infantarius subsp. infantarius</GBSeq_organism>
