 <GBSeq_organism>Bradyrhizobium sp. SEMIA 6187</GBSeq_organism>
 <GBSeq_organism>Bradyrhizobium liaoningense</GBSeq_organism>
 <GBSeq_organism>Bradyrhizobium liaoningense</GBSeq_organism>
 <GBSeq_organism>Bradyrhizobium sp. SEMIA 6148</GBSeq_organism>
 <GBSeq_organism>Bradyrhizobium elkanii</GBSeq_organism>
 <GBSeq_organism>Bradyrhizobium sp. SEMIA 6156</GBSeq_organism>
 <GBSeq_organism>Bradyrhizobium japonicum SEMIA 5079</GBSeq_organism>
 <GBSeq_organism>Panicum virgatum</GBSeq_organism>
 <GBSeq_organism>Bradyrhizobium japonicum</GBSeq_organism>
 <GBSeq_organism>Bradyrhizobium sp. SEMIA 6093</GBSeq_organism>
 <GBSeq_organism>Bradyrhizobium sp. SEMIA 6164</GBSeq_organism>
 <GBSeq_organism>Bradyrhizobium sp. SEMIA 6179</GBSeq_organism>
 <GBSeq_organism>Bradyrhizobium japonicum</GBSeq_organism>
 <GBSeq_organism>Bradyrhizobium canariense</GBSeq_organism>
 <GBSeq_organism>Bradyrhizobium japonicum</GBSeq_organism>
 <GBSeq_organism>Bradyrhizobium sp. SEMIA 656</GBSeq_organism>
 <GBSeq_organism>Bradyrhizobium elkanii</GBSeq_organism>
 <GBSeq_organism>Bradyrhizobium diazoefficiens SEMIA 5080</GBSeq_organism>
 <GBSeq_organism>Bradyrhizobium diazoefficiens</GBSeq_organism>
 <GBSeq_organism>Bradyrhizobium japonicum</GBSeq_organism>
