 <GBSeq_organism>Pichia nakasei</GBSeq_organism>
 <GBSeq_organism>Issatchenkia sp. NRRL Y-12827</GBSeq_organism>
 <GBSeq_organism>Pichia norvegensis</GBSeq_organism>
 <GBSeq_organism>Pichia heedii</GBSeq_organism>
 <GBSeq_organism>Issatchenkia sp. NRRL Y-12824</GBSeq_organism>
 <GBSeq_organism>Candida inconspicua</GBSeq_organism>
 <GBSeq_organism>Pichia deserticola</GBSeq_organism>
 <GBSeq_organism>Pichia kudriavzevii</GBSeq_organism>
 <GBSeq_organism>Pichia sp. ABF-2009a</GBSeq_organism>
 <GBSeq_organism>Pichia sp. NRRL Y-27259</GBSeq_organism>
 <GBSeq_organism>Candida pseudolambica</GBSeq_organism>
 <GBSeq_organism>Pichia barkeri</GBSeq_organism>
 <GBSeq_organism>Pichia kluyveri var. kluyveri</GBSeq_organism>
 <GBSeq_organism>Pichia sporocuriosa</GBSeq_organism>
 <GBSeq_organism>Issatchenkia sp. NRRL Y-12830</GBSeq_organism>
 <GBSeq_organism>Issatchenkia scutulata var. exigua</GBSeq_organism>
 <GBSeq_organism>Candida thaimueangensis</GBSeq_organism>
 <GBSeq_organism>Pichia kluyveri var. cephalocereana</GBSeq_organism>
 <GBSeq_organism>Pichia sp. NRRL YB-4149</GBSeq_organism>
 <GBSeq_organism>Pichia cactophila</GBSeq_organism>
 <GBSeq_organism>Pichia sp. NRRL Y-27261</GBSeq_organism>
 <GBSeq_organism>Pichia membranifaciens</GBSeq_organism>
 <GBSeq_organism>Issatchenkia terricola</GBSeq_organism>
 <GBSeq_organism>Candida ethanolica</GBSeq_organism>
 <GBSeq_organism>Pichia pseudocactophila</GBSeq_organism>
 <GBSeq_organism>Candida rugopelliculosa</GBSeq_organism>
 <GBSeq_organism>Issatchenkia scutulata var. scutulata</GBSeq_organism>
 <GBSeq_organism>Pichia fermentans</GBSeq_organism>
 <GBSeq_organism>Pichia occidentalis</GBSeq_organism>
 <GBSeq_organism>Pichia kluyveri var. eremophila</GBSeq_organism>
 <GBSeq_organism>Candida californica</GBSeq_organism>
