 <GBSeq_organism>Desulfotomaculum ruminis DSM 2154</GBSeq_organism>
 <GBSeq_organism>Archaeoglobus veneficus</GBSeq_organism>
 <GBSeq_organism>Archaeoglobus veneficus</GBSeq_organism>
 <GBSeq_organism>Methanocaldococcus jannaschii</GBSeq_organism>
 <GBSeq_organism>Archaeoglobus fulgidus</GBSeq_organism>
 <GBSeq_organism>Thermococcus celer</GBSeq_organism>
 <GBSeq_organism>Archaeoglobus veneficus</GBSeq_organism>
 <GBSeq_organism>Archaeoglobus infectus DSM 18877</GBSeq_organism>
 <GBSeq_organism>Thermodesulfobacterium commune DSM 2178</GBSeq_organism>
 <GBSeq_organism>Archaeoglobus fulgidus DSM 4304</GBSeq_organism>
 <GBSeq_organism>Archaeoglobus profundus</GBSeq_organism>
 <GBSeq_organism>Archaeoglobus profundus DSM 5631</GBSeq_organism>
 <GBSeq_organism>Methanothermobacter thermautotrophicus str. Delta H</GBSeq_organism>
 <GBSeq_organism>Desulfovibrio desulfuricans subsp. desulfuricans</GBSeq_organism>
 <GBSeq_organism>Ferroglobus placidus DSM 10642</GBSeq_organism>
 <GBSeq_organism>Geoglobus ahangari</GBSeq_organism>
 <GBSeq_organism>Archaeoglobus lithotrophicus</GBSeq_organism>
 <GBSeq_organism>Desulfosporosinus orientis</GBSeq_organism>
 <GBSeq_organism>Archaeoglobus profundus DSM 5631</GBSeq_organism>
 <GBSeq_organism>Archaeoglobus fulgidus</GBSeq_organism>
