 <GBSeq_organism>Halobacillus dabanensis</GBSeq_organism>
 <GBSeq_organism>Halobacillus profundi</GBSeq_organism>
 <GBSeq_organism>Halobacillus karajensis</GBSeq_organism>
 <GBSeq_organism>Halobacillus alkaliphilus</GBSeq_organism>
 <GBSeq_organism>Filobacillus milosensis</GBSeq_organism>
 <GBSeq_organism>Aneurinibacillus danicus</GBSeq_organism>
 <GBSeq_organism>Oceanobacillus picturae</GBSeq_organism>
 <GBSeq_organism>Halobacillus trueperi</GBSeq_organism>
 <GBSeq_organism>Halobacillus litoralis</GBSeq_organism>
 <GBSeq_organism>Jeotgalibacillus marinus</GBSeq_organism>
 <GBSeq_organism>Halobacillus kuroshimensis</GBSeq_organism>
 <GBSeq_organism>Halobacillus yeomjeoni</GBSeq_organism>
 <GBSeq_organism>Halobacillus salinus</GBSeq_organism>
 <GBSeq_organism>Halobacillus aidingensis</GBSeq_organism>
 <GBSeq_organism>Jeotgalibacillus alimentarius</GBSeq_organism>
 <GBSeq_organism>Halobacillus halophilus</GBSeq_organism>
 <GBSeq_organism>Thalassobacillus devorans</GBSeq_organism>
 <GBSeq_organism>Gracilibacillus halotolerans</GBSeq_organism>
 <GBSeq_organism>Brevibacillus limnophilus</GBSeq_organism>
 <GBSeq_organism>Amphibacillus fermentum</GBSeq_organism>
