 <GBSeq_organism>Thermithiobacillus tepidarius</GBSeq_organism>
 <GBSeq_organism>Escherichia coli DSM 30083 = JCM 1649 = ATCC 11775</GBSeq_organism>
 <GBSeq_organism>Parvularcula bermudensis HTCC2503</GBSeq_organism>
 <GBSeq_organism>Pseudospirillum japonicum</GBSeq_organism>
 <GBSeq_organism>Xanthomonas campestris</GBSeq_organism>
 <GBSeq_organism>Vibrio anguillarum</GBSeq_organism>
 <GBSeq_organism>Carnimonas nigrificans</GBSeq_organism>
 <GBSeq_organism>Acidithiobacillus caldus ATCC 51756</GBSeq_organism>
 <GBSeq_organism>uncultured Pseudomonas sp.</GBSeq_organism>
 <GBSeq_organism>Allochromatium vinosum</GBSeq_organism>
 <GBSeq_organism>Zymobacter palmae</GBSeq_organism>
 <GBSeq_organism>Marinospirillum minutulum</GBSeq_organism>
 <GBSeq_organism>Thalassolituus oleivorans MIL-1</GBSeq_organism>
 <GBSeq_organism>Chromatium okenii</GBSeq_organism>
 <GBSeq_organism>Hahella chejuensis KCTC 2396</GBSeq_organism>
 <GBSeq_organism>Fulvimonas soli</GBSeq_organism>
 <GBSeq_organism>Neptunomonas naphthovorans</GBSeq_organism>
 <GBSeq_organism>Cobetia marina</GBSeq_organism>
 <GBSeq_organism>Kangiella koreensis DSM 16069</GBSeq_organism>
 <GBSeq_organism>Oleispira antarctica RB-8</GBSeq_organism>
 <GBSeq_organism>Aestuariibacter salexigens</GBSeq_organism>
 <GBSeq_organism>Oleiphilus messinensis</GBSeq_organism>
 <GBSeq_organism>Reinekea marinisedimentorum</GBSeq_organism>
 <GBSeq_organism>Methylosarcina fibrata AML-C10</GBSeq_organism>
 <GBSeq_organism>Oceanospirillum linum</GBSeq_organism>
 <GBSeq_organism>Zooshikella ganghwensis</GBSeq_organism>
 <GBSeq_organism>Saccharospirillum impatiens</GBSeq_organism>
 <GBSeq_organism>Methylophaga marina</GBSeq_organism>
 <GBSeq_organism>Glaciecola punicea</GBSeq_organism>
 <GBSeq_organism>Chromohalobacter marismortui</GBSeq_organism>
 <GBSeq_organism>Succinivibrio dextrinosolvens</GBSeq_organism>
 <GBSeq_organism>Suttonella indologenes</GBSeq_organism>
 <GBSeq_organism>Cardiobacterium hominis</GBSeq_organism>
 <GBSeq_organism>Aeromonas hydrophila</GBSeq_organism>
 <GBSeq_organism>Methylobacter luteus</GBSeq_organism>
 <GBSeq_organism>Thiomicrospira pelophila</GBSeq_organism>
 <GBSeq_organism>Legionella pneumophila</GBSeq_organism>
 <GBSeq_organism>Psychrobacter immobilis</GBSeq_organism>
 <GBSeq_organism>Anaerobiospirillum succiniciproducens</GBSeq_organism>
 <GBSeq_organism>Pasteurella multocida</GBSeq_organism>
 <GBSeq_organism>Moraxella lacunata</GBSeq_organism>
 <GBSeq_organism>uncultured gamma proteobacterium CHAB-V-35</GBSeq_organism>
 <GBSeq_organism>Cycloclasticus pugetii PS-1</GBSeq_organism>
 <GBSeq_organism>Alteromonas macleodii</GBSeq_organism>
 <GBSeq_organism>Halomonas elongata DSM 2581</GBSeq_organism>
 <GBSeq_organism>Alkanindiges illinoisensis</GBSeq_organism>
 <GBSeq_organism>Haemophilus influenzae</GBSeq_organism>
 <GBSeq_organism>Thioalkalimicrobium aerophilum AL3</GBSeq_organism>
 <GBSeq_organism>Litoricola lipolytica</GBSeq_organism>
 <GBSeq_organism>Citrobacter freundii ATCC 8090 = MTCC 1658</GBSeq_organism>
 <GBSeq_organism>Alcanivorax borkumensis SK2</GBSeq_organism>
 <GBSeq_organism>Salinisphaera shabanensis E1L3A</GBSeq_organism>
