 <GBSeq_organism>Salinicoccus jeotgali</GBSeq_organism>
 <GBSeq_organism>Staphylococcus piscifermentans</GBSeq_organism>
 <GBSeq_organism>Enterococcus mundtii</GBSeq_organism>
 <GBSeq_organism>Jeotgalicoccus pinnipedialis</GBSeq_organism>
 <GBSeq_organism>Carnobacterium pleistocenium FTR1</GBSeq_organism>
 <GBSeq_organism>Staphylococcus nepalensis</GBSeq_organism>
 <GBSeq_organism>Salinicoccus luteus</GBSeq_organism>
 <GBSeq_organism>Salinicoccus albus DSM 19776</GBSeq_organism>
 <GBSeq_organism>Marinococcus halophilus</GBSeq_organism>
 <GBSeq_organism>Macrococcus carouselicus</GBSeq_organism>
 <GBSeq_organism>Macrococcus caseolyticus</GBSeq_organism>
 <GBSeq_organism>Jeotgalicoccus psychrophilus</GBSeq_organism>
 <GBSeq_organism>Salimicrobium album</GBSeq_organism>
 <GBSeq_organism>Macrococcus bovicus</GBSeq_organism>
 <GBSeq_organism>Macrococcus lamae</GBSeq_organism>
 <GBSeq_organism>Salinicoccus iranensis</GBSeq_organism>
 <GBSeq_organism>Halobacillus halophilus</GBSeq_organism>
 <GBSeq_organism>Salinicoccus roseus</GBSeq_organism>
 <GBSeq_organism>Jeotgalicoccus halotolerans</GBSeq_organism>
 <GBSeq_organism>Salinicoccus hispanicus</GBSeq_organism>
 <GBSeq_organism>Nesterenkonia lutea</GBSeq_organism>
 <GBSeq_organism>Salinicoccus alkaliphilus DSM 16010</GBSeq_organism>
 <GBSeq_organism>Enterococcus faecium</GBSeq_organism>
