 <GBSeq_organism>Psychrobacter faecalis</GBSeq_organism>
 <GBSeq_organism>Psychrobacter urativorans</GBSeq_organism>
 <GBSeq_organism>Psychrobacter fozii</GBSeq_organism>
 <GBSeq_organism>Psychrobacter frigidicola</GBSeq_organism>
 <GBSeq_organism>Moraxella cuniculi</GBSeq_organism>
 <GBSeq_organism>Moraxella lacunata</GBSeq_organism>
 <GBSeq_organism>Psychrobacter immobilis</GBSeq_organism>
 <GBSeq_organism>Psychrobacter alimentarius</GBSeq_organism>
 <GBSeq_organism>Acinetobacter lwoffii</GBSeq_organism>
 <GBSeq_organism>Psychrobacter arenosus</GBSeq_organism>
 <GBSeq_organism>Psychrobacter jeotgali</GBSeq_organism>
 <GBSeq_organism>Moraxella catarrhalis</GBSeq_organism>
 <GBSeq_organism>Acinetobacter calcoaceticus DSM 30006 = CIP 81.8</GBSeq_organism>
 <GBSeq_organism>Psychrobacter proteolyticus</GBSeq_organism>
 <GBSeq_organism>Psychrobacter okhotskensis</GBSeq_organism>
 <GBSeq_organism>Psychrobacter luti</GBSeq_organism>
 <GBSeq_organism>Psychrobacter phenylpyruvicus</GBSeq_organism>
 <GBSeq_organism>Psychrobacter maritimus</GBSeq_organism>
 <GBSeq_organism>Psychrobacter pulmonis</GBSeq_organism>
 <GBSeq_organism>Pseudomonas aeruginosa</GBSeq_organism>
 <GBSeq_organism>Psychrobacter submarinus</GBSeq_organism>
 <GBSeq_organism>Psychrobacter alimentarius</GBSeq_organism>
 <GBSeq_organism>Psychrobacter glacincola</GBSeq_organism>
 <GBSeq_organism>Psychrobacter marincola</GBSeq_organism>
 <GBSeq_organism>Moraxella ovis</GBSeq_organism>
