 <GBSeq_organism>Rhizobium mongolense USDA 1844</GBSeq_organism>
 <GBSeq_organism>Sinorhizobium saheli</GBSeq_organism>
 <GBSeq_organism>Sinorhizobium fredii</GBSeq_organism>
 <GBSeq_organism>Rhizobium gallicum bv. gallicum</GBSeq_organism>
 <GBSeq_organism>Sinorhizobium medicae</GBSeq_organism>
 <GBSeq_organism>Rhizobium etli bv. phaseoli</GBSeq_organism>
 <GBSeq_organism>Sinorhizobium meliloti</GBSeq_organism>
 <GBSeq_organism>Ensifer sojae CCBAU 05684</GBSeq_organism>
 <GBSeq_organism>Rhizobium hainanense</GBSeq_organism>
 <GBSeq_organism>Mesorhizobium loti NZP2037</GBSeq_organism>
 <GBSeq_organism>Sinorhizobium chiapanecum</GBSeq_organism>
 <GBSeq_organism>Rhizobium leguminosarum</GBSeq_organism>
 <GBSeq_organism>Ensifer sojae CCBAU 05684</GBSeq_organism>
 <GBSeq_organism>Mesorhizobium amorphae</GBSeq_organism>
 <GBSeq_organism>Sinorhizobium arboris LMG 14919</GBSeq_organism>
 <GBSeq_organism>Ensifer sojae</GBSeq_organism>
 <GBSeq_organism>Mesorhizobium ciceri</GBSeq_organism>
 <GBSeq_organism>Ensifer sojae</GBSeq_organism>
 <GBSeq_organism>Mesorhizobium mediterraneum</GBSeq_organism>
 <GBSeq_organism>Sinorhizobium meliloti</GBSeq_organism>
 <GBSeq_organism>Ensifer sojae</GBSeq_organism>
 <GBSeq_organism>Ensifer sojae</GBSeq_organism>
 <GBSeq_organism>Ensifer sojae</GBSeq_organism>
 <GBSeq_organism>Ensifer sojae</GBSeq_organism>
 <GBSeq_organism>Mesorhizobium temperatum</GBSeq_organism>
 <GBSeq_organism>Rhizobium giardinii bv. giardinii</GBSeq_organism>
 <GBSeq_organism>Mesorhizobium plurifarium</GBSeq_organism>
 <GBSeq_organism>Ensifer americanum</GBSeq_organism>
 <GBSeq_organism>Mesorhizobium loti</GBSeq_organism>
 <GBSeq_organism>Mesorhizobium tianshanense</GBSeq_organism>
 <GBSeq_organism>Haliotis discus hannai</GBSeq_organism>
 <GBSeq_organism>Mesorhizobium temperatum</GBSeq_organism>
 <GBSeq_organism>Ensifer sojae</GBSeq_organism>
 <GBSeq_organism>Sinorhizobium medicae</GBSeq_organism>
 <GBSeq_organism>Sinorhizobium fredii</GBSeq_organism>
 <GBSeq_organism>Mesorhizobium amorphae</GBSeq_organism>
 <GBSeq_organism>Ensifer sojae</GBSeq_organism>
 <GBSeq_organism>Rhizobium yanglingense</GBSeq_organism>
 <GBSeq_organism>Ensifer sojae</GBSeq_organism>
 <GBSeq_organism>Neorhizobium huautlense</GBSeq_organism>
 <GBSeq_organism>Ensifer sojae</GBSeq_organism>
