 <GBSeq_organism>Ruminiclostridium thermocellum</GBSeq_organism>
 <GBSeq_organism>Anaerofilum agile</GBSeq_organism>
 <GBSeq_organism>[Clostridium] sporosphaeroides</GBSeq_organism>
 <GBSeq_organism>[Clostridium] methylpentosum DSM 5476</GBSeq_organism>
 <GBSeq_organism>Ethanoligenens harbinense YUAN-3</GBSeq_organism>
 <GBSeq_organism>Ruminococcus albus 7 = DSM 20455</GBSeq_organism>
 <GBSeq_organism>Eubacterium desmolans</GBSeq_organism>
 <GBSeq_organism>[Clostridium] cellulosi</GBSeq_organism>
 <GBSeq_organism>[Clostridium] aldrichii</GBSeq_organism>
 <GBSeq_organism>[Clostridium] leptum</GBSeq_organism>
 <GBSeq_organism>Ruminococcus flavefaciens</GBSeq_organism>
 <GBSeq_organism>Sporobacter termitidis</GBSeq_organism>
 <GBSeq_organism>[Clostridium] papyrosolvens DSM 2782</GBSeq_organism>
 <GBSeq_organism>[Clostridium] sporosphaeroides</GBSeq_organism>
 <GBSeq_organism>[Eubacterium] siraeum</GBSeq_organism>
 <GBSeq_organism>Anaerofilum pentosovorans</GBSeq_organism>
 <GBSeq_organism>Flavonifractor plautii DSM 6740</GBSeq_organism>
 <GBSeq_organism>Ruminococcus bromii</GBSeq_organism>
 <GBSeq_organism>Ethanoligenens harbinense</GBSeq_organism>
 <GBSeq_organism>Acidaminobacter hydrogenoformans</GBSeq_organism>
 <GBSeq_organism>Ruminococcus callidus</GBSeq_organism>
 <GBSeq_organism>Faecalibacterium prausnitzii</GBSeq_organism>
 <GBSeq_organism>Papillibacter cinnamivorans</GBSeq_organism>
