 <GBSeq_organism>Streptomyces mirabilis</GBSeq_organism>
 <GBSeq_organism>Streptomyces cacaoi subsp. cacaoi</GBSeq_organism>
 <GBSeq_organism>Streptomyces variegatus</GBSeq_organism>
 <GBSeq_organism>Streptomyces albus subsp. albus</GBSeq_organism>
 <GBSeq_organism>Streptomyces rubrogriseus</GBSeq_organism>
 <GBSeq_organism>Streptomyces koyangensis</GBSeq_organism>
 <GBSeq_organism>Streptomyces thermoviolaceus</GBSeq_organism>
 <GBSeq_organism>Streptomyces mashuensis</GBSeq_organism>
 <GBSeq_organism>Streptomyces mexicanus</GBSeq_organism>
 <GBSeq_organism>Streptomyces thermodiastaticus</GBSeq_organism>
 <GBSeq_organism>Streptomyces coelicolor</GBSeq_organism>
 <GBSeq_organism>Streptomyces rutgersensis</GBSeq_organism>
 <GBSeq_organism>Streptomyces glauciniger</GBSeq_organism>
 <GBSeq_organism>Streptomyces acidiscabies</GBSeq_organism>
 <GBSeq_organism>Streptomyces champavatii</GBSeq_organism>
 <GBSeq_organism>Streptomyces speibonae</GBSeq_organism>
 <GBSeq_organism>Streptomyces sporocinereus</GBSeq_organism>
 <GBSeq_organism>Streptomyces galbus</GBSeq_organism>
 <GBSeq_organism>Streptomyces ribosidificus</GBSeq_organism>
 <GBSeq_organism>Streptomyces fumanus</GBSeq_organism>
 <GBSeq_organism>Streptomyces glaucescens</GBSeq_organism>
 <GBSeq_organism>Streptomyces caelestis</GBSeq_organism>
 <GBSeq_organism>Streptomyces cheonanensis</GBSeq_organism>
 <GBSeq_organism>Streptomyces carpaticus</GBSeq_organism>
 <GBSeq_organism>Streptomyces coriofaciens</GBSeq_organism>
 <GBSeq_organism>Streptomyces griseus subsp. griseus</GBSeq_organism>
 <GBSeq_organism>Micrococcus lylae</GBSeq_organism>
 <GBSeq_organism>Streptomyces longisporus</GBSeq_organism>
 <GBSeq_organism>Streptomyces macrosporus</GBSeq_organism>
 <GBSeq_organism>Streptomyces coeruleofuscus</GBSeq_organism>
 <GBSeq_organism>Streptomyces sodiiphilus</GBSeq_organism>
 <GBSeq_organism>Streptomyces sp. D44</GBSeq_organism>
 <GBSeq_organism>Streptomyces ambofaciens</GBSeq_organism>
 <GBSeq_organism>Streptomyces cattleya NRRL 8057 = DSM 46488</GBSeq_organism>
 <GBSeq_organism>Streptomyces morookaense</GBSeq_organism>
 <GBSeq_organism>Streptomyces thermocarboxydovorans</GBSeq_organism>
 <GBSeq_organism>Streptomyces indonesiensis</GBSeq_organism>
 <GBSeq_organism>Micrococcus antarcticus</GBSeq_organism>
 <GBSeq_organism>Streptomyces limosus</GBSeq_organism>
 <GBSeq_organism>Streptomyces somaliensis DSM 40738</GBSeq_organism>
 <GBSeq_organism>Streptomyces hainanensis</GBSeq_organism>
