 <GBSeq_organism>Pedobacter glucosidilyticus DSM 23534</GBSeq_organism>
 <GBSeq_organism>Pedobacter saltans DSM 12145</GBSeq_organism>
 <GBSeq_organism>Pedobacter oryzae DSM 19973</GBSeq_organism>
 <GBSeq_organism>Pedobacter boryungensis</GBSeq_organism>
 <GBSeq_organism>Pedobacter westerhofensis</GBSeq_organism>
 <GBSeq_organism>Pedobacter lentus</GBSeq_organism>
 <GBSeq_organism>Sphingobacterium spiritivorum</GBSeq_organism>
 <GBSeq_organism>Pedobacter hartonius</GBSeq_organism>
 <GBSeq_organism>Pedobacter agri PB92</GBSeq_organism>
 <GBSeq_organism>Pedobacter alluvionis</GBSeq_organism>
 <GBSeq_organism>Pedobacter borealis</GBSeq_organism>
 <GBSeq_organism>Pedobacter terricola</GBSeq_organism>
 <GBSeq_organism>Pedobacter caeni</GBSeq_organism>
 <GBSeq_organism>Pedobacter insulae</GBSeq_organism>
 <GBSeq_organism>Pedobacter metabolipauper</GBSeq_organism>
 <GBSeq_organism>Pedobacter steynii</GBSeq_organism>
 <GBSeq_organism>Phytophthora ramorum</GBSeq_organism>
 <GBSeq_organism>Pedobacter himalayensis</GBSeq_organism>
 <GBSeq_organism>Alvinella pompejana</GBSeq_organism>
 <GBSeq_organism>Pedobacter duraquae</GBSeq_organism>
 <GBSeq_organism>Pedobacter africanus</GBSeq_organism>
