 <GBSeq_organism>Paenibacillus prosopidis</GBSeq_organism>
 <GBSeq_organism>Paenibacillus montaniterrae</GBSeq_organism>
 <GBSeq_organism>Paenibacillus phyllosphaerae</GBSeq_organism>
 <GBSeq_organism>Paenibacillus assamensis</GBSeq_organism>
 <GBSeq_organism>Paenibacillus alvei DSM 29</GBSeq_organism>
 <GBSeq_organism>Paenibacillus granivorans</GBSeq_organism>
 <GBSeq_organism>Paenibacillus septentrionalis</GBSeq_organism>
 <GBSeq_organism>Paenibacillus thailandensis</GBSeq_organism>
 <GBSeq_organism>Paenibacillus alkaliterrae</GBSeq_organism>
 <GBSeq_organism>Paenibacillus xinjiangensis</GBSeq_organism>
 <GBSeq_organism>Paenibacillus castaneae</GBSeq_organism>
 <GBSeq_organism>Paenibacillus harenae</GBSeq_organism>
 <GBSeq_organism>Paenibacillus thiaminolyticus</GBSeq_organism>
 <GBSeq_organism>Lactobacillus delbrueckii subsp. lactis</GBSeq_organism>
 <GBSeq_organism>Paenibacillus apiarius</GBSeq_organism>
 <GBSeq_organism>Paenibacillus humicus</GBSeq_organism>
 <GBSeq_organism>Paenibacillus mendelii</GBSeq_organism>
 <GBSeq_organism>Paenibacillus nanensis</GBSeq_organism>
 <GBSeq_organism>Paenibacillus siamensis</GBSeq_organism>
 <GBSeq_organism>Paenibacillus pasadenensis</GBSeq_organism>
 <GBSeq_organism>Paenibacillus agaridevorans</GBSeq_organism>
 <GBSeq_organism>Paenibacillus tarimensis</GBSeq_organism>
 <GBSeq_organism>Paenibacillus agarexedens</GBSeq_organism>
