 <GBSeq_organism>Methylocystis sp. 50/42a</GBSeq_organism>
 <GBSeq_organism>uncultured bacterium</GBSeq_organism>
 <GBSeq_organism>Methylocystis sp. SK28</GBSeq_organism>
 <GBSeq_organism>uncultured bacterium</GBSeq_organism>
 <GBSeq_organism>Methylocystis sp. SC2</GBSeq_organism>
 <GBSeq_organism>Methylocystis sp. 56</GBSeq_organism>
 <GBSeq_organism>type II methanotroph AML-A6</GBSeq_organism>
 <GBSeq_organism>Methylocystis sp. B16</GBSeq_organism>
 <GBSeq_organism>Methylosinus trichosporium OB3b</GBSeq_organism>
 <GBSeq_organism>Methylocystis sp. B2/7</GBSeq_organism>
 <GBSeq_organism>uncultured Methylocystis sp.</GBSeq_organism>
 <GBSeq_organism>uncultured bacterium</GBSeq_organism>
 <GBSeq_organism>Methylocystis rosea SV97</GBSeq_organism>
 <GBSeq_organism>Nitrosococcus mobilis</GBSeq_organism>
 <GBSeq_organism>Methylocystis parvus OBBP</GBSeq_organism>
 <GBSeq_organism>uncultured bacterium</GBSeq_organism>
 <GBSeq_organism>uncultured bacterium</GBSeq_organism>
 <GBSeq_organism>uncultured bacterium</GBSeq_organism>
 <GBSeq_organism>Methylocystis echinoides</GBSeq_organism>
 <GBSeq_organism>Methylocystis sp. 50/54</GBSeq_organism>
 <GBSeq_organism>Methylosinus sporium</GBSeq_organism>
