 <GBSeq_organism>Streptomyces cuspidosporus</GBSeq_organism>
 <GBSeq_organism>Streptomyces decoyicus</GBSeq_organism>
 <GBSeq_organism>Streptomyces albiflaviniger</GBSeq_organism>
 <GBSeq_organism>Streptomyces angustmyceticus</GBSeq_organism>
 <GBSeq_organism>Streptomyces aldersoniae</GBSeq_organism>
 <GBSeq_organism>Streptomyces melanosporofaciens</GBSeq_organism>
 <GBSeq_organism>Streptomyces sparsogenes</GBSeq_organism>
 <GBSeq_organism>Streptomyces glebosus</GBSeq_organism>
 <GBSeq_organism>Streptomyces neyagawaensis</GBSeq_organism>
 <GBSeq_organism>Streptomyces erumpens</GBSeq_organism>
 <GBSeq_organism>Streptomyces catenulae</GBSeq_organism>
 <GBSeq_organism>Streptomyces ribosidificus</GBSeq_organism>
 <GBSeq_organism>Streptomyces auratus</GBSeq_organism>
 <GBSeq_organism>Streptomyces ipomoeae</GBSeq_organism>
 <GBSeq_organism>Streptomyces milbemycinicus</GBSeq_organism>
 <GBSeq_organism>Streptomyces hygroscopicus</GBSeq_organism>
 <GBSeq_organism>Streptomyces wellingtoniae</GBSeq_organism>
 <GBSeq_organism>Streptomyces torulosus</GBSeq_organism>
 <GBSeq_organism>Streptomyces ascomycinicus</GBSeq_organism>
 <GBSeq_organism>Streptomyces ogaensis</GBSeq_organism>
 <GBSeq_organism>Streptomyces ramulosus</GBSeq_organism>
 <GBSeq_organism>Streptomyces caniferus</GBSeq_organism>
 <GBSeq_organism>Streptomyces libani subsp. rufus</GBSeq_organism>
