 <GBSeq_organism>Actinomadura echinospora</GBSeq_organism>
 <GBSeq_organism>Actinomadura sputi DSM 45233</GBSeq_organism>
 <GBSeq_organism>Actinomadura catellatispora</GBSeq_organism>
 <GBSeq_organism>Actinomadura oligospora</GBSeq_organism>
 <GBSeq_organism>Actinomadura formosensis</GBSeq_organism>
 <GBSeq_organism>Actinomadura flavalba DSM 45200</GBSeq_organism>
 <GBSeq_organism>Actinomadura namibiensis</GBSeq_organism>
 <GBSeq_organism>Actinomadura miaoliensis</GBSeq_organism>
 <GBSeq_organism>Actinomadura apis</GBSeq_organism>
 <GBSeq_organism>Nocardiopsis dassonvillei subsp. dassonvillei DSM 43111</GBSeq_organism>
 <GBSeq_organism>Actinomadura napierensis</GBSeq_organism>
 <GBSeq_organism>Actinomadura umbrina</GBSeq_organism>
 <GBSeq_organism>Actinomadura viridilutea</GBSeq_organism>
 <GBSeq_organism>Actinomadura fibrosa</GBSeq_organism>
 <GBSeq_organism>Actinomadura scrupuli</GBSeq_organism>
 <GBSeq_organism>Actinomadura latina</GBSeq_organism>
 <GBSeq_organism>Actinomadura yumaensis</GBSeq_organism>
 <GBSeq_organism>Actinocorallia longicatena</GBSeq_organism>
 <GBSeq_organism>Actinomadura keratinilytica</GBSeq_organism>
 <GBSeq_organism>Actinomadura rifamycini</GBSeq_organism>
 <GBSeq_organism>Actinomadura livida</GBSeq_organism>
 <GBSeq_organism>Actinocorallia glomerata</GBSeq_organism>
 <GBSeq_organism>Actinomadura luteofluorescens</GBSeq_organism>
 <GBSeq_organism>Actinomadura meridiana</GBSeq_organism>
 <GBSeq_organism>Actinoallomurus amamiensis</GBSeq_organism>
 <GBSeq_organism>Actinomadura citrea</GBSeq_organism>
 <GBSeq_organism>Actinomadura nitritigenes</GBSeq_organism>
 <GBSeq_organism>Actinomadura glauciflava</GBSeq_organism>
 <GBSeq_organism>Actinocorallia herbida</GBSeq_organism>
 <GBSeq_organism>Actinomadura chokoriensis</GBSeq_organism>
 <GBSeq_organism>Actinomadura verrucosospora</GBSeq_organism>
 <GBSeq_organism>Actinomadura alba</GBSeq_organism>
 <GBSeq_organism>Actinomadura rubrobrunea</GBSeq_organism>
 <GBSeq_organism>Actinomadura meyerae</GBSeq_organism>
 <GBSeq_organism>Actinomadura rugatobispora</GBSeq_organism>
 <GBSeq_organism>Actinocorallia aurantiaca</GBSeq_organism>
 <GBSeq_organism>Actinomadura macra</GBSeq_organism>
 <GBSeq_organism>Actinoallomurus spadix</GBSeq_organism>
 <GBSeq_organism>Actinomadura madurae</GBSeq_organism>
 <GBSeq_organism>Actinomadura pelletieri</GBSeq_organism>
 <GBSeq_organism>Actinocorallia libanotica</GBSeq_organism>
 <GBSeq_organism>Actinomadura kijaniata</GBSeq_organism>
 <GBSeq_organism>Actinomadura mexicana</GBSeq_organism>
 <GBSeq_organism>Actinomadura cremea subsp. cremea</GBSeq_organism>
 <GBSeq_organism>Actinomadura viridis</GBSeq_organism>
 <GBSeq_organism>Actinomadura hibisca</GBSeq_organism>
 <GBSeq_organism>Actinomadura coerulea</GBSeq_organism>
 <GBSeq_organism>Actinomadura fulvescens</GBSeq_organism>
 <GBSeq_organism>Spirillospora rubra</GBSeq_organism>
 <GBSeq_organism>Actinomadura atramentaria</GBSeq_organism>
 <GBSeq_organism>Actinocorallia cavernae</GBSeq_organism>
 <GBSeq_organism>Thermomonospora curvata DSM 43183</GBSeq_organism>
 <GBSeq_organism>Spirillospora albida</GBSeq_organism>
 <GBSeq_organism>Actinomadura vinacea</GBSeq_organism>
 <GBSeq_organism>Actinomadura bangladeshensis</GBSeq_organism>
 <GBSeq_organism>Actinomadura hallensis</GBSeq_organism>
