 <GBSeq_organism>Halobacillus seohaensis</GBSeq_organism>
 <GBSeq_organism>Halobacillus dabanensis</GBSeq_organism>
 <GBSeq_organism>Halobacillus profundi</GBSeq_organism>
 <GBSeq_organism>Virgibacillus proomii</GBSeq_organism>
 <GBSeq_organism>Halobacillus karajensis</GBSeq_organism>
 <GBSeq_organism>Halobacillus alkaliphilus</GBSeq_organism>
 <GBSeq_organism>Halobacillus trueperi</GBSeq_organism>
 <GBSeq_organism>Halobacillus locisalis</GBSeq_organism>
 <GBSeq_organism>Halobacillus campisalis</GBSeq_organism>
 <GBSeq_organism>Halobacillus litoralis</GBSeq_organism>
 <GBSeq_organism>Halobacillus kuroshimensis</GBSeq_organism>
 <GBSeq_organism>Halobacillus yeomjeoni</GBSeq_organism>
 <GBSeq_organism>Halobacillus salinus</GBSeq_organism>
 <GBSeq_organism>Sediminibacillus halophilus</GBSeq_organism>
 <GBSeq_organism>Virgibacillus pantothenticus</GBSeq_organism>
 <GBSeq_organism>Halobacillus aidingensis</GBSeq_organism>
 <GBSeq_organism>Halobacillus salsuginis</GBSeq_organism>
 <GBSeq_organism>Thalassobacillus devorans</GBSeq_organism>
 <GBSeq_organism>Halobacillus mangrovi</GBSeq_organism>
 <GBSeq_organism>Sporosarcina ureae</GBSeq_organism>
 <GBSeq_organism>Virgibacillus marismortui</GBSeq_organism>
