 <GBSeq_organism>Thalassospira profundimaris WP0211</GBSeq_organism>
 <GBSeq_organism>Thalassospira xiamenensis M-5 = DSM 17429</GBSeq_organism>
 <GBSeq_organism>Thalassospira lucentensis MCCC 1A00383 = DSM 14000</GBSeq_organism>
 <GBSeq_organism>Insolitispirillum peregrinum subsp. peregrinum</GBSeq_organism>
 <GBSeq_organism>Caenispirillum bisanense</GBSeq_organism>
 <GBSeq_organism>Azospirillum canadense</GBSeq_organism>
 <GBSeq_organism>Rhodospirillum rubrum ATCC 11170</GBSeq_organism>
 <GBSeq_organism>Rhodospira trueperi</GBSeq_organism>
 <GBSeq_organism>Rhodovibrio salinarum</GBSeq_organism>
 <GBSeq_organism>Inquilinus limosus</GBSeq_organism>
 <GBSeq_organism>Phaeospirillum fulvum</GBSeq_organism>
 <GBSeq_organism>Insolitispirillum peregrinum subsp. integrum</GBSeq_organism>
 <GBSeq_organism>Azospirillum oryzae</GBSeq_organism>
 <GBSeq_organism>Defluviicoccus vanus</GBSeq_organism>
 <GBSeq_organism>Skermanella aerolata KACC 11604</GBSeq_organism>
 <GBSeq_organism>Novispirillum itersonii subsp. nipponicum</GBSeq_organism>
 <GBSeq_organism>Roseospira marina</GBSeq_organism>
 <GBSeq_organism>Marispirillum indicum</GBSeq_organism>
 <GBSeq_organism>Rhodocista pekingensis</GBSeq_organism>
 <GBSeq_organism>Novispirillum itersonii subsp. itersonii</GBSeq_organism>
 <GBSeq_organism>uncultured proteobacterium</GBSeq_organism>
