 <GBSeq_organism>Candidatus Phytoplasma cynodontis</GBSeq_organism>
 <GBSeq_organism>Peanut witches&apos;-broom phytoplasma</GBSeq_organism>
 <GBSeq_organism>Candidatus Phytoplasma ulmi</GBSeq_organism>
 <GBSeq_organism>Coconut lethal yellowing phytoplasma</GBSeq_organism>
 <GBSeq_organism>Candidatus Phytoplasma fraxini</GBSeq_organism>
 <GBSeq_organism>Candidatus Phytoplasma caricae</GBSeq_organism>
 <GBSeq_organism>Bacillus subtilis subsp. subtilis str. 168</GBSeq_organism>
 <GBSeq_organism>Canadian peach X phytoplasma</GBSeq_organism>
 <GBSeq_organism>Phytoplasma sp. STRAWB2</GBSeq_organism>
 <GBSeq_organism>Candidatus Phytoplasma australiense</GBSeq_organism>
 <GBSeq_organism>unidentified mollicute</GBSeq_organism>
 <GBSeq_organism>unidentified mollicute</GBSeq_organism>
 <GBSeq_organism>Oenothera phytoplasma 86-7</GBSeq_organism>
 <GBSeq_organism>Candidatus Phytoplasma pini</GBSeq_organism>
 <GBSeq_organism>Russia potato purple top phytoplasma Rus-PPT92</GBSeq_organism>
 <GBSeq_organism>Sugarcane phytoplasma (uncharacterized)</GBSeq_organism>
 <GBSeq_organism>Phaseolus acutifolius</GBSeq_organism>
 <GBSeq_organism>Walnut witches&apos;-broom phytoplasma</GBSeq_organism>
 <GBSeq_organism>Soybean phyllody phytoplasma</GBSeq_organism>
 <GBSeq_organism>&apos;Picris echioides&apos; phyllody phytoplasma</GBSeq_organism>
 <GBSeq_organism>Loofah witches&apos;-broom phytoplasma</GBSeq_organism>
 <GBSeq_organism>Acholeplasma palmae J233</GBSeq_organism>
 <GBSeq_organism>Candidatus Phytoplasma tamaricis</GBSeq_organism>
 <GBSeq_organism>Phaseolus acutifolius</GBSeq_organism>
 <GBSeq_organism>Acholeplasma laidlawii</GBSeq_organism>
 <GBSeq_organism>Mexican periwinkle virescence phytoplasma</GBSeq_organism>
 <GBSeq_organism>Candidatus Phytoplasma omanense</GBSeq_organism>
 <GBSeq_organism>Buckland Valley grapevine yellows phytoplasma</GBSeq_organism>
 <GBSeq_organism>Phormium yellow leaf phytoplasma</GBSeq_organism>
 <GBSeq_organism>Candidatus Phytoplasma allocasuarinae</GBSeq_organism>
 <GBSeq_organism>unidentified mollicute</GBSeq_organism>
 <GBSeq_organism>Vinca virescence phytoplasma</GBSeq_organism>
 <GBSeq_organism>Candidatus Phytoplasma phoenicium</GBSeq_organism>
 <GBSeq_organism>Sorghum bunchy shoot phytoplasma</GBSeq_organism>
 <GBSeq_organism>Derbid phytoplasma</GBSeq_organism>
 <GBSeq_organism>Candidatus Phytoplasma aurantifolia</GBSeq_organism>
 <GBSeq_organism>Candidatus Phytoplasma lycopersici</GBSeq_organism>
 <GBSeq_organism>Candidatus Phytoplasma vitis</GBSeq_organism>
 <GBSeq_organism>Alaska potato purple top phytoplasma</GBSeq_organism>
 <GBSeq_organism>Cotton phyllody phytoplasma</GBSeq_organism>
 <GBSeq_organism>Clover yellow edge phytoplasma</GBSeq_organism>
 <GBSeq_organism>Chinaberry yellows phytoplasma</GBSeq_organism>
 <GBSeq_organism>Sweet pepper purple vein phytoplasma</GBSeq_organism>
 <GBSeq_organism>Clover phyllody phytoplasma</GBSeq_organism>
 <GBSeq_organism>Sweet pepper purple vein phytoplasma</GBSeq_organism>
 <GBSeq_organism>Candidatus Phytoplasma graminis</GBSeq_organism>
 <GBSeq_organism>Milkweed yellows phytoplasma</GBSeq_organism>
 <GBSeq_organism>Weeping tea tree witches&apos;-broom phytoplasma</GBSeq_organism>
 <GBSeq_organism>Candidatus Phytoplasma brasiliense</GBSeq_organism>
 <GBSeq_organism>Candidatus Phytoplasma trifolii</GBSeq_organism>
 <GBSeq_organism>Candidatus Phytoplasma mali</GBSeq_organism>
 <GBSeq_organism>Rubus stunt phytoplasma</GBSeq_organism>
 <GBSeq_organism>Jujube witches&apos;-broom phytoplasma</GBSeq_organism>
