 <GBSeq_organism>Shewanella olleyana</GBSeq_organism>
 <GBSeq_organism>Shewanella chilikensis</GBSeq_organism>
 <GBSeq_organism>Shewanella xiamenensis</GBSeq_organism>
 <GBSeq_organism>Shewanella japonica</GBSeq_organism>
 <GBSeq_organism>Shewanella waksmanii</GBSeq_organism>
 <GBSeq_organism>Shewanella fidelis</GBSeq_organism>
 <GBSeq_organism>Shewanella algae</GBSeq_organism>
 <GBSeq_organism>Shewanella canadensis</GBSeq_organism>
 <GBSeq_organism>Vibrio cholerae</GBSeq_organism>
 <GBSeq_organism>Shewanella colwelliana</GBSeq_organism>
 <GBSeq_organism>Shewanella oneidensis MR-1</GBSeq_organism>
 <GBSeq_organism>Shewanella marisflavi</GBSeq_organism>
 <GBSeq_organism>Shewanella gaetbuli</GBSeq_organism>
 <GBSeq_organism>Shewanella fodinae</GBSeq_organism>
 <GBSeq_organism>Shewanella amazonensis SB2B</GBSeq_organism>
 <GBSeq_organism>Shewanella donghaensis</GBSeq_organism>
 <GBSeq_organism>Shewanella psychrophila</GBSeq_organism>
 <GBSeq_organism>Ferrimonas balearica DSM 9799</GBSeq_organism>
 <GBSeq_organism>Shewanella fodinae</GBSeq_organism>
 <GBSeq_organism>Shewanella piezotolerans WP3</GBSeq_organism>
 <GBSeq_organism>Shewanella aquimarina</GBSeq_organism>
 <GBSeq_organism>Shewanella vesiculosa</GBSeq_organism>
 <GBSeq_organism>Shewanella benthica</GBSeq_organism>
 <GBSeq_organism>Shewanella gelidimarina</GBSeq_organism>
 <GBSeq_organism>Shewanella halifaxensis HAW-EB4</GBSeq_organism>
 <GBSeq_organism>Shewanella decolorationis S12</GBSeq_organism>
 <GBSeq_organism>Shewanella spongiae</GBSeq_organism>
 <GBSeq_organism>Shewanella baltica</GBSeq_organism>
 <GBSeq_organism>Shewanella sediminis HAW-EB3</GBSeq_organism>
 <GBSeq_organism>Shewanella putrefaciens</GBSeq_organism>
 <GBSeq_organism>Shewanella haliotis</GBSeq_organism>
 <GBSeq_organism>Shewanella profunda</GBSeq_organism>
 <GBSeq_organism>Shewanella pacifica</GBSeq_organism>
 <GBSeq_organism>Shewanella hanedai</GBSeq_organism>
 <GBSeq_organism>Shewanella atlantica</GBSeq_organism>
 <GBSeq_organism>Shewanella frigidimarina</GBSeq_organism>
