 <GBSeq_organism>Pseudospirillum japonicum</GBSeq_organism>
 <GBSeq_organism>Marinimicrobium koreense</GBSeq_organism>
 <GBSeq_organism>Colwellia psychrerythraea</GBSeq_organism>
 <GBSeq_organism>Neptunomonas naphthovorans</GBSeq_organism>
 <GBSeq_organism>Cobetia marina</GBSeq_organism>
 <GBSeq_organism>Kangiella koreensis DSM 16069</GBSeq_organism>
 <GBSeq_organism>Oleispira antarctica RB-8</GBSeq_organism>
 <GBSeq_organism>Oleiphilus messinensis</GBSeq_organism>
 <GBSeq_organism>Oceanospirillum linum</GBSeq_organism>
 <GBSeq_organism>Zooshikella ganghwensis</GBSeq_organism>
 <GBSeq_organism>Nitrincola lacisaponensis</GBSeq_organism>
 <GBSeq_organism>Ferrimonas balearica DSM 9799</GBSeq_organism>
 <GBSeq_organism>Saccharospirillum impatiens</GBSeq_organism>
 <GBSeq_organism>Marinomonas communis</GBSeq_organism>
 <GBSeq_organism>Pseudomonas putida</GBSeq_organism>
 <GBSeq_organism>Sedimenticola selenatireducens DSM 17993</GBSeq_organism>
 <GBSeq_organism>Microbulbifer hydrolyticus</GBSeq_organism>
 <GBSeq_organism>Marinobacter hydrocarbonoclasticus ATCC 49840</GBSeq_organism>
 <GBSeq_organism>Marinobacterium georgiense</GBSeq_organism>
 <GBSeq_organism>Reinekea blandensis MED297</GBSeq_organism>
 <GBSeq_organism>Halomonas elongata DSM 2581</GBSeq_organism>
 <GBSeq_organism>Alcanivorax borkumensis SK2</GBSeq_organism>
