 <GBSeq_organism>Burkholderia phenazinium</GBSeq_organism>
 <GBSeq_organism>Burkholderia multivorans ATCC BAA-247</GBSeq_organism>
 <GBSeq_organism>Burkholderia andropogonis</GBSeq_organism>
 <GBSeq_organism>Burkholderia stabilis</GBSeq_organism>
 <GBSeq_organism>Burkholderia caryophylli</GBSeq_organism>
 <GBSeq_organism>Burkholderia pseudomallei 1026b</GBSeq_organism>
 <GBSeq_organism>Burkholderia gladioli</GBSeq_organism>
 <GBSeq_organism>Burkholderia caledonica</GBSeq_organism>
 <GBSeq_organism>Burkholderia kururiensis</GBSeq_organism>
 <GBSeq_organism>Burkholderia caribensis</GBSeq_organism>
 <GBSeq_organism>Burkholderia glathei</GBSeq_organism>
 <GBSeq_organism>Burkholderia thailandensis E264</GBSeq_organism>
 <GBSeq_organism>Burkholderia vietnamiensis</GBSeq_organism>
 <GBSeq_organism>Burkholderia sordidicola</GBSeq_organism>
 <GBSeq_organism>Burkholderia fungorum</GBSeq_organism>
 <GBSeq_organism>Burkholderia glumae LMG 2196</GBSeq_organism>
 <GBSeq_organism>Burkholderia plantarii</GBSeq_organism>
 <GBSeq_organism>Burkholderia sordidicola</GBSeq_organism>
 <GBSeq_organism>Burkholderia graminis C4D1M</GBSeq_organism>
 <GBSeq_organism>Burkholderia cepacia ATCC 25416</GBSeq_organism>
 <GBSeq_organism>Burkholderia vietnamiensis</GBSeq_organism>
 <GBSeq_organism>Burkholderia sacchari</GBSeq_organism>
