 <GBSeq_organism>Escherichia coli DSM 30083 = JCM 1649 = ATCC 11775</GBSeq_organism>
 <GBSeq_organism>Paramoritella alkaliphila</GBSeq_organism>
 <GBSeq_organism>Ferrimonas marina</GBSeq_organism>
 <GBSeq_organism>Shewanella waksmanii</GBSeq_organism>
 <GBSeq_organism>Shewanella fidelis</GBSeq_organism>
 <GBSeq_organism>Shewanella algae</GBSeq_organism>
 <GBSeq_organism>Paraferrimonas sedimenticola</GBSeq_organism>
 <GBSeq_organism>Moritella marina ATCC 15381</GBSeq_organism>
 <GBSeq_organism>Vibrio agarivorans</GBSeq_organism>
 <GBSeq_organism>Ferrimonas kyonanensis</GBSeq_organism>
 <GBSeq_organism>Shewanella putrefaciens</GBSeq_organism>
 <GBSeq_organism>Shewanella gaetbuli</GBSeq_organism>
 <GBSeq_organism>Moritella abyssi</GBSeq_organism>
 <GBSeq_organism>Ferrimonas balearica DSM 9799</GBSeq_organism>
 <GBSeq_organism>Moritella profunda</GBSeq_organism>
 <GBSeq_organism>Moritella dasanensis ArB 0140</GBSeq_organism>
 <GBSeq_organism>Vibrio rumoiensis</GBSeq_organism>
 <GBSeq_organism>Shewanella decolorationis S12</GBSeq_organism>
 <GBSeq_organism>Shewanella baltica</GBSeq_organism>
 <GBSeq_organism>Ferrimonas senticii</GBSeq_organism>
 <GBSeq_organism>Shewanella woodyi ATCC 51908</GBSeq_organism>
 <GBSeq_organism>Moritella japonica</GBSeq_organism>
 <GBSeq_organism>Paramoritella alkaliphila</GBSeq_organism>
 <GBSeq_organism>Moritella yayanosii</GBSeq_organism>
 <GBSeq_organism>Moritella viscosa</GBSeq_organism>
