 <GBSeq_organism>Gemella haemolysans</GBSeq_organism>
 <GBSeq_organism>Candidatus Pasteuria usgae</GBSeq_organism>
 <GBSeq_organism>Turicibacter sanguinis</GBSeq_organism>
 <GBSeq_organism>Sulfobacillus thermosulfidooxidans DSM 9293</GBSeq_organism>
 <GBSeq_organism>Laceyella putida</GBSeq_organism>
 <GBSeq_organism>Pasteuria nishizawae</GBSeq_organism>
 <GBSeq_organism>Thermoflavimicrobium dichotomicum</GBSeq_organism>
 <GBSeq_organism>Virgibacillus pantothenticus</GBSeq_organism>
 <GBSeq_organism>Mechercharimyces mesophilus</GBSeq_organism>
 <GBSeq_organism>Thermoactinomyces vulgaris</GBSeq_organism>
 <GBSeq_organism>Thermoactinomyces intermedius</GBSeq_organism>
 <GBSeq_organism>Jeotgalibacillus marinus</GBSeq_organism>
 <GBSeq_organism>Exiguobacterium aurantiacum</GBSeq_organism>
 <GBSeq_organism>Marinococcus halophilus</GBSeq_organism>
 <GBSeq_organism>Geobacillus stearothermophilus</GBSeq_organism>
 <GBSeq_organism>Listeria monocytogenes</GBSeq_organism>
 <GBSeq_organism>Halobacillus halophilus</GBSeq_organism>
 <GBSeq_organism>Planococcus citreus</GBSeq_organism>
 <GBSeq_organism>Alicyclobacillus acidocaldarius subsp. acidocaldarius DSM 446</GBSeq_organism>
 <GBSeq_organism>Brevibacillus brevis</GBSeq_organism>
 <GBSeq_organism>Kurthia zopfii</GBSeq_organism>
 <GBSeq_organism>Laceyella sacchari</GBSeq_organism>
 <GBSeq_organism>Sporosarcina ureae</GBSeq_organism>
 <GBSeq_organism>Seinonella peptonophila</GBSeq_organism>
 <GBSeq_organism>Aneurinibacillus aneurinilyticus ATCC 12856</GBSeq_organism>
 <GBSeq_organism>Bacillus cereus ATCC 14579</GBSeq_organism>
 <GBSeq_organism>Sporolactobacillus inulinus</GBSeq_organism>
 <GBSeq_organism>Mechercharimyces mesophilus</GBSeq_organism>
 <GBSeq_organism>Bacillus subtilis</GBSeq_organism>
 <GBSeq_organism>Staphylococcus aureus</GBSeq_organism>
