 <GBSeq_organism>Treponema sp. II:C:T1</GBSeq_organism>
 <GBSeq_organism>Treponema pallidum</GBSeq_organism>
 <GBSeq_organism>Treponema sp. III:F:AT004</GBSeq_organism>
 <GBSeq_organism>Treponema refringens</GBSeq_organism>
 <GBSeq_organism>Treponema pectinovorum 8:A:33768</GBSeq_organism>
 <GBSeq_organism>Mus musculus</GBSeq_organism>
 <GBSeq_organism>Treponema sp. II:D:G93</GBSeq_organism>
 <GBSeq_organism>Treponema calligyrum</GBSeq_organism>
 <GBSeq_organism>Treponema sp. II:10:D12</GBSeq_organism>
 <GBSeq_organism>Treponema phagedenis</GBSeq_organism>
 <GBSeq_organism>Treponema sp. 9:A:D01</GBSeq_organism>
 <GBSeq_organism>Treponema vincentii ATCC 35580</GBSeq_organism>
 <GBSeq_organism>Treponema sp. II:I:C53</GBSeq_organism>
 <GBSeq_organism>Treponema socranskii subsp. socranskii</GBSeq_organism>
 <GBSeq_organism>Treponema denticola II:11:33520</GBSeq_organism>
 <GBSeq_organism>Treponema socranskii subsp. paredis</GBSeq_organism>
 <GBSeq_organism>Treponema putidum</GBSeq_organism>
 <GBSeq_organism>Treponema parvum ATCC 700770</GBSeq_organism>
 <GBSeq_organism>Treponema sp. 10:A:C25</GBSeq_organism>
 <GBSeq_organism>Treponema sp. V:20:D62</GBSeq_organism>
 <GBSeq_organism>Treponema medium</GBSeq_organism>
 <GBSeq_organism>Treponema maltophilum</GBSeq_organism>
