 <GBSeq_organism>Bdellovibrio sp. CHI</GBSeq_organism>
 <GBSeq_organism>Bdellovibrio bacteriovorus</GBSeq_organism>
 <GBSeq_organism>Bdellovibrio sp. 6-5-S</GBSeq_organism>
 <GBSeq_organism>Bdellovibrio bacteriovorus</GBSeq_organism>
 <GBSeq_organism>Bdellovibrio sp. Lanham</GBSeq_organism>
 <GBSeq_organism>Bdellovibrio bacteriovorus</GBSeq_organism>
 <GBSeq_organism>Bdellovibrio sp. ETA</GBSeq_organism>
 <GBSeq_organism>Bdellovibrio sp. MPA</GBSeq_organism>
 <GBSeq_organism>Bdellovibrio sp. Hefner</GBSeq_organism>
 <GBSeq_organism>Bdellovibrio bacteriovorus</GBSeq_organism>
 <GBSeq_organism>uncultured delta proteobacterium</GBSeq_organism>
 <GBSeq_organism>Bdellovibrio sp. albina1</GBSeq_organism>
 <GBSeq_organism>Bdellovibrio bacteriovorus</GBSeq_organism>
 <GBSeq_organism>Bdellovibrio sp. SJE</GBSeq_organism>
 <GBSeq_organism>Bdellovibrio sp. SRE14</GBSeq_organism>
 <GBSeq_organism>Bdellovibrio sp. W</GBSeq_organism>
 <GBSeq_organism>Bdellovibrio sp. ARL-12</GBSeq_organism>
 <GBSeq_organism>uncultured delta proteobacterium</GBSeq_organism>
 <GBSeq_organism>Bdellovibrio sp. HEA</GBSeq_organism>
 <GBSeq_organism>uncultured bacterium</GBSeq_organism>
 <GBSeq_organism>uncultured bacterium</GBSeq_organism>
 <GBSeq_organism>Bdellovibrio sp. Ec13</GBSeq_organism>
 <GBSeq_organism>Bdellovibrio sp. Vietnam</GBSeq_organism>
 <GBSeq_organism>Bdellovibrio sp. R4</GBSeq_organism>
 <GBSeq_organism>Bdellovibrio bacteriovorus</GBSeq_organism>
 <GBSeq_organism>Bdellovibrio bacteriovorus</GBSeq_organism>
 <GBSeq_organism>Bdellovibrio bacteriovorus</GBSeq_organism>
 <GBSeq_organism>Bdellovibrio bacteriovorus</GBSeq_organism>
 <GBSeq_organism>Bdellovibrio sp. oral clone CA006</GBSeq_organism>
 <GBSeq_organism>Bdellovibrio sp. Tu-113</GBSeq_organism>
 <GBSeq_organism>Bdellovibrio bacteriovorus</GBSeq_organism>
 <GBSeq_organism>Bdellovibrio sp. MTA</GBSeq_organism>
 <GBSeq_organism>uncultured bacterium PHOS-HC31</GBSeq_organism>
 <GBSeq_organism>Bdellovibrio sp. L</GBSeq_organism>
 <GBSeq_organism>Bdellovibrio sp. R0</GBSeq_organism>
 <GBSeq_organism>Bdellovibrio bacteriovorus</GBSeq_organism>
 <GBSeq_organism>Bdellovibrio bacteriovorus</GBSeq_organism>
 <GBSeq_organism>uncultured bacterium PHOS-HE81</GBSeq_organism>
