 <GBSeq_organism>Streptosporangium roseum DSM 43021</GBSeq_organism>
 <GBSeq_organism>Escherichia coli DSM 30083 = JCM 1649 = ATCC 11775</GBSeq_organism>
 <GBSeq_organism>Glycomyces harbinensis</GBSeq_organism>
 <GBSeq_organism>Actinomadura madurae</GBSeq_organism>
 <GBSeq_organism>Atopobium minutum</GBSeq_organism>
 <GBSeq_organism>Nocardiopsis dassonvillei</GBSeq_organism>
 <GBSeq_organism>Propionibacterium freudenreichii</GBSeq_organism>
 <GBSeq_organism>Cryptobacterium curtum DSM 15641</GBSeq_organism>
 <GBSeq_organism>Rubrobacter radiotolerans DSM 5868</GBSeq_organism>
 <GBSeq_organism>Thermoleophilum album</GBSeq_organism>
 <GBSeq_organism>Nocardioides albus</GBSeq_organism>
 <GBSeq_organism>Actinocorallia herbida</GBSeq_organism>
 <GBSeq_organism>Micropruina glycogenica</GBSeq_organism>
 <GBSeq_organism>Microbispora rosea</GBSeq_organism>
 <GBSeq_organism>Kribbella koreensis</GBSeq_organism>
 <GBSeq_organism>Solirubrobacter pauli</GBSeq_organism>
 <GBSeq_organism>Patulibacter minatonensis DSM 18081</GBSeq_organism>
 <GBSeq_organism>Slackia exigua ATCC 700122</GBSeq_organism>
 <GBSeq_organism>Aeromicrobium erythreum</GBSeq_organism>
 <GBSeq_organism>Propioniferax innocua</GBSeq_organism>
 <GBSeq_organism>Microtetraspora glauca</GBSeq_organism>
 <GBSeq_organism>Eggerthella lenta DSM 2243</GBSeq_organism>
 <GBSeq_organism>Sphaerobacter thermophilus DSM 20745</GBSeq_organism>
 <GBSeq_organism>Conexibacter woesei DSM 14684</GBSeq_organism>
 <GBSeq_organism>Denitrobacterium detoxificans</GBSeq_organism>
