 <GBSeq_organism>Chryseobacterium joostei</GBSeq_organism>
 <GBSeq_organism>Cloacibacterium normanense</GBSeq_organism>
 <GBSeq_organism>Chryseobacterium hominis</GBSeq_organism>
 <GBSeq_organism>Chryseobacterium proteolyticum</GBSeq_organism>
 <GBSeq_organism>Chryseobacterium hominis</GBSeq_organism>
 <GBSeq_organism>Riemerella columbina</GBSeq_organism>
 <GBSeq_organism>Chryseobacterium jeonii</GBSeq_organism>
 <GBSeq_organism>Chryseobacterium hispanicum</GBSeq_organism>
 <GBSeq_organism>Wautersiella falsenii genomovar 1</GBSeq_organism>
 <GBSeq_organism>Chryseobacterium soldanellicola</GBSeq_organism>
 <GBSeq_organism>Chryseobacterium scophthalmum</GBSeq_organism>
 <GBSeq_organism>Chryseobacterium balustinum</GBSeq_organism>
 <GBSeq_organism>Chryseobacterium hominis</GBSeq_organism>
 <GBSeq_organism>Bacteroides fragilis</GBSeq_organism>
 <GBSeq_organism>Chryseobacterium gleum</GBSeq_organism>
 <GBSeq_organism>Chryseobacterium hominis</GBSeq_organism>
 <GBSeq_organism>Chryseobacterium aquaticum</GBSeq_organism>
 <GBSeq_organism>Chryseobacterium taeanense</GBSeq_organism>
 <GBSeq_organism>Chryseobacterium hominis</GBSeq_organism>
 <GBSeq_organism>Elizabethkingia meningoseptica</GBSeq_organism>
 <GBSeq_organism>Chryseobacterium hominis</GBSeq_organism>
 <GBSeq_organism>Chryseobacterium koreense</GBSeq_organism>
 <GBSeq_organism>Chryseobacterium indologenes</GBSeq_organism>
 <GBSeq_organism>Chryseobacterium piscium</GBSeq_organism>
 <GBSeq_organism>Chryseobacterium indoltheticum</GBSeq_organism>
 <GBSeq_organism>Weeksella virosa</GBSeq_organism>
 <GBSeq_organism>Chryseobacterium shigense</GBSeq_organism>
 <GBSeq_organism>Empedobacter brevis</GBSeq_organism>
 <GBSeq_organism>Chryseobacterium hominis</GBSeq_organism>
 <GBSeq_organism>Bergeyella zoohelcum</GBSeq_organism>
 <GBSeq_organism>Riemerella anatipestifer ATCC 11845 = DSM 15868</GBSeq_organism>
 <GBSeq_organism>Chryseobacterium antarcticum</GBSeq_organism>
 <GBSeq_organism>Elizabethkingia miricola</GBSeq_organism>
 <GBSeq_organism>Chryseobacterium hominis</GBSeq_organism>
 <GBSeq_organism>Chryseobacterium vrystaatense</GBSeq_organism>
 <GBSeq_organism>Chryseobacterium hominis</GBSeq_organism>
 <GBSeq_organism>Chryseobacterium caeni</GBSeq_organism>
 <GBSeq_organism>Chryseobacterium taichungense</GBSeq_organism>
 <GBSeq_organism>Chryseobacterium daecheongense</GBSeq_organism>
 <GBSeq_organism>Epilithonimonas tenax</GBSeq_organism>
 <GBSeq_organism>Chryseobacterium defluvii</GBSeq_organism>
 <GBSeq_organism>Chryseobacterium formosense</GBSeq_organism>
 <GBSeq_organism>Ornithobacterium rhinotracheale</GBSeq_organism>
 <GBSeq_organism>Chryseobacterium hominis</GBSeq_organism>
 <GBSeq_organism>Chryseobacterium hominis</GBSeq_organism>
