 <GBSeq_organism>Micrococcus luteus</GBSeq_organism>
 <GBSeq_organism>Streptosporangium roseum DSM 43021</GBSeq_organism>
 <GBSeq_organism>actinobacterium Aac-35</GBSeq_organism>
 <GBSeq_organism>Streptomyces albus subsp. albus</GBSeq_organism>
 <GBSeq_organism>Actinosynnema mirum</GBSeq_organism>
 <GBSeq_organism>Nocardiopsis dassonvillei</GBSeq_organism>
 <GBSeq_organism>Propionibacterium freudenreichii</GBSeq_organism>
 <GBSeq_organism>Corynebacterium diphtheriae</GBSeq_organism>
 <GBSeq_organism>Thermomonospora curvata</GBSeq_organism>
 <GBSeq_organism>Micromonospora chalcea</GBSeq_organism>
 <GBSeq_organism>actinobacterium Aac-2</GBSeq_organism>
 <GBSeq_organism>Modestobacter multiseptatus</GBSeq_organism>
 <GBSeq_organism>actinobacterium Aac-85</GBSeq_organism>
 <GBSeq_organism>Geodermatophilus obscurus DSM 43160</GBSeq_organism>
 <GBSeq_organism>bacterium Ellin5062</GBSeq_organism>
 <GBSeq_organism>Catenulispora rubra</GBSeq_organism>
 <GBSeq_organism>Acidothermus cellulolyticus 11B</GBSeq_organism>
 <GBSeq_organism>bacterium Ellin5116</GBSeq_organism>
 <GBSeq_organism>Actinospica acidiphila</GBSeq_organism>
 <GBSeq_organism>Actinospica robiniae DSM 44927</GBSeq_organism>
 <GBSeq_organism>actinobacterium Aac-50</GBSeq_organism>
 <GBSeq_organism>Nakamurella multipartita DSM 44233</GBSeq_organism>
 <GBSeq_organism>bacterium Ellin5119</GBSeq_organism>
 <GBSeq_organism>Pseudonocardia thermophila</GBSeq_organism>
 <GBSeq_organism>Blastococcus aggregatus</GBSeq_organism>
 <GBSeq_organism>Catenulispora acidiphila DSM 44928</GBSeq_organism>
 <GBSeq_organism>Kineosporia aurantiaca</GBSeq_organism>
