 <GBSeq_organism>Psychrobacter faecalis</GBSeq_organism>
 <GBSeq_organism>Psychrobacter piscatorii</GBSeq_organism>
 <GBSeq_organism>Psychrobacter vallis</GBSeq_organism>
 <GBSeq_organism>Psychrobacter namhaensis</GBSeq_organism>
 <GBSeq_organism>Psychrobacter urativorans</GBSeq_organism>
 <GBSeq_organism>Psychrobacter salsus</GBSeq_organism>
 <GBSeq_organism>Enhydrobacter aerosaccus</GBSeq_organism>
 <GBSeq_organism>Psychrobacter fozii</GBSeq_organism>
 <GBSeq_organism>Psychrobacter arcticus 273-4</GBSeq_organism>
 <GBSeq_organism>Psychrobacter frigidicola</GBSeq_organism>
 <GBSeq_organism>Psychrobacter fulvigenes</GBSeq_organism>
 <GBSeq_organism>Psychrobacter arenosus</GBSeq_organism>
 <GBSeq_organism>Moraxella catarrhalis</GBSeq_organism>
 <GBSeq_organism>Psychrobacter cibarius</GBSeq_organism>
 <GBSeq_organism>Acinetobacter calcoaceticus DSM 30006 = CIP 81.8</GBSeq_organism>
 <GBSeq_organism>Psychrobacter proteolyticus</GBSeq_organism>
 <GBSeq_organism>Psychrobacter luti</GBSeq_organism>
 <GBSeq_organism>Psychrobacter phenylpyruvicus</GBSeq_organism>
 <GBSeq_organism>Psychrobacter maritimus</GBSeq_organism>
 <GBSeq_organism>Psychrobacter pulmonis</GBSeq_organism>
 <GBSeq_organism>Psychrobacter celer</GBSeq_organism>
 <GBSeq_organism>Psychrobacter immobilis</GBSeq_organism>
 <GBSeq_organism>Psychrobacter submarinus</GBSeq_organism>
 <GBSeq_organism>Psychrobacter aquaticus CMS 56</GBSeq_organism>
 <GBSeq_organism>Moraxella lacunata</GBSeq_organism>
 <GBSeq_organism>Psychrobacter alimentarius</GBSeq_organism>
 <GBSeq_organism>Psychrobacter aquimaris</GBSeq_organism>
 <GBSeq_organism>Psychrobacter glacincola</GBSeq_organism>
 <GBSeq_organism>Moraxella osloensis</GBSeq_organism>
 <GBSeq_organism>Psychrobacter marincola</GBSeq_organism>
 <GBSeq_organism>Psychrobacter nivimaris</GBSeq_organism>
