 <GBSeq_organism>Prosthecobacter debontii</GBSeq_organism>
 <GBSeq_organism>uncultured bacterium</GBSeq_organism>
 <GBSeq_organism>Escherichia coli DSM 30083 = JCM 1649 = ATCC 11775</GBSeq_organism>
 <GBSeq_organism>uncultured Verrucomicrobia bacterium</GBSeq_organism>
 <GBSeq_organism>Prosthecobacter dejongeii</GBSeq_organism>
 <GBSeq_organism>Chthoniobacter flavus Ellin428</GBSeq_organism>
 <GBSeq_organism>Prosthecobacter vanneervenii</GBSeq_organism>
 <GBSeq_organism>Akkermansia muciniphila ATCC BAA-835</GBSeq_organism>
 <GBSeq_organism>uncultured Verrucomicrobia bacterium</GBSeq_organism>
 <GBSeq_organism>Verrucomicrobium spinosum DSM 4136 = JCM 18804</GBSeq_organism>
 <GBSeq_organism>Prosthecobacter fusiformis</GBSeq_organism>
 <GBSeq_organism>Alterococcus agarolyticus</GBSeq_organism>
 <GBSeq_organism>uncultured Verrucomicrobia bacterium</GBSeq_organism>
 <GBSeq_organism>Fucophilus fucoidanolyticus</GBSeq_organism>
 <GBSeq_organism>uncultured marine bacterium</GBSeq_organism>
 <GBSeq_organism>uncultured bacterium</GBSeq_organism>
 <GBSeq_organism>Opitutus terrae PB90-1</GBSeq_organism>
 <GBSeq_organism>uncultured bacterium</GBSeq_organism>
 <GBSeq_organism>uncultured bacterium</GBSeq_organism>
 <GBSeq_organism>uncultured Verrucomicrobia bacterium</GBSeq_organism>
 <GBSeq_organism>uncultured verrucomicrobium DEV005</GBSeq_organism>
 <GBSeq_organism>Rubritalea spongiae</GBSeq_organism>
 <GBSeq_organism>Rubritalea squalenifaciens</GBSeq_organism>
