 <GBSeq_organism>Azotobacter chroococcum</GBSeq_organism>
 <GBSeq_organism>Rhodoblastus acidophilus</GBSeq_organism>
 <GBSeq_organism>Methylosinus sporium</GBSeq_organism>
 <GBSeq_organism>Methylocapsa acidiphila B2</GBSeq_organism>
 <GBSeq_organism>Bradyrhizobium japonicum</GBSeq_organism>
 <GBSeq_organism>Bradyrhizobium denitrificans</GBSeq_organism>
 <GBSeq_organism>Agrobacterium tumefaciens</GBSeq_organism>
 <GBSeq_organism>Agrobacterium sp. CIP 106281</GBSeq_organism>
 <GBSeq_organism>Ensifer adhaerens</GBSeq_organism>
 <GBSeq_organism>Afipia felis ATCC 53690</GBSeq_organism>
 <GBSeq_organism>Beijerinckia doebereinerae</GBSeq_organism>
 <GBSeq_organism>Agrobacterium tumefaciens</GBSeq_organism>
 <GBSeq_organism>Methylocystis echinoides</GBSeq_organism>
 <GBSeq_organism>Beijerinckia derxii subsp. venezuelae</GBSeq_organism>
 <GBSeq_organism>Methylocystis parvus OBBP</GBSeq_organism>
 <GBSeq_organism>Beijerinckia mobilis</GBSeq_organism>
 <GBSeq_organism>Beijerinckia derxii subsp. derxii</GBSeq_organism>
 <GBSeq_organism>Beijerinckia fluminensis</GBSeq_organism>
 <GBSeq_organism>Methylosinus trichosporium OB3b</GBSeq_organism>
 <GBSeq_organism>Methylocella tundrae</GBSeq_organism>
 <GBSeq_organism>Methylocella silvestris BL2</GBSeq_organism>
 <GBSeq_organism>Agrobacterium rubi</GBSeq_organism>
 <GBSeq_organism>Rhizobium leguminosarum</GBSeq_organism>
 <GBSeq_organism>Beijerinckia indica subsp. lacticogenes</GBSeq_organism>
 <GBSeq_organism>Beijerinckia indica subsp. indica ATCC 9039</GBSeq_organism>
 <GBSeq_organism>Sinorhizobium fredii</GBSeq_organism>
