 <GBSeq_organism>Cryptococcus neoformans var. neoformans</GBSeq_organism>
 <GBSeq_organism>Derxomyces boninensis</GBSeq_organism>
 <GBSeq_organism>Hannaella coprosmae</GBSeq_organism>
 <GBSeq_organism>Derxomyces pseudohuiaensis</GBSeq_organism>
 <GBSeq_organism>Derxomyces cylindricus</GBSeq_organism>
 <GBSeq_organism>Dioszegia changbaiensis</GBSeq_organism>
 <GBSeq_organism>Dioszegia aurantiaca</GBSeq_organism>
 <GBSeq_organism>Bullera arundinariae</GBSeq_organism>
 <GBSeq_organism>Derxomyces pseudoschimicola</GBSeq_organism>
 <GBSeq_organism>Tremella foliacea</GBSeq_organism>
 <GBSeq_organism>Bullera miyagiana</GBSeq_organism>
 <GBSeq_organism>Derxomyces huiaensis</GBSeq_organism>
 <GBSeq_organism>Hannaella kunmingensis</GBSeq_organism>
 <GBSeq_organism>Derxomyces hubeiensis</GBSeq_organism>
 <GBSeq_organism>Fellomyces polyborus</GBSeq_organism>
 <GBSeq_organism>Dioszegia zsoltii</GBSeq_organism>
 <GBSeq_organism>Bullera dendrophila</GBSeq_organism>
 <GBSeq_organism>Hannaella sinensis</GBSeq_organism>
 <GBSeq_organism>Hannaella luteola</GBSeq_organism>
 <GBSeq_organism>Derxomyces waltii</GBSeq_organism>
 <GBSeq_organism>Bullera formosensis</GBSeq_organism>
 <GBSeq_organism>Bullera variabilis</GBSeq_organism>
 <GBSeq_organism>Tremella aurantia</GBSeq_organism>
 <GBSeq_organism>Cystofilobasidium capitatum</GBSeq_organism>
 <GBSeq_organism>Derxomyces nakasei</GBSeq_organism>
 <GBSeq_organism>Tremella mesenterica</GBSeq_organism>
 <GBSeq_organism>Bulleromyces albus</GBSeq_organism>
 <GBSeq_organism>Derxomyces komagatae</GBSeq_organism>
 <GBSeq_organism>Bullera penniseticola</GBSeq_organism>
 <GBSeq_organism>Derxomyces mrakii</GBSeq_organism>
 <GBSeq_organism>Trichosporon ovoides</GBSeq_organism>
 <GBSeq_organism>Bullera pseudoalba</GBSeq_organism>
 <GBSeq_organism>Bullera hannae</GBSeq_organism>
 <GBSeq_organism>Derxomyces schimicola</GBSeq_organism>
 <GBSeq_organism>Dioszegia hungarica</GBSeq_organism>
 <GBSeq_organism>Cryptococcus statzelliae</GBSeq_organism>
 <GBSeq_organism>Cryptococcus laurentii</GBSeq_organism>
 <GBSeq_organism>Bullera unica</GBSeq_organism>
 <GBSeq_organism>Bullera globospora</GBSeq_organism>
