 <GBSeq_organism>unidentified eubacterium clone SAR202</GBSeq_organism>
 <GBSeq_organism>uncultured soil bacterium</GBSeq_organism>
 <GBSeq_organism>uncultured bacterium TA17</GBSeq_organism>
 <GBSeq_organism>uncultured bacterium C1-28</GBSeq_organism>
 <GBSeq_organism>Oscillochloris trichoides DG-6</GBSeq_organism>
 <GBSeq_organism>uncultured Chloroflexales bacterium</GBSeq_organism>
 <GBSeq_organism>uncultured bacterium SJA-116</GBSeq_organism>
 <GBSeq_organism>uncultured bacterium SJA-170</GBSeq_organism>
 <GBSeq_organism>Dehalococcoides mccartyi</GBSeq_organism>
 <GBSeq_organism>uncultured eubacterium H3.93</GBSeq_organism>
 <GBSeq_organism>uncultured bacterium</GBSeq_organism>
 <GBSeq_organism>Herpetosiphon aurantiacus</GBSeq_organism>
 <GBSeq_organism>Roseiflexus castenholzii DSM 13941</GBSeq_organism>
 <GBSeq_organism>uncultured bacterium SHA-300</GBSeq_organism>
 <GBSeq_organism>uncultured eubacterium H1.4.f</GBSeq_organism>
 <GBSeq_organism>uncultured bacterium SHA-21</GBSeq_organism>
 <GBSeq_organism>uncultured soil bacterium</GBSeq_organism>
 <GBSeq_organism>uncultured Chloroflexales bacterium</GBSeq_organism>
 <GBSeq_organism>uncultured soil bacterium</GBSeq_organism>
 <GBSeq_organism>uncultured eubacterium WCHB1-80</GBSeq_organism>
 <GBSeq_organism>Dehalococcoides mccartyi CBDB1</GBSeq_organism>
 <GBSeq_organism>uncultured bacterium GR/GS-296.II.271</GBSeq_organism>
