 <GBSeq_organism>Flavobacterium xinjiangense</GBSeq_organism>
 <GBSeq_organism>Quatrionicoccus australiensis</GBSeq_organism>
 <GBSeq_organism>Paenibacillus macquariensis subsp. macquariensis</GBSeq_organism>
 <GBSeq_organism>Flavobacterium johnsoniae</GBSeq_organism>
 <GBSeq_organism>Paenibacillus terrae</GBSeq_organism>
 <GBSeq_organism>Sporosarcina psychrophila</GBSeq_organism>
 <GBSeq_organism>Dechloromonas aromatica RCB</GBSeq_organism>
 <GBSeq_organism>Bacillus halodurans</GBSeq_organism>
 <GBSeq_organism>Paenibacillus polymyxa</GBSeq_organism>
 <GBSeq_organism>Flavobacterium tegetincola</GBSeq_organism>
 <GBSeq_organism>Paenibacillus durus</GBSeq_organism>
 <GBSeq_organism>Paenibacillus peoriae KCTC 3763</GBSeq_organism>
 <GBSeq_organism>Flavobacterium flevense</GBSeq_organism>
 <GBSeq_organism>Paenibacillus chibensis</GBSeq_organism>
 <GBSeq_organism>Flavobacterium gillisiae</GBSeq_organism>
 <GBSeq_organism>Dechloromonas sp. SIUL</GBSeq_organism>
 <GBSeq_organism>Bacillus cereus</GBSeq_organism>
 <GBSeq_organism>Bacillus alcalophilus ATCC 27647</GBSeq_organism>
 <GBSeq_organism>Flavobacterium aquatile</GBSeq_organism>
 <GBSeq_organism>Flavobacterium xanthum</GBSeq_organism>
 <GBSeq_organism>Dechloromonas denitrificans</GBSeq_organism>
 <GBSeq_organism>Flavobacterium denitrificans</GBSeq_organism>
 <GBSeq_organism>Dechloromonas agitata</GBSeq_organism>
 <GBSeq_organism>Ferribacterium limneticum</GBSeq_organism>
 <GBSeq_organism>Flavobacterium hibernum</GBSeq_organism>
 <GBSeq_organism>Paenibacillus anaericanus</GBSeq_organism>
 <GBSeq_organism>Flavobacterium omnivorum</GBSeq_organism>
