 <GBSeq_organism>Halothiobacillus neapolitanus c2</GBSeq_organism>
 <GBSeq_organism>Thioalkalimicrobium cyclicum ALM1</GBSeq_organism>
 <GBSeq_organism>Acidithiobacillus ferrooxidans</GBSeq_organism>
 <GBSeq_organism>Thiomicrospira thyasirae</GBSeq_organism>
 <GBSeq_organism>Thiomicrospira crunogena</GBSeq_organism>
 <GBSeq_organism>Hydrogenovibrio marinus</GBSeq_organism>
 <GBSeq_organism>Thiomicrospira kuenenii DSM 12350</GBSeq_organism>
 <GBSeq_organism>Magnetospirillum magnetotacticum</GBSeq_organism>
 <GBSeq_organism>Thiomicrospira halophila</GBSeq_organism>
 <GBSeq_organism>Thiomicrospira halophila</GBSeq_organism>
 <GBSeq_organism>Acidithiobacillus ferrooxidans</GBSeq_organism>
 <GBSeq_organism>Thiomicrospira arctica</GBSeq_organism>
 <GBSeq_organism>Thiomicrospira crunogena</GBSeq_organism>
 <GBSeq_organism>Thiobacillus denitrificans</GBSeq_organism>
 <GBSeq_organism>Thioalkalimicrobium sibiricum</GBSeq_organism>
 <GBSeq_organism>Symbiodinium sp.</GBSeq_organism>
 <GBSeq_organism>Thioalkalispira microaerophila</GBSeq_organism>
 <GBSeq_organism>Ectothiorhodospira shaposhnikovii</GBSeq_organism>
 <GBSeq_organism>Thiomicrospira crunogena</GBSeq_organism>
 <GBSeq_organism>endosymbiont of Riftia pachyptila</GBSeq_organism>
 <GBSeq_organism>Allochromatium vinosum DSM 180</GBSeq_organism>
 <GBSeq_organism>Thiomicrospira kuenenii DSM 12350</GBSeq_organism>
 <GBSeq_organism>Allochromatium vinosum</GBSeq_organism>
 <GBSeq_organism>Rhodospirillum rubrum</GBSeq_organism>
 <GBSeq_organism>Thiomicrospira pelophila</GBSeq_organism>
 <GBSeq_organism>Hydrogenovibrio marinus</GBSeq_organism>
 <GBSeq_organism>Thiomicrospira sp. SL-1</GBSeq_organism>
 <GBSeq_organism>Thiomicrospira kuenenii DSM 12350</GBSeq_organism>
 <GBSeq_organism>Hydrogenovibrio marinus</GBSeq_organism>
 <GBSeq_organism>Thioalkalimicrobium cyclicum ALM1</GBSeq_organism>
 <GBSeq_organism>Rhodopseudomonas palustris</GBSeq_organism>
 <GBSeq_organism>Thiomicrospira psychrophila</GBSeq_organism>
 <GBSeq_organism>Thiomonas intermedia K12</GBSeq_organism>
 <GBSeq_organism>Thiomicrospira crunogena</GBSeq_organism>
 <GBSeq_organism>Thiomicrospira thermophila</GBSeq_organism>
 <GBSeq_organism>Thioalkalimicrobium aerophilum AL3</GBSeq_organism>
 <GBSeq_organism>Lingulodinium polyedrum</GBSeq_organism>
 <GBSeq_organism>Thiomicrospira kuenenii DSM 12350</GBSeq_organism>
 <GBSeq_organism>Thiomicrospira pelophila</GBSeq_organism>
 <GBSeq_organism>Rhodobacter capsulatus</GBSeq_organism>
 <GBSeq_organism>Thiobacillus denitrificans</GBSeq_organism>
 <GBSeq_organism>Hydrogenovibrio marinus</GBSeq_organism>
