 <GBSeq_organism>Mycoplasma synoviae 53</GBSeq_organism>
 <GBSeq_organism>Spiroplasma citri</GBSeq_organism>
 <GBSeq_organism>Caldanaerobacter subterraneus subsp. tengcongensis MB4</GBSeq_organism>
 <GBSeq_organism>Listeria monocytogenes EGD-e</GBSeq_organism>
 <GBSeq_organism>Ureaplasma parvum serovar 3 str. ATCC 700970</GBSeq_organism>
 <GBSeq_organism>Candidatus Phytoplasma ulmi</GBSeq_organism>
 <GBSeq_organism>Mycoplasma mobile 163K</GBSeq_organism>
 <GBSeq_organism>Gliricidia little leaf phytoplasma</GBSeq_organism>
 <GBSeq_organism>Bacillus subtilis subsp. subtilis str. 168</GBSeq_organism>
 <GBSeq_organism>Blueberry stunt phytoplasma</GBSeq_organism>
 <GBSeq_organism>Jujube witches&apos;-broom phytoplasma</GBSeq_organism>
 <GBSeq_organism>Apricot aster yellows phytoplasma</GBSeq_organism>
 <GBSeq_organism>Acholeplasma laidlawii</GBSeq_organism>
 <GBSeq_organism>Mycoplasma penetrans HF-2</GBSeq_organism>
 <GBSeq_organism>Candidatus Phytoplasma spartii</GBSeq_organism>
 <GBSeq_organism>Catharanthus phyllody phytoplasma</GBSeq_organism>
 <GBSeq_organism>Faba bean phyllody phytoplasma</GBSeq_organism>
 <GBSeq_organism>Lethal yellowing phytoplasma</GBSeq_organism>
 <GBSeq_organism>Mycobacterium tuberculosis CDC1551</GBSeq_organism>
 <GBSeq_organism>Candidatus Phytoplasma trifolii</GBSeq_organism>
 <GBSeq_organism>Lime witches&apos;-broom phytoplasma</GBSeq_organism>
 <GBSeq_organism>Mycoplasma pulmonis UAB CTIP</GBSeq_organism>
 <GBSeq_organism>Bacillus cereus ATCC 14579</GBSeq_organism>
 <GBSeq_organism>Acholeplasma palmae J233</GBSeq_organism>
 <GBSeq_organism>Streptococcus pneumoniae TIGR4</GBSeq_organism>
 <GBSeq_organism>Mexican periwinkle virescence phytoplasma</GBSeq_organism>
 <GBSeq_organism>Pecan bunch phytoplasma</GBSeq_organism>
 <GBSeq_organism>Knautia arvensis phyllody phytoplasma</GBSeq_organism>
 <GBSeq_organism>Listeria innocua Clip11262</GBSeq_organism>
 <GBSeq_organism>Peach X-disease phytoplasma</GBSeq_organism>
 <GBSeq_organism>American potato purple top wilt phytoplasma</GBSeq_organism>
 <GBSeq_organism>Corynebacterium diphtheriae NCTC 13129</GBSeq_organism>
 <GBSeq_organism>Candidatus Phytoplasma mali</GBSeq_organism>
 <GBSeq_organism>Poinsettia branch-inducing phytoplasma</GBSeq_organism>
 <GBSeq_organism>Mycobacterium leprae TN</GBSeq_organism>
 <GBSeq_organism>Spirea stunt phytoplasma</GBSeq_organism>
 <GBSeq_organism>&apos;Picris echioides&apos; phyllody phytoplasma</GBSeq_organism>
 <GBSeq_organism>Alder yellows phytoplasma</GBSeq_organism>
 <GBSeq_organism>Streptococcus agalactiae 2603V/R</GBSeq_organism>
 <GBSeq_organism>Illinois elm yellows phytoplasma</GBSeq_organism>
 <GBSeq_organism>Candidatus Phytoplasma fraxini</GBSeq_organism>
 <GBSeq_organism>Hemp dogbane yellows phytoplasma</GBSeq_organism>
 <GBSeq_organism>Streptomyces avermitilis MA-4680 = NBRC 14893</GBSeq_organism>
 <GBSeq_organism>Italian alfalfa witches&apos;-broom phytoplasma</GBSeq_organism>
 <GBSeq_organism>Sesame phyllody phytoplasma</GBSeq_organism>
 <GBSeq_organism>Pigeon pea witches&apos;-broom phytoplasma</GBSeq_organism>
 <GBSeq_organism>Lactococcus lactis subsp. lactis Il1403</GBSeq_organism>
 <GBSeq_organism>Oceanobacillus iheyensis HTE831</GBSeq_organism>
 <GBSeq_organism>Crotalaria phyllody phytoplasma</GBSeq_organism>
 <GBSeq_organism>Candidatus Phytoplasma vitis</GBSeq_organism>
 <GBSeq_organism>Aster yellows phytoplasma</GBSeq_organism>
 <GBSeq_organism>Staphylococcus epidermidis ATCC 12228</GBSeq_organism>
 <GBSeq_organism>Mycoplasma genitalium G37</GBSeq_organism>
 <GBSeq_organism>Mycoplasma pneumoniae M129</GBSeq_organism>
 <GBSeq_organism>Rubus stunt phytoplasma</GBSeq_organism>
 <GBSeq_organism>Tomato stolbur phytoplasma</GBSeq_organism>
 <GBSeq_organism>Mycoplasma capricolum subsp. capricolum ATCC 27343</GBSeq_organism>
 <GBSeq_organism>&apos;Picris echioides&apos; phyllody phytoplasma</GBSeq_organism>
 <GBSeq_organism>Streptococcus pyogenes MGAS8232</GBSeq_organism>
 <GBSeq_organism>Mycoplasma hyopneumoniae 7448</GBSeq_organism>
 <GBSeq_organism>Mycoplasma mycoides subsp. mycoides SC str. PG1</GBSeq_organism>
 <GBSeq_organism>Goldenrod yellows phytoplasma</GBSeq_organism>
 <GBSeq_organism>Phytoplasma sp.</GBSeq_organism>
 <GBSeq_organism>Cotton phyllody phytoplasma</GBSeq_organism>
 <GBSeq_organism>Almond witches&apos;-broom phytoplasma</GBSeq_organism>
 <GBSeq_organism>Palm lethal yellowing phytoplasma</GBSeq_organism>
 <GBSeq_organism>Lactobacillus johnsonii NCC 533</GBSeq_organism>
 <GBSeq_organism>Cleome phyllody phytoplasma</GBSeq_organism>
 <GBSeq_organism>Vaccinium witches&apos;-broom phytoplasma</GBSeq_organism>
 <GBSeq_organism>Lactobacillus plantarum WCFS1</GBSeq_organism>
 <GBSeq_organism>Streptomyces coelicolor A3(2)</GBSeq_organism>
 <GBSeq_organism>Candidatus Phytoplasma australiense</GBSeq_organism>
 <GBSeq_organism>Candidatus Phytoplasma pyri</GBSeq_organism>
 <GBSeq_organism>Tomato big bud phytoplasma (Australia)</GBSeq_organism>
 <GBSeq_organism>Vinca virescence phytoplasma</GBSeq_organism>
 <GBSeq_organism>Mycobacterium bovis AF2122/97</GBSeq_organism>
 <GBSeq_organism>Mesoplasma florum L1</GBSeq_organism>
 <GBSeq_organism>Phytoplasma sp. STRAWB1</GBSeq_organism>
 <GBSeq_organism>Corynebacterium efficiens YS-314</GBSeq_organism>
 <GBSeq_organism>Candidatus Phytoplasma prunorum</GBSeq_organism>
 <GBSeq_organism>Bacillus anthracis str. Ames</GBSeq_organism>
