 <GBSeq_organism>Pseudonocardia chloroethenivorans</GBSeq_organism>
 <GBSeq_organism>Pseudonocardia dioxanivorans CB1190</GBSeq_organism>
 <GBSeq_organism>Pseudonocardia spinosispora</GBSeq_organism>
 <GBSeq_organism>Pseudonocardia alaniniphila</GBSeq_organism>
 <GBSeq_organism>Pseudonocardia zijingensis</GBSeq_organism>
 <GBSeq_organism>Pseudonocardia compacta</GBSeq_organism>
 <GBSeq_organism>Pseudonocardia nitrificans</GBSeq_organism>
 <GBSeq_organism>Pseudonocardia autotrophica</GBSeq_organism>
 <GBSeq_organism>Pseudonocardia halophobica</GBSeq_organism>
 <GBSeq_organism>Micrococcus lylae</GBSeq_organism>
 <GBSeq_organism>Vitis vinifera</GBSeq_organism>
 <GBSeq_organism>Pseudonocardia aurantiaca</GBSeq_organism>
 <GBSeq_organism>Pseudonocardia asaccharolytica</GBSeq_organism>
 <GBSeq_organism>Pseudonocardia petroleophila</GBSeq_organism>
 <GBSeq_organism>Pseudonocardia thermophila</GBSeq_organism>
 <GBSeq_organism>Pseudonocardia alni</GBSeq_organism>
 <GBSeq_organism>Pseudonocardia xinjiangensis</GBSeq_organism>
 <GBSeq_organism>Pseudonocardia sulfidoxydans</GBSeq_organism>
 <GBSeq_organism>Pseudonocardia yunnanensis</GBSeq_organism>
 <GBSeq_organism>Pseudonocardia saturnea</GBSeq_organism>
 <GBSeq_organism>Amycolatopsis azurea</GBSeq_organism>
