 <GBSeq_organism>Salinicola salarius</GBSeq_organism>
 <GBSeq_organism>Halomonas cupida</GBSeq_organism>
 <GBSeq_organism>Halomonas pantelleriensis</GBSeq_organism>
 <GBSeq_organism>Halomonas daqiaonensis</GBSeq_organism>
 <GBSeq_organism>Halomonas korlensis</GBSeq_organism>
 <GBSeq_organism>Halomonas sulfidaeris Esulfide1</GBSeq_organism>
 <GBSeq_organism>Halomonas daqiaonensis</GBSeq_organism>
 <GBSeq_organism>Chromohalobacter israelensis</GBSeq_organism>
 <GBSeq_organism>Salinicola halophilus</GBSeq_organism>
 <GBSeq_organism>Halomonas saccharevitans</GBSeq_organism>
 <GBSeq_organism>Halomonas campaniensis</GBSeq_organism>
 <GBSeq_organism>Halomonas lutea</GBSeq_organism>
 <GBSeq_organism>Halomonas gudaonensis</GBSeq_organism>
 <GBSeq_organism>Halomonas ventosae</GBSeq_organism>
 <GBSeq_organism>Halomonas muralis</GBSeq_organism>
 <GBSeq_organism>Chromohalobacter marismortui</GBSeq_organism>
 <GBSeq_organism>Halomonas nitrilicus</GBSeq_organism>
 <GBSeq_organism>Halomonas sediminis</GBSeq_organism>
 <GBSeq_organism>Halomonas shengliensis</GBSeq_organism>
 <GBSeq_organism>Halomonas fontilapidosi</GBSeq_organism>
 <GBSeq_organism>Halomonas mongoliensis</GBSeq_organism>
