 <GBSeq_organism>Bacillus methanolicus PB1</GBSeq_organism>
 <GBSeq_organism>Bacillus thermolactis</GBSeq_organism>
 <GBSeq_organism>Bacillus thermolactis</GBSeq_organism>
 <GBSeq_organism>Bacillus thermolactis</GBSeq_organism>
 <GBSeq_organism>Bacillus thermolactis</GBSeq_organism>
 <GBSeq_organism>Bacillus thermolactis</GBSeq_organism>
 <GBSeq_organism>Bacillus thermolactis</GBSeq_organism>
 <GBSeq_organism>Bacillus circulans</GBSeq_organism>
 <GBSeq_organism>Bacillus fortis</GBSeq_organism>
 <GBSeq_organism>Bacillus farraginis</GBSeq_organism>
 <GBSeq_organism>Bacillus thermoamylovorans</GBSeq_organism>
 <GBSeq_organism>Bacillus thermolactis</GBSeq_organism>
 <GBSeq_organism>Bacillus thermoamylovorans</GBSeq_organism>
 <GBSeq_organism>Bacillus thermoamylovorans</GBSeq_organism>
 <GBSeq_organism>Bacillus thermoamylovorans</GBSeq_organism>
 <GBSeq_organism>Bacillus thermolactis</GBSeq_organism>
 <GBSeq_organism>Bacillus thermolactis</GBSeq_organism>
 <GBSeq_organism>Bacillus thermolactis</GBSeq_organism>
 <GBSeq_organism>Bacillus badius</GBSeq_organism>
 <GBSeq_organism>Bacillus thermolactis</GBSeq_organism>
 <GBSeq_organism>Bacillus beijingensis</GBSeq_organism>
 <GBSeq_organism>Bacillus thermolactis</GBSeq_organism>
 <GBSeq_organism>Bacillus thermoamylovorans</GBSeq_organism>
 <GBSeq_organism>Bacillus ginsengi</GBSeq_organism>
 <GBSeq_organism>Bacillus ruris</GBSeq_organism>
 <GBSeq_organism>Brevibacillus brevis</GBSeq_organism>
 <GBSeq_organism>Bacillus infernus</GBSeq_organism>
 <GBSeq_organism>Bacillus thermolactis</GBSeq_organism>
 <GBSeq_organism>Bacillus thermolactis</GBSeq_organism>
 <GBSeq_organism>Bacillus circulans</GBSeq_organism>
 <GBSeq_organism>Bacillus thermolactis</GBSeq_organism>
 <GBSeq_organism>Bacillus thermolactis</GBSeq_organism>
 <GBSeq_organism>Bacillus galactosidilyticus</GBSeq_organism>
 <GBSeq_organism>Bacillus thermolactis</GBSeq_organism>
 <GBSeq_organism>Bacillus thermoamylovorans</GBSeq_organism>
 <GBSeq_organism>Bacillus fordii</GBSeq_organism>
 <GBSeq_organism>Bacillus thermolactis</GBSeq_organism>
