 <GBSeq_organism>Methylorhabdus multivorans</GBSeq_organism>
 <GBSeq_organism>Hyphomicrobium chloromethanicum</GBSeq_organism>
 <GBSeq_organism>Pedomicrobium americanum</GBSeq_organism>
 <GBSeq_organism>Hyphomicrobium denitrificans</GBSeq_organism>
 <GBSeq_organism>Devosia ginsengisoli</GBSeq_organism>
 <GBSeq_organism>Pedomicrobium manganicum</GBSeq_organism>
 <GBSeq_organism>Hyphomicrobium sulfonivorans</GBSeq_organism>
 <GBSeq_organism>Hyphomicrobium methylovorum</GBSeq_organism>
 <GBSeq_organism>Pedomicrobium australicum</GBSeq_organism>
 <GBSeq_organism>Rhodoplanes elegans</GBSeq_organism>
 <GBSeq_organism>Devosia soli</GBSeq_organism>
 <GBSeq_organism>Rhodomicrobium vannielii</GBSeq_organism>
 <GBSeq_organism>Hyphomicrobium hollandicum</GBSeq_organism>
 <GBSeq_organism>Escherichia coli str. K-12 substr. MG1655</GBSeq_organism>
 <GBSeq_organism>Devosia insulae DS-56</GBSeq_organism>
 <GBSeq_organism>Blastochloris viridis</GBSeq_organism>
 <GBSeq_organism>Pedomicrobium ferrugineum</GBSeq_organism>
 <GBSeq_organism>Hyphomicrobium facile subsp. facile</GBSeq_organism>
 <GBSeq_organism>Devosia riboflavina</GBSeq_organism>
 <GBSeq_organism>Devosia geojensis</GBSeq_organism>
 <GBSeq_organism>Hyphomicrobium zavarzinii</GBSeq_organism>
 <GBSeq_organism>Candidatus Devosia euplotis</GBSeq_organism>
 <GBSeq_organism>Devosia subaequoris</GBSeq_organism>
 <GBSeq_organism>Angulomicrobium tetraedrale</GBSeq_organism>
 <GBSeq_organism>Candidatus Devosia euplotis</GBSeq_organism>
 <GBSeq_organism>Rhodoplanes roseus</GBSeq_organism>
 <GBSeq_organism>Angulomicrobium amanitiforme</GBSeq_organism>
 <GBSeq_organism>Maritalea myrionectae</GBSeq_organism>
 <GBSeq_organism>Filomicrobium fusiforme</GBSeq_organism>
 <GBSeq_organism>Devosia neptuniae</GBSeq_organism>
 <GBSeq_organism>Hyphomicrobium aestuarii</GBSeq_organism>
 <GBSeq_organism>Candidatus Devosia euplotis</GBSeq_organism>
 <GBSeq_organism>Hyphomicrobium vulgare</GBSeq_organism>
 <GBSeq_organism>Devosia limi</GBSeq_organism>
