 <GBSeq_organism>Salinibacterium amurskyense</GBSeq_organism>
 <GBSeq_organism>Micrococcus luteus</GBSeq_organism>
 <GBSeq_organism>Intrasporangium oryzae NRRL B-24470</GBSeq_organism>
 <GBSeq_organism>Tetrasphaera japonica</GBSeq_organism>
 <GBSeq_organism>Subtercola boreus</GBSeq_organism>
 <GBSeq_organism>Salana multivorans</GBSeq_organism>
 <GBSeq_organism>Cellulosimicrobium cellulans</GBSeq_organism>
 <GBSeq_organism>Brachybacterium faecium DSM 4810</GBSeq_organism>
 <GBSeq_organism>Georgenia muralis</GBSeq_organism>
 <GBSeq_organism>Yonghaparkia alkaliphila</GBSeq_organism>
 <GBSeq_organism>Leifsonia aquatica</GBSeq_organism>
 <GBSeq_organism>Phycicola gilvus</GBSeq_organism>
 <GBSeq_organism>Citricoccus muralis</GBSeq_organism>
 <GBSeq_organism>Isoptericola variabilis</GBSeq_organism>
 <GBSeq_organism>Dermacoccus nishinomiyaensis</GBSeq_organism>
 <GBSeq_organism>Beutenbergia cavernae DSM 12333</GBSeq_organism>
 <GBSeq_organism>Agreia bicolorata</GBSeq_organism>
 <GBSeq_organism>Yaniella halotolerans</GBSeq_organism>
 <GBSeq_organism>Humibacter albus DSM 18994</GBSeq_organism>
 <GBSeq_organism>Oerskovia turbata NBRC 15015</GBSeq_organism>
 <GBSeq_organism>Xylanimonas cellulosilytica DSM 15894</GBSeq_organism>
 <GBSeq_organism>Brevibacterium linens</GBSeq_organism>
 <GBSeq_organism>Clavibacter michiganensis</GBSeq_organism>
 <GBSeq_organism>Cellulomonas flavigena DSM 20109</GBSeq_organism>
 <GBSeq_organism>Lapillicoccus jejuensis</GBSeq_organism>
 <GBSeq_organism>Cryobacterium psychrophilum</GBSeq_organism>
 <GBSeq_organism>Serinicoccus marinus</GBSeq_organism>
 <GBSeq_organism>Nesterenkonia halobia</GBSeq_organism>
 <GBSeq_organism>Curtobacterium citreum</GBSeq_organism>
 <GBSeq_organism>Devriesea agamarum</GBSeq_organism>
 <GBSeq_organism>Humibacillus xanthopallidus</GBSeq_organism>
 <GBSeq_organism>Demetria terragena</GBSeq_organism>
 <GBSeq_organism>Rhodoglobus vestalii</GBSeq_organism>
 <GBSeq_organism>Rothia dentocariosa ATCC 17931</GBSeq_organism>
 <GBSeq_organism>Microbacterium lacticum</GBSeq_organism>
 <GBSeq_organism>Kytococcus sedentarius</GBSeq_organism>
 <GBSeq_organism>Dermatophilus congolensis DSM 44180 = NBRC 105199</GBSeq_organism>
 <GBSeq_organism>Kocuria rosea</GBSeq_organism>
 <GBSeq_organism>Pseudoclavibacter helvolus</GBSeq_organism>
 <GBSeq_organism>Actinotalea fermentans ATCC 43279 = JCM 9966 = DSM 3133</GBSeq_organism>
 <GBSeq_organism>Marihabitans asiaticum</GBSeq_organism>
 <GBSeq_organism>Klugiella xanthotipulae</GBSeq_organism>
 <GBSeq_organism>Knoellia sinensis</GBSeq_organism>
 <GBSeq_organism>Janibacter limosus</GBSeq_organism>
 <GBSeq_organism>Frigoribacterium faeni</GBSeq_organism>
 <GBSeq_organism>Gulosibacter molinativorax</GBSeq_organism>
 <GBSeq_organism>Zhihengliuella halotolerans</GBSeq_organism>
 <GBSeq_organism>Kineosphaera limosa NBRC 100340</GBSeq_organism>
 <GBSeq_organism>Glaciibacter superstes</GBSeq_organism>
 <GBSeq_organism>Agromyces ramosus</GBSeq_organism>
 <GBSeq_organism>Agrococcus jenensis</GBSeq_organism>
 <GBSeq_organism>Bacillus subtilis</GBSeq_organism>
