 <GBSeq_organism>Virgibacillus proomii</GBSeq_organism>
 <GBSeq_organism>Halobacillus litoralis</GBSeq_organism>
 <GBSeq_organism>Pontibacillus chungwhensis</GBSeq_organism>
 <GBSeq_organism>Exiguobacterium undae</GBSeq_organism>
 <GBSeq_organism>Virgibacillus dokdonensis</GBSeq_organism>
 <GBSeq_organism>Planococcus maritimus</GBSeq_organism>
 <GBSeq_organism>Salinibacillus aidingensis</GBSeq_organism>
 <GBSeq_organism>Planococcus rifietoensis</GBSeq_organism>
 <GBSeq_organism>Anoxybacillus flavithermus subsp. flavithermus</GBSeq_organism>
 <GBSeq_organism>Geobacillus caldoxylosilyticus</GBSeq_organism>
 <GBSeq_organism>Ornithinibacillus californiensis</GBSeq_organism>
 <GBSeq_organism>Virgibacillus marismortui</GBSeq_organism>
 <GBSeq_organism>Gracilibacillus boraciitolerans</GBSeq_organism>
 <GBSeq_organism>Gracilibacillus halotolerans</GBSeq_organism>
 <GBSeq_organism>Virgibacillus pantothenticus</GBSeq_organism>
 <GBSeq_organism>Pontibacillus halophilus</GBSeq_organism>
 <GBSeq_organism>Saccharococcus thermophilus</GBSeq_organism>
 <GBSeq_organism>Pontibacillus marinus</GBSeq_organism>
 <GBSeq_organism>Pontibacillus litoralis JSM 072002</GBSeq_organism>
 <GBSeq_organism>Anoxybacillus ayderensis</GBSeq_organism>
