 <GBSeq_organism>bacterium Ellin5259</GBSeq_organism>
 <GBSeq_organism>bacterium Ellin5201</GBSeq_organism>
 <GBSeq_organism>uncultured Actinomycetales bacterium</GBSeq_organism>
 <GBSeq_organism>Rubrobacter radiotolerans DSM 5868</GBSeq_organism>
 <GBSeq_organism>bacterium Ellin301</GBSeq_organism>
 <GBSeq_organism>uncultured bacterium</GBSeq_organism>
 <GBSeq_organism>bacterium Ellin325</GBSeq_organism>
 <GBSeq_organism>Thermoleophilum album</GBSeq_organism>
 <GBSeq_organism>bacterium Ellin5082</GBSeq_organism>
 <GBSeq_organism>bacterium Ellin5294</GBSeq_organism>
 <GBSeq_organism>bacterium Ellin5025</GBSeq_organism>
 <GBSeq_organism>Solirubrobacter pauli</GBSeq_organism>
 <GBSeq_organism>bacterium Ellin5249</GBSeq_organism>
 <GBSeq_organism>Patulibacter minatonensis DSM 18081</GBSeq_organism>
 <GBSeq_organism>bacterium Ellin6048</GBSeq_organism>
 <GBSeq_organism>uncultured Actinomycetales bacterium</GBSeq_organism>
 <GBSeq_organism>bacterium Ellin5272</GBSeq_organism>
 <GBSeq_organism>uncultured Actinomycetales bacterium</GBSeq_organism>
 <GBSeq_organism>Bacillus subtilis</GBSeq_organism>
 <GBSeq_organism>uncultured thermal soil bacterium</GBSeq_organism>
 <GBSeq_organism>Conexibacter woesei DSM 14684</GBSeq_organism>
