 <GBSeq_organism>Tenacibaculum maritimum</GBSeq_organism>
 <GBSeq_organism>Polaribacter franzmannii ATCC 700399</GBSeq_organism>
 <GBSeq_organism>Tenacibaculum sp. MGP-74/AN6</GBSeq_organism>
 <GBSeq_organism>Tenacibaculum lutimaris</GBSeq_organism>
 <GBSeq_organism>Polaribacter glomeratus</GBSeq_organism>
 <GBSeq_organism>Tenacibaculum mesophilum</GBSeq_organism>
 <GBSeq_organism>Tenacibaculum maritimum</GBSeq_organism>
 <GBSeq_organism>Tenacibaculum mesophilum</GBSeq_organism>
 <GBSeq_organism>Tenacibaculum sp. SW258</GBSeq_organism>
 <GBSeq_organism>Tenacibaculum maritimum</GBSeq_organism>
 <GBSeq_organism>Tenacibaculum ovolyticum</GBSeq_organism>
 <GBSeq_organism>Tenacibaculum lutimaris</GBSeq_organism>
 <GBSeq_organism>Tenacibaculum sp. WEXT4</GBSeq_organism>
 <GBSeq_organism>Tenacibaculum litoreum</GBSeq_organism>
 <GBSeq_organism>Polaribacter filamentus</GBSeq_organism>
 <GBSeq_organism>Tenacibaculum skagerrakense</GBSeq_organism>
 <GBSeq_organism>Tenacibaculum litopenaei</GBSeq_organism>
 <GBSeq_organism>Tenacibaculum aestuarii</GBSeq_organism>
 <GBSeq_organism>Tenacibaculum lutimaris</GBSeq_organism>
 <GBSeq_organism>Tenacibaculum lutimaris</GBSeq_organism>
 <GBSeq_organism>Tenacibaculum adriaticum</GBSeq_organism>
 <GBSeq_organism>Tenacibaculum sp. MGP-10</GBSeq_organism>
 <GBSeq_organism>Tenacibaculum sp. HJ103</GBSeq_organism>
 <GBSeq_organism>Tenacibaculum sp. SW274</GBSeq_organism>
 <GBSeq_organism>Tenacibaculum maritimum</GBSeq_organism>
