 <GBSeq_organism>Tsukamurella paurometabola DSM 20162</GBSeq_organism>
 <GBSeq_organism>Mycobacterium simiae</GBSeq_organism>
 <GBSeq_organism>Rhodococcus rhodnii</GBSeq_organism>
 <GBSeq_organism>Mycobacterium fortuitum subsp. fortuitum DSM 46621</GBSeq_organism>
 <GBSeq_organism>Corynebacterium flavescens</GBSeq_organism>
 <GBSeq_organism>Rhodococcus hoagii</GBSeq_organism>
 <GBSeq_organism>Williamsia muralis</GBSeq_organism>
 <GBSeq_organism>Rhodococcus coprophilus</GBSeq_organism>
 <GBSeq_organism>Gordonia sputi</GBSeq_organism>
 <GBSeq_organism>Rhodococcus marinonascens</GBSeq_organism>
 <GBSeq_organism>Segniliparus rugosus</GBSeq_organism>
 <GBSeq_organism>Gordonia terrae</GBSeq_organism>
 <GBSeq_organism>Rhodococcus erythropolis</GBSeq_organism>
 <GBSeq_organism>Rhodococcus rhodochrous</GBSeq_organism>
 <GBSeq_organism>Dietzia maris</GBSeq_organism>
 <GBSeq_organism>Segniliparus rotundus DSM 44985</GBSeq_organism>
 <GBSeq_organism>Corynebacterium kutscheri</GBSeq_organism>
 <GBSeq_organism>Nocardia brasiliensis NBRC 14402</GBSeq_organism>
 <GBSeq_organism>Rhodococcus globerulus</GBSeq_organism>
 <GBSeq_organism>Mycobacterium tuberculosis H37Rv</GBSeq_organism>
 <GBSeq_organism>Skermania piniformis</GBSeq_organism>
 <GBSeq_organism>Segniliparus rotundus</GBSeq_organism>
 <GBSeq_organism>Rhodococcus opacus</GBSeq_organism>
 <GBSeq_organism>Gordonia amarae</GBSeq_organism>
 <GBSeq_organism>Segniliparus rugosus</GBSeq_organism>
 <GBSeq_organism>Gordonia hydrophobica</GBSeq_organism>
 <GBSeq_organism>Rhodococcus fascians</GBSeq_organism>
 <GBSeq_organism>Rhodococcus zopfii</GBSeq_organism>
 <GBSeq_organism>Nocardia transvalensis</GBSeq_organism>
 <GBSeq_organism>Nocardia seriolae</GBSeq_organism>
