 <GBSeq_organism>Bradyrhizobium sp. SEMIA 6374</GBSeq_organism>
 <GBSeq_organism>Panicum virgatum</GBSeq_organism>
 <GBSeq_organism>Bradyrhizobium sp. SEMIA 6164</GBSeq_organism>
 <GBSeq_organism>Bradyrhizobium sp. SEMIA 6440</GBSeq_organism>
 <GBSeq_organism>Bradyrhizobium sp. SEMIA 6152</GBSeq_organism>
 <GBSeq_organism>Bradyrhizobium elkanii</GBSeq_organism>
 <GBSeq_organism>Bradyrhizobium sp. USDA 3505</GBSeq_organism>
 <GBSeq_organism>Bradyrhizobium sp. SEMIA 6146</GBSeq_organism>
 <GBSeq_organism>Panicum virgatum</GBSeq_organism>
 <GBSeq_organism>Bradyrhizobium sp. SEMIA 6163</GBSeq_organism>
 <GBSeq_organism>Bradyrhizobium yuanmingense</GBSeq_organism>
 <GBSeq_organism>Bradyrhizobium sp. SEMIA 695</GBSeq_organism>
 <GBSeq_organism>Bradyrhizobium elkanii</GBSeq_organism>
 <GBSeq_organism>Bradyrhizobium elkanii</GBSeq_organism>
 <GBSeq_organism>Rhizobium leguminosarum bv. viciae 3841</GBSeq_organism>
 <GBSeq_organism>Bradyrhizobium liaoningense</GBSeq_organism>
 <GBSeq_organism>Bradyrhizobium sp. USDA 3475</GBSeq_organism>
 <GBSeq_organism>Bradyrhizobium sp. CH2355</GBSeq_organism>
 <GBSeq_organism>Bradyrhizobium japonicum</GBSeq_organism>
 <GBSeq_organism>Bradyrhizobium sp. CH2509</GBSeq_organism>
 <GBSeq_organism>Bradyrhizobium sp. ICED</GBSeq_organism>
 <GBSeq_organism>Bradyrhizobium sp. SEMIA 6160</GBSeq_organism>
 <GBSeq_organism>Bradyrhizobium sp. SEMIA 6077</GBSeq_organism>
 <GBSeq_organism>Bradyrhizobium sp. SEMIA 6093</GBSeq_organism>
 <GBSeq_organism>Bradyrhizobium sp. SEMIA 6028</GBSeq_organism>
 <GBSeq_organism>Bradyrhizobium sp. CH2443</GBSeq_organism>
