 <GBSeq_organism>Desulfotomaculum thermoacetoxidans</GBSeq_organism>
 <GBSeq_organism>Desulfotomaculum carboxydivorans CO-1-SRB</GBSeq_organism>
 <GBSeq_organism>Desulfotomaculum sapomandens</GBSeq_organism>
 <GBSeq_organism>Thermodesulfovibrio hydrogeniphilus</GBSeq_organism>
 <GBSeq_organism>Desulfotomaculum halophilum</GBSeq_organism>
 <GBSeq_organism>Desulfotomaculum geothermicum</GBSeq_organism>
 <GBSeq_organism>Desulfotomaculum aeronauticum</GBSeq_organism>
 <GBSeq_organism>Desulfotomaculum hydrothermale Lam5 = DSM 18033</GBSeq_organism>
 <GBSeq_organism>Thermodesulfovibrio islandicus</GBSeq_organism>
 <GBSeq_organism>Desulfotomaculum kuznetsovii DSM 6115</GBSeq_organism>
 <GBSeq_organism>Desulfotomaculum thermosubterraneum</GBSeq_organism>
 <GBSeq_organism>Desulfotomaculum nigrificans DSM 574</GBSeq_organism>
 <GBSeq_organism>Desulfotomaculum acetoxidans DSM 771</GBSeq_organism>
 <GBSeq_organism>Desulfotomaculum ruminis DSM 2154</GBSeq_organism>
 <GBSeq_organism>Thermodesulfovibrio yellowstonii</GBSeq_organism>
 <GBSeq_organism>Desulfotomaculum thermocisternum</GBSeq_organism>
 <GBSeq_organism>Desulfotomaculum alkaliphilum</GBSeq_organism>
 <GBSeq_organism>Desulfotomaculum sp. Hbr7</GBSeq_organism>
 <GBSeq_organism>Desulfotomaculum putei</GBSeq_organism>
 <GBSeq_organism>Desulfotomaculum arcticum</GBSeq_organism>
 <GBSeq_organism>Desulfotomaculum solfataricum</GBSeq_organism>
 <GBSeq_organism>Desulfotomaculum thermobenzoicum subsp. thermosyntrophicum</GBSeq_organism>
 <GBSeq_organism>Desulfotomaculum thermobenzoicum</GBSeq_organism>
 <GBSeq_organism>Desulfotomaculum australicum</GBSeq_organism>
 <GBSeq_organism>Desulfotomaculum thermosapovorans</GBSeq_organism>
