 <GBSeq_organism>Bacillus simplex</GBSeq_organism>
 <GBSeq_organism>Bacillus muralis</GBSeq_organism>
 <GBSeq_organism>Bacillus simplex</GBSeq_organism>
 <GBSeq_organism>Bacillus simplex</GBSeq_organism>
 <GBSeq_organism>Bacillus simplex</GBSeq_organism>
 <GBSeq_organism>Lysinibacillus macroides</GBSeq_organism>
 <GBSeq_organism>Lysinibacillus macroides</GBSeq_organism>
 <GBSeq_organism>Bacillus sp. HJ16</GBSeq_organism>
 <GBSeq_organism>Lysinibacillus macroides</GBSeq_organism>
 <GBSeq_organism>Bacillus simplex</GBSeq_organism>
 <GBSeq_organism>Lysinibacillus fusiformis</GBSeq_organism>
 <GBSeq_organism>Bacillus sp. HJ8</GBSeq_organism>
 <GBSeq_organism>Bacillus simplex</GBSeq_organism>
 <GBSeq_organism>Bacillus simplex</GBSeq_organism>
 <GBSeq_organism>Bacillus simplex</GBSeq_organism>
 <GBSeq_organism>Lysinibacillus sphaericus</GBSeq_organism>
 <GBSeq_organism>glacial ice bacterium SB150-2A2</GBSeq_organism>
 <GBSeq_organism>Bacillus simplex</GBSeq_organism>
 <GBSeq_organism>uncultured soil bacterium</GBSeq_organism>
 <GBSeq_organism>Lysinibacillus macroides</GBSeq_organism>
