 <GBSeq_organism>Ideonella dechloratans</GBSeq_organism>
 <GBSeq_organism>Rhodoferax fermentans</GBSeq_organism>
 <GBSeq_organism>Azohydromonas lata</GBSeq_organism>
 <GBSeq_organism>Acidovorax citrulli</GBSeq_organism>
 <GBSeq_organism>Burkholderia andropogonis</GBSeq_organism>
 <GBSeq_organism>Rhodoferax antarcticus ANT.BR</GBSeq_organism>
 <GBSeq_organism>Xylophilus ampelinus</GBSeq_organism>
 <GBSeq_organism>Geothrix fermentans</GBSeq_organism>
 <GBSeq_organism>Brachymonas denitrificans</GBSeq_organism>
 <GBSeq_organism>Thermotoga maritima</GBSeq_organism>
 <GBSeq_organism>Geovibrio ferrireducens</GBSeq_organism>
 <GBSeq_organism>Telluria mixta DSM 4832</GBSeq_organism>
 <GBSeq_organism>Rhodocyclus tenuis DSM 109</GBSeq_organism>
 <GBSeq_organism>Geobacter metallireducens</GBSeq_organism>
 <GBSeq_organism>Rhodoferax ferrireducens T118</GBSeq_organism>
 <GBSeq_organism>Rubrivivax gelatinosus</GBSeq_organism>
 <GBSeq_organism>Deferribacter thermophilus</GBSeq_organism>
 <GBSeq_organism>Rhodocyclus purpureus</GBSeq_organism>
 <GBSeq_organism>Pantoea agglomerans</GBSeq_organism>
 <GBSeq_organism>Hylemonella gracilis ATCC 19624</GBSeq_organism>
