 <GBSeq_organism>Escherichia coli DSM 30083 = JCM 1649 = ATCC 11775</GBSeq_organism>
 <GBSeq_organism>Geobacillus kaustophilus</GBSeq_organism>
 <GBSeq_organism>Paenibacillus durus</GBSeq_organism>
 <GBSeq_organism>Paenibacillus curdlanolyticus YK9</GBSeq_organism>
 <GBSeq_organism>Sporosarcina globispora</GBSeq_organism>
 <GBSeq_organism>Paenibacillus polymyxa</GBSeq_organism>
 <GBSeq_organism>Virgibacillus pantothenticus</GBSeq_organism>
 <GBSeq_organism>Paenibacillus chinjuensis</GBSeq_organism>
 <GBSeq_organism>Paenibacillus macerans</GBSeq_organism>
 <GBSeq_organism>Paenibacillus stellifer</GBSeq_organism>
 <GBSeq_organism>Paenibacillus durus</GBSeq_organism>
 <GBSeq_organism>Paenibacillus larvae</GBSeq_organism>
 <GBSeq_organism>Brevibacillus brevis</GBSeq_organism>
 <GBSeq_organism>Bacillus alcalophilus ATCC 27647</GBSeq_organism>
 <GBSeq_organism>Paenibacillus ginsengarvi</GBSeq_organism>
 <GBSeq_organism>Thermobacillus composti KWC4</GBSeq_organism>
 <GBSeq_organism>Paenibacillus ehimensis</GBSeq_organism>
 <GBSeq_organism>Geobacillus thermoglucosidasius</GBSeq_organism>
 <GBSeq_organism>Cohnella thermotolerans</GBSeq_organism>
 <GBSeq_organism>Paenibacillus daejeonensis</GBSeq_organism>
 <GBSeq_organism>Bacillus circulans</GBSeq_organism>
 <GBSeq_organism>Mus musculus</GBSeq_organism>
 <GBSeq_organism>Paenibacillus nematophilus</GBSeq_organism>
 <GBSeq_organism>Thermobacillus xylanilyticus</GBSeq_organism>
