 <GBSeq_organism>Sanguibacter suarezii</GBSeq_organism>
 <GBSeq_organism>Ornithinicoccus hortensis</GBSeq_organism>
 <GBSeq_organism>Janibacter terrae</GBSeq_organism>
 <GBSeq_organism>Dermacoccus nishinomiyaensis</GBSeq_organism>
 <GBSeq_organism>Beutenbergia cavernae DSM 12333</GBSeq_organism>
 <GBSeq_organism>Renibacterium salmoninarum</GBSeq_organism>
 <GBSeq_organism>Dermabacter hominis</GBSeq_organism>
 <GBSeq_organism>Vigna unguiculata</GBSeq_organism>
 <GBSeq_organism>Cellulomonas flavigena DSM 20109</GBSeq_organism>
 <GBSeq_organism>Intrasporangium calvum DSM 43043</GBSeq_organism>
 <GBSeq_organism>Nesterenkonia halobia</GBSeq_organism>
 <GBSeq_organism>Demetria terragena</GBSeq_organism>
 <GBSeq_organism>Rothia dentocariosa ATCC 17931</GBSeq_organism>
 <GBSeq_organism>Kytococcus sedentarius</GBSeq_organism>
 <GBSeq_organism>Arsenicicoccus bolidensis</GBSeq_organism>
 <GBSeq_organism>Terrabacter tumescens</GBSeq_organism>
 <GBSeq_organism>Cellulosimicrobium cellulans LMG 16121</GBSeq_organism>
 <GBSeq_organism>Janibacter limosus</GBSeq_organism>
 <GBSeq_organism>Dermatophilus congolensis</GBSeq_organism>
 <GBSeq_organism>Rarobacter faecitabidus</GBSeq_organism>
 <GBSeq_organism>Arthrobacter globiformis</GBSeq_organism>
 <GBSeq_organism>Terracoccus luteus</GBSeq_organism>
