 <GBSeq_organism>Streptomyces flavovariabilis</GBSeq_organism>
 <GBSeq_organism>Streptomyces bikiniensis</GBSeq_organism>
 <GBSeq_organism>Streptomyces coacervatus</GBSeq_organism>
 <GBSeq_organism>Streptomyces spororaveus</GBSeq_organism>
 <GBSeq_organism>Streptomyces lincolnensis</GBSeq_organism>
 <GBSeq_organism>Streptomyces enissocaesilis</GBSeq_organism>
 <GBSeq_organism>Streptomyces pseudovenezuelae</GBSeq_organism>
 <GBSeq_organism>Streptomyces tanashiensis</GBSeq_organism>
 <GBSeq_organism>Streptomyces rameus</GBSeq_organism>
 <GBSeq_organism>Streptomyces bluensis</GBSeq_organism>
 <GBSeq_organism>Streptomyces mauvecolor</GBSeq_organism>
 <GBSeq_organism>Streptomyces ipomoeae</GBSeq_organism>
 <GBSeq_organism>Streptomyces neyagawaensis</GBSeq_organism>
 <GBSeq_organism>Streptomyces globosus</GBSeq_organism>
 <GBSeq_organism>Streptomyces mediolani</GBSeq_organism>
 <GBSeq_organism>Streptomyces bungoensis</GBSeq_organism>
 <GBSeq_organism>Streptomyces nojiriensis</GBSeq_organism>
 <GBSeq_organism>Streptomyces cinnabarinus</GBSeq_organism>
 <GBSeq_organism>Streptomyces glomeratus</GBSeq_organism>
 <GBSeq_organism>Streptomyces thermodiastaticus</GBSeq_organism>
 <GBSeq_organism>Streptomyces pulveraceus</GBSeq_organism>
 <GBSeq_organism>Streptomyces graminofaciens</GBSeq_organism>
 <GBSeq_organism>Streptomyces inusitatus</GBSeq_organism>
 <GBSeq_organism>Streptomyces curacoi</GBSeq_organism>
 <GBSeq_organism>Streptomyces griseochromogenes</GBSeq_organism>
 <GBSeq_organism>Streptomyces subrutilus</GBSeq_organism>
 <GBSeq_organism>Streptomyces atroolivaceus</GBSeq_organism>
 <GBSeq_organism>Streptomyces venezuelae</GBSeq_organism>
 <GBSeq_organism>Streptomyces murinus</GBSeq_organism>
 <GBSeq_organism>Streptomyces galbus</GBSeq_organism>
 <GBSeq_organism>Streptomyces tauricus</GBSeq_organism>
 <GBSeq_organism>Streptomyces longwoodensis</GBSeq_organism>
 <GBSeq_organism>Streptomyces griseus</GBSeq_organism>
 <GBSeq_organism>Streptomyces costaricanus</GBSeq_organism>
 <GBSeq_organism>Streptomyces griseofuscus</GBSeq_organism>
 <GBSeq_organism>Streptomyces olivoreticuli subsp. olivoreticuli</GBSeq_organism>
 <GBSeq_organism>Streptomyces virginiae</GBSeq_organism>
 <GBSeq_organism>Streptomyces scabiei</GBSeq_organism>
 <GBSeq_organism>Streptomyces ciscaucasicus</GBSeq_organism>
 <GBSeq_organism>Streptomyces longisporus</GBSeq_organism>
 <GBSeq_organism>Streptomyces laurentii</GBSeq_organism>
 <GBSeq_organism>Streptomyces griseoruber</GBSeq_organism>
 <GBSeq_organism>Streptomyces chartreusis</GBSeq_organism>
 <GBSeq_organism>Streptomyces tricolor</GBSeq_organism>
 <GBSeq_organism>Streptomyces olivoverticillatus</GBSeq_organism>
 <GBSeq_organism>Streptomyces torulosus</GBSeq_organism>
 <GBSeq_organism>Streptomyces gobitricini</GBSeq_organism>
 <GBSeq_organism>Streptomyces argenteolus</GBSeq_organism>
 <GBSeq_organism>Streptomyces echinatus</GBSeq_organism>
 <GBSeq_organism>Streptomyces thermoviolaceus</GBSeq_organism>
 <GBSeq_organism>Streptomyces bottropensis ATCC 25435</GBSeq_organism>
 <GBSeq_organism>Streptomyces resistomycificus</GBSeq_organism>
 <GBSeq_organism>Streptomyces aurantiacus</GBSeq_organism>
 <GBSeq_organism>Streptomyces viridobrunneus</GBSeq_organism>
 <GBSeq_organism>Streptomyces griseorubiginosus</GBSeq_organism>
 <GBSeq_organism>Streptomyces antibioticus JCM 4620</GBSeq_organism>
 <GBSeq_organism>Streptomyces lanatus</GBSeq_organism>
 <GBSeq_organism>Streptomyces lavendofoliae</GBSeq_organism>
 <GBSeq_organism>Streptomyces thermocarboxydovorans</GBSeq_organism>
 <GBSeq_organism>Streptomyces lateritius</GBSeq_organism>
 <GBSeq_organism>Streptomyces mirabilis</GBSeq_organism>
 <GBSeq_organism>Streptomyces mutomycini</GBSeq_organism>
 <GBSeq_organism>Streptomyces olivochromogenes</GBSeq_organism>
