 <GBSeq_organism>Nocardia transvalensis</GBSeq_organism>
 <GBSeq_organism>Turicella otitidis</GBSeq_organism>
 <GBSeq_organism>Nocardia mexicana</GBSeq_organism>
 <GBSeq_organism>Corynebacterium freneyi</GBSeq_organism>
 <GBSeq_organism>Gordonia bronchialis DSM 43247</GBSeq_organism>
 <GBSeq_organism>Smaragdicoccus niigatensis</GBSeq_organism>
 <GBSeq_organism>Mycobacterium mageritense</GBSeq_organism>
 <GBSeq_organism>Williamsia maris</GBSeq_organism>
 <GBSeq_organism>Corynebacterium amycolatum</GBSeq_organism>
 <GBSeq_organism>Williamsia muralis</GBSeq_organism>
 <GBSeq_organism>Hoyosella altamirensis</GBSeq_organism>
 <GBSeq_organism>Dietzia cinnamea</GBSeq_organism>
 <GBSeq_organism>Dietzia maris</GBSeq_organism>
 <GBSeq_organism>Corynebacterium mycetoides</GBSeq_organism>
 <GBSeq_organism>Rhodococcus globerulus</GBSeq_organism>
 <GBSeq_organism>Gordonia soli</GBSeq_organism>
 <GBSeq_organism>Rhodococcus kroppenstedtii</GBSeq_organism>
 <GBSeq_organism>Mycobacterium elephantis</GBSeq_organism>
 <GBSeq_organism>Mycobacterium xenopi</GBSeq_organism>
 <GBSeq_organism>Mycobacterium hassiacum</GBSeq_organism>
 <GBSeq_organism>Gordonia hydrophobica</GBSeq_organism>
 <GBSeq_organism>Mycobacterium barrassiae</GBSeq_organism>
 <GBSeq_organism>Mycobacterium fallax</GBSeq_organism>
 <GBSeq_organism>Rhodococcus erythropolis</GBSeq_organism>
 <GBSeq_organism>Rhodococcus fascians</GBSeq_organism>
 <GBSeq_organism>Mycobacterium wolinskyi</GBSeq_organism>
 <GBSeq_organism>Corynebacterium kroppenstedtii DSM 44385</GBSeq_organism>
