 <GBSeq_organism>Streptosporangium roseum DSM 43021</GBSeq_organism>
 <GBSeq_organism>Kribbella flavida</GBSeq_organism>
 <GBSeq_organism>Kribbella sancticallisti</GBSeq_organism>
 <GBSeq_organism>Kribbella antibiotica</GBSeq_organism>
 <GBSeq_organism>Friedmanniella lacustris</GBSeq_organism>
 <GBSeq_organism>Kribbella catacumbae</GBSeq_organism>
 <GBSeq_organism>Kribbella catacumbae</GBSeq_organism>
 <GBSeq_organism>Nocardioides luteus</GBSeq_organism>
 <GBSeq_organism>Kribbella sancticallisti</GBSeq_organism>
 <GBSeq_organism>Kribbella sandramycini</GBSeq_organism>
 <GBSeq_organism>Kribbella alba</GBSeq_organism>
 <GBSeq_organism>Kribbella catacumbae</GBSeq_organism>
 <GBSeq_organism>Aeromicrobium fastidiosum</GBSeq_organism>
 <GBSeq_organism>Nocardioides albus</GBSeq_organism>
 <GBSeq_organism>Kribbella koreensis</GBSeq_organism>
 <GBSeq_organism>Kribbella sancticallisti</GBSeq_organism>
 <GBSeq_organism>Kribbella lupini</GBSeq_organism>
 <GBSeq_organism>Marmoricola aequoreus</GBSeq_organism>
 <GBSeq_organism>Kribbella aluminosa</GBSeq_organism>
 <GBSeq_organism>Friedmanniella capsulata</GBSeq_organism>
 <GBSeq_organism>Kribbella swartbergensis</GBSeq_organism>
 <GBSeq_organism>Friedmanniella spumicola</GBSeq_organism>
 <GBSeq_organism>Kribbella karoonensis</GBSeq_organism>
 <GBSeq_organism>Kribbella catacumbae</GBSeq_organism>
 <GBSeq_organism>Marmoricola aurantiacus</GBSeq_organism>
 <GBSeq_organism>Kribbella hippodromi</GBSeq_organism>
 <GBSeq_organism>Aeromicrobium erythreum</GBSeq_organism>
 <GBSeq_organism>Nocardioides plantarum</GBSeq_organism>
 <GBSeq_organism>Kribbella yunnanensis</GBSeq_organism>
 <GBSeq_organism>Kribbella solani</GBSeq_organism>
 <GBSeq_organism>Kribbella catacumbae</GBSeq_organism>
 <GBSeq_organism>Nocardioides jensenii</GBSeq_organism>
 <GBSeq_organism>Kribbella catacumbae</GBSeq_organism>
 <GBSeq_organism>Kribbella jejuensis</GBSeq_organism>
