 <GBSeq_organism>Xanthomonas axonopodis</GBSeq_organism>
 <GBSeq_organism>Xylella fastidiosa</GBSeq_organism>
 <GBSeq_organism>Pseudoxanthomonas mexicana</GBSeq_organism>
 <GBSeq_organism>Gallus varius</GBSeq_organism>
 <GBSeq_organism>Ignatzschineria larvae DSM 13226</GBSeq_organism>
 <GBSeq_organism>Stenotrophomonas acidaminiphila</GBSeq_organism>
 <GBSeq_organism>Luteimonas mephitis</GBSeq_organism>
 <GBSeq_organism>Stenotrophomonas rhizophila</GBSeq_organism>
 <GBSeq_organism>Xanthomonas campestris</GBSeq_organism>
 <GBSeq_organism>Xanthomonas fragariae</GBSeq_organism>
 <GBSeq_organism>Stenotrophomonas pavanii</GBSeq_organism>
 <GBSeq_organism>Thermomonas hydrothermalis</GBSeq_organism>
 <GBSeq_organism>Stenotrophomonas humi</GBSeq_organism>
 <GBSeq_organism>Xanthomonas populi</GBSeq_organism>
 <GBSeq_organism>Xanthomonas melonis</GBSeq_organism>
 <GBSeq_organism>Rhodanobacter lindaniclasticus</GBSeq_organism>
 <GBSeq_organism>Xanthomonas oryzae</GBSeq_organism>
 <GBSeq_organism>Stenotrophomonas maltophilia</GBSeq_organism>
 <GBSeq_organism>Alcaligenes faecalis</GBSeq_organism>
 <GBSeq_organism>Stenotrophomonas terrae</GBSeq_organism>
 <GBSeq_organism>Xanthomonas sacchari</GBSeq_organism>
 <GBSeq_organism>[Pseudomonas] boreopolis</GBSeq_organism>
 <GBSeq_organism>[Pseudomonas] pictorum</GBSeq_organism>
 <GBSeq_organism>Cardiobacterium valvarum</GBSeq_organism>
 <GBSeq_organism>Pseudomonas hibiscicola</GBSeq_organism>
 <GBSeq_organism>Xanthomonas albilineans</GBSeq_organism>
 <GBSeq_organism>Stenotrophomonas maltophilia</GBSeq_organism>
