 <GBSeq_organism>Halomonas meridiana</GBSeq_organism>
 <GBSeq_organism>Halomonas magadiensis</GBSeq_organism>
 <GBSeq_organism>Salinicola salarius</GBSeq_organism>
 <GBSeq_organism>Halomonas halophila</GBSeq_organism>
 <GBSeq_organism>Halomonas boliviensis LC1</GBSeq_organism>
 <GBSeq_organism>Halomonas halodenitrificans</GBSeq_organism>
 <GBSeq_organism>Chromohalobacter sarecensis</GBSeq_organism>
 <GBSeq_organism>Halomonas pantelleriensis</GBSeq_organism>
 <GBSeq_organism>Halomonas elongata DSM 2581</GBSeq_organism>
 <GBSeq_organism>Halomonas elongata</GBSeq_organism>
 <GBSeq_organism>Antirrhinum majus</GBSeq_organism>
 <GBSeq_organism>Salinicola halophilus</GBSeq_organism>
 <GBSeq_organism>Halomonas axialensis</GBSeq_organism>
 <GBSeq_organism>Halomonas ventosae</GBSeq_organism>
 <GBSeq_organism>Chromohalobacter marismortui</GBSeq_organism>
 <GBSeq_organism>Halomonas neptunia</GBSeq_organism>
 <GBSeq_organism>Halomonas eurihalina</GBSeq_organism>
 <GBSeq_organism>Halomonas desiderata</GBSeq_organism>
 <GBSeq_organism>Halomonas halocynthiae</GBSeq_organism>
 <GBSeq_organism>Halomonas almeriensis</GBSeq_organism>
 <GBSeq_organism>Pseudomonas aeruginosa</GBSeq_organism>
 <GBSeq_organism>Chromohalobacter nigrandesensis</GBSeq_organism>
 <GBSeq_organism>Halomonas pacifica</GBSeq_organism>
 <GBSeq_organism>Halotalea alkalilenta</GBSeq_organism>
 <GBSeq_organism>Halomonas aquamarina</GBSeq_organism>
 <GBSeq_organism>Halomonas maura</GBSeq_organism>
 <GBSeq_organism>Halomonas cupida</GBSeq_organism>
 <GBSeq_organism>Shigella dysenteriae</GBSeq_organism>
 <GBSeq_organism>Chromohalobacter canadensis</GBSeq_organism>
 <GBSeq_organism>Halomonas salina</GBSeq_organism>
 <GBSeq_organism>Halomonas campisalis</GBSeq_organism>
