 <GBSeq_organism>Lawsonia intracellularis</GBSeq_organism>
 <GBSeq_organism>Desulfohalobium retbaense DSM 5692</GBSeq_organism>
 <GBSeq_organism>Desulfovibrio mexicanus</GBSeq_organism>
 <GBSeq_organism>Desulfovibrio psychrotolerans DSM 19430</GBSeq_organism>
 <GBSeq_organism>Desulfovibrio magneticus RS-1</GBSeq_organism>
 <GBSeq_organism>Desulfovibrio acrylicus</GBSeq_organism>
 <GBSeq_organism>Desulfonatronum lacustre DSM 10312</GBSeq_organism>
 <GBSeq_organism>Desulfovibrio senezii</GBSeq_organism>
 <GBSeq_organism>Desulfovibrio frigidus</GBSeq_organism>
 <GBSeq_organism>Bilophila wadsworthia</GBSeq_organism>
 <GBSeq_organism>Desulfovibrio desulfuricans subsp. desulfuricans str. ATCC 27774</GBSeq_organism>
 <GBSeq_organism>Desulfovibrio bizertensis</GBSeq_organism>
 <GBSeq_organism>Desulfovibrio burkinensis</GBSeq_organism>
 <GBSeq_organism>Desulfovibrio alcoholivorans</GBSeq_organism>
 <GBSeq_organism>Desulfobacter postgatei</GBSeq_organism>
 <GBSeq_organism>Desulfomicrobium baculatum DSM 4028</GBSeq_organism>
 <GBSeq_organism>Desulfovibrio giganteus</GBSeq_organism>
 <GBSeq_organism>Desulfothermus naphthae</GBSeq_organism>
 <GBSeq_organism>Desulfovibrio hydrothermalis AM13 = DSM 14728</GBSeq_organism>
 <GBSeq_organism>Desulfonatronovibrio hydrogenovorans</GBSeq_organism>
 <GBSeq_organism>Desulfovibrio ferrireducens</GBSeq_organism>
 <GBSeq_organism>Desulfovibrio indonesiensis</GBSeq_organism>
 <GBSeq_organism>Desulfovibrio oxamicus</GBSeq_organism>
