 <GBSeq_organism>Aminobacter lissarensis</GBSeq_organism>
 <GBSeq_organism>Nitratireductor basaltis J3</GBSeq_organism>
 <GBSeq_organism>Mesorhizobium temperatum</GBSeq_organism>
 <GBSeq_organism>Chelativorans oligotrophicus</GBSeq_organism>
 <GBSeq_organism>Brucella melitensis</GBSeq_organism>
 <GBSeq_organism>Mesorhizobium ciceri</GBSeq_organism>
 <GBSeq_organism>Aquamicrobium defluvii</GBSeq_organism>
 <GBSeq_organism>Mesorhizobium plurifarium</GBSeq_organism>
 <GBSeq_organism>Aminobacter ciceronei</GBSeq_organism>
 <GBSeq_organism>Phyllobacterium trifolii</GBSeq_organism>
 <GBSeq_organism>Mesorhizobium thiogangeticum</GBSeq_organism>
 <GBSeq_organism>Phyllobacterium catacumbae</GBSeq_organism>
 <GBSeq_organism>Nitratireductor indicus C115</GBSeq_organism>
 <GBSeq_organism>Mesorhizobium loti ATCC 33669</GBSeq_organism>
 <GBSeq_organism>Nitratireductor kimnyeongensis KY 101</GBSeq_organism>
 <GBSeq_organism>Phyllobacterium ifriqiyense</GBSeq_organism>
 <GBSeq_organism>Pseudaminobacter salicylatoxidans</GBSeq_organism>
 <GBSeq_organism>Chelativorans multitrophicus</GBSeq_organism>
 <GBSeq_organism>Hoeflea alexandrii</GBSeq_organism>
 <GBSeq_organism>Mesorhizobium huakuii</GBSeq_organism>
 <GBSeq_organism>Rhizobium leguminosarum bv. viciae USDA 2370</GBSeq_organism>
 <GBSeq_organism>Mesorhizobium mediterraneum</GBSeq_organism>
 <GBSeq_organism>Nitratireductor aquibiodomus NL21 = JCM 21793</GBSeq_organism>
 <GBSeq_organism>Phyllobacterium bourgognense</GBSeq_organism>
 <GBSeq_organism>Mesorhizobium tianshanense</GBSeq_organism>
 <GBSeq_organism>Mesorhizobium chacoense</GBSeq_organism>
 <GBSeq_organism>Mesorhizobium septentrionale</GBSeq_organism>
 <GBSeq_organism>Pseudaminobacter defluvii</GBSeq_organism>
 <GBSeq_organism>Mesorhizobium albiziae</GBSeq_organism>
 <GBSeq_organism>Phyllobacterium brassicacearum</GBSeq_organism>
 <GBSeq_organism>Aminobacter niigataensis</GBSeq_organism>
