 <GBSeq_organism>Cryptococcus cylindricus</GBSeq_organism>
 <GBSeq_organism>Cryptococcus sp. SDY 169</GBSeq_organism>
 <GBSeq_organism>Filobasidium sp. CBS 10188</GBSeq_organism>
 <GBSeq_organism>Filobasidium sp. CBS 10190</GBSeq_organism>
 <GBSeq_organism>Cryptococcus keelungensis</GBSeq_organism>
 <GBSeq_organism>Filobasidium sp. CBS 10189</GBSeq_organism>
 <GBSeq_organism>Cryptococcus socialis</GBSeq_organism>
 <GBSeq_organism>Cryptococcus albidosimilis</GBSeq_organism>
 <GBSeq_organism>Cryptococcus sp. SDY 170</GBSeq_organism>
 <GBSeq_organism>Cryptococcus liquefaciens</GBSeq_organism>
 <GBSeq_organism>Cryptococcus chernovii</GBSeq_organism>
 <GBSeq_organism>Cryptococcus wieringae</GBSeq_organism>
 <GBSeq_organism>Cryptococcus terricola</GBSeq_organism>
 <GBSeq_organism>Cryptococcus gilvescens</GBSeq_organism>
 <GBSeq_organism>Cryptococcus magnus</GBSeq_organism>
 <GBSeq_organism>Cryptococcus gastricus</GBSeq_organism>
 <GBSeq_organism>Mrakia gelida</GBSeq_organism>
 <GBSeq_organism>Cryptococcus oeirensis</GBSeq_organism>
 <GBSeq_organism>Cryptococcus himalayensis</GBSeq_organism>
 <GBSeq_organism>Cryptococcus sp. SDY 235</GBSeq_organism>
 <GBSeq_organism>Cryptococcus phenolicus</GBSeq_organism>
