 <GBSeq_organism>Spirochaeta africana DSM 8902</GBSeq_organism>
 <GBSeq_organism>Leptospira wolbachii</GBSeq_organism>
 <GBSeq_organism>Treponema pallidum</GBSeq_organism>
 <GBSeq_organism>Treponema succinifaciens DSM 2489</GBSeq_organism>
 <GBSeq_organism>Exilispira thermophila</GBSeq_organism>
 <GBSeq_organism>Treponema pectinovorum 8:A:33768</GBSeq_organism>
 <GBSeq_organism>Leptonema illini</GBSeq_organism>
 <GBSeq_organism>Leptospira noguchii</GBSeq_organism>
 <GBSeq_organism>Spirochaeta thermophila DSM 6192</GBSeq_organism>
 <GBSeq_organism>Borrelia anserina</GBSeq_organism>
 <GBSeq_organism>Sphaerochaeta coccoides DSM 17374</GBSeq_organism>
 <GBSeq_organism>Cristispira sp. CP1</GBSeq_organism>
 <GBSeq_organism>Brachyspira aalborgi</GBSeq_organism>
 <GBSeq_organism>Spirochaeta halophila</GBSeq_organism>
 <GBSeq_organism>Treponema denticola II:11:33520</GBSeq_organism>
 <GBSeq_organism>Brachyspira pilosicoli P43/6/78</GBSeq_organism>
 <GBSeq_organism>Borrelia valaisiana</GBSeq_organism>
 <GBSeq_organism>Treponema bryantii</GBSeq_organism>
 <GBSeq_organism>Brevinema andersonii</GBSeq_organism>
 <GBSeq_organism>Spirochaeta bajacaliforniensis</GBSeq_organism>
