 <GBSeq_organism>Pseudomonas balearica</GBSeq_organism>
 <GBSeq_organism>Pseudomonas borbori</GBSeq_organism>
 <GBSeq_organism>Pseudomonas otitidis</GBSeq_organism>
 <GBSeq_organism>Pseudomonas stutzeri</GBSeq_organism>
 <GBSeq_organism>Pseudomonas pseudoalcaligenes</GBSeq_organism>
 <GBSeq_organism>Pseudomonas guineae</GBSeq_organism>
 <GBSeq_organism>Pseudomonas jinjuensis</GBSeq_organism>
 <GBSeq_organism>Cellvibrio ostraviensis</GBSeq_organism>
 <GBSeq_organism>Pseudomonas segetis</GBSeq_organism>
 <GBSeq_organism>Pseudomonas delhiensis</GBSeq_organism>
 <GBSeq_organism>Pseudomonas argentinensis</GBSeq_organism>
 <GBSeq_organism>Pseudomonas knackmussii B13</GBSeq_organism>
 <GBSeq_organism>Pseudomonas oleovorans</GBSeq_organism>
 <GBSeq_organism>Pseudomonas psychrotolerans</GBSeq_organism>
 <GBSeq_organism>Pseudomonas alcaligenes</GBSeq_organism>
 <GBSeq_organism>Pseudomonas flavescens</GBSeq_organism>
 <GBSeq_organism>Pseudomonas aeruginosa</GBSeq_organism>
 <GBSeq_organism>Pseudomonas nitroreducens</GBSeq_organism>
 <GBSeq_organism>Pseudomonas straminea</GBSeq_organism>
 <GBSeq_organism>Pseudomonas indica</GBSeq_organism>
 <GBSeq_organism>Pseudomonas peli</GBSeq_organism>
 <GBSeq_organism>Pseudomonas azotifigens</GBSeq_organism>
 <GBSeq_organism>Pseudomonas mendocina</GBSeq_organism>
 <GBSeq_organism>Pseudomonas xanthomarina</GBSeq_organism>
 <GBSeq_organism>Pseudomonas multiresinivorans</GBSeq_organism>
