 <GBSeq_organism>Corynebacterium lipophiloflavum</GBSeq_organism>
 <GBSeq_organism>Corynebacterium imitans</GBSeq_organism>
 <GBSeq_organism>Corynebacterium confusum</GBSeq_organism>
 <GBSeq_organism>Corynebacterium flavescens</GBSeq_organism>
 <GBSeq_organism>Corynebacterium massiliense DSM 45435</GBSeq_organism>
 <GBSeq_organism>Corynebacterium aurimucosum</GBSeq_organism>
 <GBSeq_organism>Corynebacterium thomssenii</GBSeq_organism>
 <GBSeq_organism>Corynebacterium tuscaniense</GBSeq_organism>
 <GBSeq_organism>Corynebacterium pilosum</GBSeq_organism>
 <GBSeq_organism>Corynebacterium mycetoides</GBSeq_organism>
 <GBSeq_organism>Corynebacterium simulans</GBSeq_organism>
 <GBSeq_organism>Corynebacterium coyleae</GBSeq_organism>
 <GBSeq_organism>Corynebacterium striatum</GBSeq_organism>
 <GBSeq_organism>Corynebacterium mucifaciens CIP 105129</GBSeq_organism>
 <GBSeq_organism>Corynebacterium capitovis</GBSeq_organism>
 <GBSeq_organism>Corynebacterium sundsvallense</GBSeq_organism>
 <GBSeq_organism>Corynebacterium singulare</GBSeq_organism>
 <GBSeq_organism>Corynebacterium afermentans subsp. lipophilum</GBSeq_organism>
 <GBSeq_organism>Corynebacterium auris</GBSeq_organism>
 <GBSeq_organism>Corynebacterium riegelii</GBSeq_organism>
 <GBSeq_organism>Corynebacterium afermentans subsp. afermentans</GBSeq_organism>
 <GBSeq_organism>Corynebacterium cystitidis</GBSeq_organism>
 <GBSeq_organism>Corynebacterium casei LMG S-19264</GBSeq_organism>
 <GBSeq_organism>Corynebacterium phocae</GBSeq_organism>
 <GBSeq_organism>Corynebacterium macginleyi</GBSeq_organism>
 <GBSeq_organism>Corynebacterium timonense</GBSeq_organism>
 <GBSeq_organism>Corynebacterium tuberculostearicum</GBSeq_organism>
 <GBSeq_organism>Corynebacterium minutissimum</GBSeq_organism>
 <GBSeq_organism>Corynebacterium accolens</GBSeq_organism>
 <GBSeq_organism>Corynebacterium camporealensis</GBSeq_organism>
