 <GBSeq_organism>Synergistes sp. NML05A017</GBSeq_organism>
 <GBSeq_organism>Thermanaerovibrio velox</GBSeq_organism>
 <GBSeq_organism>Jonquetella anthropi DSM 22815</GBSeq_organism>
 <GBSeq_organism>Jonquetella anthropi</GBSeq_organism>
 <GBSeq_organism>Jonquetella anthropi</GBSeq_organism>
 <GBSeq_organism>bacterium ADV746</GBSeq_organism>
 <GBSeq_organism>Dethiosulfovibrio peptidovorans DSM 11002</GBSeq_organism>
 <GBSeq_organism>Synergistes sp. NML96A088</GBSeq_organism>
 <GBSeq_organism>Anaerobaculum thermoterrenum</GBSeq_organism>
 <GBSeq_organism>Cloacibacillus evryensis DSM 19522</GBSeq_organism>
 <GBSeq_organism>bacterium ADV70</GBSeq_organism>
 <GBSeq_organism>Aminobacterium colombiense DSM 12261</GBSeq_organism>
 <GBSeq_organism>Aminobacterium mobile</GBSeq_organism>
 <GBSeq_organism>Synergistes sp. NML060450</GBSeq_organism>
 <GBSeq_organism>bacterium ADV244</GBSeq_organism>
 <GBSeq_organism>Synergistes sp. RMA 14551</GBSeq_organism>
 <GBSeq_organism>Jonquetella anthropi</GBSeq_organism>
 <GBSeq_organism>Synergistes sp. RMA 16088</GBSeq_organism>
 <GBSeq_organism>bacterium ADV66</GBSeq_organism>
 <GBSeq_organism>Synergistes sp. RMA 14605</GBSeq_organism>
 <GBSeq_organism>Jonquetella anthropi</GBSeq_organism>
 <GBSeq_organism>Synergistes sp. RMA 16290</GBSeq_organism>
 <GBSeq_organism>Synergistes sp. RMA 10849</GBSeq_organism>
 <GBSeq_organism>Synergistes jonesii</GBSeq_organism>
 <GBSeq_organism>bacterium ADV403</GBSeq_organism>
