 <GBSeq_organism>Cyclobacterium marinum</GBSeq_organism>
 <GBSeq_organism>Pedobacter saltans DSM 12145</GBSeq_organism>
 <GBSeq_organism>Sporocytophaga myxococcoides</GBSeq_organism>
 <GBSeq_organism>Mucilaginibacter gracilis</GBSeq_organism>
 <GBSeq_organism>Pedobacter lentus</GBSeq_organism>
 <GBSeq_organism>Sphingobacterium thalpophilum</GBSeq_organism>
 <GBSeq_organism>Sphingobacterium faecium</GBSeq_organism>
 <GBSeq_organism>Belliella baltica</GBSeq_organism>
 <GBSeq_organism>Pedobacter terricola</GBSeq_organism>
 <GBSeq_organism>Mucilaginibacter paludis DSM 18603</GBSeq_organism>
 <GBSeq_organism>Olivibacter sitiensis</GBSeq_organism>
 <GBSeq_organism>Parapedobacter koreensis</GBSeq_organism>
 <GBSeq_organism>Pedobacter heparinus DSM 2366</GBSeq_organism>
 <GBSeq_organism>Pedobacter insulae</GBSeq_organism>
 <GBSeq_organism>Flavobacterium aquatile</GBSeq_organism>
 <GBSeq_organism>Pedobacter roseus</GBSeq_organism>
 <GBSeq_organism>Sphingobacterium mizutaii</GBSeq_organism>
 <GBSeq_organism>Cellulophaga lytica</GBSeq_organism>
 <GBSeq_organism>Cytophaga hutchinsonii</GBSeq_organism>
 <GBSeq_organism>Pedobacter himalayensis</GBSeq_organism>
