 <GBSeq_organism>Helicobacter sp. Dog-4</GBSeq_organism>
 <GBSeq_organism>Helicobacter bizzozeronii</GBSeq_organism>
 <GBSeq_organism>Helicobacter cholecystus</GBSeq_organism>
 <GBSeq_organism>Helicobacter canadensis</GBSeq_organism>
 <GBSeq_organism>Helicobacter hepaticus</GBSeq_organism>
 <GBSeq_organism>Helicobacter felis ATCC 49179</GBSeq_organism>
 <GBSeq_organism>Helicobacter winghamensis</GBSeq_organism>
 <GBSeq_organism>Wolinella succinogenes</GBSeq_organism>
 <GBSeq_organism>Helicobacter pylori</GBSeq_organism>
 <GBSeq_organism>Helicobacter trogontum</GBSeq_organism>
 <GBSeq_organism>Helicobacter baculiformis</GBSeq_organism>
 <GBSeq_organism>Helicobacter heilmannii</GBSeq_organism>
 <GBSeq_organism>Helicobacter ganmani</GBSeq_organism>
 <GBSeq_organism>Helicobacter rodentium</GBSeq_organism>
 <GBSeq_organism>Helicobacter pylori</GBSeq_organism>
 <GBSeq_organism>Helicobacter aurati</GBSeq_organism>
 <GBSeq_organism>Helicobacter mustelae</GBSeq_organism>
 <GBSeq_organism>Helicobacter cinaedi</GBSeq_organism>
 <GBSeq_organism>Helicobacter pametensis</GBSeq_organism>
 <GBSeq_organism>Helicobacter salomonis</GBSeq_organism>
 <GBSeq_organism>Helicobacter muridarum</GBSeq_organism>
 <GBSeq_organism>Helicobacter suis</GBSeq_organism>
 <GBSeq_organism>Helicobacter mesocricetorum</GBSeq_organism>
 <GBSeq_organism>Helicobacter canis</GBSeq_organism>
 <GBSeq_organism>Helicobacter acinonychis</GBSeq_organism>
 <GBSeq_organism>Helicobacter pullorum NCTC 12824</GBSeq_organism>
