 <GBSeq_organism>Borrelia burgdorferi</GBSeq_organism>
 <GBSeq_organism>Borrelia parkeri</GBSeq_organism>
 <GBSeq_organism>Borrelia theileri</GBSeq_organism>
 <GBSeq_organism>Borrelia sp.</GBSeq_organism>
 <GBSeq_organism>Borrelia burgdorferi</GBSeq_organism>
 <GBSeq_organism>Borrelia turicatae</GBSeq_organism>
 <GBSeq_organism>Borrelia anserina</GBSeq_organism>
 <GBSeq_organism>Borrelia turcica</GBSeq_organism>
 <GBSeq_organism>Borrelia burgdorferi</GBSeq_organism>
 <GBSeq_organism>Borrelia crocidurae</GBSeq_organism>
 <GBSeq_organism>Borrelia turcica</GBSeq_organism>
 <GBSeq_organism>Borrelia recurrentis A1</GBSeq_organism>
 <GBSeq_organism>Borrelia turcica</GBSeq_organism>
 <GBSeq_organism>Borrelia lonestari</GBSeq_organism>
 <GBSeq_organism>Borrelia coriaceae</GBSeq_organism>
 <GBSeq_organism>Borrelia miyamotoi</GBSeq_organism>
 <GBSeq_organism>Borrelia burgdorferi</GBSeq_organism>
 <GBSeq_organism>Borrelia sp.</GBSeq_organism>
 <GBSeq_organism>Borrelia duttonii</GBSeq_organism>
 <GBSeq_organism>Borrelia turcica</GBSeq_organism>
 <GBSeq_organism>Borrelia turcica</GBSeq_organism>
 <GBSeq_organism>Borrelia persica</GBSeq_organism>
 <GBSeq_organism>Borrelia hispanica</GBSeq_organism>
 <GBSeq_organism>Borrelia hermsii</GBSeq_organism>
