 <GBSeq_organism>Nautilia lithotrophica</GBSeq_organism>
 <GBSeq_organism>Campylobacter ureolyticus</GBSeq_organism>
 <GBSeq_organism>Sulfurospirillum multivorans DSM 12446</GBSeq_organism>
 <GBSeq_organism>Sulfurimonas denitrificans DSM 1251</GBSeq_organism>
 <GBSeq_organism>uncultured bacterium VC2.1 Bac1</GBSeq_organism>
 <GBSeq_organism>Arcobacter nitrofigilis</GBSeq_organism>
 <GBSeq_organism>Sulfurospirillum barnesii SES-3</GBSeq_organism>
 <GBSeq_organism>Wolinella succinogenes</GBSeq_organism>
 <GBSeq_organism>Bacillus subtilis</GBSeq_organism>
 <GBSeq_organism>uncultured epsilon proteobacterium</GBSeq_organism>
 <GBSeq_organism>Arcobacter skirrowii CCUG 10374</GBSeq_organism>
 <GBSeq_organism>Alvinella pompejana epibiont</GBSeq_organism>
 <GBSeq_organism>uncultured epsilon proteobacterium</GBSeq_organism>
 <GBSeq_organism>uncultured epsilon proteobacterium</GBSeq_organism>
 <GBSeq_organism>uncultured epsilon proteobacterium</GBSeq_organism>
 <GBSeq_organism>uncultured epsilon proteobacterium</GBSeq_organism>
 <GBSeq_organism>Helicobacter pylori</GBSeq_organism>
 <GBSeq_organism>uncultured bacterium VC2.1 Bac17</GBSeq_organism>
 <GBSeq_organism>Campylobacter fetus</GBSeq_organism>
 <GBSeq_organism>Flexispira rappini</GBSeq_organism>
 <GBSeq_organism>uncultured proteobacterium</GBSeq_organism>
 <GBSeq_organism>Sulfurimonas autotrophica DSM 16294</GBSeq_organism>
 <GBSeq_organism>Rimicaris exoculata ectosymbiont</GBSeq_organism>
