 <GBSeq_organism>Vibrio harveyi</GBSeq_organism>
 <GBSeq_organism>Vibrio parahaemolyticus</GBSeq_organism>
 <GBSeq_organism>Vibrio natriegens</GBSeq_organism>
 <GBSeq_organism>Vibrio harveyi</GBSeq_organism>
 <GBSeq_organism>Vibrio cholerae</GBSeq_organism>
 <GBSeq_organism>Vibrio harveyi</GBSeq_organism>
 <GBSeq_organism>Vibrio campbellii</GBSeq_organism>
 <GBSeq_organism>Vibrio parahaemolyticus</GBSeq_organism>
 <GBSeq_organism>Vibrio cholerae</GBSeq_organism>
 <GBSeq_organism>Vibrio alginolyticus</GBSeq_organism>
 <GBSeq_organism>Vibrio campbellii</GBSeq_organism>
 <GBSeq_organism>Vibrio campbellii</GBSeq_organism>
 <GBSeq_organism>Vibrio harveyi</GBSeq_organism>
 <GBSeq_organism>Vibrio campbellii</GBSeq_organism>
 <GBSeq_organism>Vibrio campbellii</GBSeq_organism>
 <GBSeq_organism>Vibrio rotiferianus</GBSeq_organism>
 <GBSeq_organism>Vibrio alginolyticus</GBSeq_organism>
 <GBSeq_organism>Vibrio campbellii</GBSeq_organism>
 <GBSeq_organism>Vibrio campbellii</GBSeq_organism>
 <GBSeq_organism>Vibrio campbellii</GBSeq_organism>
 <GBSeq_organism>Vibrio alginolyticus</GBSeq_organism>
 <GBSeq_organism>Vibrio harveyi</GBSeq_organism>
 <GBSeq_organism>Vibrio harveyi</GBSeq_organism>
 <GBSeq_organism>Vibrio natriegens</GBSeq_organism>
 <GBSeq_organism>Vibrio rotiferianus</GBSeq_organism>
 <GBSeq_organism>Vibrio rotiferianus</GBSeq_organism>
 <GBSeq_organism>Vibrio parahaemolyticus</GBSeq_organism>
 <GBSeq_organism>Vibrio campbellii</GBSeq_organism>
 <GBSeq_organism>Vibrio harveyi</GBSeq_organism>
 <GBSeq_organism>Vibrio rotiferianus</GBSeq_organism>
 <GBSeq_organism>Vibrio campbellii</GBSeq_organism>
 <GBSeq_organism>Vibrio campbellii</GBSeq_organism>
 <GBSeq_organism>Vibrio harveyi</GBSeq_organism>
 <GBSeq_organism>Vibrio parahaemolyticus</GBSeq_organism>
 <GBSeq_organism>Vibrio harveyi</GBSeq_organism>
 <GBSeq_organism>Vibrio rotiferianus</GBSeq_organism>
 <GBSeq_organism>Vibrio parahaemolyticus</GBSeq_organism>
 <GBSeq_organism>Vibrio campbellii</GBSeq_organism>
 <GBSeq_organism>Vibrio natriegens</GBSeq_organism>
 <GBSeq_organism>Vibrio harveyi</GBSeq_organism>
 <GBSeq_organism>Vibrio parahaemolyticus</GBSeq_organism>
 <GBSeq_organism>Vibrio campbellii</GBSeq_organism>
 <GBSeq_organism>Vibrio alginolyticus</GBSeq_organism>
 <GBSeq_organism>Vibrio alginolyticus</GBSeq_organism>
 <GBSeq_organism>Vibrio campbellii</GBSeq_organism>
 <GBSeq_organism>Vibrio parahaemolyticus</GBSeq_organism>
 <GBSeq_organism>Vibrio parahaemolyticus</GBSeq_organism>
 <GBSeq_organism>Vibrio harveyi</GBSeq_organism>
 <GBSeq_organism>Vibrio rotiferianus</GBSeq_organism>
 <GBSeq_organism>Vibrio rotiferianus</GBSeq_organism>
 <GBSeq_organism>Vibrio harveyi</GBSeq_organism>
 <GBSeq_organism>Vibrio harveyi</GBSeq_organism>
 <GBSeq_organism>Vibrio rotiferianus</GBSeq_organism>
 <GBSeq_organism>Vibrio campbellii</GBSeq_organism>
 <GBSeq_organism>Vibrio natriegens</GBSeq_organism>
 <GBSeq_organism>Vibrio rotiferianus</GBSeq_organism>
 <GBSeq_organism>Vibrio campbellii</GBSeq_organism>
 <GBSeq_organism>Vibrio rotiferianus</GBSeq_organism>
 <GBSeq_organism>Vibrio harveyi</GBSeq_organism>
 <GBSeq_organism>Vibrio rotiferianus</GBSeq_organism>
 <GBSeq_organism>Vibrio campbellii</GBSeq_organism>
 <GBSeq_organism>Vibrio harveyi</GBSeq_organism>
 <GBSeq_organism>Vibrio natriegens</GBSeq_organism>
 <GBSeq_organism>Vibrio campbellii</GBSeq_organism>
 <GBSeq_organism>Vibrio rotiferianus</GBSeq_organism>
 <GBSeq_organism>Vibrio parahaemolyticus</GBSeq_organism>
 <GBSeq_organism>Vibrio campbellii</GBSeq_organism>
 <GBSeq_organism>Vibrio campbellii</GBSeq_organism>
 <GBSeq_organism>Vibrio harveyi</GBSeq_organism>
 <GBSeq_organism>Vibrio rotiferianus</GBSeq_organism>
 <GBSeq_organism>Vibrio natriegens</GBSeq_organism>
 <GBSeq_organism>Vibrio alginolyticus</GBSeq_organism>
 <GBSeq_organism>Vibrio campbellii</GBSeq_organism>
 <GBSeq_organism>Vibrio harveyi</GBSeq_organism>
 <GBSeq_organism>Vibrio campbellii</GBSeq_organism>
 <GBSeq_organism>Vibrio alginolyticus</GBSeq_organism>
 <GBSeq_organism>Vibrio alginolyticus</GBSeq_organism>
 <GBSeq_organism>Vibrio natriegens</GBSeq_organism>
 <GBSeq_organism>Vibrio campbellii</GBSeq_organism>
 <GBSeq_organism>Vibrio parahaemolyticus</GBSeq_organism>
 <GBSeq_organism>Vibrio campbellii</GBSeq_organism>
 <GBSeq_organism>Vibrio cholerae</GBSeq_organism>
 <GBSeq_organism>Vibrio campbellii</GBSeq_organism>
 <GBSeq_organism>Vibrio harveyi</GBSeq_organism>
 <GBSeq_organism>Vibrio campbellii</GBSeq_organism>
 <GBSeq_organism>Vibrio alginolyticus</GBSeq_organism>
 <GBSeq_organism>Vibrio alginolyticus</GBSeq_organism>
 <GBSeq_organism>Vibrio rotiferianus</GBSeq_organism>
 <GBSeq_organism>Vibrio campbellii</GBSeq_organism>
 <GBSeq_organism>Vibrio campbellii</GBSeq_organism>
 <GBSeq_organism>Vibrio natriegens</GBSeq_organism>
 <GBSeq_organism>Vibrio rotiferianus</GBSeq_organism>
 <GBSeq_organism>Vibrio rotiferianus</GBSeq_organism>
 <GBSeq_organism>Vibrio harveyi</GBSeq_organism>
 <GBSeq_organism>Vibrio harveyi</GBSeq_organism>
 <GBSeq_organism>Vibrio parahaemolyticus</GBSeq_organism>
 <GBSeq_organism>Vibrio harveyi</GBSeq_organism>
 <GBSeq_organism>Vibrio harveyi</GBSeq_organism>
 <GBSeq_organism>Vibrio natriegens</GBSeq_organism>
 <GBSeq_organism>Vibrio rotiferianus</GBSeq_organism>
 <GBSeq_organism>Vibrio harveyi</GBSeq_organism>
 <GBSeq_organism>Vibrio rotiferianus</GBSeq_organism>
 <GBSeq_organism>Vibrio campbellii</GBSeq_organism>
 <GBSeq_organism>Vibrio rotiferianus</GBSeq_organism>
 <GBSeq_organism>Vibrio rotiferianus</GBSeq_organism>
 <GBSeq_organism>Vibrio harveyi</GBSeq_organism>
 <GBSeq_organism>Vibrio rotiferianus</GBSeq_organism>
 <GBSeq_organism>Vibrio campbellii</GBSeq_organism>
 <GBSeq_organism>Vibrio campbellii</GBSeq_organism>
 <GBSeq_organism>Vibrio rotiferianus</GBSeq_organism>
 <GBSeq_organism>Vibrio campbellii</GBSeq_organism>
 <GBSeq_organism>Vibrio rotiferianus</GBSeq_organism>
 <GBSeq_organism>Vibrio harveyi</GBSeq_organism>
 <GBSeq_organism>Vibrio harveyi</GBSeq_organism>
 <GBSeq_organism>Vibrio rotiferianus</GBSeq_organism>
 <GBSeq_organism>Vibrio campbellii</GBSeq_organism>
 <GBSeq_organism>Vibrio rotiferianus</GBSeq_organism>
 <GBSeq_organism>Vibrio rotiferianus</GBSeq_organism>
 <GBSeq_organism>Vibrio campbellii</GBSeq_organism>
 <GBSeq_organism>Vibrio alginolyticus</GBSeq_organism>
 <GBSeq_organism>Vibrio alginolyticus</GBSeq_organism>
 <GBSeq_organism>Vibrio campbellii</GBSeq_organism>
 <GBSeq_organism>Vibrio campbellii</GBSeq_organism>
 <GBSeq_organism>Vibrio harveyi</GBSeq_organism>
 <GBSeq_organism>Vibrio campbellii</GBSeq_organism>
 <GBSeq_organism>Vibrio harveyi</GBSeq_organism>
 <GBSeq_organism>Vibrio campbellii</GBSeq_organism>
 <GBSeq_organism>Vibrio harveyi</GBSeq_organism>
 <GBSeq_organism>Vibrio campbellii</GBSeq_organism>
 <GBSeq_organism>Vibrio rotiferianus</GBSeq_organism>
 <GBSeq_organism>Vibrio harveyi</GBSeq_organism>
