 <GBSeq_organism>Streptococcus equinus</GBSeq_organism>
 <GBSeq_organism>Streptococcus equinus ATCC 9812</GBSeq_organism>
 <GBSeq_organism>Streptococcus gallolyticus subsp. gallolyticus</GBSeq_organism>
 <GBSeq_organism>Streptococcus sp. VAMC-2818</GBSeq_organism>
 <GBSeq_organism>Escherichia coli</GBSeq_organism>
 <GBSeq_organism>Streptococcus lutetiensis</GBSeq_organism>
 <GBSeq_organism>Streptococcus equinus</GBSeq_organism>
 <GBSeq_organism>Streptococcus equinus</GBSeq_organism>
 <GBSeq_organism>Homo sapiens</GBSeq_organism>
 <GBSeq_organism>Streptococcus equinus ATCC 9812</GBSeq_organism>
 <GBSeq_organism>Streptococcus equinus</GBSeq_organism>
 <GBSeq_organism>Streptococcus equinus</GBSeq_organism>
 <GBSeq_organism>Streptococcus equinus</GBSeq_organism>
 <GBSeq_organism>Streptococcus alactolyticus</GBSeq_organism>
 <GBSeq_organism>Streptococcus sp. VAMC 3076</GBSeq_organism>
 <GBSeq_organism>Streptococcus sp. 00 UCUL 4487</GBSeq_organism>
 <GBSeq_organism>Streptococcus equinus</GBSeq_organism>
 <GBSeq_organism>Streptococcus lutetiensis</GBSeq_organism>
 <GBSeq_organism>Avian orthoreovirus</GBSeq_organism>
 <GBSeq_organism>Streptococcus gallolyticus subsp. gallolyticus ATCC 43143</GBSeq_organism>
 <GBSeq_organism>Anablepsoides aff. atratus</GBSeq_organism>
 <GBSeq_organism>Streptococcus lutetiensis</GBSeq_organism>
 <GBSeq_organism>Streptococcus pasteuri</GBSeq_organism>
 <GBSeq_organism>Streptococcus sp. VAMC blood 3395</GBSeq_organism>
 <GBSeq_organism>Streptococcus infantarius</GBSeq_organism>
 <GBSeq_organism>Streptococcus equinus</GBSeq_organism>
 <GBSeq_organism>Streptococcus infantarius subsp. infantarius</GBSeq_organism>
 <GBSeq_organism>Streptococcus equinus</GBSeq_organism>
