 <GBSeq_organism>Paenibacillus alginolyticus</GBSeq_organism>
 <GBSeq_organism>Cohnella phaseoli</GBSeq_organism>
 <GBSeq_organism>Paenibacillus massiliensis</GBSeq_organism>
 <GBSeq_organism>Paenibacillus phyllosphaerae</GBSeq_organism>
 <GBSeq_organism>Paenibacillus macquariensis subsp. macquariensis</GBSeq_organism>
 <GBSeq_organism>Paenibacillus glucanolyticus</GBSeq_organism>
 <GBSeq_organism>Ammoniphilus oxalaticus</GBSeq_organism>
 <GBSeq_organism>Paenibacillus pabuli</GBSeq_organism>
 <GBSeq_organism>Paenibacillus granivorans</GBSeq_organism>
 <GBSeq_organism>Aneurinibacillus aneurinilyticus ATCC 12856</GBSeq_organism>
 <GBSeq_organism>Cohnella laeviribosi</GBSeq_organism>
 <GBSeq_organism>Paenibacillus chitinolyticus</GBSeq_organism>
 <GBSeq_organism>Paenibacillus turicensis</GBSeq_organism>
 <GBSeq_organism>Paenibacillus graminis</GBSeq_organism>
 <GBSeq_organism>Paenibacillus polymyxa</GBSeq_organism>
 <GBSeq_organism>Oxalophagus oxalicus</GBSeq_organism>
 <GBSeq_organism>Paenibacillus lactis</GBSeq_organism>
 <GBSeq_organism>Paenibacillus cineris</GBSeq_organism>
 <GBSeq_organism>Paenibacillus larvae</GBSeq_organism>
 <GBSeq_organism>Lactobacillus delbrueckii subsp. lactis</GBSeq_organism>
 <GBSeq_organism>Paenibacillus ginsengarvi</GBSeq_organism>
 <GBSeq_organism>Paenibacillus apiarius</GBSeq_organism>
 <GBSeq_organism>Paenibacillus koreensis</GBSeq_organism>
 <GBSeq_organism>Brevibacillus brevis</GBSeq_organism>
 <GBSeq_organism>Paenibacillus xylanilyticus</GBSeq_organism>
 <GBSeq_organism>Cohnella thermotolerans</GBSeq_organism>
 <GBSeq_organism>Thermicanus aegyptius</GBSeq_organism>
 <GBSeq_organism>Cohnella hongkongensis</GBSeq_organism>
 <GBSeq_organism>Paenibacillus macerans</GBSeq_organism>
 <GBSeq_organism>Thermobacillus xylanilyticus</GBSeq_organism>
