 <GBSeq_organism>Desulfobacterium indolicum</GBSeq_organism>
 <GBSeq_organism>Desulfotignum toluenicum</GBSeq_organism>
 <GBSeq_organism>Desulfoglaeba alkanexedens ALDC</GBSeq_organism>
 <GBSeq_organism>sulfate-reducing bacterium AK-01</GBSeq_organism>
 <GBSeq_organism>delta proteobacterium S2552</GBSeq_organism>
 <GBSeq_organism>Desulfatibacillum alkenivorans</GBSeq_organism>
 <GBSeq_organism>delta proteobacterium S2550</GBSeq_organism>
 <GBSeq_organism>Desulfobacter curvatus</GBSeq_organism>
 <GBSeq_organism>delta proteobacterium Pnd3</GBSeq_organism>
 <GBSeq_organism>Desulfotignum balticum</GBSeq_organism>
 <GBSeq_organism>Desulfotignum toluenicum</GBSeq_organism>
 <GBSeq_organism>Desulfosarcina variabilis</GBSeq_organism>
 <GBSeq_organism>Desulfotignum phosphitoxidans</GBSeq_organism>
 <GBSeq_organism>Escherichia coli CFT073</GBSeq_organism>
 <GBSeq_organism>Desulfobacula phenolica</GBSeq_organism>
 <GBSeq_organism>Desulfobacula toluolica Tol2</GBSeq_organism>
 <GBSeq_organism>Desulfotignum phosphitoxidans DSM 13687</GBSeq_organism>
 <GBSeq_organism>benzene mineralizing consortium clone SB-9</GBSeq_organism>
 <GBSeq_organism>Desulfatibacillum aliphaticivorans</GBSeq_organism>
 <GBSeq_organism>Desulfoglaeba sp. Lake</GBSeq_organism>
 <GBSeq_organism>sulfate-reducing bacterium PF2802</GBSeq_organism>
 <GBSeq_organism>delta proteobacterium S2551</GBSeq_organism>
 <GBSeq_organism>Desulfospira joergensenii</GBSeq_organism>
 <GBSeq_organism>Desulfobacter postgatei 2ac9</GBSeq_organism>
 <GBSeq_organism>Desulfobulbus rhabdoformis</GBSeq_organism>
 <GBSeq_organism>Desulfotignum toluenicum</GBSeq_organism>
 <GBSeq_organism>Olavius algarvensis sulfate-reducing endosymbiont</GBSeq_organism>
 <GBSeq_organism>Desulfobacter halotolerans</GBSeq_organism>
 <GBSeq_organism>Desulfococcus oleovorans Hxd3</GBSeq_organism>
