 <GBSeq_organism>Cryothecomonas longipes</GBSeq_organism>
 <GBSeq_organism>uncultured eukaryote</GBSeq_organism>
 <GBSeq_organism>uncultured cercozoan</GBSeq_organism>
 <GBSeq_organism>uncultured cercozoan</GBSeq_organism>
 <GBSeq_organism>uncultured cercozoan</GBSeq_organism>
 <GBSeq_organism>Cercozoa sp. CC-2009f</GBSeq_organism>
 <GBSeq_organism>uncultured freshwater cercozoan</GBSeq_organism>
 <GBSeq_organism>uncultured cercozoan</GBSeq_organism>
 <GBSeq_organism>uncultured eukaryote</GBSeq_organism>
 <GBSeq_organism>uncultured eukaryote</GBSeq_organism>
 <GBSeq_organism>uncultured eukaryote</GBSeq_organism>
 <GBSeq_organism>uncultured eukaryote</GBSeq_organism>
 <GBSeq_organism>uncultured eukaryote</GBSeq_organism>
 <GBSeq_organism>uncultured cercozoan</GBSeq_organism>
 <GBSeq_organism>uncultured cercozoan</GBSeq_organism>
 <GBSeq_organism>uncultured cercozoan</GBSeq_organism>
 <GBSeq_organism>uncultured eukaryote</GBSeq_organism>
 <GBSeq_organism>uncultured Cryothecomonas</GBSeq_organism>
 <GBSeq_organism>uncultured cercozoan</GBSeq_organism>
 <GBSeq_organism>uncultured eukaryote</GBSeq_organism>
 <GBSeq_organism>uncultured cercozoan</GBSeq_organism>
 <GBSeq_organism>uncultured eukaryote</GBSeq_organism>
 <GBSeq_organism>uncultured cercozoan</GBSeq_organism>
 <GBSeq_organism>uncultured eukaryote</GBSeq_organism>
 <GBSeq_organism>uncultured cercozoan</GBSeq_organism>
 <GBSeq_organism>uncultured cercozoan</GBSeq_organism>
 <GBSeq_organism>uncultured cercozoan</GBSeq_organism>
 <GBSeq_organism>uncultured cercozoan</GBSeq_organism>
 <GBSeq_organism>uncultured cercozoan</GBSeq_organism>
 <GBSeq_organism>Cryothecomonas aestivalis</GBSeq_organism>
 <GBSeq_organism>uncultured cercozoan</GBSeq_organism>
 <GBSeq_organism>uncultured cercozoan</GBSeq_organism>
 <GBSeq_organism>uncultured eukaryote</GBSeq_organism>
 <GBSeq_organism>uncultured cercozoan</GBSeq_organism>
