 <GBSeq_organism>Prosthecobacter debontii</GBSeq_organism>
 <GBSeq_organism>uncultured bacterium</GBSeq_organism>
 <GBSeq_organism>Victivallis vadensis ATCC BAA-548</GBSeq_organism>
 <GBSeq_organism>uncultured bacterium</GBSeq_organism>
 <GBSeq_organism>uncultured eubacterium AA08</GBSeq_organism>
 <GBSeq_organism>Prosthecobacter dejongeii</GBSeq_organism>
 <GBSeq_organism>uncultured bacterium</GBSeq_organism>
 <GBSeq_organism>unidentified rumen bacterium RFP12</GBSeq_organism>
 <GBSeq_organism>Prosthecobacter vanneervenii</GBSeq_organism>
 <GBSeq_organism>Akkermansia muciniphila ATCC BAA-835</GBSeq_organism>
 <GBSeq_organism>Opitutus sp. VeSm13</GBSeq_organism>
 <GBSeq_organism>unidentified Verrucomicrobium group OPB35</GBSeq_organism>
 <GBSeq_organism>Verrucomicrobium spinosum DSM 4136 = JCM 18804</GBSeq_organism>
 <GBSeq_organism>uncultured eubacterium WCHB1-25</GBSeq_organism>
 <GBSeq_organism>Prosthecobacter fusiformis</GBSeq_organism>
 <GBSeq_organism>Opitutus sp. VeGlc2</GBSeq_organism>
 <GBSeq_organism>uncultured bacterium DA101</GBSeq_organism>
 <GBSeq_organism>uncultured bacterium</GBSeq_organism>
 <GBSeq_organism>Opitutus terrae PB90-1</GBSeq_organism>
 <GBSeq_organism>uncultured bacterium</GBSeq_organism>
 <GBSeq_organism>uncultured eubacterium WCHB1-41</GBSeq_organism>
 <GBSeq_organism>Escherichia coli</GBSeq_organism>
