 <GBSeq_organism>Shewanella sairae</GBSeq_organism>
 <GBSeq_organism>Shewanella livingstonensis</GBSeq_organism>
 <GBSeq_organism>Shewanella olleyana</GBSeq_organism>
 <GBSeq_organism>Shewanella morhuae</GBSeq_organism>
 <GBSeq_organism>Shewanella japonica</GBSeq_organism>
 <GBSeq_organism>Shewanella waksmanii</GBSeq_organism>
 <GBSeq_organism>Shewanella fidelis</GBSeq_organism>
 <GBSeq_organism>Shewanella algae</GBSeq_organism>
 <GBSeq_organism>Shewanella putrefaciens</GBSeq_organism>
 <GBSeq_organism>Shewanella colwelliana</GBSeq_organism>
 <GBSeq_organism>Shewanella oneidensis MR-1</GBSeq_organism>
 <GBSeq_organism>Shewanella marisflavi</GBSeq_organism>
 <GBSeq_organism>Shewanella gaetbuli</GBSeq_organism>
 <GBSeq_organism>Shewanella amazonensis SB2B</GBSeq_organism>
 <GBSeq_organism>Shewanella denitrificans OS217</GBSeq_organism>
 <GBSeq_organism>Shewanella aquimarina</GBSeq_organism>
 <GBSeq_organism>Shewanella benthica</GBSeq_organism>
 <GBSeq_organism>Shewanella hanedai</GBSeq_organism>
 <GBSeq_organism>Shewanella colwelliana</GBSeq_organism>
 <GBSeq_organism>Shewanella gelidimarina</GBSeq_organism>
 <GBSeq_organism>Shewanella halifaxensis HAW-EB4</GBSeq_organism>
 <GBSeq_organism>Shewanella marinintestina</GBSeq_organism>
 <GBSeq_organism>Shewanella decolorationis S12</GBSeq_organism>
 <GBSeq_organism>Shewanella baltica</GBSeq_organism>
 <GBSeq_organism>Shewanella woodyi ATCC 51908</GBSeq_organism>
 <GBSeq_organism>Shewanella sediminis HAW-EB3</GBSeq_organism>
 <GBSeq_organism>Shewanella schlegeliana</GBSeq_organism>
 <GBSeq_organism>Shewanella pealeana</GBSeq_organism>
 <GBSeq_organism>Shewanella profunda</GBSeq_organism>
 <GBSeq_organism>Shewanella violacea DSS12</GBSeq_organism>
 <GBSeq_organism>Shewanella frigidimarina</GBSeq_organism>
 <GBSeq_organism>Shewanella pacifica</GBSeq_organism>
