 <GBSeq_organism>Sphingobium yanoikuyae</GBSeq_organism>
 <GBSeq_organism>Croceicoccus marinus</GBSeq_organism>
 <GBSeq_organism>Altererythrobacter xinjiangensis</GBSeq_organism>
 <GBSeq_organism>Sphingopyxis alaskensis RB2256</GBSeq_organism>
 <GBSeq_organism>Sphingobium chinhatense IP26</GBSeq_organism>
 <GBSeq_organism>Erythrobacter gangjinensis</GBSeq_organism>
 <GBSeq_organism>Sphingopyxis macrogoltabida</GBSeq_organism>
 <GBSeq_organism>Altererythrobacter luteolus</GBSeq_organism>
 <GBSeq_organism>Erythrobacter gaetbuli</GBSeq_organism>
 <GBSeq_organism>Altererythrobacter marensis</GBSeq_organism>
 <GBSeq_organism>Porphyrobacter cryptus</GBSeq_organism>
 <GBSeq_organism>Erythrobacter longus</GBSeq_organism>
 <GBSeq_organism>Erythromicrobium ramosum</GBSeq_organism>
 <GBSeq_organism>Altererythrobacter aestuarii</GBSeq_organism>
 <GBSeq_organism>Sphingomonas paucimobilis</GBSeq_organism>
 <GBSeq_organism>Sphingomonas ursincola</GBSeq_organism>
 <GBSeq_organism>Erythrobacter seohaensis</GBSeq_organism>
 <GBSeq_organism>Erythrobacter vulgaris</GBSeq_organism>
 <GBSeq_organism>Porphyrobacter donghaensis</GBSeq_organism>
 <GBSeq_organism>Sandaracinobacter sibiricus</GBSeq_organism>
 <GBSeq_organism>Caulobacter vibrioides</GBSeq_organism>
 <GBSeq_organism>Erythrobacter aquimaris</GBSeq_organism>
 <GBSeq_organism>Erythrobacter flavus</GBSeq_organism>
