 <GBSeq_organism>Burkholderia phenazinium</GBSeq_organism>
 <GBSeq_organism>Burkholderia hospita</GBSeq_organism>
 <GBSeq_organism>Burkholderia sp. LMG 22946</GBSeq_organism>
 <GBSeq_organism>Burkholderia tuberum STM678</GBSeq_organism>
 <GBSeq_organism>Burkholderia xenovorans LB400</GBSeq_organism>
 <GBSeq_organism>Burkholderia andropogonis</GBSeq_organism>
 <GBSeq_organism>Burkholderia ferrariae</GBSeq_organism>
 <GBSeq_organism>Burkholderia megapolitana</GBSeq_organism>
 <GBSeq_organism>Burkholderia caryophylli</GBSeq_organism>
 <GBSeq_organism>Burkholderia phytofirmans PsJN</GBSeq_organism>
 <GBSeq_organism>Burkholderia mimosarum</GBSeq_organism>
 <GBSeq_organism>Burkholderia phymatum STM815</GBSeq_organism>
 <GBSeq_organism>Burkholderia soli</GBSeq_organism>
 <GBSeq_organism>Burkholderia caledonica</GBSeq_organism>
 <GBSeq_organism>Burkholderia caribensis</GBSeq_organism>
 <GBSeq_organism>Burkholderia glathei</GBSeq_organism>
 <GBSeq_organism>Burkholderia bryophila</GBSeq_organism>
 <GBSeq_organism>Burkholderia terrae</GBSeq_organism>
 <GBSeq_organism>Burkholderia sp. RW36</GBSeq_organism>
 <GBSeq_organism>Burkholderia sordidicola</GBSeq_organism>
 <GBSeq_organism>Burkholderia bryophila</GBSeq_organism>
 <GBSeq_organism>Burkholderia fungorum</GBSeq_organism>
 <GBSeq_organism>Burkholderia sp. Y</GBSeq_organism>
 <GBSeq_organism>Pandoraea apista</GBSeq_organism>
 <GBSeq_organism>Burkholderia bryophila</GBSeq_organism>
 <GBSeq_organism>Burkholderia oklahomensis C6786</GBSeq_organism>
 <GBSeq_organism>Burkholderia cepacia</GBSeq_organism>
 <GBSeq_organism>Burkholderia silvatlantica SRMrh-20</GBSeq_organism>
 <GBSeq_organism>Burkholderia graminis C4D1M</GBSeq_organism>
 <GBSeq_organism>Burkholderia tropica</GBSeq_organism>
 <GBSeq_organism>Burkholderia phenoliruptrix</GBSeq_organism>
 <GBSeq_organism>Burkholderia sp. S512</GBSeq_organism>
 <GBSeq_organism>Burkholderia unamae MTI-641</GBSeq_organism>
 <GBSeq_organism>Burkholderia sp. WR19X</GBSeq_organism>
 <GBSeq_organism>Burkholderia sacchari</GBSeq_organism>
