 <GBSeq_organism>Psychroflexus gondwanensis</GBSeq_organism>
 <GBSeq_organism>Myroides odoratus DSM 2801</GBSeq_organism>
 <GBSeq_organism>Zobellia galactanivorans</GBSeq_organism>
 <GBSeq_organism>Tenacibaculum maritimum</GBSeq_organism>
 <GBSeq_organism>Salegentibacter salegens</GBSeq_organism>
 <GBSeq_organism>Capnocytophaga ochracea DSM 7271</GBSeq_organism>
 <GBSeq_organism>Muricauda ruestringensis DSM 13258</GBSeq_organism>
 <GBSeq_organism>Aquimarina latercula</GBSeq_organism>
 <GBSeq_organism>Aequorivita antarctica</GBSeq_organism>
 <GBSeq_organism>Gillisia limnaea DSM 15749</GBSeq_organism>
 <GBSeq_organism>Leeuwenhoekiella marinoflava</GBSeq_organism>
 <GBSeq_organism>Ulvibacter litoralis</GBSeq_organism>
 <GBSeq_organism>Gelidibacter mesophilus</GBSeq_organism>
 <GBSeq_organism>Polaribacter filamentus</GBSeq_organism>
 <GBSeq_organism>Bergeyella zoohelcum</GBSeq_organism>
 <GBSeq_organism>Flavobacterium aquatile</GBSeq_organism>
 <GBSeq_organism>Mesonia algae</GBSeq_organism>
 <GBSeq_organism>Psychroserpens burtonensis</GBSeq_organism>
 <GBSeq_organism>Psychroflexus torquis ATCC 700755</GBSeq_organism>
 <GBSeq_organism>Marivirga tractuosa</GBSeq_organism>
 <GBSeq_organism>Cellulophaga lytica</GBSeq_organism>
 <GBSeq_organism>Gelidibacter algens</GBSeq_organism>
 <GBSeq_organism>Arenibacter latericius</GBSeq_organism>
