 <GBSeq_organism>Gilvibacter sediminis</GBSeq_organism>
 <GBSeq_organism>Algibacter lectus</GBSeq_organism>
 <GBSeq_organism>Homo sapiens</GBSeq_organism>
 <GBSeq_organism>Croceibacter atlanticus HTCC2559</GBSeq_organism>
 <GBSeq_organism>Joostella marina DSM 19592</GBSeq_organism>
 <GBSeq_organism>Zhouia amylolytica</GBSeq_organism>
 <GBSeq_organism>Tamlana crocina</GBSeq_organism>
 <GBSeq_organism>Tenacibaculum amylolyticum</GBSeq_organism>
 <GBSeq_organism>Aequorivita antarctica</GBSeq_organism>
 <GBSeq_organism>Gaetbulibacter saemankumensis</GBSeq_organism>
 <GBSeq_organism>Sediminicola luteus</GBSeq_organism>
 <GBSeq_organism>Weeksella virosa</GBSeq_organism>
 <GBSeq_organism>Bergeyella zoohelcum</GBSeq_organism>
 <GBSeq_organism>Capnocytophaga granulosa ATCC 51502</GBSeq_organism>
 <GBSeq_organism>Psychroserpens burtonensis</GBSeq_organism>
 <GBSeq_organism>Polaribacter franzmannii</GBSeq_organism>
 <GBSeq_organism>Arenibacter latericius</GBSeq_organism>
 <GBSeq_organism>Dokdonia genika</GBSeq_organism>
 <GBSeq_organism>Chryseobacterium balustinum</GBSeq_organism>
 <GBSeq_organism>Aquimarina brevivitae</GBSeq_organism>
 <GBSeq_organism>Leeuwenhoekiella blandensis MED217</GBSeq_organism>
