 <GBSeq_organism>Desulfovirgula thermocuniculi</GBSeq_organism>
 <GBSeq_organism>Desulfotomaculum thermoacetoxidans</GBSeq_organism>
 <GBSeq_organism>Desulfotomaculum gibsoniae DSM 7213</GBSeq_organism>
 <GBSeq_organism>Carboxydothermus ferrireducens</GBSeq_organism>
 <GBSeq_organism>Desulfotomaculum carboxydivorans CO-1-SRB</GBSeq_organism>
 <GBSeq_organism>Desulfotomaculum sapomandens</GBSeq_organism>
 <GBSeq_organism>Desulfotomaculum halophilum</GBSeq_organism>
 <GBSeq_organism>Desulfotomaculum geothermicum</GBSeq_organism>
 <GBSeq_organism>Desulfotomaculum aeronauticum</GBSeq_organism>
 <GBSeq_organism>Pelotomaculum thermopropionicum SI</GBSeq_organism>
 <GBSeq_organism>Desulfotomaculum kuznetsovii DSM 6115</GBSeq_organism>
 <GBSeq_organism>Desulfotomaculum thermosubterraneum</GBSeq_organism>
 <GBSeq_organism>Desulfotomaculum nigrificans DSM 574</GBSeq_organism>
 <GBSeq_organism>Desulfotomaculum acetoxidans DSM 771</GBSeq_organism>
 <GBSeq_organism>Desulfotomaculum ruminis DSM 2154</GBSeq_organism>
 <GBSeq_organism>Desulfotomaculum salinum</GBSeq_organism>
 <GBSeq_organism>Desulfotomaculum thermocisternum</GBSeq_organism>
 <GBSeq_organism>Desulfotomaculum alkaliphilum</GBSeq_organism>
 <GBSeq_organism>Desulfotomaculum putei</GBSeq_organism>
 <GBSeq_organism>Desulfotomaculum arcticum</GBSeq_organism>
 <GBSeq_organism>Desulfotomaculum luciae</GBSeq_organism>
 <GBSeq_organism>Desulfotomaculum solfataricum</GBSeq_organism>
 <GBSeq_organism>Desulfotomaculum thermobenzoicum subsp. thermosyntrophicum</GBSeq_organism>
 <GBSeq_organism>Desulfurispora thermophila</GBSeq_organism>
 <GBSeq_organism>Desulfotomaculum thermobenzoicum</GBSeq_organism>
 <GBSeq_organism>Desulfotomaculum australicum</GBSeq_organism>
 <GBSeq_organism>Desulfotomaculum thermosapovorans</GBSeq_organism>
 <GBSeq_organism>Desulfotomaculum alcoholivorax DSM 16058</GBSeq_organism>
 <GBSeq_organism>Sporotomaculum hydroxybenzoicum</GBSeq_organism>
