 <GBSeq_organism>Micromonospora carbonacea</GBSeq_organism>
 <GBSeq_organism>Catenuloplanes atrovinosus JCM 9535</GBSeq_organism>
 <GBSeq_organism>Planosporangium flavigriseum</GBSeq_organism>
 <GBSeq_organism>Catenuloplanes nepalensis JCM 9536</GBSeq_organism>
 <GBSeq_organism>Actinocatenispora thailandica</GBSeq_organism>
 <GBSeq_organism>Micromonospora viridifaciens</GBSeq_organism>
 <GBSeq_organism>Micromonospora matsumotoense</GBSeq_organism>
 <GBSeq_organism>Polymorphospora rubra</GBSeq_organism>
 <GBSeq_organism>Micromonospora pattaloongensis</GBSeq_organism>
 <GBSeq_organism>Dactylosporangium aurantiacum</GBSeq_organism>
 <GBSeq_organism>Actinoplanes philippinensis</GBSeq_organism>
 <GBSeq_organism>Catenuloplanes niger JCM 9533</GBSeq_organism>
 <GBSeq_organism>Couchioplanes caeruleus</GBSeq_organism>
 <GBSeq_organism>Plantactinospora mayteni</GBSeq_organism>
 <GBSeq_organism>Asanoa ferruginea</GBSeq_organism>
 <GBSeq_organism>Pilimelia terevasa</GBSeq_organism>
 <GBSeq_organism>Micromonospora rosaria</GBSeq_organism>
 <GBSeq_organism>Phytohabitans suffuscus</GBSeq_organism>
 <GBSeq_organism>Micromonospora auratinigra</GBSeq_organism>
 <GBSeq_organism>Krasilnikovia cinnamomea</GBSeq_organism>
 <GBSeq_organism>Catellatospora citrea subsp. citrea</GBSeq_organism>
 <GBSeq_organism>Micromonospora olivasterospora</GBSeq_organism>
 <GBSeq_organism>Catenuloplanes japonicus JCM 9106</GBSeq_organism>
 <GBSeq_organism>Streptomyces ambofaciens</GBSeq_organism>
 <GBSeq_organism>Luedemannella helvata</GBSeq_organism>
 <GBSeq_organism>Plantactinospora siamensis</GBSeq_organism>
 <GBSeq_organism>Verrucosispora gifhornensis</GBSeq_organism>
 <GBSeq_organism>Rugosimonospora acidiphila</GBSeq_organism>
