 <GBSeq_organism>Isoptericola hypogeus</GBSeq_organism>
 <GBSeq_organism>Sanguibacter suarezii</GBSeq_organism>
 <GBSeq_organism>Sanguibacter marinus</GBSeq_organism>
 <GBSeq_organism>Luteimicrobium subarcticum</GBSeq_organism>
 <GBSeq_organism>Cellulomonas gelida</GBSeq_organism>
 <GBSeq_organism>Isoptericola variabilis</GBSeq_organism>
 <GBSeq_organism>Myceligenerans xiligouense</GBSeq_organism>
 <GBSeq_organism>Oerskovia turbata NBRC 15015</GBSeq_organism>
 <GBSeq_organism>Xylanimonas cellulosilytica DSM 15894</GBSeq_organism>
 <GBSeq_organism>Isoptericola halotolerans</GBSeq_organism>
 <GBSeq_organism>Cellulomonas terrae</GBSeq_organism>
 <GBSeq_organism>Cellulomonas flavigena DSM 20109</GBSeq_organism>
 <GBSeq_organism>Cellulosimicrobium cellulans</GBSeq_organism>
 <GBSeq_organism>Actinotalea fermentans ATCC 43279 = JCM 9966 = DSM 3133</GBSeq_organism>
 <GBSeq_organism>Sanguibacter inulinus</GBSeq_organism>
 <GBSeq_organism>Cellulomonas denverensis</GBSeq_organism>
 <GBSeq_organism>Rarobacter faecitabidus</GBSeq_organism>
 <GBSeq_organism>Cellulomonas uda</GBSeq_organism>
 <GBSeq_organism>Oerskovia enterophila</GBSeq_organism>
 <GBSeq_organism>Cellulomonas biazotea</GBSeq_organism>
 <GBSeq_organism>Cellulomonas xylanilytica</GBSeq_organism>
 <GBSeq_organism>Promicromonospora citrea</GBSeq_organism>
 <GBSeq_organism>Cellulomonas composti</GBSeq_organism>
 <GBSeq_organism>Cellulomonas bogoriensis</GBSeq_organism>
 <GBSeq_organism>Oerskovia paurometabola</GBSeq_organism>
 <GBSeq_organism>Aquanirmus sp. VSS-2003</GBSeq_organism>
 <GBSeq_organism>Sanguibacter antarcticus</GBSeq_organism>
 <GBSeq_organism>Cellulomonas cellasea DSM 20118</GBSeq_organism>
 <GBSeq_organism>Cellulomonas fimi ATCC 484</GBSeq_organism>
 <GBSeq_organism>Sanguibacter keddieii DSM 10542</GBSeq_organism>
 <GBSeq_organism>Cellulosimicrobium terreum</GBSeq_organism>
