 <GBSeq_organism>Propionivibrio limicola</GBSeq_organism>
 <GBSeq_organism>Quatrionicoccus australiensis</GBSeq_organism>
 <GBSeq_organism>Denitratisoma oestradiolicum</GBSeq_organism>
 <GBSeq_organism>Propionivibrio pelophilus</GBSeq_organism>
 <GBSeq_organism>Azonexus fungiphilus</GBSeq_organism>
 <GBSeq_organism>Thiobacillus Q</GBSeq_organism>
 <GBSeq_organism>beta proteobacterium Rufe9</GBSeq_organism>
 <GBSeq_organism>Sterolibacterium denitrificans</GBSeq_organism>
 <GBSeq_organism>Azovibrio restrictus</GBSeq_organism>
 <GBSeq_organism>Zoogloea resiniphila</GBSeq_organism>
 <GBSeq_organism>Desulfovibrio desulfuricans subsp. desulfuricans</GBSeq_organism>
 <GBSeq_organism>Dechloromonas sp. MissR</GBSeq_organism>
 <GBSeq_organism>Dechloromonas sp. SIUL</GBSeq_organism>
 <GBSeq_organism>beta proteobacterium Rufe28</GBSeq_organism>
 <GBSeq_organism>beta proteobacterium Rufe9b</GBSeq_organism>
 <GBSeq_organism>Zoogloea ramigera</GBSeq_organism>
 <GBSeq_organism>Dechloromonas agitata</GBSeq_organism>
 <GBSeq_organism>Dechloromonas sp. CL</GBSeq_organism>
 <GBSeq_organism>beta proteobacterium Rufe22</GBSeq_organism>
 <GBSeq_organism>Dechlorosoma suillum PS</GBSeq_organism>
 <GBSeq_organism>denitrifying bacterium 72Chol</GBSeq_organism>
 <GBSeq_organism>Ferribacterium limneticum</GBSeq_organism>
 <GBSeq_organism>Rhodocyclus purpureus</GBSeq_organism>
 <GBSeq_organism>Dechlorosoma sp. AH</GBSeq_organism>
 <GBSeq_organism>Azoarcus tolulyticus</GBSeq_organism>
 <GBSeq_organism>Thauera aromatica</GBSeq_organism>
 <GBSeq_organism>Azospira oryzae</GBSeq_organism>
