 <GBSeq_organism>Caulobacter vibrioides</GBSeq_organism>
 <GBSeq_organism>Xanthomonas campestris</GBSeq_organism>
 <GBSeq_organism>Legionella pneumophila</GBSeq_organism>
 <GBSeq_organism>Pseudomonas aeruginosa</GBSeq_organism>
 <GBSeq_organism>Chromatium okenii</GBSeq_organism>
 <GBSeq_organism>Hydrogenophilus thermoluteolus</GBSeq_organism>
 <GBSeq_organism>Methylophilus methylotrophus</GBSeq_organism>
 <GBSeq_organism>Acidithiobacillus thiooxidans</GBSeq_organism>
 <GBSeq_organism>Oceanospirillum linum</GBSeq_organism>
 <GBSeq_organism>Rhodospirillum rubrum ATCC 11170</GBSeq_organism>
 <GBSeq_organism>Nitrosomonas europaea</GBSeq_organism>
 <GBSeq_organism>Cardiobacterium hominis</GBSeq_organism>
 <GBSeq_organism>Methylococcus capsulatus str. Texas = ATCC 19069</GBSeq_organism>
 <GBSeq_organism>Nevskia ramosa</GBSeq_organism>
 <GBSeq_organism>Thiothrix nivea DSM 5205</GBSeq_organism>
 <GBSeq_organism>Neisseria gonorrhoeae</GBSeq_organism>
 <GBSeq_organism>Solimonas soli</GBSeq_organism>
 <GBSeq_organism>Pasteurella multocida</GBSeq_organism>
 <GBSeq_organism>Enterobacter cloacae</GBSeq_organism>
 <GBSeq_organism>Aeromonas hydrophila</GBSeq_organism>
 <GBSeq_organism>Hydrocarboniphaga effusa</GBSeq_organism>
 <GBSeq_organism>Alteromonas macleodii</GBSeq_organism>
 <GBSeq_organism>Rhodobacter capsulatus</GBSeq_organism>
 <GBSeq_organism>Hydrocarboniphaga effusa AP103</GBSeq_organism>
 <GBSeq_organism>Rhodocyclus purpureus</GBSeq_organism>
 <GBSeq_organism>Bacillus subtilis</GBSeq_organism>
 <GBSeq_organism>Burkholderia cepacia ATCC 25416</GBSeq_organism>
 <GBSeq_organism>Nevskia ramosa</GBSeq_organism>
 <GBSeq_organism>Sphingomonas paucimobilis</GBSeq_organism>
