 <GBSeq_organism>Algibacter lectus</GBSeq_organism>
 <GBSeq_organism>Winogradskyella poriferorum</GBSeq_organism>
 <GBSeq_organism>Myroides odoratus DSM 2801</GBSeq_organism>
 <GBSeq_organism>Subsaxibacter broadyi</GBSeq_organism>
 <GBSeq_organism>Leeuwenhoekiella marinoflava</GBSeq_organism>
 <GBSeq_organism>Bizionia paragorgiae</GBSeq_organism>
 <GBSeq_organism>Yeosuana aromativorans</GBSeq_organism>
 <GBSeq_organism>Lutibacter litoralis</GBSeq_organism>
 <GBSeq_organism>Winogradskyella epiphytica</GBSeq_organism>
 <GBSeq_organism>Salegentibacter salegens</GBSeq_organism>
 <GBSeq_organism>Capnocytophaga ochracea DSM 7271</GBSeq_organism>
 <GBSeq_organism>Subsaximicrobium saxinquilinus</GBSeq_organism>
 <GBSeq_organism>Gaetbulibacter saemankumensis</GBSeq_organism>
 <GBSeq_organism>Gillisia limnaea DSM 15749</GBSeq_organism>
 <GBSeq_organism>Bizionia gelidisalsuginis</GBSeq_organism>
 <GBSeq_organism>Ulvibacter litoralis</GBSeq_organism>
 <GBSeq_organism>Gelidibacter mesophilus</GBSeq_organism>
 <GBSeq_organism>Formosa algae</GBSeq_organism>
 <GBSeq_organism>Polaribacter filamentus</GBSeq_organism>
 <GBSeq_organism>Flavobacterium xanthum</GBSeq_organism>
 <GBSeq_organism>Mesonia algae</GBSeq_organism>
 <GBSeq_organism>Psychroserpens burtonensis</GBSeq_organism>
 <GBSeq_organism>Psychroflexus torquis ATCC 700755</GBSeq_organism>
 <GBSeq_organism>Gaetbulibacter marinus</GBSeq_organism>
 <GBSeq_organism>Winogradskyella thalassocola</GBSeq_organism>
 <GBSeq_organism>Kordia algicida OT-1</GBSeq_organism>
 <GBSeq_organism>Bizionia saleffrena</GBSeq_organism>
 <GBSeq_organism>Lacinutrix copepodicola</GBSeq_organism>
 <GBSeq_organism>Meridianimaribacter flavus</GBSeq_organism>
 <GBSeq_organism>Paracoccidioides brasiliensis</GBSeq_organism>
 <GBSeq_organism>Winogradskyella eximia</GBSeq_organism>
 <GBSeq_organism>Dokdonia genika</GBSeq_organism>
 <GBSeq_organism>Tenacibaculum maritimum</GBSeq_organism>
