 <GBSeq_organism>Polynucleobacter necessarius subsp. necessarius</GBSeq_organism>
 <GBSeq_organism>Ramlibacter tataouinensis TTB310</GBSeq_organism>
 <GBSeq_organism>Limnohabitans curvus</GBSeq_organism>
 <GBSeq_organism>Rhodoferax fermentans</GBSeq_organism>
 <GBSeq_organism>Rhodoferax antarcticus ANT.BR</GBSeq_organism>
 <GBSeq_organism>Simplicispira metamorpha</GBSeq_organism>
 <GBSeq_organism>Xenophilus azovorans</GBSeq_organism>
 <GBSeq_organism>Pelomonas saccharophila</GBSeq_organism>
 <GBSeq_organism>Giesbergeria voronezhensis</GBSeq_organism>
 <GBSeq_organism>Polaromonas aquatica</GBSeq_organism>
 <GBSeq_organism>Variovorax paradoxus</GBSeq_organism>
 <GBSeq_organism>Polaromonas vacuolata</GBSeq_organism>
 <GBSeq_organism>Pseudorhodoferax soli</GBSeq_organism>
 <GBSeq_organism>Roseateles depolymerans</GBSeq_organism>
 <GBSeq_organism>Curvibacter gracilis</GBSeq_organism>
 <GBSeq_organism>Comamonas testosteroni</GBSeq_organism>
 <GBSeq_organism>Hydrogenophaga flava</GBSeq_organism>
 <GBSeq_organism>Rhodoferax ferrireducens T118</GBSeq_organism>
 <GBSeq_organism>Malikia granosa</GBSeq_organism>
 <GBSeq_organism>Curvibacter lanceolatus</GBSeq_organism>
 <GBSeq_organism>Variovorax boronicumulans NBRC 103145</GBSeq_organism>
 <GBSeq_organism>Duganella zoogloeoides</GBSeq_organism>
 <GBSeq_organism>Pseudacidovorax intermedius</GBSeq_organism>
 <GBSeq_organism>Macromonas bipunctata</GBSeq_organism>
 <GBSeq_organism>Schlegelella thermodepolymerans</GBSeq_organism>
