 <GBSeq_organism>Mesorhizobium temperatum</GBSeq_organism>
 <GBSeq_organism>Mesorhizobium ciceri</GBSeq_organism>
 <GBSeq_organism>Mesorhizobium plurifarium</GBSeq_organism>
 <GBSeq_organism>Rhizobium tropici CIAT 899</GBSeq_organism>
 <GBSeq_organism>Bradyrhizobium japonicum</GBSeq_organism>
 <GBSeq_organism>Mesorhizobium amorphae</GBSeq_organism>
 <GBSeq_organism>Phyllobacterium trifolii</GBSeq_organism>
 <GBSeq_organism>Mesorhizobium thiogangeticum</GBSeq_organism>
 <GBSeq_organism>Mesorhizobium metallidurans STM 2683</GBSeq_organism>
 <GBSeq_organism>Sinorhizobium saheli</GBSeq_organism>
 <GBSeq_organism>Neorhizobium galegae</GBSeq_organism>
 <GBSeq_organism>Rhizobium etli CFN 42</GBSeq_organism>
 <GBSeq_organism>Azorhizobium caulinodans ORS 571</GBSeq_organism>
 <GBSeq_organism>Phyllobacterium myrsinacearum</GBSeq_organism>
 <GBSeq_organism>Mesorhizobium loti</GBSeq_organism>
 <GBSeq_organism>Agrobacterium tumefaciens</GBSeq_organism>
 <GBSeq_organism>Mesorhizobium mediterraneum</GBSeq_organism>
 <GBSeq_organism>Mesorhizobium chacoense</GBSeq_organism>
 <GBSeq_organism>Mesorhizobium huakuii</GBSeq_organism>
 <GBSeq_organism>Mesorhizobium septentrionale</GBSeq_organism>
 <GBSeq_organism>Sinorhizobium meliloti</GBSeq_organism>
 <GBSeq_organism>Sinorhizobium fredii</GBSeq_organism>
 <GBSeq_organism>Mesorhizobium albiziae</GBSeq_organism>
