 <GBSeq_organism>Thermoanaerobacterium thermosulfurigenes</GBSeq_organism>
 <GBSeq_organism>Thermoanaerobacter uzonensis</GBSeq_organism>
 <GBSeq_organism>Thermoanaerobacter brockii subsp. finnii</GBSeq_organism>
 <GBSeq_organism>Thermoanaerobacter thermocopriae JCM 7501</GBSeq_organism>
 <GBSeq_organism>Thermoanaerobacter pseudethanolicus ATCC 33223</GBSeq_organism>
 <GBSeq_organism>Thermoanaerobacter sulfurophilus</GBSeq_organism>
 <GBSeq_organism>Thermoanaerobacter siderophilus SR4</GBSeq_organism>
 <GBSeq_organism>Thermoanaerobacter uzonensis</GBSeq_organism>
 <GBSeq_organism>Thermoanaerobacter wiegelii Rt8.B1</GBSeq_organism>
 <GBSeq_organism>Thermoanaerobacter kivui</GBSeq_organism>
 <GBSeq_organism>Thermoanaerobacter brockii</GBSeq_organism>
 <GBSeq_organism>Thermoanaerobacter brockii subsp. lactiethylicus</GBSeq_organism>
 <GBSeq_organism>Thermoanaerobacter uzonensis</GBSeq_organism>
 <GBSeq_organism>Thermoanaerobacter acetoethylicus</GBSeq_organism>
 <GBSeq_organism>Thermoanaerobacter thermohydrosulfuricus</GBSeq_organism>
 <GBSeq_organism>Caldanaerobacter subterraneus</GBSeq_organism>
 <GBSeq_organism>Thermoanaerobacter italicus Ab9</GBSeq_organism>
 <GBSeq_organism>Thermoanaerobacter uzonensis</GBSeq_organism>
 <GBSeq_organism>Thermoanaerobacter sulfurigignens</GBSeq_organism>
 <GBSeq_organism>Clostridium uzonii</GBSeq_organism>
 <GBSeq_organism>Thermoanaerobacter ethanolicus</GBSeq_organism>
