 <GBSeq_organism>Sphingomonas phyllosphaerae</GBSeq_organism>
 <GBSeq_organism>Sphingomonas mucosissima</GBSeq_organism>
 <GBSeq_organism>Sphingomonas roseiflava</GBSeq_organism>
 <GBSeq_organism>Sphingomonas faeni</GBSeq_organism>
 <GBSeq_organism>Sphingomonas pituitosa</GBSeq_organism>
 <GBSeq_organism>Sphingomonas soli</GBSeq_organism>
 <GBSeq_organism>Sphingomonas pruni</GBSeq_organism>
 <GBSeq_organism>Sphingomonas trueperi</GBSeq_organism>
 <GBSeq_organism>Sphingomonas desiccabilis</GBSeq_organism>
 <GBSeq_organism>Porphyrobacter neustonensis</GBSeq_organism>
 <GBSeq_organism>Sphingomonas panni</GBSeq_organism>
 <GBSeq_organism>Sphingomonas molluscorum</GBSeq_organism>
 <GBSeq_organism>Sphingopyxis macrogoltabida</GBSeq_organism>
 <GBSeq_organism>Sphingomonas mali</GBSeq_organism>
 <GBSeq_organism>Sphingomonas insulae</GBSeq_organism>
 <GBSeq_organism>Sphingomonas asaccharolytica</GBSeq_organism>
 <GBSeq_organism>Rhodospirillum rubrum ATCC 11170</GBSeq_organism>
 <GBSeq_organism>Sphingomonas aquatilis</GBSeq_organism>
 <GBSeq_organism>Sphingobium xenophagum</GBSeq_organism>
 <GBSeq_organism>Sphingomonas astaxanthinifaciens DSM 22298</GBSeq_organism>
 <GBSeq_organism>Sphingomonas aurantiaca</GBSeq_organism>
 <GBSeq_organism>Sphingomonas aerolata</GBSeq_organism>
 <GBSeq_organism>Sphingomonas yunnanensis</GBSeq_organism>
 <GBSeq_organism>Sphingomonas kaistensis</GBSeq_organism>
 <GBSeq_organism>Sphingomonas koreensis</GBSeq_organism>
 <GBSeq_organism>Sphingomonas fennica</GBSeq_organism>
 <GBSeq_organism>Sphingomonas pseudosanguinis</GBSeq_organism>
 <GBSeq_organism>Sphingomonas haloaromaticamans</GBSeq_organism>
 <GBSeq_organism>Sphingomonas abaci</GBSeq_organism>
 <GBSeq_organism>Sphingopyxis taejonensis</GBSeq_organism>
