 <GBSeq_organism>Helicobacter hepaticus</GBSeq_organism>
 <GBSeq_organism>Helicobacter suis</GBSeq_organism>
 <GBSeq_organism>Helicobacter heilmannii</GBSeq_organism>
 <GBSeq_organism>Helicobacter suis HS1</GBSeq_organism>
 <GBSeq_organism>Helicobacter heilmannii</GBSeq_organism>
 <GBSeq_organism>Helicobacter heilmannii</GBSeq_organism>
 <GBSeq_organism>Helicobacter bizzozeronii</GBSeq_organism>
 <GBSeq_organism>Helicobacter salomonis</GBSeq_organism>
 <GBSeq_organism>Helicobacter felis</GBSeq_organism>
 <GBSeq_organism>Helicobacter cynogastricus</GBSeq_organism>
 <GBSeq_organism>Helicobacter heilmannii</GBSeq_organism>
 <GBSeq_organism>Helicobacter baculiformis</GBSeq_organism>
 <GBSeq_organism>Helicobacter pylori</GBSeq_organism>
 <GBSeq_organism>Helicobacter bizzozeronii</GBSeq_organism>
 <GBSeq_organism>Helicobacter salomonis</GBSeq_organism>
 <GBSeq_organism>Helicobacter mustelae</GBSeq_organism>
 <GBSeq_organism>Helicobacter heilmannii</GBSeq_organism>
 <GBSeq_organism>Helicobacter heilmannii</GBSeq_organism>
 <GBSeq_organism>Helicobacter heilmannii</GBSeq_organism>
 <GBSeq_organism>Helicobacter felis ATCC 49179</GBSeq_organism>
 <GBSeq_organism>Helicobacter suis</GBSeq_organism>
 <GBSeq_organism>Helicobacter pylori</GBSeq_organism>
 <GBSeq_organism>Helicobacter heilmannii</GBSeq_organism>
 <GBSeq_organism>Helicobacter heilmannii</GBSeq_organism>
