 <GBSeq_organism>Streptomyces globisporus subsp. globisporus</GBSeq_organism>
 <GBSeq_organism>Streptomyces purpureus</GBSeq_organism>
 <GBSeq_organism>Streptomyces badius</GBSeq_organism>
 <GBSeq_organism>Streptomyces pratensis</GBSeq_organism>
 <GBSeq_organism>Streptomyces plumbiresistens</GBSeq_organism>
 <GBSeq_organism>Streptomyces gobitricini</GBSeq_organism>
 <GBSeq_organism>Streptomyces californicus</GBSeq_organism>
 <GBSeq_organism>Streptomyces flavovariabilis</GBSeq_organism>
 <GBSeq_organism>Streptomyces fimicarius</GBSeq_organism>
 <GBSeq_organism>Streptomyces parvus</GBSeq_organism>
 <GBSeq_organism>Streptomyces sindenensis</GBSeq_organism>
 <GBSeq_organism>Streptomyces cyaneus</GBSeq_organism>
 <GBSeq_organism>Streptomyces albovinaceus</GBSeq_organism>
 <GBSeq_organism>Streptomyces ciscaucasicus</GBSeq_organism>
 <GBSeq_organism>Streptomyces rubiginosohelvolus</GBSeq_organism>
 <GBSeq_organism>Streptomyces griseus</GBSeq_organism>
 <GBSeq_organism>Streptomyces cinnabarinus</GBSeq_organism>
 <GBSeq_organism>Streptomyces pluricolorescens</GBSeq_organism>
 <GBSeq_organism>Streptomyces cyaneofuscatus</GBSeq_organism>
 <GBSeq_organism>Streptomyces sundarbansensis</GBSeq_organism>
 <GBSeq_organism>Streptomyces lavendofoliae</GBSeq_organism>
 <GBSeq_organism>Streptomyces antibioticus JCM 4620</GBSeq_organism>
 <GBSeq_organism>Streptomyces puniceus</GBSeq_organism>
 <GBSeq_organism>Streptomyces griseorubiginosus</GBSeq_organism>
 <GBSeq_organism>Streptomyces floridae</GBSeq_organism>
