 <GBSeq_organism>Escherichia coli DSM 30083 = JCM 1649 = ATCC 11775</GBSeq_organism>
 <GBSeq_organism>Alteromonas stellipolaris</GBSeq_organism>
 <GBSeq_organism>Idiomarina abyssalis</GBSeq_organism>
 <GBSeq_organism>Shewanella japonica</GBSeq_organism>
 <GBSeq_organism>Colwellia psychrerythraea</GBSeq_organism>
 <GBSeq_organism>Aestuariibacter salexigens</GBSeq_organism>
 <GBSeq_organism>Vibrio cholerae</GBSeq_organism>
 <GBSeq_organism>Salinimonas chungwhensis</GBSeq_organism>
 <GBSeq_organism>Psychromonas antarctica</GBSeq_organism>
 <GBSeq_organism>Alteromonas marina</GBSeq_organism>
 <GBSeq_organism>Pseudoalteromonas rubra ATCC 29570</GBSeq_organism>
 <GBSeq_organism>Glaciecola punicea</GBSeq_organism>
 <GBSeq_organism>Marinobacter hydrocarbonoclasticus ATCC 49840</GBSeq_organism>
 <GBSeq_organism>Alteromonas litorea</GBSeq_organism>
 <GBSeq_organism>Pseudoalteromonas haloplanktis</GBSeq_organism>
 <GBSeq_organism>Alteromonas macleodii</GBSeq_organism>
 <GBSeq_organism>Aeromonas jandaei</GBSeq_organism>
 <GBSeq_organism>Plesiomonas shigelloides</GBSeq_organism>
 <GBSeq_organism>Aestuariibacter halophilus</GBSeq_organism>
 <GBSeq_organism>Glaciecola pallidula DSM 14239 = ACAM 615</GBSeq_organism>
 <GBSeq_organism>Glaciecola mesophila KMM 241</GBSeq_organism>
 <GBSeq_organism>Alishewanella fetalis</GBSeq_organism>
