 <GBSeq_organism>Massilia plicata</GBSeq_organism>
 <GBSeq_organism>Telluria chitinolytica</GBSeq_organism>
 <GBSeq_organism>Massilia suwonensis</GBSeq_organism>
 <GBSeq_organism>Janthinobacterium agaricidamnosum</GBSeq_organism>
 <GBSeq_organism>Pseudoduganella violaceinigra</GBSeq_organism>
 <GBSeq_organism>Herminiimonas fonticola</GBSeq_organism>
 <GBSeq_organism>Massilia aurea</GBSeq_organism>
 <GBSeq_organism>Massilia consociata</GBSeq_organism>
 <GBSeq_organism>Herminiimonas aquatilis</GBSeq_organism>
 <GBSeq_organism>Massilia aerilata</GBSeq_organism>
 <GBSeq_organism>Massilia niabensis</GBSeq_organism>
 <GBSeq_organism>Massilia niastensis</GBSeq_organism>
 <GBSeq_organism>Massilia albidiflava</GBSeq_organism>
 <GBSeq_organism>Undibacterium pigrum</GBSeq_organism>
 <GBSeq_organism>Paucimonas lemoignei</GBSeq_organism>
 <GBSeq_organism>Massilia jejuensis</GBSeq_organism>
 <GBSeq_organism>Massilia brevitalea</GBSeq_organism>
 <GBSeq_organism>Telluria mixta DSM 4832</GBSeq_organism>
 <GBSeq_organism>Massilia timonae</GBSeq_organism>
 <GBSeq_organism>Janthinobacterium lividum</GBSeq_organism>
 <GBSeq_organism>Massilia lutea</GBSeq_organism>
 <GBSeq_organism>Herminiimonas saxobsidens</GBSeq_organism>
 <GBSeq_organism>Massilia haematophila</GBSeq_organism>
 <GBSeq_organism>Duganella zoogloeoides</GBSeq_organism>
 <GBSeq_organism>Massilia dura</GBSeq_organism>
 <GBSeq_organism>Massilia varians</GBSeq_organism>
