 <GBSeq_organism>Blautia coccoides</GBSeq_organism>
 <GBSeq_organism>Syntrophococcus sucromutans</GBSeq_organism>
 <GBSeq_organism>Blautia hydrogenotrophica</GBSeq_organism>
 <GBSeq_organism>Ruminococcus torques ATCC 27756</GBSeq_organism>
 <GBSeq_organism>[Clostridium] methoxybenzovorans SR3</GBSeq_organism>
 <GBSeq_organism>Blautia wexlerae DSM 19850</GBSeq_organism>
 <GBSeq_organism>Anaerostipes caccae</GBSeq_organism>
 <GBSeq_organism>Butyrivibrio fibrisolvens</GBSeq_organism>
 <GBSeq_organism>Catonella morbi ATCC 51271</GBSeq_organism>
 <GBSeq_organism>[Ruminococcus] obeum</GBSeq_organism>
 <GBSeq_organism>Ruminococcus gnavus ATCC 29149</GBSeq_organism>
 <GBSeq_organism>[Clostridium] populeti</GBSeq_organism>
 <GBSeq_organism>Tyzzerella nexilis DSM 1787</GBSeq_organism>
 <GBSeq_organism>Eubacterium ventriosum</GBSeq_organism>
 <GBSeq_organism>Dorea formicigenerans</GBSeq_organism>
 <GBSeq_organism>Eubacterium xylanophilum</GBSeq_organism>
 <GBSeq_organism>[Clostridium] xylanolyticum</GBSeq_organism>
 <GBSeq_organism>[Clostridium] symbiosum</GBSeq_organism>
 <GBSeq_organism>Blautia hansenii DSM 20583</GBSeq_organism>
 <GBSeq_organism>[Clostridium] clostridioforme</GBSeq_organism>
 <GBSeq_organism>[Clostridium] oroticum</GBSeq_organism>
 <GBSeq_organism>Johnsonella ignava ATCC 51276</GBSeq_organism>
 <GBSeq_organism>Blautia schinkii</GBSeq_organism>
 <GBSeq_organism>Lachnospira pectinoschiza</GBSeq_organism>
 <GBSeq_organism>Blautia luti</GBSeq_organism>
 <GBSeq_organism>[Clostridium] polysaccharolyticum</GBSeq_organism>
 <GBSeq_organism>Ruminococcus lactaris ATCC 29176</GBSeq_organism>
 <GBSeq_organism>Blautia producta ATCC 27340 = DSM 2950</GBSeq_organism>
 <GBSeq_organism>[Clostridium] algidixylanolyticum</GBSeq_organism>
 <GBSeq_organism>[Eubacterium] contortum</GBSeq_organism>
 <GBSeq_organism>[Clostridium] herbivorans</GBSeq_organism>
