 <GBSeq_organism>Cryptococcus peneaus</GBSeq_organism>
 <GBSeq_organism>Trimorphomyces papilionaceus</GBSeq_organism>
 <GBSeq_organism>Hannaella oryzae</GBSeq_organism>
 <GBSeq_organism>Bullera dendrophila</GBSeq_organism>
 <GBSeq_organism>Taphrina californica</GBSeq_organism>
 <GBSeq_organism>Bullera pseudoalba</GBSeq_organism>
 <GBSeq_organism>Bullera hannae</GBSeq_organism>
 <GBSeq_organism>Tsuchiyaea wingfieldii</GBSeq_organism>
 <GBSeq_organism>Bulleromyces albus</GBSeq_organism>
 <GBSeq_organism>Bullera dendrophila</GBSeq_organism>
 <GBSeq_organism>Trimorphomyces papilionaceus</GBSeq_organism>
 <GBSeq_organism>Hannaella luteola</GBSeq_organism>
 <GBSeq_organism>Cryptococcus neoformans var. neoformans</GBSeq_organism>
 <GBSeq_organism>Cryptococcus podzolicus</GBSeq_organism>
 <GBSeq_organism>Cryptococcus victoriae</GBSeq_organism>
 <GBSeq_organism>Hannaella oryzae</GBSeq_organism>
 <GBSeq_organism>Bulleromyces albus</GBSeq_organism>
 <GBSeq_organism>Tsuchiyaea wingfieldii</GBSeq_organism>
 <GBSeq_organism>Bullera unica</GBSeq_organism>
 <GBSeq_organism>Bullera penniseticola</GBSeq_organism>
 <GBSeq_organism>Trichosporon ovoides</GBSeq_organism>
 <GBSeq_organism>Tarentola boettgeri bischoffi</GBSeq_organism>
 <GBSeq_organism>Dioszegia hungarica</GBSeq_organism>
 <GBSeq_organism>Bullera globospora</GBSeq_organism>
 <GBSeq_organism>Cryptococcus dimennae</GBSeq_organism>
 <GBSeq_organism>Cryptococcus flavescens</GBSeq_organism>
 <GBSeq_organism>Cryptococcus laurentii</GBSeq_organism>
 <GBSeq_organism>Bullera unica</GBSeq_organism>
 <GBSeq_organism>Bullera globospora</GBSeq_organism>
