 <GBSeq_organism>Bacillus gibsonii</GBSeq_organism>
 <GBSeq_organism>Bacillus bogoriensis</GBSeq_organism>
 <GBSeq_organism>Bacillus plakortidis</GBSeq_organism>
 <GBSeq_organism>Bacillus patagoniensis</GBSeq_organism>
 <GBSeq_organism>Bacillus pseudofirmus</GBSeq_organism>
 <GBSeq_organism>Anaerobacillus arseniciselenatis</GBSeq_organism>
 <GBSeq_organism>Bacillus halodurans</GBSeq_organism>
 <GBSeq_organism>Bacillus decolorationis</GBSeq_organism>
 <GBSeq_organism>Paenibacillus durus</GBSeq_organism>
 <GBSeq_organism>Paenibacillus massiliensis</GBSeq_organism>
 <GBSeq_organism>Bacillus krulwichiae</GBSeq_organism>
 <GBSeq_organism>Vibrio diazotrophicus</GBSeq_organism>
 <GBSeq_organism>Anaerobacillus alkalidiazotrophicus</GBSeq_organism>
 <GBSeq_organism>Bacillus murimartini</GBSeq_organism>
 <GBSeq_organism>Bacillus alcalophilus ATCC 27647</GBSeq_organism>
 <GBSeq_organism>Bacillus akibai</GBSeq_organism>
 <GBSeq_organism>Anaerobacillus arseniciselenatis</GBSeq_organism>
 <GBSeq_organism>Bacillus pseudalcaliphilus</GBSeq_organism>
 <GBSeq_organism>Bacillus hemicellulosilyticus</GBSeq_organism>
 <GBSeq_organism>Bacillus algicola</GBSeq_organism>
 <GBSeq_organism>[Clostridium] cellobioparum DSM 1351 = ATCC 15832</GBSeq_organism>
 <GBSeq_organism>Bacillus hwajinpoensis</GBSeq_organism>
 <GBSeq_organism>Anaerobacillus alkalidiazotrophicus</GBSeq_organism>
 <GBSeq_organism>Bacillus clausii</GBSeq_organism>
 <GBSeq_organism>Bacillus subtilis</GBSeq_organism>
 <GBSeq_organism>Bacillus oshimensis</GBSeq_organism>
