 <GBSeq_organism>Geobacter bemidjiensis Bem</GBSeq_organism>
 <GBSeq_organism>Propionispora vibrioides</GBSeq_organism>
 <GBSeq_organism>Desulfuromonas acetoxidans</GBSeq_organism>
 <GBSeq_organism>Desulfitobacterium metallireducens DSM 15288</GBSeq_organism>
 <GBSeq_organism>Geobacter argillaceus</GBSeq_organism>
 <GBSeq_organism>Thermotoga maritima</GBSeq_organism>
 <GBSeq_organism>Geothrix fermentans</GBSeq_organism>
 <GBSeq_organism>Geobacter chapellei</GBSeq_organism>
 <GBSeq_organism>Geobacter bremensis</GBSeq_organism>
 <GBSeq_organism>Pelobacter carbinolicus DSM 2380</GBSeq_organism>
 <GBSeq_organism>Desulfovibrio vulgaris str. Hildenborough</GBSeq_organism>
 <GBSeq_organism>Acetonema longum DSM 6540</GBSeq_organism>
 <GBSeq_organism>Anaeroarcus burkinensis</GBSeq_organism>
 <GBSeq_organism>Geobacter humireducens</GBSeq_organism>
 <GBSeq_organism>Geobacter hydrogenophilus</GBSeq_organism>
 <GBSeq_organism>Pelosinus fermentans DSM 17108</GBSeq_organism>
 <GBSeq_organism>Desulfosporosinus meridiei</GBSeq_organism>
 <GBSeq_organism>uncultured Clostridia bacterium</GBSeq_organism>
 <GBSeq_organism>Desulfobacter postgatei 2ac9</GBSeq_organism>
 <GBSeq_organism>Propionispira arboris</GBSeq_organism>
 <GBSeq_organism>Geobacter metallireducens</GBSeq_organism>
 <GBSeq_organism>Acidaminococcus fermentans DSM 20731</GBSeq_organism>
 <GBSeq_organism>Aquifex aeolicus VF5</GBSeq_organism>
 <GBSeq_organism>Anaerospora hongkongensis</GBSeq_organism>
