 <GBSeq_organism>Marinomonas alcarazii</GBSeq_organism>
 <GBSeq_organism>Marinomonas ushuaiensis</GBSeq_organism>
 <GBSeq_organism>Marinomonas aquimarina</GBSeq_organism>
 <GBSeq_organism>Marinomonas pontica</GBSeq_organism>
 <GBSeq_organism>Marinomonas arenicola</GBSeq_organism>
 <GBSeq_organism>Oceanospirillum linum</GBSeq_organism>
 <GBSeq_organism>Marinomonas vaga</GBSeq_organism>
 <GBSeq_organism>Marinomonas rhizomae</GBSeq_organism>
 <GBSeq_organism>Marinobacter hydrocarbonoclasticus ATCC 49840</GBSeq_organism>
 <GBSeq_organism>Marinomonas aquiplantarum</GBSeq_organism>
 <GBSeq_organism>Pseudoalteromonas haloplanktis</GBSeq_organism>
 <GBSeq_organism>Marinomonas ostreistagni</GBSeq_organism>
 <GBSeq_organism>Marinomonas polaris</GBSeq_organism>
 <GBSeq_organism>Alteromonas macleodii</GBSeq_organism>
 <GBSeq_organism>Marinomonas posidonica IVIA-Po-181</GBSeq_organism>
 <GBSeq_organism>Marinomonas foliarum</GBSeq_organism>
 <GBSeq_organism>Vibrio cholerae</GBSeq_organism>
 <GBSeq_organism>Marinomonas pollencensis</GBSeq_organism>
 <GBSeq_organism>Marinomonas balearica</GBSeq_organism>
 <GBSeq_organism>Marinomonas basaltis</GBSeq_organism>
