 <GBSeq_organism>Enterococcus canintestini</GBSeq_organism>
 <GBSeq_organism>Enterococcus asini</GBSeq_organism>
 <GBSeq_organism>Enterococcus faecium</GBSeq_organism>
 <GBSeq_organism>Enterococcus dispar ATCC 51266</GBSeq_organism>
 <GBSeq_organism>Enterococcus faecium</GBSeq_organism>
 <GBSeq_organism>Tetragenococcus solitarius</GBSeq_organism>
 <GBSeq_organism>Enterococcus avium ATCC 14025</GBSeq_organism>
 <GBSeq_organism>Enterococcus canis</GBSeq_organism>
 <GBSeq_organism>Enterococcus asini</GBSeq_organism>
 <GBSeq_organism>Enterococcus faecalis</GBSeq_organism>
 <GBSeq_organism>Enterococcus canis</GBSeq_organism>
 <GBSeq_organism>Enterococcus canintestini</GBSeq_organism>
 <GBSeq_organism>Enterococcus dispar ATCC 51266</GBSeq_organism>
 <GBSeq_organism>Enterococcus saccharolyticus ATCC 43076</GBSeq_organism>
 <GBSeq_organism>Tetragenococcus solitarius</GBSeq_organism>
 <GBSeq_organism>Enterococcus gallinarum</GBSeq_organism>
 <GBSeq_organism>Enterococcus gallinarum</GBSeq_organism>
 <GBSeq_organism>Enterococcus faecalis</GBSeq_organism>
 <GBSeq_organism>Enterococcus avium ATCC 14025</GBSeq_organism>
 <GBSeq_organism>Enterococcus saccharolyticus ATCC 43076</GBSeq_organism>
