 <GBSeq_organism>Arthrobacter methylotrophus</GBSeq_organism>
 <GBSeq_organism>Arthrobacter russicus</GBSeq_organism>
 <GBSeq_organism>Arthrobacter citreus</GBSeq_organism>
 <GBSeq_organism>Arthrobacter agilis</GBSeq_organism>
 <GBSeq_organism>Arthrobacter ureafaciens</GBSeq_organism>
 <GBSeq_organism>Arthrobacter oxydans</GBSeq_organism>
 <GBSeq_organism>Arthrobacter gandavensis</GBSeq_organism>
 <GBSeq_organism>Arthrobacter histidinolovorans</GBSeq_organism>
 <GBSeq_organism>Arthrobacter ilicis</GBSeq_organism>
 <GBSeq_organism>Arthrobacter stackebrandtii</GBSeq_organism>
 <GBSeq_organism>Arthrobacter luteolus</GBSeq_organism>
 <GBSeq_organism>Arthrobacter chlorophenolicus</GBSeq_organism>
 <GBSeq_organism>Arthrobacter psychrolactophilus</GBSeq_organism>
 <GBSeq_organism>Rothia mucilaginosa</GBSeq_organism>
 <GBSeq_organism>Arthrobacter koreensis</GBSeq_organism>
 <GBSeq_organism>Jonesia denitrificans DSM 20603</GBSeq_organism>
 <GBSeq_organism>Arthrobacter nicotinovorans</GBSeq_organism>
 <GBSeq_organism>Arthrobacter roseus</GBSeq_organism>
 <GBSeq_organism>Rothia dentocariosa ATCC 17931</GBSeq_organism>
 <GBSeq_organism>Arthrobacter sulfonivorans</GBSeq_organism>
 <GBSeq_organism>Arthrobacter polychromogenes</GBSeq_organism>
 <GBSeq_organism>Kytococcus sedentarius</GBSeq_organism>
 <GBSeq_organism>Dermatophilus congolensis DSM 44180 = NBRC 105199</GBSeq_organism>
 <GBSeq_organism>Arthrobacter aurescens</GBSeq_organism>
 <GBSeq_organism>Kocuria kristinae</GBSeq_organism>
