 <GBSeq_organism>Exophiala sp. OR302-3</GBSeq_organism>
 <GBSeq_organism>Cladophialophora bantiana</GBSeq_organism>
 <GBSeq_organism>Exophiala crusticola</GBSeq_organism>
 <GBSeq_organism>Exophiala alcalophila</GBSeq_organism>
 <GBSeq_organism>Fonsecaea compacta</GBSeq_organism>
 <GBSeq_organism>Phialophora verrucosa</GBSeq_organism>
 <GBSeq_organism>Capronia pilosella</GBSeq_organism>
 <GBSeq_organism>Capronia dactylotricha</GBSeq_organism>
 <GBSeq_organism>Exophiala jeanselmei</GBSeq_organism>
 <GBSeq_organism>Cladophialophora arxii</GBSeq_organism>
 <GBSeq_organism>Capronia acutiseta</GBSeq_organism>
 <GBSeq_organism>Capronia semiimmersa</GBSeq_organism>
 <GBSeq_organism>Capronia coronata</GBSeq_organism>
 <GBSeq_organism>Exophiala spinifera</GBSeq_organism>
 <GBSeq_organism>Exophiala dermatitidis</GBSeq_organism>
 <GBSeq_organism>Cladophialophora devriesii</GBSeq_organism>
 <GBSeq_organism>Capronia pulcherrima</GBSeq_organism>
 <GBSeq_organism>Cladophialophora minourae</GBSeq_organism>
 <GBSeq_organism>Exophiala pisciphila</GBSeq_organism>
 <GBSeq_organism>Exophiala moniliae</GBSeq_organism>
 <GBSeq_organism>Fonsecaea pedrosoi</GBSeq_organism>
