 <GBSeq_organism>Sphingomonas paucimobilis</GBSeq_organism>
 <GBSeq_organism>Sphingobium yanoikuyae</GBSeq_organism>
 <GBSeq_organism>Sphingopyxis flavimaris</GBSeq_organism>
 <GBSeq_organism>Sphingobium chlorophenolicum</GBSeq_organism>
 <GBSeq_organism>Sphingopyxis terrae</GBSeq_organism>
 <GBSeq_organism>Sphingomonas trueperi</GBSeq_organism>
 <GBSeq_organism>Sphingopyxis macrogoltabida</GBSeq_organism>
 <GBSeq_organism>Sphingopyxis witflariensis</GBSeq_organism>
 <GBSeq_organism>Blastomonas natatoria</GBSeq_organism>
 <GBSeq_organism>Novosphingobium subterraneum</GBSeq_organism>
 <GBSeq_organism>Sphingopyxis chilensis</GBSeq_organism>
 <GBSeq_organism>Erythrobacter longus</GBSeq_organism>
 <GBSeq_organism>Sphingomonas aquatilis</GBSeq_organism>
 <GBSeq_organism>Erythrobacter citreus</GBSeq_organism>
 <GBSeq_organism>Novosphingobium capsulatum</GBSeq_organism>
 <GBSeq_organism>Sphingomonas echinoides ATCC 14820</GBSeq_organism>
 <GBSeq_organism>Sandaracinobacter sibiricus</GBSeq_organism>
 <GBSeq_organism>Novosphingobium resinovorum</GBSeq_organism>
 <GBSeq_organism>Sphingomonas koreensis</GBSeq_organism>
 <GBSeq_organism>Sphingomonas adhaesiva</GBSeq_organism>
 <GBSeq_organism>Sphingopyxis taejonensis</GBSeq_organism>
