 <GBSeq_organism>Pedobacter composti</GBSeq_organism>
 <GBSeq_organism>Pedobacter oryzae DSM 19973</GBSeq_organism>
 <GBSeq_organism>Pedobacter westerhofensis</GBSeq_organism>
 <GBSeq_organism>Pedobacter nyackensis</GBSeq_organism>
 <GBSeq_organism>Pedobacter lentus</GBSeq_organism>
 <GBSeq_organism>Pedobacter hartonius</GBSeq_organism>
 <GBSeq_organism>Pedobacter agri PB92</GBSeq_organism>
 <GBSeq_organism>Pedobacter alluvionis</GBSeq_organism>
 <GBSeq_organism>Pedobacter borealis</GBSeq_organism>
 <GBSeq_organism>Pedobacter terricola</GBSeq_organism>
 <GBSeq_organism>Pedobacter rhizosphaerae</GBSeq_organism>
 <GBSeq_organism>Mucilaginibacter paludis DSM 18603</GBSeq_organism>
 <GBSeq_organism>Olivibacter sitiensis</GBSeq_organism>
 <GBSeq_organism>Parapedobacter koreensis</GBSeq_organism>
 <GBSeq_organism>Pedobacter caeni</GBSeq_organism>
 <GBSeq_organism>Pedobacter insulae</GBSeq_organism>
 <GBSeq_organism>Pedobacter metabolipauper</GBSeq_organism>
 <GBSeq_organism>Pedobacter steynii</GBSeq_organism>
 <GBSeq_organism>Pedobacter himalayensis</GBSeq_organism>
 <GBSeq_organism>Pedobacter daechungensis</GBSeq_organism>
 <GBSeq_organism>Pedobacter duraquae</GBSeq_organism>
 <GBSeq_organism>Pedobacter ginsengisoli</GBSeq_organism>
 <GBSeq_organism>Flavobacterium lindanitolerans CIP 109890</GBSeq_organism>
 <GBSeq_organism>Pedobacter soli</GBSeq_organism>
