 <GBSeq_organism>Candidatus Phytoplasma fraxini</GBSeq_organism>
 <GBSeq_organism>Phytoplasma sp.</GBSeq_organism>
 <GBSeq_organism>Candidatus Phytoplasma mali</GBSeq_organism>
 <GBSeq_organism>unidentified mollicute</GBSeq_organism>
 <GBSeq_organism>Candidatus Phytoplasma mali</GBSeq_organism>
 <GBSeq_organism>unidentified mollicute</GBSeq_organism>
 <GBSeq_organism>Phytoplasma sp.</GBSeq_organism>
 <GBSeq_organism>Oenothera phytoplasma 86-7</GBSeq_organism>
 <GBSeq_organism>Candidatus Phytoplasma prunorum</GBSeq_organism>
 <GBSeq_organism>Acholeplasma laidlawii</GBSeq_organism>
 <GBSeq_organism>Coconut lethal yellowing phytoplasma</GBSeq_organism>
 <GBSeq_organism>Phytoplasma sp.</GBSeq_organism>
 <GBSeq_organism>Candidatus Phytoplasma mali</GBSeq_organism>
 <GBSeq_organism>Candidatus Phytoplasma aurantifolia</GBSeq_organism>
 <GBSeq_organism>unidentified mollicute</GBSeq_organism>
 <GBSeq_organism>Mycoplasma sp.</GBSeq_organism>
 <GBSeq_organism>Candidatus Phytoplasma prunorum</GBSeq_organism>
 <GBSeq_organism>Peach yellow leafroll phytoplasma</GBSeq_organism>
 <GBSeq_organism>unidentified mollicute</GBSeq_organism>
 <GBSeq_organism>Candidatus Phytoplasma prunorum</GBSeq_organism>
 <GBSeq_organism>Phytoplasma sp.</GBSeq_organism>
 <GBSeq_organism>Candidatus Phytoplasma mali</GBSeq_organism>
 <GBSeq_organism>Candidatus Phytoplasma pyri</GBSeq_organism>
 <GBSeq_organism>Candidatus Phytoplasma phoenicium</GBSeq_organism>
 <GBSeq_organism>Candidatus Phytoplasma pyri</GBSeq_organism>
