 <GBSeq_organism>Calothrix sp. XP9A</GBSeq_organism>
 <GBSeq_organism>Rivularia sp. XSP25A</GBSeq_organism>
 <GBSeq_organism>Tolypothrix sp. PCC 7504</GBSeq_organism>
 <GBSeq_organism>Brasilonema bromeliae</GBSeq_organism>
 <GBSeq_organism>Calothrix sp. BIR LS4</GBSeq_organism>
 <GBSeq_organism>Calothrix sp. UAM 342</GBSeq_organism>
 <GBSeq_organism>Calothrix sp. UAM 373</GBSeq_organism>
 <GBSeq_organism>Tolypothrix distorta</GBSeq_organism>
 <GBSeq_organism>Calothrix sp. BECID6</GBSeq_organism>
 <GBSeq_organism>Calothrix parietina</GBSeq_organism>
 <GBSeq_organism>Calothrix sp. UAM 374</GBSeq_organism>
 <GBSeq_organism>Tolypothrix sp. UAM 371</GBSeq_organism>
 <GBSeq_organism>Rivularia sp. UAM 347</GBSeq_organism>
 <GBSeq_organism>cf. Calothrix sp. &apos;muscicolous cyanobiont 5&apos;</GBSeq_organism>
 <GBSeq_organism>Calothrix sp. XSP10A</GBSeq_organism>
 <GBSeq_organism>Spirirestis rafaelensis SRS6</GBSeq_organism>
 <GBSeq_organism>Hepatitis C virus subtype 1b</GBSeq_organism>
 <GBSeq_organism>Coleodesmium wrangelii</GBSeq_organism>
 <GBSeq_organism>Rivularia sp. UAM 305</GBSeq_organism>
 <GBSeq_organism>uncultured Rivularia sp.</GBSeq_organism>
 <GBSeq_organism>Rivularia sp. PCC 7116</GBSeq_organism>
 <GBSeq_organism>Rivularia sp. XP3A</GBSeq_organism>
 <GBSeq_organism>Rivularia sp. XP27A</GBSeq_organism>
 <GBSeq_organism>Calothrix sp. UAM 345</GBSeq_organism>
 <GBSeq_organism>Calothrix sp. UAM 336</GBSeq_organism>
 <GBSeq_organism>Tolypothrix sp. TOL328</GBSeq_organism>
 <GBSeq_organism>Tolypothrix sp. PCC 7415</GBSeq_organism>
 <GBSeq_organism>Tolypothrix sp. UAM 357</GBSeq_organism>
 <GBSeq_organism>uncultured Tolypothrix sp.</GBSeq_organism>
 <GBSeq_organism>Calothrix sp. UAM 315</GBSeq_organism>
 <GBSeq_organism>Tolypothrix sp. UAM 332</GBSeq_organism>
 <GBSeq_organism>Rivularia sp. BECID12</GBSeq_organism>
 <GBSeq_organism>Tolypothrix sp. UAM 334</GBSeq_organism>
 <GBSeq_organism>Gloeotrichia echinulata PYH14</GBSeq_organism>
 <GBSeq_organism>Rivularia atra BIR KRIV1</GBSeq_organism>
 <GBSeq_organism>Calothrix sp. BECID16</GBSeq_organism>
 <GBSeq_organism>Calothrix sp. AHLA9</GBSeq_organism>
 <GBSeq_organism>Tolypothrix sp. UAM 335</GBSeq_organism>
 <GBSeq_organism>Calothrix parietina</GBSeq_organism>
 <GBSeq_organism>Calothrix sp. UAM 372</GBSeq_organism>
 <GBSeq_organism>Calothrix sp. BECID33</GBSeq_organism>
 <GBSeq_organism>Calothrix sp. CCMEE 5093</GBSeq_organism>
 <GBSeq_organism>Rivularia sp. XP16B</GBSeq_organism>
 <GBSeq_organism>Calothrix sp. CAL3361</GBSeq_organism>
 <GBSeq_organism>Coleodesmium wrangelii</GBSeq_organism>
 <GBSeq_organism>Calothrix sp. XP4B</GBSeq_organism>
 <GBSeq_organism>Calothrix sp. DCC D253</GBSeq_organism>
 <GBSeq_organism>Calothrix sp. XP11C</GBSeq_organism>
 <GBSeq_organism>Calothrix sp. PCC 8909</GBSeq_organism>
 <GBSeq_organism>Calothrix desertica PCC 7102</GBSeq_organism>
 <GBSeq_organism>Calothrix parietina</GBSeq_organism>
 <GBSeq_organism>Coleodesmium wrangelii</GBSeq_organism>
 <GBSeq_organism>Gloeotrichia echinulata PYH6</GBSeq_organism>
 <GBSeq_organism>Rivularia sp. BECID10</GBSeq_organism>
 <GBSeq_organism>Coleodesmium sp. ANT.L52B.5</GBSeq_organism>
 <GBSeq_organism>Rivularia sp. UAM 313</GBSeq_organism>
 <GBSeq_organism>Calothrix sp. PCC 7103</GBSeq_organism>
 <GBSeq_organism>Gloeotrichia echinulata URA3</GBSeq_organism>
 <GBSeq_organism>Calothrix sp. PCC 7507</GBSeq_organism>
 <GBSeq_organism>Tolypothrix distorta</GBSeq_organism>
 <GBSeq_organism>Tolypothrix sp. UAM 340</GBSeq_organism>
 <GBSeq_organism>Rivularia atra BIR MGR1</GBSeq_organism>
 <GBSeq_organism>Calothrix sp. UKK3412</GBSeq_organism>
 <GBSeq_organism>Tolypothrix sp. UAM 337</GBSeq_organism>
 <GBSeq_organism>Hassallia byssoidea</GBSeq_organism>
 <GBSeq_organism>Spirirestis rafaelensis SRS6</GBSeq_organism>
 <GBSeq_organism>Spirirestis rafaelensis SRS6</GBSeq_organism>
 <GBSeq_organism>Scytonema sp. U-3-3</GBSeq_organism>
 <GBSeq_organism>Tolypothrix sp. UAM 333</GBSeq_organism>
 <GBSeq_organism>Calothrix sp. UAM 352</GBSeq_organism>
 <GBSeq_organism>Rexia erecta CAT 1M</GBSeq_organism>
 <GBSeq_organism>Rivularia sp. UAM 302</GBSeq_organism>
