 <GBSeq_organism>Desulfobacterium indolicum</GBSeq_organism>
 <GBSeq_organism>Desulfonema ishimotonii</GBSeq_organism>
 <GBSeq_organism>Desulfatibacillum alkenivorans</GBSeq_organism>
 <GBSeq_organism>Desulfonema magnum str. Montpellier</GBSeq_organism>
 <GBSeq_organism>Desulfococcus biacutus</GBSeq_organism>
 <GBSeq_organism>Desulfosarcina cetonica</GBSeq_organism>
 <GBSeq_organism>Desulfatiglans anilini</GBSeq_organism>
 <GBSeq_organism>Desulfobacterium autotrophicum</GBSeq_organism>
 <GBSeq_organism>[Desulfobacterium] catecholicum</GBSeq_organism>
 <GBSeq_organism>Desulfofaba fastidiosa</GBSeq_organism>
 <GBSeq_organism>Desulfomicrobium baculatum DSM 4028</GBSeq_organism>
 <GBSeq_organism>Desulfofaba hansenii</GBSeq_organism>
 <GBSeq_organism>Neisseria gonorrhoeae</GBSeq_organism>
 <GBSeq_organism>Desulfobacula phenolica</GBSeq_organism>
 <GBSeq_organism>Desulfofaba gelida</GBSeq_organism>
 <GBSeq_organism>Desulfobacterium corrodens</GBSeq_organism>
 <GBSeq_organism>Desulfatibacillum aliphaticivorans</GBSeq_organism>
 <GBSeq_organism>Desulfonema limicola str. Jadebusen</GBSeq_organism>
 <GBSeq_organism>Desulfomicrobium norvegicum</GBSeq_organism>
 <GBSeq_organism>Desulfococcus sp. DSM 8541</GBSeq_organism>
 <GBSeq_organism>Desulfococcus niacini</GBSeq_organism>
 <GBSeq_organism>Desulfofrigus fragile</GBSeq_organism>
 <GBSeq_organism>Desulfofrigus oceanense</GBSeq_organism>
 <GBSeq_organism>Desulfobacterium vacuolatum</GBSeq_organism>
 <GBSeq_organism>Desulfovibrio sp. TBP-1</GBSeq_organism>
 <GBSeq_organism>Desulfomicrobium macestii</GBSeq_organism>
 <GBSeq_organism>Desulfoluna spongiiphila</GBSeq_organism>
