 <GBSeq_organism>Pisciglobus halotolerans</GBSeq_organism>
 <GBSeq_organism>Carnobacterium pleistocenium FTR1</GBSeq_organism>
 <GBSeq_organism>Vagococcus fluvialis</GBSeq_organism>
 <GBSeq_organism>Carnobacterium viridans</GBSeq_organism>
 <GBSeq_organism>Desemzia incerta</GBSeq_organism>
 <GBSeq_organism>Carnobacterium divergens</GBSeq_organism>
 <GBSeq_organism>Atopobacter phocae</GBSeq_organism>
 <GBSeq_organism>Tetragenococcus muriaticus</GBSeq_organism>
 <GBSeq_organism>Enterococcus saccharolyticus ATCC 43076</GBSeq_organism>
 <GBSeq_organism>Trichococcus patagoniensis</GBSeq_organism>
 <GBSeq_organism>Isobaculum melis</GBSeq_organism>
 <GBSeq_organism>Enterococcus termitis</GBSeq_organism>
 <GBSeq_organism>Trichococcus pasteurii</GBSeq_organism>
 <GBSeq_organism>Marinilactibacillus psychrotolerans</GBSeq_organism>
 <GBSeq_organism>Vagococcus fessus</GBSeq_organism>
 <GBSeq_organism>Melissococcus plutonius ATCC 35311</GBSeq_organism>
 <GBSeq_organism>Tetragenococcus halophilus subsp. halophilus</GBSeq_organism>
 <GBSeq_organism>Carnobacterium inhibens</GBSeq_organism>
 <GBSeq_organism>Vagococcus lutrae</GBSeq_organism>
 <GBSeq_organism>Carnobacterium maltaromaticum</GBSeq_organism>
 <GBSeq_organism>Carnobacterium mobile</GBSeq_organism>
 <GBSeq_organism>Vagococcus elongatus</GBSeq_organism>
 <GBSeq_organism>Enterococcus faecalis</GBSeq_organism>
 <GBSeq_organism>Vagococcus salmoninarum</GBSeq_organism>
