 <GBSeq_organism>Pelotomaculum sp. FP</GBSeq_organism>
 <GBSeq_organism>Syntrophomonas wolfei</GBSeq_organism>
 <GBSeq_organism>Pelotomaculum thermopropionicum SI</GBSeq_organism>
 <GBSeq_organism>Thermosyntropha lipolytica</GBSeq_organism>
 <GBSeq_organism>Syntrophomonas bryantii</GBSeq_organism>
 <GBSeq_organism>Syntrophococcus sucromutans</GBSeq_organism>
 <GBSeq_organism>Pelotomaculum schinkii</GBSeq_organism>
 <GBSeq_organism>Syntrophus buswellii</GBSeq_organism>
 <GBSeq_organism>Pelotomaculum sp. FP</GBSeq_organism>
 <GBSeq_organism>Cryptanaerobacter phenolicus</GBSeq_organism>
 <GBSeq_organism>Syntrophobacter pfennigii</GBSeq_organism>
 <GBSeq_organism>Syntrophobotulus glycolicus</GBSeq_organism>
 <GBSeq_organism>Syntrophobacter wolinii</GBSeq_organism>
 <GBSeq_organism>Syntrophomonas sapovorans</GBSeq_organism>
 <GBSeq_organism>Syntrophomonas sp. MGB-C1</GBSeq_organism>
 <GBSeq_organism>Syntrophobacter fumaroxidans MPOB</GBSeq_organism>
 <GBSeq_organism>Desulfotomaculum thermobenzoicum</GBSeq_organism>
 <GBSeq_organism>Pelotomaculum schinkii</GBSeq_organism>
 <GBSeq_organism>Desulfotomaculum thermosapovorans</GBSeq_organism>
 <GBSeq_organism>Syntrophus gentianae</GBSeq_organism>
