 <GBSeq_organism>Treponema berlinense</GBSeq_organism>
 <GBSeq_organism>Treponema succinifaciens DSM 2489</GBSeq_organism>
 <GBSeq_organism>Treponema pedis</GBSeq_organism>
 <GBSeq_organism>Treponema refringens</GBSeq_organism>
 <GBSeq_organism>Treponema parvum</GBSeq_organism>
 <GBSeq_organism>Treponema calligyrum</GBSeq_organism>
 <GBSeq_organism>Treponema phagedenis</GBSeq_organism>
 <GBSeq_organism>Treponema saccharophilum</GBSeq_organism>
 <GBSeq_organism>Treponema vincentii</GBSeq_organism>
 <GBSeq_organism>Treponema pedis</GBSeq_organism>
 <GBSeq_organism>Treponema lecithinolyticum</GBSeq_organism>
 <GBSeq_organism>Treponema pedis</GBSeq_organism>
 <GBSeq_organism>Treponema socranskii subsp. socranskii</GBSeq_organism>
 <GBSeq_organism>Treponema putidum</GBSeq_organism>
 <GBSeq_organism>Treponema bryantii</GBSeq_organism>
 <GBSeq_organism>Treponema brennaborense</GBSeq_organism>
 <GBSeq_organism>Treponema porcinum</GBSeq_organism>
 <GBSeq_organism>Treponema pectinovorum</GBSeq_organism>
 <GBSeq_organism>Treponema medium</GBSeq_organism>
 <GBSeq_organism>Treponema maltophilum</GBSeq_organism>
 <GBSeq_organism>Treponema amylovorum</GBSeq_organism>
 <GBSeq_organism>Treponema pedis</GBSeq_organism>
