 <GBSeq_organism>Roseomonas rosea</GBSeq_organism>
 <GBSeq_organism>Holospora obtusa</GBSeq_organism>
 <GBSeq_organism>Xanthobacter tagetidis</GBSeq_organism>
 <GBSeq_organism>Roseococcus thiosulfatophilus</GBSeq_organism>
 <GBSeq_organism>Craurococcus roseus</GBSeq_organism>
 <GBSeq_organism>Rubritepida flocculans</GBSeq_organism>
 <GBSeq_organism>Ancylobacter aquaticus</GBSeq_organism>
 <GBSeq_organism>Nitrobacter hamburgensis X14</GBSeq_organism>
 <GBSeq_organism>Rhodomicrobium vannielii</GBSeq_organism>
 <GBSeq_organism>Orientia tsutsugamushi</GBSeq_organism>
 <GBSeq_organism>Komagataeibacter hansenii</GBSeq_organism>
 <GBSeq_organism>Anaplasma marginale</GBSeq_organism>
 <GBSeq_organism>Labrys monachus</GBSeq_organism>
 <GBSeq_organism>Acetobacter pomorum</GBSeq_organism>
 <GBSeq_organism>Roseibium hamelinense</GBSeq_organism>
 <GBSeq_organism>Hyphomicrobium zavarzinii</GBSeq_organism>
 <GBSeq_organism>Methylocystis parvus OBBP</GBSeq_organism>
 <GBSeq_organism>Afifella marina</GBSeq_organism>
 <GBSeq_organism>Acidocella aminolytica</GBSeq_organism>
 <GBSeq_organism>Pannonibacter phragmitetus</GBSeq_organism>
 <GBSeq_organism>Chelatococcus asaccharovorans</GBSeq_organism>
 <GBSeq_organism>Komagataeibacter sucrofermentans</GBSeq_organism>
 <GBSeq_organism>Candidatus Odyssella thessalonicensis L13</GBSeq_organism>
 <GBSeq_organism>Acidisphaera rubrifaciens</GBSeq_organism>
 <GBSeq_organism>Gluconacetobacter liquefaciens</GBSeq_organism>
 <GBSeq_organism>Rhodopseudomonas palustris</GBSeq_organism>
 <GBSeq_organism>Acidocella facilis</GBSeq_organism>
 <GBSeq_organism>Candidatus Xenohaliotis californiensis</GBSeq_organism>
 <GBSeq_organism>Caedibacter caryophilus</GBSeq_organism>
 <GBSeq_organism>Wolbachia pipientis</GBSeq_organism>
 <GBSeq_organism>Roseomonas ludipueritiae</GBSeq_organism>
 <GBSeq_organism>Saccharomyces cerevisiae</GBSeq_organism>
 <GBSeq_organism>Filomicrobium fusiforme</GBSeq_organism>
 <GBSeq_organism>Paracraurococcus ruber</GBSeq_organism>
 <GBSeq_organism>Rickettsia massiliae</GBSeq_organism>
 <GBSeq_organism>Rhodocista pekingensis</GBSeq_organism>
 <GBSeq_organism>Roseospira mediosalina</GBSeq_organism>
 <GBSeq_organism>Acidiphilium organovorum</GBSeq_organism>
 <GBSeq_organism>Rhodopila globiformis</GBSeq_organism>
