 <GBSeq_organism>Escherichia coli DSM 30083 = JCM 1649 = ATCC 11775</GBSeq_organism>
 <GBSeq_organism>Enterobacter hormaechei ATCC 49162</GBSeq_organism>
 <GBSeq_organism>Tatumella citrea</GBSeq_organism>
 <GBSeq_organism>Kluyvera cryocrescens</GBSeq_organism>
 <GBSeq_organism>Erwinia tasmaniensis Et1/99</GBSeq_organism>
 <GBSeq_organism>Lelliottia nimipressuralis</GBSeq_organism>
 <GBSeq_organism>Citrobacter braakii</GBSeq_organism>
 <GBSeq_organism>Tatumella ptyseos ATCC 33301</GBSeq_organism>
 <GBSeq_organism>Pantoea eucrina</GBSeq_organism>
 <GBSeq_organism>Pantoea deleyi</GBSeq_organism>
 <GBSeq_organism>Tatumella morbirosei</GBSeq_organism>
 <GBSeq_organism>Citrobacter werkmanii</GBSeq_organism>
 <GBSeq_organism>Picea glauca</GBSeq_organism>
 <GBSeq_organism>Pantoea stewartii subsp. indologenes</GBSeq_organism>
 <GBSeq_organism>Pantoea ananatis</GBSeq_organism>
 <GBSeq_organism>Pantoea vagans</GBSeq_organism>
 <GBSeq_organism>Kosakonia cowanii</GBSeq_organism>
 <GBSeq_organism>Pantoea septica</GBSeq_organism>
 <GBSeq_organism>Pantoea cypripedii</GBSeq_organism>
 <GBSeq_organism>Tatumella punctata</GBSeq_organism>
 <GBSeq_organism>Pantoea dispersa</GBSeq_organism>
 <GBSeq_organism>Kluyvera ascorbata ATCC 33433</GBSeq_organism>
 <GBSeq_organism>Enterobacter cancerogenus</GBSeq_organism>
 <GBSeq_organism>Erwinia aphidicola</GBSeq_organism>
 <GBSeq_organism>Erwinia tracheiphila</GBSeq_organism>
 <GBSeq_organism>Pantoea eucalypti</GBSeq_organism>
 <GBSeq_organism>Enterobacter cloacae</GBSeq_organism>
 <GBSeq_organism>Tatumella terrea</GBSeq_organism>
 <GBSeq_organism>Erwinia billingiae</GBSeq_organism>
 <GBSeq_organism>Pantoea anthophila</GBSeq_organism>
 <GBSeq_organism>Pantoea brenneri</GBSeq_organism>
 <GBSeq_organism>Pantoea allii</GBSeq_organism>
 <GBSeq_organism>Erwinia papayae</GBSeq_organism>
 <GBSeq_organism>Erwinia toletana</GBSeq_organism>
 <GBSeq_organism>Citrobacter freundii ATCC 8090 = MTCC 1658</GBSeq_organism>
 <GBSeq_organism>Erwinia pyrifoliae DSM 12163</GBSeq_organism>
 <GBSeq_organism>Pantoea conspicua</GBSeq_organism>
 <GBSeq_organism>Erwinia mallotivora</GBSeq_organism>
