 <GBSeq_organism>Salinibacterium amurskyense</GBSeq_organism>
 <GBSeq_organism>Subtercola boreus</GBSeq_organism>
 <GBSeq_organism>Subtercola frigoramans</GBSeq_organism>
 <GBSeq_organism>Curtobacterium luteum</GBSeq_organism>
 <GBSeq_organism>Cryobacterium psychrophilum</GBSeq_organism>
 <GBSeq_organism>Agreia pratensis</GBSeq_organism>
 <GBSeq_organism>Rathayibacter toxicus</GBSeq_organism>
 <GBSeq_organism>Agreia bicolorata</GBSeq_organism>
 <GBSeq_organism>Leifsonia rubra</GBSeq_organism>
 <GBSeq_organism>Brevibacterium linens</GBSeq_organism>
 <GBSeq_organism>Leifsonia aquatica</GBSeq_organism>
 <GBSeq_organism>Labedella gwakjiensis</GBSeq_organism>
 <GBSeq_organism>Rhodoglobus aureus</GBSeq_organism>
 <GBSeq_organism>Rhodoglobus vestalii</GBSeq_organism>
 <GBSeq_organism>Salinibacterium xinjiangense</GBSeq_organism>
 <GBSeq_organism>Plantibacter flavus</GBSeq_organism>
 <GBSeq_organism>Agrococcus jenensis</GBSeq_organism>
 <GBSeq_organism>Microbacteriaceae str. DB102</GBSeq_organism>
 <GBSeq_organism>Frigoribacterium faeni</GBSeq_organism>
 <GBSeq_organism>Microcella putealis</GBSeq_organism>
