 <GBSeq_organism>Enterobacter hormaechei ATCC 49162</GBSeq_organism>
 <GBSeq_organism>Cronobacter muytjensii ATCC 51329</GBSeq_organism>
 <GBSeq_organism>Enterobacter asburiae</GBSeq_organism>
 <GBSeq_organism>Citrobacter murliniae</GBSeq_organism>
 <GBSeq_organism>Serratia rubidaea</GBSeq_organism>
 <GBSeq_organism>Kosakonia radicincitans</GBSeq_organism>
 <GBSeq_organism>Citrobacter braakii</GBSeq_organism>
 <GBSeq_organism>Medicago truncatula</GBSeq_organism>
 <GBSeq_organism>Pantoea agglomerans</GBSeq_organism>
 <GBSeq_organism>Citrobacter werkmanii</GBSeq_organism>
 <GBSeq_organism>Cronobacter dublinensis subsp. lactaridi LMG 23825</GBSeq_organism>
 <GBSeq_organism>Cronobacter dublinensis subsp. dublinensis LMG 23823</GBSeq_organism>
 <GBSeq_organism>Cronobacter malonaticus</GBSeq_organism>
 <GBSeq_organism>Citrobacter gillenii</GBSeq_organism>
 <GBSeq_organism>Cronobacter sakazakii</GBSeq_organism>
 <GBSeq_organism>Klebsiella oxytoca</GBSeq_organism>
 <GBSeq_organism>Raoultella ornithinolytica</GBSeq_organism>
 <GBSeq_organism>Klebsiella singaporensis</GBSeq_organism>
 <GBSeq_organism>Cronobacter dublinensis subsp. lausannensis LMG 23824</GBSeq_organism>
 <GBSeq_organism>Enterobacter kobei</GBSeq_organism>
 <GBSeq_organism>Enterobacter cloacae</GBSeq_organism>
 <GBSeq_organism>Cronobacter universalis NCTC 9529</GBSeq_organism>
 <GBSeq_organism>Citrobacter farmeri</GBSeq_organism>
 <GBSeq_organism>Cronobacter turicensis z3032</GBSeq_organism>
 <GBSeq_organism>Plesiomonas shigelloides</GBSeq_organism>
 <GBSeq_organism>Mangrovibacter plantisponsor</GBSeq_organism>
 <GBSeq_organism>Enterobacter aerogenes</GBSeq_organism>
 <GBSeq_organism>Citrobacter freundii ATCC 8090 = MTCC 1658</GBSeq_organism>
