 <GBSeq_organism>Streptomyces propurpuratus</GBSeq_organism>
 <GBSeq_organism>Nocardia carnea NBRC 14403</GBSeq_organism>
 <GBSeq_organism>Streptomyces albiaxialis</GBSeq_organism>
 <GBSeq_organism>Streptomyces lilacinus</GBSeq_organism>
 <GBSeq_organism>Streptomyces griseocarneus</GBSeq_organism>
 <GBSeq_organism>Streptomyces erumpens</GBSeq_organism>
 <GBSeq_organism>Streptomyces orinoci</GBSeq_organism>
 <GBSeq_organism>Streptomyces somaliensis</GBSeq_organism>
 <GBSeq_organism>Streptomyces xinghaiensis S187</GBSeq_organism>
 <GBSeq_organism>Streptomyces blastmyceticus</GBSeq_organism>
 <GBSeq_organism>Streptomyces javensis</GBSeq_organism>
 <GBSeq_organism>Streptomyces rimosus subsp. rimosus</GBSeq_organism>
 <GBSeq_organism>Streptomyces cebimarensis</GBSeq_organism>
 <GBSeq_organism>Streptomyces ferralitis</GBSeq_organism>
 <GBSeq_organism>Streptomyces catenulae</GBSeq_organism>
 <GBSeq_organism>Streptomyces viridis</GBSeq_organism>
 <GBSeq_organism>Streptomyces nigrescens</GBSeq_organism>
 <GBSeq_organism>Actinoalloteichus cyanogriseus</GBSeq_organism>
 <GBSeq_organism>Streptomyces lividus</GBSeq_organism>
 <GBSeq_organism>Streptomyces kasugaspinus</GBSeq_organism>
