 <GBSeq_organism>Bifidobacterium gallicum DSM 20093 = LMG 11596</GBSeq_organism>
 <GBSeq_organism>Intrasporangium oryzae NRRL B-24470</GBSeq_organism>
 <GBSeq_organism>Dermabacter hominis</GBSeq_organism>
 <GBSeq_organism>Tetrasphaera japonica</GBSeq_organism>
 <GBSeq_organism>Rathayibacter rathayi</GBSeq_organism>
 <GBSeq_organism>Salana multivorans</GBSeq_organism>
 <GBSeq_organism>Cellulosimicrobium cellulans</GBSeq_organism>
 <GBSeq_organism>Arthrobacter globiformis</GBSeq_organism>
 <GBSeq_organism>Georgenia muralis</GBSeq_organism>
 <GBSeq_organism>Oerskovia turbata NBRC 15015</GBSeq_organism>
 <GBSeq_organism>Brachybacterium faecium DSM 4810</GBSeq_organism>
 <GBSeq_organism>Acaricomes phytoseiuli</GBSeq_organism>
 <GBSeq_organism>Isoptericola variabilis</GBSeq_organism>
 <GBSeq_organism>Myceligenerans xiligouense</GBSeq_organism>
 <GBSeq_organism>Dermacoccus nishinomiyaensis</GBSeq_organism>
 <GBSeq_organism>Beutenbergia cavernae DSM 12333</GBSeq_organism>
 <GBSeq_organism>Haloactinobacterium album</GBSeq_organism>
 <GBSeq_organism>Yaniella halotolerans</GBSeq_organism>
 <GBSeq_organism>Xylanimonas cellulosilytica DSM 15894</GBSeq_organism>
 <GBSeq_organism>Brevibacterium linens</GBSeq_organism>
 <GBSeq_organism>Ruania albidiflava</GBSeq_organism>
 <GBSeq_organism>Clavibacter michiganensis</GBSeq_organism>
 <GBSeq_organism>Lapillicoccus jejuensis</GBSeq_organism>
 <GBSeq_organism>Leucobacter komagatae</GBSeq_organism>
 <GBSeq_organism>Nesterenkonia halobia</GBSeq_organism>
 <GBSeq_organism>Intrasporangium calvum DSM 43043</GBSeq_organism>
 <GBSeq_organism>Curtobacterium citreum</GBSeq_organism>
 <GBSeq_organism>Jonesia denitrificans DSM 20603</GBSeq_organism>
 <GBSeq_organism>Demetria terragena</GBSeq_organism>
 <GBSeq_organism>Terrabacter tumescens</GBSeq_organism>
 <GBSeq_organism>Microbacterium lacticum</GBSeq_organism>
 <GBSeq_organism>Kytococcus sedentarius</GBSeq_organism>
 <GBSeq_organism>Dermatophilus congolensis DSM 44180 = NBRC 105199</GBSeq_organism>
 <GBSeq_organism>Pseudoclavibacter helvolus</GBSeq_organism>
 <GBSeq_organism>Renibacterium salmoninarum</GBSeq_organism>
 <GBSeq_organism>Xylanibacterium ulmi</GBSeq_organism>
 <GBSeq_organism>Promicromonospora citrea</GBSeq_organism>
 <GBSeq_organism>Knoellia sinensis</GBSeq_organism>
 <GBSeq_organism>Janibacter limosus</GBSeq_organism>
 <GBSeq_organism>Gulosibacter molinativorax</GBSeq_organism>
 <GBSeq_organism>Kineosphaera limosa NBRC 100340</GBSeq_organism>
 <GBSeq_organism>Agromyces ramosus</GBSeq_organism>
 <GBSeq_organism>Cellulomonas flavigena DSM 20109</GBSeq_organism>
 <GBSeq_organism>Phycicoccus jejuensis</GBSeq_organism>
 <GBSeq_organism>Sanguibacter keddieii DSM 10542</GBSeq_organism>
