 <GBSeq_organism>Lactobacillus helveticus</GBSeq_organism>
 <GBSeq_organism>Lactobacillus johnsonii</GBSeq_organism>
 <GBSeq_organism>Lactobacillus gallinarum</GBSeq_organism>
 <GBSeq_organism>Lactobacillus amylolyticus DSM 11664</GBSeq_organism>
 <GBSeq_organism>Lactobacillus kitasatonis</GBSeq_organism>
 <GBSeq_organism>Lactobacillus delbrueckii</GBSeq_organism>
 <GBSeq_organism>Lactobacillus hamsteri</GBSeq_organism>
 <GBSeq_organism>Lactobacillus amylovorus</GBSeq_organism>
 <GBSeq_organism>Lactobacillus amylophilus</GBSeq_organism>
 <GBSeq_organism>Lactobacillus intestinalis</GBSeq_organism>
 <GBSeq_organism>Lactobacillus delbrueckii</GBSeq_organism>
 <GBSeq_organism>Lactobacillus acetotolerans DSM 20749 = JCM 3825</GBSeq_organism>
 <GBSeq_organism>Lactobacillus ultunensis</GBSeq_organism>
 <GBSeq_organism>Lactobacillus kalixensis</GBSeq_organism>
 <GBSeq_organism>Lactobacillus taiwanensis</GBSeq_organism>
 <GBSeq_organism>Lactobacillus reuteri DSM 20016</GBSeq_organism>
 <GBSeq_organism>Lactobacillus crispatus</GBSeq_organism>
 <GBSeq_organism>Lactobacillus amylotrophicus</GBSeq_organism>
 <GBSeq_organism>Lactobacillus jensenii</GBSeq_organism>
 <GBSeq_organism>Lactobacillus iners DSM 13335</GBSeq_organism>
 <GBSeq_organism>Lactobacillus kefiranofaciens subsp. kefiranofaciens</GBSeq_organism>
 <GBSeq_organism>Lactobacillus gasseri</GBSeq_organism>
