 <GBSeq_organism>Streptomyces castaneus</GBSeq_organism>
 <GBSeq_organism>Streptomyces yunnanensis</GBSeq_organism>
 <GBSeq_organism>Streptomyces griseus subsp. griseus</GBSeq_organism>
 <GBSeq_organism>Streptomyces albulus</GBSeq_organism>
 <GBSeq_organism>Streptomyces libani subsp. libani</GBSeq_organism>
 <GBSeq_organism>Streptomyces halstedii</GBSeq_organism>
 <GBSeq_organism>Streptomyces melanosporofaciens</GBSeq_organism>
 <GBSeq_organism>Streptomyces rimosus subsp. paromomycinus</GBSeq_organism>
 <GBSeq_organism>Streptomyces tubercidicus</GBSeq_organism>
 <GBSeq_organism>Streptomyces noursei</GBSeq_organism>
 <GBSeq_organism>Streptomyces sioyaensis</GBSeq_organism>
 <GBSeq_organism>Streptomyces thermoviolaceus subsp. thermoviolaceus</GBSeq_organism>
 <GBSeq_organism>Streptomyces violaceusniger</GBSeq_organism>
 <GBSeq_organism>Streptomyces chrestomyceticus JCM 4735</GBSeq_organism>
 <GBSeq_organism>Streptomyces angustmyceticus</GBSeq_organism>
 <GBSeq_organism>Streptomyces roseocinereus</GBSeq_organism>
 <GBSeq_organism>Streptomyces fasiculatus</GBSeq_organism>
 <GBSeq_organism>Streptomyces antibioticus JCM 4620</GBSeq_organism>
 <GBSeq_organism>Streptomyces lydicus</GBSeq_organism>
 <GBSeq_organism>Streptomyces viridis</GBSeq_organism>
 <GBSeq_organism>Streptomyces nigrescens</GBSeq_organism>
 <GBSeq_organism>Streptomyces olivaceoviridis</GBSeq_organism>
 <GBSeq_organism>Streptomyces kurssanovii</GBSeq_organism>
 <GBSeq_organism>Streptomyces chattanoogensis</GBSeq_organism>
 <GBSeq_organism>Streptomyces platensis</GBSeq_organism>
 <GBSeq_organism>Streptomyces aureofaciens</GBSeq_organism>
