 <GBSeq_organism>Nautilia lithotrophica</GBSeq_organism>
 <GBSeq_organism>Campylobacter ureolyticus</GBSeq_organism>
 <GBSeq_organism>Sulfurospirillum deleyianum</GBSeq_organism>
 <GBSeq_organism>Sulfurimonas denitrificans DSM 1251</GBSeq_organism>
 <GBSeq_organism>Campylobacter canadensis</GBSeq_organism>
 <GBSeq_organism>Campylobacter ureolyticus</GBSeq_organism>
 <GBSeq_organism>Helicobacter pylori</GBSeq_organism>
 <GBSeq_organism>Campylobacter hyointestinalis</GBSeq_organism>
 <GBSeq_organism>Campylobacter avium LMG 24591</GBSeq_organism>
 <GBSeq_organism>Campylobacter ureolyticus</GBSeq_organism>
 <GBSeq_organism>Arcobacter nitrofigilis</GBSeq_organism>
 <GBSeq_organism>Campylobacter sputorum biovar sputorum</GBSeq_organism>
 <GBSeq_organism>Campylobacter curvus</GBSeq_organism>
 <GBSeq_organism>Wolinella succinogenes</GBSeq_organism>
 <GBSeq_organism>Campylobacter hominis</GBSeq_organism>
 <GBSeq_organism>Campylobacter ureolyticus</GBSeq_organism>
 <GBSeq_organism>Campylobacter ureolyticus</GBSeq_organism>
 <GBSeq_organism>Campylobacter fetus</GBSeq_organism>
 <GBSeq_organism>Campylobacter insulaenigrae NCTC 12927</GBSeq_organism>
 <GBSeq_organism>Campylobacter peloridis</GBSeq_organism>
 <GBSeq_organism>Campylobacter showae</GBSeq_organism>
 <GBSeq_organism>Campylobacter helveticus</GBSeq_organism>
 <GBSeq_organism>Campylobacter jejuni</GBSeq_organism>
 <GBSeq_organism>Campylobacter ureolyticus</GBSeq_organism>
