 <GBSeq_organism>Nocardia ignorata</GBSeq_organism>
 <GBSeq_organism>Nocardia beijingensis</GBSeq_organism>
 <GBSeq_organism>Nocardia shimofusensis</GBSeq_organism>
 <GBSeq_organism>Nocardia otitidiscaviarum</GBSeq_organism>
 <GBSeq_organism>Nocardia farcinica</GBSeq_organism>
 <GBSeq_organism>Nocardia abscessus</GBSeq_organism>
 <GBSeq_organism>Nocardia pneumoniae</GBSeq_organism>
 <GBSeq_organism>Nocardia cerradoensis</GBSeq_organism>
 <GBSeq_organism>Nocardia fluminea</GBSeq_organism>
 <GBSeq_organism>Nocardia asiatica NBRC 100129</GBSeq_organism>
 <GBSeq_organism>Nocardia brevicatena</GBSeq_organism>
 <GBSeq_organism>Nocardia tenerifensis</GBSeq_organism>
 <GBSeq_organism>Nocardia carnea</GBSeq_organism>
 <GBSeq_organism>Nocardia alba</GBSeq_organism>
 <GBSeq_organism>Nocardia soli</GBSeq_organism>
 <GBSeq_organism>Nocardia inohanensis</GBSeq_organism>
 <GBSeq_organism>Nocardia nova</GBSeq_organism>
 <GBSeq_organism>Nocardia transvalensis</GBSeq_organism>
 <GBSeq_organism>Nocardia salmonicida</GBSeq_organism>
 <GBSeq_organism>Nocardia mexicana</GBSeq_organism>
 <GBSeq_organism>Nocardia yamanashiensis</GBSeq_organism>
 <GBSeq_organism>Nocardia cummidelens</GBSeq_organism>
 <GBSeq_organism>Nocardia thailandica</GBSeq_organism>
 <GBSeq_organism>Nocardia asteroides NBRC 15531</GBSeq_organism>
 <GBSeq_organism>Nocardia higoensis NBRC 100133</GBSeq_organism>
 <GBSeq_organism>Nocardia cyriacigeorgica</GBSeq_organism>
 <GBSeq_organism>Nocardia araoensis NBRC 100135</GBSeq_organism>
 <GBSeq_organism>Nocardia brasiliensis NBRC 14402</GBSeq_organism>
 <GBSeq_organism>Nocardia arthritidis</GBSeq_organism>
 <GBSeq_organism>Nocardia pseudovaccinii</GBSeq_organism>
 <GBSeq_organism>Nocardia puris</GBSeq_organism>
