 <GBSeq_organism>Paenibacillus massiliensis</GBSeq_organism>
 <GBSeq_organism>Paenibacillus barcinonensis</GBSeq_organism>
 <GBSeq_organism>Paenibacillus azoreducens</GBSeq_organism>
 <GBSeq_organism>Paenibacillus taichungensis</GBSeq_organism>
 <GBSeq_organism>Paenibacillus turicensis</GBSeq_organism>
 <GBSeq_organism>Paenibacillus favisporus</GBSeq_organism>
 <GBSeq_organism>Paenibacillus graminis</GBSeq_organism>
 <GBSeq_organism>Paenibacillus motobuensis</GBSeq_organism>
 <GBSeq_organism>Agelas sp. QMG317484</GBSeq_organism>
 <GBSeq_organism>Paenibacillus durus</GBSeq_organism>
 <GBSeq_organism>Paenibacillus stellifer</GBSeq_organism>
 <GBSeq_organism>Paenibacillus cineris</GBSeq_organism>
 <GBSeq_organism>Paenibacillus borealis</GBSeq_organism>
 <GBSeq_organism>Paenibacillus odorifer</GBSeq_organism>
 <GBSeq_organism>Paenibacillus xylanilyticus</GBSeq_organism>
 <GBSeq_organism>Paenibacillus rhizosphaerae</GBSeq_organism>
 <GBSeq_organism>Paenibacillus antarcticus</GBSeq_organism>
 <GBSeq_organism>Paenibacillus nematophilus</GBSeq_organism>
 <GBSeq_organism>Paenibacillus cookii</GBSeq_organism>
 <GBSeq_organism>Paenibacillus anaericanus</GBSeq_organism>
 <GBSeq_organism>Bacillus subtilis</GBSeq_organism>
