 <GBSeq_organism>Alkalispirillum mobile</GBSeq_organism>
 <GBSeq_organism>Nitrococcus mobilis</GBSeq_organism>
 <GBSeq_organism>Thioalkalivibrio thiocyanoxidans ARh2</GBSeq_organism>
 <GBSeq_organism>Thioalkalivibrio thiocyanodenitrificans ARhD 1</GBSeq_organism>
 <GBSeq_organism>Ectothiorhodospira shaposhnikovii</GBSeq_organism>
 <GBSeq_organism>phototrophic bacterium</GBSeq_organism>
 <GBSeq_organism>Alkalilimnicola halodurans</GBSeq_organism>
 <GBSeq_organism>Thioalkalivibrio denitrificans</GBSeq_organism>
 <GBSeq_organism>Ectothiorhodospira mobilis</GBSeq_organism>
 <GBSeq_organism>Monocostus uniflorus</GBSeq_organism>
 <GBSeq_organism>phototrophic bacterium</GBSeq_organism>
 <GBSeq_organism>Arhodomonas aquaeolei</GBSeq_organism>
 <GBSeq_organism>Thioalkalivibrio jannaschii</GBSeq_organism>
 <GBSeq_organism>Halorhodospira halochloris</GBSeq_organism>
 <GBSeq_organism>Thioalkalivibrio nitratis</GBSeq_organism>
 <GBSeq_organism>Halorhodospira neutriphila</GBSeq_organism>
 <GBSeq_organism>Halorhodospira abdelmalekii</GBSeq_organism>
 <GBSeq_organism>Thioalkalivibrio halophilus</GBSeq_organism>
 <GBSeq_organism>Halorhodospira halophila</GBSeq_organism>
 <GBSeq_organism>Ectothiorhodospira haloalkaliphila ATCC 51935</GBSeq_organism>
 <GBSeq_organism>Alkalispirillum sp. ALPs 2</GBSeq_organism>
 <GBSeq_organism>Thioalkalivibrio versutus AL 2</GBSeq_organism>
 <GBSeq_organism>Alkalilimnicola ehrlichii MLHE-1</GBSeq_organism>
 <GBSeq_organism>Thioalkalispira microaerophila</GBSeq_organism>
 <GBSeq_organism>Thioalkalivibrio paradoxus ARh 1</GBSeq_organism>
 <GBSeq_organism>Thiorhodospira sibirica ATCC 700588</GBSeq_organism>
 <GBSeq_organism>Ectothiorhodospira marina</GBSeq_organism>
