 <GBSeq_organism>Vibrio cholerae</GBSeq_organism>
 <GBSeq_organism>Vibrio breoganii</GBSeq_organism>
 <GBSeq_organism>Vibrio breoganii</GBSeq_organism>
 <GBSeq_organism>Vibrio breoganii</GBSeq_organism>
 <GBSeq_organism>Vibrio breoganii</GBSeq_organism>
 <GBSeq_organism>Vibrio halioticoli</GBSeq_organism>
 <GBSeq_organism>Vibrio ezurae</GBSeq_organism>
 <GBSeq_organism>Vibrio breoganii</GBSeq_organism>
 <GBSeq_organism>Vibrio ezurae</GBSeq_organism>
 <GBSeq_organism>Vibrio halioticoli</GBSeq_organism>
 <GBSeq_organism>Vibrio breoganii</GBSeq_organism>
 <GBSeq_organism>Vibrio proteolyticus</GBSeq_organism>
 <GBSeq_organism>Vibrio neonatus</GBSeq_organism>
 <GBSeq_organism>Vibrio gallicus</GBSeq_organism>
 <GBSeq_organism>Vibrio gallicus</GBSeq_organism>
 <GBSeq_organism>Vibrio neonatus</GBSeq_organism>
 <GBSeq_organism>Vibrio superstes</GBSeq_organism>
 <GBSeq_organism>Vibrio inusitatus</GBSeq_organism>
 <GBSeq_organism>Vibrio ezurae</GBSeq_organism>
 <GBSeq_organism>Vibrio halioticoli</GBSeq_organism>
 <GBSeq_organism>Vibrio breoganii</GBSeq_organism>
 <GBSeq_organism>Vibrio ezurae</GBSeq_organism>
 <GBSeq_organism>Vibrio rarus</GBSeq_organism>
 <GBSeq_organism>Vibrio breoganii</GBSeq_organism>
 <GBSeq_organism>Vibrio ezurae</GBSeq_organism>
 <GBSeq_organism>Vibrio inusitatus</GBSeq_organism>
 <GBSeq_organism>Vibrio breoganii</GBSeq_organism>
 <GBSeq_organism>Vibrio neonatus</GBSeq_organism>
 <GBSeq_organism>Vibrio superstes</GBSeq_organism>
 <GBSeq_organism>Vibrio breoganii</GBSeq_organism>
 <GBSeq_organism>Vibrio breoganii</GBSeq_organism>
 <GBSeq_organism>Vibrio comitans</GBSeq_organism>
 <GBSeq_organism>Vibrio breoganii</GBSeq_organism>
 <GBSeq_organism>Vibrio rarus</GBSeq_organism>
 <GBSeq_organism>Vibrio neonatus</GBSeq_organism>
 <GBSeq_organism>Vibrio cholerae</GBSeq_organism>
 <GBSeq_organism>Vibrio breoganii</GBSeq_organism>
 <GBSeq_organism>Vibrio breoganii</GBSeq_organism>
 <GBSeq_organism>Vibrio breoganii</GBSeq_organism>
 <GBSeq_organism>Vibrio halioticoli</GBSeq_organism>
 <GBSeq_organism>Vibrio neonatus</GBSeq_organism>
 <GBSeq_organism>Vibrio superstes</GBSeq_organism>
 <GBSeq_organism>Vibrio breoganii</GBSeq_organism>
 <GBSeq_organism>Vibrio neonatus</GBSeq_organism>
 <GBSeq_organism>Vibrio breoganii</GBSeq_organism>
 <GBSeq_organism>Vibrio inusitatus</GBSeq_organism>
 <GBSeq_organism>Vibrio halioticoli</GBSeq_organism>
 <GBSeq_organism>Vibrio breoganii</GBSeq_organism>
 <GBSeq_organism>Vibrio breoganii</GBSeq_organism>
 <GBSeq_organism>Vibrio breoganii</GBSeq_organism>
 <GBSeq_organism>Vibrio halioticoli</GBSeq_organism>
 <GBSeq_organism>Vibrio gallicus</GBSeq_organism>
 <GBSeq_organism>Vibrio ezurae</GBSeq_organism>
 <GBSeq_organism>Vibrio comitans</GBSeq_organism>
 <GBSeq_organism>Vibrio comitans</GBSeq_organism>
 <GBSeq_organism>Vibrio breoganii</GBSeq_organism>
 <GBSeq_organism>Vibrio rarus</GBSeq_organism>
