 <GBSeq_organism>Bifidobacterium gallicum DSM 20093 = LMG 11596</GBSeq_organism>
 <GBSeq_organism>Nocardioides aquiterrae</GBSeq_organism>
 <GBSeq_organism>Kribbella antibiotica</GBSeq_organism>
 <GBSeq_organism>Propionibacterium avidum ATCC 25577</GBSeq_organism>
 <GBSeq_organism>Nocardioides kongjuensis</GBSeq_organism>
 <GBSeq_organism>Actinopolymorpha singaporensis</GBSeq_organism>
 <GBSeq_organism>Propionibacterium microaerophilum</GBSeq_organism>
 <GBSeq_organism>Propionibacterium acnes</GBSeq_organism>
 <GBSeq_organism>Aeromicrobium fastidiosum</GBSeq_organism>
 <GBSeq_organism>Tessaracoccus bendigoensis</GBSeq_organism>
 <GBSeq_organism>Kribbella alba</GBSeq_organism>
 <GBSeq_organism>Aeromicrobium marinum DSM 15272</GBSeq_organism>
 <GBSeq_organism>Jiangella alkaliphila</GBSeq_organism>
 <GBSeq_organism>Kribbella sandramycini</GBSeq_organism>
 <GBSeq_organism>Microlunatus phosphovorus</GBSeq_organism>
 <GBSeq_organism>Haloactinopolyspora alba</GBSeq_organism>
 <GBSeq_organism>Granulicoccus phenolivorans</GBSeq_organism>
 <GBSeq_organism>Propionibacterium cyclohexanicum</GBSeq_organism>
 <GBSeq_organism>Luteococcus japonicus</GBSeq_organism>
 <GBSeq_organism>Jiangella alba</GBSeq_organism>
 <GBSeq_organism>Nocardioides kribbensis</GBSeq_organism>
 <GBSeq_organism>Friedmanniella antarctica</GBSeq_organism>
 <GBSeq_organism>Propionibacterium propionicum</GBSeq_organism>
 <GBSeq_organism>Nocardioides alkalitolerans</GBSeq_organism>
 <GBSeq_organism>Propionibacterium granulosum DSM 20700</GBSeq_organism>
 <GBSeq_organism>Friedmanniella capsulata</GBSeq_organism>
 <GBSeq_organism>Propionibacterium australiense</GBSeq_organism>
 <GBSeq_organism>Nocardioides ganghwensis</GBSeq_organism>
 <GBSeq_organism>Kribbella swartbergensis</GBSeq_organism>
 <GBSeq_organism>Nocardioides nitrophenolicus</GBSeq_organism>
 <GBSeq_organism>Kribbella koreensis</GBSeq_organism>
 <GBSeq_organism>Friedmanniella spumicola</GBSeq_organism>
 <GBSeq_organism>Kribbella karoonensis</GBSeq_organism>
 <GBSeq_organism>Nocardioides dubius</GBSeq_organism>
 <GBSeq_organism>Aeromicrobium alkaliterrae</GBSeq_organism>
 <GBSeq_organism>Kribbella yunnanensis</GBSeq_organism>
 <GBSeq_organism>Kribbella solani</GBSeq_organism>
 <GBSeq_organism>Brooklawnia cerclae</GBSeq_organism>
 <GBSeq_organism>Propionicicella superfundia</GBSeq_organism>
 <GBSeq_organism>Luteococcus sanguinis</GBSeq_organism>
 <GBSeq_organism>Kribbella jejuensis</GBSeq_organism>
