 <GBSeq_organism>Nitrosospira sp. Np39-19</GBSeq_organism>
 <GBSeq_organism>Nitrosospira sp.</GBSeq_organism>
 <GBSeq_organism>Nitrosospira sp. Nsp58</GBSeq_organism>
 <GBSeq_organism>Nitrosospira briensis C-128</GBSeq_organism>
 <GBSeq_organism>Nitrosovibrio tenuis</GBSeq_organism>
 <GBSeq_organism>Nitrosospira sp.</GBSeq_organism>
 <GBSeq_organism>Nitrosospira sp. Nsp62</GBSeq_organism>
 <GBSeq_organism>Nitrosospira sp. Nl5</GBSeq_organism>
 <GBSeq_organism>Nitrosospira multiformis ATCC 25196</GBSeq_organism>
 <GBSeq_organism>Nitrosospira sp. Nv6</GBSeq_organism>
 <GBSeq_organism>Nitrosospira sp. Nsp65</GBSeq_organism>
 <GBSeq_organism>Nitrosospira sp.</GBSeq_organism>
 <GBSeq_organism>Nitrosovibrio tenuis</GBSeq_organism>
 <GBSeq_organism>Nitrosovibrio sp. RY3C</GBSeq_organism>
 <GBSeq_organism>Nitrosospira sp. Nsp41</GBSeq_organism>
 <GBSeq_organism>Nitrosospira briensis</GBSeq_organism>
 <GBSeq_organism>Nitrosospira sp.</GBSeq_organism>
 <GBSeq_organism>Nitrosospira sp. L115</GBSeq_organism>
 <GBSeq_organism>Nitrosovibrio tenuis</GBSeq_organism>
 <GBSeq_organism>Nitrosospira sp.</GBSeq_organism>
 <GBSeq_organism>Nitrosospira sp.</GBSeq_organism>
 <GBSeq_organism>Nitrosospira sp.</GBSeq_organism>
 <GBSeq_organism>Nitrosospira sp.</GBSeq_organism>
 <GBSeq_organism>Nitrosospira sp. Nsp12</GBSeq_organism>
 <GBSeq_organism>Nitrosospira sp. Nsp17</GBSeq_organism>
 <GBSeq_organism>Nitrosospira sp. III7</GBSeq_organism>
 <GBSeq_organism>Nitrosospira sp. NpAV</GBSeq_organism>
 <GBSeq_organism>Nitrosospira sp.</GBSeq_organism>
 <GBSeq_organism>Nitrosospira sp.</GBSeq_organism>
 <GBSeq_organism>Nitrosospira sp. Nsp2</GBSeq_organism>
 <GBSeq_organism>Nitrosospira sp.</GBSeq_organism>
 <GBSeq_organism>Nitrosospira sp. Nsp1</GBSeq_organism>
 <GBSeq_organism>Nitrosospira sp. GS833</GBSeq_organism>
 <GBSeq_organism>Nitrosospira sp. TCH716</GBSeq_organism>
 <GBSeq_organism>Nitrosovibrio sp. RY6A</GBSeq_organism>
 <GBSeq_organism>Nitrosospira sp.</GBSeq_organism>
 <GBSeq_organism>Nitrosospira sp. Nsp40</GBSeq_organism>
 <GBSeq_organism>Nitrosospira sp. NRS527</GBSeq_organism>
 <GBSeq_organism>Nitrosospira sp. Nsp57</GBSeq_organism>
