 <GBSeq_organism>Micrococcus luteus</GBSeq_organism>
 <GBSeq_organism>Nocardioides albus</GBSeq_organism>
 <GBSeq_organism>Streptomyces griseus subsp. griseus</GBSeq_organism>
 <GBSeq_organism>Nocardia asteroides NBRC 15531</GBSeq_organism>
 <GBSeq_organism>Atopobium minutum</GBSeq_organism>
 <GBSeq_organism>Nocardiopsis dassonvillei subsp. dassonvillei DSM 43111</GBSeq_organism>
 <GBSeq_organism>uncultured bacterium</GBSeq_organism>
 <GBSeq_organism>Rubrobacter radiotolerans DSM 5868</GBSeq_organism>
 <GBSeq_organism>Pilimelia terevasa</GBSeq_organism>
 <GBSeq_organism>Actinosynnema mirum DSM 43827</GBSeq_organism>
 <GBSeq_organism>Candidatus Microthrix parvicella</GBSeq_organism>
 <GBSeq_organism>Thermoleophilum album</GBSeq_organism>
 <GBSeq_organism>Geodermatophilus obscurus DSM 43160</GBSeq_organism>
 <GBSeq_organism>Coriobacterium glomerans PW2</GBSeq_organism>
 <GBSeq_organism>Couchioplanes caeruleus</GBSeq_organism>
 <GBSeq_organism>Candidatus Microthrix parvicella Bio17-1</GBSeq_organism>
 <GBSeq_organism>Intrasporangium calvum DSM 43043</GBSeq_organism>
 <GBSeq_organism>Nonomuraea pusilla</GBSeq_organism>
 <GBSeq_organism>Actinomadura madurae</GBSeq_organism>
 <GBSeq_organism>Flavobacterium aquatile</GBSeq_organism>
 <GBSeq_organism>uncultured bacterium</GBSeq_organism>
 <GBSeq_organism>uncultured bacterium</GBSeq_organism>
 <GBSeq_organism>Solirubrobacter pauli</GBSeq_organism>
 <GBSeq_organism>Microbispora rosea subsp. rosea</GBSeq_organism>
 <GBSeq_organism>Acidimicrobium ferrooxidans DSM 10331</GBSeq_organism>
 <GBSeq_organism>Patulibacter minatonensis DSM 18081</GBSeq_organism>
 <GBSeq_organism>Slackia exigua ATCC 700122</GBSeq_organism>
 <GBSeq_organism>Iamia majanohamensis</GBSeq_organism>
 <GBSeq_organism>Eggerthella lenta DSM 2243</GBSeq_organism>
 <GBSeq_organism>Bifidobacterium bifidum ATCC 29521 = JCM 1255 = DSM 20456</GBSeq_organism>
 <GBSeq_organism>uncultured bacterium</GBSeq_organism>
 <GBSeq_organism>Conexibacter woesei DSM 14684</GBSeq_organism>
 <GBSeq_organism>Denitrobacterium detoxificans</GBSeq_organism>
