 <GBSeq_organism>Echinicola pacifica</GBSeq_organism>
 <GBSeq_organism>Algoriphagus chordae</GBSeq_organism>
 <GBSeq_organism>Rhodonellum psychrophilum</GBSeq_organism>
 <GBSeq_organism>Algoriphagus locisalis</GBSeq_organism>
 <GBSeq_organism>Algoriphagus olei</GBSeq_organism>
 <GBSeq_organism>Algoriphagus ratkowskyi</GBSeq_organism>
 <GBSeq_organism>Algoriphagus alkaliphilus</GBSeq_organism>
 <GBSeq_organism>Cyclobacterium lianum</GBSeq_organism>
 <GBSeq_organism>Algoriphagus yeomjeoni</GBSeq_organism>
 <GBSeq_organism>Algoriphagus marincola</GBSeq_organism>
 <GBSeq_organism>Algoriphagus aquimarinus</GBSeq_organism>
 <GBSeq_organism>Algoriphagus vanfongensis</GBSeq_organism>
 <GBSeq_organism>Algoriphagus terrigena</GBSeq_organism>
 <GBSeq_organism>Roseivirga ehrenbergii</GBSeq_organism>
 <GBSeq_organism>Algoriphagus mannitolivorans</GBSeq_organism>
 <GBSeq_organism>Algoriphagus ornithinivorans</GBSeq_organism>
 <GBSeq_organism>Aquiflexum balticum</GBSeq_organism>
 <GBSeq_organism>Algoriphagus winogradskyi</GBSeq_organism>
 <GBSeq_organism>Pontibacter actiniarum DSM 19842</GBSeq_organism>
 <GBSeq_organism>Algoriphagus boritolerans</GBSeq_organism>
 <GBSeq_organism>Echinicola vietnamensis</GBSeq_organism>
 <GBSeq_organism>Algoriphagus antarcticus</GBSeq_organism>
 <GBSeq_organism>Belliella baltica DSM 15883</GBSeq_organism>
 <GBSeq_organism>Cyclobacterium amurskyense</GBSeq_organism>
 <GBSeq_organism>Dyadobacter crusticola</GBSeq_organism>
 <GBSeq_organism>Algoriphagus halophilus</GBSeq_organism>
 <GBSeq_organism>Cyclobacterium marinum DSM 745</GBSeq_organism>
