 <GBSeq_organism>Bacillus amyloliquefaciens DSM 7</GBSeq_organism>
 <GBSeq_organism>Bacillus sonorensis</GBSeq_organism>
 <GBSeq_organism>Bacillus cohnii</GBSeq_organism>
 <GBSeq_organism>Bacillus mycoides</GBSeq_organism>
 <GBSeq_organism>Bacillus subtilis subsp. spizizenii</GBSeq_organism>
 <GBSeq_organism>Bacillus vallismortis</GBSeq_organism>
 <GBSeq_organism>Bacillus smithii</GBSeq_organism>
 <GBSeq_organism>Bacillus pseudomycoides</GBSeq_organism>
 <GBSeq_organism>Bacillus axarquiensis</GBSeq_organism>
 <GBSeq_organism>Bacillus marisflavi</GBSeq_organism>
 <GBSeq_organism>Bacillus luciferensis</GBSeq_organism>
 <GBSeq_organism>Bacillus cereus</GBSeq_organism>
 <GBSeq_organism>Bacillus aquimaris</GBSeq_organism>
 <GBSeq_organism>Bacillus malacitensis</GBSeq_organism>
 <GBSeq_organism>Bacillus thuringiensis</GBSeq_organism>
 <GBSeq_organism>Bacillus funiculus</GBSeq_organism>
 <GBSeq_organism>Bacillus halmapalus</GBSeq_organism>
 <GBSeq_organism>Bacillus fastidiosus</GBSeq_organism>
 <GBSeq_organism>Bacillus endophyticus</GBSeq_organism>
 <GBSeq_organism>Bacillus carboniphilus</GBSeq_organism>
 <GBSeq_organism>Bacillus licheniformis</GBSeq_organism>
 <GBSeq_organism>Bacillus aeolius</GBSeq_organism>
 <GBSeq_organism>Bacillus subtilis</GBSeq_organism>
 <GBSeq_organism>Bacillus pumilus</GBSeq_organism>
