 <GBSeq_organism>Lactobacillus mindensis</GBSeq_organism>
 <GBSeq_organism>Lactobacillus fructivorans KCTC 3543 = DSM 20203</GBSeq_organism>
 <GBSeq_organism>Lactobacillus spicheri</GBSeq_organism>
 <GBSeq_organism>Lactobacillus malefermentans</GBSeq_organism>
 <GBSeq_organism>Lactobacillus frumenti</GBSeq_organism>
 <GBSeq_organism>Lactobacillus siliginis</GBSeq_organism>
 <GBSeq_organism>Lactobacillus rossiae</GBSeq_organism>
 <GBSeq_organism>Lactobacillus plantarum</GBSeq_organism>
 <GBSeq_organism>Lactobacillus brevis ATCC 14869 = DSM 20054</GBSeq_organism>
 <GBSeq_organism>Lactobacillus vaccinostercus</GBSeq_organism>
 <GBSeq_organism>Lactobacillus paralimentarius</GBSeq_organism>
 <GBSeq_organism>Lactobacillus panis</GBSeq_organism>
 <GBSeq_organism>Lactobacillus pontis</GBSeq_organism>
 <GBSeq_organism>Lactobacillus oligofermentans DSM 15707 = LMG 22743</GBSeq_organism>
 <GBSeq_organism>Lactobacillus farciminis</GBSeq_organism>
 <GBSeq_organism>Lactobacillus siliginis</GBSeq_organism>
 <GBSeq_organism>Lactobacillus vaccinostercus</GBSeq_organism>
 <GBSeq_organism>Lactobacillus fermentum</GBSeq_organism>
 <GBSeq_organism>Lactobacillus suebicus</GBSeq_organism>
 <GBSeq_organism>Lactobacillus sanfranciscensis</GBSeq_organism>
 <GBSeq_organism>Lactobacillus alimentarius</GBSeq_organism>
