 <GBSeq_organism>Myroides odoratus DSM 2801</GBSeq_organism>
 <GBSeq_organism>Flammeovirga aprica JL-4</GBSeq_organism>
 <GBSeq_organism>Hymenobacter roseosalivarius DSM 11622</GBSeq_organism>
 <GBSeq_organism>Capnocytophaga gingivalis</GBSeq_organism>
 <GBSeq_organism>Cyclobacterium marinum</GBSeq_organism>
 <GBSeq_organism>Marinoscillum furvescens</GBSeq_organism>
 <GBSeq_organism>Reichenbachiella agariperforans</GBSeq_organism>
 <GBSeq_organism>Flexithrix dorotheae</GBSeq_organism>
 <GBSeq_organism>Lewinella cohaerens</GBSeq_organism>
 <GBSeq_organism>Spirosoma linguale</GBSeq_organism>
 <GBSeq_organism>Empedobacter brevis</GBSeq_organism>
 <GBSeq_organism>Bacteroides fragilis</GBSeq_organism>
 <GBSeq_organism>Marinilabilia salmonicolor</GBSeq_organism>
 <GBSeq_organism>Microscilla marina</GBSeq_organism>
 <GBSeq_organism>Sphingobacterium spiritivorum</GBSeq_organism>
 <GBSeq_organism>Chryseobacterium indologenes</GBSeq_organism>
 <GBSeq_organism>Marivirga tractuosa</GBSeq_organism>
 <GBSeq_organism>Flexibacter flexilis DSM 6793</GBSeq_organism>
 <GBSeq_organism>Brumimicrobium glaciale</GBSeq_organism>
 <GBSeq_organism>Algoriphagus ratkowskyi</GBSeq_organism>
 <GBSeq_organism>Haliscomenobacter hydrossis</GBSeq_organism>
 <GBSeq_organism>Cytophaga fermentans</GBSeq_organism>
 <GBSeq_organism>Flavobacterium aquatile</GBSeq_organism>
 <GBSeq_organism>Porphyromonas gingivalis</GBSeq_organism>
 <GBSeq_organism>Rikenella microfusus</GBSeq_organism>
 <GBSeq_organism>Hymenobacter ocellatus</GBSeq_organism>
 <GBSeq_organism>Cytophaga hutchinsonii</GBSeq_organism>
 <GBSeq_organism>Anaerophaga thermohalophila DSM 12881</GBSeq_organism>
 <GBSeq_organism>Flexithrix dorotheae</GBSeq_organism>
 <GBSeq_organism>Cellulophaga lytica</GBSeq_organism>
 <GBSeq_organism>Persicobacter diffluens</GBSeq_organism>
 <GBSeq_organism>Prevotella melaninogenica</GBSeq_organism>
 <GBSeq_organism>Cryomorpha ignava</GBSeq_organism>
