 <GBSeq_organism>Selenomonas sputigena ATCC 35185</GBSeq_organism>
 <GBSeq_organism>Selenomonas infelix ATCC 43532</GBSeq_organism>
 <GBSeq_organism>Veillonella caviae</GBSeq_organism>
 <GBSeq_organism>Anaerovibrio lipolyticus DSM 3074</GBSeq_organism>
 <GBSeq_organism>Veillonella dispar</GBSeq_organism>
 <GBSeq_organism>Mitsuokella jalaludinii</GBSeq_organism>
 <GBSeq_organism>Pectinatus portalensis</GBSeq_organism>
 <GBSeq_organism>Selenomonas dianae</GBSeq_organism>
 <GBSeq_organism>Mitsuokella multacida DSM 20544</GBSeq_organism>
 <GBSeq_organism>Anaeromusa acidaminophila</GBSeq_organism>
 <GBSeq_organism>Schwartzia succinivorans</GBSeq_organism>
 <GBSeq_organism>Sporomusa rhizae</GBSeq_organism>
 <GBSeq_organism>Pectinatus cerevisiiphilus</GBSeq_organism>
 <GBSeq_organism>Propionispora hippei</GBSeq_organism>
 <GBSeq_organism>Veillonella atypica KON</GBSeq_organism>
 <GBSeq_organism>Selenomonas ruminantium</GBSeq_organism>
 <GBSeq_organism>Anaerosinus glycerini</GBSeq_organism>
 <GBSeq_organism>Anaerobacter polyendosporus</GBSeq_organism>
 <GBSeq_organism>Pectinatus frisingensis</GBSeq_organism>
 <GBSeq_organism>Anaeroarcus burkinensis</GBSeq_organism>
 <GBSeq_organism>Megamonas rupellensis</GBSeq_organism>
 <GBSeq_organism>Selenomonas lacticifex</GBSeq_organism>
 <GBSeq_organism>Selenomonas flueggei ATCC 43531</GBSeq_organism>
 <GBSeq_organism>Zymophilus paucivorans</GBSeq_organism>
 <GBSeq_organism>Selenomonas noxia</GBSeq_organism>
 <GBSeq_organism>Megamonas hypermegale</GBSeq_organism>
 <GBSeq_organism>Sporomusa sphaeroides DSM 2875</GBSeq_organism>
