 <GBSeq_organism>Vibrio fortis</GBSeq_organism>
 <GBSeq_organism>Vibrio harveyi</GBSeq_organism>
 <GBSeq_organism>Vibrio ponticus</GBSeq_organism>
 <GBSeq_organism>Grimontia hollisae</GBSeq_organism>
 <GBSeq_organism>Photobacterium phosphoreum</GBSeq_organism>
 <GBSeq_organism>Vibrio diabolicus</GBSeq_organism>
 <GBSeq_organism>Vibrio rarus</GBSeq_organism>
 <GBSeq_organism>Vibrio ezurae</GBSeq_organism>
 <GBSeq_organism>Vibrio alginolyticus</GBSeq_organism>
 <GBSeq_organism>Vibrio sinaloensis</GBSeq_organism>
 <GBSeq_organism>Vibrio agarivorans</GBSeq_organism>
 <GBSeq_organism>Vibrio nereis</GBSeq_organism>
 <GBSeq_organism>Vibrio mediterranei</GBSeq_organism>
 <GBSeq_organism>Vibrio orientalis CIP 102891 = ATCC 33934</GBSeq_organism>
 <GBSeq_organism>Vibrio neptunius</GBSeq_organism>
 <GBSeq_organism>Vibrio fluvialis</GBSeq_organism>
 <GBSeq_organism>Vibrio xuii</GBSeq_organism>
 <GBSeq_organism>Vibrio hepatarius</GBSeq_organism>
 <GBSeq_organism>Vibrio nigripulchritudo ATCC 27043</GBSeq_organism>
 <GBSeq_organism>Vibrio furnissii</GBSeq_organism>
 <GBSeq_organism>Photobacterium aplysiae</GBSeq_organism>
 <GBSeq_organism>Vibrio ichthyoenteri ATCC 700023</GBSeq_organism>
 <GBSeq_organism>Photobacterium angustum</GBSeq_organism>
 <GBSeq_organism>Vibrio pectenicida</GBSeq_organism>
 <GBSeq_organism>Vibrio scophthalmi LMG 19158</GBSeq_organism>
 <GBSeq_organism>Vibrio hangzhouensis</GBSeq_organism>
 <GBSeq_organism>Vibrio brasiliensis LMG 20546</GBSeq_organism>
 <GBSeq_organism>Photobacterium kishitanii</GBSeq_organism>
 <GBSeq_organism>Enterovibrio norvegicus</GBSeq_organism>
 <GBSeq_organism>Vibrio campbellii CAIM 519 = NBRC 15631</GBSeq_organism>
 <GBSeq_organism>Vibrio tubiashii ATCC 19109</GBSeq_organism>
 <GBSeq_organism>Photobacterium lipolyticum</GBSeq_organism>
 <GBSeq_organism>Vibrio coralliilyticus ATCC BAA-450</GBSeq_organism>
 <GBSeq_organism>Vibrio rotiferianus CAIM 577 = LMG 21460</GBSeq_organism>
 <GBSeq_organism>Photobacterium rosenbergii</GBSeq_organism>
 <GBSeq_organism>Vibrio tasmaniensis</GBSeq_organism>
 <GBSeq_organism>Vibrio gigantis</GBSeq_organism>
 <GBSeq_organism>Vibrio mytili</GBSeq_organism>
 <GBSeq_organism>Photobacterium lutimaris</GBSeq_organism>
 <GBSeq_organism>Vibrio gallicus</GBSeq_organism>
 <GBSeq_organism>Alteromonas macleodii</GBSeq_organism>
 <GBSeq_organism>Vibrio shilonii</GBSeq_organism>
 <GBSeq_organism>Vibrio vulnificus NBRC 15645 = ATCC 27562</GBSeq_organism>
 <GBSeq_organism>Photobacterium profundum</GBSeq_organism>
 <GBSeq_organism>Vibrio navarrensis</GBSeq_organism>
 <GBSeq_organism>Vibrio proteolyticus</GBSeq_organism>
