 <GBSeq_organism>Alkalibacterium olivapovliticus</GBSeq_organism>
 <GBSeq_organism>Dolosigranulum pigrum</GBSeq_organism>
 <GBSeq_organism>Carnobacterium mobile</GBSeq_organism>
 <GBSeq_organism>Streptococcus pyogenes</GBSeq_organism>
 <GBSeq_organism>Carnobacterium pleistocenium FTR1</GBSeq_organism>
 <GBSeq_organism>Trichococcus pasteurii</GBSeq_organism>
 <GBSeq_organism>Carnobacterium gallinarum</GBSeq_organism>
 <GBSeq_organism>Carnobacterium viridans</GBSeq_organism>
 <GBSeq_organism>Carnobacterium maltaromaticum</GBSeq_organism>
 <GBSeq_organism>Atopostipes suicloacalis</GBSeq_organism>
 <GBSeq_organism>Trichococcus collinsii</GBSeq_organism>
 <GBSeq_organism>Trichococcus flocculiformis</GBSeq_organism>
 <GBSeq_organism>Trichococcus palustris</GBSeq_organism>
 <GBSeq_organism>Marinilactibacillus piezotolerans</GBSeq_organism>
 <GBSeq_organism>Trichococcus patagoniensis</GBSeq_organism>
 <GBSeq_organism>Isobaculum melis</GBSeq_organism>
 <GBSeq_organism>Carnobacterium alterfunditum</GBSeq_organism>
 <GBSeq_organism>Desemzia incerta</GBSeq_organism>
 <GBSeq_organism>Alkalibacterium psychrotolerans</GBSeq_organism>
 <GBSeq_organism>Atopococcus tabaci</GBSeq_organism>
 <GBSeq_organism>Alkalibacterium iburiense</GBSeq_organism>
 <GBSeq_organism>Alloiococcus otitis</GBSeq_organism>
 <GBSeq_organism>Lacticigenium naphtae</GBSeq_organism>
 <GBSeq_organism>Carnobacterium divergens</GBSeq_organism>
 <GBSeq_organism>Allofustis seminis</GBSeq_organism>
