 <GBSeq_organism>Halobacillus dabanensis</GBSeq_organism>
 <GBSeq_organism>Virgibacillus proomii</GBSeq_organism>
 <GBSeq_organism>Halobacillus karajensis</GBSeq_organism>
 <GBSeq_organism>Filobacillus milosensis</GBSeq_organism>
 <GBSeq_organism>Gracilibacillus dipsosauri</GBSeq_organism>
 <GBSeq_organism>Amphibacillus xylanus NBRC 15112</GBSeq_organism>
 <GBSeq_organism>Oceanobacillus picturae</GBSeq_organism>
 <GBSeq_organism>Halobacillus trueperi</GBSeq_organism>
 <GBSeq_organism>Halobacillus locisalis</GBSeq_organism>
 <GBSeq_organism>Halobacillus litoralis</GBSeq_organism>
 <GBSeq_organism>Sporolactobacillus dextrus</GBSeq_organism>
 <GBSeq_organism>Halobacillus yeomjeoni</GBSeq_organism>
 <GBSeq_organism>Halobacillus salinus</GBSeq_organism>
 <GBSeq_organism>Lentibacillus salicampi</GBSeq_organism>
 <GBSeq_organism>Halobacillus aidingensis</GBSeq_organism>
 <GBSeq_organism>Halobacillus halophilus</GBSeq_organism>
 <GBSeq_organism>Gracilibacillus orientalis</GBSeq_organism>
 <GBSeq_organism>Amphibacillus tropicus</GBSeq_organism>
 <GBSeq_organism>Virgibacillus marismortui</GBSeq_organism>
 <GBSeq_organism>Gracilibacillus boraciitolerans</GBSeq_organism>
 <GBSeq_organism>Gracilibacillus halotolerans</GBSeq_organism>
 <GBSeq_organism>Virgibacillus salexigens</GBSeq_organism>
 <GBSeq_organism>Amphibacillus fermentum</GBSeq_organism>
