 <GBSeq_organism>Ramlibacter tataouinensis TTB310</GBSeq_organism>
 <GBSeq_organism>Variovorax paradoxus</GBSeq_organism>
 <GBSeq_organism>Xenophilus azovorans</GBSeq_organism>
 <GBSeq_organism>Rhodoferax fermentans</GBSeq_organism>
 <GBSeq_organism>Ottowia thiooxydans</GBSeq_organism>
 <GBSeq_organism>Hydrogenophaga defluvii</GBSeq_organism>
 <GBSeq_organism>Alicycliphilus denitrificans K601</GBSeq_organism>
 <GBSeq_organism>Polaromonas aquatica</GBSeq_organism>
 <GBSeq_organism>Brachymonas denitrificans</GBSeq_organism>
 <GBSeq_organism>Hydrogenophaga atypica</GBSeq_organism>
 <GBSeq_organism>Acidovorax facilis</GBSeq_organism>
 <GBSeq_organism>Hydrogenophaga intermedia</GBSeq_organism>
 <GBSeq_organism>Delftia acidovorans</GBSeq_organism>
 <GBSeq_organism>Polaromonas aquatica</GBSeq_organism>
 <GBSeq_organism>Hydrogenophaga palleronii</GBSeq_organism>
 <GBSeq_organism>Polaromonas naphthalenivorans CJ2</GBSeq_organism>
 <GBSeq_organism>Hydrogenophaga flava</GBSeq_organism>
 <GBSeq_organism>Malikia granosa</GBSeq_organism>
 <GBSeq_organism>Hydrogenophaga taeniospiralis CCUG 15921</GBSeq_organism>
 <GBSeq_organism>Curvibacter fontanus</GBSeq_organism>
 <GBSeq_organism>Hylemonella gracilis ATCC 19624</GBSeq_organism>
