 <GBSeq_organism>Mycobacterium simiae</GBSeq_organism>
 <GBSeq_organism>Mycobacterium algericum DSM 45454</GBSeq_organism>
 <GBSeq_organism>Alvinella pompejana</GBSeq_organism>
 <GBSeq_organism>Mycobacterium interjectum</GBSeq_organism>
 <GBSeq_organism>Mycobacterium hiberniae</GBSeq_organism>
 <GBSeq_organism>Mycobacterium asiaticum</GBSeq_organism>
 <GBSeq_organism>Mycobacterium terrae</GBSeq_organism>
 <GBSeq_organism>Mycobacterium terrae</GBSeq_organism>
 <GBSeq_organism>Mycobacterium kansasii ATCC 12478</GBSeq_organism>
 <GBSeq_organism>Mycobacterium intracellulare</GBSeq_organism>
 <GBSeq_organism>Mycobacterium kansasii ATCC 12478</GBSeq_organism>
 <GBSeq_organism>Mycobacterium paraterrae</GBSeq_organism>
 <GBSeq_organism>Mycobacterium triviale</GBSeq_organism>
 <GBSeq_organism>Mycobacterium paraterrae</GBSeq_organism>
 <GBSeq_organism>Mycobacterium avium subsp. avium</GBSeq_organism>
 <GBSeq_organism>Mycobacterium intermedium</GBSeq_organism>
 <GBSeq_organism>Mycobacterium hiberniae</GBSeq_organism>
 <GBSeq_organism>Mycobacterium algericum DSM 45454</GBSeq_organism>
 <GBSeq_organism>Mycobacterium gordonae</GBSeq_organism>
 <GBSeq_organism>Mycobacterium terrae</GBSeq_organism>
 <GBSeq_organism>Mycobacterium nonchromogenicum</GBSeq_organism>
 <GBSeq_organism>Mycobacterium shimoidei</GBSeq_organism>
 <GBSeq_organism>Mycobacterium asiaticum</GBSeq_organism>
 <GBSeq_organism>Mycobacterium paraterrae</GBSeq_organism>
 <GBSeq_organism>Mycobacterium parascrofulaceum</GBSeq_organism>
 <GBSeq_organism>Mycobacterium asiaticum</GBSeq_organism>
 <GBSeq_organism>Mycobacterium algericum DSM 45454</GBSeq_organism>
 <GBSeq_organism>Mycobacterium gordonae</GBSeq_organism>
 <GBSeq_organism>Mycobacterium senuense</GBSeq_organism>
 <GBSeq_organism>Mycobacterium haemophilum</GBSeq_organism>
 <GBSeq_organism>Mycobacterium genavense</GBSeq_organism>
 <GBSeq_organism>Mycobacterium lentiflavum</GBSeq_organism>
 <GBSeq_organism>Mycobacterium kumamotonense</GBSeq_organism>
 <GBSeq_organism>Mycobacterium xenopi</GBSeq_organism>
 <GBSeq_organism>Mycobacterium avium subsp. paratuberculosis</GBSeq_organism>
 <GBSeq_organism>Mycobacterium szulgai</GBSeq_organism>
 <GBSeq_organism>Tsukamurella paurometabola</GBSeq_organism>
 <GBSeq_organism>Mycobacterium chelonae</GBSeq_organism>
 <GBSeq_organism>Mycobacterium gastri</GBSeq_organism>
 <GBSeq_organism>Mycobacterium nebraskense</GBSeq_organism>
 <GBSeq_organism>Mycobacterium scrofulaceum</GBSeq_organism>
 <GBSeq_organism>Mycobacterium abscessus ATCC 19977</GBSeq_organism>
 <GBSeq_organism>Tsukamurella paurometabola</GBSeq_organism>
 <GBSeq_organism>Mycobacterium malmoense</GBSeq_organism>
 <GBSeq_organism>Mycobacterium nonchromogenicum</GBSeq_organism>
