 <GBSeq_organism>Bacillus salarius</GBSeq_organism>
 <GBSeq_organism>Filobacillus milosensis</GBSeq_organism>
 <GBSeq_organism>Bacillus patagoniensis</GBSeq_organism>
 <GBSeq_organism>Bacillus pseudofirmus</GBSeq_organism>
 <GBSeq_organism>Bacillus saliphilus</GBSeq_organism>
 <GBSeq_organism>Bacillus herbersteinensis</GBSeq_organism>
 <GBSeq_organism>Virgibacillus pantothenticus</GBSeq_organism>
 <GBSeq_organism>Paenibacillus polymyxa</GBSeq_organism>
 <GBSeq_organism>Tenuibacillus multivorans</GBSeq_organism>
 <GBSeq_organism>Halobacillus salinus</GBSeq_organism>
 <GBSeq_organism>[Bacillus] clarkii</GBSeq_organism>
 <GBSeq_organism>Bacillus axarquiensis</GBSeq_organism>
 <GBSeq_organism>Viridibacillus arenosi</GBSeq_organism>
 <GBSeq_organism>Bacillus acidicola</GBSeq_organism>
 <GBSeq_organism>Lentibacillus salicampi</GBSeq_organism>
 <GBSeq_organism>Bacillus marisflavi</GBSeq_organism>
 <GBSeq_organism>Bacillus ruris</GBSeq_organism>
 <GBSeq_organism>Halobacillus halophilus</GBSeq_organism>
 <GBSeq_organism>Gracilibacillus halotolerans</GBSeq_organism>
 <GBSeq_organism>Bacillus koreensis</GBSeq_organism>
 <GBSeq_organism>Bacillus sporothermodurans</GBSeq_organism>
 <GBSeq_organism>Lysinibacillus odysseyi</GBSeq_organism>
 <GBSeq_organism>[Bacillus] agaradhaerens</GBSeq_organism>
 <GBSeq_organism>Bacillus oshimensis</GBSeq_organism>
 <GBSeq_organism>Bacillus shackletonii</GBSeq_organism>
