 <GBSeq_organism>[Bacillus] thermocloacae</GBSeq_organism>
 <GBSeq_organism>Virgibacillus halodenitrificans</GBSeq_organism>
 <GBSeq_organism>Aeribacillus pallidus</GBSeq_organism>
 <GBSeq_organism>Bacillus sp.</GBSeq_organism>
 <GBSeq_organism>Bacillus smithii</GBSeq_organism>
 <GBSeq_organism>Halobacillus trueperi</GBSeq_organism>
 <GBSeq_organism>Geobacillus toebii</GBSeq_organism>
 <GBSeq_organism>Bacillus thermoamylovorans</GBSeq_organism>
 <GBSeq_organism>Bacillus halodurans</GBSeq_organism>
 <GBSeq_organism>Jeotgalibacillus marinus</GBSeq_organism>
 <GBSeq_organism>Paenibacillus polymyxa</GBSeq_organism>
 <GBSeq_organism>[Bacillus] caldotenax</GBSeq_organism>
 <GBSeq_organism>Bacillus horti</GBSeq_organism>
 <GBSeq_organism>Geobacillus stearothermophilus</GBSeq_organism>
 <GBSeq_organism>Psychrobacillus psychrotolerans</GBSeq_organism>
 <GBSeq_organism>Caldalkalibacillus thermarum</GBSeq_organism>
 <GBSeq_organism>Bacillus alcalophilus ATCC 27647</GBSeq_organism>
 <GBSeq_organism>Bacillus thermoalkalophilus</GBSeq_organism>
 <GBSeq_organism>Thalassobacillus devorans</GBSeq_organism>
 <GBSeq_organism>Psychrobacillus insolitus</GBSeq_organism>
 <GBSeq_organism>[Bacillus] agaradhaerens</GBSeq_organism>
 <GBSeq_organism>Thermobacillus xylanilyticus</GBSeq_organism>
