 <GBSeq_organism>Xanthomonas vesicatoria</GBSeq_organism>
 <GBSeq_organism>Xanthomonas citri</GBSeq_organism>
 <GBSeq_organism>Xanthomonas perforans</GBSeq_organism>
 <GBSeq_organism>Xanthomonas citri</GBSeq_organism>
 <GBSeq_organism>Xanthomonas alfalfae subsp. citrumelonis</GBSeq_organism>
 <GBSeq_organism>Xanthomonas perforans</GBSeq_organism>
 <GBSeq_organism>Xanthomonas arboricola</GBSeq_organism>
 <GBSeq_organism>Xanthomonas axonopodis pv. fici</GBSeq_organism>
 <GBSeq_organism>Xanthomonas citri</GBSeq_organism>
 <GBSeq_organism>Xanthomonas axonopodis pv. dieffenbachiae</GBSeq_organism>
 <GBSeq_organism>Xanthomonas campestris pv. campestris</GBSeq_organism>
 <GBSeq_organism>Mus musculus</GBSeq_organism>
 <GBSeq_organism>Xanthomonas campestris pv. campestris str. ATCC 33913</GBSeq_organism>
 <GBSeq_organism>Xanthomonas citri</GBSeq_organism>
 <GBSeq_organism>Xanthomonas oryzae</GBSeq_organism>
 <GBSeq_organism>Pseudomonas aeruginosa PAO1</GBSeq_organism>
 <GBSeq_organism>Xanthomonas melonis</GBSeq_organism>
 <GBSeq_organism>Xanthomonas citri</GBSeq_organism>
 <GBSeq_organism>Xanthomonas alfalfae subsp. citrumelonis</GBSeq_organism>
 <GBSeq_organism>Xanthomonas vesicatoria</GBSeq_organism>
 <GBSeq_organism>Xanthomonas axonopodis pv. malvacearum</GBSeq_organism>
 <GBSeq_organism>Xanthomonas oryzae</GBSeq_organism>
 <GBSeq_organism>Xanthomonas citri</GBSeq_organism>
 <GBSeq_organism>Xanthomonas citri</GBSeq_organism>
 <GBSeq_organism>Xanthomonas vesicatoria</GBSeq_organism>
 <GBSeq_organism>Ralstonia solanacearum</GBSeq_organism>
 <GBSeq_organism>Xanthomonas axonopodis pv. aurantifolii</GBSeq_organism>
 <GBSeq_organism>Xanthomonas axonopodis pv. citri str. 306</GBSeq_organism>
 <GBSeq_organism>Xanthomonas pisi</GBSeq_organism>
 <GBSeq_organism>Xanthomonas perforans</GBSeq_organism>
 <GBSeq_organism>Xanthomonas axonopodis pv. dieffenbachiae</GBSeq_organism>
 <GBSeq_organism>Xanthomonas axonopodis pv. aurantifolii</GBSeq_organism>
 <GBSeq_organism>Xanthomonas cassavae CFBP 4642</GBSeq_organism>
 <GBSeq_organism>Xanthomonas axonopodis pv. malvacearum</GBSeq_organism>
 <GBSeq_organism>Xanthomonas alfalfae subsp. citrumelonis</GBSeq_organism>
 <GBSeq_organism>Xanthomonas cucurbitae</GBSeq_organism>
 <GBSeq_organism>Xanthomonas citri</GBSeq_organism>
 <GBSeq_organism>Xanthomonas codiaei</GBSeq_organism>
 <GBSeq_organism>Xanthomonas citri</GBSeq_organism>
 <GBSeq_organism>Xanthomonas bromi</GBSeq_organism>
 <GBSeq_organism>Xanthomonas axonopodis pv. aurantifolii</GBSeq_organism>
 <GBSeq_organism>Xanthomonas vesicatoria</GBSeq_organism>
 <GBSeq_organism>Xanthomonas perforans</GBSeq_organism>
