 <GBSeq_organism>Mobiluncus curtisii subsp. curtisii ATCC 35241</GBSeq_organism>
 <GBSeq_organism>Actinobaculum urinale</GBSeq_organism>
 <GBSeq_organism>Actinobaculum schaalii</GBSeq_organism>
 <GBSeq_organism>Actinomyces canis</GBSeq_organism>
 <GBSeq_organism>Actinomyces europaeus</GBSeq_organism>
 <GBSeq_organism>Actinomyces bovis</GBSeq_organism>
 <GBSeq_organism>Actinomyces funkei</GBSeq_organism>
 <GBSeq_organism>Actinomyces turicensis</GBSeq_organism>
 <GBSeq_organism>Arcanobacterium phocae</GBSeq_organism>
 <GBSeq_organism>Actinomyces odontolyticus</GBSeq_organism>
 <GBSeq_organism>Actinomyces hyovaginalis</GBSeq_organism>
 <GBSeq_organism>Actinomyces neuii subsp. neuii</GBSeq_organism>
 <GBSeq_organism>Actinomyces radingae</GBSeq_organism>
 <GBSeq_organism>Arcanobacterium haemolyticum DSM 20595</GBSeq_organism>
 <GBSeq_organism>Actinomyces gerencseriae</GBSeq_organism>
 <GBSeq_organism>Actinomyces marimammalium</GBSeq_organism>
 <GBSeq_organism>Trueperella pyogenes</GBSeq_organism>
 <GBSeq_organism>Actinomyces howellii</GBSeq_organism>
 <GBSeq_organism>Actinomyces neuii subsp. anitratus</GBSeq_organism>
 <GBSeq_organism>Actinomyces denticolens</GBSeq_organism>
 <GBSeq_organism>Actinomyces israelii</GBSeq_organism>
 <GBSeq_organism>Trueperella bernardiae</GBSeq_organism>
 <GBSeq_organism>Actinomyces georgiae</GBSeq_organism>
