 <GBSeq_organism>Bacillus indicus</GBSeq_organism>
 <GBSeq_organism>Bacillus cohnii</GBSeq_organism>
 <GBSeq_organism>Bacillus megaterium</GBSeq_organism>
 <GBSeq_organism>Bacillus oleronius</GBSeq_organism>
 <GBSeq_organism>Bacillus panaciterrae</GBSeq_organism>
 <GBSeq_organism>Bacillus cibi</GBSeq_organism>
 <GBSeq_organism>Bacillus horikoshii DSM 8719</GBSeq_organism>
 <GBSeq_organism>Bacillus acidicola</GBSeq_organism>
 <GBSeq_organism>Bacillus cereus</GBSeq_organism>
 <GBSeq_organism>Bacillus litoralis</GBSeq_organism>
 <GBSeq_organism>Bacillus thuringiensis</GBSeq_organism>
 <GBSeq_organism>Vulcanibacillus modesticaldus</GBSeq_organism>
 <GBSeq_organism>Bacillus luciferensis</GBSeq_organism>
 <GBSeq_organism>Bacillus seohaeanensis</GBSeq_organism>
 <GBSeq_organism>Bacillus cereus</GBSeq_organism>
 <GBSeq_organism>Bacillus kribbensis</GBSeq_organism>
 <GBSeq_organism>Bacillus halmapalus</GBSeq_organism>
 <GBSeq_organism>Bacillus alkalitelluris</GBSeq_organism>
 <GBSeq_organism>Bacillus endophyticus</GBSeq_organism>
 <GBSeq_organism>Bacillus pocheonensis</GBSeq_organism>
 <GBSeq_organism>Bacillus koreensis</GBSeq_organism>
 <GBSeq_organism>Bacillus isabeliae</GBSeq_organism>
