 <GBSeq_organism>Brevibacterium otitidis</GBSeq_organism>
 <GBSeq_organism>Brevibacterium celere</GBSeq_organism>
 <GBSeq_organism>Brevibacterium marinum</GBSeq_organism>
 <GBSeq_organism>Brevibacterium oceani</GBSeq_organism>
 <GBSeq_organism>Brevibacterium album DSM 18261</GBSeq_organism>
 <GBSeq_organism>Brevibacterium linens</GBSeq_organism>
 <GBSeq_organism>Homo sapiens</GBSeq_organism>
 <GBSeq_organism>Brevibacterium mcbrellneri ATCC 49030</GBSeq_organism>
 <GBSeq_organism>Brevibacterium paucivorans</GBSeq_organism>
 <GBSeq_organism>Brevibacterium casei</GBSeq_organism>
 <GBSeq_organism>Brevibacterium ravenspurgense</GBSeq_organism>
 <GBSeq_organism>Brevibacterium aurantiacum</GBSeq_organism>
 <GBSeq_organism>Brevibacterium sanguinis</GBSeq_organism>
 <GBSeq_organism>Brevibacterium iodinum</GBSeq_organism>
 <GBSeq_organism>Brevibacterium sandarakinum</GBSeq_organism>
 <GBSeq_organism>Brevibacterium epidermidis</GBSeq_organism>
 <GBSeq_organism>Brevibacterium luteolum</GBSeq_organism>
 <GBSeq_organism>Amycolatopsis alba DSM 44262</GBSeq_organism>
 <GBSeq_organism>Brevibacterium antiquum</GBSeq_organism>
 <GBSeq_organism>Brevibacterium permense</GBSeq_organism>
 <GBSeq_organism>Brevibacterium picturae</GBSeq_organism>
