 <GBSeq_organism>Gluconobacter oxydans</GBSeq_organism>
 <GBSeq_organism>Roseomonas rosea</GBSeq_organism>
 <GBSeq_organism>Erythrobacter litoralis</GBSeq_organism>
 <GBSeq_organism>Roseococcus thiosulfatophilus</GBSeq_organism>
 <GBSeq_organism>Craurococcus roseus</GBSeq_organism>
 <GBSeq_organism>Rubritepida flocculans</GBSeq_organism>
 <GBSeq_organism>Elioraea tepidiphila DSM 17972</GBSeq_organism>
 <GBSeq_organism>Rhodospirillum rubrum</GBSeq_organism>
 <GBSeq_organism>Hyphomonas jannaschiana</GBSeq_organism>
 <GBSeq_organism>Azospirillum lipoferum</GBSeq_organism>
 <GBSeq_organism>Methylobacterium radiotolerans JCM 2831</GBSeq_organism>
 <GBSeq_organism>Brevundimonas diminuta ATCC 11568</GBSeq_organism>
 <GBSeq_organism>uncultured bacterium</GBSeq_organism>
 <GBSeq_organism>Afifella marina</GBSeq_organism>
 <GBSeq_organism>Magnetospirillum magnetotacticum</GBSeq_organism>
 <GBSeq_organism>Phaeospirillum fulvum</GBSeq_organism>
 <GBSeq_organism>Acidisphaera rubrifaciens</GBSeq_organism>
 <GBSeq_organism>Rhodovibrio sodomensis</GBSeq_organism>
 <GBSeq_organism>Acidocella facilis</GBSeq_organism>
 <GBSeq_organism>Acetobacter aceti NBRC 14818</GBSeq_organism>
 <GBSeq_organism>Paracraurococcus ruber</GBSeq_organism>
 <GBSeq_organism>Rhodopila globiformis</GBSeq_organism>
 <GBSeq_organism>Roseomonas gilardii</GBSeq_organism>
