 <GBSeq_organism>Candida sp. UWO(PS)91-127.1</GBSeq_organism>
 <GBSeq_organism>Arthroascus schoenii</GBSeq_organism>
 <GBSeq_organism>Candida sp. UWO(PS)95-697.4</GBSeq_organism>
 <GBSeq_organism>Saccharomycopsis capsularis</GBSeq_organism>
 <GBSeq_organism>Arthroascus fermentans</GBSeq_organism>
 <GBSeq_organism>Saccharomycopsis crataegensis</GBSeq_organism>
 <GBSeq_organism>Saccharomycopsis selenospora</GBSeq_organism>
 <GBSeq_organism>Candida sp. UWO(PS)91-151</GBSeq_organism>
 <GBSeq_organism>Saccharomycopsis javanensis</GBSeq_organism>
 <GBSeq_organism>Saccharomycopsis amapae</GBSeq_organism>
 <GBSeq_organism>Saccharomycopsis synnaedendra</GBSeq_organism>
 <GBSeq_organism>Arthroascus schoenii</GBSeq_organism>
 <GBSeq_organism>Arthroascus fermentans var. arxii</GBSeq_organism>
 <GBSeq_organism>Arthroascus schoenii</GBSeq_organism>
 <GBSeq_organism>Arthroascus schoenii</GBSeq_organism>
 <GBSeq_organism>Saccharomycopsis fibuligera</GBSeq_organism>
 <GBSeq_organism>Arthroascus schoenii</GBSeq_organism>
 <GBSeq_organism>Arthroascus schoenii</GBSeq_organism>
 <GBSeq_organism>Arthroascus schoenii</GBSeq_organism>
 <GBSeq_organism>Saccharomycopsis babjevae</GBSeq_organism>
 <GBSeq_organism>Saccharomycopsis malanga</GBSeq_organism>
 <GBSeq_organism>Arthroascus schoenii</GBSeq_organism>
