 <GBSeq_organism>Actinomadura echinospora</GBSeq_organism>
 <GBSeq_organism>Actinomadura catellatispora</GBSeq_organism>
 <GBSeq_organism>Actinomadura oligospora</GBSeq_organism>
 <GBSeq_organism>Actinomadura formosensis</GBSeq_organism>
 <GBSeq_organism>Actinomadura namibiensis</GBSeq_organism>
 <GBSeq_organism>Actinomadura umbrina</GBSeq_organism>
 <GBSeq_organism>Actinomadura viridilutea</GBSeq_organism>
 <GBSeq_organism>Actinomadura fibrosa</GBSeq_organism>
 <GBSeq_organism>Actinomadura yumaensis</GBSeq_organism>
 <GBSeq_organism>Actinomadura livida</GBSeq_organism>
 <GBSeq_organism>Actinomadura luteofluorescens</GBSeq_organism>
 <GBSeq_organism>Actinomadura citrea</GBSeq_organism>
 <GBSeq_organism>Actinomadura nitritigenes</GBSeq_organism>
 <GBSeq_organism>Actinomadura glauciflava</GBSeq_organism>
 <GBSeq_organism>Actinomadura verrucosospora</GBSeq_organism>
 <GBSeq_organism>Actinomadura rubrobrunea</GBSeq_organism>
 <GBSeq_organism>Actinomadura rugatobispora</GBSeq_organism>
 <GBSeq_organism>Actinomadura macra</GBSeq_organism>
 <GBSeq_organism>Actinoallomurus spadix</GBSeq_organism>
 <GBSeq_organism>Actinomadura madurae</GBSeq_organism>
 <GBSeq_organism>Actinomadura pelletieri</GBSeq_organism>
 <GBSeq_organism>Actinomadura kijaniata</GBSeq_organism>
 <GBSeq_organism>Actinomadura cremea subsp. cremea</GBSeq_organism>
 <GBSeq_organism>Actinomadura viridis</GBSeq_organism>
 <GBSeq_organism>Actinomadura hibisca</GBSeq_organism>
 <GBSeq_organism>Actinomadura coerulea</GBSeq_organism>
 <GBSeq_organism>Actinomadura fulvescens</GBSeq_organism>
 <GBSeq_organism>Actinomadura rifamycini</GBSeq_organism>
 <GBSeq_organism>Actinomadura atramentaria</GBSeq_organism>
 <GBSeq_organism>Thermomonospora curvata DSM 43183</GBSeq_organism>
 <GBSeq_organism>Actinomadura vinacea</GBSeq_organism>
