 <GBSeq_organism>Enterococcus casseliflavus</GBSeq_organism>
 <GBSeq_organism>Enterococcus saccharolyticus ATCC 43076</GBSeq_organism>
 <GBSeq_organism>Enterococcus durans</GBSeq_organism>
 <GBSeq_organism>Enterococcus cecorum DSM 20682 = ATCC 43198</GBSeq_organism>
 <GBSeq_organism>Enterococcus dispar ATCC 51266</GBSeq_organism>
 <GBSeq_organism>Enterococcus haemoperoxidus</GBSeq_organism>
 <GBSeq_organism>Tetragenococcus solitarius</GBSeq_organism>
 <GBSeq_organism>Enterococcus columbae DSM 7374 = ATCC 51263</GBSeq_organism>
 <GBSeq_organism>Tetragenococcus halophilus subsp. halophilus DSM 20339</GBSeq_organism>
 <GBSeq_organism>Enterococcus gallinarum</GBSeq_organism>
 <GBSeq_organism>Tetragenococcus muriaticus</GBSeq_organism>
 <GBSeq_organism>Enterococcus casseliflavus</GBSeq_organism>
 <GBSeq_organism>Bacillus subtilis</GBSeq_organism>
 <GBSeq_organism>Enterococcus malodoratus</GBSeq_organism>
 <GBSeq_organism>Enterococcus avium ATCC 14025</GBSeq_organism>
 <GBSeq_organism>Enterococcus moraviensis</GBSeq_organism>
 <GBSeq_organism>Enterococcus raffinosus</GBSeq_organism>
 <GBSeq_organism>Enterococcus faecalis</GBSeq_organism>
 <GBSeq_organism>Enterococcus faecium</GBSeq_organism>
 <GBSeq_organism>Enterococcus pseudoavium</GBSeq_organism>
 <GBSeq_organism>Enterococcus villorum</GBSeq_organism>
 <GBSeq_organism>Enterococcus sulfureus ATCC 49903</GBSeq_organism>
 <GBSeq_organism>Enterococcus hirae</GBSeq_organism>
