 <GBSeq_organism>Halobacillus karajensis</GBSeq_organism>
 <GBSeq_organism>Alkalibacillus haloalkaliphilus</GBSeq_organism>
 <GBSeq_organism>Filobacillus milosensis</GBSeq_organism>
 <GBSeq_organism>Gracilibacillus dipsosauri</GBSeq_organism>
 <GBSeq_organism>Oceanobacillus picturae</GBSeq_organism>
 <GBSeq_organism>Halobacillus trueperi</GBSeq_organism>
 <GBSeq_organism>Halobacillus litoralis</GBSeq_organism>
 <GBSeq_organism>Marinococcus halophilus</GBSeq_organism>
 <GBSeq_organism>Oceanobacillus iheyensis HTE831</GBSeq_organism>
 <GBSeq_organism>Halobacillus salinus</GBSeq_organism>
 <GBSeq_organism>Salimicrobium album</GBSeq_organism>
 <GBSeq_organism>Sparus aurata</GBSeq_organism>
 <GBSeq_organism>Bacillus acidicola</GBSeq_organism>
 <GBSeq_organism>Amphibacillus tropicus</GBSeq_organism>
 <GBSeq_organism>Virgibacillus necropolis</GBSeq_organism>
 <GBSeq_organism>Virgibacillus marismortui</GBSeq_organism>
 <GBSeq_organism>Gracilibacillus halotolerans</GBSeq_organism>
 <GBSeq_organism>Virgibacillus pantothenticus</GBSeq_organism>
 <GBSeq_organism>Alkalibacillus filiformis</GBSeq_organism>
 <GBSeq_organism>Amphibacillus xylanus NBRC 15112</GBSeq_organism>
 <GBSeq_organism>Virgibacillus salexigens</GBSeq_organism>
