 <GBSeq_organism>Winogradskyella poriferorum</GBSeq_organism>
 <GBSeq_organism>Galbibacter mesophilus</GBSeq_organism>
 <GBSeq_organism>Capnocytophaga granulosa ATCC 51502</GBSeq_organism>
 <GBSeq_organism>Capnocytophaga gingivalis</GBSeq_organism>
 <GBSeq_organism>Lutaonella thermophila</GBSeq_organism>
 <GBSeq_organism>Gramella portivictoriae</GBSeq_organism>
 <GBSeq_organism>Zhouia amylolytica</GBSeq_organism>
 <GBSeq_organism>Tamlana crocina</GBSeq_organism>
 <GBSeq_organism>Mariniflexile gromovii</GBSeq_organism>
 <GBSeq_organism>Myroides odoratimimus</GBSeq_organism>
 <GBSeq_organism>Salinimicrobium xinjiangense</GBSeq_organism>
 <GBSeq_organism>Dokdonia diaphoros</GBSeq_organism>
 <GBSeq_organism>Aequorivita antarctica</GBSeq_organism>
 <GBSeq_organism>Dokdonia donghaensis</GBSeq_organism>
 <GBSeq_organism>Gelidibacter mesophilus</GBSeq_organism>
 <GBSeq_organism>Aquimarina intermedia</GBSeq_organism>
 <GBSeq_organism>Leeuwenhoekiella aequorea</GBSeq_organism>
 <GBSeq_organism>Gramella echinicola</GBSeq_organism>
 <GBSeq_organism>Psychroserpens mesophilus</GBSeq_organism>
 <GBSeq_organism>Psychroserpens burtonensis</GBSeq_organism>
 <GBSeq_organism>Aequorivita sublithincola DSM 14238</GBSeq_organism>
 <GBSeq_organism>Gaetbulibacter marinus</GBSeq_organism>
 <GBSeq_organism>Cupriavidus taiwanensis LMG 19424</GBSeq_organism>
 <GBSeq_organism>Cellulophaga fucicola</GBSeq_organism>
 <GBSeq_organism>Dokdonia eikasta</GBSeq_organism>
 <GBSeq_organism>Salinimicrobium catena</GBSeq_organism>
 <GBSeq_organism>Nonlabens dokdonensis DSW-6</GBSeq_organism>
 <GBSeq_organism>Dokdonia genika</GBSeq_organism>
 <GBSeq_organism>Zeaxanthinibacter enoshimensis</GBSeq_organism>
 <GBSeq_organism>Aquimarina brevivitae</GBSeq_organism>
 <GBSeq_organism>Leeuwenhoekiella blandensis MED217</GBSeq_organism>
