 <GBSeq_organism>Dermabacter hominis</GBSeq_organism>
 <GBSeq_organism>Sanguibacter suarezii</GBSeq_organism>
 <GBSeq_organism>Ornithinicoccus hortensis</GBSeq_organism>
 <GBSeq_organism>Brachybacterium faecium DSM 4810</GBSeq_organism>
 <GBSeq_organism>Dermacoccus nishinomiyaensis</GBSeq_organism>
 <GBSeq_organism>Beutenbergia cavernae DSM 12333</GBSeq_organism>
 <GBSeq_organism>Bogoriella caseilytica</GBSeq_organism>
 <GBSeq_organism>Ornithinimicrobium kibberense</GBSeq_organism>
 <GBSeq_organism>Vigna unguiculata</GBSeq_organism>
 <GBSeq_organism>Cellulomonas flavigena DSM 20109</GBSeq_organism>
 <GBSeq_organism>Microbacterium liquefaciens</GBSeq_organism>
 <GBSeq_organism>Serinicoccus marinus</GBSeq_organism>
 <GBSeq_organism>Nesterenkonia halobia</GBSeq_organism>
 <GBSeq_organism>Rothia mucilaginosa</GBSeq_organism>
 <GBSeq_organism>Intrasporangium calvum DSM 43043</GBSeq_organism>
 <GBSeq_organism>Curtobacterium citreum</GBSeq_organism>
 <GBSeq_organism>Jonesia denitrificans DSM 20603</GBSeq_organism>
 <GBSeq_organism>Demetria terragena</GBSeq_organism>
 <GBSeq_organism>Oerskovia enterophila</GBSeq_organism>
 <GBSeq_organism>Arsenicicoccus bolidensis</GBSeq_organism>
 <GBSeq_organism>Kocuria rosea</GBSeq_organism>
 <GBSeq_organism>Ornithinimicrobium humiphilum</GBSeq_organism>
 <GBSeq_organism>Terrabacter tumescens</GBSeq_organism>
 <GBSeq_organism>Janibacter limosus</GBSeq_organism>
 <GBSeq_organism>Dermatophilus congolensis</GBSeq_organism>
 <GBSeq_organism>Rarobacter faecitabidus</GBSeq_organism>
 <GBSeq_organism>Arthrobacter globiformis</GBSeq_organism>
 <GBSeq_organism>Terracoccus luteus</GBSeq_organism>
 <GBSeq_organism>Sanguibacter keddieii DSM 10542</GBSeq_organism>
