 <GBSeq_organism>Loktanella salsilacus</GBSeq_organism>
 <GBSeq_organism>Pseudorhodobacter ferrugineus</GBSeq_organism>
 <GBSeq_organism>Rubellimicrobium aerolatum</GBSeq_organism>
 <GBSeq_organism>Wenxinia marina</GBSeq_organism>
 <GBSeq_organism>Rubellimicrobium thermophilum</GBSeq_organism>
 <GBSeq_organism>Roseicyclus mahoneyensis</GBSeq_organism>
 <GBSeq_organism>Jannaschia helgolandensis</GBSeq_organism>
 <GBSeq_organism>Silicibacter lacuscaerulensis ITI-1157</GBSeq_organism>
 <GBSeq_organism>Rhodobaca bogoriensis DSM 18756</GBSeq_organism>
 <GBSeq_organism>Roseivivax halodurans</GBSeq_organism>
 <GBSeq_organism>Marinovum algicola</GBSeq_organism>
 <GBSeq_organism>Rubellimicrobium mesophilum DSM 19309</GBSeq_organism>
 <GBSeq_organism>Albidovulum inexpectatum</GBSeq_organism>
 <GBSeq_organism>Roseisalinus antarcticus</GBSeq_organism>
 <GBSeq_organism>Roseinatronobacter thiooxidans</GBSeq_organism>
 <GBSeq_organism>Ketogulonicigenium vulgare</GBSeq_organism>
 <GBSeq_organism>Ruegeria atlantica</GBSeq_organism>
 <GBSeq_organism>Terracoccus luteus</GBSeq_organism>
 <GBSeq_organism>Oceanicola granulosus</GBSeq_organism>
 <GBSeq_organism>Marinosulfonomonas methylotropha</GBSeq_organism>
 <GBSeq_organism>Dinoroseobacter shibae DFL 12 = DSM 16493</GBSeq_organism>
