 <GBSeq_organism>Kitasatospora nipponensis</GBSeq_organism>
 <GBSeq_organism>Streptacidiphilus neutrinimicus</GBSeq_organism>
 <GBSeq_organism>Kitasatospora putterlickiae</GBSeq_organism>
 <GBSeq_organism>Kitasatospora gansuensis</GBSeq_organism>
 <GBSeq_organism>Kitasatospora paranensis</GBSeq_organism>
 <GBSeq_organism>Streptomyces griseus subsp. griseus</GBSeq_organism>
 <GBSeq_organism>Streptomyces cinereorectus</GBSeq_organism>
 <GBSeq_organism>Kitasatospora cheerisanensis</GBSeq_organism>
 <GBSeq_organism>Kitasatospora griseola</GBSeq_organism>
 <GBSeq_organism>Kitasatospora paracochleata</GBSeq_organism>
 <GBSeq_organism>Kitasatospora viridis</GBSeq_organism>
 <GBSeq_organism>Kitasatospora cystarginea</GBSeq_organism>
 <GBSeq_organism>Kitasatospora mediocidica</GBSeq_organism>
 <GBSeq_organism>Kitasatospora phosalacinea</GBSeq_organism>
 <GBSeq_organism>Streptacidiphilus carbonis</GBSeq_organism>
 <GBSeq_organism>Streptacidiphilus albus</GBSeq_organism>
 <GBSeq_organism>Kitasatospora azatica</GBSeq_organism>
 <GBSeq_organism>Kitasatospora terrestris</GBSeq_organism>
 <GBSeq_organism>Kitasatospora arboriphila</GBSeq_organism>
 <GBSeq_organism>Streptomyces scabiei</GBSeq_organism>
 <GBSeq_organism>Streptomyces violaceusniger</GBSeq_organism>
 <GBSeq_organism>Streptomyces lavendulae</GBSeq_organism>
 <GBSeq_organism>Kitasatospora kifunensis</GBSeq_organism>
