 <GBSeq_organism>Butyrivibrio fibrisolvens</GBSeq_organism>
 <GBSeq_organism>Butyrivibrio fibrisolvens</GBSeq_organism>
 <GBSeq_organism>Butyrivibrio crossotus</GBSeq_organism>
 <GBSeq_organism>Pseudobutyrivibrio xylanivorans</GBSeq_organism>
 <GBSeq_organism>Pseudobutyrivibrio ruminis</GBSeq_organism>
 <GBSeq_organism>Clostridium butyricum</GBSeq_organism>
 <GBSeq_organism>Pseudobutyrivibrio xylanivorans</GBSeq_organism>
 <GBSeq_organism>Butyrivibrio fibrisolvens</GBSeq_organism>
 <GBSeq_organism>Butyrivibrio fibrisolvens</GBSeq_organism>
 <GBSeq_organism>Butyrivibrio proteoclasticus</GBSeq_organism>
 <GBSeq_organism>Ruminococcus gnavus ATCC 29149</GBSeq_organism>
 <GBSeq_organism>Butyrivibrio fibrisolvens</GBSeq_organism>
 <GBSeq_organism>Butyrivibrio fibrisolvens</GBSeq_organism>
 <GBSeq_organism>Butyrivibrio fibrisolvens</GBSeq_organism>
 <GBSeq_organism>Butyrivibrio fibrisolvens</GBSeq_organism>
 <GBSeq_organism>Clostridium acetobutylicum ATCC 824</GBSeq_organism>
 <GBSeq_organism>Butyrivibrio fibrisolvens</GBSeq_organism>
 <GBSeq_organism>Butyrivibrio fibrisolvens</GBSeq_organism>
 <GBSeq_organism>Clostridium tetani E88</GBSeq_organism>
 <GBSeq_organism>Pseudobutyrivibrio ruminis</GBSeq_organism>
 <GBSeq_organism>Butyrivibrio proteoclasticus</GBSeq_organism>
 <GBSeq_organism>Butyrivibrio fibrisolvens</GBSeq_organism>
 <GBSeq_organism>Butyrivibrio fibrisolvens</GBSeq_organism>
 <GBSeq_organism>Butyrivibrio fibrisolvens</GBSeq_organism>
 <GBSeq_organism>Butyrivibrio fibrisolvens</GBSeq_organism>
 <GBSeq_organism>Lachnoclostridium phytofermentans ISDg</GBSeq_organism>
 <GBSeq_organism>Butyrivibrio fibrisolvens</GBSeq_organism>
 <GBSeq_organism>[Clostridium] oroticum</GBSeq_organism>
 <GBSeq_organism>Butyrivibrio fibrisolvens</GBSeq_organism>
 <GBSeq_organism>Butyrivibrio fibrisolvens</GBSeq_organism>
 <GBSeq_organism>[Clostridium] aminophilum</GBSeq_organism>
 <GBSeq_organism>Pseudobutyrivibrio ruminis</GBSeq_organism>
 <GBSeq_organism>Butyrivibrio fibrisolvens</GBSeq_organism>
 <GBSeq_organism>Butyrivibrio fibrisolvens</GBSeq_organism>
 <GBSeq_organism>Butyrivibrio fibrisolvens</GBSeq_organism>
 <GBSeq_organism>Butyrivibrio hungatei</GBSeq_organism>
