 <GBSeq_organism>Winogradskyella poriferorum</GBSeq_organism>
 <GBSeq_organism>Psychroflexus gondwanensis</GBSeq_organism>
 <GBSeq_organism>Polaribacter franzmannii ATCC 700399</GBSeq_organism>
 <GBSeq_organism>bacterium DG976</GBSeq_organism>
 <GBSeq_organism>Flavobacteriaceae bacterium G812M2</GBSeq_organism>
 <GBSeq_organism>Tenacibaculum maritimum</GBSeq_organism>
 <GBSeq_organism>Winogradskyella epiphytica</GBSeq_organism>
 <GBSeq_organism>Nonlabens tegetincola</GBSeq_organism>
 <GBSeq_organism>Salegentibacter salegens</GBSeq_organism>
 <GBSeq_organism>marine psychrophile IC076</GBSeq_organism>
 <GBSeq_organism>Flavobacterium tegetincola</GBSeq_organism>
 <GBSeq_organism>Gelidibacter mesophilus</GBSeq_organism>
 <GBSeq_organism>Flavobacterium gillisiae</GBSeq_organism>
 <GBSeq_organism>Formosa algae</GBSeq_organism>
 <GBSeq_organism>Polaribacter filamentus</GBSeq_organism>
 <GBSeq_organism>Tenacibaculum skagerrakense</GBSeq_organism>
 <GBSeq_organism>Salegentibacter mishustinae</GBSeq_organism>
 <GBSeq_organism>Flavobacterium xanthum</GBSeq_organism>
 <GBSeq_organism>Psychroserpens burtonensis</GBSeq_organism>
 <GBSeq_organism>Psychroflexus torquis ATCC 700755</GBSeq_organism>
 <GBSeq_organism>Polaribacter irgensii</GBSeq_organism>
 <GBSeq_organism>Winogradskyella thalassocola</GBSeq_organism>
 <GBSeq_organism>Salegentibacter holothuriorum</GBSeq_organism>
 <GBSeq_organism>Winogradskyella eximia</GBSeq_organism>
 <GBSeq_organism>Psychroflexus tropicus</GBSeq_organism>
