 <GBSeq_organism>Metschnikowia reukaufii</GBSeq_organism>
 <GBSeq_organism>Candida melibiosica</GBSeq_organism>
 <GBSeq_organism>Metschnikowia lochheadii</GBSeq_organism>
 <GBSeq_organism>Pichia myanmarensis</GBSeq_organism>
 <GBSeq_organism>Candida hawaiiana</GBSeq_organism>
 <GBSeq_organism>Candida danieliae</GBSeq_organism>
 <GBSeq_organism>Metschnikowia lunata</GBSeq_organism>
 <GBSeq_organism>Metschnikowia orientalis</GBSeq_organism>
 <GBSeq_organism>Wickerhamomyces ciferrii</GBSeq_organism>
 <GBSeq_organism>Wickerhamomyces queroliae</GBSeq_organism>
 <GBSeq_organism>Candida eppingiae</GBSeq_organism>
 <GBSeq_organism>Candida silvicultrix</GBSeq_organism>
 <GBSeq_organism>Candida sp. UWO(PS)00-137.1</GBSeq_organism>
 <GBSeq_organism>Wickerhamomyces pijperi</GBSeq_organism>
 <GBSeq_organism>Clavispora lusitaniae</GBSeq_organism>
 <GBSeq_organism>Metschnikowia bicuspidata</GBSeq_organism>
 <GBSeq_organism>Metschnikowia kamakouana</GBSeq_organism>
 <GBSeq_organism>Candida restingae</GBSeq_organism>
 <GBSeq_organism>Candida intermedia</GBSeq_organism>
 <GBSeq_organism>Pichia strasburgensis</GBSeq_organism>
 <GBSeq_organism>Metschnikowia hamakuensis</GBSeq_organism>
 <GBSeq_organism>Candida fructus</GBSeq_organism>
 <GBSeq_organism>Clavispora opuntiae</GBSeq_organism>
 <GBSeq_organism>Metschnikowia gruessii</GBSeq_organism>
 <GBSeq_organism>Wickerhamomyces chaumierensis</GBSeq_organism>
 <GBSeq_organism>Metschnikowia arizonensis</GBSeq_organism>
 <GBSeq_organism>Candida flosculorum</GBSeq_organism>
 <GBSeq_organism>Metschnikowia agaves</GBSeq_organism>
 <GBSeq_organism>Candida bromeliacearum</GBSeq_organism>
 <GBSeq_organism>Candida robnettiae</GBSeq_organism>
 <GBSeq_organism>Candida gelsemii</GBSeq_organism>
 <GBSeq_organism>Wickerhamomyces edaphicus</GBSeq_organism>
 <GBSeq_organism>Candida ubatubensis</GBSeq_organism>
 <GBSeq_organism>Candida kipukae</GBSeq_organism>
 <GBSeq_organism>Candida danieliae</GBSeq_organism>
 <GBSeq_organism>Metschnikowia lachancei</GBSeq_organism>
 <GBSeq_organism>Metschnikowia shivogae</GBSeq_organism>
 <GBSeq_organism>Kodamaea ohmeri</GBSeq_organism>
 <GBSeq_organism>Metschnikowia hawaiiensis</GBSeq_organism>
 <GBSeq_organism>Metschnikowia koreensis</GBSeq_organism>
 <GBSeq_organism>Metschnikowia santaceciliae</GBSeq_organism>
 <GBSeq_organism>Candida pseudoflosculorum</GBSeq_organism>
 <GBSeq_organism>Candida ipomoeae</GBSeq_organism>
 <GBSeq_organism>Metschnikowia mauinuiana</GBSeq_organism>
 <GBSeq_organism>Wickerhamomyces subpelliculosus</GBSeq_organism>
 <GBSeq_organism>Candida torresii</GBSeq_organism>
 <GBSeq_organism>Metschnikowia drosophilae</GBSeq_organism>
 <GBSeq_organism>Candida leandrae</GBSeq_organism>
 <GBSeq_organism>Kodamaea anthophila</GBSeq_organism>
 <GBSeq_organism>Kodamaea nitidulidarum</GBSeq_organism>
 <GBSeq_organism>Candida magnifica</GBSeq_organism>
 <GBSeq_organism>Kodamaea kakaduensis</GBSeq_organism>
 <GBSeq_organism>Metschnikowia hibisci</GBSeq_organism>
 <GBSeq_organism>Zygoascus hellenicus</GBSeq_organism>
 <GBSeq_organism>Wickerhamomyces lynferdii</GBSeq_organism>
 <GBSeq_organism>Candida tsuchiyae</GBSeq_organism>
 <GBSeq_organism>Metschnikowia dekortorum</GBSeq_organism>
 <GBSeq_organism>Wickerhamomyces sydowiorum</GBSeq_organism>
 <GBSeq_organism>Candida saopaulonensis</GBSeq_organism>
 <GBSeq_organism>Candida oregonensis</GBSeq_organism>
