 <GBSeq_organism>Lactobacillus buchneri</GBSeq_organism>
 <GBSeq_organism>Lactobacillus animalis</GBSeq_organism>
 <GBSeq_organism>Lactobacillus paracollinoides</GBSeq_organism>
 <GBSeq_organism>Lactobacillus murinus</GBSeq_organism>
 <GBSeq_organism>Lactobacillus malefermentans</GBSeq_organism>
 <GBSeq_organism>Lactobacillus casei subsp. casei ATCC 393</GBSeq_organism>
 <GBSeq_organism>Lactobacillus parabrevis</GBSeq_organism>
 <GBSeq_organism>Lactobacillus delbrueckii</GBSeq_organism>
 <GBSeq_organism>Lactobacillus coryniformis</GBSeq_organism>
 <GBSeq_organism>Lactobacillus hammesii</GBSeq_organism>
 <GBSeq_organism>Lactobacillus paracollinoides</GBSeq_organism>
 <GBSeq_organism>Lactobacillus brevis ATCC 14869 = DSM 20054</GBSeq_organism>
 <GBSeq_organism>Lactobacillus amylophilus</GBSeq_organism>
 <GBSeq_organism>Lactobacillus paracollinoides</GBSeq_organism>
 <GBSeq_organism>Lactobacillus paracollinoides</GBSeq_organism>
 <GBSeq_organism>Lactobacillus collinoides</GBSeq_organism>
 <GBSeq_organism>Lactobacillus paracollinoides</GBSeq_organism>
 <GBSeq_organism>Lactobacillus fermentum</GBSeq_organism>
 <GBSeq_organism>Lactobacillus bifermentans</GBSeq_organism>
 <GBSeq_organism>Lactobacillus sakei</GBSeq_organism>
 <GBSeq_organism>Lactobacillus paracollinoides</GBSeq_organism>
 <GBSeq_organism>Lactobacillus sanfranciscensis</GBSeq_organism>
 <GBSeq_organism>Lactobacillus alimentarius</GBSeq_organism>
