 <GBSeq_organism>Paenibacillus massiliensis</GBSeq_organism>
 <GBSeq_organism>Paenibacillus azoreducens</GBSeq_organism>
 <GBSeq_organism>Paenibacillus timonensis 2301032</GBSeq_organism>
 <GBSeq_organism>Paenibacillus wynnii</GBSeq_organism>
 <GBSeq_organism>Paenibacillus barengoltzii</GBSeq_organism>
 <GBSeq_organism>Paenibacillus phoenicis</GBSeq_organism>
 <GBSeq_organism>Paenibacillus turicensis</GBSeq_organism>
 <GBSeq_organism>Paenibacillus favisporus</GBSeq_organism>
 <GBSeq_organism>Paenibacillus lautus</GBSeq_organism>
 <GBSeq_organism>Paenibacillus sp. HM06-03</GBSeq_organism>
 <GBSeq_organism>Paenibacillus graminis</GBSeq_organism>
 <GBSeq_organism>Paenibacillus motobuensis</GBSeq_organism>
 <GBSeq_organism>Paenibacillus durus</GBSeq_organism>
 <GBSeq_organism>Paenibacillus peoriae KCTC 3763</GBSeq_organism>
 <GBSeq_organism>Paenibacillus chibensis</GBSeq_organism>
 <GBSeq_organism>Paenibacillus lactis</GBSeq_organism>
 <GBSeq_organism>Paenibacillus cineris</GBSeq_organism>
 <GBSeq_organism>Paenibacillus brasilensis</GBSeq_organism>
 <GBSeq_organism>Paenibacillus odorifer</GBSeq_organism>
 <GBSeq_organism>Paenibacillus sp. HM06-05</GBSeq_organism>
 <GBSeq_organism>Paenibacillus glucanolyticus</GBSeq_organism>
 <GBSeq_organism>Paenibacillus sanguinis</GBSeq_organism>
 <GBSeq_organism>Paenibacillus macerans</GBSeq_organism>
 <GBSeq_organism>Paenibacillus cookii</GBSeq_organism>
 <GBSeq_organism>Paenibacillus anaericanus</GBSeq_organism>
