 <GBSeq_organism>Formosa agariphila KMM 3901</GBSeq_organism>
 <GBSeq_organism>Algibacter mikhailovii</GBSeq_organism>
 <GBSeq_organism>Gillisia illustrilutea</GBSeq_organism>
 <GBSeq_organism>Algibacter lectus</GBSeq_organism>
 <GBSeq_organism>Subsaxibacter broadyi</GBSeq_organism>
 <GBSeq_organism>Bizionia paragorgiae</GBSeq_organism>
 <GBSeq_organism>Tamlana agarivorans</GBSeq_organism>
 <GBSeq_organism>Mesoflavibacter zeaxanthinifaciens DSM 18436</GBSeq_organism>
 <GBSeq_organism>Gaetbulibacter saemankumensis</GBSeq_organism>
 <GBSeq_organism>Bizionia gelidisalsuginis</GBSeq_organism>
 <GBSeq_organism>Gelidibacter salicanalis</GBSeq_organism>
 <GBSeq_organism>Formosa algae</GBSeq_organism>
 <GBSeq_organism>Bizionia myxarmorum</GBSeq_organism>
 <GBSeq_organism>Bizionia algoritergicola</GBSeq_organism>
 <GBSeq_organism>Gaetbulibacter marinus</GBSeq_organism>
 <GBSeq_organism>Formosa spongicola</GBSeq_organism>
 <GBSeq_organism>Winogradskyella thalassocola</GBSeq_organism>
 <GBSeq_organism>Gelidibacter algens</GBSeq_organism>
 <GBSeq_organism>Bizionia saleffrena</GBSeq_organism>
 <GBSeq_organism>Lacinutrix copepodicola</GBSeq_organism>
 <GBSeq_organism>Winogradskyella eximia</GBSeq_organism>
