 <GBSeq_organism>Bensingtonia subrosea</GBSeq_organism>
 <GBSeq_organism>Bensingtonia sp. PYCC 5551</GBSeq_organism>
 <GBSeq_organism>Bensingtonia yuccicola</GBSeq_organism>
 <GBSeq_organism>Kondoa sp. CBS 8379</GBSeq_organism>
 <GBSeq_organism>Bensingtonia sp. PYCC 5566</GBSeq_organism>
 <GBSeq_organism>Sporobolomyces dracophylli</GBSeq_organism>
 <GBSeq_organism>Sterigmatomyces halophilus</GBSeq_organism>
 <GBSeq_organism>Sporobolomyces sasicola</GBSeq_organism>
 <GBSeq_organism>Agaricostilbum hyphaenes</GBSeq_organism>
 <GBSeq_organism>Bensingtonia ciliata</GBSeq_organism>
 <GBSeq_organism>Bensingtonia changbaiensis</GBSeq_organism>
 <GBSeq_organism>Mastigobasidium intermedium</GBSeq_organism>
 <GBSeq_organism>Bensingtonia yamatoana</GBSeq_organism>
 <GBSeq_organism>Sporobolomyces ruber</GBSeq_organism>
 <GBSeq_organism>Kondoa malvinella</GBSeq_organism>
 <GBSeq_organism>Bensingtonia miscanthi</GBSeq_organism>
 <GBSeq_organism>Bensingtonia phyllada</GBSeq_organism>
 <GBSeq_organism>Kondoa aeria</GBSeq_organism>
 <GBSeq_organism>Bensingtonia sakaguchii</GBSeq_organism>
 <GBSeq_organism>Bensingtonia naganoensis</GBSeq_organism>
 <GBSeq_organism>Kurtzmanomyces nectairei</GBSeq_organism>
 <GBSeq_organism>Bensingtonia sp. PYCC 5562</GBSeq_organism>
 <GBSeq_organism>Bensingtonia musae</GBSeq_organism>
 <GBSeq_organism>Bensingtonia changbaiensis</GBSeq_organism>
 <GBSeq_organism>Bensingtonia sorbi</GBSeq_organism>
