 <GBSeq_organism>Flavisolibacter ginsengiterrae</GBSeq_organism>
 <GBSeq_organism>Terrimonas lutea</GBSeq_organism>
 <GBSeq_organism>Lacibacter cauensis</GBSeq_organism>
 <GBSeq_organism>Chitinophaga terrae Kim and Jung 2007</GBSeq_organism>
 <GBSeq_organism>Parasegetibacter luojiensis</GBSeq_organism>
 <GBSeq_organism>Chitinophaga ginsengisegetis</GBSeq_organism>
 <GBSeq_organism>Hydrotalea flava</GBSeq_organism>
 <GBSeq_organism>Flavisolibacter ginsengisoli</GBSeq_organism>
 <GBSeq_organism>Chitinophaga arvensicola</GBSeq_organism>
 <GBSeq_organism>Terrimonas ferruginea</GBSeq_organism>
 <GBSeq_organism>Dicentrarchus labrax</GBSeq_organism>
 <GBSeq_organism>Saprospira grandis</GBSeq_organism>
 <GBSeq_organism>Sediminibacterium salmoneum</GBSeq_organism>
 <GBSeq_organism>Haliscomenobacter hydrossis</GBSeq_organism>
 <GBSeq_organism>Niabella aurantiaca</GBSeq_organism>
 <GBSeq_organism>Flavobacterium aquatile</GBSeq_organism>
 <GBSeq_organism>Lewinella nigricans</GBSeq_organism>
 <GBSeq_organism>Filimonas lacunae</GBSeq_organism>
 <GBSeq_organism>Hydrotalea flava</GBSeq_organism>
 <GBSeq_organism>Flavihumibacter petaseus NBRC 106054</GBSeq_organism>
 <GBSeq_organism>Niastella yeongjuensis</GBSeq_organism>
 <GBSeq_organism>Niabella soli DSM 19437</GBSeq_organism>
 <GBSeq_organism>Chitinophaga sancti</GBSeq_organism>
