 <GBSeq_organism>uncultured Actinomycetales bacterium</GBSeq_organism>
 <GBSeq_organism>uncultured Actinomycetales bacterium</GBSeq_organism>
 <GBSeq_organism>Thermoleophilum minutum</GBSeq_organism>
 <GBSeq_organism>Thermoleophilum album</GBSeq_organism>
 <GBSeq_organism>Rubrobacter radiotolerans</GBSeq_organism>
 <GBSeq_organism>Coriobacterium glomerans PW2</GBSeq_organism>
 <GBSeq_organism>Bifidobacterium asteroides</GBSeq_organism>
 <GBSeq_organism>Atopobium minutum</GBSeq_organism>
 <GBSeq_organism>Acrocarpospora corrugata</GBSeq_organism>
 <GBSeq_organism>Candidatus Microthrix parvicella</GBSeq_organism>
 <GBSeq_organism>uncultured bacterium DA079</GBSeq_organism>
 <GBSeq_organism>uncultured Actinomycetales bacterium</GBSeq_organism>
 <GBSeq_organism>Acidimicrobium ferrooxidans DSM 10331</GBSeq_organism>
 <GBSeq_organism>Slackia exigua ATCC 700122</GBSeq_organism>
 <GBSeq_organism>Aeromicrobium erythreum</GBSeq_organism>
 <GBSeq_organism>Rubrobacter xylanophilus</GBSeq_organism>
 <GBSeq_organism>uncultured Actinomycetales bacterium</GBSeq_organism>
 <GBSeq_organism>uncultured Actinomycetales bacterium</GBSeq_organism>
 <GBSeq_organism>Sphaerobacter thermophilus DSM 20745</GBSeq_organism>
 <GBSeq_organism>Conexibacter woesei DSM 14684</GBSeq_organism>
