 <GBSeq_organism>Virgibacillus halodenitrificans</GBSeq_organism>
 <GBSeq_organism>Virgibacillus proomii</GBSeq_organism>
 <GBSeq_organism>Bacillus amyloliquefaciens DSM 7</GBSeq_organism>
 <GBSeq_organism>Alkalibacillus haloalkaliphilus</GBSeq_organism>
 <GBSeq_organism>Filobacillus milosensis</GBSeq_organism>
 <GBSeq_organism>Bacillus pseudofirmus</GBSeq_organism>
 <GBSeq_organism>Amphibacillus xylanus NBRC 15112</GBSeq_organism>
 <GBSeq_organism>Bacillus pumilus</GBSeq_organism>
 <GBSeq_organism>Sporosarcina globispora</GBSeq_organism>
 <GBSeq_organism>Oceanobacillus picturae</GBSeq_organism>
 <GBSeq_organism>Oceanobacillus oncorhynchi</GBSeq_organism>
 <GBSeq_organism>Terribacillus goriensis</GBSeq_organism>
 <GBSeq_organism>Paraliobacillus ryukyuensis</GBSeq_organism>
 <GBSeq_organism>Halobacillus litoralis</GBSeq_organism>
 <GBSeq_organism>Pontibacillus chungwhensis</GBSeq_organism>
 <GBSeq_organism>Bacillus subtilis</GBSeq_organism>
 <GBSeq_organism>Tenuibacillus multivorans</GBSeq_organism>
 <GBSeq_organism>Oceanobacillus iheyensis HTE831</GBSeq_organism>
 <GBSeq_organism>Halobacillus salinus</GBSeq_organism>
 <GBSeq_organism>Virgibacillus pantothenticus</GBSeq_organism>
 <GBSeq_organism>Lentibacillus salicampi</GBSeq_organism>
 <GBSeq_organism>Virgibacillus dokdonensis</GBSeq_organism>
 <GBSeq_organism>Halobacillus halophilus</GBSeq_organism>
 <GBSeq_organism>Bacillus alcalophilus ATCC 27647</GBSeq_organism>
 <GBSeq_organism>Salinibacillus aidingensis</GBSeq_organism>
 <GBSeq_organism>Ornithinibacillus californiensis</GBSeq_organism>
 <GBSeq_organism>Virgibacillus koreensis</GBSeq_organism>
 <GBSeq_organism>Psychrobacillus insolitus</GBSeq_organism>
 <GBSeq_organism>Salinibacillus kushneri</GBSeq_organism>
 <GBSeq_organism>Halolactibacillus halophilus</GBSeq_organism>
 <GBSeq_organism>Bacillus clausii</GBSeq_organism>
 <GBSeq_organism>Ornithinibacillus bavariensis</GBSeq_organism>
 <GBSeq_organism>Sporosarcina pasteurii</GBSeq_organism>
 <GBSeq_organism>Cerasibacillus quisquiliarum</GBSeq_organism>
