 <GBSeq_organism>Mycobacterium farcinogenes</GBSeq_organism>
 <GBSeq_organism>Tsukamurella paurometabola DSM 20162</GBSeq_organism>
 <GBSeq_organism>Gordonia bronchialis DSM 43247</GBSeq_organism>
 <GBSeq_organism>Nocardia asteroides NBRC 15531</GBSeq_organism>
 <GBSeq_organism>Williamsia maris</GBSeq_organism>
 <GBSeq_organism>Gordonia aichiensis</GBSeq_organism>
 <GBSeq_organism>Rhodococcus hoagii</GBSeq_organism>
 <GBSeq_organism>Williamsia muralis</GBSeq_organism>
 <GBSeq_organism>Corynebacterium diphtheriae</GBSeq_organism>
 <GBSeq_organism>Gordonia amarae</GBSeq_organism>
 <GBSeq_organism>Segniliparus rugosus</GBSeq_organism>
 <GBSeq_organism>Mycobacterium chelonae</GBSeq_organism>
 <GBSeq_organism>Rhodococcus erythropolis</GBSeq_organism>
 <GBSeq_organism>Rhodococcus rhodnii</GBSeq_organism>
 <GBSeq_organism>Dietzia maris</GBSeq_organism>
 <GBSeq_organism>Segniliparus rotundus DSM 44985</GBSeq_organism>
 <GBSeq_organism>Millisia brevis</GBSeq_organism>
 <GBSeq_organism>Mycobacterium tuberculosis</GBSeq_organism>
 <GBSeq_organism>Mycobacterium asiaticum</GBSeq_organism>
 <GBSeq_organism>Nocardia abscessus NBRC 100374</GBSeq_organism>
 <GBSeq_organism>Gordonia hirsuta DSM 44140 = NBRC 16056</GBSeq_organism>
 <GBSeq_organism>Corynebacterium glutamicum</GBSeq_organism>
 <GBSeq_organism>Tsukamurella tyrosinosolvens</GBSeq_organism>
 <GBSeq_organism>Rhodococcus opacus</GBSeq_organism>
 <GBSeq_organism>Gordonia polyisoprenivorans</GBSeq_organism>
 <GBSeq_organism>Nocardia brasiliensis</GBSeq_organism>
 <GBSeq_organism>Rhodococcus rhodochrous</GBSeq_organism>
 <GBSeq_organism>Tsukamurella inchonensis</GBSeq_organism>
 <GBSeq_organism>Millisia brevis</GBSeq_organism>
 <GBSeq_organism>Rhodococcus ruber</GBSeq_organism>
 <GBSeq_organism>Gordonia amicalis</GBSeq_organism>
