 <GBSeq_organism>Peregrinus maidis</GBSeq_organism>
 <GBSeq_organism>Peregrinus maidis</GBSeq_organism>
 <GBSeq_organism>Peregrinus maidis</GBSeq_organism>
 <GBSeq_organism>Bullera sp. TY-248</GBSeq_organism>
 <GBSeq_organism>Bullera pseudovariabilis</GBSeq_organism>
 <GBSeq_organism>Bullera sp. TY-137</GBSeq_organism>
 <GBSeq_organism>Peregrinus maidis</GBSeq_organism>
 <GBSeq_organism>Peregrinus maidis</GBSeq_organism>
 <GBSeq_organism>Bullera siamensis</GBSeq_organism>
 <GBSeq_organism>Bullera sp. TY-238</GBSeq_organism>
 <GBSeq_organism>Peregrinus maidis</GBSeq_organism>
 <GBSeq_organism>Bullera variabilis</GBSeq_organism>
 <GBSeq_organism>Peregrinus maidis</GBSeq_organism>
 <GBSeq_organism>Bullera sp. ST-144</GBSeq_organism>
 <GBSeq_organism>Peregrinus maidis</GBSeq_organism>
 <GBSeq_organism>Peregrinus maidis</GBSeq_organism>
 <GBSeq_organism>Bullera sp. TY-221</GBSeq_organism>
 <GBSeq_organism>Bulleromyces albus</GBSeq_organism>
 <GBSeq_organism>Peregrinus maidis</GBSeq_organism>
 <GBSeq_organism>Peregrinus maidis</GBSeq_organism>
 <GBSeq_organism>Bullera sp. TY-297</GBSeq_organism>
 <GBSeq_organism>Bullera sp. TY-199</GBSeq_organism>
 <GBSeq_organism>Bulleribasidium oberjochense</GBSeq_organism>
 <GBSeq_organism>Bullera sp. ST-186</GBSeq_organism>
 <GBSeq_organism>Bullera sp. TY-154</GBSeq_organism>
