 <GBSeq_organism>Pseudomonas mohnii</GBSeq_organism>
 <GBSeq_organism>Pseudomonas moorei</GBSeq_organism>
 <GBSeq_organism>Pseudomonas moorei</GBSeq_organism>
 <GBSeq_organism>Pseudomonas umsongensis</GBSeq_organism>
 <GBSeq_organism>Pseudomonas aeruginosa</GBSeq_organism>
 <GBSeq_organism>Pseudomonas jessenii</GBSeq_organism>
 <GBSeq_organism>Pseudomonas reinekei</GBSeq_organism>
 <GBSeq_organism>Pseudomonas koreensis</GBSeq_organism>
 <GBSeq_organism>Pseudomonas koreensis</GBSeq_organism>
 <GBSeq_organism>Pseudomonas reinekei</GBSeq_organism>
 <GBSeq_organism>Pseudomonas vancouverensis</GBSeq_organism>
 <GBSeq_organism>Pseudomonas fluorescens</GBSeq_organism>
 <GBSeq_organism>Pseudomonas reinekei</GBSeq_organism>
 <GBSeq_organism>Pseudomonas putida</GBSeq_organism>
 <GBSeq_organism>Pseudomonas mohnii</GBSeq_organism>
 <GBSeq_organism>Pseudomonas mohnii</GBSeq_organism>
 <GBSeq_organism>Pseudomonas jessenii</GBSeq_organism>
 <GBSeq_organism>Pseudomonas umsongensis</GBSeq_organism>
 <GBSeq_organism>Pseudomonas aeruginosa</GBSeq_organism>
 <GBSeq_organism>Pseudomonas moorei</GBSeq_organism>
 <GBSeq_organism>Pseudomonas putida</GBSeq_organism>
 <GBSeq_organism>Pseudomonas vancouverensis</GBSeq_organism>
 <GBSeq_organism>Pseudomonas vancouverensis</GBSeq_organism>
 <GBSeq_organism>Pseudomonas umsongensis</GBSeq_organism>
