 <GBSeq_organism>Bacillus mojavensis</GBSeq_organism>
 <GBSeq_organism>Bacillus amyloliquefaciens</GBSeq_organism>
 <GBSeq_organism>Bacillus subtilis</GBSeq_organism>
 <GBSeq_organism>Bacillus amyloliquefaciens</GBSeq_organism>
 <GBSeq_organism>Bacillus licheniformis</GBSeq_organism>
 <GBSeq_organism>Bacillus licheniformis</GBSeq_organism>
 <GBSeq_organism>Bacillus licheniformis</GBSeq_organism>
 <GBSeq_organism>Bacillus mojavensis</GBSeq_organism>
 <GBSeq_organism>Bacillus sonorensis</GBSeq_organism>
 <GBSeq_organism>Bacillus amyloliquefaciens</GBSeq_organism>
 <GBSeq_organism>Bacillus safensis</GBSeq_organism>
 <GBSeq_organism>Bacillus subtilis subsp. spizizenii</GBSeq_organism>
 <GBSeq_organism>Bacillus subtilis subsp. spizizenii</GBSeq_organism>
 <GBSeq_organism>Bacillus mojavensis</GBSeq_organism>
 <GBSeq_organism>Bacillus subtilis subsp. spizizenii</GBSeq_organism>
 <GBSeq_organism>Bacillus licheniformis</GBSeq_organism>
 <GBSeq_organism>Bacillus atrophaeus</GBSeq_organism>
 <GBSeq_organism>Bacillus sonorensis</GBSeq_organism>
 <GBSeq_organism>Bacillus subtilis</GBSeq_organism>
 <GBSeq_organism>Bacillus sonorensis</GBSeq_organism>
 <GBSeq_organism>Bacillus licheniformis</GBSeq_organism>
 <GBSeq_organism>Bacillus mojavensis</GBSeq_organism>
 <GBSeq_organism>Bacillus licheniformis</GBSeq_organism>
 <GBSeq_organism>Bacillus amyloliquefaciens</GBSeq_organism>
 <GBSeq_organism>Bacillus subtilis subsp. subtilis</GBSeq_organism>
 <GBSeq_organism>Bacillus licheniformis</GBSeq_organism>
 <GBSeq_organism>Bacillus amyloliquefaciens</GBSeq_organism>
 <GBSeq_organism>Bacillus subtilis subsp. subtilis</GBSeq_organism>
 <GBSeq_organism>Bacillus vallismortis</GBSeq_organism>
 <GBSeq_organism>Bacillus subtilis</GBSeq_organism>
 <GBSeq_organism>Bacillus amyloliquefaciens</GBSeq_organism>
 <GBSeq_organism>Bacillus sonorensis</GBSeq_organism>
 <GBSeq_organism>Bacillus pumilus</GBSeq_organism>
 <GBSeq_organism>Bacillus subtilis subsp. spizizenii</GBSeq_organism>
 <GBSeq_organism>Bacillus subtilis</GBSeq_organism>
 <GBSeq_organism>Bacillus atrophaeus</GBSeq_organism>
 <GBSeq_organism>Bacillus licheniformis</GBSeq_organism>
 <GBSeq_organism>Bacillus amyloliquefaciens</GBSeq_organism>
