 <GBSeq_organism>Bifidobacterium gallicum DSM 20093 = LMG 11596</GBSeq_organism>
 <GBSeq_organism>Dermabacter hominis</GBSeq_organism>
 <GBSeq_organism>Brachybacterium faecium DSM 4810</GBSeq_organism>
 <GBSeq_organism>Kytococcus schroeteri</GBSeq_organism>
 <GBSeq_organism>Dermacoccus nishinomiyaensis</GBSeq_organism>
 <GBSeq_organism>Brevibacterium linens</GBSeq_organism>
 <GBSeq_organism>Dermatophilus congolensis</GBSeq_organism>
 <GBSeq_organism>Clavibacter michiganensis</GBSeq_organism>
 <GBSeq_organism>Dermacoccus profundi</GBSeq_organism>
 <GBSeq_organism>Cellulomonas flavigena DSM 20109</GBSeq_organism>
 <GBSeq_organism>Nesterenkonia halobia</GBSeq_organism>
 <GBSeq_organism>Yimella lutea</GBSeq_organism>
 <GBSeq_organism>Demetria terragena</GBSeq_organism>
 <GBSeq_organism>Micrococcus luteus</GBSeq_organism>
 <GBSeq_organism>Rothia dentocariosa ATCC 17931</GBSeq_organism>
 <GBSeq_organism>Microbacterium lacticum</GBSeq_organism>
 <GBSeq_organism>Kytococcus sedentarius</GBSeq_organism>
 <GBSeq_organism>Kocuria rosea</GBSeq_organism>
 <GBSeq_organism>Dermacoccus abyssi</GBSeq_organism>
 <GBSeq_organism>Dermacoccus barathri</GBSeq_organism>
 <GBSeq_organism>Sanguibacter keddieii DSM 10542</GBSeq_organism>
