 <GBSeq_organism>Leuconostoc mesenteroides subsp. dextranicum</GBSeq_organism>
 <GBSeq_organism>Leuconostoc lactis KCTC 3528 = DSM 20202</GBSeq_organism>
 <GBSeq_organism>Leuconostoc pseudomesenteroides KCTC 3652</GBSeq_organism>
 <GBSeq_organism>Leuconostoc mesenteroides subsp. cremoris</GBSeq_organism>
 <GBSeq_organism>Fructobacillus pseudoficulneus</GBSeq_organism>
 <GBSeq_organism>Fructobacillus fructosus</GBSeq_organism>
 <GBSeq_organism>Leuconostoc mesenteroides</GBSeq_organism>
 <GBSeq_organism>Leuconostoc fallax KCTC 3537</GBSeq_organism>
 <GBSeq_organism>Leuconostoc palmae</GBSeq_organism>
 <GBSeq_organism>Oenococcus oeni</GBSeq_organism>
 <GBSeq_organism>Fructobacillus ficulneus</GBSeq_organism>
 <GBSeq_organism>Leuconostoc holzapfelii</GBSeq_organism>
 <GBSeq_organism>Fructobacillus fructosus KCTC 3544</GBSeq_organism>
 <GBSeq_organism>Leuconostoc gelidum KCTC 3527</GBSeq_organism>
 <GBSeq_organism>Leuconostoc gelidum KCTC 3527</GBSeq_organism>
 <GBSeq_organism>Fructobacillus pseudoficulneus</GBSeq_organism>
 <GBSeq_organism>Leuconostoc carnosum</GBSeq_organism>
 <GBSeq_organism>Leuconostoc gasicomitatum</GBSeq_organism>
 <GBSeq_organism>Leuconostoc citreum</GBSeq_organism>
 <GBSeq_organism>Leuconostoc citreum</GBSeq_organism>
 <GBSeq_organism>Lactococcus lactis</GBSeq_organism>
 <GBSeq_organism>Leuconostoc palmae</GBSeq_organism>
 <GBSeq_organism>Fructobacillus ficulneus</GBSeq_organism>
 <GBSeq_organism>Leuconostoc inhae</GBSeq_organism>
 <GBSeq_organism>Leuconostoc holzapfelii</GBSeq_organism>
 <GBSeq_organism>Leuconostoc lactis KCTC 3528 = DSM 20202</GBSeq_organism>
 <GBSeq_organism>Fructobacillus durionis</GBSeq_organism>
