 <GBSeq_organism>Candidatus Phytoplasma ulmi</GBSeq_organism>
 <GBSeq_organism>Candidatus Phytoplasma cynodontis</GBSeq_organism>
 <GBSeq_organism>Coconut lethal yellowing phytoplasma</GBSeq_organism>
 <GBSeq_organism>unidentified mollicute</GBSeq_organism>
 <GBSeq_organism>Alder yellows phytoplasma</GBSeq_organism>
 <GBSeq_organism>unidentified mollicute</GBSeq_organism>
 <GBSeq_organism>unidentified mollicute</GBSeq_organism>
 <GBSeq_organism>Phytoplasma sp.</GBSeq_organism>
 <GBSeq_organism>Clover yellow edge phytoplasma</GBSeq_organism>
 <GBSeq_organism>Virginia creeper phytoplasma</GBSeq_organism>
 <GBSeq_organism>Rubus stunt phytoplasma</GBSeq_organism>
 <GBSeq_organism>Candidatus Phytoplasma vitis</GBSeq_organism>
 <GBSeq_organism>Candidatus Phytoplasma ulmi</GBSeq_organism>
 <GBSeq_organism>Hemp dogbane yellows phytoplasma</GBSeq_organism>
 <GBSeq_organism>&apos;Picris echioides&apos; phyllody phytoplasma</GBSeq_organism>
 <GBSeq_organism>Tomato big bud phytoplasma</GBSeq_organism>
 <GBSeq_organism>unidentified mollicute</GBSeq_organism>
 <GBSeq_organism>Peach yellows phytoplasma</GBSeq_organism>
 <GBSeq_organism>Acholeplasma laidlawii</GBSeq_organism>
 <GBSeq_organism>Loofah witches&apos;-broom phytoplasma</GBSeq_organism>
 <GBSeq_organism>Candidatus Phytoplasma spartii</GBSeq_organism>
 <GBSeq_organism>unidentified mollicute</GBSeq_organism>
 <GBSeq_organism>unidentified mollicute</GBSeq_organism>
 <GBSeq_organism>Candidatus Phytoplasma mali</GBSeq_organism>
 <GBSeq_organism>Cherry lethal yellows phytoplasma</GBSeq_organism>
 <GBSeq_organism>Candidatus Phytoplasma spartii</GBSeq_organism>
 <GBSeq_organism>Candidatus Phytoplasma aurantifolia</GBSeq_organism>
 <GBSeq_organism>unidentified mollicute</GBSeq_organism>
 <GBSeq_organism>Candidatus Phytoplasma fraxini</GBSeq_organism>
 <GBSeq_organism>Brinjal little leaf phytoplasma</GBSeq_organism>
 <GBSeq_organism>Mycoplasma sp.</GBSeq_organism>
 <GBSeq_organism>Rubus stunt phytoplasma</GBSeq_organism>
 <GBSeq_organism>Candidatus Phytoplasma vitis</GBSeq_organism>
 <GBSeq_organism>Candidatus Phytoplasma vitis</GBSeq_organism>
 <GBSeq_organism>Candidatus Phytoplasma trifolii</GBSeq_organism>
 <GBSeq_organism>Alder yellows phytoplasma</GBSeq_organism>
 <GBSeq_organism>Bindweed yellows phytoplasma</GBSeq_organism>
 <GBSeq_organism>Rubus stunt phytoplasma</GBSeq_organism>
 <GBSeq_organism>unidentified mollicute</GBSeq_organism>
 <GBSeq_organism>Phytoplasma sp.</GBSeq_organism>
 <GBSeq_organism>Alder yellows phytoplasma</GBSeq_organism>
 <GBSeq_organism>Candidatus Phytoplasma brasiliense</GBSeq_organism>
 <GBSeq_organism>Pigeon pea witches&apos;-broom phytoplasma</GBSeq_organism>
 <GBSeq_organism>Candidatus Phytoplasma ulmi</GBSeq_organism>
 <GBSeq_organism>Rubus stunt phytoplasma</GBSeq_organism>
 <GBSeq_organism>Peanut witches&apos;-broom phytoplasma</GBSeq_organism>
 <GBSeq_organism>Jujube witches&apos;-broom phytoplasma</GBSeq_organism>
 <GBSeq_organism>Phytoplasma sp.</GBSeq_organism>
 <GBSeq_organism>Candidatus Phytoplasma ulmi</GBSeq_organism>
