 <GBSeq_organism>Pelobacter massiliensis</GBSeq_organism>
 <GBSeq_organism>Pelobacter acidigallici</GBSeq_organism>
 <GBSeq_organism>Desulfuromonas svalbardensis</GBSeq_organism>
 <GBSeq_organism>Geobacter grbiciae</GBSeq_organism>
 <GBSeq_organism>Geopsychrobacter electrodiphilus</GBSeq_organism>
 <GBSeq_organism>Geobacter bemidjiensis Bem</GBSeq_organism>
 <GBSeq_organism>Geothermobacter ehrlichii</GBSeq_organism>
 <GBSeq_organism>Desulfuromonas acetoxidans</GBSeq_organism>
 <GBSeq_organism>Malonomonas rubra</GBSeq_organism>
 <GBSeq_organism>Desulfuromonas michiganensis</GBSeq_organism>
 <GBSeq_organism>Desulfuromonas palmitatis</GBSeq_organism>
 <GBSeq_organism>Geobacter thiogenes</GBSeq_organism>
 <GBSeq_organism>Pelobacter acetylenicus</GBSeq_organism>
 <GBSeq_organism>Desulfuromusa bakii</GBSeq_organism>
 <GBSeq_organism>Geobacter bremensis</GBSeq_organism>
 <GBSeq_organism>Sedimenticola selenatireducens DSM 17993</GBSeq_organism>
 <GBSeq_organism>Pelobacter carbinolicus DSM 2380</GBSeq_organism>
 <GBSeq_organism>Desulfuromonas chloroethenica</GBSeq_organism>
 <GBSeq_organism>Geobacter pelophilus</GBSeq_organism>
 <GBSeq_organism>Pelobacter propionicus</GBSeq_organism>
 <GBSeq_organism>Geobacter humireducens</GBSeq_organism>
 <GBSeq_organism>Geobacter hydrogenophilus</GBSeq_organism>
 <GBSeq_organism>Desulfuromusa succinoxidans</GBSeq_organism>
 <GBSeq_organism>Desulfuromusa kysingii</GBSeq_organism>
 <GBSeq_organism>Geobacter metallireducens</GBSeq_organism>
 <GBSeq_organism>Pelobacter venetianus</GBSeq_organism>
 <GBSeq_organism>Desulfuromonas thiophila</GBSeq_organism>
 <GBSeq_organism>Desulfuromusa ferrireducens</GBSeq_organism>
 <GBSeq_organism>Desulfuromusa sp. S1</GBSeq_organism>
