 <GBSeq_organism>Xanthomonas campestris</GBSeq_organism>
 <GBSeq_organism>Xylella fastidiosa</GBSeq_organism>
 <GBSeq_organism>Luteimonas mephitis</GBSeq_organism>
 <GBSeq_organism>Rhodanobacter terrae</GBSeq_organism>
 <GBSeq_organism>Thermomonas haemolytica</GBSeq_organism>
 <GBSeq_organism>Pseudoxanthomonas broegbernensis</GBSeq_organism>
 <GBSeq_organism>Lysobacter enzymogenes</GBSeq_organism>
 <GBSeq_organism>Dyella ginsengisoli</GBSeq_organism>
 <GBSeq_organism>Rhodanobacter fulvus Jip2</GBSeq_organism>
 <GBSeq_organism>Rhodanobacter lindaniclasticus</GBSeq_organism>
 <GBSeq_organism>Rhodanobacter ginsengisoli</GBSeq_organism>
 <GBSeq_organism>Escherichia coli str. K-12 substr. DH10B</GBSeq_organism>
 <GBSeq_organism>Luteibacter rhizovicinus</GBSeq_organism>
 <GBSeq_organism>Frateuria aurantia DSM 6220</GBSeq_organism>
 <GBSeq_organism>Dyella soli</GBSeq_organism>
 <GBSeq_organism>Dyella terrae</GBSeq_organism>
 <GBSeq_organism>Dyella marensis</GBSeq_organism>
 <GBSeq_organism>Dyella koreensis</GBSeq_organism>
 <GBSeq_organism>Luteibacter anthropi</GBSeq_organism>
 <GBSeq_organism>Stenotrophomonas maltophilia</GBSeq_organism>
