 <GBSeq_organism>Streptococcus dentirousetti</GBSeq_organism>
 <GBSeq_organism>Streptococcus criceti</GBSeq_organism>
 <GBSeq_organism>Streptococcus equi subsp. ruminatorum CECT 5772</GBSeq_organism>
 <GBSeq_organism>Streptococcus ratti</GBSeq_organism>
 <GBSeq_organism>Streptococcus henryi</GBSeq_organism>
 <GBSeq_organism>Streptococcus downei MFe28</GBSeq_organism>
 <GBSeq_organism>Streptococcus dentapri</GBSeq_organism>
 <GBSeq_organism>Streptococcus sobrinus</GBSeq_organism>
 <GBSeq_organism>Streptococcus pasteurianus</GBSeq_organism>
 <GBSeq_organism>Streptococcus ferus</GBSeq_organism>
 <GBSeq_organism>Lactococcus lactis</GBSeq_organism>
 <GBSeq_organism>Streptococcus macacae NCTC 11558</GBSeq_organism>
 <GBSeq_organism>Streptococcus lutetiensis</GBSeq_organism>
 <GBSeq_organism>Streptococcus orisuis</GBSeq_organism>
 <GBSeq_organism>Streptococcus thoraltensis</GBSeq_organism>
 <GBSeq_organism>Streptococcus mutans</GBSeq_organism>
 <GBSeq_organism>Streptococcus caballi</GBSeq_organism>
 <GBSeq_organism>Streptococcus devriesei</GBSeq_organism>
 <GBSeq_organism>Streptococcus sp.</GBSeq_organism>
 <GBSeq_organism>Streptococcus lutetiensis</GBSeq_organism>
 <GBSeq_organism>Streptococcus infantarius subsp. infantarius</GBSeq_organism>
