 <GBSeq_organism>Flavobacterium degerlachei</GBSeq_organism>
 <GBSeq_organism>Flavobacterium cucumis</GBSeq_organism>
 <GBSeq_organism>Flavobacterium cheniae</GBSeq_organism>
 <GBSeq_organism>Flavobacterium fluvii</GBSeq_organism>
 <GBSeq_organism>Flavobacterium hercynium</GBSeq_organism>
 <GBSeq_organism>Flavobacterium swingsii</GBSeq_organism>
 <GBSeq_organism>Flavobacterium psychrolimnae</GBSeq_organism>
 <GBSeq_organism>Teleopsis dalmanni</GBSeq_organism>
 <GBSeq_organism>Flavobacterium pectinovorum</GBSeq_organism>
 <GBSeq_organism>Flavobacterium resistens</GBSeq_organism>
 <GBSeq_organism>Flavobacterium tegetincola</GBSeq_organism>
 <GBSeq_organism>Flavobacterium antarcticum DSM 19726</GBSeq_organism>
 <GBSeq_organism>Flavobacterium anhuiense</GBSeq_organism>
 <GBSeq_organism>Flavobacterium aquatile</GBSeq_organism>
 <GBSeq_organism>Flavobacterium denitrificans</GBSeq_organism>
 <GBSeq_organism>Flavobacterium frigidarium</GBSeq_organism>
 <GBSeq_organism>Flavobacterium hibernum</GBSeq_organism>
 <GBSeq_organism>Flavobacterium chungangense</GBSeq_organism>
 <GBSeq_organism>Flavobacterium succinicans</GBSeq_organism>
 <GBSeq_organism>Flavobacterium aquidurense</GBSeq_organism>
 <GBSeq_organism>Flavobacterium frigoris</GBSeq_organism>
