 <GBSeq_organism>Brevundimonas sp. FWC14</GBSeq_organism>
 <GBSeq_organism>Asticcacaulis excentricus CB 48</GBSeq_organism>
 <GBSeq_organism>Brevundimonas subvibrioides ATCC 15264</GBSeq_organism>
 <GBSeq_organism>Brevundimonas alba</GBSeq_organism>
 <GBSeq_organism>Brevundimonas sp. V4.BO.07</GBSeq_organism>
 <GBSeq_organism>Brevundimonas sp. MCS17</GBSeq_organism>
 <GBSeq_organism>Brevundimonas mediterranea</GBSeq_organism>
 <GBSeq_organism>Brevundimonas sp. LMG 9564</GBSeq_organism>
 <GBSeq_organism>Brevundimonas mediterranea</GBSeq_organism>
 <GBSeq_organism>Brevundimonas mediterranea</GBSeq_organism>
 <GBSeq_organism>Brevundimonas diminuta ATCC 11568</GBSeq_organism>
 <GBSeq_organism>Brevundimonas sp. V4.BP.05</GBSeq_organism>
 <GBSeq_organism>Brevundimonas vesicularis</GBSeq_organism>
 <GBSeq_organism>Brevundimonas bacteroides</GBSeq_organism>
 <GBSeq_organism>Brevundimonas sp. LMG 9567t1</GBSeq_organism>
 <GBSeq_organism>Brevundimonas vancanneytii</GBSeq_organism>
 <GBSeq_organism>Brevundimonas intermedia</GBSeq_organism>
 <GBSeq_organism>Brevundimonas mediterranea</GBSeq_organism>
 <GBSeq_organism>Brevundimonas sp. V4.BO.05</GBSeq_organism>
 <GBSeq_organism>Brevundimonas halotolerans</GBSeq_organism>
 <GBSeq_organism>Phenylobacterium immobile</GBSeq_organism>
 <GBSeq_organism>Brevundimonas mediterranea</GBSeq_organism>
 <GBSeq_organism>Brevundimonas bullata</GBSeq_organism>
 <GBSeq_organism>Brevundimonas aurantiaca</GBSeq_organism>
 <GBSeq_organism>Brevundimonas mediterranea</GBSeq_organism>
 <GBSeq_organism>Brevundimonas vesicularis</GBSeq_organism>
 <GBSeq_organism>Brevundimonas variabilis</GBSeq_organism>
 <GBSeq_organism>Caulobacter vibrioides</GBSeq_organism>
 <GBSeq_organism>Brevundimonas sp. LMG 19834</GBSeq_organism>
 <GBSeq_organism>Brevundimonas staleyi</GBSeq_organism>
 <GBSeq_organism>Caulobacter sp.</GBSeq_organism>
