 <GBSeq_organism>Streptomyces baarnensis</GBSeq_organism>
 <GBSeq_organism>Streptomyces flavofuscus</GBSeq_organism>
 <GBSeq_organism>Streptomyces bikiniensis</GBSeq_organism>
 <GBSeq_organism>Streptomyces flavogriseus</GBSeq_organism>
 <GBSeq_organism>Streptomyces globisporus subsp. globisporus</GBSeq_organism>
 <GBSeq_organism>Streptomyces niger</GBSeq_organism>
 <GBSeq_organism>Streptomyces griseus subsp. griseus</GBSeq_organism>
 <GBSeq_organism>Streptomyces mauvecolor</GBSeq_organism>
 <GBSeq_organism>Actinomadura madurae</GBSeq_organism>
 <GBSeq_organism>Streptomyces parvus</GBSeq_organism>
 <GBSeq_organism>Streptomyces celluloflavus</GBSeq_organism>
 <GBSeq_organism>Streptomyces griseinus</GBSeq_organism>
 <GBSeq_organism>Streptomyces microflavus</GBSeq_organism>
 <GBSeq_organism>Streptomyces polyantibioticus SPR</GBSeq_organism>
 <GBSeq_organism>Streptomyces violaceusniger</GBSeq_organism>
 <GBSeq_organism>Streptomyces subrutilus</GBSeq_organism>
 <GBSeq_organism>Streptomyces caviscabies</GBSeq_organism>
 <GBSeq_organism>Streptomyces cavourensis subsp. cavourensis</GBSeq_organism>
 <GBSeq_organism>Streptomyces griseobrunneus</GBSeq_organism>
 <GBSeq_organism>Streptomyces griseus</GBSeq_organism>
 <GBSeq_organism>Streptomyces sindenensis</GBSeq_organism>
 <GBSeq_organism>Streptomyces paradoxus</GBSeq_organism>
 <GBSeq_organism>Streptomyces vitaminophilus</GBSeq_organism>
 <GBSeq_organism>Streptomyces albolongus</GBSeq_organism>
 <GBSeq_organism>Streptomyces lavendofoliae</GBSeq_organism>
 <GBSeq_organism>Streptomyces badius</GBSeq_organism>
 <GBSeq_organism>Streptomyces lydicus</GBSeq_organism>
 <GBSeq_organism>Streptomyces fimicarius</GBSeq_organism>
