 <GBSeq_organism>Chlamydia pecorum</GBSeq_organism>
 <GBSeq_organism>Chlamydophila abortus</GBSeq_organism>
 <GBSeq_organism>Chlamydia trachomatis D/UW-3/CX</GBSeq_organism>
 <GBSeq_organism>Chlamydia trachomatis</GBSeq_organism>
 <GBSeq_organism>Rhodopirellula baltica SH 1</GBSeq_organism>
 <GBSeq_organism>Chlamydia muridarum str. Nigg</GBSeq_organism>
 <GBSeq_organism>Candidatus Piscichlamydia salmonis</GBSeq_organism>
 <GBSeq_organism>Parachlamydia acanthamoebae</GBSeq_organism>
 <GBSeq_organism>Chlamydophila caviae</GBSeq_organism>
 <GBSeq_organism>Chlamydophila psittaci</GBSeq_organism>
 <GBSeq_organism>Chlamydia pneumoniae</GBSeq_organism>
 <GBSeq_organism>Neochlamydia hartmannellae</GBSeq_organism>
 <GBSeq_organism>Chlamydophila caviae</GBSeq_organism>
 <GBSeq_organism>Candidatus Fritschea bemisiae</GBSeq_organism>
 <GBSeq_organism>Chlamydia pecorum</GBSeq_organism>
 <GBSeq_organism>Simkania negevensis</GBSeq_organism>
 <GBSeq_organism>Waddlia chondrophila WSU 86-1044</GBSeq_organism>
 <GBSeq_organism>Chlamydophila felis</GBSeq_organism>
 <GBSeq_organism>Chlamydia muridarum</GBSeq_organism>
 <GBSeq_organism>Chlamydia trachomatis</GBSeq_organism>
 <GBSeq_organism>Chlamydophila felis</GBSeq_organism>
 <GBSeq_organism>Chlamydia psittaci 6BC</GBSeq_organism>
 <GBSeq_organism>Candidatus Protochlamydia amoebophila</GBSeq_organism>
 <GBSeq_organism>Candidatus Protochlamydia amoebophila UWE25</GBSeq_organism>
 <GBSeq_organism>Chlamydia suis</GBSeq_organism>
 <GBSeq_organism>Candidatus Rhabdochlamydia porcellionis</GBSeq_organism>
 <GBSeq_organism>Candidatus Fritschea eriococci</GBSeq_organism>
 <GBSeq_organism>Chlamydophila pneumoniae AR39</GBSeq_organism>
 <GBSeq_organism>Chlamydophila abortus</GBSeq_organism>
 <GBSeq_organism>Chlamydia pneumoniae</GBSeq_organism>
 <GBSeq_organism>Chlamydia pecorum</GBSeq_organism>
 <GBSeq_organism>Chlamydia trachomatis</GBSeq_organism>
 <GBSeq_organism>Simkania negevensis</GBSeq_organism>
 <GBSeq_organism>Chlamydophila caviae</GBSeq_organism>
 <GBSeq_organism>Chlamydia muridarum</GBSeq_organism>
 <GBSeq_organism>Chlamydia suis</GBSeq_organism>
 <GBSeq_organism>Chlamydophila felis</GBSeq_organism>
 <GBSeq_organism>Simkania negevensis</GBSeq_organism>
 <GBSeq_organism>Chlamydia muridarum</GBSeq_organism>
