 <GBSeq_organism>Bifidobacterium gallinarum</GBSeq_organism>
 <GBSeq_organism>Tetraclita rubescens</GBSeq_organism>
 <GBSeq_organism>Bifidobacterium bifidum</GBSeq_organism>
 <GBSeq_organism>Bifidobacterium pseudocatenulatum</GBSeq_organism>
 <GBSeq_organism>Bifidobacterium minimum</GBSeq_organism>
 <GBSeq_organism>Bifidobacterium bifidum</GBSeq_organism>
 <GBSeq_organism>Bifidobacterium longum</GBSeq_organism>
 <GBSeq_organism>Bifidobacterium ruminantium</GBSeq_organism>
 <GBSeq_organism>Bifidobacterium subtile</GBSeq_organism>
 <GBSeq_organism>Bifidobacterium animalis subsp. animalis</GBSeq_organism>
 <GBSeq_organism>Bifidobacterium thermophilum</GBSeq_organism>
 <GBSeq_organism>Bifidobacterium indicum</GBSeq_organism>
 <GBSeq_organism>Bifidobacterium ruminantium</GBSeq_organism>
 <GBSeq_organism>Bifidobacterium boum</GBSeq_organism>
 <GBSeq_organism>Bifidobacterium pseudolongum subsp. pseudolongum</GBSeq_organism>
 <GBSeq_organism>Bifidobacterium minimum</GBSeq_organism>
 <GBSeq_organism>Bifidobacterium pseudolongum subsp. pseudolongum</GBSeq_organism>
 <GBSeq_organism>Bifidobacterium gallicum</GBSeq_organism>
 <GBSeq_organism>Bifidobacterium cuniculi</GBSeq_organism>
 <GBSeq_organism>Bifidobacterium dentium JCM 1195 = DSM 20436</GBSeq_organism>
 <GBSeq_organism>Bifidobacterium breve</GBSeq_organism>
 <GBSeq_organism>Bifidobacterium choerinum</GBSeq_organism>
 <GBSeq_organism>Bifidobacterium saeculare</GBSeq_organism>
 <GBSeq_organism>Bifidobacterium pseudocatenulatum</GBSeq_organism>
 <GBSeq_organism>Bifidobacterium minimum</GBSeq_organism>
 <GBSeq_organism>Bifidobacterium longum subsp. longum</GBSeq_organism>
 <GBSeq_organism>Bifidobacterium magnum</GBSeq_organism>
 <GBSeq_organism>Bifidobacterium boum</GBSeq_organism>
 <GBSeq_organism>Bifidobacterium merycicum</GBSeq_organism>
 <GBSeq_organism>Bifidobacterium thermophilum</GBSeq_organism>
 <GBSeq_organism>Bifidobacterium gallicum</GBSeq_organism>
 <GBSeq_organism>Bifidobacterium ruminantium</GBSeq_organism>
 <GBSeq_organism>Bifidobacterium breve</GBSeq_organism>
 <GBSeq_organism>Bifidobacterium magnum</GBSeq_organism>
 <GBSeq_organism>Bifidobacterium pullorum</GBSeq_organism>
 <GBSeq_organism>uncultured archaeon</GBSeq_organism>
 <GBSeq_organism>Bifidobacterium saeculare</GBSeq_organism>
 <GBSeq_organism>Bifidobacterium animalis subsp. animalis</GBSeq_organism>
 <GBSeq_organism>Bifidobacterium indicum</GBSeq_organism>
 <GBSeq_organism>Bifidobacterium pseudolongum subsp. globosum</GBSeq_organism>
 <GBSeq_organism>uncultured archaeon</GBSeq_organism>
 <GBSeq_organism>Bifidobacterium magnum</GBSeq_organism>
 <GBSeq_organism>Bifidobacterium pullorum</GBSeq_organism>
 <GBSeq_organism>Bifidobacterium pseudolongum subsp. pseudolongum</GBSeq_organism>
 <GBSeq_organism>Bifidobacterium pullorum</GBSeq_organism>
 <GBSeq_organism>Bifidobacterium choerinum</GBSeq_organism>
 <GBSeq_organism>Bifidobacterium boum</GBSeq_organism>
 <GBSeq_organism>Bifidobacterium cuniculi</GBSeq_organism>
 <GBSeq_organism>Bifidobacterium merycicum</GBSeq_organism>
 <GBSeq_organism>Bifidobacterium pseudolongum subsp. globosum</GBSeq_organism>
 <GBSeq_organism>Bifidobacterium catenulatum DSM 16992 = JCM 1194 = LMG 11043</GBSeq_organism>
 <GBSeq_organism>Bifidobacterium breve</GBSeq_organism>
 <GBSeq_organism>Bifidobacterium longum subsp. longum</GBSeq_organism>
 <GBSeq_organism>Bifidobacterium animalis subsp. animalis</GBSeq_organism>
 <GBSeq_organism>Bifidobacterium pseudolongum subsp. globosum</GBSeq_organism>
 <GBSeq_organism>Bifidobacterium catenulatum DSM 16992 = JCM 1194 = LMG 11043</GBSeq_organism>
 <GBSeq_organism>Bifidobacterium indicum</GBSeq_organism>
 <GBSeq_organism>Bifidobacterium subtile</GBSeq_organism>
 <GBSeq_organism>Bifidobacterium thermophilum</GBSeq_organism>
 <GBSeq_organism>Bifidobacterium gallicum</GBSeq_organism>
 <GBSeq_organism>Bifidobacterium gallinarum</GBSeq_organism>
 <GBSeq_organism>Bifidobacterium pseudocatenulatum</GBSeq_organism>
 <GBSeq_organism>Bifidobacterium dentium JCM 1195 = DSM 20436</GBSeq_organism>
 <GBSeq_organism>Bifidobacterium bifidum</GBSeq_organism>
