 <GBSeq_organism>Saccharothrix longispora</GBSeq_organism>
 <GBSeq_organism>Pseudonocardia hydrocarbonoxydans</GBSeq_organism>
 <GBSeq_organism>Saccharothrix australiensis</GBSeq_organism>
 <GBSeq_organism>Saccharopolyspora hordei</GBSeq_organism>
 <GBSeq_organism>Saccharopolyspora gregorii</GBSeq_organism>
 <GBSeq_organism>Saccharomonospora viridis</GBSeq_organism>
 <GBSeq_organism>Saccharothrix coeruleofusca</GBSeq_organism>
 <GBSeq_organism>Amycolatopsis orientalis</GBSeq_organism>
 <GBSeq_organism>Saccharopolyspora flava</GBSeq_organism>
 <GBSeq_organism>Pseudonocardia autotrophica</GBSeq_organism>
 <GBSeq_organism>Kibdelosporangium philippinense</GBSeq_organism>
 <GBSeq_organism>Kibdelosporangium aridum subsp. largum</GBSeq_organism>
 <GBSeq_organism>Saccharopolyspora rectivirgula</GBSeq_organism>
 <GBSeq_organism>Saccharopolyspora erythraea NRRL 2338</GBSeq_organism>
 <GBSeq_organism>Saccharopolyspora taberi</GBSeq_organism>
 <GBSeq_organism>Amycolatopsis azurea</GBSeq_organism>
 <GBSeq_organism>Saccharopolyspora spinosa NRRL 18395</GBSeq_organism>
 <GBSeq_organism>Saccharopolyspora cebuensis</GBSeq_organism>
 <GBSeq_organism>Saccharopolyspora hirsuta</GBSeq_organism>
 <GBSeq_organism>Saccharopolyspora thermophila</GBSeq_organism>
 <GBSeq_organism>Pseudonocardia saturnea</GBSeq_organism>
 <GBSeq_organism>Amycolatopsis mediterranei</GBSeq_organism>
 <GBSeq_organism>Saccharopolyspora spinosporotrichia</GBSeq_organism>
