 <GBSeq_organism>Starmerella cf. bombicola UWOPS 00-531</GBSeq_organism>
 <GBSeq_organism>Candida cf. floricola UWO(PS)95-408.3</GBSeq_organism>
 <GBSeq_organism>Candida davenportii</GBSeq_organism>
 <GBSeq_organism>Candida cf. etchellsii UWO(PS)00-226.2</GBSeq_organism>
 <GBSeq_organism>Starmerella bombicola</GBSeq_organism>
 <GBSeq_organism>Candida cf. etchellsii UWO(PS)00-102.2</GBSeq_organism>
 <GBSeq_organism>Candida magnoliae</GBSeq_organism>
 <GBSeq_organism>Candida cellae</GBSeq_organism>
 <GBSeq_organism>Candida floricola</GBSeq_organism>
 <GBSeq_organism>Candida apicola</GBSeq_organism>
 <GBSeq_organism>Candida cf. etchellsii UWO01-191.1</GBSeq_organism>
 <GBSeq_organism>Candida cf. etchellsii UFMG Jat-92.1</GBSeq_organism>
 <GBSeq_organism>Candida cf. bombi UWOPS 95-821.4</GBSeq_organism>
 <GBSeq_organism>Candida stellata</GBSeq_organism>
 <GBSeq_organism>Candida ratchasimensis</GBSeq_organism>
 <GBSeq_organism>Candida sp. CBS 8413</GBSeq_organism>
 <GBSeq_organism>Candida cf. lactis-condensi UWO92-309.3</GBSeq_organism>
 <GBSeq_organism>Candida powellii</GBSeq_organism>
 <GBSeq_organism>Candida batistae</GBSeq_organism>
 <GBSeq_organism>Candida lactis-condensi</GBSeq_organism>
 <GBSeq_organism>Candida cf. lactis-condensi UWO00-426.2</GBSeq_organism>
 <GBSeq_organism>Candida sp. CBS 4353</GBSeq_organism>
 <GBSeq_organism>Starmerella bacillaris</GBSeq_organism>
 <GBSeq_organism>Candida bombi</GBSeq_organism>
 <GBSeq_organism>Candida cf. powellii UWO(PS)00-195.2</GBSeq_organism>
 <GBSeq_organism>Candida cf. bombi UWOPS 00-107.2</GBSeq_organism>
 <GBSeq_organism>Starmerella meliponinorum</GBSeq_organism>
 <GBSeq_organism>Candida riodocensis</GBSeq_organism>
 <GBSeq_organism>Candida khaoyaiensis</GBSeq_organism>
 <GBSeq_organism>Candida etchellsii</GBSeq_organism>
