 <GBSeq_organism>Flavobacterium degerlachei</GBSeq_organism>
 <GBSeq_organism>Flavobacterium johnsoniae</GBSeq_organism>
 <GBSeq_organism>Flavobacterium hercynium</GBSeq_organism>
 <GBSeq_organism>Flavobacterium granuli</GBSeq_organism>
 <GBSeq_organism>Flavobacterium micromati</GBSeq_organism>
 <GBSeq_organism>Flavobacterium saccharophilum</GBSeq_organism>
 <GBSeq_organism>Flavobacterium psychrolimnae</GBSeq_organism>
 <GBSeq_organism>Flavobacterium pectinovorum</GBSeq_organism>
 <GBSeq_organism>Flavobacterium hydatis</GBSeq_organism>
 <GBSeq_organism>Flavobacterium flevense</GBSeq_organism>
 <GBSeq_organism>Flavobacterium soli</GBSeq_organism>
 <GBSeq_organism>Flavobacterium aquatile</GBSeq_organism>
 <GBSeq_organism>Flavobacterium xanthum</GBSeq_organism>
 <GBSeq_organism>Flavobacterium frigidimaris</GBSeq_organism>
 <GBSeq_organism>Flavobacterium hibernum</GBSeq_organism>
 <GBSeq_organism>Flavobacterium chungangense</GBSeq_organism>
 <GBSeq_organism>Flavobacterium omnivorum</GBSeq_organism>
 <GBSeq_organism>Flavobacterium succinicans</GBSeq_organism>
 <GBSeq_organism>Flavobacterium aquidurense</GBSeq_organism>
 <GBSeq_organism>Flavobacterium frigoris</GBSeq_organism>
