 <GBSeq_organism>Blautia coccoides</GBSeq_organism>
 <GBSeq_organism>Coprococcus comes ATCC 27758</GBSeq_organism>
 <GBSeq_organism>Fusobacterium nucleatum subsp. nucleatum ATCC 25586</GBSeq_organism>
 <GBSeq_organism>Blautia hydrogenotrophica</GBSeq_organism>
 <GBSeq_organism>Blautia schinkii</GBSeq_organism>
 <GBSeq_organism>Ruminococcus torques ATCC 27756</GBSeq_organism>
 <GBSeq_organism>Propionigenium modestum</GBSeq_organism>
 <GBSeq_organism>Ruminococcus albus 7 = DSM 20455</GBSeq_organism>
 <GBSeq_organism>Ruminococcus gnavus ATCC 29149</GBSeq_organism>
 <GBSeq_organism>Blautia producta ATCC 27340 = DSM 2950</GBSeq_organism>
 <GBSeq_organism>Ruminococcus flavefaciens</GBSeq_organism>
 <GBSeq_organism>Blautia hansenii DSM 20583</GBSeq_organism>
 <GBSeq_organism>[Clostridium] leptum DSM 753</GBSeq_organism>
 <GBSeq_organism>Ruminococcus gauvreauii</GBSeq_organism>
 <GBSeq_organism>Blautia luti</GBSeq_organism>
 <GBSeq_organism>Ruminococcus obeum ATCC 29174</GBSeq_organism>
 <GBSeq_organism>Ruminococcus bromii</GBSeq_organism>
 <GBSeq_organism>Ruminococcus lactaris ATCC 29176</GBSeq_organism>
 <GBSeq_organism>Ruminococcus callidus</GBSeq_organism>
 <GBSeq_organism>Coprococcus eutactus</GBSeq_organism>
