 <GBSeq_organism>Candida melibiosica</GBSeq_organism>
 <GBSeq_organism>Candida trypodendroni</GBSeq_organism>
 <GBSeq_organism>Candida pseudointermedia</GBSeq_organism>
 <GBSeq_organism>Candida qinlingensis</GBSeq_organism>
 <GBSeq_organism>Candida conglobata</GBSeq_organism>
 <GBSeq_organism>Clavispora lusitaniae</GBSeq_organism>
 <GBSeq_organism>Candida friedrichii</GBSeq_organism>
 <GBSeq_organism>Williopsis pratensis</GBSeq_organism>
 <GBSeq_organism>Candida intermedia</GBSeq_organism>
 <GBSeq_organism>Barnettozyma californica var. californica</GBSeq_organism>
 <GBSeq_organism>Clavispora opuntiae</GBSeq_organism>
 <GBSeq_organism>Barnettozyma populi</GBSeq_organism>
 <GBSeq_organism>Candida buinensis</GBSeq_organism>
 <GBSeq_organism>Barnettozyma salicaria</GBSeq_organism>
 <GBSeq_organism>Pichia hawaiiensis</GBSeq_organism>
 <GBSeq_organism>Metschnikowia agaves</GBSeq_organism>
 <GBSeq_organism>Candida asparagi</GBSeq_organism>
 <GBSeq_organism>Candida fructus</GBSeq_organism>
 <GBSeq_organism>Candida aaseri</GBSeq_organism>
 <GBSeq_organism>Candida membranifaciens</GBSeq_organism>
 <GBSeq_organism>Candida montana</GBSeq_organism>
 <GBSeq_organism>Schizosaccharomyces pombe</GBSeq_organism>
 <GBSeq_organism>Ogataea wickerhamii</GBSeq_organism>
 <GBSeq_organism>Yamadazyma mexicana</GBSeq_organism>
 <GBSeq_organism>Candida norvegica</GBSeq_organism>
 <GBSeq_organism>Candida tsuchiyae</GBSeq_organism>
 <GBSeq_organism>Candida oregonensis</GBSeq_organism>
