 <GBSeq_organism>Vibrio anguillarum</GBSeq_organism>
 <GBSeq_organism>Photobacterium phosphoreum</GBSeq_organism>
 <GBSeq_organism>Photobacterium frigidiphilum</GBSeq_organism>
 <GBSeq_organism>Vibrio vulnificus NBRC 15645 = ATCC 27562</GBSeq_organism>
 <GBSeq_organism>Grimontia hollisae</GBSeq_organism>
 <GBSeq_organism>Vibrio agarivorans</GBSeq_organism>
 <GBSeq_organism>Vibrio alginolyticus</GBSeq_organism>
 <GBSeq_organism>Vibrio nereis</GBSeq_organism>
 <GBSeq_organism>Vibrio mediterranei</GBSeq_organism>
 <GBSeq_organism>Vibrio cholerae</GBSeq_organism>
 <GBSeq_organism>Vibrio neptunius</GBSeq_organism>
 <GBSeq_organism>Photobacterium leiognathi</GBSeq_organism>
 <GBSeq_organism>Photobacterium ganghwense</GBSeq_organism>
 <GBSeq_organism>Photobacterium halotolerans</GBSeq_organism>
 <GBSeq_organism>Photobacterium aplysiae</GBSeq_organism>
 <GBSeq_organism>Photobacterium angustum</GBSeq_organism>
 <GBSeq_organism>Vibrio gazogenes</GBSeq_organism>
 <GBSeq_organism>Enterovibrio norvegicus</GBSeq_organism>
 <GBSeq_organism>Vibrio hispanicus</GBSeq_organism>
 <GBSeq_organism>Photobacterium lipolyticum</GBSeq_organism>
 <GBSeq_organism>Vibrio parahaemolyticus</GBSeq_organism>
 <GBSeq_organism>Vibrio kanaloae</GBSeq_organism>
 <GBSeq_organism>Aliivibrio logei</GBSeq_organism>
 <GBSeq_organism>Photobacterium damselae</GBSeq_organism>
 <GBSeq_organism>Vibrio coralliilyticus ATCC BAA-450</GBSeq_organism>
 <GBSeq_organism>Photobacterium rosenbergii</GBSeq_organism>
 <GBSeq_organism>Enterovibrio coralii</GBSeq_organism>
 <GBSeq_organism>Vibrio mytili</GBSeq_organism>
 <GBSeq_organism>Vibrio aestuarianus</GBSeq_organism>
 <GBSeq_organism>Photobacterium profundum</GBSeq_organism>
 <GBSeq_organism>Vibrio pelagius</GBSeq_organism>
 <GBSeq_organism>Salinivibrio costicola</GBSeq_organism>
 <GBSeq_organism>Vibrio proteolyticus</GBSeq_organism>
 <GBSeq_organism>Enterovibrio calviensis</GBSeq_organism>
 <GBSeq_organism>Aliivibrio fischeri</GBSeq_organism>
