 <GBSeq_organism>Arthrobacter methylotrophus</GBSeq_organism>
 <GBSeq_organism>Arthrobacter globiformis</GBSeq_organism>
 <GBSeq_organism>Arthrobacter citreus</GBSeq_organism>
 <GBSeq_organism>Arthrobacter agilis</GBSeq_organism>
 <GBSeq_organism>Arthrobacter ureafaciens</GBSeq_organism>
 <GBSeq_organism>Arthrobacter oxydans</GBSeq_organism>
 <GBSeq_organism>Arthrobacter histidinolovorans</GBSeq_organism>
 <GBSeq_organism>Arthrobacter woluwensis</GBSeq_organism>
 <GBSeq_organism>Arthrobacter albus</GBSeq_organism>
 <GBSeq_organism>Arthrobacter ilicis</GBSeq_organism>
 <GBSeq_organism>Arthrobacter chlorophenolicus</GBSeq_organism>
 <GBSeq_organism>Arthrobacter psychrolactophilus</GBSeq_organism>
 <GBSeq_organism>Arthrobacter nicotinovorans</GBSeq_organism>
 <GBSeq_organism>Arthrobacter crystallopoietes</GBSeq_organism>
 <GBSeq_organism>Arthrobacter pascens</GBSeq_organism>
 <GBSeq_organism>Arthrobacter sulfonivorans</GBSeq_organism>
 <GBSeq_organism>Arthrobacter polychromogenes</GBSeq_organism>
 <GBSeq_organism>Arthrobacter cumminsii</GBSeq_organism>
 <GBSeq_organism>Sinomonas atrocyanea</GBSeq_organism>
 <GBSeq_organism>Arthrobacter flavus</GBSeq_organism>
 <GBSeq_organism>Arthrobacter sp. DSM 20546</GBSeq_organism>
 <GBSeq_organism>Arthrobacter aurescens</GBSeq_organism>
 <GBSeq_organism>Arthrobacter nitroguajacolicus</GBSeq_organism>
