 <GBSeq_organism>Intrasporangium oryzae NRRL B-24470</GBSeq_organism>
 <GBSeq_organism>Kineococcus xinjiangensis</GBSeq_organism>
 <GBSeq_organism>Fodinibacter luteus</GBSeq_organism>
 <GBSeq_organism>Lapillicoccus jejuensis</GBSeq_organism>
 <GBSeq_organism>Quadrisphaera granulorum</GBSeq_organism>
 <GBSeq_organism>Janibacter melonis</GBSeq_organism>
 <GBSeq_organism>Serinicoccus marinus</GBSeq_organism>
 <GBSeq_organism>Intrasporangium calvum DSM 43043</GBSeq_organism>
 <GBSeq_organism>Humibacillus xanthopallidus</GBSeq_organism>
 <GBSeq_organism>Arsenicicoccus bolidensis</GBSeq_organism>
 <GBSeq_organism>Terrabacter lapilli</GBSeq_organism>
 <GBSeq_organism>Marihabitans asiaticum</GBSeq_organism>
 <GBSeq_organism>Terrabacter tumescens</GBSeq_organism>
 <GBSeq_organism>Knoellia sinensis</GBSeq_organism>
 <GBSeq_organism>Janibacter limosus</GBSeq_organism>
 <GBSeq_organism>Streptomyces ambofaciens</GBSeq_organism>
 <GBSeq_organism>Kineococcus aurantiacus</GBSeq_organism>
 <GBSeq_organism>Angustibacter luteus</GBSeq_organism>
 <GBSeq_organism>Cellulomonas cellasea DSM 20118</GBSeq_organism>
 <GBSeq_organism>Sanguibacter keddieii DSM 10542</GBSeq_organism>
