 <GBSeq_organism>Saccharibacter floricola</GBSeq_organism>
 <GBSeq_organism>Gluconacetobacter entanii</GBSeq_organism>
 <GBSeq_organism>Gluconobacter oxydans</GBSeq_organism>
 <GBSeq_organism>Komagataeibacter rhaeticus</GBSeq_organism>
 <GBSeq_organism>Gluconacetobacter sp. ITDI2.1</GBSeq_organism>
 <GBSeq_organism>Gluconacetobacter azotocaptans</GBSeq_organism>
 <GBSeq_organism>Komagataeibacter nataicola</GBSeq_organism>
 <GBSeq_organism>Komagataeibacter hansenii</GBSeq_organism>
 <GBSeq_organism>Gluconacetobacter sacchari</GBSeq_organism>
 <GBSeq_organism>Komagataeibacter intermedius</GBSeq_organism>
 <GBSeq_organism>Acidomonas methanolica</GBSeq_organism>
 <GBSeq_organism>Komagataeibacter hansenii</GBSeq_organism>
 <GBSeq_organism>Swaminathania salitolerans</GBSeq_organism>
 <GBSeq_organism>Gluconacetobacter hansenii ATCC 23769</GBSeq_organism>
 <GBSeq_organism>Komagataeibacter saccharivorans</GBSeq_organism>
 <GBSeq_organism>Komagataeibacter intermedius</GBSeq_organism>
 <GBSeq_organism>Rhodospirillum rubrum ATCC 11170</GBSeq_organism>
 <GBSeq_organism>Komagataeibacter intermedius</GBSeq_organism>
 <GBSeq_organism>Komagataeibacter europaeus</GBSeq_organism>
 <GBSeq_organism>Gluconacetobacter liquefaciens</GBSeq_organism>
 <GBSeq_organism>Komagataeibacter intermedius</GBSeq_organism>
 <GBSeq_organism>Gluconacetobacter maltiaceti</GBSeq_organism>
 <GBSeq_organism>Komagataeibacter europaeus</GBSeq_organism>
 <GBSeq_organism>Komagataeibacter swingsii</GBSeq_organism>
 <GBSeq_organism>Komagataeibacter saccharivorans</GBSeq_organism>
 <GBSeq_organism>Gluconacetobacter johannae</GBSeq_organism>
 <GBSeq_organism>Acetobacter aceti NBRC 14818</GBSeq_organism>
 <GBSeq_organism>Gluconacetobacter diazotrophicus PA1 5</GBSeq_organism>
