 <GBSeq_organism>Lactobacillus buchneri</GBSeq_organism>
 <GBSeq_organism>Lactobacillus parabuchneri</GBSeq_organism>
 <GBSeq_organism>Lactobacillus spicheri</GBSeq_organism>
 <GBSeq_organism>Lactobacillus similis</GBSeq_organism>
 <GBSeq_organism>Lactobacillus parakefiri</GBSeq_organism>
 <GBSeq_organism>Lactobacillus fructivorans KCTC 3543 = DSM 20203</GBSeq_organism>
 <GBSeq_organism>Lactobacillus homohiochii</GBSeq_organism>
 <GBSeq_organism>Lactococcus lactis subsp. lactis</GBSeq_organism>
 <GBSeq_organism>Lactobacillus diolivorans</GBSeq_organism>
 <GBSeq_organism>Lactobacillus hilgardii</GBSeq_organism>
 <GBSeq_organism>Lactobacillus acidifarinae</GBSeq_organism>
 <GBSeq_organism>Lactobacillus zymae</GBSeq_organism>
 <GBSeq_organism>Lactobacillus lindneri</GBSeq_organism>
 <GBSeq_organism>Lactobacillus sanfranciscensis</GBSeq_organism>
 <GBSeq_organism>Lactobacillus kunkeei</GBSeq_organism>
 <GBSeq_organism>Lactobacillus paracollinoides</GBSeq_organism>
 <GBSeq_organism>Lactobacillus collinoides</GBSeq_organism>
 <GBSeq_organism>Lactobacillus malefermentans</GBSeq_organism>
 <GBSeq_organism>Lactobacillus brevis</GBSeq_organism>
 <GBSeq_organism>Lactobacillus kefiri</GBSeq_organism>
 <GBSeq_organism>Lactobacillus hammesii</GBSeq_organism>
