 <GBSeq_organism>Eubacterium uniforme</GBSeq_organism>
 <GBSeq_organism>Blautia coccoides</GBSeq_organism>
 <GBSeq_organism>uncultured bacterium</GBSeq_organism>
 <GBSeq_organism>Butyrivibrio crossotus</GBSeq_organism>
 <GBSeq_organism>[Eubacterium] hallii</GBSeq_organism>
 <GBSeq_organism>Anaerostipes caccae</GBSeq_organism>
 <GBSeq_organism>Blautia wexlerae DSM 19850</GBSeq_organism>
 <GBSeq_organism>butyrate-producing bacterium SSC/2</GBSeq_organism>
 <GBSeq_organism>Anaerostipes caccae</GBSeq_organism>
 <GBSeq_organism>Butyrivibrio fibrisolvens</GBSeq_organism>
 <GBSeq_organism>butyrate-producing bacterium SS2/1</GBSeq_organism>
 <GBSeq_organism>[Ruminococcus] obeum</GBSeq_organism>
 <GBSeq_organism>Anaerostipes butyraticus</GBSeq_organism>
 <GBSeq_organism>Ruminococcus gnavus ATCC 29149</GBSeq_organism>
 <GBSeq_organism>Eubacterium rectale</GBSeq_organism>
 <GBSeq_organism>Tyzzerella nexilis DSM 1787</GBSeq_organism>
 <GBSeq_organism>Anaerostipes sp. AIP 183.04</GBSeq_organism>
 <GBSeq_organism>[Clostridium] clostridioforme</GBSeq_organism>
 <GBSeq_organism>Anaerostipes sp. IE4</GBSeq_organism>
 <GBSeq_organism>Blautia schinkii</GBSeq_organism>
 <GBSeq_organism>Anaerostipes caccae</GBSeq_organism>
 <GBSeq_organism>Coprococcus eutactus</GBSeq_organism>
 <GBSeq_organism>[Clostridium] herbivorans</GBSeq_organism>
 <GBSeq_organism>Ruminococcus gnavus ATCC 29149</GBSeq_organism>
