 <GBSeq_organism>Antarctobacter heliothermus</GBSeq_organism>
 <GBSeq_organism>Roseobacter denitrificans OCh 114</GBSeq_organism>
 <GBSeq_organism>Octadecabacter arcticus</GBSeq_organism>
 <GBSeq_organism>Phaeobacter gallaeciensis DSM 26640</GBSeq_organism>
 <GBSeq_organism>Roseobacter litoralis Och 149</GBSeq_organism>
 <GBSeq_organism>Roseivivax halotolerans</GBSeq_organism>
 <GBSeq_organism>Thalassobius gelatinovorus</GBSeq_organism>
 <GBSeq_organism>Leisingera methylohalidivorans DSM 14336</GBSeq_organism>
 <GBSeq_organism>Silicibacter lacuscaerulensis ITI-1157</GBSeq_organism>
 <GBSeq_organism>Roseovarius crassostreae</GBSeq_organism>
 <GBSeq_organism>Sulfitobacter guttiformis</GBSeq_organism>
 <GBSeq_organism>Roseovarius nubinhibens ISM</GBSeq_organism>
 <GBSeq_organism>Sulfitobacter pontiacus</GBSeq_organism>
 <GBSeq_organism>Roseivivax halodurans</GBSeq_organism>
 <GBSeq_organism>Phaeobacter inhibens DSM 16374</GBSeq_organism>
 <GBSeq_organism>Donghicola eburneus</GBSeq_organism>
 <GBSeq_organism>Marinovum algicola</GBSeq_organism>
 <GBSeq_organism>Donghicola xiamenensis</GBSeq_organism>
 <GBSeq_organism>Roseovarius tolerans</GBSeq_organism>
 <GBSeq_organism>Roseisalinus antarcticus</GBSeq_organism>
 <GBSeq_organism>Rhodobacter capsulatus</GBSeq_organism>
 <GBSeq_organism>Sulfitobacter brevis</GBSeq_organism>
 <GBSeq_organism>Nereida ignava</GBSeq_organism>
 <GBSeq_organism>Ketogulonicigenium vulgare</GBSeq_organism>
 <GBSeq_organism>Ruegeria atlantica</GBSeq_organism>
 <GBSeq_organism>Oceanicola granulosus</GBSeq_organism>
 <GBSeq_organism>Marinosulfonomonas methylotropha</GBSeq_organism>
 <GBSeq_organism>Salipiger mucosus DSM 16094</GBSeq_organism>
