 <GBSeq_organism>Hymenobacter roseosalivarius DSM 11622</GBSeq_organism>
 <GBSeq_organism>Hymenobacter ocellatus</GBSeq_organism>
 <GBSeq_organism>Sphingobacterium spiritivorum</GBSeq_organism>
 <GBSeq_organism>Reichenbachiella agariperforans</GBSeq_organism>
 <GBSeq_organism>Hymenobacter rigui</GBSeq_organism>
 <GBSeq_organism>Adhaeribacter aquaticus</GBSeq_organism>
 <GBSeq_organism>Sporocytophaga myxococcoides</GBSeq_organism>
 <GBSeq_organism>Hymenobacter daecheongensis</GBSeq_organism>
 <GBSeq_organism>Hymenobacter aerophilus</GBSeq_organism>
 <GBSeq_organism>Hymenobacter soli</GBSeq_organism>
 <GBSeq_organism>Flexibacter flexilis DSM 6793</GBSeq_organism>
 <GBSeq_organism>Hymenobacter gelipurpurascens</GBSeq_organism>
 <GBSeq_organism>Pedobacter heparinus DSM 2366</GBSeq_organism>
 <GBSeq_organism>Hymenobacter chitinivorans</GBSeq_organism>
 <GBSeq_organism>Flavobacterium aquatile</GBSeq_organism>
 <GBSeq_organism>Flectobacillus major</GBSeq_organism>
 <GBSeq_organism>Runella slithyformis</GBSeq_organism>
 <GBSeq_organism>Persicobacter diffluens</GBSeq_organism>
 <GBSeq_organism>Cytophaga hutchinsonii ATCC 33406</GBSeq_organism>
 <GBSeq_organism>Dyadobacter fermentans DSM 18053</GBSeq_organism>
