 <GBSeq_organism>Rhodococcus percolatus</GBSeq_organism>
 <GBSeq_organism>Escherichia coli DSM 30083 = JCM 1649 = ATCC 11775</GBSeq_organism>
 <GBSeq_organism>Rothia nasimurium</GBSeq_organism>
 <GBSeq_organism>Arthrobacter agilis</GBSeq_organism>
 <GBSeq_organism>Arthrobacter ureafaciens</GBSeq_organism>
 <GBSeq_organism>Arthrobacter oxydans</GBSeq_organism>
 <GBSeq_organism>Rhodococcus marinonascens</GBSeq_organism>
 <GBSeq_organism>Rhodococcus erythropolis</GBSeq_organism>
 <GBSeq_organism>Rhodococcus baikonurensis</GBSeq_organism>
 <GBSeq_organism>Arthrobacter psychrolactophilus</GBSeq_organism>
 <GBSeq_organism>Rothia mucilaginosa</GBSeq_organism>
 <GBSeq_organism>Rhodococcus coprophilus</GBSeq_organism>
 <GBSeq_organism>Rhodococcus globerulus</GBSeq_organism>
 <GBSeq_organism>Arthrobacter crystallopoietes</GBSeq_organism>
 <GBSeq_organism>Rothia amarae</GBSeq_organism>
 <GBSeq_organism>Arthrobacter roseus</GBSeq_organism>
 <GBSeq_organism>Rothia dentocariosa ATCC 17931</GBSeq_organism>
 <GBSeq_organism>Rhodococcus koreensis</GBSeq_organism>
 <GBSeq_organism>Rhodococcus opacus</GBSeq_organism>
 <GBSeq_organism>Rothia sp. CCUG 25688</GBSeq_organism>
 <GBSeq_organism>Rhodococcus fascians</GBSeq_organism>
