 <GBSeq_organism>Achromobacter xylosoxidans</GBSeq_organism>
 <GBSeq_organism>Bordetella pertussis</GBSeq_organism>
 <GBSeq_organism>Advenella sp. R-20007</GBSeq_organism>
 <GBSeq_organism>Oligella urethralis</GBSeq_organism>
 <GBSeq_organism>Azohydromonas australica</GBSeq_organism>
 <GBSeq_organism>Bordetella avium</GBSeq_organism>
 <GBSeq_organism>Taylorella equigenitalis ATCC 35865</GBSeq_organism>
 <GBSeq_organism>Azohydromonas lata</GBSeq_organism>
 <GBSeq_organism>Kerstersia gyiorum</GBSeq_organism>
 <GBSeq_organism>Bordetella petrii</GBSeq_organism>
 <GBSeq_organism>Sutterella wadsworthensis</GBSeq_organism>
 <GBSeq_organism>Advenella kashmirensis</GBSeq_organism>
 <GBSeq_organism>Advenella sp. R-20008</GBSeq_organism>
 <GBSeq_organism>Castellaniella defragrans</GBSeq_organism>
 <GBSeq_organism>Alcaligenes faecalis</GBSeq_organism>
 <GBSeq_organism>Bordetella bronchiseptica</GBSeq_organism>
 <GBSeq_organism>Castellaniella denitrificans</GBSeq_organism>
 <GBSeq_organism>Alcaligenes faecalis subsp. phenolicus</GBSeq_organism>
 <GBSeq_organism>Pigmentiphaga kullae</GBSeq_organism>
 <GBSeq_organism>Advenella sp. R-18191</GBSeq_organism>
 <GBSeq_organism>Alcaligenes faecalis subsp. parafaecalis</GBSeq_organism>
 <GBSeq_organism>Alcaligenes faecalis</GBSeq_organism>
 <GBSeq_organism>Achromobacter piechaudii</GBSeq_organism>
 <GBSeq_organism>Advenella incenata</GBSeq_organism>
 <GBSeq_organism>Advenella mimigardefordensis DPN7</GBSeq_organism>
 <GBSeq_organism>Achromobacter denitrificans</GBSeq_organism>
 <GBSeq_organism>Taylorella asinigenitalis</GBSeq_organism>
