 <GBSeq_organism>Acinetobacter genomosp. 13BJ</GBSeq_organism>
 <GBSeq_organism>Acinetobacter gerneri</GBSeq_organism>
 <GBSeq_organism>Acinetobacter ursingii DSM 16037 = CIP 107286</GBSeq_organism>
 <GBSeq_organism>Acinetobacter genomosp. 14BJ</GBSeq_organism>
 <GBSeq_organism>Acinetobacter baylyi DSM 14961 = CIP 107474</GBSeq_organism>
 <GBSeq_organism>Acinetobacter towneri</GBSeq_organism>
 <GBSeq_organism>Acinetobacter johnsonii</GBSeq_organism>
 <GBSeq_organism>Acinetobacter lwoffii</GBSeq_organism>
 <GBSeq_organism>Acinetobacter gyllenbergii</GBSeq_organism>
 <GBSeq_organism>Acinetobacter genomosp. 17BJ</GBSeq_organism>
 <GBSeq_organism>Acinetobacter soli</GBSeq_organism>
 <GBSeq_organism>Acinetobacter parvus</GBSeq_organism>
 <GBSeq_organism>Acinetobacter genomosp. 15TU</GBSeq_organism>
 <GBSeq_organism>Acinetobacter beijerinckii</GBSeq_organism>
 <GBSeq_organism>Acinetobacter sp. NIPH 973</GBSeq_organism>
 <GBSeq_organism>Acinetobacter sp. NIPH 817</GBSeq_organism>
 <GBSeq_organism>Acinetobacter nosocomialis</GBSeq_organism>
 <GBSeq_organism>Acinetobacter guillouiae</GBSeq_organism>
 <GBSeq_organism>Acinetobacter genomosp. 15BJ</GBSeq_organism>
 <GBSeq_organism>Acinetobacter rudis CIP 110305</GBSeq_organism>
 <GBSeq_organism>Acinetobacter rudis</GBSeq_organism>
 <GBSeq_organism>Acinetobacter baumannii</GBSeq_organism>
 <GBSeq_organism>Acinetobacter venetianus</GBSeq_organism>
 <GBSeq_organism>Acinetobacter pittii</GBSeq_organism>
 <GBSeq_organism>Acinetobacter haemolyticus</GBSeq_organism>
 <GBSeq_organism>Acinetobacter bereziniae</GBSeq_organism>
