 <GBSeq_organism>Bacillus simplex</GBSeq_organism>
 <GBSeq_organism>Bacillus lentus</GBSeq_organism>
 <GBSeq_organism>Bacillus benzoevorans</GBSeq_organism>
 <GBSeq_organism>Bacillus amyloliquefaciens DSM 7</GBSeq_organism>
 <GBSeq_organism>Bacillus pseudofirmus</GBSeq_organism>
 <GBSeq_organism>Bacillus cohnii</GBSeq_organism>
 <GBSeq_organism>Bacillus megaterium</GBSeq_organism>
 <GBSeq_organism>Bacillus pumilus</GBSeq_organism>
 <GBSeq_organism>Bacillus cibi</GBSeq_organism>
 <GBSeq_organism>Bacillus subtilis</GBSeq_organism>
 <GBSeq_organism>Bacillus firmus</GBSeq_organism>
 <GBSeq_organism>Bacillus methanolicus</GBSeq_organism>
 <GBSeq_organism>Bacillus marisflavi</GBSeq_organism>
 <GBSeq_organism>Bacillus psychrosaccharolyticus ATCC 23296</GBSeq_organism>
 <GBSeq_organism>Bacillus cereus</GBSeq_organism>
 <GBSeq_organism>Halobacillus halophilus</GBSeq_organism>
 <GBSeq_organism>Bacillus aquimaris</GBSeq_organism>
 <GBSeq_organism>Bacillus jeotgali</GBSeq_organism>
 <GBSeq_organism>Bacillus halmapalus</GBSeq_organism>
 <GBSeq_organism>Bacillus fastidiosus</GBSeq_organism>
 <GBSeq_organism>Bacillus licheniformis</GBSeq_organism>
 <GBSeq_organism>Bacillus circulans</GBSeq_organism>
 <GBSeq_organism>Bacillus fumarioli</GBSeq_organism>
