 <GBSeq_organism>Candida endomychidarum</GBSeq_organism>
 <GBSeq_organism>Candida jaroonii</GBSeq_organism>
 <GBSeq_organism>Yamadazyma mexicana</GBSeq_organism>
 <GBSeq_organism>Candida michaelii</GBSeq_organism>
 <GBSeq_organism>Candida atlantica</GBSeq_organism>
 <GBSeq_organism>Yamadazyma mexicana</GBSeq_organism>
 <GBSeq_organism>Candida conglobata</GBSeq_organism>
 <GBSeq_organism>Yamadazyma scolyti</GBSeq_organism>
 <GBSeq_organism>Candida amphicis</GBSeq_organism>
 <GBSeq_organism>Yamadazyma mexicana</GBSeq_organism>
 <GBSeq_organism>Candida insectorum</GBSeq_organism>
 <GBSeq_organism>Candida naeodendra</GBSeq_organism>
 <GBSeq_organism>Candida aaseri</GBSeq_organism>
 <GBSeq_organism>Candida blattariae</GBSeq_organism>
 <GBSeq_organism>Candida membranifaciens</GBSeq_organism>
 <GBSeq_organism>Candida lignicola</GBSeq_organism>
 <GBSeq_organism>Yamadazyma philogaea</GBSeq_organism>
 <GBSeq_organism>Candida atmosphaerica</GBSeq_organism>
 <GBSeq_organism>Candida cerambycidarum</GBSeq_organism>
 <GBSeq_organism>Candida temnochilae</GBSeq_organism>
 <GBSeq_organism>Candida diospyri</GBSeq_organism>
 <GBSeq_organism>Yamadazyma mexicana</GBSeq_organism>
 <GBSeq_organism>Candida tumulicola</GBSeq_organism>
 <GBSeq_organism>Candida aaseri</GBSeq_organism>
 <GBSeq_organism>Candida gorgasii</GBSeq_organism>
 <GBSeq_organism>Candida lessepsii</GBSeq_organism>
 <GBSeq_organism>Candida olivae</GBSeq_organism>
