 <GBSeq_organism>Psychrobacter faecalis</GBSeq_organism>
 <GBSeq_organism>Psychrobacter urativorans</GBSeq_organism>
 <GBSeq_organism>Psychrobacter glacincola</GBSeq_organism>
 <GBSeq_organism>Psychrobacter frigidicola</GBSeq_organism>
 <GBSeq_organism>Escherichia coli K12</GBSeq_organism>
 <GBSeq_organism>Psychrobacter proteolyticus</GBSeq_organism>
 <GBSeq_organism>Psychrobacter fozii</GBSeq_organism>
 <GBSeq_organism>Psychrobacter faecalis</GBSeq_organism>
 <GBSeq_organism>Psychrobacter immobilis</GBSeq_organism>
 <GBSeq_organism>Psychrobacter marincola</GBSeq_organism>
 <GBSeq_organism>Psychrobacter arcticus</GBSeq_organism>
 <GBSeq_organism>Pseudomonas putida KT2440</GBSeq_organism>
 <GBSeq_organism>Psychrobacter frigidicola</GBSeq_organism>
 <GBSeq_organism>Psychrobacter urativorans</GBSeq_organism>
 <GBSeq_organism>Psychrobacter cryohalolentis K5</GBSeq_organism>
 <GBSeq_organism>Psychrobacter immobilis</GBSeq_organism>
 <GBSeq_organism>Psychrobacter okhotskensis</GBSeq_organism>
 <GBSeq_organism>Psychrobacter pacificensis</GBSeq_organism>
 <GBSeq_organism>Psychrobacter arcticus 273-4</GBSeq_organism>
 <GBSeq_organism>Psychrobacter proteolyticus</GBSeq_organism>
 <GBSeq_organism>Psychrobacter luti</GBSeq_organism>
 <GBSeq_organism>Psychrobacter jeotgali</GBSeq_organism>
 <GBSeq_organism>Psychrobacter submarinus</GBSeq_organism>
 <GBSeq_organism>Psychrobacter jeotgali</GBSeq_organism>
 <GBSeq_organism>Psychrobacter luti</GBSeq_organism>
 <GBSeq_organism>Psychrobacter submarinus</GBSeq_organism>
 <GBSeq_organism>Psychrobacter cryohalolentis K5</GBSeq_organism>
 <GBSeq_organism>Psychrobacter fozii</GBSeq_organism>
 <GBSeq_organism>Psychrobacter glacincola</GBSeq_organism>
 <GBSeq_organism>Psychrobacter marincola</GBSeq_organism>
 <GBSeq_organism>Psychrobacter arcticus</GBSeq_organism>
