 <GBSeq_organism>Amycolatopsis vancoresmycina</GBSeq_organism>
 <GBSeq_organism>Actinokineospora fastidiosa</GBSeq_organism>
 <GBSeq_organism>Amycolatopsis plumensis</GBSeq_organism>
 <GBSeq_organism>Amycolatopsis ultiminotia</GBSeq_organism>
 <GBSeq_organism>Amycolatopsis coloradensis</GBSeq_organism>
 <GBSeq_organism>Amycolatopsis orientalis</GBSeq_organism>
 <GBSeq_organism>Amycolatopsis keratiniphila</GBSeq_organism>
 <GBSeq_organism>Amycolatopsis lurida</GBSeq_organism>
 <GBSeq_organism>Amycolatopsis sp.</GBSeq_organism>
 <GBSeq_organism>Amycolatopsis pretoriensis</GBSeq_organism>
 <GBSeq_organism>Amycolatopsis sulphurea</GBSeq_organism>
 <GBSeq_organism>Amycolatopsis methanolica 239</GBSeq_organism>
 <GBSeq_organism>Amycolatopsis decaplanina DSM 44594</GBSeq_organism>
 <GBSeq_organism>Prauserella rugosa</GBSeq_organism>
 <GBSeq_organism>Amycolatopsis japonica</GBSeq_organism>
 <GBSeq_organism>Amycolatopsis sacchari</GBSeq_organism>
 <GBSeq_organism>Amycolatopsis keratiniphila subsp. nogabecina</GBSeq_organism>
 <GBSeq_organism>Amycolatopsis balhimycina</GBSeq_organism>
 <GBSeq_organism>Amycolatopsis azurea</GBSeq_organism>
 <GBSeq_organism>Amycolatopsis kentuckyensis</GBSeq_organism>
 <GBSeq_organism>Vitis labrusca</GBSeq_organism>
 <GBSeq_organism>Amycolatopsis lexingtonensis</GBSeq_organism>
 <GBSeq_organism>Amycolatopsis australiensis</GBSeq_organism>
 <GBSeq_organism>Amycolatopsis thermoflava N1165</GBSeq_organism>
 <GBSeq_organism>Amycolatopsis rifamycinica</GBSeq_organism>
 <GBSeq_organism>Gadus morhua</GBSeq_organism>
 <GBSeq_organism>Amycolatopsis alba DSM 44262</GBSeq_organism>
 <GBSeq_organism>Amycolatopsis palatopharyngis</GBSeq_organism>
 <GBSeq_organism>Amycolatopsis regifaucium</GBSeq_organism>
 <GBSeq_organism>Amycolatopsis marina</GBSeq_organism>
 <GBSeq_organism>Amycolatopsis tolypomycina</GBSeq_organism>
 <GBSeq_organism>Amycolatopsis rubida</GBSeq_organism>
