 <GBSeq_organism>Lactobacillus oeni</GBSeq_organism>
 <GBSeq_organism>Lactobacillus pobuzihii</GBSeq_organism>
 <GBSeq_organism>Lactobacillus pobuzihii</GBSeq_organism>
 <GBSeq_organism>Lactobacillus murinus</GBSeq_organism>
 <GBSeq_organism>Lactobacillus pobuzihii</GBSeq_organism>
 <GBSeq_organism>Lactobacillus plantarum</GBSeq_organism>
 <GBSeq_organism>Lactobacillus hordei</GBSeq_organism>
 <GBSeq_organism>Lactobacillus mali KCTC 3596 = DSM 20444</GBSeq_organism>
 <GBSeq_organism>Lactobacillus pobuzihii</GBSeq_organism>
 <GBSeq_organism>Lactobacillus uvarum</GBSeq_organism>
 <GBSeq_organism>Lactobacillus pobuzihii</GBSeq_organism>
 <GBSeq_organism>Lactobacillus saerimneri</GBSeq_organism>
 <GBSeq_organism>Lactobacillus satsumensis</GBSeq_organism>
 <GBSeq_organism>Lactobacillus pobuzihii</GBSeq_organism>
 <GBSeq_organism>Lactobacillus hayakitensis</GBSeq_organism>
 <GBSeq_organism>Lactobacillus ceti DSM 22408</GBSeq_organism>
 <GBSeq_organism>Lactobacillus cacaonum</GBSeq_organism>
 <GBSeq_organism>Lactobacillus agilis</GBSeq_organism>
 <GBSeq_organism>Lactobacillus vini DSM 20605</GBSeq_organism>
 <GBSeq_organism>Lactobacillus acidipiscis</GBSeq_organism>
 <GBSeq_organism>Lactobacillus pobuzihii E100301 = KCTC 13174</GBSeq_organism>
 <GBSeq_organism>Lactobacillus acidipiscis</GBSeq_organism>
 <GBSeq_organism>Lactobacillus apodemi</GBSeq_organism>
