 <GBSeq_organism>Microbulbifer hydrolyticus</GBSeq_organism>
 <GBSeq_organism>Thiorhodococcus minor</GBSeq_organism>
 <GBSeq_organism>Pseudospirillum japonicum</GBSeq_organism>
 <GBSeq_organism>Xanthomonas campestris</GBSeq_organism>
 <GBSeq_organism>Oceanobacter kriegii</GBSeq_organism>
 <GBSeq_organism>Nitrococcus mobilis</GBSeq_organism>
 <GBSeq_organism>Xylella fastidiosa</GBSeq_organism>
 <GBSeq_organism>Comamonas terrigena</GBSeq_organism>
 <GBSeq_organism>Pseudomonas putida</GBSeq_organism>
 <GBSeq_organism>Alcanivorax jadensis T9</GBSeq_organism>
 <GBSeq_organism>Marinospirillum minutulum</GBSeq_organism>
 <GBSeq_organism>Kangiella koreensis DSM 16069</GBSeq_organism>
 <GBSeq_organism>Marinomonas mediterranea MMB-1</GBSeq_organism>
 <GBSeq_organism>Oceanospirillum linum</GBSeq_organism>
 <GBSeq_organism>Marinomonas vaga</GBSeq_organism>
 <GBSeq_organism>Psychrobacter immobilis</GBSeq_organism>
 <GBSeq_organism>Kangiella aquimarina</GBSeq_organism>
 <GBSeq_organism>Marinobacter hydrocarbonoclasticus ATCC 49840</GBSeq_organism>
 <GBSeq_organism>Suttonella indologenes</GBSeq_organism>
 <GBSeq_organism>Cardiobacterium hominis</GBSeq_organism>
 <GBSeq_organism>Halomonas desiderata</GBSeq_organism>
 <GBSeq_organism>Marinobacterium georgiense</GBSeq_organism>
 <GBSeq_organism>Methylomicrobium agile</GBSeq_organism>
 <GBSeq_organism>Marinobacter hydrocarbonoclasticus VT8</GBSeq_organism>
 <GBSeq_organism>Alteromonas macleodii</GBSeq_organism>
 <GBSeq_organism>Shewanella putrefaciens</GBSeq_organism>
 <GBSeq_organism>Pseudomonas aeruginosa</GBSeq_organism>
 <GBSeq_organism>Halomonas elongata</GBSeq_organism>
 <GBSeq_organism>Pseudomonas fluorescens</GBSeq_organism>
 <GBSeq_organism>Methylococcus capsulatus str. Texas = ATCC 19069</GBSeq_organism>
 <GBSeq_organism>Stenotrophomonas maltophilia</GBSeq_organism>
 <GBSeq_organism>Alcanivorax borkumensis SK2</GBSeq_organism>
