 <GBSeq_organism>Paenibacillus glucanolyticus</GBSeq_organism>
 <GBSeq_organism>Paenibacillus macquariensis subsp. macquariensis</GBSeq_organism>
 <GBSeq_organism>Paenibacillus antarcticus</GBSeq_organism>
 <GBSeq_organism>Paenibacillus antarcticus</GBSeq_organism>
 <GBSeq_organism>Paenibacillus campinasensis</GBSeq_organism>
 <GBSeq_organism>Paenibacillus validus</GBSeq_organism>
 <GBSeq_organism>Paenibacillus amylolyticus</GBSeq_organism>
 <GBSeq_organism>Paenibacillus macquariensis subsp. defensor</GBSeq_organism>
 <GBSeq_organism>Paenibacillus amylolyticus</GBSeq_organism>
 <GBSeq_organism>Paenibacillus macquariensis subsp. defensor</GBSeq_organism>
 <GBSeq_organism>Paenibacillus validus</GBSeq_organism>
 <GBSeq_organism>Paenibacillus validus</GBSeq_organism>
 <GBSeq_organism>Paenibacillus illinoisensis</GBSeq_organism>
 <GBSeq_organism>Paenibacillus macquariensis subsp. defensor</GBSeq_organism>
 <GBSeq_organism>Paenibacillus macquariensis subsp. defensor</GBSeq_organism>
 <GBSeq_organism>Paenibacillus daejeonensis</GBSeq_organism>
 <GBSeq_organism>Paenibacillus durus</GBSeq_organism>
 <GBSeq_organism>Paenibacillus macquariensis subsp. macquariensis</GBSeq_organism>
 <GBSeq_organism>Paenibacillus naphthalenovorans</GBSeq_organism>
 <GBSeq_organism>Paenibacillus pabuli</GBSeq_organism>
 <GBSeq_organism>Paenibacillus lactis</GBSeq_organism>
 <GBSeq_organism>Paenibacillus alvei DSM 29</GBSeq_organism>
 <GBSeq_organism>Paenibacillus xylanilyticus</GBSeq_organism>
 <GBSeq_organism>Paenibacillus macquariensis subsp. defensor</GBSeq_organism>
 <GBSeq_organism>Paenibacillus antarcticus</GBSeq_organism>
 <GBSeq_organism>Paenibacillus pabuli</GBSeq_organism>
 <GBSeq_organism>Paenibacillus larvae</GBSeq_organism>
 <GBSeq_organism>Paenibacillus lautus</GBSeq_organism>
 <GBSeq_organism>Paenibacillus macquariensis subsp. defensor</GBSeq_organism>
 <GBSeq_organism>Paenibacillus ehimensis</GBSeq_organism>
 <GBSeq_organism>Paenibacillus polymyxa</GBSeq_organism>
 <GBSeq_organism>Paenibacillus massiliensis</GBSeq_organism>
 <GBSeq_organism>Paenibacillus barcinonensis</GBSeq_organism>
 <GBSeq_organism>Paenibacillus pabuli</GBSeq_organism>
 <GBSeq_organism>Paenibacillus macerans</GBSeq_organism>
 <GBSeq_organism>Paenibacillus taichungensis</GBSeq_organism>
 <GBSeq_organism>Paenibacillus macquariensis subsp. macquariensis</GBSeq_organism>
 <GBSeq_organism>Paenibacillus macerans</GBSeq_organism>
 <GBSeq_organism>Paenibacillus polymyxa</GBSeq_organism>
 <GBSeq_organism>Paenibacillus curdlanolyticus YK9</GBSeq_organism>
 <GBSeq_organism>Paenibacillus apiarius</GBSeq_organism>
