 <GBSeq_organism>Ogataea glucozyma</GBSeq_organism>
 <GBSeq_organism>Pichia kodamae</GBSeq_organism>
 <GBSeq_organism>Ogataea falcaomoraisii</GBSeq_organism>
 <GBSeq_organism>Ogataea zsoltii</GBSeq_organism>
 <GBSeq_organism>Ogataea wickerhamii</GBSeq_organism>
 <GBSeq_organism>Candida ovalis</GBSeq_organism>
 <GBSeq_organism>Candida sonorensis</GBSeq_organism>
 <GBSeq_organism>Ogataea salicorniae</GBSeq_organism>
 <GBSeq_organism>Ogataea methanolica</GBSeq_organism>
 <GBSeq_organism>Ogataea siamensis</GBSeq_organism>
 <GBSeq_organism>Pichia dorogensis</GBSeq_organism>
 <GBSeq_organism>Ogataea angusta</GBSeq_organism>
 <GBSeq_organism>Pichia trehaloabstinens</GBSeq_organism>
 <GBSeq_organism>Ogataea minuta var. nonfermentans</GBSeq_organism>
 <GBSeq_organism>Ogataea minuta var. minuta</GBSeq_organism>
 <GBSeq_organism>Ogataea henricii</GBSeq_organism>
 <GBSeq_organism>Ogataea philodendri</GBSeq_organism>
 <GBSeq_organism>Candida krabiensis</GBSeq_organism>
 <GBSeq_organism>Candida ortonii</GBSeq_organism>
 <GBSeq_organism>Candida sp. SKB2</GBSeq_organism>
 <GBSeq_organism>Candida maris</GBSeq_organism>
 <GBSeq_organism>Ogataea pini</GBSeq_organism>
 <GBSeq_organism>Saccharomyces cerevisiae</GBSeq_organism>
