 <GBSeq_organism>Fusibacter paucivorans</GBSeq_organism>
 <GBSeq_organism>Anaerovorax odorimutans</GBSeq_organism>
 <GBSeq_organism>Peptoniphilus methioninivorax</GBSeq_organism>
 <GBSeq_organism>Anaerococcus prevotii DSM 20548</GBSeq_organism>
 <GBSeq_organism>Helcococcus kunzii</GBSeq_organism>
 <GBSeq_organism>Tepidimicrobium ferriphilum</GBSeq_organism>
 <GBSeq_organism>Peptoniphilus ivorii</GBSeq_organism>
 <GBSeq_organism>Anaerococcus hydrogenalis DSM 7454</GBSeq_organism>
 <GBSeq_organism>Anaerococcus prevotii</GBSeq_organism>
 <GBSeq_organism>uncultured bacterium</GBSeq_organism>
 <GBSeq_organism>Filifactor villosus</GBSeq_organism>
 <GBSeq_organism>Anaerococcus prevotii</GBSeq_organism>
 <GBSeq_organism>Sedimentibacter saalensis</GBSeq_organism>
 <GBSeq_organism>Peptoniphilus asaccharolyticus</GBSeq_organism>
 <GBSeq_organism>Anaerococcus tetradius</GBSeq_organism>
 <GBSeq_organism>Parvimonas micra ATCC 33270</GBSeq_organism>
 <GBSeq_organism>Finegoldia magna</GBSeq_organism>
 <GBSeq_organism>Peptoniphilus harei</GBSeq_organism>
 <GBSeq_organism>Tissierella praeacuta</GBSeq_organism>
 <GBSeq_organism>Helcococcus sueciensis</GBSeq_organism>
 <GBSeq_organism>Peptoniphilus indolicus ATCC 29427</GBSeq_organism>
 <GBSeq_organism>Peptoniphilus asaccharolyticus</GBSeq_organism>
 <GBSeq_organism>Peptostreptococcus stomatis</GBSeq_organism>
 <GBSeq_organism>Anaerococcus vaginalis ATCC 51170</GBSeq_organism>
 <GBSeq_organism>Anaerococcus lactolyticus</GBSeq_organism>
 <GBSeq_organism>Clostridium caminithermale</GBSeq_organism>
 <GBSeq_organism>Peptostreptococcus genosp. 4</GBSeq_organism>
 <GBSeq_organism>Peptoniphilus lacrimalis</GBSeq_organism>
 <GBSeq_organism>Soehngenia saccharolytica</GBSeq_organism>
