 <GBSeq_organism>Neosartorya fennelliae</GBSeq_organism>
 <GBSeq_organism>Paramisgurnus dabryanus</GBSeq_organism>
 <GBSeq_organism>Aspergillus fumigatus</GBSeq_organism>
 <GBSeq_organism>Aspergillus fumigatus</GBSeq_organism>
 <GBSeq_organism>Selenomonas ruminantium</GBSeq_organism>
 <GBSeq_organism>Felis catus</GBSeq_organism>
 <GBSeq_organism>Arabidopsis thaliana</GBSeq_organism>
 <GBSeq_organism>Neosartorya fischeri</GBSeq_organism>
 <GBSeq_organism>Aspergillus fumigatus</GBSeq_organism>
 <GBSeq_organism>Paramisgurnus dabryanus</GBSeq_organism>
 <GBSeq_organism>Northern Aplomado falcon adenovirus</GBSeq_organism>
 <GBSeq_organism>Selenomonas ruminantium</GBSeq_organism>
 <GBSeq_organism>Aspergillus fumigatus</GBSeq_organism>
 <GBSeq_organism>Aspergillus fumigatus</GBSeq_organism>
 <GBSeq_organism>Aspergillus fumigatus</GBSeq_organism>
 <GBSeq_organism>Aspergillus fumigatus</GBSeq_organism>
 <GBSeq_organism>Paramisgurnus dabryanus</GBSeq_organism>
 <GBSeq_organism>Aspergillus fumigatus</GBSeq_organism>
 <GBSeq_organism>Aspergillus sp. KACC 41391</GBSeq_organism>
 <GBSeq_organism>Aspergillus fumigatus</GBSeq_organism>
 <GBSeq_organism>Arabidopsis thaliana</GBSeq_organism>
 <GBSeq_organism>Aspergillus fumigatus</GBSeq_organism>
 <GBSeq_organism>Mangifera indica</GBSeq_organism>
 <GBSeq_organism>Selenomonas ruminantium</GBSeq_organism>
 <GBSeq_organism>Selenomonas ruminantium</GBSeq_organism>
 <GBSeq_organism>synthetic construct</GBSeq_organism>
 <GBSeq_organism>Paramisgurnus dabryanus</GBSeq_organism>
 <GBSeq_organism>Aspergillus fumigatus</GBSeq_organism>
 <GBSeq_organism>Aspergillus fumigatus</GBSeq_organism>
 <GBSeq_organism>Aspergillus fumigatus</GBSeq_organism>
 <GBSeq_organism>Aspergillus fumigatus</GBSeq_organism>
 <GBSeq_organism>Paramisgurnus dabryanus</GBSeq_organism>
 <GBSeq_organism>Aspergillus fumigatus</GBSeq_organism>
 <GBSeq_organism>Paramisgurnus dabryanus</GBSeq_organism>
 <GBSeq_organism>Neosartorya spinosa</GBSeq_organism>
 <GBSeq_organism>Aspergillus fumigatus</GBSeq_organism>
 <GBSeq_organism>Paramisgurnus dabryanus</GBSeq_organism>
 <GBSeq_organism>Aspergillus fumigatus</GBSeq_organism>
 <GBSeq_organism>Aspergillus fumigatus</GBSeq_organism>
 <GBSeq_organism>Selenomonas ruminantium</GBSeq_organism>
 <GBSeq_organism>Paramisgurnus dabryanus</GBSeq_organism>
 <GBSeq_organism>Neosartorya hiratsukae</GBSeq_organism>
 <GBSeq_organism>Aspergillus fumigatus</GBSeq_organism>
