 <GBSeq_organism>Candida ghanaensis</GBSeq_organism>
 <GBSeq_organism>Sugiyamaella novakii</GBSeq_organism>
 <GBSeq_organism>Sugiyamaella americana</GBSeq_organism>
 <GBSeq_organism>Candida blankii</GBSeq_organism>
 <GBSeq_organism>Sugiyamaella neomexicana</GBSeq_organism>
 <GBSeq_organism>Sporopachydermia quercuum</GBSeq_organism>
 <GBSeq_organism>Trichomonascus farinosus</GBSeq_organism>
 <GBSeq_organism>Sugiyamaella marionensis</GBSeq_organism>
 <GBSeq_organism>Sugiyamaella smithiae</GBSeq_organism>
 <GBSeq_organism>Zygoascus ofunaensis</GBSeq_organism>
 <GBSeq_organism>Trichomonascus apis</GBSeq_organism>
 <GBSeq_organism>Blastobotrys capitulata</GBSeq_organism>
 <GBSeq_organism>Blastobotrys illinoisensis</GBSeq_organism>
 <GBSeq_organism>Wickerhamiella domercqiae</GBSeq_organism>
 <GBSeq_organism>Candida azyma</GBSeq_organism>
 <GBSeq_organism>Candida sp. NRRL Y-17858</GBSeq_organism>
 <GBSeq_organism>Zygoascus meyerae</GBSeq_organism>
 <GBSeq_organism>Trigonopsis variabilis</GBSeq_organism>
 <GBSeq_organism>Candida sp. GA1S04</GBSeq_organism>
 <GBSeq_organism>Tortispora caseinolytica</GBSeq_organism>
 <GBSeq_organism>Blastobotrys adeninivorans</GBSeq_organism>
 <GBSeq_organism>Candida sorbophila</GBSeq_organism>
 <GBSeq_organism>Wickerhamiella occidentalis</GBSeq_organism>
 <GBSeq_organism>Blastobotrys attinorum</GBSeq_organism>
 <GBSeq_organism>Candida sp. NCAIM Y.01936</GBSeq_organism>
 <GBSeq_organism>Trigonopsis cantarellii</GBSeq_organism>
 <GBSeq_organism>Candida versatilis</GBSeq_organism>
 <GBSeq_organism>Blastobotrys terrestris</GBSeq_organism>
 <GBSeq_organism>Sus scrofa</GBSeq_organism>
 <GBSeq_organism>Candida sp. GY44S02</GBSeq_organism>
 <GBSeq_organism>Blastobotrys sp. NRRL Y-6844</GBSeq_organism>
 <GBSeq_organism>Candida spandovensis</GBSeq_organism>
 <GBSeq_organism>Candida auringiensis</GBSeq_organism>
 <GBSeq_organism>Wickerhamiella lipophila</GBSeq_organism>
 <GBSeq_organism>Zygoascus tannicolus</GBSeq_organism>
 <GBSeq_organism>Candida sp. NCAIM Y.01957</GBSeq_organism>
 <GBSeq_organism>Danielozyma ontarioensis</GBSeq_organism>
 <GBSeq_organism>Blastobotrys chiropterorum</GBSeq_organism>
 <GBSeq_organism>Trigonopsis vinaria</GBSeq_organism>
 <GBSeq_organism>Schizosaccharomyces pombe</GBSeq_organism>
 <GBSeq_organism>Blastobotrys raffinosifermentans</GBSeq_organism>
 <GBSeq_organism>Sugiyamaella marilandica</GBSeq_organism>
 <GBSeq_organism>Zygoascus hellenicus</GBSeq_organism>
 <GBSeq_organism>Blastobotrys sp. NRRL YB-2290</GBSeq_organism>
 <GBSeq_organism>Kodamaea ohmeri</GBSeq_organism>
 <GBSeq_organism>Blastobotrys parvus</GBSeq_organism>
 <GBSeq_organism>Blastobotrys indianaensis</GBSeq_organism>
 <GBSeq_organism>Blastobotrys nivea</GBSeq_organism>
 <GBSeq_organism>Candida pararugosa</GBSeq_organism>
 <GBSeq_organism>Candida sp. NRRL Y-27161</GBSeq_organism>
 <GBSeq_organism>Blastobotrys malaysiensis</GBSeq_organism>
 <GBSeq_organism>Middelhovenomyces petrohuensis</GBSeq_organism>
 <GBSeq_organism>Sugiyamaella lignohabitans</GBSeq_organism>
 <GBSeq_organism>Blastobotrys aristata</GBSeq_organism>
 <GBSeq_organism>Blastobotrys elegans</GBSeq_organism>
 <GBSeq_organism>Sporopachydermia cereana</GBSeq_organism>
 <GBSeq_organism>Trichomonascus ciferrii</GBSeq_organism>
 <GBSeq_organism>Blastobotrys proliferans</GBSeq_organism>
 <GBSeq_organism>Blastobotrys arbuscula</GBSeq_organism>
 <GBSeq_organism>Sugiyamaella paludigena</GBSeq_organism>
 <GBSeq_organism>Candida sp. YS W113A</GBSeq_organism>
 <GBSeq_organism>Dipodascus albidus</GBSeq_organism>
 <GBSeq_organism>Candida drosophilae</GBSeq_organism>
 <GBSeq_organism>Trichomonascus petasosporus</GBSeq_organism>
 <GBSeq_organism>Sugiyamaella pinicola</GBSeq_organism>
 <GBSeq_organism>Wickerhamiella australiensis</GBSeq_organism>
 <GBSeq_organism>Trigonopsis sp. NRRL Y-27307</GBSeq_organism>
 <GBSeq_organism>Wickerhamiella cacticola</GBSeq_organism>
 <GBSeq_organism>Candida vanderwaltii</GBSeq_organism>
 <GBSeq_organism>Sugiyamaella valdiviana</GBSeq_organism>
 <GBSeq_organism>Botryozyma nematodophila</GBSeq_organism>
 <GBSeq_organism>Candida sp. NRRL YB-2788</GBSeq_organism>
 <GBSeq_organism>Candida galacta</GBSeq_organism>
 <GBSeq_organism>Sugiyamaella grinbergsii</GBSeq_organism>
 <GBSeq_organism>Hyphopichia burtonii</GBSeq_organism>
 <GBSeq_organism>Candida sp. FGSFEP</GBSeq_organism>
