 <GBSeq_organism>Candidatus Phytoplasma cynodontis</GBSeq_organism>
 <GBSeq_organism>Texas potato purple top phytoplasma PPT3-TX</GBSeq_organism>
 <GBSeq_organism>Coconut lethal yellowing phytoplasma</GBSeq_organism>
 <GBSeq_organism>Candidatus Phytoplasma americanum</GBSeq_organism>
 <GBSeq_organism>Candidatus Phytoplasma fraxini</GBSeq_organism>
 <GBSeq_organism>Candidatus Phytoplasma caricae</GBSeq_organism>
 <GBSeq_organism>Candidatus Phytoplasma australiense</GBSeq_organism>
 <GBSeq_organism>unidentified mollicute</GBSeq_organism>
 <GBSeq_organism>unidentified mollicute</GBSeq_organism>
 <GBSeq_organism>Phytoplasma sp.</GBSeq_organism>
 <GBSeq_organism>Clover yellow edge phytoplasma</GBSeq_organism>
 <GBSeq_organism>Oenothera phytoplasma 86-7</GBSeq_organism>
 <GBSeq_organism>Candidatus Phytoplasma pini</GBSeq_organism>
 <GBSeq_organism>Aster yellows phytoplasma</GBSeq_organism>
 <GBSeq_organism>Texas potato purple top phytoplasma PPT4-TX</GBSeq_organism>
 <GBSeq_organism>Nebraska potato purple top phytoplasma PPT14-NE2</GBSeq_organism>
 <GBSeq_organism>&apos;Picris echioides&apos; phyllody phytoplasma</GBSeq_organism>
 <GBSeq_organism>Acholeplasma palmae J233</GBSeq_organism>
 <GBSeq_organism>Candidatus Phytoplasma solani</GBSeq_organism>
 <GBSeq_organism>Candidatus Phytoplasma allocasuarinae</GBSeq_organism>
 <GBSeq_organism>Candidatus Phytoplasma americanum</GBSeq_organism>
 <GBSeq_organism>Candidatus Phytoplasma phoenicium</GBSeq_organism>
 <GBSeq_organism>Potato purple top phytoplasma PPT17</GBSeq_organism>
 <GBSeq_organism>Candidatus Phytoplasma fraxini</GBSeq_organism>
 <GBSeq_organism>Candidatus Phytoplasma americanum</GBSeq_organism>
 <GBSeq_organism>Candidatus Phytoplasma americanum</GBSeq_organism>
 <GBSeq_organism>Western X phytoplasma</GBSeq_organism>
 <GBSeq_organism>Candidatus Phytoplasma aurantifolia</GBSeq_organism>
 <GBSeq_organism>unidentified mollicute</GBSeq_organism>
 <GBSeq_organism>Candidatus Phytoplasma americanum</GBSeq_organism>
 <GBSeq_organism>Candidatus Phytoplasma vitis</GBSeq_organism>
 <GBSeq_organism>Phytoplasma sp.</GBSeq_organism>
 <GBSeq_organism>Candidatus Phytoplasma trifolii</GBSeq_organism>
 <GBSeq_organism>Bindweed yellows phytoplasma</GBSeq_organism>
 <GBSeq_organism>Candidatus Phytoplasma prunorum</GBSeq_organism>
 <GBSeq_organism>Clover phyllody phytoplasma</GBSeq_organism>
 <GBSeq_organism>Phytoplasma sp.</GBSeq_organism>
 <GBSeq_organism>Candidatus Phytoplasma graminis</GBSeq_organism>
 <GBSeq_organism>Candidatus Phytoplasma oryzae</GBSeq_organism>
 <GBSeq_organism>Candidatus Phytoplasma brasiliense</GBSeq_organism>
 <GBSeq_organism>Candidatus Phytoplasma mali</GBSeq_organism>
 <GBSeq_organism>Peanut witches&apos;-broom phytoplasma</GBSeq_organism>
 <GBSeq_organism>Candidatus Phytoplasma pyri</GBSeq_organism>
 <GBSeq_organism>Candidatus Phytoplasma americanum</GBSeq_organism>
 <GBSeq_organism>Candidatus Phytoplasma ulmi</GBSeq_organism>
