 <GBSeq_organism>Microbacterium hydrocarbonoxydans</GBSeq_organism>
 <GBSeq_organism>Microbacterium testaceum</GBSeq_organism>
 <GBSeq_organism>Microbacterium profundi</GBSeq_organism>
 <GBSeq_organism>Microbacterium resistens</GBSeq_organism>
 <GBSeq_organism>Microbacterium aerolatum</GBSeq_organism>
 <GBSeq_organism>Brevibacterium linens</GBSeq_organism>
 <GBSeq_organism>Microbacterium liquefaciens</GBSeq_organism>
 <GBSeq_organism>Microbacterium oleivorans</GBSeq_organism>
 <GBSeq_organism>Microbacterium phyllosphaerae</GBSeq_organism>
 <GBSeq_organism>Microbacterium terrae</GBSeq_organism>
 <GBSeq_organism>Microbacterium paraoxydans</GBSeq_organism>
 <GBSeq_organism>Microbacterium maritypicum</GBSeq_organism>
 <GBSeq_organism>Microbacterium foliorum</GBSeq_organism>
 <GBSeq_organism>Microbacterium natoriense</GBSeq_organism>
 <GBSeq_organism>Microbacterium oxydans</GBSeq_organism>
 <GBSeq_organism>Microbacterium keratanolyticum</GBSeq_organism>
 <GBSeq_organism>Microbacterium laevaniformans</GBSeq_organism>
 <GBSeq_organism>Microbacterium esteraromaticum</GBSeq_organism>
 <GBSeq_organism>Microbacterium aurum</GBSeq_organism>
 <GBSeq_organism>Microbacterium dextranolyticum</GBSeq_organism>
