 <GBSeq_organism>Leptotrichia trevisanii</GBSeq_organism>
 <GBSeq_organism>Leptotrichia wadei</GBSeq_organism>
 <GBSeq_organism>Leptotrichia buccalis</GBSeq_organism>
 <GBSeq_organism>Leptotrichia hofstadii</GBSeq_organism>
 <GBSeq_organism>Leptotrichia-like sp. oral clone BB002</GBSeq_organism>
 <GBSeq_organism>Fusobacterium nucleatum subsp. nucleatum ATCC 25586</GBSeq_organism>
 <GBSeq_organism>uncultured Leptotrichia sp.</GBSeq_organism>
 <GBSeq_organism>Fusobacterium perfoetens</GBSeq_organism>
 <GBSeq_organism>Leptotrichia sp. oral clone EI013</GBSeq_organism>
 <GBSeq_organism>Leptotrichia sp. oral clone EI022</GBSeq_organism>
 <GBSeq_organism>uncultured Leptotrichia sp.</GBSeq_organism>
 <GBSeq_organism>uncultured Leptotrichia sp.</GBSeq_organism>
 <GBSeq_organism>Leptotrichia trevisanii</GBSeq_organism>
 <GBSeq_organism>Sneathia sanguinegens</GBSeq_organism>
 <GBSeq_organism>Leptotrichia trevisanii</GBSeq_organism>
 <GBSeq_organism>Leptotrichia sp. oral isolate A39FD</GBSeq_organism>
 <GBSeq_organism>Leptotrichia sp. oral clone DA069</GBSeq_organism>
 <GBSeq_organism>Leptotrichia sp. oral clone F138</GBSeq_organism>
 <GBSeq_organism>Sebaldella termitidis ATCC 33386</GBSeq_organism>
 <GBSeq_organism>[Leptotrichia] amnionii</GBSeq_organism>
 <GBSeq_organism>Leptotrichia goodfellowii DSM 19756</GBSeq_organism>
 <GBSeq_organism>Leptotrichia shahii</GBSeq_organism>
 <GBSeq_organism>Leptotrichia sp. oral clone DR011</GBSeq_organism>
 <GBSeq_organism>Leptotrichia sp. oral strain FAC5</GBSeq_organism>
