 <GBSeq_organism>Candidatus Phytoplasma cynodontis</GBSeq_organism>
 <GBSeq_organism>Candidatus Phytoplasma fraxini</GBSeq_organism>
 <GBSeq_organism>Triticum aestivum</GBSeq_organism>
 <GBSeq_organism>Candidatus Phytoplasma caricae</GBSeq_organism>
 <GBSeq_organism>unidentified mollicute</GBSeq_organism>
 <GBSeq_organism>Candidatus Phytoplasma australiense</GBSeq_organism>
 <GBSeq_organism>unidentified mollicute</GBSeq_organism>
 <GBSeq_organism>Phytoplasma sp.</GBSeq_organism>
 <GBSeq_organism>Oenothera phytoplasma 86-7</GBSeq_organism>
 <GBSeq_organism>Aster yellows phytoplasma</GBSeq_organism>
 <GBSeq_organism>Bolivia alfalfa phytoplasma</GBSeq_organism>
 <GBSeq_organism>Acholeplasma palmae J233</GBSeq_organism>
 <GBSeq_organism>Coconut lethal yellowing phytoplasma</GBSeq_organism>
 <GBSeq_organism>Serjania little leaf phytoplasma</GBSeq_organism>
 <GBSeq_organism>Loofah witches&apos;-broom phytoplasma</GBSeq_organism>
 <GBSeq_organism>Candidatus Phytoplasma solani</GBSeq_organism>
 <GBSeq_organism>Candidatus Phytoplasma allocasuarinae</GBSeq_organism>
 <GBSeq_organism>Candidatus Phytoplasma phoenicium</GBSeq_organism>
 <GBSeq_organism>Candidatus Phytoplasma vitis</GBSeq_organism>
 <GBSeq_organism>Candidatus Phytoplasma ziziphi</GBSeq_organism>
 <GBSeq_organism>Western X phytoplasma</GBSeq_organism>
 <GBSeq_organism>unidentified mollicute</GBSeq_organism>
 <GBSeq_organism>Candidatus Phytoplasma americanum</GBSeq_organism>
 <GBSeq_organism>Candidatus Phytoplasma lycopersici</GBSeq_organism>
 <GBSeq_organism>Candidatus Phytoplasma lycopersici</GBSeq_organism>
 <GBSeq_organism>Fusarium culmorum</GBSeq_organism>
 <GBSeq_organism>Phytoplasma sp.</GBSeq_organism>
 <GBSeq_organism>Candidatus Phytoplasma trifolii</GBSeq_organism>
 <GBSeq_organism>unidentified mollicute</GBSeq_organism>
 <GBSeq_organism>Candidatus Phytoplasma prunorum</GBSeq_organism>
 <GBSeq_organism>Barley deformation phytoplasma</GBSeq_organism>
 <GBSeq_organism>Potato Brotes big bud phytoplasma</GBSeq_organism>
 <GBSeq_organism>Phytoplasma sp.</GBSeq_organism>
 <GBSeq_organism>Candidatus Phytoplasma graminis</GBSeq_organism>
 <GBSeq_organism>Candidatus Phytoplasma oryzae</GBSeq_organism>
 <GBSeq_organism>Candidatus Phytoplasma pini</GBSeq_organism>
 <GBSeq_organism>Peanut witches&apos;-broom phytoplasma</GBSeq_organism>
 <GBSeq_organism>Phytoplasma sp.</GBSeq_organism>
 <GBSeq_organism>Candidatus Phytoplasma pyri</GBSeq_organism>
 <GBSeq_organism>Candidatus Phytoplasma ulmi</GBSeq_organism>
