 <GBSeq_organism>Metschnikowia reukaufii</GBSeq_organism>
 <GBSeq_organism>Candida melibiosica</GBSeq_organism>
 <GBSeq_organism>Candida hawaiiana</GBSeq_organism>
 <GBSeq_organism>Metschnikowia lunata</GBSeq_organism>
 <GBSeq_organism>Metschnikowia orientalis</GBSeq_organism>
 <GBSeq_organism>Clavispora lusitaniae</GBSeq_organism>
 <GBSeq_organism>Metschnikowia bicuspidata</GBSeq_organism>
 <GBSeq_organism>Candida intermedia</GBSeq_organism>
 <GBSeq_organism>Candida fructus</GBSeq_organism>
 <GBSeq_organism>Clavispora opuntiae</GBSeq_organism>
 <GBSeq_organism>Metschnikowia gruessii</GBSeq_organism>
 <GBSeq_organism>Metschnikowia arizonensis</GBSeq_organism>
 <GBSeq_organism>Metschnikowia agaves</GBSeq_organism>
 <GBSeq_organism>Candida bromeliacearum</GBSeq_organism>
 <GBSeq_organism>Metschnikowia aberdeeniae</GBSeq_organism>
 <GBSeq_organism>Candida ubatubensis</GBSeq_organism>
 <GBSeq_organism>Candida kipukae</GBSeq_organism>
 <GBSeq_organism>Metschnikowia hawaiiensis</GBSeq_organism>
 <GBSeq_organism>Metschnikowia corniflorae</GBSeq_organism>
 <GBSeq_organism>Candida torresii</GBSeq_organism>
 <GBSeq_organism>Metschnikowia drosophilae</GBSeq_organism>
 <GBSeq_organism>Metschnikowia continentalis</GBSeq_organism>
 <GBSeq_organism>Candida tsuchiyae</GBSeq_organism>
 <GBSeq_organism>Metschnikowia dekortorum</GBSeq_organism>
 <GBSeq_organism>Candida saopaulonensis</GBSeq_organism>
 <GBSeq_organism>Metschnikowia pulcherrima</GBSeq_organism>
 <GBSeq_organism>Candida oregonensis</GBSeq_organism>
