 <GBSeq_organism>Escherichia coli DSM 30083 = JCM 1649 = ATCC 11775</GBSeq_organism>
 <GBSeq_organism>Roseospira thiosulfatophila</GBSeq_organism>
 <GBSeq_organism>Rhodospira trueperi</GBSeq_organism>
 <GBSeq_organism>Phaeospirillum molischianum</GBSeq_organism>
 <GBSeq_organism>Roseospira goensis</GBSeq_organism>
 <GBSeq_organism>Rhodospirillum centenum</GBSeq_organism>
 <GBSeq_organism>Roseospira visakhapatnamensis</GBSeq_organism>
 <GBSeq_organism>Rhodovibrio salinarum</GBSeq_organism>
 <GBSeq_organism>Roseospira navarrensis</GBSeq_organism>
 <GBSeq_organism>Rhodospirillum sulfurexigens</GBSeq_organism>
 <GBSeq_organism>Rhodovibrio sodomensis</GBSeq_organism>
 <GBSeq_organism>Magnetospirillum gryphiswaldense MSR-1</GBSeq_organism>
 <GBSeq_organism>Phaeospirillum fulvum</GBSeq_organism>
 <GBSeq_organism>Phaeospirillum oryzae</GBSeq_organism>
 <GBSeq_organism>Phaeospirillum chandramohanii</GBSeq_organism>
 <GBSeq_organism>Phaeospirillum cystidoformans</GBSeq_organism>
 <GBSeq_organism>Roseospira marina</GBSeq_organism>
 <GBSeq_organism>Rhodocista pekingensis</GBSeq_organism>
 <GBSeq_organism>Rhodospirillum photometricum DSM 122</GBSeq_organism>
 <GBSeq_organism>Roseospira mediosalina</GBSeq_organism>
 <GBSeq_organism>Rhodopila globiformis</GBSeq_organism>
