 <GBSeq_organism>Actinomyces europaeus</GBSeq_organism>
 <GBSeq_organism>Actinomyces bovis</GBSeq_organism>
 <GBSeq_organism>Actinomyces naeslundii</GBSeq_organism>
 <GBSeq_organism>Actinomyces dentalis</GBSeq_organism>
 <GBSeq_organism>Actinomyces slackii</GBSeq_organism>
 <GBSeq_organism>Actinomyces radicidentis</GBSeq_organism>
 <GBSeq_organism>Actinomyces hordeovulneris</GBSeq_organism>
 <GBSeq_organism>Arcanobacterium haemolyticum DSM 20595</GBSeq_organism>
 <GBSeq_organism>Actinomyces oricola</GBSeq_organism>
 <GBSeq_organism>Actinomyces gerencseriae</GBSeq_organism>
 <GBSeq_organism>Actinomyces bowdenii</GBSeq_organism>
 <GBSeq_organism>Actinomyces marimammalium</GBSeq_organism>
 <GBSeq_organism>Actinomyces urogenitalis</GBSeq_organism>
 <GBSeq_organism>Actinomyces graevenitzii</GBSeq_organism>
 <GBSeq_organism>Actinomyces genomosp. C1</GBSeq_organism>
 <GBSeq_organism>Actinomyces viscosus</GBSeq_organism>
 <GBSeq_organism>Actinomyces howellii</GBSeq_organism>
 <GBSeq_organism>Actinomyces coleocanis</GBSeq_organism>
 <GBSeq_organism>Actinomyces denticolens</GBSeq_organism>
 <GBSeq_organism>Actinomyces israelii</GBSeq_organism>
