 <GBSeq_organism>Neorhizobium galegae</GBSeq_organism>
 <GBSeq_organism>Neorhizobium huautlense</GBSeq_organism>
 <GBSeq_organism>Rhizobium aggregatum</GBSeq_organism>
 <GBSeq_organism>Agrobacterium tumefaciens</GBSeq_organism>
 <GBSeq_organism>Rhizobium leguminosarum bv. viciae USDA 2370</GBSeq_organism>
 <GBSeq_organism>Rhizobium cellulosilyticum</GBSeq_organism>
 <GBSeq_organism>Rhizobium daejeonense</GBSeq_organism>
 <GBSeq_organism>Agrobacterium rubi</GBSeq_organism>
 <GBSeq_organism>Rhizobium gallicum bv. gallicum</GBSeq_organism>
 <GBSeq_organism>Rhizobium mongolense USDA 1844</GBSeq_organism>
 <GBSeq_organism>Rhizobium leucaenae USDA 9039</GBSeq_organism>
 <GBSeq_organism>Rhizobium phaseoli</GBSeq_organism>
 <GBSeq_organism>Agrobacterium rhizogenes</GBSeq_organism>
 <GBSeq_organism>Malus toringoides</GBSeq_organism>
 <GBSeq_organism>Bradyrhizobium japonicum bv. glycinearum</GBSeq_organism>
 <GBSeq_organism>Rhizobium selenitireducens</GBSeq_organism>
 <GBSeq_organism>Rhizobium rosettiformans W3</GBSeq_organism>
 <GBSeq_organism>Rhizobium fabae</GBSeq_organism>
 <GBSeq_organism>Rhizobium etli</GBSeq_organism>
 <GBSeq_organism>Rhizobium yanglingense</GBSeq_organism>
 <GBSeq_organism>Rhizobium etli</GBSeq_organism>
