 <GBSeq_organism>Vibrio fortis</GBSeq_organism>
 <GBSeq_organism>Vibrio harveyi</GBSeq_organism>
 <GBSeq_organism>Vibrio aerogenes CECT 7868</GBSeq_organism>
 <GBSeq_organism>Vibrio anguillarum</GBSeq_organism>
 <GBSeq_organism>Grimontia hollisae</GBSeq_organism>
 <GBSeq_organism>Photobacterium phosphoreum</GBSeq_organism>
 <GBSeq_organism>Photobacterium damselae subsp. damselae</GBSeq_organism>
 <GBSeq_organism>Vibrio chagasii</GBSeq_organism>
 <GBSeq_organism>Vibrio splendidus</GBSeq_organism>
 <GBSeq_organism>Vibrio ezurae</GBSeq_organism>
 <GBSeq_organism>Vibrio diazotrophicus</GBSeq_organism>
 <GBSeq_organism>Vibrio metschnikovii</GBSeq_organism>
 <GBSeq_organism>Vibrio alginolyticus</GBSeq_organism>
 <GBSeq_organism>Vibrio nereis</GBSeq_organism>
 <GBSeq_organism>Vibrio mediterranei</GBSeq_organism>
 <GBSeq_organism>Vibrio cholerae</GBSeq_organism>
 <GBSeq_organism>Vibrio orientalis CIP 102891 = ATCC 33934</GBSeq_organism>
 <GBSeq_organism>Vibrio neptunius</GBSeq_organism>
 <GBSeq_organism>Vibrio xuii</GBSeq_organism>
 <GBSeq_organism>Vibrio hepatarius</GBSeq_organism>
 <GBSeq_organism>Vibrio nigripulchritudo ATCC 27043</GBSeq_organism>
 <GBSeq_organism>Vibrio furnissii</GBSeq_organism>
 <GBSeq_organism>Vibrio porteresiae DSM 19223</GBSeq_organism>
 <GBSeq_organism>Photobacterium leiognathi subsp. leiognathi</GBSeq_organism>
 <GBSeq_organism>Vibrio gazogenes</GBSeq_organism>
 <GBSeq_organism>Photobacterium profundum SS9</GBSeq_organism>
 <GBSeq_organism>Vibrio pectenicida</GBSeq_organism>
 <GBSeq_organism>Vibrio scophthalmi LMG 19158</GBSeq_organism>
 <GBSeq_organism>Vibrio brasiliensis LMG 20546</GBSeq_organism>
 <GBSeq_organism>Enterovibrio norvegicus</GBSeq_organism>
 <GBSeq_organism>Vibrio campbellii CAIM 519 = NBRC 15631</GBSeq_organism>
 <GBSeq_organism>Vibrio tubiashii ATCC 19109</GBSeq_organism>
 <GBSeq_organism>Vibrio parahaemolyticus</GBSeq_organism>
 <GBSeq_organism>Vibrio kanaloae</GBSeq_organism>
 <GBSeq_organism>Vibrio pelagius</GBSeq_organism>
 <GBSeq_organism>Vibrio sp. LMG 13240</GBSeq_organism>
 <GBSeq_organism>Vibrio coralliilyticus ATCC BAA-450</GBSeq_organism>
 <GBSeq_organism>Vibrio rotiferianus CAIM 577 = LMG 21460</GBSeq_organism>
 <GBSeq_organism>Vibrio natriegens NBRC 15636 = ATCC 14048 = DSM 759</GBSeq_organism>
 <GBSeq_organism>Vibrio neonatus</GBSeq_organism>
 <GBSeq_organism>Vibrio lentus</GBSeq_organism>
 <GBSeq_organism>Aliivibrio wodanis</GBSeq_organism>
 <GBSeq_organism>Vibrio ordalii ATCC 33509</GBSeq_organism>
 <GBSeq_organism>Vibrio tasmaniensis</GBSeq_organism>
 <GBSeq_organism>Vibrio mytili</GBSeq_organism>
 <GBSeq_organism>Vibrio gallicus</GBSeq_organism>
 <GBSeq_organism>Vibrio fluvialis</GBSeq_organism>
 <GBSeq_organism>Vibrio cincinnatiensis</GBSeq_organism>
 <GBSeq_organism>Vibrio aestuarianus</GBSeq_organism>
 <GBSeq_organism>Vibrio porteresiae</GBSeq_organism>
 <GBSeq_organism>Vibrio vulnificus NBRC 15645 = ATCC 27562</GBSeq_organism>
 <GBSeq_organism>Vibrio tapetis</GBSeq_organism>
 <GBSeq_organism>Photobacterium angustum</GBSeq_organism>
 <GBSeq_organism>Vibrio navarrensis</GBSeq_organism>
 <GBSeq_organism>Vibrio mimicus</GBSeq_organism>
 <GBSeq_organism>Vibrio proteolyticus</GBSeq_organism>
 <GBSeq_organism>Aliivibrio fischeri</GBSeq_organism>
 <GBSeq_organism>Vibrio pomeroyi</GBSeq_organism>
 <GBSeq_organism>Vibrio ichthyoenteri ATCC 700023</GBSeq_organism>
