 <GBSeq_organism>Enterococcus durans</GBSeq_organism>
 <GBSeq_organism>Enterococcus cecorum DSM 20682 = ATCC 43198</GBSeq_organism>
 <GBSeq_organism>Enterococcus camelliae</GBSeq_organism>
 <GBSeq_organism>Enterococcus devriesei</GBSeq_organism>
 <GBSeq_organism>Enterococcus mundtii</GBSeq_organism>
 <GBSeq_organism>Enterococcus gallinarum</GBSeq_organism>
 <GBSeq_organism>Enterococcus columbae DSM 7374 = ATCC 51263</GBSeq_organism>
 <GBSeq_organism>Enterococcus hirae</GBSeq_organism>
 <GBSeq_organism>Enterococcus saccharolyticus ATCC 43076</GBSeq_organism>
 <GBSeq_organism>Enterococcus sulfureus ATCC 49903</GBSeq_organism>
 <GBSeq_organism>Enterococcus avium ATCC 14025</GBSeq_organism>
 <GBSeq_organism>Enterococcus phoeniculicola</GBSeq_organism>
 <GBSeq_organism>Enterococcus pseudoavium</GBSeq_organism>
 <GBSeq_organism>Enterococcus raffinosus</GBSeq_organism>
 <GBSeq_organism>Enterococcus faecalis</GBSeq_organism>
 <GBSeq_organism>Enterococcus italicus</GBSeq_organism>
 <GBSeq_organism>Enterococcus casseliflavus</GBSeq_organism>
 <GBSeq_organism>Enterococcus villorum</GBSeq_organism>
 <GBSeq_organism>Enterococcus aquimarinus</GBSeq_organism>
 <GBSeq_organism>Enterococcus faecium</GBSeq_organism>
