 <GBSeq_organism>Streptomyces cacaoi subsp. cacaoi</GBSeq_organism>
 <GBSeq_organism>Streptomyces specialis</GBSeq_organism>
 <GBSeq_organism>Streptomyces endus</GBSeq_organism>
 <GBSeq_organism>Streptomyces cangkringensis</GBSeq_organism>
 <GBSeq_organism>Streptomyces castelarensis</GBSeq_organism>
 <GBSeq_organism>Streptomyces javensis</GBSeq_organism>
 <GBSeq_organism>Streptomyces melanosporofaciens</GBSeq_organism>
 <GBSeq_organism>Streptomyces malaysiensis</GBSeq_organism>
 <GBSeq_organism>Streptomyces asiaticus</GBSeq_organism>
 <GBSeq_organism>Streptomyces celluloflavus</GBSeq_organism>
 <GBSeq_organism>Streptomyces albiaxialis</GBSeq_organism>
 <GBSeq_organism>Streptomyces paraguayensis</GBSeq_organism>
 <GBSeq_organism>Streptomyces yeochonensis</GBSeq_organism>
 <GBSeq_organism>Streptomyces rhizosphaericus</GBSeq_organism>
 <GBSeq_organism>Streptomyces albus subsp. pathocidicus</GBSeq_organism>
 <GBSeq_organism>Streptomyces ferralitis</GBSeq_organism>
 <GBSeq_organism>Streptomyces cheonanensis</GBSeq_organism>
 <GBSeq_organism>Streptomyces carpaticus</GBSeq_organism>
 <GBSeq_organism>Streptomyces antimycoticus</GBSeq_organism>
 <GBSeq_organism>Streptomyces hebeiensis</GBSeq_organism>
 <GBSeq_organism>Streptomyces cacaoi subsp. cacaoi</GBSeq_organism>
 <GBSeq_organism>Streptomyces violaceusniger</GBSeq_organism>
 <GBSeq_organism>Streptomyces sodiiphilus</GBSeq_organism>
 <GBSeq_organism>Streptomyces cattleya NRRL 8057 = DSM 46488</GBSeq_organism>
 <GBSeq_organism>Streptomyces morookaense</GBSeq_organism>
 <GBSeq_organism>Streptomyces yatensis</GBSeq_organism>
 <GBSeq_organism>Streptomyces hygroscopicus</GBSeq_organism>
 <GBSeq_organism>Streptomyces hainanensis</GBSeq_organism>
