 <GBSeq_organism>Paenibacillus elgii</GBSeq_organism>
 <GBSeq_organism>Paenibacillus alginolyticus</GBSeq_organism>
 <GBSeq_organism>Escherichia coli DSM 30083 = JCM 1649 = ATCC 11775</GBSeq_organism>
 <GBSeq_organism>Paenibacillus sabinae</GBSeq_organism>
 <GBSeq_organism>Paenibacillus massiliensis</GBSeq_organism>
 <GBSeq_organism>Paenibacillus peoriae KCTC 3763</GBSeq_organism>
 <GBSeq_organism>Paenibacillus terrae</GBSeq_organism>
 <GBSeq_organism>Paenibacillus barcinonensis</GBSeq_organism>
 <GBSeq_organism>Paenibacillus macquariensis subsp. macquariensis</GBSeq_organism>
 <GBSeq_organism>Paenibacillus phyllosphaerae</GBSeq_organism>
 <GBSeq_organism>Paenibacillus azoreducens</GBSeq_organism>
 <GBSeq_organism>Paenibacillus terrae</GBSeq_organism>
 <GBSeq_organism>Paenibacillus timonensis 2301032</GBSeq_organism>
 <GBSeq_organism>Paenibacillus curdlanolyticus YK9</GBSeq_organism>
 <GBSeq_organism>Paenibacillus lentimorbus</GBSeq_organism>
 <GBSeq_organism>Paenibacillus alvei DSM 29</GBSeq_organism>
 <GBSeq_organism>Paenibacillus wynnii</GBSeq_organism>
 <GBSeq_organism>Paenibacillus chitinolyticus</GBSeq_organism>
 <GBSeq_organism>Paenibacillus lautus</GBSeq_organism>
 <GBSeq_organism>Paenibacillus sabinae</GBSeq_organism>
 <GBSeq_organism>Paenibacillus polymyxa</GBSeq_organism>
 <GBSeq_organism>Paenibacillus popilliae ATCC 14706</GBSeq_organism>
 <GBSeq_organism>Paenibacillus motobuensis</GBSeq_organism>
 <GBSeq_organism>Paenibacillus koleovorans</GBSeq_organism>
 <GBSeq_organism>Paenibacillus alkaliterrae</GBSeq_organism>
 <GBSeq_organism>Paenibacillus illinoisensis</GBSeq_organism>
 <GBSeq_organism>Paenibacillus chibensis</GBSeq_organism>
 <GBSeq_organism>Paenibacillus chinjuensis</GBSeq_organism>
 <GBSeq_organism>Paenibacillus macerans</GBSeq_organism>
 <GBSeq_organism>Paenibacillus lactis</GBSeq_organism>
 <GBSeq_organism>Paenibacillus sabinae</GBSeq_organism>
 <GBSeq_organism>Paenibacillus larvae</GBSeq_organism>
 <GBSeq_organism>Paenibacillus thiaminolyticus</GBSeq_organism>
 <GBSeq_organism>Paenibacillus brasilensis</GBSeq_organism>
 <GBSeq_organism>Paenibacillus borealis</GBSeq_organism>
 <GBSeq_organism>Paenibacillus apiarius</GBSeq_organism>
 <GBSeq_organism>Paenibacillus koreensis</GBSeq_organism>
 <GBSeq_organism>Paenibacillus glucanolyticus</GBSeq_organism>
 <GBSeq_organism>Paenibacillus xylanilyticus</GBSeq_organism>
 <GBSeq_organism>Paenibacillus hodogayensis</GBSeq_organism>
 <GBSeq_organism>Paenibacillus rhizosphaerae</GBSeq_organism>
 <GBSeq_organism>Paenibacillus sanguinis</GBSeq_organism>
 <GBSeq_organism>Paenibacillus naphthalenovorans</GBSeq_organism>
 <GBSeq_organism>Paenibacillus chondroitinus</GBSeq_organism>
 <GBSeq_organism>Paenibacillus sabinae</GBSeq_organism>
 <GBSeq_organism>Paenibacillus antarcticus</GBSeq_organism>
 <GBSeq_organism>Paenibacillus nematophilus</GBSeq_organism>
 <GBSeq_organism>Paenibacillus dendritiformis</GBSeq_organism>
 <GBSeq_organism>Paenibacillus sabinae</GBSeq_organism>
 <GBSeq_organism>Paenibacillus campinasensis</GBSeq_organism>
 <GBSeq_organism>Paenibacillus agaridevorans</GBSeq_organism>
 <GBSeq_organism>Paenibacillus agarexedens</GBSeq_organism>
 <GBSeq_organism>Paenibacillus kobensis</GBSeq_organism>
