 <GBSeq_organism>Polynucleobacter necessarius subsp. necessarius</GBSeq_organism>
 <GBSeq_organism>Polynucleobacter acidiphobus</GBSeq_organism>
 <GBSeq_organism>Bordetella pertussis</GBSeq_organism>
 <GBSeq_organism>Limnobacter thiooxidans</GBSeq_organism>
 <GBSeq_organism>Polynucleobacter cosmopolitanus</GBSeq_organism>
 <GBSeq_organism>Polynucleobacter difficilis</GBSeq_organism>
 <GBSeq_organism>Ralstonia solanacearum K60-1</GBSeq_organism>
 <GBSeq_organism>Burkholderia gladioli</GBSeq_organism>
 <GBSeq_organism>Burkholderia mimosarum</GBSeq_organism>
 <GBSeq_organism>Cupriavidus campinensis</GBSeq_organism>
 <GBSeq_organism>Cupriavidus metallidurans CH34</GBSeq_organism>
 <GBSeq_organism>Comamonas terrigena</GBSeq_organism>
 <GBSeq_organism>Ralstonia pickettii</GBSeq_organism>
 <GBSeq_organism>Homo sapiens</GBSeq_organism>
 <GBSeq_organism>Polynucleobacter rarus</GBSeq_organism>
 <GBSeq_organism>Paucimonas lemoignei</GBSeq_organism>
 <GBSeq_organism>Pandoraea norimbergensis</GBSeq_organism>
 <GBSeq_organism>Burkholderia cepacia</GBSeq_organism>
 <GBSeq_organism>Ralstonia mannitolilytica</GBSeq_organism>
 <GBSeq_organism>Ralstonia insidiosa</GBSeq_organism>
 <GBSeq_organism>Burkholderia tropica</GBSeq_organism>
