 <GBSeq_organism>Rahnella aquatilis CIP 78.65 = ATCC 33071</GBSeq_organism>
 <GBSeq_organism>Escherichia coli DSM 30083 = JCM 1649 = ATCC 11775</GBSeq_organism>
 <GBSeq_organism>Dickeya chrysanthemi</GBSeq_organism>
 <GBSeq_organism>Biostraticola tofi</GBSeq_organism>
 <GBSeq_organism>Enterobacter asburiae</GBSeq_organism>
 <GBSeq_organism>Trabulsiella guamensis ATCC 49490</GBSeq_organism>
 <GBSeq_organism>Enterobacter ludwigii</GBSeq_organism>
 <GBSeq_organism>Kosakonia radicincitans</GBSeq_organism>
 <GBSeq_organism>Tatumella ptyseos ATCC 33301</GBSeq_organism>
 <GBSeq_organism>Hafnia alvei ATCC 13337</GBSeq_organism>
 <GBSeq_organism>Cedecea davisae DSM 4568</GBSeq_organism>
 <GBSeq_organism>Shimwellia pseudoproteus</GBSeq_organism>
 <GBSeq_organism>Pantoea agglomerans</GBSeq_organism>
 <GBSeq_organism>Enterobacter mori LMG 25706</GBSeq_organism>
 <GBSeq_organism>Yokenella regensburgei</GBSeq_organism>
 <GBSeq_organism>Glossina pallidipes S-endosymbiont</GBSeq_organism>
 <GBSeq_organism>Kosakonia cowanii</GBSeq_organism>
 <GBSeq_organism>Arsenophonus nasoniae</GBSeq_organism>
 <GBSeq_organism>Buchnera aphidicola</GBSeq_organism>
 <GBSeq_organism>Buttiauxella agrestis ATCC 33320</GBSeq_organism>
 <GBSeq_organism>Kluyvera ascorbata ATCC 33433</GBSeq_organism>
 <GBSeq_organism>Pragia fontium</GBSeq_organism>
 <GBSeq_organism>Klebsiella pneumoniae</GBSeq_organism>
 <GBSeq_organism>Budvicia aquatica DSM 5075 = ATCC 35567</GBSeq_organism>
 <GBSeq_organism>Shigella dysenteriae</GBSeq_organism>
 <GBSeq_organism>Enterobacter kobei</GBSeq_organism>
 <GBSeq_organism>Serratia marcescens subsp. marcescens ATCC 13880</GBSeq_organism>
 <GBSeq_organism>Salmonella enterica subsp. enterica serovar Typhimurium str. LT2</GBSeq_organism>
 <GBSeq_organism>Leminorella grimontii ATCC 33999 = DSM 5078</GBSeq_organism>
 <GBSeq_organism>Samsonia erythrinae</GBSeq_organism>
 <GBSeq_organism>Enterobacter cloacae</GBSeq_organism>
 <GBSeq_organism>Yersinia pestis</GBSeq_organism>
 <GBSeq_organism>Morganella morganii subsp. morganii</GBSeq_organism>
 <GBSeq_organism>Providencia alcalifaciens DSM 30120</GBSeq_organism>
 <GBSeq_organism>Plesiomonas shigelloides</GBSeq_organism>
 <GBSeq_organism>Raoultella planticola ATCC 33531</GBSeq_organism>
 <GBSeq_organism>Mangrovibacter plantisponsor</GBSeq_organism>
 <GBSeq_organism>Kosakonia oryzae</GBSeq_organism>
 <GBSeq_organism>Photorhabdus luminescens subsp. luminescens</GBSeq_organism>
 <GBSeq_organism>Citrobacter freundii ATCC 8090 = MTCC 1658</GBSeq_organism>
 <GBSeq_organism>Thorsellia anophelis</GBSeq_organism>
 <GBSeq_organism>Erwinia amylovora</GBSeq_organism>
