 <GBSeq_organism>Mesorhizobium tianshanense</GBSeq_organism>
 <GBSeq_organism>Mesorhizobium mediterraneum</GBSeq_organism>
 <GBSeq_organism>Mesorhizobium temperatum</GBSeq_organism>
 <GBSeq_organism>Mesorhizobium caraganae</GBSeq_organism>
 <GBSeq_organism>Mesorhizobium plurifarium</GBSeq_organism>
 <GBSeq_organism>Mesorhizobium mediterraneum</GBSeq_organism>
 <GBSeq_organism>Mesorhizobium tianshanense</GBSeq_organism>
 <GBSeq_organism>Mesorhizobium robiniae</GBSeq_organism>
 <GBSeq_organism>Mesorhizobium thiogangeticum</GBSeq_organism>
 <GBSeq_organism>Mesorhizobium metallidurans STM 2683</GBSeq_organism>
 <GBSeq_organism>Mesorhizobium caraganae</GBSeq_organism>
 <GBSeq_organism>Mesorhizobium septentrionale</GBSeq_organism>
 <GBSeq_organism>Mesorhizobium caraganae</GBSeq_organism>
 <GBSeq_organism>Mesorhizobium gobiense</GBSeq_organism>
 <GBSeq_organism>Mesorhizobium chacoense</GBSeq_organism>
 <GBSeq_organism>Mesorhizobium gobiense</GBSeq_organism>
 <GBSeq_organism>Mesorhizobium metallidurans STM 2683</GBSeq_organism>
 <GBSeq_organism>Festuca pratensis</GBSeq_organism>
 <GBSeq_organism>Mesorhizobium huakuii</GBSeq_organism>
 <GBSeq_organism>Mesorhizobium loti</GBSeq_organism>
 <GBSeq_organism>Mesorhizobium huakuii</GBSeq_organism>
 <GBSeq_organism>Mesorhizobium mediterraneum</GBSeq_organism>
 <GBSeq_organism>Dermanyssus carpathicus</GBSeq_organism>
 <GBSeq_organism>Mesorhizobium albiziae</GBSeq_organism>
 <GBSeq_organism>Mesorhizobium huakuii</GBSeq_organism>
 <GBSeq_organism>Mesorhizobium loti</GBSeq_organism>
 <GBSeq_organism>Mesorhizobium ciceri</GBSeq_organism>
 <GBSeq_organism>Mesorhizobium tarimense</GBSeq_organism>
 <GBSeq_organism>Mesorhizobium ciceri</GBSeq_organism>
 <GBSeq_organism>Mesorhizobium temperatum</GBSeq_organism>
 <GBSeq_organism>Festuca pratensis</GBSeq_organism>
 <GBSeq_organism>Mesorhizobium chacoense</GBSeq_organism>
 <GBSeq_organism>Mesorhizobium tarimense</GBSeq_organism>
 <GBSeq_organism>Mesorhizobium septentrionale</GBSeq_organism>
 <GBSeq_organism>Mesorhizobium amorphae</GBSeq_organism>
 <GBSeq_organism>Mesorhizobium amorphae</GBSeq_organism>
 <GBSeq_organism>Mesorhizobium tarimense</GBSeq_organism>
 <GBSeq_organism>Mesorhizobium ciceri</GBSeq_organism>
 <GBSeq_organism>Mesorhizobium gobiense</GBSeq_organism>
 <GBSeq_organism>Mesorhizobium albiziae</GBSeq_organism>
 <GBSeq_organism>Mesorhizobium temperatum</GBSeq_organism>
 <GBSeq_organism>Mesorhizobium robiniae</GBSeq_organism>
 <GBSeq_organism>Mesorhizobium loti</GBSeq_organism>
