 <GBSeq_organism>Lactobacillus oeni</GBSeq_organism>
 <GBSeq_organism>Lactobacillus animalis</GBSeq_organism>
 <GBSeq_organism>Lactobacillus mali KCTC 3596 = DSM 20444</GBSeq_organism>
 <GBSeq_organism>Lactobacillus oeni</GBSeq_organism>
 <GBSeq_organism>Lactobacillus oeni</GBSeq_organism>
 <GBSeq_organism>Lactobacillus salivarius</GBSeq_organism>
 <GBSeq_organism>Lactobacillus aviarius</GBSeq_organism>
 <GBSeq_organism>Lactobacillus oeni</GBSeq_organism>
 <GBSeq_organism>Lactobacillus oeni</GBSeq_organism>
 <GBSeq_organism>Lactobacillus oeni</GBSeq_organism>
 <GBSeq_organism>Azorhizobium caulinodans ORS 571</GBSeq_organism>
 <GBSeq_organism>Lactobacillus uvarum</GBSeq_organism>
 <GBSeq_organism>Lactobacillus saerimneri</GBSeq_organism>
 <GBSeq_organism>Lactobacillus satsumensis</GBSeq_organism>
 <GBSeq_organism>Lactobacillus cacaonum</GBSeq_organism>
 <GBSeq_organism>Oenococcus oeni</GBSeq_organism>
 <GBSeq_organism>Lactobacillus nagelii</GBSeq_organism>
 <GBSeq_organism>Lactobacillus oeni</GBSeq_organism>
 <GBSeq_organism>Lactobacillus oeni</GBSeq_organism>
 <GBSeq_organism>Lactobacillus oeni</GBSeq_organism>
 <GBSeq_organism>Lactobacillus ruminis</GBSeq_organism>
 <GBSeq_organism>Lactobacillus apodemi</GBSeq_organism>
