 <GBSeq_organism>Ruegeria mobilis</GBSeq_organism>
 <GBSeq_organism>Octadecabacter arcticus</GBSeq_organism>
 <GBSeq_organism>Roseobacter denitrificans OCh 114</GBSeq_organism>
 <GBSeq_organism>Nautella italica</GBSeq_organism>
 <GBSeq_organism>Jannaschia seosinensis</GBSeq_organism>
 <GBSeq_organism>Phaeobacter gallaeciensis DSM 26640</GBSeq_organism>
 <GBSeq_organism>Roseobacter litoralis Och 149</GBSeq_organism>
 <GBSeq_organism>Jannaschia rubra</GBSeq_organism>
 <GBSeq_organism>Roseivivax halotolerans</GBSeq_organism>
 <GBSeq_organism>Nautella italica</GBSeq_organism>
 <GBSeq_organism>Thalassobacter stenotrophicus</GBSeq_organism>
 <GBSeq_organism>Shimia marina</GBSeq_organism>
 <GBSeq_organism>Pseudoruegeria aquimaris</GBSeq_organism>
 <GBSeq_organism>Leisingera methylohalidivorans DSM 14336</GBSeq_organism>
 <GBSeq_organism>Jannaschia helgolandensis</GBSeq_organism>
 <GBSeq_organism>Silicibacter lacuscaerulensis ITI-1157</GBSeq_organism>
 <GBSeq_organism>Loktanella vestfoldensis</GBSeq_organism>
 <GBSeq_organism>Roseovarius crassostreae</GBSeq_organism>
 <GBSeq_organism>Thalassobius aestuarii</GBSeq_organism>
 <GBSeq_organism>Jannaschia donghaensis</GBSeq_organism>
 <GBSeq_organism>Nautella italica</GBSeq_organism>
 <GBSeq_organism>Roseivivax halodurans</GBSeq_organism>
 <GBSeq_organism>Phaeobacter inhibens DSM 16374</GBSeq_organism>
 <GBSeq_organism>Thalassobius mediterraneus</GBSeq_organism>
 <GBSeq_organism>Aeromonas hydrophila</GBSeq_organism>
 <GBSeq_organism>Marinovum algicola</GBSeq_organism>
 <GBSeq_organism>Leisingera daeponensis</GBSeq_organism>
 <GBSeq_organism>Oceanicola batsensis</GBSeq_organism>
 <GBSeq_organism>Roseisalinus antarcticus</GBSeq_organism>
 <GBSeq_organism>Ruegeria pomeroyi</GBSeq_organism>
 <GBSeq_organism>Ruegeria atlantica</GBSeq_organism>
 <GBSeq_organism>Nautella italica</GBSeq_organism>
 <GBSeq_organism>Oceanicola granulosus</GBSeq_organism>
 <GBSeq_organism>Nautella italica</GBSeq_organism>
