 <GBSeq_organism>Actinoalloteichus spitiensis RMV-1378</GBSeq_organism>
 <GBSeq_organism>Thermocrispum agreste DSM 44070</GBSeq_organism>
 <GBSeq_organism>Amycolatopsis pretoriensis</GBSeq_organism>
 <GBSeq_organism>Amycolatopsis sulphurea</GBSeq_organism>
 <GBSeq_organism>Saccharomonospora paurometabolica YIM 90007</GBSeq_organism>
 <GBSeq_organism>Kibdelosporangium philippinense</GBSeq_organism>
 <GBSeq_organism>Actinopolyspora iraqiensis IQ-H1</GBSeq_organism>
 <GBSeq_organism>Amycolatopsis albidoflavus</GBSeq_organism>
 <GBSeq_organism>Lechevalieria aerocolonigenes</GBSeq_organism>
 <GBSeq_organism>Prauserella alba</GBSeq_organism>
 <GBSeq_organism>Sciscionella marina</GBSeq_organism>
 <GBSeq_organism>Prauserella rugosa</GBSeq_organism>
 <GBSeq_organism>Streptoalloteichus tenebrarius</GBSeq_organism>
 <GBSeq_organism>Streptoalloteichus hindustanus</GBSeq_organism>
 <GBSeq_organism>Amycolatopsis sacchari</GBSeq_organism>
 <GBSeq_organism>Saccharopolyspora rectivirgula</GBSeq_organism>
 <GBSeq_organism>Amycolatopsis orientalis</GBSeq_organism>
 <GBSeq_organism>Saccharomonospora cyanea</GBSeq_organism>
 <GBSeq_organism>Saccharomonospora xinjiangensis XJ-54</GBSeq_organism>
 <GBSeq_organism>Saccharopolyspora cebuensis</GBSeq_organism>
 <GBSeq_organism>Umezawaea tangerina</GBSeq_organism>
 <GBSeq_organism>Actinomycetospora chiangmaiensis</GBSeq_organism>
 <GBSeq_organism>Amycolatopsis methanolica 239</GBSeq_organism>
 <GBSeq_organism>Amycolatopsis australiensis</GBSeq_organism>
 <GBSeq_organism>Lentzea albidocapillata</GBSeq_organism>
 <GBSeq_organism>Yuhushiella deserti</GBSeq_organism>
 <GBSeq_organism>Amycolatopsis thermoflava N1165</GBSeq_organism>
 <GBSeq_organism>Amycolatopsis rifamycinica</GBSeq_organism>
 <GBSeq_organism>Pseudonocardia thermophila</GBSeq_organism>
 <GBSeq_organism>Amycolatopsis palatopharyngis</GBSeq_organism>
 <GBSeq_organism>Kutzneria albida</GBSeq_organism>
 <GBSeq_organism>Thermocrispum municipale DSM 44069</GBSeq_organism>
 <GBSeq_organism>Amycolatopsis mediterranei</GBSeq_organism>
 <GBSeq_organism>Amycolatopsis regifaucium</GBSeq_organism>
 <GBSeq_organism>Amycolatopsis rubida</GBSeq_organism>
 <GBSeq_organism>Actinosynnema mirum DSM 43827</GBSeq_organism>
