 <GBSeq_organism>Micrococcus luteus</GBSeq_organism>
 <GBSeq_organism>Arthrobacter phenanthrenivorans Sphe3</GBSeq_organism>
 <GBSeq_organism>Micrococcus endophyticus</GBSeq_organism>
 <GBSeq_organism>Arthrobacter oryzae</GBSeq_organism>
 <GBSeq_organism>Kocuria flava</GBSeq_organism>
 <GBSeq_organism>Arthrobacter uratoxydans</GBSeq_organism>
 <GBSeq_organism>Zhihengliuella alba</GBSeq_organism>
 <GBSeq_organism>Citricoccus muralis</GBSeq_organism>
 <GBSeq_organism>Arthrobacter rhombi</GBSeq_organism>
 <GBSeq_organism>Alternaria longipes</GBSeq_organism>
 <GBSeq_organism>Arthrobacter protophormiae</GBSeq_organism>
 <GBSeq_organism>Zhihengliuella salsuginis</GBSeq_organism>
 <GBSeq_organism>Arthrobacter nicotianae</GBSeq_organism>
 <GBSeq_organism>Arthrobacter kerguelensis</GBSeq_organism>
 <GBSeq_organism>Micrococcus yunnanensis</GBSeq_organism>
 <GBSeq_organism>Arthrobacter woluwensis</GBSeq_organism>
 <GBSeq_organism>Arthrobacter mysorens</GBSeq_organism>
 <GBSeq_organism>Citricoccus parietis</GBSeq_organism>
 <GBSeq_organism>Sinomonas atrocyanea</GBSeq_organism>
 <GBSeq_organism>Citricoccus zhacaiensis</GBSeq_organism>
 <GBSeq_organism>Citricoccus alkalitolerans</GBSeq_organism>
 <GBSeq_organism>Zhihengliuella aestuarii</GBSeq_organism>
 <GBSeq_organism>Nesterenkonia halobia</GBSeq_organism>
 <GBSeq_organism>Arthrobacter humicola</GBSeq_organism>
 <GBSeq_organism>Arthrobacter gangotriensis Lz1y</GBSeq_organism>
 <GBSeq_organism>Arthrobacter crystallopoietes</GBSeq_organism>
 <GBSeq_organism>Arthrobacter pascens</GBSeq_organism>
 <GBSeq_organism>Rothia dentocariosa ATCC 17931</GBSeq_organism>
 <GBSeq_organism>Micrococcus lylae</GBSeq_organism>
 <GBSeq_organism>Kytococcus sedentarius</GBSeq_organism>
 <GBSeq_organism>Kocuria rosea</GBSeq_organism>
 <GBSeq_organism>Micrococcus sp. NII-0909</GBSeq_organism>
 <GBSeq_organism>Arthrobacter soli</GBSeq_organism>
 <GBSeq_organism>Sinomonas flava</GBSeq_organism>
 <GBSeq_organism>Arthrobacter arilaitensis Re117</GBSeq_organism>
 <GBSeq_organism>Arthrobacter sulfureus</GBSeq_organism>
 <GBSeq_organism>Zhihengliuella halotolerans</GBSeq_organism>
 <GBSeq_organism>Nesterenkonia flava</GBSeq_organism>
 <GBSeq_organism>Arthrobacter sp. DSM 20546</GBSeq_organism>
