 <GBSeq_organism>Mobiluncus curtisii subsp. curtisii ATCC 35241</GBSeq_organism>
 <GBSeq_organism>Actinomyces catuli</GBSeq_organism>
 <GBSeq_organism>Actinomyces canis</GBSeq_organism>
 <GBSeq_organism>Arcanobacterium hippocoleae</GBSeq_organism>
 <GBSeq_organism>Actinomyces dentalis</GBSeq_organism>
 <GBSeq_organism>Actinomyces funkei</GBSeq_organism>
 <GBSeq_organism>Actinomyces radicidentis</GBSeq_organism>
 <GBSeq_organism>Varibaculum cambriense</GBSeq_organism>
 <GBSeq_organism>Actinomyces oricola</GBSeq_organism>
 <GBSeq_organism>Actinomyces gerencseriae</GBSeq_organism>
 <GBSeq_organism>Actinomyces bowdenii</GBSeq_organism>
 <GBSeq_organism>Actinomyces marimammalium</GBSeq_organism>
 <GBSeq_organism>Actinomyces ruminicola</GBSeq_organism>
 <GBSeq_organism>Actinomyces ruminicola</GBSeq_organism>
 <GBSeq_organism>Actinomyces suimastitidis</GBSeq_organism>
 <GBSeq_organism>Actinomyces vaccimaxillae</GBSeq_organism>
 <GBSeq_organism>Actinomyces urogenitalis</GBSeq_organism>
 <GBSeq_organism>Cellulomonas humilata</GBSeq_organism>
 <GBSeq_organism>Actinomyces bovis</GBSeq_organism>
 <GBSeq_organism>Actinomyces howellii</GBSeq_organism>
 <GBSeq_organism>Actinomyces denticolens</GBSeq_organism>
 <GBSeq_organism>Actinomyces israelii</GBSeq_organism>
 <GBSeq_organism>Trueperella bernardiae</GBSeq_organism>
