 <GBSeq_organism>Lactococcus lactis</GBSeq_organism>
 <GBSeq_organism>Streptococcus suis</GBSeq_organism>
 <GBSeq_organism>Streptococcus oralis ATCC 35037</GBSeq_organism>
 <GBSeq_organism>Aerococcus urinae</GBSeq_organism>
 <GBSeq_organism>Enterococcus malodoratus</GBSeq_organism>
 <GBSeq_organism>Streptococcus equinus ATCC 9812</GBSeq_organism>
 <GBSeq_organism>Trichococcus pasteurii</GBSeq_organism>
 <GBSeq_organism>Granulicatella elegans ATCC 700633</GBSeq_organism>
 <GBSeq_organism>Carnobacterium maltaromaticum</GBSeq_organism>
 <GBSeq_organism>Atopobacter phocae</GBSeq_organism>
 <GBSeq_organism>Trichococcus palustris</GBSeq_organism>
 <GBSeq_organism>Aerococcus viridans ATCC 11563</GBSeq_organism>
 <GBSeq_organism>Bavariicoccus seileri</GBSeq_organism>
 <GBSeq_organism>Granulicatella adiacens</GBSeq_organism>
 <GBSeq_organism>Lactococcus garvieae</GBSeq_organism>
 <GBSeq_organism>Enterococcus casseliflavus</GBSeq_organism>
 <GBSeq_organism>Granulicatella balaenopterae</GBSeq_organism>
 <GBSeq_organism>Trichococcus flocculiformis</GBSeq_organism>
 <GBSeq_organism>Vagococcus lutrae</GBSeq_organism>
 <GBSeq_organism>Staphylococcus aureus</GBSeq_organism>
 <GBSeq_organism>Abiotrophia defectiva ATCC 49176</GBSeq_organism>
