 <GBSeq_organism>Streptomyces castelarensis</GBSeq_organism>
 <GBSeq_organism>Streptomyces ruanii</GBSeq_organism>
 <GBSeq_organism>Streptomyces rhizosphaericus</GBSeq_organism>
 <GBSeq_organism>Streptomyces rapamycinicus</GBSeq_organism>
 <GBSeq_organism>Streptomyces cangkringensis</GBSeq_organism>
 <GBSeq_organism>Streptomyces javensis</GBSeq_organism>
 <GBSeq_organism>Streptomyces yogyakartensis</GBSeq_organism>
 <GBSeq_organism>Streptomyces griseiniger</GBSeq_organism>
 <GBSeq_organism>Streptomyces albiflaviniger</GBSeq_organism>
 <GBSeq_organism>Streptomyces melanosporofaciens</GBSeq_organism>
 <GBSeq_organism>Streptomyces himastatinicus ATCC 53653</GBSeq_organism>
 <GBSeq_organism>Streptomyces malaysiensis</GBSeq_organism>
 <GBSeq_organism>Streptomyces phaeoluteigriseus</GBSeq_organism>
 <GBSeq_organism>Streptomyces asiaticus</GBSeq_organism>
 <GBSeq_organism>Streptomyces phaeoluteichromatogenes</GBSeq_organism>
 <GBSeq_organism>Streptomyces phaeogriseichromatogenes</GBSeq_organism>
 <GBSeq_organism>Streptomyces sporoclivatus</GBSeq_organism>
 <GBSeq_organism>Streptomyces auratus</GBSeq_organism>
 <GBSeq_organism>Streptomyces antimycoticus</GBSeq_organism>
 <GBSeq_organism>Streptomyces castelarensis</GBSeq_organism>
 <GBSeq_organism>Streptomyces hygroscopicus</GBSeq_organism>
 <GBSeq_organism>Streptomyces violaceusniger</GBSeq_organism>
 <GBSeq_organism>Streptomyces demainii</GBSeq_organism>
 <GBSeq_organism>Streptomyces mordarskii</GBSeq_organism>
 <GBSeq_organism>Streptomyces yatensis</GBSeq_organism>
 <GBSeq_organism>Streptomyces geldanamycininus</GBSeq_organism>
 <GBSeq_organism>Streptomyces indonesiensis</GBSeq_organism>
 <GBSeq_organism>Streptomyces castelarensis</GBSeq_organism>
