 <GBSeq_organism>Enterobacter aerogenes</GBSeq_organism>
 <GBSeq_organism>Klebsiella granulomatis</GBSeq_organism>
 <GBSeq_organism>Serratia marcescens subsp. marcescens ATCC 13880</GBSeq_organism>
 <GBSeq_organism>Cronobacter helveticus</GBSeq_organism>
 <GBSeq_organism>Enterobacter cancerogenus</GBSeq_organism>
 <GBSeq_organism>Klebsiella oxytoca</GBSeq_organism>
 <GBSeq_organism>Kosakonia cowanii</GBSeq_organism>
 <GBSeq_organism>Enterobacter hormaechei ATCC 49162</GBSeq_organism>
 <GBSeq_organism>Kluyvera ascorbata ATCC 33433</GBSeq_organism>
 <GBSeq_organism>Raoultella planticola ATCC 33531</GBSeq_organism>
 <GBSeq_organism>Salmonella enterica subsp. arizonae</GBSeq_organism>
 <GBSeq_organism>Klebsiella pneumoniae subsp. rhinoscleromatis</GBSeq_organism>
 <GBSeq_organism>Enterobacter cloacae subsp. dissolvens</GBSeq_organism>
 <GBSeq_organism>Yersinia enterocolitica</GBSeq_organism>
 <GBSeq_organism>Cronobacter pulveris</GBSeq_organism>
 <GBSeq_organism>Cronobacter pulveris</GBSeq_organism>
 <GBSeq_organism>Citrobacter freundii</GBSeq_organism>
 <GBSeq_organism>Providencia stuartii</GBSeq_organism>
 <GBSeq_organism>Pluralibacter gergoviae</GBSeq_organism>
 <GBSeq_organism>Salmonella enterica subsp. enterica serovar Shomron</GBSeq_organism>
 <GBSeq_organism>Escherichia coli</GBSeq_organism>
 <GBSeq_organism>Enterobacter cloacae</GBSeq_organism>
 <GBSeq_organism>Salmonella enterica subsp. salamae serovar Sofia</GBSeq_organism>
 <GBSeq_organism>Lelliottia nimipressuralis</GBSeq_organism>
 <GBSeq_organism>Hafnia alvei ATCC 13337</GBSeq_organism>
 <GBSeq_organism>Salmonella enterica subsp. enterica serovar Typhi</GBSeq_organism>
 <GBSeq_organism>Klebsiella pneumoniae subsp. ozaenae</GBSeq_organism>
 <GBSeq_organism>Escherichia fergusonii ATCC 35469</GBSeq_organism>
 <GBSeq_organism>Salmonella enterica subsp. enterica serovar Paratyphi A</GBSeq_organism>
 <GBSeq_organism>Cronobacter sakazakii</GBSeq_organism>
 <GBSeq_organism>Raoultella terrigena</GBSeq_organism>
 <GBSeq_organism>Kosakonia radicincitans DSM 16656</GBSeq_organism>
 <GBSeq_organism>Enterobacter cloacae</GBSeq_organism>
 <GBSeq_organism>Enterobacter kobei</GBSeq_organism>
 <GBSeq_organism>Enterobacter asburiae</GBSeq_organism>
 <GBSeq_organism>Lelliottia amnigena</GBSeq_organism>
 <GBSeq_organism>Proteus mirabilis</GBSeq_organism>
 <GBSeq_organism>Cronobacter zurichensis LMG 23730</GBSeq_organism>
 <GBSeq_organism>Klebsiella variicola</GBSeq_organism>
 <GBSeq_organism>Cronobacter pulveris</GBSeq_organism>
 <GBSeq_organism>Cronobacter pulveris</GBSeq_organism>
 <GBSeq_organism>Klebsiella pneumoniae</GBSeq_organism>
 <GBSeq_organism>Cronobacter pulveris</GBSeq_organism>
 <GBSeq_organism>Shigella dysenteriae</GBSeq_organism>
 <GBSeq_organism>Klebsiella singaporensis</GBSeq_organism>
 <GBSeq_organism>Pectobacterium atrosepticum SCRI1043</GBSeq_organism>
 <GBSeq_organism>Cronobacter pulveris</GBSeq_organism>
 <GBSeq_organism>Raoultella ornithinolytica</GBSeq_organism>
