 <GBSeq_organism>Corynebacterium striatum</GBSeq_organism>
 <GBSeq_organism>Corynebacterium pseudotuberculosis</GBSeq_organism>
 <GBSeq_organism>Corynebacterium hansenii</GBSeq_organism>
 <GBSeq_organism>Corynebacterium xerosis</GBSeq_organism>
 <GBSeq_organism>Corynebacterium argentoratense</GBSeq_organism>
 <GBSeq_organism>Corynebacterium vitaeruminis DSM 20294</GBSeq_organism>
 <GBSeq_organism>Corynebacterium mustelae</GBSeq_organism>
 <GBSeq_organism>Corynebacterium camporealensis</GBSeq_organism>
 <GBSeq_organism>Corynebacterium felinum</GBSeq_organism>
 <GBSeq_organism>Corynebacterium diphtheriae</GBSeq_organism>
 <GBSeq_organism>Corynebacterium singulare</GBSeq_organism>
 <GBSeq_organism>Corynebacterium ulcerans</GBSeq_organism>
 <GBSeq_organism>Corynebacterium pilosum</GBSeq_organism>
 <GBSeq_organism>Corynebacterium aurimucosum</GBSeq_organism>
 <GBSeq_organism>Corynebacterium renale</GBSeq_organism>
 <GBSeq_organism>Corynebacterium flavescens</GBSeq_organism>
 <GBSeq_organism>Corynebacterium tuberculostearicum</GBSeq_organism>
 <GBSeq_organism>Corynebacterium efficiens YS-314</GBSeq_organism>
 <GBSeq_organism>Corynebacterium testudinoris</GBSeq_organism>
 <GBSeq_organism>Corynebacterium maris DSM 45190</GBSeq_organism>
 <GBSeq_organism>Corynebacterium freiburgense</GBSeq_organism>
 <GBSeq_organism>Corynebacterium halotolerans YIM 70093 = DSM 44683</GBSeq_organism>
 <GBSeq_organism>Corynebacterium aquilae DSM 44791</GBSeq_organism>
 <GBSeq_organism>Corynebacterium spheniscorum</GBSeq_organism>
