 <GBSeq_organism>Microvirgula aerodenitrificans</GBSeq_organism>
 <GBSeq_organism>Kingella kingae ATCC 23330</GBSeq_organism>
 <GBSeq_organism>Neisseria gonorrhoeae</GBSeq_organism>
 <GBSeq_organism>Simonsiella muelleri ATCC 29453</GBSeq_organism>
 <GBSeq_organism>Propionivibrio dicarboxylicus</GBSeq_organism>
 <GBSeq_organism>Vitreoscilla stercoraria</GBSeq_organism>
 <GBSeq_organism>Castellaniella defragrans</GBSeq_organism>
 <GBSeq_organism>Vogesella indigofera</GBSeq_organism>
 <GBSeq_organism>Chromobacterium subtsugae</GBSeq_organism>
 <GBSeq_organism>Iodobacter fluviatilis</GBSeq_organism>
 <GBSeq_organism>Castellaniella denitrificans</GBSeq_organism>
 <GBSeq_organism>Chromobacterium violaceum ATCC 12472</GBSeq_organism>
 <GBSeq_organism>Gulbenkiania mobilis</GBSeq_organism>
 <GBSeq_organism>Formivibrio citricus</GBSeq_organism>
 <GBSeq_organism>Uruburuella suis</GBSeq_organism>
 <GBSeq_organism>Alcaligenes faecalis</GBSeq_organism>
 <GBSeq_organism>Laribacter hongkongensis</GBSeq_organism>
 <GBSeq_organism>Eikenella corrodens</GBSeq_organism>
 <GBSeq_organism>Paludibacterium yongneupense</GBSeq_organism>
 <GBSeq_organism>Aquitalea magnusonii</GBSeq_organism>
 <GBSeq_organism>Alysiella filiformis</GBSeq_organism>
