 <GBSeq_organism>sulfate-reducing bacterium AK-01</GBSeq_organism>
 <GBSeq_organism>delta proteobacterium S2552</GBSeq_organism>
 <GBSeq_organism>Desulfovibrio africanus subsp. africanus DSM 2603</GBSeq_organism>
 <GBSeq_organism>Desulfosarcina ovata</GBSeq_organism>
 <GBSeq_organism>delta proteobacterium S2550</GBSeq_organism>
 <GBSeq_organism>delta proteobacterium Pnd3</GBSeq_organism>
 <GBSeq_organism>Desulforhabdus amnigena</GBSeq_organism>
 <GBSeq_organism>Thermodesulfovibrio islandicus</GBSeq_organism>
 <GBSeq_organism>Desulfobacter vibrioformis</GBSeq_organism>
 <GBSeq_organism>Desulfobulbus elongatus</GBSeq_organism>
 <GBSeq_organism>Desulfosarcina variabilis</GBSeq_organism>
 <GBSeq_organism>Desulfococcus oleovorans Hxd3</GBSeq_organism>
 <GBSeq_organism>Desulforhopalus vacuolatus</GBSeq_organism>
 <GBSeq_organism>Desulfocella halophila</GBSeq_organism>
 <GBSeq_organism>Syntrophobacter sp.</GBSeq_organism>
 <GBSeq_organism>Desulfococcus multivorans</GBSeq_organism>
 <GBSeq_organism>Desulfomonile limimaris</GBSeq_organism>
 <GBSeq_organism>Desulfobacula toluolica Tol2</GBSeq_organism>
 <GBSeq_organism>Desulfofaba gelida</GBSeq_organism>
 <GBSeq_organism>Desulfatibacillum aliphaticivorans</GBSeq_organism>
 <GBSeq_organism>delta proteobacterium NaphS2</GBSeq_organism>
 <GBSeq_organism>sulfate-reducing bacterium mXyS1</GBSeq_organism>
 <GBSeq_organism>Desulfonema limicola str. Jadebusen</GBSeq_organism>
 <GBSeq_organism>delta proteobacterium S2551</GBSeq_organism>
 <GBSeq_organism>Desulfomicrobium baculatum DSM 4028</GBSeq_organism>
 <GBSeq_organism>Desulfothermus naphthae</GBSeq_organism>
 <GBSeq_organism>Desulfonatronovibrio hydrogenovorans</GBSeq_organism>
