 <GBSeq_organism>Pseudomonas panacis</GBSeq_organism>
 <GBSeq_organism>Pseudomonas rhodesiae</GBSeq_organism>
 <GBSeq_organism>Pseudomonas extremorientalis</GBSeq_organism>
 <GBSeq_organism>Pseudomonas palleroniana</GBSeq_organism>
 <GBSeq_organism>Pseudomonas cedrina</GBSeq_organism>
 <GBSeq_organism>Pseudomonas brassicacearum</GBSeq_organism>
 <GBSeq_organism>Pseudomonas brenneri</GBSeq_organism>
 <GBSeq_organism>Pseudomonas grimontii</GBSeq_organism>
 <GBSeq_organism>Pseudomonas mediterranea CFBP 5447</GBSeq_organism>
 <GBSeq_organism>Pseudomonas lini</GBSeq_organism>
 <GBSeq_organism>Pseudomonas brassicacearum subsp. neoaurantiaca</GBSeq_organism>
 <GBSeq_organism>Pseudomonas lurida</GBSeq_organism>
 <GBSeq_organism>Pseudomonas corrugata</GBSeq_organism>
 <GBSeq_organism>Pseudomonas orientalis</GBSeq_organism>
 <GBSeq_organism>Pseudomonas gessardii</GBSeq_organism>
 <GBSeq_organism>Pseudomonas thivervalensis</GBSeq_organism>
 <GBSeq_organism>Pseudomonas veronii</GBSeq_organism>
 <GBSeq_organism>Pseudomonas proteolytica</GBSeq_organism>
 <GBSeq_organism>Pseudomonas mandelii</GBSeq_organism>
 <GBSeq_organism>Pseudomonas costantinii</GBSeq_organism>
 <GBSeq_organism>Pseudomonas libanensis</GBSeq_organism>
 <GBSeq_organism>Pseudomonas salomonii</GBSeq_organism>
 <GBSeq_organism>Pseudomonas synxantha</GBSeq_organism>
 <GBSeq_organism>Pseudomonas antarctica</GBSeq_organism>
 <GBSeq_organism>Pseudomonas tolaasii</GBSeq_organism>
