 <GBSeq_organism>Belnapia moabensis</GBSeq_organism>
 <GBSeq_organism>Roseomonas genomospecies 4</GBSeq_organism>
 <GBSeq_organism>Gluconobacter oxydans</GBSeq_organism>
 <GBSeq_organism>Roseomonas rosea</GBSeq_organism>
 <GBSeq_organism>Roseococcus thiosulfatophilus</GBSeq_organism>
 <GBSeq_organism>Craurococcus roseus</GBSeq_organism>
 <GBSeq_organism>Roseomonas aquatica</GBSeq_organism>
 <GBSeq_organism>Acidiphilium cryptum</GBSeq_organism>
 <GBSeq_organism>Roseomonas aerilata DSM 19363</GBSeq_organism>
 <GBSeq_organism>Roseomonas terrae</GBSeq_organism>
 <GBSeq_organism>Roseomonas frigidaquae</GBSeq_organism>
 <GBSeq_organism>Roseomonas vinacea</GBSeq_organism>
 <GBSeq_organism>Roseomonas genomospecies 5</GBSeq_organism>
 <GBSeq_organism>Methylobacterium organophilum</GBSeq_organism>
 <GBSeq_organism>Roseomonas gilardii subsp. rosea</GBSeq_organism>
 <GBSeq_organism>Roseomonas cervicalis</GBSeq_organism>
 <GBSeq_organism>Roseomonas lacus</GBSeq_organism>
 <GBSeq_organism>Roseomonas mucosa</GBSeq_organism>
 <GBSeq_organism>Roseomonas ludipueritiae</GBSeq_organism>
 <GBSeq_organism>Acetobacter aceti NBRC 14818</GBSeq_organism>
 <GBSeq_organism>Paracraurococcus ruber</GBSeq_organism>
 <GBSeq_organism>Gluconobacter cerinus</GBSeq_organism>
 <GBSeq_organism>Roseomonas gilardii</GBSeq_organism>
