 <GBSeq_organism>Clostridium proteolyticum</GBSeq_organism>
 <GBSeq_organism>Fastidiosipila sanguinis</GBSeq_organism>
 <GBSeq_organism>Ruminiclostridium thermocellum</GBSeq_organism>
 <GBSeq_organism>[Clostridium] sporosphaeroides</GBSeq_organism>
 <GBSeq_organism>[Clostridium] methylpentosum DSM 5476</GBSeq_organism>
 <GBSeq_organism>[Clostridium] stercorarium subsp. thermolacticum DSM 2910</GBSeq_organism>
 <GBSeq_organism>Parvimonas micra</GBSeq_organism>
 <GBSeq_organism>[Clostridium] thermosuccinogenes</GBSeq_organism>
 <GBSeq_organism>Gallicola barnesae</GBSeq_organism>
 <GBSeq_organism>Anaerococcus prevotii</GBSeq_organism>
 <GBSeq_organism>Anaerococcus prevotii DSM 20548</GBSeq_organism>
 <GBSeq_organism>[Clostridium] cellulosi</GBSeq_organism>
 <GBSeq_organism>[Clostridium] aldrichii</GBSeq_organism>
 <GBSeq_organism>[Clostridium] hungatei</GBSeq_organism>
 <GBSeq_organism>[Clostridium] termitidis</GBSeq_organism>
 <GBSeq_organism>[Clostridium] papyrosolvens DSM 2782</GBSeq_organism>
 <GBSeq_organism>Clostridium butyricum</GBSeq_organism>
 <GBSeq_organism>Acetivibrio cellulolyticus</GBSeq_organism>
 <GBSeq_organism>[Clostridium] cellobioparum DSM 1351 = ATCC 15832</GBSeq_organism>
 <GBSeq_organism>Anaerofilum pentosovorans</GBSeq_organism>
 <GBSeq_organism>[Clostridium] leptum DSM 753</GBSeq_organism>
 <GBSeq_organism>Flavonifractor plautii DSM 6740</GBSeq_organism>
 <GBSeq_organism>Pseudobacteroides cellulosolvens</GBSeq_organism>
 <GBSeq_organism>Faecalibacterium prausnitzii</GBSeq_organism>
 <GBSeq_organism>Clostridium cellulolyticum H10</GBSeq_organism>
 <GBSeq_organism>Clostridium perfringens</GBSeq_organism>
