 <GBSeq_organism>Prosthecobacter debontii</GBSeq_organism>
 <GBSeq_organism>Escherichia coli DSM 30083 = JCM 1649 = ATCC 11775</GBSeq_organism>
 <GBSeq_organism>Haloferula sargassicola</GBSeq_organism>
 <GBSeq_organism>Luteolibacter algae</GBSeq_organism>
 <GBSeq_organism>Prosthecobacter dejongeii</GBSeq_organism>
 <GBSeq_organism>Rubritalea marina</GBSeq_organism>
 <GBSeq_organism>Prosthecobacter vanneervenii</GBSeq_organism>
 <GBSeq_organism>Luteolibacter pohnpeiensis</GBSeq_organism>
 <GBSeq_organism>Haloferula rosea</GBSeq_organism>
 <GBSeq_organism>Akkermansia muciniphila ATCC BAA-835</GBSeq_organism>
 <GBSeq_organism>Haloferula helveola</GBSeq_organism>
 <GBSeq_organism>uncultured Verrucomicrobia bacterium</GBSeq_organism>
 <GBSeq_organism>Rubritalea sabuli</GBSeq_organism>
 <GBSeq_organism>Verrucomicrobium spinosum DSM 4136 = JCM 18804</GBSeq_organism>
 <GBSeq_organism>Prosthecobacter fusiformis</GBSeq_organism>
 <GBSeq_organism>Roseibacillus ponti</GBSeq_organism>
 <GBSeq_organism>uncultured Verrucomicrobia bacterium</GBSeq_organism>
 <GBSeq_organism>uncultured marine bacterium</GBSeq_organism>
 <GBSeq_organism>uncultured bacterium</GBSeq_organism>
 <GBSeq_organism>uncultured eubacterium WCHB1-41</GBSeq_organism>
 <GBSeq_organism>Haloferula harenae</GBSeq_organism>
 <GBSeq_organism>Haloferula sargassicola</GBSeq_organism>
 <GBSeq_organism>Rubritalea tangerina</GBSeq_organism>
 <GBSeq_organism>uncultured Crater Lake bacterium CL500-85</GBSeq_organism>
 <GBSeq_organism>uncultured verrucomicrobium DEV005</GBSeq_organism>
 <GBSeq_organism>Rubritalea spongiae</GBSeq_organism>
 <GBSeq_organism>unidentified eubacterium LD19</GBSeq_organism>
 <GBSeq_organism>Rubritalea squalenifaciens</GBSeq_organism>
