 <GBSeq_organism>Mycobacterium kubicae</GBSeq_organism>
 <GBSeq_organism>Mycobacterium sp. HSC 1852</GBSeq_organism>
 <GBSeq_organism>Mycobacterium intracellulare</GBSeq_organism>
 <GBSeq_organism>Mycobacterium bohemicum</GBSeq_organism>
 <GBSeq_organism>Mycobacterium botniense</GBSeq_organism>
 <GBSeq_organism>Mycobacterium fortuitum</GBSeq_organism>
 <GBSeq_organism>Mycobacterium malmoense</GBSeq_organism>
 <GBSeq_organism>Mycobacterium avium subsp. avium</GBSeq_organism>
 <GBSeq_organism>Mycobacterium chimaera</GBSeq_organism>
 <GBSeq_organism>Mycobacterium heidelbergense</GBSeq_organism>
 <GBSeq_organism>Mycobacterium kansasii</GBSeq_organism>
 <GBSeq_organism>Mycobacterium hiberniae</GBSeq_organism>
 <GBSeq_organism>Mycobacterium tuberculosis H37Rv</GBSeq_organism>
 <GBSeq_organism>Mycobacterium triviale</GBSeq_organism>
 <GBSeq_organism>Mycobacterium ulcerans</GBSeq_organism>
 <GBSeq_organism>Mycobacterium celatum</GBSeq_organism>
 <GBSeq_organism>Mycobacterium lacus</GBSeq_organism>
 <GBSeq_organism>Mycobacterium colombiense CECT 3035</GBSeq_organism>
 <GBSeq_organism>Mycobacterium shimoidei</GBSeq_organism>
 <GBSeq_organism>Mycobacterium marinum</GBSeq_organism>
 <GBSeq_organism>Mycobacterium haemophilum</GBSeq_organism>
 <GBSeq_organism>Mycobacterium sp.</GBSeq_organism>
 <GBSeq_organism>Mycobacterium xenopi</GBSeq_organism>
 <GBSeq_organism>Mycobacterium nonchromogenicum</GBSeq_organism>
 <GBSeq_organism>Mycobacterium szulgai</GBSeq_organism>
 <GBSeq_organism>Mycobacterium gastri</GBSeq_organism>
 <GBSeq_organism>Mycobacterium nebraskense</GBSeq_organism>
 <GBSeq_organism>Mycobacterium heckeshornense</GBSeq_organism>
 <GBSeq_organism>Mycobacterium scrofulaceum</GBSeq_organism>
 <GBSeq_organism>Mycobacterium triplex</GBSeq_organism>
