 <GBSeq_organism>Calothrix sp. UAM 342</GBSeq_organism>
 <GBSeq_organism>Calothrix sp. UAM 374</GBSeq_organism>
 <GBSeq_organism>Tolypothrix sp. UAM 371</GBSeq_organism>
 <GBSeq_organism>Rivularia sp. UAM 347</GBSeq_organism>
 <GBSeq_organism>Calothrix sp. UAM 370</GBSeq_organism>
 <GBSeq_organism>Rivularia sp. UAM 355</GBSeq_organism>
 <GBSeq_organism>Rivularia sp. UAM 305</GBSeq_organism>
 <GBSeq_organism>uncultured Rivularia sp.</GBSeq_organism>
 <GBSeq_organism>Calothrix sp. UAM 345</GBSeq_organism>
 <GBSeq_organism>Calothrix sp. UAM 336</GBSeq_organism>
 <GBSeq_organism>Tolypothrix sp. UAM 357</GBSeq_organism>
 <GBSeq_organism>uncultured Tolypothrix sp.</GBSeq_organism>
 <GBSeq_organism>Calothrix sp. UAM 315</GBSeq_organism>
 <GBSeq_organism>Tolypothrix sp. UAM 332</GBSeq_organism>
 <GBSeq_organism>Tolypothrix sp. UAM 334</GBSeq_organism>
 <GBSeq_organism>Tolypothrix sp. UAM 335</GBSeq_organism>
 <GBSeq_organism>Calothrix sp. UAM 372</GBSeq_organism>
 <GBSeq_organism>Calothrix sp. UAM 341</GBSeq_organism>
 <GBSeq_organism>Rivularia sp. UAM 313</GBSeq_organism>
 <GBSeq_organism>Tolypothrix sp. UAM 340</GBSeq_organism>
 <GBSeq_organism>Tolypothrix sp. UAM 337</GBSeq_organism>
 <GBSeq_organism>Rivularia sp. UAM 369</GBSeq_organism>
 <GBSeq_organism>Tolypothrix sp. UAM 333</GBSeq_organism>
 <GBSeq_organism>Calothrix sp. UAM 352</GBSeq_organism>
 <GBSeq_organism>Rivularia sp. UAM 302</GBSeq_organism>
