 <GBSeq_organism>Candidatus Phytoplasma cynodontis</GBSeq_organism>
 <GBSeq_organism>Candidatus Phytoplasma fraxini</GBSeq_organism>
 <GBSeq_organism>Candidatus Phytoplasma mali</GBSeq_organism>
 <GBSeq_organism>Candidatus Phytoplasma australiense</GBSeq_organism>
 <GBSeq_organism>unidentified mollicute</GBSeq_organism>
 <GBSeq_organism>unidentified mollicute</GBSeq_organism>
 <GBSeq_organism>Phytoplasma sp.</GBSeq_organism>
 <GBSeq_organism>Candidatus Phytoplasma cynodontis</GBSeq_organism>
 <GBSeq_organism>Stylosanthes little leaf phytoplasma</GBSeq_organism>
 <GBSeq_organism>Branchiostoma floridae</GBSeq_organism>
 <GBSeq_organism>Candidatus Phytoplasma castaneae</GBSeq_organism>
 <GBSeq_organism>Acholeplasma laidlawii</GBSeq_organism>
 <GBSeq_organism>Coconut lethal yellowing phytoplasma</GBSeq_organism>
 <GBSeq_organism>Phytoplasma sp.</GBSeq_organism>
 <GBSeq_organism>Loofah witches&apos;-broom phytoplasma</GBSeq_organism>
 <GBSeq_organism>Buckland Valley grapevine yellows phytoplasma</GBSeq_organism>
 <GBSeq_organism>Candidatus Phytoplasma solani</GBSeq_organism>
 <GBSeq_organism>unidentified mollicute</GBSeq_organism>
 <GBSeq_organism>Candidatus Phytoplasma phoenicium</GBSeq_organism>
 <GBSeq_organism>Vigna little leaf phytoplasma</GBSeq_organism>
 <GBSeq_organism>Western X phytoplasma</GBSeq_organism>
 <GBSeq_organism>unidentified mollicute</GBSeq_organism>
 <GBSeq_organism>Candidatus Phytoplasma aurantifolia</GBSeq_organism>
 <GBSeq_organism>uncultured planctomycete</GBSeq_organism>
 <GBSeq_organism>Mycoplasma sp.</GBSeq_organism>
 <GBSeq_organism>Candidatus Phytoplasma trifolii</GBSeq_organism>
 <GBSeq_organism>Phytoplasma sp.</GBSeq_organism>
 <GBSeq_organism>Bindweed yellows phytoplasma</GBSeq_organism>
 <GBSeq_organism>Chinaberry yellows phytoplasma</GBSeq_organism>
 <GBSeq_organism>Weeping tea tree witches&apos;-broom phytoplasma</GBSeq_organism>
 <GBSeq_organism>Phytoplasma sp.</GBSeq_organism>
 <GBSeq_organism>Candidatus Phytoplasma brasiliense</GBSeq_organism>
 <GBSeq_organism>Phytoplasma sp.</GBSeq_organism>
 <GBSeq_organism>Candidatus Phytoplasma ulmi</GBSeq_organism>
 <GBSeq_organism>Erigeron witches&apos;-broom phytoplasma</GBSeq_organism>
