 <GBSeq_organism>[Clostridium] aminovalericum</GBSeq_organism>
 <GBSeq_organism>Blautia coccoides</GBSeq_organism>
 <GBSeq_organism>[Clostridium] jejuense DSM 15929</GBSeq_organism>
 <GBSeq_organism>Clostridium fusiformis</GBSeq_organism>
 <GBSeq_organism>Fusobacterium nucleatum subsp. nucleatum ATCC 25586</GBSeq_organism>
 <GBSeq_organism>[Clostridium] celerecrescens 18A</GBSeq_organism>
 <GBSeq_organism>[Clostridium] glycyrrhizinilyticum</GBSeq_organism>
 <GBSeq_organism>Propionigenium modestum</GBSeq_organism>
 <GBSeq_organism>[Clostridium] methoxybenzovorans SR3</GBSeq_organism>
 <GBSeq_organism>[Clostridium] aldenense</GBSeq_organism>
 <GBSeq_organism>[Clostridium] aerotolerans</GBSeq_organism>
 <GBSeq_organism>Butyrivibrio proteoclasticus</GBSeq_organism>
 <GBSeq_organism>[Clostridium] hathewayi</GBSeq_organism>
 <GBSeq_organism>[Clostridium] lavalense</GBSeq_organism>
 <GBSeq_organism>Clostridium sulfidigenes</GBSeq_organism>
 <GBSeq_organism>[Clostridium] populeti</GBSeq_organism>
 <GBSeq_organism>Tyzzerella nexilis DSM 1787</GBSeq_organism>
 <GBSeq_organism>[Clostridium] amygdalinum</GBSeq_organism>
 <GBSeq_organism>Clostridium boliviensis</GBSeq_organism>
 <GBSeq_organism>[Clostridium] lavalense</GBSeq_organism>
 <GBSeq_organism>[Clostridium] xylanovorans</GBSeq_organism>
 <GBSeq_organism>[Clostridium] xylanolyticum</GBSeq_organism>
 <GBSeq_organism>[Clostridium] fimetarium</GBSeq_organism>
 <GBSeq_organism>[Clostridium] symbiosum</GBSeq_organism>
 <GBSeq_organism>[Clostridium] saccharolyticum WM1</GBSeq_organism>
 <GBSeq_organism>Lachnoclostridium phytofermentans ISDg</GBSeq_organism>
 <GBSeq_organism>[Clostridium] clostridioforme</GBSeq_organism>
 <GBSeq_organism>[Clostridium] oroticum</GBSeq_organism>
 <GBSeq_organism>[Clostridium] indolis</GBSeq_organism>
 <GBSeq_organism>[Clostridium] bolteae</GBSeq_organism>
 <GBSeq_organism>[Clostridium asparagiforme] DSM 15981</GBSeq_organism>
 <GBSeq_organism>[Clostridium] aminophilum</GBSeq_organism>
 <GBSeq_organism>[Clostridium] polysaccharolyticum</GBSeq_organism>
 <GBSeq_organism>[Clostridium] algidixylanolyticum</GBSeq_organism>
 <GBSeq_organism>[Clostridium] herbivorans</GBSeq_organism>
 <GBSeq_organism>[Clostridium] scindens</GBSeq_organism>
