 <GBSeq_organism>Methanosalsum zhilinae</GBSeq_organism>
 <GBSeq_organism>Methanomethylovorans thermophila</GBSeq_organism>
 <GBSeq_organism>Methanolobus vulcani</GBSeq_organism>
 <GBSeq_organism>Methanococcus maripaludis</GBSeq_organism>
 <GBSeq_organism>Methanosarcina acetivorans</GBSeq_organism>
 <GBSeq_organism>Methanococcoides methylutens</GBSeq_organism>
 <GBSeq_organism>Methanomethylovorans hollandica</GBSeq_organism>
 <GBSeq_organism>Methanosarcina mazei</GBSeq_organism>
 <GBSeq_organism>Methanolobus bombayensis</GBSeq_organism>
 <GBSeq_organism>Methanolobus tindarius</GBSeq_organism>
 <GBSeq_organism>Methanolobus zinderi</GBSeq_organism>
 <GBSeq_organism>Methanohalophilus portucalensis FDF-1</GBSeq_organism>
 <GBSeq_organism>Methanococcoides alaskense</GBSeq_organism>
 <GBSeq_organism>Methanolobus taylorii</GBSeq_organism>
 <GBSeq_organism>Methanolobus zinderi</GBSeq_organism>
 <GBSeq_organism>Methanosarcina barkeri</GBSeq_organism>
 <GBSeq_organism>Methanolobus vulcani</GBSeq_organism>
 <GBSeq_organism>Methanosarcina barkeri</GBSeq_organism>
 <GBSeq_organism>Methanohalophilus halophilus</GBSeq_organism>
 <GBSeq_organism>Methanohalophilus mahii DSM 5219</GBSeq_organism>
 <GBSeq_organism>Methanosarcina thermophila TM-1</GBSeq_organism>
 <GBSeq_organism>Methanolobus tindarius</GBSeq_organism>
 <GBSeq_organism>Methanohalophilus euhalobius</GBSeq_organism>
 <GBSeq_organism>Methanomethylovorans hollandica DSM 15978</GBSeq_organism>
 <GBSeq_organism>Methanolobus bombayensis</GBSeq_organism>
 <GBSeq_organism>Methanosarcina thermophila TM-1</GBSeq_organism>
 <GBSeq_organism>Methanosarcina acetivorans</GBSeq_organism>
 <GBSeq_organism>Methanolobus taylorii</GBSeq_organism>
 <GBSeq_organism>Methanomethylovorans thermophila</GBSeq_organism>
 <GBSeq_organism>Methanococcoides burtonii</GBSeq_organism>
 <GBSeq_organism>Methanococcoides methylutens</GBSeq_organism>
 <GBSeq_organism>Methanolobus oregonensis</GBSeq_organism>
 <GBSeq_organism>Methanolobus oregonensis</GBSeq_organism>
