 <GBSeq_organism>Niabella yanshanensis</GBSeq_organism>
 <GBSeq_organism>Niastella koreensis GR20-10</GBSeq_organism>
 <GBSeq_organism>Terrimonas lutea</GBSeq_organism>
 <GBSeq_organism>Lacibacter cauensis</GBSeq_organism>
 <GBSeq_organism>Chitinophaga ginsengisegetis</GBSeq_organism>
 <GBSeq_organism>Chitinophaga arvensicola</GBSeq_organism>
 <GBSeq_organism>Terrimonas ferruginea</GBSeq_organism>
 <GBSeq_organism>Ferruginibacter lapsinanis</GBSeq_organism>
 <GBSeq_organism>Ferruginibacter alkalilentus</GBSeq_organism>
 <GBSeq_organism>Segetibacter koreensis</GBSeq_organism>
 <GBSeq_organism>Niabella aurantiaca</GBSeq_organism>
 <GBSeq_organism>Niabella ginsengisoli</GBSeq_organism>
 <GBSeq_organism>Filimonas lacunae</GBSeq_organism>
 <GBSeq_organism>Chitinophaga pinensis DSM 2588</GBSeq_organism>
 <GBSeq_organism>Chitinophaga ginsengisoli</GBSeq_organism>
 <GBSeq_organism>Niastella yeongjuensis</GBSeq_organism>
 <GBSeq_organism>Niabella soli DSM 19437</GBSeq_organism>
 <GBSeq_organism>Terrimonas aquatica</GBSeq_organism>
 <GBSeq_organism>Flavobacterium aquatile</GBSeq_organism>
 <GBSeq_organism>Chitinophaga sancti</GBSeq_organism>
