 <GBSeq_organism>Aeromonas sp. F544A</GBSeq_organism>
 <GBSeq_organism>Aeromonas enteropelogenes</GBSeq_organism>
 <GBSeq_organism>Aeromonas eucrenophila</GBSeq_organism>
 <GBSeq_organism>Aeromonas dhakensis</GBSeq_organism>
 <GBSeq_organism>Aeromonas jandaei</GBSeq_organism>
 <GBSeq_organism>Aeromonas eucrenophila</GBSeq_organism>
 <GBSeq_organism>Aeromonas schubertii</GBSeq_organism>
 <GBSeq_organism>Aeromonas salmonicida</GBSeq_organism>
 <GBSeq_organism>Aeromonas media</GBSeq_organism>
 <GBSeq_organism>Aeromonas veronii bv. veronii</GBSeq_organism>
 <GBSeq_organism>Aeromonas diversa 2478-85</GBSeq_organism>
 <GBSeq_organism>Aeromonas caviae</GBSeq_organism>
 <GBSeq_organism>Aeromonas media</GBSeq_organism>
 <GBSeq_organism>Aeromonas hydrophila subsp. ranae</GBSeq_organism>
 <GBSeq_organism>Aeromonas sp. V168</GBSeq_organism>
 <GBSeq_organism>Aeromonas sp.</GBSeq_organism>
 <GBSeq_organism>Aeromonas sobria</GBSeq_organism>
 <GBSeq_organism>Aeromonas veronii bv. sobria</GBSeq_organism>
 <GBSeq_organism>Aeromonas media</GBSeq_organism>
 <GBSeq_organism>Aeromonas media</GBSeq_organism>
 <GBSeq_organism>Aeromonas veronii</GBSeq_organism>
 <GBSeq_organism>Aeromonas sp. V97</GBSeq_organism>
 <GBSeq_organism>Aeromonas molluscorum</GBSeq_organism>
 <GBSeq_organism>Aeromonas hydrophila</GBSeq_organism>
 <GBSeq_organism>Aeromonas encheleia</GBSeq_organism>
 <GBSeq_organism>Aeromonas popoffii</GBSeq_organism>
 <GBSeq_organism>Aeromonas sp. V30</GBSeq_organism>
 <GBSeq_organism>Aeromonas sp. F666D</GBSeq_organism>
 <GBSeq_organism>Aeromonas simiae</GBSeq_organism>
