 <GBSeq_organism>Rhizobium borbori</GBSeq_organism>
 <GBSeq_organism>Sinorhizobium xinjiangense</GBSeq_organism>
 <GBSeq_organism>Rhizobium tibeticum</GBSeq_organism>
 <GBSeq_organism>Rhizobium yanglingense</GBSeq_organism>
 <GBSeq_organism>Rhizobium phaseoli</GBSeq_organism>
 <GBSeq_organism>Rhizobium borbori</GBSeq_organism>
 <GBSeq_organism>Rhizobium daejeonense</GBSeq_organism>
 <GBSeq_organism>Rhizobium oryzae</GBSeq_organism>
 <GBSeq_organism>Ensifer americanum</GBSeq_organism>
 <GBSeq_organism>Rhizobium mesosinicum</GBSeq_organism>
 <GBSeq_organism>Sinorhizobium kummerowiae</GBSeq_organism>
 <GBSeq_organism>Rhizobium loessense</GBSeq_organism>
 <GBSeq_organism>Sinorhizobium saheli</GBSeq_organism>
 <GBSeq_organism>Rhizobium miluonense</GBSeq_organism>
 <GBSeq_organism>Rhizobium giardinii</GBSeq_organism>
 <GBSeq_organism>Azorhizobium caulinodans ORS 571</GBSeq_organism>
 <GBSeq_organism>Agrobacterium larrymoorei</GBSeq_organism>
 <GBSeq_organism>Agrobacterium tumefaciens</GBSeq_organism>
 <GBSeq_organism>Rhizobium undicola</GBSeq_organism>
 <GBSeq_organism>Rhizobium tropici</GBSeq_organism>
 <GBSeq_organism>Ensifer adhaerens</GBSeq_organism>
 <GBSeq_organism>Rhizobium etli CFN 42</GBSeq_organism>
 <GBSeq_organism>Rhizobium leguminosarum bv. viciae USDA 2370</GBSeq_organism>
 <GBSeq_organism>Neorhizobium huautlense</GBSeq_organism>
 <GBSeq_organism>Agrobacterium vitis</GBSeq_organism>
 <GBSeq_organism>Agrobacterium rubi</GBSeq_organism>
 <GBSeq_organism>Daeguia caeni</GBSeq_organism>
 <GBSeq_organism>Rhizobium lupini</GBSeq_organism>
 <GBSeq_organism>Sinorhizobium terangae</GBSeq_organism>
 <GBSeq_organism>Rhizobium pisi</GBSeq_organism>
 <GBSeq_organism>Rhizobium alamii</GBSeq_organism>
 <GBSeq_organism>Rhizobium mongolense USDA 1844</GBSeq_organism>
 <GBSeq_organism>Agrobacterium rhizogenes</GBSeq_organism>
 <GBSeq_organism>Sinorhizobium meliloti</GBSeq_organism>
 <GBSeq_organism>Rhizobium multihospitium</GBSeq_organism>
 <GBSeq_organism>Sinorhizobium fredii</GBSeq_organism>
 <GBSeq_organism>Sinorhizobium arboris LMG 14919</GBSeq_organism>
 <GBSeq_organism>Rhizobium gallicum</GBSeq_organism>
 <GBSeq_organism>Rhizobium borbori</GBSeq_organism>
 <GBSeq_organism>Rhizobium indigoferae</GBSeq_organism>
 <GBSeq_organism>Ensifer adhaerens</GBSeq_organism>
 <GBSeq_organism>Sinorhizobium kostiense</GBSeq_organism>
 <GBSeq_organism>Rhizobium selenitireducens</GBSeq_organism>
 <GBSeq_organism>Neorhizobium alkalisoli</GBSeq_organism>
