 <GBSeq_organism>Helicobacter sp. Dog-4</GBSeq_organism>
 <GBSeq_organism>Helicobacter bilis</GBSeq_organism>
 <GBSeq_organism>Helicobacter bilis</GBSeq_organism>
 <GBSeq_organism>Helicobacter cholecystus</GBSeq_organism>
 <GBSeq_organism>Helicobacter bilis</GBSeq_organism>
 <GBSeq_organism>Helicobacter bilis</GBSeq_organism>
 <GBSeq_organism>Helicobacter winghamensis</GBSeq_organism>
 <GBSeq_organism>Helicobacter bilis</GBSeq_organism>
 <GBSeq_organism>Flexispira sp. CDC-H69</GBSeq_organism>
 <GBSeq_organism>Campylobacter jejuni</GBSeq_organism>
 <GBSeq_organism>Helicobacter bilis</GBSeq_organism>
 <GBSeq_organism>Helicobacter trogontum</GBSeq_organism>
 <GBSeq_organism>Helicobacter bilis</GBSeq_organism>
 <GBSeq_organism>Helicobacter aurati</GBSeq_organism>
 <GBSeq_organism>Helicobacter bilis</GBSeq_organism>
 <GBSeq_organism>Helicobacter bilis</GBSeq_organism>
 <GBSeq_organism>Helicobacter bilis</GBSeq_organism>
 <GBSeq_organism>Helicobacter fennelliae</GBSeq_organism>
 <GBSeq_organism>Helicobacter cinaedi CCUG 18818</GBSeq_organism>
 <GBSeq_organism>Helicobacter hepaticus</GBSeq_organism>
 <GBSeq_organism>Helicobacter bilis</GBSeq_organism>
 <GBSeq_organism>Helicobacter bilis</GBSeq_organism>
 <GBSeq_organism>Helicobacter muridarum</GBSeq_organism>
 <GBSeq_organism>Helicobacter bilis</GBSeq_organism>
 <GBSeq_organism>Helicobacter pullorum NCTC 12824</GBSeq_organism>
 <GBSeq_organism>Flexispira rappini</GBSeq_organism>
 <GBSeq_organism>Flexispira rappini</GBSeq_organism>
 <GBSeq_organism>Helicobacter sp. MIT 95-234-6</GBSeq_organism>
 <GBSeq_organism>Helicobacter canis</GBSeq_organism>
 <GBSeq_organism>Helicobacter bilis</GBSeq_organism>
 <GBSeq_organism>Helicobacter cinaedi</GBSeq_organism>
