 <GBSeq_organism>Mrakia sp. CBS 8914</GBSeq_organism>
 <GBSeq_organism>Mrakia blollopis</GBSeq_organism>
 <GBSeq_organism>Mrakia frigida</GBSeq_organism>
 <GBSeq_organism>Mrakia robertii</GBSeq_organism>
 <GBSeq_organism>Mrakia sp. CBS 8922</GBSeq_organism>
 <GBSeq_organism>Mrakia nivalis</GBSeq_organism>
 <GBSeq_organism>Mrakia robertii</GBSeq_organism>
 <GBSeq_organism>Mrakia frigida</GBSeq_organism>
 <GBSeq_organism>uncultured basidiomycota sp. 96-G1</GBSeq_organism>
 <GBSeq_organism>Mrakia frigida</GBSeq_organism>
 <GBSeq_organism>Mrakia robertii</GBSeq_organism>
 <GBSeq_organism>Mrakia psychrophila</GBSeq_organism>
 <GBSeq_organism>Guehomyces pullulans</GBSeq_organism>
 <GBSeq_organism>uncultured basidiomycota sp. 94-G11</GBSeq_organism>
 <GBSeq_organism>Mrakia gelida</GBSeq_organism>
 <GBSeq_organism>Mrakia stokesii</GBSeq_organism>
 <GBSeq_organism>Mrakiella aquatica</GBSeq_organism>
 <GBSeq_organism>Mrakia blollopis</GBSeq_organism>
 <GBSeq_organism>Mrakiella niccombsii</GBSeq_organism>
 <GBSeq_organism>Mrakia frigida</GBSeq_organism>
 <GBSeq_organism>Mrakiella aquatica</GBSeq_organism>
 <GBSeq_organism>uncultured basidiomycota sp. 96-G6</GBSeq_organism>
 <GBSeq_organism>uncultured basidiomycota sp. 96-G3</GBSeq_organism>
