 <GBSeq_organism>Methylocystis sp. IMET 10489</GBSeq_organism>
 <GBSeq_organism>Methylocystis sp. 50/42a</GBSeq_organism>
 <GBSeq_organism>Methylosinus sporium</GBSeq_organism>
 <GBSeq_organism>Methylocystis sp. KS7</GBSeq_organism>
 <GBSeq_organism>Methylocystis sp. 51</GBSeq_organism>
 <GBSeq_organism>Methylocystis echinoides</GBSeq_organism>
 <GBSeq_organism>Methylocystis sp. SC2</GBSeq_organism>
 <GBSeq_organism>Methylocystis sp. IMET 10484</GBSeq_organism>
 <GBSeq_organism>Methylocystis sp. M42/1</GBSeq_organism>
 <GBSeq_organism>type II methanotroph AML-A6</GBSeq_organism>
 <GBSeq_organism>Methylocystis sp. 39</GBSeq_organism>
 <GBSeq_organism>Methylocystis sp. 62/12</GBSeq_organism>
 <GBSeq_organism>Methylocystis sp. LW5</GBSeq_organism>
 <GBSeq_organism>Methylocystis rosea SV97</GBSeq_organism>
 <GBSeq_organism>Methylocystis sp. 41</GBSeq_organism>
 <GBSeq_organism>Methylocystis sp. 494</GBSeq_organism>
 <GBSeq_organism>Methylocystis sp. 42/22</GBSeq_organism>
 <GBSeq_organism>Methylocystis sp. KS8a</GBSeq_organism>
 <GBSeq_organism>type II methanotroph AML-A3</GBSeq_organism>
 <GBSeq_organism>Methylocystis parvus OBBP</GBSeq_organism>
 <GBSeq_organism>methanotroph WI-14</GBSeq_organism>
 <GBSeq_organism>Methylocystis echinoides</GBSeq_organism>
 <GBSeq_organism>Methylocystis sp. KS33</GBSeq_organism>
 <GBSeq_organism>Methylocystis sp. 50/54</GBSeq_organism>
 <GBSeq_organism>Methylocystis sp. M</GBSeq_organism>
