 <GBSeq_organism>uncultured bacterium</GBSeq_organism>
 <GBSeq_organism>unidentified eubacterium clone SAR202</GBSeq_organism>
 <GBSeq_organism>uncultured soil bacterium</GBSeq_organism>
 <GBSeq_organism>Chloroflexi bacterium P359</GBSeq_organism>
 <GBSeq_organism>Chloroflexi bacterium T104</GBSeq_organism>
 <GBSeq_organism>Oscillochloris trichoides DG-6</GBSeq_organism>
 <GBSeq_organism>bacterium SOSP1-52</GBSeq_organism>
 <GBSeq_organism>Anaerolinea thermolimosa</GBSeq_organism>
 <GBSeq_organism>Thermosporothrix hazakensis</GBSeq_organism>
 <GBSeq_organism>uncultured bacterium</GBSeq_organism>
 <GBSeq_organism>Chloroflexi bacterium T81</GBSeq_organism>
 <GBSeq_organism>bacterium SOSP1-9</GBSeq_organism>
 <GBSeq_organism>uncultured bacterium</GBSeq_organism>
 <GBSeq_organism>unidentified eubacterium clone SAR307</GBSeq_organism>
 <GBSeq_organism>bacterium SOSP1-1</GBSeq_organism>
 <GBSeq_organism>uncultured soil bacterium</GBSeq_organism>
 <GBSeq_organism>uncultured bacterium</GBSeq_organism>
 <GBSeq_organism>uncultured bacterium</GBSeq_organism>
 <GBSeq_organism>bacterium SOSP1-0</GBSeq_organism>
 <GBSeq_organism>bacterium SOSP1-30</GBSeq_organism>
 <GBSeq_organism>bacterium SOSP1-165</GBSeq_organism>
 <GBSeq_organism>Levilinea saccharolytica</GBSeq_organism>
 <GBSeq_organism>bacterium SOSP1-85</GBSeq_organism>
 <GBSeq_organism>Chloroflexus aggregans</GBSeq_organism>
 <GBSeq_organism>Chloroflexi bacterium P352</GBSeq_organism>
 <GBSeq_organism>uncultured bacterium</GBSeq_organism>
 <GBSeq_organism>uncultured bacterium</GBSeq_organism>
