 <GBSeq_organism>Agrobacterium rubi</GBSeq_organism>
 <GBSeq_organism>Rhizobium multihospitium</GBSeq_organism>
 <GBSeq_organism>Rhizobium giardinii</GBSeq_organism>
 <GBSeq_organism>Rhizobium mongolense USDA 1844</GBSeq_organism>
 <GBSeq_organism>Neorhizobium huautlense</GBSeq_organism>
 <GBSeq_organism>Rhizobium cellulosilyticum</GBSeq_organism>
 <GBSeq_organism>Rhizobium tropici</GBSeq_organism>
 <GBSeq_organism>Rhizobium pisi</GBSeq_organism>
 <GBSeq_organism>Rhizobium vignae</GBSeq_organism>
 <GBSeq_organism>Neorhizobium alkalisoli</GBSeq_organism>
 <GBSeq_organism>Rhizobium vignae</GBSeq_organism>
 <GBSeq_organism>Rhizobium undicola</GBSeq_organism>
 <GBSeq_organism>Rhizobium fabae</GBSeq_organism>
 <GBSeq_organism>Rhizobium vignae</GBSeq_organism>
 <GBSeq_organism>Rhizobium etli</GBSeq_organism>
 <GBSeq_organism>Rhizobium vignae</GBSeq_organism>
 <GBSeq_organism>Rhizobium vignae</GBSeq_organism>
 <GBSeq_organism>Rhizobium vignae</GBSeq_organism>
 <GBSeq_organism>Rhizobium yanglingense</GBSeq_organism>
 <GBSeq_organism>Rhizobium lusitanum</GBSeq_organism>
 <GBSeq_organism>Rhizobium leguminosarum bv. viciae USDA 2370</GBSeq_organism>
 <GBSeq_organism>Rhizobium etli</GBSeq_organism>
 <GBSeq_organism>Rhizobium vignae</GBSeq_organism>
 <GBSeq_organism>Agrobacterium vitis</GBSeq_organism>
 <GBSeq_organism>Agrobacterium rhizogenes</GBSeq_organism>
 <GBSeq_organism>Rhizobium leucaenae USDA 9039</GBSeq_organism>
 <GBSeq_organism>Agrobacterium tumefaciens</GBSeq_organism>
 <GBSeq_organism>Rhizobium gallicum bv. gallicum</GBSeq_organism>
