 <GBSeq_organism>uncultured bacterium</GBSeq_organism>
 <GBSeq_organism>uncultured sludge bacterium A12b</GBSeq_organism>
 <GBSeq_organism>uncultured Bacteroidetes/Chlorobi group bacterium</GBSeq_organism>
 <GBSeq_organism>uncultured bacterium</GBSeq_organism>
 <GBSeq_organism>uncultured bacterium</GBSeq_organism>
 <GBSeq_organism>Fibrobacter succinogenes subsp. succinogenes S85</GBSeq_organism>
 <GBSeq_organism>uncultured bacterium</GBSeq_organism>
 <GBSeq_organism>Chlorobaculum tepidum</GBSeq_organism>
 <GBSeq_organism>uncultured Bacteroidetes bacterium</GBSeq_organism>
 <GBSeq_organism>Ignavibacterium album JCM 16511</GBSeq_organism>
 <GBSeq_organism>Bacteroides fragilis</GBSeq_organism>
 <GBSeq_organism>uncultured bacterium PHOS-HE36</GBSeq_organism>
 <GBSeq_organism>uncultured bacterium</GBSeq_organism>
 <GBSeq_organism>Chlorobium phaeobacteroides</GBSeq_organism>
 <GBSeq_organism>Chlorobaculum thiosulfatiphilum</GBSeq_organism>
 <GBSeq_organism>uncultured bacterium</GBSeq_organism>
 <GBSeq_organism>uncultured SB1 group bacterium</GBSeq_organism>
 <GBSeq_organism>Prosthecochloris aestuarii DSM 271</GBSeq_organism>
 <GBSeq_organism>Sphingobacterium spiritivorum</GBSeq_organism>
 <GBSeq_organism>Chlorobium chlorovibrioides</GBSeq_organism>
 <GBSeq_organism>uncultured bacterium PHOS-HC15</GBSeq_organism>
 <GBSeq_organism>uncultured bacterium</GBSeq_organism>
 <GBSeq_organism>uncultured bacterium</GBSeq_organism>
 <GBSeq_organism>uncultured Chlorobi bacterium</GBSeq_organism>
 <GBSeq_organism>uncultured bacterium</GBSeq_organism>
 <GBSeq_organism>uncultured Chlorobi bacterium</GBSeq_organism>
 <GBSeq_organism>Pelodictyon phaeum</GBSeq_organism>
 <GBSeq_organism>uncultured bacterium</GBSeq_organism>
 <GBSeq_organism>unidentified eubacterium clone BSV40</GBSeq_organism>
 <GBSeq_organism>Prosthecochloris vibrioformis</GBSeq_organism>
 <GBSeq_organism>Flavobacterium aquatile</GBSeq_organism>
 <GBSeq_organism>uncultured bacterium</GBSeq_organism>
 <GBSeq_organism>Cytophaga hutchinsonii</GBSeq_organism>
 <GBSeq_organism>uncultured Chlorobi bacterium</GBSeq_organism>
 <GBSeq_organism>Chlorobium phaeovibrioides</GBSeq_organism>
 <GBSeq_organism>uncultured bacterium SJA-28</GBSeq_organism>
 <GBSeq_organism>unidentified eubacterium clone BSV19</GBSeq_organism>
 <GBSeq_organism>Chlorobium luteolum DSM 273</GBSeq_organism>
