 <GBSeq_organism>Cellulophaga algicola DSM 14237</GBSeq_organism>
 <GBSeq_organism>Cellulophaga pacifica</GBSeq_organism>
 <GBSeq_organism>Capnocytophaga gingivalis</GBSeq_organism>
 <GBSeq_organism>Zobellia galactanivorans</GBSeq_organism>
 <GBSeq_organism>Flagellimonas eckloniae</GBSeq_organism>
 <GBSeq_organism>Arenibacter palladensis</GBSeq_organism>
 <GBSeq_organism>Cellulophaga tyrosinoxydans</GBSeq_organism>
 <GBSeq_organism>Zobellia amurskyensis</GBSeq_organism>
 <GBSeq_organism>Maribacter aquivivus</GBSeq_organism>
 <GBSeq_organism>Muricauda ruestringensis DSM 13258</GBSeq_organism>
 <GBSeq_organism>Costertonia aggregata</GBSeq_organism>
 <GBSeq_organism>Gaetbulibacter saemankumensis</GBSeq_organism>
 <GBSeq_organism>Zobellia laminariae</GBSeq_organism>
 <GBSeq_organism>Muricauda flavescens</GBSeq_organism>
 <GBSeq_organism>Ulvibacter litoralis</GBSeq_organism>
 <GBSeq_organism>Maribacter dokdonensis</GBSeq_organism>
 <GBSeq_organism>Maribacter polysiphoniae</GBSeq_organism>
 <GBSeq_organism>Bergeyella zoohelcum</GBSeq_organism>
 <GBSeq_organism>Muricauda aquimarina</GBSeq_organism>
 <GBSeq_organism>Flavobacterium aquatile</GBSeq_organism>
 <GBSeq_organism>Cellulophaga fucicola</GBSeq_organism>
 <GBSeq_organism>Cellulophaga lytica</GBSeq_organism>
 <GBSeq_organism>Salinimicrobium catena</GBSeq_organism>
 <GBSeq_organism>Zobellia uliginosa</GBSeq_organism>
 <GBSeq_organism>Zobellia russellii</GBSeq_organism>
 <GBSeq_organism>Cellulophaga baltica</GBSeq_organism>
 <GBSeq_organism>Arenibacter latericius</GBSeq_organism>
 <GBSeq_organism>Robiginitalea biformata HTCC2501</GBSeq_organism>
