 <GBSeq_organism>Salinibacterium amurskyense</GBSeq_organism>
 <GBSeq_organism>Herbiconiux ginsengi</GBSeq_organism>
 <GBSeq_organism>Rathayibacter rathayi</GBSeq_organism>
 <GBSeq_organism>Subtercola boreus</GBSeq_organism>
 <GBSeq_organism>Subtercola frigoramans</GBSeq_organism>
 <GBSeq_organism>Leifsonia naganoensis</GBSeq_organism>
 <GBSeq_organism>Arthrobacter globiformis</GBSeq_organism>
 <GBSeq_organism>Clavibacter michiganensis</GBSeq_organism>
 <GBSeq_organism>Agreia pratensis</GBSeq_organism>
 <GBSeq_organism>Phycicola gilvus</GBSeq_organism>
 <GBSeq_organism>Leifsonia soli</GBSeq_organism>
 <GBSeq_organism>Rathayibacter caricis</GBSeq_organism>
 <GBSeq_organism>Rathayibacter toxicus</GBSeq_organism>
 <GBSeq_organism>Mycetocola saprophilus</GBSeq_organism>
 <GBSeq_organism>Herbiconiux solani</GBSeq_organism>
 <GBSeq_organism>Rathayibacter festucae</GBSeq_organism>
 <GBSeq_organism>Microcella alkaliphila</GBSeq_organism>
 <GBSeq_organism>Agreia bicolorata</GBSeq_organism>
 <GBSeq_organism>Agrococcus versicolor</GBSeq_organism>
 <GBSeq_organism>Leifsonia rubra</GBSeq_organism>
 <GBSeq_organism>Agrococcus jejuensis</GBSeq_organism>
 <GBSeq_organism>Humibacter albus DSM 18994</GBSeq_organism>
 <GBSeq_organism>Leifsonia aquatica</GBSeq_organism>
 <GBSeq_organism>Clavibacter michiganensis</GBSeq_organism>
 <GBSeq_organism>Labedella gwakjiensis</GBSeq_organism>
 <GBSeq_organism>Cryobacterium psychrophilum</GBSeq_organism>
 <GBSeq_organism>Leifsonia pindariensis</GBSeq_organism>
 <GBSeq_organism>Leifsonia psychrotolerans</GBSeq_organism>
 <GBSeq_organism>Leifsonia antarctica</GBSeq_organism>
 <GBSeq_organism>Microterricola viridarii</GBSeq_organism>
 <GBSeq_organism>Agrococcus baldri</GBSeq_organism>
 <GBSeq_organism>Agrococcus lahaulensis</GBSeq_organism>
 <GBSeq_organism>Rathayibacter iranicus</GBSeq_organism>
 <GBSeq_organism>Agrococcus casei</GBSeq_organism>
 <GBSeq_organism>Cryobacterium mesophilum</GBSeq_organism>
 <GBSeq_organism>Rhodoglobus aureus</GBSeq_organism>
 <GBSeq_organism>Leifsonia bigeumensis</GBSeq_organism>
 <GBSeq_organism>Salinibacterium xinjiangense</GBSeq_organism>
 <GBSeq_organism>Mycetocola lacteus</GBSeq_organism>
 <GBSeq_organism>Rathayibacter tritici</GBSeq_organism>
 <GBSeq_organism>Clavibacter michiganensis subsp. tessellarius</GBSeq_organism>
 <GBSeq_organism>Plantibacter flavus</GBSeq_organism>
 <GBSeq_organism>Clavibacter michiganensis</GBSeq_organism>
 <GBSeq_organism>Agrococcus jenensis</GBSeq_organism>
 <GBSeq_organism>Agrococcus citreus</GBSeq_organism>
 <GBSeq_organism>Leifsonia poae</GBSeq_organism>
 <GBSeq_organism>Leifsonia kribbensis</GBSeq_organism>
 <GBSeq_organism>Frigoribacterium faeni</GBSeq_organism>
 <GBSeq_organism>Microcella putealis</GBSeq_organism>
 <GBSeq_organism>Cryobacterium psychrotolerans</GBSeq_organism>
 <GBSeq_organism>Leifsonia kafniensis</GBSeq_organism>
