 <GBSeq_organism>Pichia occidentalis</GBSeq_organism>
 <GBSeq_organism>Issatchenkia hanoiensis</GBSeq_organism>
 <GBSeq_organism>Pichia deserticola</GBSeq_organism>
 <GBSeq_organism>Pichia galeiformis</GBSeq_organism>
 <GBSeq_organism>Pichia membranifaciens</GBSeq_organism>
 <GBSeq_organism>Pichia membranifaciens</GBSeq_organism>
 <GBSeq_organism>Pichia kluyveri var. kluyveri</GBSeq_organism>
 <GBSeq_organism>Pichia membranifaciens</GBSeq_organism>
 <GBSeq_organism>Pichia membranifaciens</GBSeq_organism>
 <GBSeq_organism>Pichia kudriavzevii</GBSeq_organism>
 <GBSeq_organism>Candida ethanolica</GBSeq_organism>
 <GBSeq_organism>Pichia galeiformis</GBSeq_organism>
 <GBSeq_organism>Issatchenkia terricola</GBSeq_organism>
 <GBSeq_organism>Pichia membranifaciens</GBSeq_organism>
 <GBSeq_organism>Pichia sp. YS110</GBSeq_organism>
 <GBSeq_organism>Pichia membranifaciens</GBSeq_organism>
 <GBSeq_organism>Pichia kluyveri var. cephalocereana</GBSeq_organism>
 <GBSeq_organism>Pichia membranifaciens</GBSeq_organism>
 <GBSeq_organism>Pichia kluyveri var. kluyveri</GBSeq_organism>
 <GBSeq_organism>Pichia cecembensis</GBSeq_organism>
 <GBSeq_organism>Pichia membranifaciens</GBSeq_organism>
 <GBSeq_organism>Pichia membranifaciens</GBSeq_organism>
 <GBSeq_organism>Pichia membranifaciens</GBSeq_organism>
 <GBSeq_organism>Pichia sp. AWRI 1272</GBSeq_organism>
 <GBSeq_organism>Pichia membranifaciens</GBSeq_organism>
 <GBSeq_organism>Pichia membranifaciens</GBSeq_organism>
 <GBSeq_organism>Pichia sp. YS111</GBSeq_organism>
 <GBSeq_organism>Pichia fermentans</GBSeq_organism>
 <GBSeq_organism>Issatchenkia scutulata var. exigua</GBSeq_organism>
 <GBSeq_organism>Kregervanrija fluxuum</GBSeq_organism>
 <GBSeq_organism>Pichia kluyveri var. eremophila</GBSeq_organism>
 <GBSeq_organism>Pichia occidentalis</GBSeq_organism>
 <GBSeq_organism>Pichia membranifaciens</GBSeq_organism>
 <GBSeq_organism>Pichia membranifaciens</GBSeq_organism>
 <GBSeq_organism>Pichia membranifaciens</GBSeq_organism>
 <GBSeq_organism>Pichia membranifaciens</GBSeq_organism>
 <GBSeq_organism>Pichia fermentans</GBSeq_organism>
 <GBSeq_organism>Lachancea fermentati</GBSeq_organism>
 <GBSeq_organism>Pichia sp. CBS 241</GBSeq_organism>
 <GBSeq_organism>Pichia membranifaciens</GBSeq_organism>
