 <GBSeq_organism>Rhodothermus marinus</GBSeq_organism>
 <GBSeq_organism>Thermonema lapsum</GBSeq_organism>
 <GBSeq_organism>Flammeovirga arenaria</GBSeq_organism>
 <GBSeq_organism>uncultured Bacteroidetes bacterium</GBSeq_organism>
 <GBSeq_organism>Encarsia pergandiella asexual line endosymbiont</GBSeq_organism>
 <GBSeq_organism>Cyclobacterium marinum</GBSeq_organism>
 <GBSeq_organism>Flexibacter flexilis</GBSeq_organism>
 <GBSeq_organism>Marinoscillum furvescens</GBSeq_organism>
 <GBSeq_organism>endosymbiont of Acanthamoeba sp. (Hungarian isolate)</GBSeq_organism>
 <GBSeq_organism>Sporocytophaga myxococcoides</GBSeq_organism>
 <GBSeq_organism>Tenacibaculum mesophilum</GBSeq_organism>
 <GBSeq_organism>Cytophaga aurantiaca</GBSeq_organism>
 <GBSeq_organism>uncultured Bacteroidetes bacterium</GBSeq_organism>
 <GBSeq_organism>Flexibacter litoralis</GBSeq_organism>
 <GBSeq_organism>endosymbiont of Brevipalpus phoenicis</GBSeq_organism>
 <GBSeq_organism>Cytophaga sp.</GBSeq_organism>
 <GBSeq_organism>Bacteroides fragilis</GBSeq_organism>
 <GBSeq_organism>Flexibacter roseolus</GBSeq_organism>
 <GBSeq_organism>Terrimonas ferruginea</GBSeq_organism>
 <GBSeq_organism>Sphingobacterium spiritivorum</GBSeq_organism>
 <GBSeq_organism>Chryseobacterium indologenes</GBSeq_organism>
 <GBSeq_organism>Pedobacter heparinus</GBSeq_organism>
 <GBSeq_organism>Candidatus Amoebophilus asiaticus</GBSeq_organism>
 <GBSeq_organism>Encarsia pergandiella sexual line endosymbiont</GBSeq_organism>
 <GBSeq_organism>Porphyromonas levii</GBSeq_organism>
 <GBSeq_organism>Cytophaga fermentans</GBSeq_organism>
 <GBSeq_organism>Candidatus Cardinium hertigii</GBSeq_organism>
 <GBSeq_organism>Bergeyella zoohelcum</GBSeq_organism>
 <GBSeq_organism>Flavobacterium aquatile</GBSeq_organism>
 <GBSeq_organism>Flavobacterium sp.</GBSeq_organism>
 <GBSeq_organism>Flectobacillus major</GBSeq_organism>
 <GBSeq_organism>Rikenella microfusus</GBSeq_organism>
 <GBSeq_organism>Cytophaga hutchinsonii</GBSeq_organism>
 <GBSeq_organism>Chitinophaga pinensis DSM 2588</GBSeq_organism>
 <GBSeq_organism>uncultured Bacteroidetes bacterium</GBSeq_organism>
 <GBSeq_organism>Blattabacterium punctulatus</GBSeq_organism>
 <GBSeq_organism>Persicobacter diffluens</GBSeq_organism>
 <GBSeq_organism>Zobellia uliginosa</GBSeq_organism>
