 <GBSeq_organism>Cryptococcus flavescens</GBSeq_organism>
 <GBSeq_organism>Cryptococcus flavescens</GBSeq_organism>
 <GBSeq_organism>Tremellales sp. LM613</GBSeq_organism>
 <GBSeq_organism>Cryptococcus aureus</GBSeq_organism>
 <GBSeq_organism>basidiomycete yeast sp. DX-2006N</GBSeq_organism>
 <GBSeq_organism>Cryptococcus flavescens</GBSeq_organism>
 <GBSeq_organism>Cryptococcus aureus</GBSeq_organism>
 <GBSeq_organism>Cryptococcus sp. P225</GBSeq_organism>
 <GBSeq_organism>Cryptococcus flavescens</GBSeq_organism>
 <GBSeq_organism>Cryptococcus flavescens</GBSeq_organism>
 <GBSeq_organism>Tremellales sp. LM629</GBSeq_organism>
 <GBSeq_organism>Bullera pseudoalba</GBSeq_organism>
 <GBSeq_organism>Cryptococcus terrestris</GBSeq_organism>
 <GBSeq_organism>Cryptococcus aureus</GBSeq_organism>
 <GBSeq_organism>Cryptococcus cf. flavescens CBS 4926</GBSeq_organism>
 <GBSeq_organism>Tremellales sp. LM47</GBSeq_organism>
 <GBSeq_organism>Cryptococcus sp. CBS 8366</GBSeq_organism>
 <GBSeq_organism>Cryptococcus cf. aureus NRRL Y-30215</GBSeq_organism>
 <GBSeq_organism>Cryptococcus sp. AA-090.4</GBSeq_organism>
 <GBSeq_organism>Cryptococcus flavescens</GBSeq_organism>
 <GBSeq_organism>Cryptococcus laurentii</GBSeq_organism>
 <GBSeq_organism>Cryptococcus sp. CBS 8358</GBSeq_organism>
 <GBSeq_organism>Aureobasidium pullulans</GBSeq_organism>
 <GBSeq_organism>Cryptococcus cellulolyticus</GBSeq_organism>
 <GBSeq_organism>Cryptococcus flavescens</GBSeq_organism>
 <GBSeq_organism>Tremellales sp. LM48</GBSeq_organism>
 <GBSeq_organism>Cryptococcus flavescens</GBSeq_organism>
 <GBSeq_organism>Tremellales sp. LM339</GBSeq_organism>
 <GBSeq_organism>Cryptococcus rajasthanensis</GBSeq_organism>
 <GBSeq_organism>Cryptococcus cf. aureus NRRL Y-30213</GBSeq_organism>
 <GBSeq_organism>Tremellales sp. LM651</GBSeq_organism>
 <GBSeq_organism>Cryptococcus flavescens</GBSeq_organism>
 <GBSeq_organism>Cryptococcus flavescens</GBSeq_organism>
 <GBSeq_organism>Tremellales sp. LM333</GBSeq_organism>
