 <GBSeq_organism>Candidatus Phytoplasma cynodontis</GBSeq_organism>
 <GBSeq_organism>Loofah witches&apos;-broom phytoplasma</GBSeq_organism>
 <GBSeq_organism>Cactus witches&apos;-broom phytoplasma</GBSeq_organism>
 <GBSeq_organism>Candidatus Phytoplasma ulmi</GBSeq_organism>
 <GBSeq_organism>unidentified mollicute</GBSeq_organism>
 <GBSeq_organism>Candidatus Phytoplasma fraxini</GBSeq_organism>
 <GBSeq_organism>Candidatus Phytoplasma caricae</GBSeq_organism>
 <GBSeq_organism>Begonia formosana</GBSeq_organism>
 <GBSeq_organism>Cactus witches&apos;-broom phytoplasma</GBSeq_organism>
 <GBSeq_organism>Candidatus Phytoplasma australiense</GBSeq_organism>
 <GBSeq_organism>unidentified mollicute</GBSeq_organism>
 <GBSeq_organism>unidentified mollicute</GBSeq_organism>
 <GBSeq_organism>Phytoplasma sp.</GBSeq_organism>
 <GBSeq_organism>Oenothera phytoplasma 86-7</GBSeq_organism>
 <GBSeq_organism>Candidatus Phytoplasma pini</GBSeq_organism>
 <GBSeq_organism>Cactus witches&apos;-broom phytoplasma</GBSeq_organism>
 <GBSeq_organism>Candidatus Phytoplasma solani</GBSeq_organism>
 <GBSeq_organism>Cactus witches&apos;-broom phytoplasma</GBSeq_organism>
 <GBSeq_organism>Sugarcane phytoplasma (uncharacterized)</GBSeq_organism>
 <GBSeq_organism>Coconut lethal yellowing phytoplasma</GBSeq_organism>
 <GBSeq_organism>Cactus witches&apos;-broom phytoplasma</GBSeq_organism>
 <GBSeq_organism>Cactus phytoplasma &apos;Martinez-Soriano 1999&apos;</GBSeq_organism>
 <GBSeq_organism>Acholeplasma palmae J233</GBSeq_organism>
 <GBSeq_organism>Mexican periwinkle virescence phytoplasma</GBSeq_organism>
 <GBSeq_organism>Buckland Valley grapevine yellows phytoplasma</GBSeq_organism>
 <GBSeq_organism>Cactus witches&apos;-broom phytoplasma</GBSeq_organism>
 <GBSeq_organism>Cactus witches&apos;-broom phytoplasma</GBSeq_organism>
 <GBSeq_organism>Cactus witches&apos;-broom phytoplasma</GBSeq_organism>
 <GBSeq_organism>Cactus witches&apos;-broom phytoplasma</GBSeq_organism>
 <GBSeq_organism>Cactus witches&apos;-broom phytoplasma</GBSeq_organism>
 <GBSeq_organism>Cactus witches&apos;-broom phytoplasma</GBSeq_organism>
 <GBSeq_organism>Cactus witches&apos;-broom phytoplasma</GBSeq_organism>
 <GBSeq_organism>Candidatus Phytoplasma phoenicium</GBSeq_organism>
 <GBSeq_organism>Sorghum bunchy shoot phytoplasma</GBSeq_organism>
 <GBSeq_organism>Cactus witches&apos;-broom phytoplasma</GBSeq_organism>
 <GBSeq_organism>Derbid phytoplasma</GBSeq_organism>
 <GBSeq_organism>Candidatus Phytoplasma aurantifolia</GBSeq_organism>
 <GBSeq_organism>Phytoplasma sp. pathovar mosaic-inducing</GBSeq_organism>
 <GBSeq_organism>Cactus witches&apos;-broom phytoplasma</GBSeq_organism>
 <GBSeq_organism>Cactus witches&apos;-broom phytoplasma</GBSeq_organism>
 <GBSeq_organism>Candidatus Phytoplasma trifolii</GBSeq_organism>
 <GBSeq_organism>Cactus witches&apos;-broom phytoplasma</GBSeq_organism>
 <GBSeq_organism>Cactus witches&apos;-broom phytoplasma</GBSeq_organism>
 <GBSeq_organism>Cactus witches&apos;-broom phytoplasma</GBSeq_organism>
 <GBSeq_organism>Candidatus Phytoplasma prunorum</GBSeq_organism>
 <GBSeq_organism>Cactus witches&apos;-broom phytoplasma</GBSeq_organism>
 <GBSeq_organism>Cactus witches&apos;-broom phytoplasma</GBSeq_organism>
 <GBSeq_organism>Cactus witches&apos;-broom phytoplasma</GBSeq_organism>
 <GBSeq_organism>Cactus witches&apos;-broom phytoplasma</GBSeq_organism>
 <GBSeq_organism>Sugarcane phytoplasma (uncharacterized)</GBSeq_organism>
 <GBSeq_organism>Cactus witches&apos;-broom phytoplasma</GBSeq_organism>
 <GBSeq_organism>Candidatus Phytoplasma graminis</GBSeq_organism>
 <GBSeq_organism>Cactus witches&apos;-broom phytoplasma</GBSeq_organism>
 <GBSeq_organism>Weeping tea tree witches&apos;-broom phytoplasma</GBSeq_organism>
 <GBSeq_organism>Cactus witches&apos;-broom phytoplasma</GBSeq_organism>
 <GBSeq_organism>Cactus witches&apos;-broom phytoplasma</GBSeq_organism>
 <GBSeq_organism>Candidatus Phytoplasma mali</GBSeq_organism>
 <GBSeq_organism>Cactus witches&apos;-broom phytoplasma</GBSeq_organism>
 <GBSeq_organism>Cactus witches&apos;-broom phytoplasma</GBSeq_organism>
 <GBSeq_organism>Peanut witches&apos;-broom phytoplasma</GBSeq_organism>
 <GBSeq_organism>Cactus witches&apos;-broom phytoplasma</GBSeq_organism>
 <GBSeq_organism>Candidatus Phytoplasma pyri</GBSeq_organism>
