 <GBSeq_organism>Nocardia farcinica</GBSeq_organism>
 <GBSeq_organism>Dietzia maris</GBSeq_organism>
 <GBSeq_organism>Gordonia bronchialis DSM 43247</GBSeq_organism>
 <GBSeq_organism>Williamsia maris</GBSeq_organism>
 <GBSeq_organism>Skermania piniformis</GBSeq_organism>
 <GBSeq_organism>Dietzia papillomatosis</GBSeq_organism>
 <GBSeq_organism>Williamsia muralis</GBSeq_organism>
 <GBSeq_organism>Nocardia pseudobrasiliensis</GBSeq_organism>
 <GBSeq_organism>Gordonia malaquae</GBSeq_organism>
 <GBSeq_organism>Amycolicicoccus subflavus</GBSeq_organism>
 <GBSeq_organism>Amycolicicoccus subflavus DQS3-9A1</GBSeq_organism>
 <GBSeq_organism>Gordonia amarae</GBSeq_organism>
 <GBSeq_organism>Segniliparus rugosus</GBSeq_organism>
 <GBSeq_organism>Gordonia terrae</GBSeq_organism>
 <GBSeq_organism>Segniliparus rotundus DSM 44985</GBSeq_organism>
 <GBSeq_organism>Actinopolyspora mortivallis DSM 44261</GBSeq_organism>
 <GBSeq_organism>Corynebacterium diphtheriae</GBSeq_organism>
 <GBSeq_organism>Corynebacterium resistens DSM 45100</GBSeq_organism>
 <GBSeq_organism>Nocardia asteroides NBRC 15531</GBSeq_organism>
 <GBSeq_organism>Tsukamurella inchonensis</GBSeq_organism>
 <GBSeq_organism>Millisia brevis</GBSeq_organism>
