 <GBSeq_organism>Chryseobacterium joostei</GBSeq_organism>
 <GBSeq_organism>Cloacibacterium normanense</GBSeq_organism>
 <GBSeq_organism>Riemerella columbina</GBSeq_organism>
 <GBSeq_organism>Polaribacter glomeratus</GBSeq_organism>
 <GBSeq_organism>Chryseobacterium scophthalmum</GBSeq_organism>
 <GBSeq_organism>Chryseobacterium balustinum</GBSeq_organism>
 <GBSeq_organism>Chryseobacterium gleum</GBSeq_organism>
 <GBSeq_organism>Capnocytophaga ochracea DSM 7271</GBSeq_organism>
 <GBSeq_organism>Coenonia anatina</GBSeq_organism>
 <GBSeq_organism>Empedobacter brevis</GBSeq_organism>
 <GBSeq_organism>Chryseobacterium indologenes</GBSeq_organism>
 <GBSeq_organism>Chryseobacterium indoltheticum</GBSeq_organism>
 <GBSeq_organism>Weeksella virosa</GBSeq_organism>
 <GBSeq_organism>uncultured Flavobacterium sp.</GBSeq_organism>
 <GBSeq_organism>Porphyromonas catoniae ATCC 51270</GBSeq_organism>
 <GBSeq_organism>Flavobacterium columnare</GBSeq_organism>
 <GBSeq_organism>Bergeyella zoohelcum</GBSeq_organism>
 <GBSeq_organism>Riemerella anatipestifer ATCC 11845 = DSM 15868</GBSeq_organism>
 <GBSeq_organism>Rikenella microfusus</GBSeq_organism>
 <GBSeq_organism>Cellulophaga lytica</GBSeq_organism>
 <GBSeq_organism>Ornithobacterium rhinotracheale</GBSeq_organism>
