 <GBSeq_organism>Desulfotomaculum gibsoniae DSM 7213</GBSeq_organism>
 <GBSeq_organism>Desulfotomaculum reducens MI-1</GBSeq_organism>
 <GBSeq_organism>Desulfotomaculum sapomandens</GBSeq_organism>
 <GBSeq_organism>Desulfotomaculum kuznetsovii</GBSeq_organism>
 <GBSeq_organism>Desulfosporosinus auripigmenti</GBSeq_organism>
 <GBSeq_organism>[Clostridium] celerecrescens 18A</GBSeq_organism>
 <GBSeq_organism>Desulfotomaculum halophilum</GBSeq_organism>
 <GBSeq_organism>Desulfotomaculum aeronauticum</GBSeq_organism>
 <GBSeq_organism>[Desulfotomaculum] guttoideum</GBSeq_organism>
 <GBSeq_organism>Moorella thermoautotrophica</GBSeq_organism>
 <GBSeq_organism>[Clostridium] aerotolerans</GBSeq_organism>
 <GBSeq_organism>Desulfotomaculum nigrificans DSM 574</GBSeq_organism>
 <GBSeq_organism>Desulfotomaculum acetoxidans DSM 771</GBSeq_organism>
 <GBSeq_organism>Desulfotomaculum sp. TPOSR</GBSeq_organism>
 <GBSeq_organism>[Clostridium] sphenoides JCM 1415</GBSeq_organism>
 <GBSeq_organism>Bacillus methanolicus</GBSeq_organism>
 <GBSeq_organism>Desulfotomaculum sp. WW1</GBSeq_organism>
 <GBSeq_organism>Desulfotomaculum alkaliphilum</GBSeq_organism>
 <GBSeq_organism>Desulfitobacterium hafniense DCB-2</GBSeq_organism>
 <GBSeq_organism>[Clostridium] xylanolyticum</GBSeq_organism>
 <GBSeq_organism>Moorella thermoacetica</GBSeq_organism>
 <GBSeq_organism>Desulfotomaculum luciae</GBSeq_organism>
 <GBSeq_organism>Desulfotomaculum solfataricum</GBSeq_organism>
 <GBSeq_organism>Desulfotomaculum australicum</GBSeq_organism>
 <GBSeq_organism>Sporotomaculum hydroxybenzoicum</GBSeq_organism>
