 <GBSeq_organism>Roseomonas genomospecies 4</GBSeq_organism>
 <GBSeq_organism>Methylobacterium aquaticum</GBSeq_organism>
 <GBSeq_organism>Gluconobacter oxydans</GBSeq_organism>
 <GBSeq_organism>Roseomonas rosea</GBSeq_organism>
 <GBSeq_organism>Gluconobacter frateurii</GBSeq_organism>
 <GBSeq_organism>Roseococcus thiosulfatophilus</GBSeq_organism>
 <GBSeq_organism>Azospirillum brasilense</GBSeq_organism>
 <GBSeq_organism>Roseomonas aquatica</GBSeq_organism>
 <GBSeq_organism>Acetobacter indonesiensis</GBSeq_organism>
 <GBSeq_organism>Roseomonas genomospecies 6</GBSeq_organism>
 <GBSeq_organism>Acetobacter tropicalis</GBSeq_organism>
 <GBSeq_organism>Roseomonas genomospecies 5</GBSeq_organism>
 <GBSeq_organism>Azospirillum brasilense</GBSeq_organism>
 <GBSeq_organism>Rhodovibrio salinarum</GBSeq_organism>
 <GBSeq_organism>Roseomonas gilardii subsp. rosea</GBSeq_organism>
 <GBSeq_organism>Roseomonas cervicalis</GBSeq_organism>
 <GBSeq_organism>Roseomonas lacus</GBSeq_organism>
 <GBSeq_organism>Acetobacter estunensis</GBSeq_organism>
 <GBSeq_organism>Roseomonas mucosa</GBSeq_organism>
 <GBSeq_organism>Roseomonas ludipueritiae</GBSeq_organism>
 <GBSeq_organism>Azospirillum doebereinerae</GBSeq_organism>
 <GBSeq_organism>Azospirillum halopraeferens</GBSeq_organism>
 <GBSeq_organism>Azospirillum largimobile</GBSeq_organism>
 <GBSeq_organism>Paracraurococcus ruber</GBSeq_organism>
 <GBSeq_organism>Gluconobacter cerinus</GBSeq_organism>
 <GBSeq_organism>Acetobacter lovaniensis</GBSeq_organism>
 <GBSeq_organism>Roseomonas gilardii</GBSeq_organism>
