 <GBSeq_organism>Avibacterium sp. CCUG 18782</GBSeq_organism>
 <GBSeq_organism>Haemophilus influenzae Rd KW20</GBSeq_organism>
 <GBSeq_organism>Avibacterium paragallinarum</GBSeq_organism>
 <GBSeq_organism>Avibacterium paragallinarum</GBSeq_organism>
 <GBSeq_organism>Avibacterium paragallinarum</GBSeq_organism>
 <GBSeq_organism>Avibacterium gallinarum</GBSeq_organism>
 <GBSeq_organism>Gallibacterium genomosp. 1</GBSeq_organism>
 <GBSeq_organism>Actinobacillus lignieresii</GBSeq_organism>
 <GBSeq_organism>Pasteurella multocida subsp. multocida</GBSeq_organism>
 <GBSeq_organism>Volucribacter amazonae</GBSeq_organism>
 <GBSeq_organism>Avibacterium avium</GBSeq_organism>
 <GBSeq_organism>Gallibacterium anatis DSM 16844 = F 149</GBSeq_organism>
 <GBSeq_organism>Volucribacter psittacicida</GBSeq_organism>
 <GBSeq_organism>Avibacterium gallinarum</GBSeq_organism>
 <GBSeq_organism>Lonepinella koalarum</GBSeq_organism>
 <GBSeq_organism>Histophilus somni</GBSeq_organism>
 <GBSeq_organism>Bisgaard Taxon 3</GBSeq_organism>
 <GBSeq_organism>Avibacterium gallinarum</GBSeq_organism>
 <GBSeq_organism>Avibacterium gallinarum</GBSeq_organism>
 <GBSeq_organism>Phocoenobacter uteri</GBSeq_organism>
 <GBSeq_organism>Gallibacterium salpingitidis</GBSeq_organism>
 <GBSeq_organism>Avibacterium volantium</GBSeq_organism>
 <GBSeq_organism>Bisgaard Taxon 34</GBSeq_organism>
 <GBSeq_organism>Avibacterium paragallinarum</GBSeq_organism>
 <GBSeq_organism>Avibacterium paragallinarum</GBSeq_organism>
