 <GBSeq_organism>Nocardioides aquiterrae</GBSeq_organism>
 <GBSeq_organism>Kribbella flavida</GBSeq_organism>
 <GBSeq_organism>Nocardioides hwasunensis</GBSeq_organism>
 <GBSeq_organism>Nocardioides luteus</GBSeq_organism>
 <GBSeq_organism>Actinopolymorpha singaporensis</GBSeq_organism>
 <GBSeq_organism>Aeromicrobium fastidiosum</GBSeq_organism>
 <GBSeq_organism>Nocardioides insulae</GBSeq_organism>
 <GBSeq_organism>Nocardioides marinisabuli</GBSeq_organism>
 <GBSeq_organism>Nocardioides terrigena</GBSeq_organism>
 <GBSeq_organism>Nocardioides aestuarii</GBSeq_organism>
 <GBSeq_organism>Nocardioides kribbensis</GBSeq_organism>
 <GBSeq_organism>Nocardioides salarius</GBSeq_organism>
 <GBSeq_organism>Nocardioides lentus</GBSeq_organism>
 <GBSeq_organism>Nocardioides alkalitolerans</GBSeq_organism>
 <GBSeq_organism>Nocardioides jensenii</GBSeq_organism>
 <GBSeq_organism>Nocardioides marinus</GBSeq_organism>
 <GBSeq_organism>Nocardioides fonticola</GBSeq_organism>
 <GBSeq_organism>Nocardioides ganghwensis</GBSeq_organism>
 <GBSeq_organism>Nocardioides nitrophenolicus</GBSeq_organism>
 <GBSeq_organism>Nocardioides dubius</GBSeq_organism>
 <GBSeq_organism>Nocardioides exalbidus</GBSeq_organism>
 <GBSeq_organism>Nocardioides dokdonensis</GBSeq_organism>
 <GBSeq_organism>Marmoricola aurantiacus</GBSeq_organism>
 <GBSeq_organism>Nocardioides hankookensis</GBSeq_organism>
 <GBSeq_organism>Nocardioides oleivorans</GBSeq_organism>
 <GBSeq_organism>Cellulomonas flavigena DSM 20109</GBSeq_organism>
 <GBSeq_organism>Jiangella ginsengisoli</GBSeq_organism>
 <GBSeq_organism>Nocardioides daphniae</GBSeq_organism>
