 <GBSeq_organism>Pseudoalteromonas elyakovii</GBSeq_organism>
 <GBSeq_organism>Thalassomonas sediminis</GBSeq_organism>
 <GBSeq_organism>Aestuariibacter salexigens</GBSeq_organism>
 <GBSeq_organism>Thalassomonas viridans</GBSeq_organism>
 <GBSeq_organism>Salinimonas chungwhensis</GBSeq_organism>
 <GBSeq_organism>Colwellia psychrotropica</GBSeq_organism>
 <GBSeq_organism>Rhodospirillum rubrum ATCC 11170</GBSeq_organism>
 <GBSeq_organism>Glaciecola lipolytica E3</GBSeq_organism>
 <GBSeq_organism>Algicola bacteriolytica</GBSeq_organism>
 <GBSeq_organism>Glaciecola polaris</GBSeq_organism>
 <GBSeq_organism>Pseudoalteromonas atlantica</GBSeq_organism>
 <GBSeq_organism>Pseudoalteromonas haloplanktis</GBSeq_organism>
 <GBSeq_organism>Rhodospirillum sulfurexigens</GBSeq_organism>
 <GBSeq_organism>Colwellia maris</GBSeq_organism>
 <GBSeq_organism>Alteromonas addita</GBSeq_organism>
 <GBSeq_organism>Pseudoalteromonas flavipulchra</GBSeq_organism>
 <GBSeq_organism>Pseudoalteromonas spongiae</GBSeq_organism>
 <GBSeq_organism>Alteromonas macleodii</GBSeq_organism>
 <GBSeq_organism>Glaciecola agarilytica</GBSeq_organism>
 <GBSeq_organism>Thalassotalea loyana</GBSeq_organism>
 <GBSeq_organism>Marispirillum indicum</GBSeq_organism>
 <GBSeq_organism>Aestuariibacter halophilus</GBSeq_organism>
 <GBSeq_organism>Glaciecola pallidula DSM 14239 = ACAM 615</GBSeq_organism>
 <GBSeq_organism>Drosophila melanogaster</GBSeq_organism>
 <GBSeq_organism>Glaciecola mesophila KMM 241</GBSeq_organism>
