 <GBSeq_organism>Cryptococcus cylindricus</GBSeq_organism>
 <GBSeq_organism>Cryptococcus albidus</GBSeq_organism>
 <GBSeq_organism>Cryptococcus adeliensis</GBSeq_organism>
 <GBSeq_organism>Cryptococcus antarcticus</GBSeq_organism>
 <GBSeq_organism>Cryptococcus albidosimilis</GBSeq_organism>
 <GBSeq_organism>Cryptococcus fuscescens</GBSeq_organism>
 <GBSeq_organism>Cryptococcus agrionensis</GBSeq_organism>
 <GBSeq_organism>Cryptococcus bhutanensis</GBSeq_organism>
 <GBSeq_organism>Cryptococcus chernovii</GBSeq_organism>
 <GBSeq_organism>Cryptococcus wieringae</GBSeq_organism>
 <GBSeq_organism>Cryptococcus terricola</GBSeq_organism>
 <GBSeq_organism>Cryptococcus gilvescens</GBSeq_organism>
 <GBSeq_organism>Cryptococcus magnus</GBSeq_organism>
 <GBSeq_organism>Cryptococcus saitoi</GBSeq_organism>
 <GBSeq_organism>Cryptococcus silvicola</GBSeq_organism>
 <GBSeq_organism>Cryptococcus gastricus</GBSeq_organism>
 <GBSeq_organism>Cryptococcus uzbekistanensis</GBSeq_organism>
 <GBSeq_organism>Cryptococcus oeirensis</GBSeq_organism>
 <GBSeq_organism>Cryptococcus stepposus</GBSeq_organism>
 <GBSeq_organism>Filobasidium capsuligenum</GBSeq_organism>
 <GBSeq_organism>Cryptococcus phenolicus</GBSeq_organism>
