 <GBSeq_organism>Escherichia coli DSM 30083 = JCM 1649 = ATCC 11775</GBSeq_organism>
 <GBSeq_organism>Xanthomonas campestris</GBSeq_organism>
 <GBSeq_organism>Serratia rubidaea</GBSeq_organism>
 <GBSeq_organism>Klebsiella pneumoniae</GBSeq_organism>
 <GBSeq_organism>Edwardsiella hoshinae</GBSeq_organism>
 <GBSeq_organism>Pantoea agglomerans</GBSeq_organism>
 <GBSeq_organism>Raoultella planticola ATCC 33531</GBSeq_organism>
 <GBSeq_organism>Serratia plymuthica</GBSeq_organism>
 <GBSeq_organism>Serratia odorifera DSM 4582</GBSeq_organism>
 <GBSeq_organism>Serratia ficaria</GBSeq_organism>
 <GBSeq_organism>Raoultella ornithinolytica</GBSeq_organism>
 <GBSeq_organism>Lonsdalea quercina</GBSeq_organism>
 <GBSeq_organism>Acinetobacter calcoaceticus</GBSeq_organism>
 <GBSeq_organism>Budvicia aquatica DSM 5075 = ATCC 35567</GBSeq_organism>
 <GBSeq_organism>Frateuria aurantia DSM 6220</GBSeq_organism>
 <GBSeq_organism>Serratia marcescens subsp. marcescens ATCC 13880</GBSeq_organism>
 <GBSeq_organism>Leminorella grimontii ATCC 33999 = DSM 5078</GBSeq_organism>
 <GBSeq_organism>Pectobacterium carotovorum</GBSeq_organism>
 <GBSeq_organism>Shewanella putrefaciens</GBSeq_organism>
 <GBSeq_organism>Vibrio cholerae</GBSeq_organism>
 <GBSeq_organism>Brenneria salicis ATCC 15712</GBSeq_organism>
 <GBSeq_organism>Tatumella ptyseos ATCC 33301</GBSeq_organism>
 <GBSeq_organism>Thorsellia anophelis</GBSeq_organism>
 <GBSeq_organism>Erwinia amylovora</GBSeq_organism>
