 <GBSeq_organism>Antarctobacter heliothermus</GBSeq_organism>
 <GBSeq_organism>Bartonella grahamii</GBSeq_organism>
 <GBSeq_organism>Amaricoccus veronensis</GBSeq_organism>
 <GBSeq_organism>Zymomonas mobilis</GBSeq_organism>
 <GBSeq_organism>Parvularcula bermudensis HTCC2503</GBSeq_organism>
 <GBSeq_organism>Homo sapiens</GBSeq_organism>
 <GBSeq_organism>Hyphomonas rosenbergii</GBSeq_organism>
 <GBSeq_organism>Caulobacter vibrioides</GBSeq_organism>
 <GBSeq_organism>Paracoccus thiocyanatus</GBSeq_organism>
 <GBSeq_organism>Brucella melitensis</GBSeq_organism>
 <GBSeq_organism>Octadecabacter arcticus</GBSeq_organism>
 <GBSeq_organism>Sphingomonas paucimobilis</GBSeq_organism>
 <GBSeq_organism>Hyphomonas polymorpha</GBSeq_organism>
 <GBSeq_organism>Mesorhizobium ciceri</GBSeq_organism>
 <GBSeq_organism>Aminobacter aminovorans</GBSeq_organism>
 <GBSeq_organism>Paracoccus kocurii</GBSeq_organism>
 <GBSeq_organism>Brucella ovis</GBSeq_organism>
 <GBSeq_organism>Homo sapiens</GBSeq_organism>
 <GBSeq_organism>Rhodovulum sulfidophilum DSM 1374</GBSeq_organism>
 <GBSeq_organism>Mesorhizobium plurifarium</GBSeq_organism>
 <GBSeq_organism>Rhizobium tropici CIAT 899</GBSeq_organism>
 <GBSeq_organism>Sphingomonas leidyi</GBSeq_organism>
 <GBSeq_organism>Roseobacter litoralis Och 149</GBSeq_organism>
 <GBSeq_organism>Rhodovulum strictum</GBSeq_organism>
 <GBSeq_organism>Sphingobium chlorophenolicum</GBSeq_organism>
 <GBSeq_organism>Amaricoccus macauensis</GBSeq_organism>
 <GBSeq_organism>Paracoccus aminophilus</GBSeq_organism>
 <GBSeq_organism>Roseivivax halotolerans</GBSeq_organism>
 <GBSeq_organism>Caulobacter fusiformis</GBSeq_organism>
 <GBSeq_organism>Hirschia baltica ATCC 49814</GBSeq_organism>
 <GBSeq_organism>Mesorhizobium amorphae</GBSeq_organism>
 <GBSeq_organism>Sphingopyxis terrae</GBSeq_organism>
 <GBSeq_organism>Sphingomonas trueperi</GBSeq_organism>
 <GBSeq_organism>Amaricoccus kaplicensis</GBSeq_organism>
 <GBSeq_organism>Aquamicrobium lusatiense</GBSeq_organism>
 <GBSeq_organism>Brevundimonas alba</GBSeq_organism>
 <GBSeq_organism>Paracoccus alkenifer</GBSeq_organism>
 <GBSeq_organism>Neorhizobium galegae</GBSeq_organism>
 <GBSeq_organism>Sinorhizobium saheli</GBSeq_organism>
 <GBSeq_organism>Sphingopyxis macrogoltabida</GBSeq_organism>
 <GBSeq_organism>Rhizobium giardinii</GBSeq_organism>
 <GBSeq_organism>Rhodovulum iodosum</GBSeq_organism>
 <GBSeq_organism>Thalassobius gelatinovorus</GBSeq_organism>
 <GBSeq_organism>Leisingera methylohalidivorans DSM 14336</GBSeq_organism>
 <GBSeq_organism>Brevundimonas bacteroides</GBSeq_organism>
 <GBSeq_organism>Sphingomonas mali</GBSeq_organism>
 <GBSeq_organism>Mesorhizobium loti ATCC 33669</GBSeq_organism>
 <GBSeq_organism>Silicibacter lacuscaerulensis ITI-1157</GBSeq_organism>
 <GBSeq_organism>Bartonella doshiae</GBSeq_organism>
 <GBSeq_organism>Novosphingobium subterraneum</GBSeq_organism>
 <GBSeq_organism>Asticcacaulis biprosthecium</GBSeq_organism>
 <GBSeq_organism>Rhodovulum robiginosum</GBSeq_organism>
 <GBSeq_organism>Rhizobium undicola</GBSeq_organism>
 <GBSeq_organism>Pseudaminobacter salicylatoxidans</GBSeq_organism>
 <GBSeq_organism>Rhodobaca bogoriensis DSM 18756</GBSeq_organism>
 <GBSeq_organism>Sphingomonas asaccharolytica</GBSeq_organism>
 <GBSeq_organism>Methylarcula terricola</GBSeq_organism>
 <GBSeq_organism>Sulfitobacter guttiformis</GBSeq_organism>
 <GBSeq_organism>Octadecabacter antarcticus 307</GBSeq_organism>
 <GBSeq_organism>Sphingobium yanoikuyae</GBSeq_organism>
 <GBSeq_organism>Rhizobium leguminosarum</GBSeq_organism>
 <GBSeq_organism>Rhodobacter azotoformans</GBSeq_organism>
 <GBSeq_organism>Sulfitobacter pontiacus</GBSeq_organism>
 <GBSeq_organism>Sphingobium suberifaciens</GBSeq_organism>
 <GBSeq_organism>Rhodovulum adriaticum</GBSeq_organism>
 <GBSeq_organism>Caulobacter henricii</GBSeq_organism>
 <GBSeq_organism>Paracoccus carotinifaciens</GBSeq_organism>
 <GBSeq_organism>Neorhizobium huautlense</GBSeq_organism>
 <GBSeq_organism>Roseivivax halodurans</GBSeq_organism>
 <GBSeq_organism>Brevundimonas intermedia</GBSeq_organism>
 <GBSeq_organism>Novosphingobium aromaticivorans</GBSeq_organism>
 <GBSeq_organism>Brevundimonas subvibrioides ATCC 15264</GBSeq_organism>
 <GBSeq_organism>Mesorhizobium mediterraneum</GBSeq_organism>
 <GBSeq_organism>Sinorhizobium fredii</GBSeq_organism>
 <GBSeq_organism>Nitratireductor aquibiodomus NL21 = JCM 21793</GBSeq_organism>
 <GBSeq_organism>Sagittula stellata</GBSeq_organism>
 <GBSeq_organism>Novosphingobium capsulatum</GBSeq_organism>
 <GBSeq_organism>Philoria loveridgei</GBSeq_organism>
 <GBSeq_organism>Hyphomonas jannaschiana</GBSeq_organism>
 <GBSeq_organism>Asticcacaulis excentricus CB 48</GBSeq_organism>
 <GBSeq_organism>Marinovum algicola</GBSeq_organism>
 <GBSeq_organism>Oceanicaulis alexandrii</GBSeq_organism>
 <GBSeq_organism>Rhodobacter veldkampii DSM 11550</GBSeq_organism>
 <GBSeq_organism>Paracoccus alcaliphilus</GBSeq_organism>
 <GBSeq_organism>Rhodovulum euryhalinum</GBSeq_organism>
 <GBSeq_organism>Albidovulum inexpectatum</GBSeq_organism>
 <GBSeq_organism>Rhizobium mongolense USDA 1844</GBSeq_organism>
 <GBSeq_organism>Roseovarius tolerans</GBSeq_organism>
 <GBSeq_organism>Mesorhizobium tianshanense</GBSeq_organism>
 <GBSeq_organism>Gnetum gnemon</GBSeq_organism>
 <GBSeq_organism>Blastobacter capsulatus</GBSeq_organism>
 <GBSeq_organism>Sandaracinobacter sibiricus</GBSeq_organism>
 <GBSeq_organism>Aurantimonas coralicida</GBSeq_organism>
 <GBSeq_organism>Paracoccus solventivorans</GBSeq_organism>
 <GBSeq_organism>Brevundimonas aurantiaca</GBSeq_organism>
 <GBSeq_organism>Rhodobacter capsulatus</GBSeq_organism>
 <GBSeq_organism>Paracoccus versutus</GBSeq_organism>
 <GBSeq_organism>Novosphingobium resinovorum</GBSeq_organism>
 <GBSeq_organism>Bartonella koehlerae C-29</GBSeq_organism>
 <GBSeq_organism>Hyphomonas neptunium</GBSeq_organism>
 <GBSeq_organism>Paracoccus denitrificans</GBSeq_organism>
 <GBSeq_organism>Brevundimonas variabilis</GBSeq_organism>
 <GBSeq_organism>Sulfitobacter brevis</GBSeq_organism>
 <GBSeq_organism>Sphingomonas adhaesiva</GBSeq_organism>
 <GBSeq_organism>Ketogulonicigenium vulgare</GBSeq_organism>
 <GBSeq_organism>Ruegeria atlantica</GBSeq_organism>
 <GBSeq_organism>Rhizobium hainanense</GBSeq_organism>
 <GBSeq_organism>Phyllobacterium myrsinacearum</GBSeq_organism>
 <GBSeq_organism>Ochrobactrum anthropi</GBSeq_organism>
 <GBSeq_organism>Maricaulis maris</GBSeq_organism>
