 <GBSeq_organism>Sphingobium quisquiliarum P25</GBSeq_organism>
 <GBSeq_organism>Sphingomonas phyllosphaerae</GBSeq_organism>
 <GBSeq_organism>Sphingomonas paucimobilis</GBSeq_organism>
 <GBSeq_organism>Homo sapiens</GBSeq_organism>
 <GBSeq_organism>Sphingobium chlorophenolicum</GBSeq_organism>
 <GBSeq_organism>Sphingobium ummariense RL-3</GBSeq_organism>
 <GBSeq_organism>Zymomonas mobilis subsp. mobilis ZM4 = ATCC 31821</GBSeq_organism>
 <GBSeq_organism>Novosphingobium subterraneum</GBSeq_organism>
 <GBSeq_organism>Sphingobium indicum</GBSeq_organism>
 <GBSeq_organism>Sphingopyxis chilensis</GBSeq_organism>
 <GBSeq_organism>Sphingomonas asaccharolytica</GBSeq_organism>
 <GBSeq_organism>Sphingobium yanoikuyae</GBSeq_organism>
 <GBSeq_organism>Sphingobium chungbukense</GBSeq_organism>
 <GBSeq_organism>Sphingomonas aquatilis</GBSeq_organism>
 <GBSeq_organism>Sphingobium xenophagum</GBSeq_organism>
 <GBSeq_organism>Sphingobium francense</GBSeq_organism>
 <GBSeq_organism>Mus musculus</GBSeq_organism>
 <GBSeq_organism>Sphingopyxis macrogoltabida</GBSeq_organism>
 <GBSeq_organism>Novosphingobium resinovorum</GBSeq_organism>
 <GBSeq_organism>Sphingomonas koreensis</GBSeq_organism>
 <GBSeq_organism>Sphingomonas adhaesiva</GBSeq_organism>
