 <GBSeq_organism>Zobellia galactanivorans</GBSeq_organism>
 <GBSeq_organism>Bizionia paragorgiae</GBSeq_organism>
 <GBSeq_organism>Croceibacter atlanticus HTCC2559</GBSeq_organism>
 <GBSeq_organism>Lutimonas vermicola</GBSeq_organism>
 <GBSeq_organism>Yeosuana aromativorans</GBSeq_organism>
 <GBSeq_organism>Lutibacter litoralis</GBSeq_organism>
 <GBSeq_organism>Salegentibacter salegens</GBSeq_organism>
 <GBSeq_organism>Muricauda ruestringensis DSM 13258</GBSeq_organism>
 <GBSeq_organism>Aequorivita antarctica</GBSeq_organism>
 <GBSeq_organism>Gaetbulibacter saemankumensis</GBSeq_organism>
 <GBSeq_organism>Formosa algae</GBSeq_organism>
 <GBSeq_organism>Polaribacter filamentus</GBSeq_organism>
 <GBSeq_organism>uncultured Cytophagales bacterium</GBSeq_organism>
 <GBSeq_organism>Maribacter sedimenticola</GBSeq_organism>
 <GBSeq_organism>Psychroserpens burtonensis</GBSeq_organism>
 <GBSeq_organism>Psychroflexus torquis ATCC 700755</GBSeq_organism>
 <GBSeq_organism>Winogradskyella thalassocola</GBSeq_organism>
 <GBSeq_organism>Gelidibacter algens</GBSeq_organism>
 <GBSeq_organism>uncultured Bacteroidetes bacterium</GBSeq_organism>
 <GBSeq_organism>Arenibacter latericius</GBSeq_organism>
