 <GBSeq_organism>Nonomuraea polychroma</GBSeq_organism>
 <GBSeq_organism>Nonomuraea roseola</GBSeq_organism>
 <GBSeq_organism>Nonomuraea spiralis</GBSeq_organism>
 <GBSeq_organism>Planobispora longispora</GBSeq_organism>
 <GBSeq_organism>Nonomuraea africana</GBSeq_organism>
 <GBSeq_organism>Acrocarpospora macrocephala</GBSeq_organism>
 <GBSeq_organism>Nonomuraea helvata</GBSeq_organism>
 <GBSeq_organism>Nonomuraea fastidiosa</GBSeq_organism>
 <GBSeq_organism>Nonomuraea turkmeniaca</GBSeq_organism>
 <GBSeq_organism>Nonomuraea salmonea</GBSeq_organism>
 <GBSeq_organism>Herbidospora cretacea</GBSeq_organism>
 <GBSeq_organism>Streptosporangium roseum DSM 43021</GBSeq_organism>
 <GBSeq_organism>Nonomuraea terrinata</GBSeq_organism>
 <GBSeq_organism>Nonomuraea roseoviolacea</GBSeq_organism>
 <GBSeq_organism>Nonomuraea pusilla</GBSeq_organism>
 <GBSeq_organism>Planotetraspora mira</GBSeq_organism>
 <GBSeq_organism>Microbispora rosea</GBSeq_organism>
 <GBSeq_organism>Thermopolyspora flexuosa</GBSeq_organism>
 <GBSeq_organism>Microtetraspora glauca</GBSeq_organism>
 <GBSeq_organism>Nonomuraea rubra</GBSeq_organism>
 <GBSeq_organism>Nonomuraea dietziae</GBSeq_organism>
 <GBSeq_organism>Nonomuraea ferruginea</GBSeq_organism>
 <GBSeq_organism>Nonomuraea recticatena</GBSeq_organism>
 <GBSeq_organism>Nonomuraea angiospora</GBSeq_organism>
 <GBSeq_organism>Planomonospora parontospora</GBSeq_organism>
 <GBSeq_organism>Nonomuraea kuesteri</GBSeq_organism>
