 <GBSeq_organism>Nocardia otitidiscaviarum</GBSeq_organism>
 <GBSeq_organism>Nocardia speluncae</GBSeq_organism>
 <GBSeq_organism>Nocardia gamkensis</GBSeq_organism>
 <GBSeq_organism>Nocardia salmonicida</GBSeq_organism>
 <GBSeq_organism>Nocardia nova</GBSeq_organism>
 <GBSeq_organism>Nocardia cummidelens</GBSeq_organism>
 <GBSeq_organism>Nocardia acidivorans</GBSeq_organism>
 <GBSeq_organism>Nocardia asteroides NBRC 15531</GBSeq_organism>
 <GBSeq_organism>Nocardia cyriacigeorgica</GBSeq_organism>
 <GBSeq_organism>Nocardia shimofusensis</GBSeq_organism>
 <GBSeq_organism>Nocardia brasiliensis</GBSeq_organism>
 <GBSeq_organism>Nocardia pseudobrasiliensis</GBSeq_organism>
 <GBSeq_organism>Nocardia lijiangensis</GBSeq_organism>
 <GBSeq_organism>Nocardia arthritidis</GBSeq_organism>
 <GBSeq_organism>Nocardia thailandica</GBSeq_organism>
 <GBSeq_organism>Nocardia alba</GBSeq_organism>
 <GBSeq_organism>Nocardia soli</GBSeq_organism>
 <GBSeq_organism>Nocardia transvalensis</GBSeq_organism>
 <GBSeq_organism>Nocardia abscessus NBRC 100374</GBSeq_organism>
 <GBSeq_organism>Nocardia paucivorans</GBSeq_organism>
 <GBSeq_organism>Nocardia higoensis NBRC 100133</GBSeq_organism>
 <GBSeq_organism>Nocardia tenerifensis</GBSeq_organism>
 <GBSeq_organism>Nocardia xishanensis</GBSeq_organism>
 <GBSeq_organism>Nocardia fluminea</GBSeq_organism>
 <GBSeq_organism>Nocardia carnea NBRC 14403</GBSeq_organism>
 <GBSeq_organism>Nocardia araoensis NBRC 100135</GBSeq_organism>
 <GBSeq_organism>Nocardia beijingensis</GBSeq_organism>
 <GBSeq_organism>Nocardia polyresistens</GBSeq_organism>
 <GBSeq_organism>Nocardia takedensis</GBSeq_organism>
