 <GBSeq_organism>Cryptococcus rajasthanensis</GBSeq_organism>
 <GBSeq_organism>Cryptococcus sp. FYB-2007a</GBSeq_organism>
 <GBSeq_organism>Auriculibuller fuscus</GBSeq_organism>
 <GBSeq_organism>Cryptococcus sp. CBS 8372</GBSeq_organism>
 <GBSeq_organism>Cryptococcus laurentii</GBSeq_organism>
 <GBSeq_organism>Cryptococcus amylolyticus</GBSeq_organism>
 <GBSeq_organism>Cryptococcus armeniacus</GBSeq_organism>
 <GBSeq_organism>Cryptococcus sp. CBS 10173</GBSeq_organism>
 <GBSeq_organism>Cryptococcus aff. amylolyticus AS 2.2439</GBSeq_organism>
 <GBSeq_organism>Auriculibuller sp. BI111</GBSeq_organism>
 <GBSeq_organism>Cryptococcus fonsecae</GBSeq_organism>
 <GBSeq_organism>Cryptococcus cistialbidi</GBSeq_organism>
 <GBSeq_organism>Cryptococcus sp. CBS 8363</GBSeq_organism>
 <GBSeq_organism>Cryptococcus laurentii</GBSeq_organism>
 <GBSeq_organism>Bullera japonica</GBSeq_organism>
 <GBSeq_organism>Tremella encephala</GBSeq_organism>
 <GBSeq_organism>Papiliotrema bandonii</GBSeq_organism>
 <GBSeq_organism>Cryptococcus sp. FYB-2007a</GBSeq_organism>
 <GBSeq_organism>Tremella aurantia</GBSeq_organism>
 <GBSeq_organism>Cryptococcus bromeliarum</GBSeq_organism>
 <GBSeq_organism>Cryptococcus aff. laurentii APSS 823</GBSeq_organism>
 <GBSeq_organism>Bullera pseudoalba</GBSeq_organism>
 <GBSeq_organism>Cryptococcus cellulolyticus</GBSeq_organism>
 <GBSeq_organism>Cryptococcus aff. laurentii CBS 9007</GBSeq_organism>
 <GBSeq_organism>Tremella encephala</GBSeq_organism>
 <GBSeq_organism>Cryptococcus aff. laurentii A48</GBSeq_organism>
 <GBSeq_organism>Cryptococcus sp. ST-73</GBSeq_organism>
 <GBSeq_organism>Cryptococcus laurentii</GBSeq_organism>
