 <GBSeq_organism>Vibrio harveyi</GBSeq_organism>
 <GBSeq_organism>Vibrio aerogenes CECT 7868</GBSeq_organism>
 <GBSeq_organism>Aliivibrio salmonicida</GBSeq_organism>
 <GBSeq_organism>Vibrio harveyi</GBSeq_organism>
 <GBSeq_organism>Vibrio diabolicus</GBSeq_organism>
 <GBSeq_organism>Vibrio splendidus</GBSeq_organism>
 <GBSeq_organism>Vibrio diazotrophicus</GBSeq_organism>
 <GBSeq_organism>Grimontia hollisae</GBSeq_organism>
 <GBSeq_organism>Vibrio metschnikovii</GBSeq_organism>
 <GBSeq_organism>Vibrio alginolyticus</GBSeq_organism>
 <GBSeq_organism>Vibrio nereis</GBSeq_organism>
 <GBSeq_organism>Vibrio mediterranei</GBSeq_organism>
 <GBSeq_organism>Vibrio orientalis CIP 102891 = ATCC 33934</GBSeq_organism>
 <GBSeq_organism>Vibrio fluvialis</GBSeq_organism>
 <GBSeq_organism>Vibrio pelagius</GBSeq_organism>
 <GBSeq_organism>Vibrio furnissii</GBSeq_organism>
 <GBSeq_organism>Vibrio gazogenes</GBSeq_organism>
 <GBSeq_organism>Vibrio pectenicida</GBSeq_organism>
 <GBSeq_organism>Vibrio scophthalmi LMG 19158</GBSeq_organism>
 <GBSeq_organism>Vibrio campbellii CAIM 519 = NBRC 15631</GBSeq_organism>
 <GBSeq_organism>Vibrio tubiashii ATCC 19109</GBSeq_organism>
 <GBSeq_organism>Vibrio parahaemolyticus</GBSeq_organism>
 <GBSeq_organism>Aliivibrio logei</GBSeq_organism>
 <GBSeq_organism>Vibrio ruber</GBSeq_organism>
 <GBSeq_organism>Vibrio natriegens NBRC 15636 = ATCC 14048 = DSM 759</GBSeq_organism>
 <GBSeq_organism>Aliivibrio wodanis</GBSeq_organism>
 <GBSeq_organism>Vibrio ordalii ATCC 33509</GBSeq_organism>
 <GBSeq_organism>Vibrio mytili</GBSeq_organism>
 <GBSeq_organism>Vibrio cincinnatiensis</GBSeq_organism>
 <GBSeq_organism>Vibrio aestuarianus</GBSeq_organism>
 <GBSeq_organism>Vibrio vulnificus NBRC 15645 = ATCC 27562</GBSeq_organism>
 <GBSeq_organism>Vibrio navarrensis</GBSeq_organism>
 <GBSeq_organism>Vibrio mimicus</GBSeq_organism>
 <GBSeq_organism>Vibrio proteolyticus</GBSeq_organism>
 <GBSeq_organism>Vibrio aspartigenicus</GBSeq_organism>
 <GBSeq_organism>Aliivibrio fischeri</GBSeq_organism>
