 <GBSeq_organism>Geobacillus thermoleovorans</GBSeq_organism>
 <GBSeq_organism>Silene latifolia</GBSeq_organism>
 <GBSeq_organism>Geobacillus thermodenitrificans</GBSeq_organism>
 <GBSeq_organism>Geobacillus thermoleovorans</GBSeq_organism>
 <GBSeq_organism>Geobacillus toebii</GBSeq_organism>
 <GBSeq_organism>Geobacillus thermoleovorans</GBSeq_organism>
 <GBSeq_organism>Geobacillus thermoleovorans</GBSeq_organism>
 <GBSeq_organism>Geobacillus sp. R-32504</GBSeq_organism>
 <GBSeq_organism>Anoxybacillus tepidamans</GBSeq_organism>
 <GBSeq_organism>Caldibacillus debilis</GBSeq_organism>
 <GBSeq_organism>Geobacillus thermoleovorans</GBSeq_organism>
 <GBSeq_organism>Geobacillus thermoglucosidasius</GBSeq_organism>
 <GBSeq_organism>Geobacillus gargensis</GBSeq_organism>
 <GBSeq_organism>Geobacillus gargensis</GBSeq_organism>
 <GBSeq_organism>Geobacillus stearothermophilus</GBSeq_organism>
 <GBSeq_organism>Geobacillus zalihae</GBSeq_organism>
 <GBSeq_organism>Geobacillus thermoleovorans</GBSeq_organism>
 <GBSeq_organism>Geobacillus thermoleovorans</GBSeq_organism>
 <GBSeq_organism>Geobacillus thermocatenulatus</GBSeq_organism>
 <GBSeq_organism>Geobacillus thermoleovorans</GBSeq_organism>
 <GBSeq_organism>Geobacillus caldoxylosilyticus</GBSeq_organism>
 <GBSeq_organism>Geobacillus sp. R-32630</GBSeq_organism>
 <GBSeq_organism>Geobacillus stearothermophilus</GBSeq_organism>
 <GBSeq_organism>Bacillus aeolius</GBSeq_organism>
 <GBSeq_organism>Geobacillus thermoleovorans</GBSeq_organism>
 <GBSeq_organism>Geobacillus thermoleovorans</GBSeq_organism>
 <GBSeq_organism>Geobacillus uzenensis</GBSeq_organism>
 <GBSeq_organism>Geobacillus thermoleovorans</GBSeq_organism>
