 <GBSeq_organism>Giesbergeria giesbergeri</GBSeq_organism>
 <GBSeq_organism>Escherichia coli DSM 30083 = JCM 1649 = ATCC 11775</GBSeq_organism>
 <GBSeq_organism>Thalassospira lucentensis MCCC 1A00383 = DSM 14000</GBSeq_organism>
 <GBSeq_organism>Rhodospira trueperi</GBSeq_organism>
 <GBSeq_organism>Curvibacter delicatus</GBSeq_organism>
 <GBSeq_organism>Simplicispira metamorpha</GBSeq_organism>
 <GBSeq_organism>Giesbergeria voronezhensis</GBSeq_organism>
 <GBSeq_organism>Insolitispirillum peregrinum subsp. peregrinum</GBSeq_organism>
 <GBSeq_organism>Caenispirillum bisanense</GBSeq_organism>
 <GBSeq_organism>Mesorhizobium loti ATCC 33669</GBSeq_organism>
 <GBSeq_organism>Azospirillum lipoferum</GBSeq_organism>
 <GBSeq_organism>Labrys monachus</GBSeq_organism>
 <GBSeq_organism>Rhodospirillum rubrum ATCC 11170</GBSeq_organism>
 <GBSeq_organism>Comamonas terrigena</GBSeq_organism>
 <GBSeq_organism>Sinorhizobium fredii</GBSeq_organism>
 <GBSeq_organism>Insolitispirillum peregrinum subsp. integrum</GBSeq_organism>
 <GBSeq_organism>Magnetospirillum gryphiswaldense MSR-1</GBSeq_organism>
 <GBSeq_organism>Phaeospirillum fulvum</GBSeq_organism>
 <GBSeq_organism>Novispirillum itersonii subsp. nipponicum</GBSeq_organism>
 <GBSeq_organism>Stella humosa</GBSeq_organism>
 <GBSeq_organism>Simplicispira psychrophila</GBSeq_organism>
 <GBSeq_organism>Roseospira mediosalina</GBSeq_organism>
 <GBSeq_organism>Novispirillum itersonii subsp. itersonii</GBSeq_organism>
 <GBSeq_organism>Phyllobacterium myrsinacearum</GBSeq_organism>
