 <GBSeq_organism>Xanthobacter viscosus</GBSeq_organism>
 <GBSeq_organism>Brucella melitensis</GBSeq_organism>
 <GBSeq_organism>Rhodoblastus acidophilus</GBSeq_organism>
 <GBSeq_organism>Xanthobacter tagetidis</GBSeq_organism>
 <GBSeq_organism>Aminobacter aminovorans</GBSeq_organism>
 <GBSeq_organism>Methylocapsa acidiphila B2</GBSeq_organism>
 <GBSeq_organism>Xanthobacter flavus</GBSeq_organism>
 <GBSeq_organism>Aquamicrobium defluvii</GBSeq_organism>
 <GBSeq_organism>Pedomicrobium australicum</GBSeq_organism>
 <GBSeq_organism>Bradyrhizobium japonicum</GBSeq_organism>
 <GBSeq_organism>Ancylobacter aquaticus</GBSeq_organism>
 <GBSeq_organism>Aquamicrobium lusatiense</GBSeq_organism>
 <GBSeq_organism>Agrobacterium tumefaciens</GBSeq_organism>
 <GBSeq_organism>Bartonella alsatica</GBSeq_organism>
 <GBSeq_organism>Xanthobacter aminoxidans</GBSeq_organism>
 <GBSeq_organism>Methylocella palustris</GBSeq_organism>
 <GBSeq_organism>Hyphomicrobium hollandicum</GBSeq_organism>
 <GBSeq_organism>Labrys monachus</GBSeq_organism>
 <GBSeq_organism>Xanthobacter agilis</GBSeq_organism>
 <GBSeq_organism>Rhizobium undicola</GBSeq_organism>
 <GBSeq_organism>Neorhizobium galegae</GBSeq_organism>
 <GBSeq_organism>Methylocystis parvus OBBP</GBSeq_organism>
 <GBSeq_organism>Beijerinckia indica</GBSeq_organism>
 <GBSeq_organism>Azorhizobium caulinodans ORS 571</GBSeq_organism>
 <GBSeq_organism>Nitrobacter alkalicus</GBSeq_organism>
 <GBSeq_organism>Mesorhizobium loti</GBSeq_organism>
 <GBSeq_organism>Methylobacterium organophilum</GBSeq_organism>
 <GBSeq_organism>Nitratireductor aquibiodomus NL21 = JCM 21793</GBSeq_organism>
 <GBSeq_organism>Angulomicrobium tetraedrale</GBSeq_organism>
 <GBSeq_organism>Fulvimarina pelagi HTCC2506</GBSeq_organism>
 <GBSeq_organism>Rhodopseudomonas palustris</GBSeq_organism>
 <GBSeq_organism>Cupriavidus taiwanensis LMG 19424</GBSeq_organism>
 <GBSeq_organism>Ancylobacter rudongensis</GBSeq_organism>
 <GBSeq_organism>Blastobacter capsulatus</GBSeq_organism>
 <GBSeq_organism>Aurantimonas coralicida</GBSeq_organism>
 <GBSeq_organism>Filomicrobium fusiforme</GBSeq_organism>
 <GBSeq_organism>Labrys methylaminiphilus JLW10</GBSeq_organism>
 <GBSeq_organism>Starkeya novella DSM 506</GBSeq_organism>
 <GBSeq_organism>Devosia neptuniae</GBSeq_organism>
 <GBSeq_organism>Labrys neptuniae</GBSeq_organism>
 <GBSeq_organism>Phyllobacterium myrsinacearum</GBSeq_organism>
 <GBSeq_organism>Ochrobactrum anthropi</GBSeq_organism>
