 <GBSeq_organism>Escherichia coli DSM 30083 = JCM 1649 = ATCC 11775</GBSeq_organism>
 <GBSeq_organism>Kluyvera cryocrescens</GBSeq_organism>
 <GBSeq_organism>Cronobacter sakazakii</GBSeq_organism>
 <GBSeq_organism>Enterobacter asburiae</GBSeq_organism>
 <GBSeq_organism>Buttiauxella warmboldiae</GBSeq_organism>
 <GBSeq_organism>Raoultella planticola ATCC 33531</GBSeq_organism>
 <GBSeq_organism>Buttiauxella brennerae</GBSeq_organism>
 <GBSeq_organism>Buttiauxella gaviniae</GBSeq_organism>
 <GBSeq_organism>Kluyvera intermedia</GBSeq_organism>
 <GBSeq_organism>Kluyvera ascorbata ATCC 33433</GBSeq_organism>
 <GBSeq_organism>Buttiauxella agrestis ATCC 33320</GBSeq_organism>
 <GBSeq_organism>Buttiauxella ferragutiae</GBSeq_organism>
 <GBSeq_organism>Enterobacter aerogenes</GBSeq_organism>
 <GBSeq_organism>Shigella dysenteriae</GBSeq_organism>
 <GBSeq_organism>Klebsiella pneumoniae</GBSeq_organism>
 <GBSeq_organism>Kluyvera georgiana</GBSeq_organism>
 <GBSeq_organism>Serratia marcescens</GBSeq_organism>
 <GBSeq_organism>Buttiauxella izardii</GBSeq_organism>
 <GBSeq_organism>Enterobacter cloacae</GBSeq_organism>
 <GBSeq_organism>Citrobacter freundii</GBSeq_organism>
 <GBSeq_organism>Kluyvera intermedia</GBSeq_organism>
