 <GBSeq_organism>Psychroflexus gondwanensis</GBSeq_organism>
 <GBSeq_organism>Aquimarina muelleri</GBSeq_organism>
 <GBSeq_organism>Bizionia paragorgiae</GBSeq_organism>
 <GBSeq_organism>Nonlabens tegetincola</GBSeq_organism>
 <GBSeq_organism>Salegentibacter salegens</GBSeq_organism>
 <GBSeq_organism>Bacteroides fragilis</GBSeq_organism>
 <GBSeq_organism>Aquimarina latercula</GBSeq_organism>
 <GBSeq_organism>Coenonia anatina</GBSeq_organism>
 <GBSeq_organism>Gillisia limnaea DSM 15749</GBSeq_organism>
 <GBSeq_organism>Ulvibacter litoralis</GBSeq_organism>
 <GBSeq_organism>Formosa algae</GBSeq_organism>
 <GBSeq_organism>Nonlabens xylanidelens</GBSeq_organism>
 <GBSeq_organism>Flavobacterium aquatile</GBSeq_organism>
 <GBSeq_organism>Mesonia algae</GBSeq_organism>
 <GBSeq_organism>Psychroserpens burtonensis</GBSeq_organism>
 <GBSeq_organism>Psychroflexus torquis ATCC 700755</GBSeq_organism>
 <GBSeq_organism>Cellulophaga lytica</GBSeq_organism>
 <GBSeq_organism>Winogradskyella thalassocola</GBSeq_organism>
 <GBSeq_organism>Gelidibacter algens</GBSeq_organism>
 <GBSeq_organism>Nonlabens spongiae</GBSeq_organism>
 <GBSeq_organism>Psychroflexus tropicus</GBSeq_organism>
 <GBSeq_organism>Aquimarina brevivitae</GBSeq_organism>
