 <GBSeq_organism>Nonomuraea pusilla</GBSeq_organism>
 <GBSeq_organism>Planobispora longispora</GBSeq_organism>
 <GBSeq_organism>Acrocarpospora macrocephala</GBSeq_organism>
 <GBSeq_organism>Sphaerisporangium viridialbum</GBSeq_organism>
 <GBSeq_organism>Nonomuraea fastidiosa</GBSeq_organism>
 <GBSeq_organism>Sinosporangium album</GBSeq_organism>
 <GBSeq_organism>Microtetraspora glauca</GBSeq_organism>
 <GBSeq_organism>Herbidospora cretacea</GBSeq_organism>
 <GBSeq_organism>Acrocarpospora corrugata</GBSeq_organism>
 <GBSeq_organism>Microbispora rosea subsp. aerata</GBSeq_organism>
 <GBSeq_organism>Planotetraspora mira</GBSeq_organism>
 <GBSeq_organism>Microbispora rosea</GBSeq_organism>
 <GBSeq_organism>Thermopolyspora flexuosa</GBSeq_organism>
 <GBSeq_organism>Microtetraspora fusca</GBSeq_organism>
 <GBSeq_organism>Nonomuraea ferruginea</GBSeq_organism>
 <GBSeq_organism>Streptosporangium album</GBSeq_organism>
 <GBSeq_organism>Streptosporangium violaceochromogenes</GBSeq_organism>
 <GBSeq_organism>Planomonospora parontospora</GBSeq_organism>
 <GBSeq_organism>Herbidospora cretacea</GBSeq_organism>
 <GBSeq_organism>Sphaerisporangium cinnabarinum</GBSeq_organism>
 <GBSeq_organism>Microtetraspora niveoalba</GBSeq_organism>
