 <GBSeq_organism>Bacillus simplex</GBSeq_organism>
 <GBSeq_organism>Bacillus flexus</GBSeq_organism>
 <GBSeq_organism>Bacillus indicus</GBSeq_organism>
 <GBSeq_organism>Bacillus herbersteinensis</GBSeq_organism>
 <GBSeq_organism>Bacillus cohnii</GBSeq_organism>
 <GBSeq_organism>Bacillus megaterium</GBSeq_organism>
 <GBSeq_organism>Bacillus niabensis</GBSeq_organism>
 <GBSeq_organism>Bacillus niabensis</GBSeq_organism>
 <GBSeq_organism>Bacillus cibi</GBSeq_organism>
 <GBSeq_organism>Bacillus subtilis</GBSeq_organism>
 <GBSeq_organism>Ureibacillus thermosphaericus</GBSeq_organism>
 <GBSeq_organism>Bacillus litoralis</GBSeq_organism>
 <GBSeq_organism>Bacillus psychrosaccharolyticus ATCC 23296</GBSeq_organism>
 <GBSeq_organism>Bacillus cereus</GBSeq_organism>
 <GBSeq_organism>Bacillus niabensis</GBSeq_organism>
 <GBSeq_organism>Bacillus idriensis</GBSeq_organism>
 <GBSeq_organism>Bacillus halmapalus</GBSeq_organism>
 <GBSeq_organism>Bacillus fastidiosus</GBSeq_organism>
 <GBSeq_organism>Bacillus niabensis</GBSeq_organism>
 <GBSeq_organism>Bacillus licheniformis</GBSeq_organism>
 <GBSeq_organism>Bacillus niabensis</GBSeq_organism>
