 <GBSeq_organism>Gluconobacter oxydans</GBSeq_organism>
 <GBSeq_organism>Caulobacter vibrioides</GBSeq_organism>
 <GBSeq_organism>Thalassospira profundimaris WP0211</GBSeq_organism>
 <GBSeq_organism>Parvularcula bermudensis HTCC2503</GBSeq_organism>
 <GBSeq_organism>Kordiimonas gwangyangensis</GBSeq_organism>
 <GBSeq_organism>Thalassospira xiamenensis M-5 = DSM 17429</GBSeq_organism>
 <GBSeq_organism>Vibrio chagasii</GBSeq_organism>
 <GBSeq_organism>Phyllobacterium leguminum</GBSeq_organism>
 <GBSeq_organism>Roseococcus thiosulfatophilus</GBSeq_organism>
 <GBSeq_organism>Rhodobacter sphaeroides</GBSeq_organism>
 <GBSeq_organism>Craurococcus roseus</GBSeq_organism>
 <GBSeq_organism>Paracoccus denitrificans</GBSeq_organism>
 <GBSeq_organism>Roseobacter litoralis Och 149</GBSeq_organism>
 <GBSeq_organism>Zymomonas mobilis subsp. mobilis ATCC 10988</GBSeq_organism>
 <GBSeq_organism>Roseomonas aquatica</GBSeq_organism>
 <GBSeq_organism>Thalassobius gelatinovorus</GBSeq_organism>
 <GBSeq_organism>Thalassospira lucentensis MCCC 1A00383 = DSM 14000</GBSeq_organism>
 <GBSeq_organism>Pseudovibrio denitrificans</GBSeq_organism>
 <GBSeq_organism>Stappia stellulata</GBSeq_organism>
 <GBSeq_organism>Silicibacter lacuscaerulensis ITI-1157</GBSeq_organism>
 <GBSeq_organism>Azospirillum lipoferum</GBSeq_organism>
 <GBSeq_organism>Roseospira goensis</GBSeq_organism>
 <GBSeq_organism>Pseudaminobacter salicylatoxidans</GBSeq_organism>
 <GBSeq_organism>Rickettsia prowazekii</GBSeq_organism>
 <GBSeq_organism>Rhodospira trueperi</GBSeq_organism>
 <GBSeq_organism>Rhodospirillum rubrum ATCC 11170</GBSeq_organism>
 <GBSeq_organism>Pseudoalteromonas maricaloris</GBSeq_organism>
 <GBSeq_organism>Roseivivax halodurans</GBSeq_organism>
 <GBSeq_organism>Brevundimonas diminuta</GBSeq_organism>
 <GBSeq_organism>Mesorhizobium mediterraneum</GBSeq_organism>
 <GBSeq_organism>Rhodovibrio sodomensis</GBSeq_organism>
 <GBSeq_organism>Terasakiella pusilla</GBSeq_organism>
 <GBSeq_organism>Kopriimonas byunsanensis</GBSeq_organism>
 <GBSeq_organism>Sphingomonas ursincola</GBSeq_organism>
 <GBSeq_organism>Pseudovibrio ascidiaceicola</GBSeq_organism>
 <GBSeq_organism>Magnetospirillum gryphiswaldense MSR-1</GBSeq_organism>
 <GBSeq_organism>Sinorhizobium terangae</GBSeq_organism>
 <GBSeq_organism>Kiloniella laminariae</GBSeq_organism>
 <GBSeq_organism>Mesorhizobium chacoense</GBSeq_organism>
 <GBSeq_organism>Roseovarius tolerans</GBSeq_organism>
 <GBSeq_organism>Photobacterium indicum</GBSeq_organism>
 <GBSeq_organism>Escherichia coli str. K-12 substr. W3110</GBSeq_organism>
 <GBSeq_organism>Paracraurococcus ruber</GBSeq_organism>
 <GBSeq_organism>Nesiotobacter exalbescens</GBSeq_organism>
 <GBSeq_organism>Wolbachia pipientis</GBSeq_organism>
 <GBSeq_organism>Labrenzia aggregata IAM 12614</GBSeq_organism>
 <GBSeq_organism>Sphingomonas paucimobilis</GBSeq_organism>
