 <GBSeq_organism>Halomonas meridiana</GBSeq_organism>
 <GBSeq_organism>Pseudoalteromonas antarctica</GBSeq_organism>
 <GBSeq_organism>Colwellia psychrerythraea</GBSeq_organism>
 <GBSeq_organism>Psychromonas arctica</GBSeq_organism>
 <GBSeq_organism>Moritella marina ATCC 15381</GBSeq_organism>
 <GBSeq_organism>Shewanella algae</GBSeq_organism>
 <GBSeq_organism>Vibrio parahaemolyticus</GBSeq_organism>
 <GBSeq_organism>Ferrimonas balearica DSM 9799</GBSeq_organism>
 <GBSeq_organism>Psychromonas antarctica</GBSeq_organism>
 <GBSeq_organism>Escherichia coli O157:H7</GBSeq_organism>
 <GBSeq_organism>Codakia costata gill symbiont</GBSeq_organism>
 <GBSeq_organism>Marinobacter hydrocarbonoclasticus</GBSeq_organism>
 <GBSeq_organism>Salmonella enterica subsp. enterica serovar Typhimurium</GBSeq_organism>
 <GBSeq_organism>Pseudoalteromonas haloplanktis</GBSeq_organism>
 <GBSeq_organism>Pseudomonas fluorescens</GBSeq_organism>
 <GBSeq_organism>Colwellia maris</GBSeq_organism>
 <GBSeq_organism>Aliivibrio wodanis</GBSeq_organism>
 <GBSeq_organism>Pseudomonas putida</GBSeq_organism>
 <GBSeq_organism>Moritella japonica</GBSeq_organism>
 <GBSeq_organism>Moritella viscosa</GBSeq_organism>
 <GBSeq_organism>Anodontia phillipiana gill symbiont</GBSeq_organism>
 <GBSeq_organism>Halomonas elongata</GBSeq_organism>
 <GBSeq_organism>Plesiomonas shigelloides</GBSeq_organism>
 <GBSeq_organism>Shewanella violacea DSS12</GBSeq_organism>
