 <GBSeq_organism>Aestuariibacter salexigens</GBSeq_organism>
 <GBSeq_organism>Salinimonas chungwhensis</GBSeq_organism>
 <GBSeq_organism>Alteromonas tagae</GBSeq_organism>
 <GBSeq_organism>Idiomarina taiwanensis</GBSeq_organism>
 <GBSeq_organism>Agarivorans albus</GBSeq_organism>
 <GBSeq_organism>Bowmanella denitrificans</GBSeq_organism>
 <GBSeq_organism>Agarivorans albus</GBSeq_organism>
 <GBSeq_organism>Alteromonas marina</GBSeq_organism>
 <GBSeq_organism>Glaciecola polaris</GBSeq_organism>
 <GBSeq_organism>Glaciecola punicea</GBSeq_organism>
 <GBSeq_organism>Glaciecola psychrophila</GBSeq_organism>
 <GBSeq_organism>Alteromonas litorea</GBSeq_organism>
 <GBSeq_organism>Agarivorans albus</GBSeq_organism>
 <GBSeq_organism>Glaciecola chathamensis S18K6</GBSeq_organism>
 <GBSeq_organism>Alteromonas hispanica</GBSeq_organism>
 <GBSeq_organism>Alteromonas addita</GBSeq_organism>
 <GBSeq_organism>Alteromonas macleodii</GBSeq_organism>
 <GBSeq_organism>Glaciecola agarilytica</GBSeq_organism>
 <GBSeq_organism>Glaciecola nitratireducens FR1064</GBSeq_organism>
 <GBSeq_organism>Aestuariibacter halophilus</GBSeq_organism>
 <GBSeq_organism>Glaciecola pallidula DSM 14239 = ACAM 615</GBSeq_organism>
 <GBSeq_organism>Glaciecola mesophila KMM 241</GBSeq_organism>
 <GBSeq_organism>Alteromonas simiduii</GBSeq_organism>
