 <GBSeq_organism>Halobacillus trueperi</GBSeq_organism>
 <GBSeq_organism>Bacillus cereus</GBSeq_organism>
 <GBSeq_organism>Halobacillus litoralis</GBSeq_organism>
 <GBSeq_organism>Paenibacillus mucilaginosus</GBSeq_organism>
 <GBSeq_organism>Paenibacillus amylolyticus</GBSeq_organism>
 <GBSeq_organism>Bacillus sonorensis</GBSeq_organism>
 <GBSeq_organism>Paenibacillus validus</GBSeq_organism>
 <GBSeq_organism>Paenibacillus mucilaginosus KNP414</GBSeq_organism>
 <GBSeq_organism>Paenibacillus durus</GBSeq_organism>
 <GBSeq_organism>Lactobacillus delbrueckii subsp. bulgaricus ATCC 11842 = JCM 1002</GBSeq_organism>
 <GBSeq_organism>Paenibacillus mucilaginosus</GBSeq_organism>
 <GBSeq_organism>Alicyclobacillus shizuokensis</GBSeq_organism>
 <GBSeq_organism>Bacillus azotoformans</GBSeq_organism>
 <GBSeq_organism>Paenibacillus pabuli</GBSeq_organism>
 <GBSeq_organism>Alicyclobacillus sendaiensis</GBSeq_organism>
 <GBSeq_organism>Bacillus mycoides</GBSeq_organism>
 <GBSeq_organism>Halobacillus faecis</GBSeq_organism>
 <GBSeq_organism>Paenibacillus mucilaginosus</GBSeq_organism>
 <GBSeq_organism>Bacillus thuringiensis</GBSeq_organism>
 <GBSeq_organism>Halobacillus halophilus DSM 2266</GBSeq_organism>
 <GBSeq_organism>Paenibacillus barcinonensis</GBSeq_organism>
 <GBSeq_organism>Paenibacillus taichungensis</GBSeq_organism>
 <GBSeq_organism>Paenibacillus edaphicus</GBSeq_organism>
 <GBSeq_organism>Escherichia coli DSM 30083 = JCM 1649 = ATCC 11775</GBSeq_organism>
 <GBSeq_organism>Alicyclobacillus vulcanalis</GBSeq_organism>
 <GBSeq_organism>Alicyclobacillus contaminans</GBSeq_organism>
 <GBSeq_organism>Paenibacillus apiarius</GBSeq_organism>
