 <GBSeq_organism>Micromonospora carbonacea</GBSeq_organism>
 <GBSeq_organism>Micromonospora eburnea</GBSeq_organism>
 <GBSeq_organism>Micromonospora halophytica</GBSeq_organism>
 <GBSeq_organism>Planosporangium flavigriseum</GBSeq_organism>
 <GBSeq_organism>Actinocatenispora thailandica</GBSeq_organism>
 <GBSeq_organism>Nocardiopsis alba DSM 43377</GBSeq_organism>
 <GBSeq_organism>Micromonospora viridifaciens</GBSeq_organism>
 <GBSeq_organism>Actinoplanes regularis</GBSeq_organism>
 <GBSeq_organism>Longispora albida</GBSeq_organism>
 <GBSeq_organism>Actinoplanes brasiliensis</GBSeq_organism>
 <GBSeq_organism>Dactylosporangium thailandense</GBSeq_organism>
 <GBSeq_organism>Micromonospora matsumotoense</GBSeq_organism>
 <GBSeq_organism>Actinoplanes deccanensis</GBSeq_organism>
 <GBSeq_organism>Catenuloplanes crispus JCM 9312</GBSeq_organism>
 <GBSeq_organism>Polymorphospora rubra</GBSeq_organism>
 <GBSeq_organism>Dactylosporangium aurantiacum</GBSeq_organism>
 <GBSeq_organism>Catelliglobosispora koreensis DSM 44566</GBSeq_organism>
 <GBSeq_organism>Hamadaea tsunoensis DSM 44101</GBSeq_organism>
 <GBSeq_organism>Dactylosporangium matsuzakiense</GBSeq_organism>
 <GBSeq_organism>Asanoa ferruginea</GBSeq_organism>
 <GBSeq_organism>Micromonospora rosaria</GBSeq_organism>
 <GBSeq_organism>Micromonospora echinospora</GBSeq_organism>
 <GBSeq_organism>Dactylosporangium fulvum</GBSeq_organism>
 <GBSeq_organism>Micromonospora aurantiaca</GBSeq_organism>
 <GBSeq_organism>Spirilliplanes yamanashiensis</GBSeq_organism>
 <GBSeq_organism>Micromonospora olivasterospora</GBSeq_organism>
 <GBSeq_organism>Micromonospora purpureochromogenes</GBSeq_organism>
 <GBSeq_organism>Catenuloplanes japonicus JCM 9106</GBSeq_organism>
 <GBSeq_organism>Micromonospora mirobrigensis</GBSeq_organism>
 <GBSeq_organism>Luedemannella flava</GBSeq_organism>
 <GBSeq_organism>Dactylosporangium vinaceum</GBSeq_organism>
 <GBSeq_organism>Pilimelia anulata</GBSeq_organism>
 <GBSeq_organism>Actinoplanes philippinensis</GBSeq_organism>
 <GBSeq_organism>Luedemannella helvata</GBSeq_organism>
 <GBSeq_organism>Virgisporangium ochraceum</GBSeq_organism>
 <GBSeq_organism>Dactylosporangium roseum</GBSeq_organism>
 <GBSeq_organism>Catellatospora citrea</GBSeq_organism>
 <GBSeq_organism>Verrucosispora gifhornensis</GBSeq_organism>
