 <GBSeq_organism>Paracoccus thiocyanatus</GBSeq_organism>
 <GBSeq_organism>Roseobacter denitrificans OCh 114</GBSeq_organism>
 <GBSeq_organism>Paracoccus zeaxanthinifaciens</GBSeq_organism>
 <GBSeq_organism>Paracoccus marcusii</GBSeq_organism>
 <GBSeq_organism>Paracoccus haeundaensis</GBSeq_organism>
 <GBSeq_organism>Paracoccus aminophilus</GBSeq_organism>
 <GBSeq_organism>Paracoccus bengalensis</GBSeq_organism>
 <GBSeq_organism>Paracoccus aminovorans</GBSeq_organism>
 <GBSeq_organism>Paracoccus halophilus</GBSeq_organism>
 <GBSeq_organism>Paracoccus kondratievae</GBSeq_organism>
 <GBSeq_organism>Paracoccus pantotrophus</GBSeq_organism>
 <GBSeq_organism>Paracoccus homiensis</GBSeq_organism>
 <GBSeq_organism>Paracoccus denitrificans</GBSeq_organism>
 <GBSeq_organism>Paracoccus sulfuroxidans</GBSeq_organism>
 <GBSeq_organism>Paracoccus carotinifaciens</GBSeq_organism>
 <GBSeq_organism>Paracoccus koreensis</GBSeq_organism>
 <GBSeq_organism>Paracoccus alcaliphilus</GBSeq_organism>
 <GBSeq_organism>Paracoccus seriniphilus</GBSeq_organism>
 <GBSeq_organism>Paracoccus methylutens</GBSeq_organism>
 <GBSeq_organism>Paracoccus solventivorans</GBSeq_organism>
 <GBSeq_organism>Paracoccus versutus</GBSeq_organism>
