 <GBSeq_organism>Borrelia burgdorferi</GBSeq_organism>
 <GBSeq_organism>Borrelia sp.</GBSeq_organism>
 <GBSeq_organism>Borrelia garinii</GBSeq_organism>
 <GBSeq_organism>Borrelia parkeri</GBSeq_organism>
 <GBSeq_organism>Borrelia hermsii</GBSeq_organism>
 <GBSeq_organism>Borrelia turdi</GBSeq_organism>
 <GBSeq_organism>Borrelia sp.</GBSeq_organism>
 <GBSeq_organism>Borrelia sp. LB-2001</GBSeq_organism>
 <GBSeq_organism>Borrelia burgdorferi</GBSeq_organism>
 <GBSeq_organism>Borrelia turicatae</GBSeq_organism>
 <GBSeq_organism>Borrelia anserina</GBSeq_organism>
 <GBSeq_organism>Borrelia burgdorferi</GBSeq_organism>
 <GBSeq_organism>Borrelia lonestari</GBSeq_organism>
 <GBSeq_organism>Borrelia coriaceae</GBSeq_organism>
 <GBSeq_organism>Borrelia miyamotoi</GBSeq_organism>
 <GBSeq_organism>Borrelia burgdorferi</GBSeq_organism>
 <GBSeq_organism>Borrelia afzelii</GBSeq_organism>
 <GBSeq_organism>Borrelia japonica</GBSeq_organism>
 <GBSeq_organism>Borrelia sp.</GBSeq_organism>
 <GBSeq_organism>Borrelia sinica</GBSeq_organism>
 <GBSeq_organism>Borrelia duttonii</GBSeq_organism>
 <GBSeq_organism>Borrelia crocidurae</GBSeq_organism>
 <GBSeq_organism>Borrelia tanukii</GBSeq_organism>
 <GBSeq_organism>Borrelia persica</GBSeq_organism>
 <GBSeq_organism>Candidatus Borrelia texasensis</GBSeq_organism>
 <GBSeq_organism>Loxosporopsis corallifera</GBSeq_organism>
 <GBSeq_organism>Borrelia hispanica</GBSeq_organism>
 <GBSeq_organism>Borrelia andersonii</GBSeq_organism>
