 <GBSeq_organism>Gallaecimonas pentaromativorans</GBSeq_organism>
 <GBSeq_organism>Gallaecimonas pentaromativorans</GBSeq_organism>
 <GBSeq_organism>Idiomarina abyssalis</GBSeq_organism>
 <GBSeq_organism>Anopheles gambiae</GBSeq_organism>
 <GBSeq_organism>serratia sp. NH10</GBSeq_organism>
 <GBSeq_organism>Colwellia psychrerythraea</GBSeq_organism>
 <GBSeq_organism>Aeromonas caviae</GBSeq_organism>
 <GBSeq_organism>bacterium X16</GBSeq_organism>
 <GBSeq_organism>Gallaecimonas pentaromativorans</GBSeq_organism>
 <GBSeq_organism>Serratia sp. AN4</GBSeq_organism>
 <GBSeq_organism>Rheinheimera soli</GBSeq_organism>
 <GBSeq_organism>Rheinheimera perlucida</GBSeq_organism>
 <GBSeq_organism>Serratia grimesii</GBSeq_organism>
 <GBSeq_organism>Rheinheimera baltica</GBSeq_organism>
 <GBSeq_organism>Gallaecimonas pentaromativorans</GBSeq_organism>
 <GBSeq_organism>Pantoea eucalypti</GBSeq_organism>
 <GBSeq_organism>Shewanella sp. NH21</GBSeq_organism>
 <GBSeq_organism>Rheinheimera pacifica</GBSeq_organism>
 <GBSeq_organism>Aeromonadaceae bacterium PH35</GBSeq_organism>
 <GBSeq_organism>Vibrio mytili</GBSeq_organism>
 <GBSeq_organism>Glaciecola pallidula DSM 14239 = ACAM 615</GBSeq_organism>
 <GBSeq_organism>Alishewanella fetalis</GBSeq_organism>
 <GBSeq_organism>Gallaecimonas pentaromativorans</GBSeq_organism>
