 <GBSeq_organism>Ruegeria scottomollicae</GBSeq_organism>
 <GBSeq_organism>Thalassobacter arenae</GBSeq_organism>
 <GBSeq_organism>Octadecabacter arcticus</GBSeq_organism>
 <GBSeq_organism>Nautella italica</GBSeq_organism>
 <GBSeq_organism>Phaeobacter gallaeciensis DSM 26640</GBSeq_organism>
 <GBSeq_organism>Thalassobacter stenotrophicus</GBSeq_organism>
 <GBSeq_organism>Shimia marina</GBSeq_organism>
 <GBSeq_organism>Thalassobius gelatinovorus</GBSeq_organism>
 <GBSeq_organism>Thalassobius maritimus</GBSeq_organism>
 <GBSeq_organism>Leisingera methylohalidivorans DSM 14336</GBSeq_organism>
 <GBSeq_organism>Sulfitobacter pontiacus</GBSeq_organism>
 <GBSeq_organism>Oceanicola nanhaiensis</GBSeq_organism>
 <GBSeq_organism>Roseivivax halodurans</GBSeq_organism>
 <GBSeq_organism>Citreicella thiooxidans</GBSeq_organism>
 <GBSeq_organism>Thalassobius mediterraneus</GBSeq_organism>
 <GBSeq_organism>Marinovum algicola</GBSeq_organism>
 <GBSeq_organism>Oceanicola batsensis</GBSeq_organism>
 <GBSeq_organism>Ruegeria pomeroyi</GBSeq_organism>
 <GBSeq_organism>Marivita byunsanensis</GBSeq_organism>
 <GBSeq_organism>Ketogulonicigenium vulgare</GBSeq_organism>
 <GBSeq_organism>Ruegeria atlantica</GBSeq_organism>
 <GBSeq_organism>Oceanicola granulosus</GBSeq_organism>
 <GBSeq_organism>Leisingera aquimarina</GBSeq_organism>
 <GBSeq_organism>Salipiger mucosus DSM 16094</GBSeq_organism>
