 <GBSeq_organism>Lactobacillus parabuchneri</GBSeq_organism>
 <GBSeq_organism>Lactobacillus spicheri</GBSeq_organism>
 <GBSeq_organism>Lactobacillus paraplantarum</GBSeq_organism>
 <GBSeq_organism>Lactobacillus parakefiri</GBSeq_organism>
 <GBSeq_organism>Lactobacillus fructivorans KCTC 3543 = DSM 20203</GBSeq_organism>
 <GBSeq_organism>Lactobacillus homohiochii</GBSeq_organism>
 <GBSeq_organism>Lactobacillus paralimentarius</GBSeq_organism>
 <GBSeq_organism>Sus scrofa</GBSeq_organism>
 <GBSeq_organism>Lactobacillus hilgardii</GBSeq_organism>
 <GBSeq_organism>Lactobacillus farciminis KCTC 3681 = DSM 20184</GBSeq_organism>
 <GBSeq_organism>Lactobacillus koreensis</GBSeq_organism>
 <GBSeq_organism>Lactobacillus zymae</GBSeq_organism>
 <GBSeq_organism>Lactobacillus lindneri</GBSeq_organism>
 <GBSeq_organism>Lactobacillus sanfranciscensis</GBSeq_organism>
 <GBSeq_organism>Lactobacillus paracollinoides</GBSeq_organism>
 <GBSeq_organism>Lactobacillus delbrueckii subsp. delbrueckii</GBSeq_organism>
 <GBSeq_organism>Lactobacillus parabrevis</GBSeq_organism>
 <GBSeq_organism>Lactobacillus brevis</GBSeq_organism>
 <GBSeq_organism>Lactobacillus pentosus</GBSeq_organism>
 <GBSeq_organism>Lactobacillus mindensis</GBSeq_organism>
 <GBSeq_organism>Lactobacillus hammesii</GBSeq_organism>
