 <GBSeq_organism>Vibrio harveyi</GBSeq_organism>
 <GBSeq_organism>Vibrio campbellii CAIM 519 = NBRC 15631</GBSeq_organism>
 <GBSeq_organism>Adalia decempunctata</GBSeq_organism>
 <GBSeq_organism>Vibrio azureus</GBSeq_organism>
 <GBSeq_organism>Vibrio diabolicus</GBSeq_organism>
 <GBSeq_organism>Vibrio chagasii</GBSeq_organism>
 <GBSeq_organism>Vibrio splendidus</GBSeq_organism>
 <GBSeq_organism>Vibrio alginolyticus</GBSeq_organism>
 <GBSeq_organism>Vibrio mediterranei</GBSeq_organism>
 <GBSeq_organism>Vibrio neptunius</GBSeq_organism>
 <GBSeq_organism>Vibrio xuii</GBSeq_organism>
 <GBSeq_organism>Vibrio owensii</GBSeq_organism>
 <GBSeq_organism>Vibrio owensii</GBSeq_organism>
 <GBSeq_organism>Vibrio tubiashii ATCC 19109</GBSeq_organism>
 <GBSeq_organism>Vibrio parahaemolyticus</GBSeq_organism>
 <GBSeq_organism>Vibrio owensii</GBSeq_organism>
 <GBSeq_organism>Vibrio coralliilyticus ATCC BAA-450</GBSeq_organism>
 <GBSeq_organism>Vibrio owensii</GBSeq_organism>
 <GBSeq_organism>Vibrio rotiferianus CAIM 577 = LMG 21460</GBSeq_organism>
 <GBSeq_organism>Vibrio natriegens NBRC 15636 = ATCC 14048 = DSM 759</GBSeq_organism>
 <GBSeq_organism>Vibrio owensii</GBSeq_organism>
 <GBSeq_organism>Vibrio mytili</GBSeq_organism>
 <GBSeq_organism>Vibrio aestuarianus</GBSeq_organism>
 <GBSeq_organism>Vibrio vulnificus NBRC 15645 = ATCC 27562</GBSeq_organism>
 <GBSeq_organism>Vibrio owensii</GBSeq_organism>
 <GBSeq_organism>Vibrio owensii</GBSeq_organism>
