 <GBSeq_organism>Devosia soli</GBSeq_organism>
 <GBSeq_organism>Ancylobacter aquaticus</GBSeq_organism>
 <GBSeq_organism>Labrys monachus</GBSeq_organism>
 <GBSeq_organism>Devosia riboflavina</GBSeq_organism>
 <GBSeq_organism>Devosia geojensis</GBSeq_organism>
 <GBSeq_organism>Blastochloris sulfoviridis</GBSeq_organism>
 <GBSeq_organism>Candidatus Devosia euplotis</GBSeq_organism>
 <GBSeq_organism>Azorhizobium caulinodans ORS 571</GBSeq_organism>
 <GBSeq_organism>Rhizobium leguminosarum</GBSeq_organism>
 <GBSeq_organism>Xanthobacter autotrophicus</GBSeq_organism>
 <GBSeq_organism>Mesorhizobium loti</GBSeq_organism>
 <GBSeq_organism>Agrobacterium tumefaciens</GBSeq_organism>
 <GBSeq_organism>Methylobacterium organophilum</GBSeq_organism>
 <GBSeq_organism>Devosia subaequoris</GBSeq_organism>
 <GBSeq_organism>Angulomicrobium tetraedrale</GBSeq_organism>
 <GBSeq_organism>Candidatus Devosia euplotis</GBSeq_organism>
 <GBSeq_organism>Rhodoplanes roseus</GBSeq_organism>
 <GBSeq_organism>Rhodobacter capsulatus</GBSeq_organism>
 <GBSeq_organism>Devosia neptuniae</GBSeq_organism>
 <GBSeq_organism>Paracoccus denitrificans</GBSeq_organism>
 <GBSeq_organism>Candidatus Devosia euplotis</GBSeq_organism>
 <GBSeq_organism>Devosia limi</GBSeq_organism>
