 <GBSeq_organism>Flavobacterium sp. EP209</GBSeq_organism>
 <GBSeq_organism>Flavobacterium xinjiangense</GBSeq_organism>
 <GBSeq_organism>Flavobacterium sp. EP372</GBSeq_organism>
 <GBSeq_organism>Flavobacterium sp. EP333</GBSeq_organism>
 <GBSeq_organism>Flavobacterium sp. EP286</GBSeq_organism>
 <GBSeq_organism>Flavobacterium johnsoniae</GBSeq_organism>
 <GBSeq_organism>Flavobacterium sp. EP136</GBSeq_organism>
 <GBSeq_organism>Flavobacterium sp. EP252</GBSeq_organism>
 <GBSeq_organism>Flavobacterium saccharophilum</GBSeq_organism>
 <GBSeq_organism>Flavobacterium succinicans</GBSeq_organism>
 <GBSeq_organism>Flavobacterium sp. EP040</GBSeq_organism>
 <GBSeq_organism>Flavobacterium micromati</GBSeq_organism>
 <GBSeq_organism>Flavobacterium sp. EP037</GBSeq_organism>
 <GBSeq_organism>Flavobacterium sp. EP223</GBSeq_organism>
 <GBSeq_organism>Flavobacterium degerlachei</GBSeq_organism>
 <GBSeq_organism>Flavobacterium sp. EP300</GBSeq_organism>
 <GBSeq_organism>Flavobacterium sp. EP239</GBSeq_organism>
 <GBSeq_organism>Flavobacterium gelidilacus</GBSeq_organism>
 <GBSeq_organism>Flavobacterium hydatis</GBSeq_organism>
 <GBSeq_organism>Flavobacterium sp. EP125</GBSeq_organism>
 <GBSeq_organism>Flavobacterium tegetincola</GBSeq_organism>
 <GBSeq_organism>Flavobacterium sp. EP030</GBSeq_organism>
 <GBSeq_organism>Flavobacterium sp. EP360</GBSeq_organism>
 <GBSeq_organism>Flavobacterium flevense</GBSeq_organism>
 <GBSeq_organism>Flavobacterium gillisiae</GBSeq_organism>
 <GBSeq_organism>Flavobacterium sp. EP101</GBSeq_organism>
 <GBSeq_organism>Flavobacterium sp. SW254</GBSeq_organism>
 <GBSeq_organism>Flavobacterium pectinovorum</GBSeq_organism>
 <GBSeq_organism>Flavobacterium sp. EP240</GBSeq_organism>
 <GBSeq_organism>Flavobacterium sp. EP235</GBSeq_organism>
 <GBSeq_organism>Flavobacterium columnare</GBSeq_organism>
 <GBSeq_organism>Flavobacterium sp. EP297</GBSeq_organism>
 <GBSeq_organism>Flavobacterium sp. EP204</GBSeq_organism>
 <GBSeq_organism>Flavobacterium branchiophilum</GBSeq_organism>
 <GBSeq_organism>Flavobacterium aquatile</GBSeq_organism>
 <GBSeq_organism>Flavobacterium sp. EP248</GBSeq_organism>
 <GBSeq_organism>Flavobacterium xanthum</GBSeq_organism>
 <GBSeq_organism>Flavobacterium sp. EP236</GBSeq_organism>
 <GBSeq_organism>Flavobacterium sp. EP306</GBSeq_organism>
 <GBSeq_organism>Flavobacterium sp. EP134</GBSeq_organism>
 <GBSeq_organism>Flavobacterium sp. EP100</GBSeq_organism>
 <GBSeq_organism>Flavobacterium sp. EP215</GBSeq_organism>
 <GBSeq_organism>Flavobacterium sp. EP251</GBSeq_organism>
 <GBSeq_organism>Flavobacterium sp. EP131</GBSeq_organism>
 <GBSeq_organism>Flavobacterium sp. EP233</GBSeq_organism>
 <GBSeq_organism>Flavobacterium sp. EP241</GBSeq_organism>
 <GBSeq_organism>Flavobacterium psychrophilum</GBSeq_organism>
 <GBSeq_organism>Flavobacterium frigidarium</GBSeq_organism>
 <GBSeq_organism>Flavobacterium hibernum</GBSeq_organism>
 <GBSeq_organism>Flavobacterium sp. EP130</GBSeq_organism>
 <GBSeq_organism>Flavobacterium sp. EP328</GBSeq_organism>
 <GBSeq_organism>Flavobacterium omnivorum</GBSeq_organism>
 <GBSeq_organism>Flavobacterium frigoris</GBSeq_organism>
 <GBSeq_organism>Sporocytophaga cauliformis</GBSeq_organism>
 <GBSeq_organism>Flavobacterium sp. EP246</GBSeq_organism>
