 <GBSeq_organism>Vibrio cyclitrophicus</GBSeq_organism>
 <GBSeq_organism>Vibrio campbellii CAIM 519 = NBRC 15631</GBSeq_organism>
 <GBSeq_organism>Aliivibrio salmonicida</GBSeq_organism>
 <GBSeq_organism>Vibrio alginolyticus</GBSeq_organism>
 <GBSeq_organism>Vibrio chagasii</GBSeq_organism>
 <GBSeq_organism>Vibrio harveyi</GBSeq_organism>
 <GBSeq_organism>Vibrio ezurae</GBSeq_organism>
 <GBSeq_organism>Vibrio nereis</GBSeq_organism>
 <GBSeq_organism>Aliivibrio logei</GBSeq_organism>
 <GBSeq_organism>Vibrio gallaecicus</GBSeq_organism>
 <GBSeq_organism>Vibrio pomeroyi</GBSeq_organism>
 <GBSeq_organism>Photobacterium leiognathi subsp. leiognathi</GBSeq_organism>
 <GBSeq_organism>Vibrio brasiliensis LMG 20546</GBSeq_organism>
 <GBSeq_organism>Vibrio gigantis</GBSeq_organism>
 <GBSeq_organism>Vibrio tubiashii ATCC 19109</GBSeq_organism>
 <GBSeq_organism>Vibrio kanaloae</GBSeq_organism>
 <GBSeq_organism>Vibrio natriegens NBRC 15636 = ATCC 14048 = DSM 759</GBSeq_organism>
 <GBSeq_organism>Vibrio lentus</GBSeq_organism>
 <GBSeq_organism>Aliivibrio wodanis</GBSeq_organism>
 <GBSeq_organism>Vibrio marisflavi CECT 7928</GBSeq_organism>
 <GBSeq_organism>Vibrio tasmaniensis</GBSeq_organism>
 <GBSeq_organism>Vibrio splendidus</GBSeq_organism>
 <GBSeq_organism>Salinivibrio costicola</GBSeq_organism>
 <GBSeq_organism>Aliivibrio fischeri</GBSeq_organism>
