 <GBSeq_organism>Shewanella livingstonensis</GBSeq_organism>
 <GBSeq_organism>Shewanella basaltis</GBSeq_organism>
 <GBSeq_organism>Shewanella olleyana</GBSeq_organism>
 <GBSeq_organism>Shewanella japonica</GBSeq_organism>
 <GBSeq_organism>Shewanella fidelis</GBSeq_organism>
 <GBSeq_organism>Shewanella pneumatophori</GBSeq_organism>
 <GBSeq_organism>Shewanella irciniae</GBSeq_organism>
 <GBSeq_organism>Shewanella algae</GBSeq_organism>
 <GBSeq_organism>Shewanella canadensis</GBSeq_organism>
 <GBSeq_organism>Shewanella putrefaciens</GBSeq_organism>
 <GBSeq_organism>Shewanella colwelliana</GBSeq_organism>
 <GBSeq_organism>Shewanella oneidensis MR-1</GBSeq_organism>
 <GBSeq_organism>Shewanella marisflavi</GBSeq_organism>
 <GBSeq_organism>Shewanella gaetbuli</GBSeq_organism>
 <GBSeq_organism>Shewanella amazonensis SB2B</GBSeq_organism>
 <GBSeq_organism>Shewanella donghaensis</GBSeq_organism>
 <GBSeq_organism>Shewanella psychrophila</GBSeq_organism>
 <GBSeq_organism>Shewanella piezotolerans WP3</GBSeq_organism>
 <GBSeq_organism>Shewanella aquimarina</GBSeq_organism>
 <GBSeq_organism>Shewanella benthica</GBSeq_organism>
 <GBSeq_organism>Shewanella loihica PV-4</GBSeq_organism>
 <GBSeq_organism>Shewanella colwelliana</GBSeq_organism>
 <GBSeq_organism>Shewanella gelidimarina</GBSeq_organism>
 <GBSeq_organism>Shewanella halifaxensis HAW-EB4</GBSeq_organism>
 <GBSeq_organism>Shewanella hafniensis</GBSeq_organism>
 <GBSeq_organism>Shewanella woodyi ATCC 51908</GBSeq_organism>
 <GBSeq_organism>Shewanella sediminis HAW-EB3</GBSeq_organism>
 <GBSeq_organism>Shewanella schlegeliana</GBSeq_organism>
 <GBSeq_organism>Shewanella haliotis</GBSeq_organism>
 <GBSeq_organism>Shewanella corallii</GBSeq_organism>
 <GBSeq_organism>Shewanella pealeana</GBSeq_organism>
 <GBSeq_organism>Shewanella profunda</GBSeq_organism>
 <GBSeq_organism>Shewanella pacifica</GBSeq_organism>
 <GBSeq_organism>Shewanella glacialipiscicola</GBSeq_organism>
 <GBSeq_organism>Shewanella hanedai</GBSeq_organism>
 <GBSeq_organism>Shewanella atlantica</GBSeq_organism>
 <GBSeq_organism>Shewanella violacea DSS12</GBSeq_organism>
 <GBSeq_organism>Shewanella algidipiscicola</GBSeq_organism>
 <GBSeq_organism>Shewanella frigidimarina</GBSeq_organism>
