 <GBSeq_organism>Shewanella sairae</GBSeq_organism>
 <GBSeq_organism>Shewanella woodyi</GBSeq_organism>
 <GBSeq_organism>Shewanella livingstonensis</GBSeq_organism>
 <GBSeq_organism>Shewanella colwelliana</GBSeq_organism>
 <GBSeq_organism>Shewanella olleyana</GBSeq_organism>
 <GBSeq_organism>Shewanella denitrificans</GBSeq_organism>
 <GBSeq_organism>Shewanella waksmanii</GBSeq_organism>
 <GBSeq_organism>Shewanella fidelis</GBSeq_organism>
 <GBSeq_organism>Shewanella algae</GBSeq_organism>
 <GBSeq_organism>Shewanella algae</GBSeq_organism>
 <GBSeq_organism>Shewanella amazonensis SB2B</GBSeq_organism>
 <GBSeq_organism>Shewanella benthica</GBSeq_organism>
 <GBSeq_organism>Shewanella colwelliana</GBSeq_organism>
 <GBSeq_organism>Shewanella colwelliana</GBSeq_organism>
 <GBSeq_organism>Shewanella putrefaciens</GBSeq_organism>
 <GBSeq_organism>Shewanella baltica OS195</GBSeq_organism>
 <GBSeq_organism>Shewanella pealeana</GBSeq_organism>
 <GBSeq_organism>Shewanella pacifica</GBSeq_organism>
 <GBSeq_organism>Shewanella hanedai</GBSeq_organism>
 <GBSeq_organism>Shewanella violacea DSS12</GBSeq_organism>
 <GBSeq_organism>Shewanella frigidimarina</GBSeq_organism>
