 <GBSeq_organism>Tetrasphaera elongata Lp2</GBSeq_organism>
 <GBSeq_organism>Tetrasphaera japonica</GBSeq_organism>
 <GBSeq_organism>Tetrasphaera veronensis</GBSeq_organism>
 <GBSeq_organism>Ornithinicoccus hortensis</GBSeq_organism>
 <GBSeq_organism>Knoellia subterranea</GBSeq_organism>
 <GBSeq_organism>Janibacter terrae</GBSeq_organism>
 <GBSeq_organism>Janibacter melonis</GBSeq_organism>
 <GBSeq_organism>Tetrasphaera australiensis</GBSeq_organism>
 <GBSeq_organism>Serinicoccus marinus</GBSeq_organism>
 <GBSeq_organism>Intrasporangium calvum DSM 43043</GBSeq_organism>
 <GBSeq_organism>Micrococcus luteus</GBSeq_organism>
 <GBSeq_organism>Arsenicicoccus bolidensis</GBSeq_organism>
 <GBSeq_organism>Ornithinimicrobium humiphilum</GBSeq_organism>
 <GBSeq_organism>Terrabacter tumescens</GBSeq_organism>
 <GBSeq_organism>Knoellia sinensis</GBSeq_organism>
 <GBSeq_organism>Janibacter limosus</GBSeq_organism>
 <GBSeq_organism>Oryzihumus leptocrescens</GBSeq_organism>
 <GBSeq_organism>Terrabacter terrae</GBSeq_organism>
 <GBSeq_organism>Terracoccus luteus</GBSeq_organism>
 <GBSeq_organism>Phycicoccus jejuensis</GBSeq_organism>
