 <GBSeq_organism>Caldicellulosiruptor lactoaceticus 6A</GBSeq_organism>
 <GBSeq_organism>Thermanaerovibrio velox</GBSeq_organism>
 <GBSeq_organism>Jonquetella anthropi DSM 22815</GBSeq_organism>
 <GBSeq_organism>Jonquetella anthropi</GBSeq_organism>
 <GBSeq_organism>Jonquetella anthropi</GBSeq_organism>
 <GBSeq_organism>Caldithrix abyssi DSM 13497</GBSeq_organism>
 <GBSeq_organism>Dethiosulfovibrio peptidovorans DSM 11002</GBSeq_organism>
 <GBSeq_organism>Flexistipes sinusarabici DSM 4947</GBSeq_organism>
 <GBSeq_organism>Thermosyntropha lipolytica</GBSeq_organism>
 <GBSeq_organism>Carboxydocella thermautotrophica</GBSeq_organism>
 <GBSeq_organism>Syntrophomonas bryantii</GBSeq_organism>
 <GBSeq_organism>Flexistipes sp. E3_33</GBSeq_organism>
 <GBSeq_organism>Anaeroglobus geminatus</GBSeq_organism>
 <GBSeq_organism>Syntrophomonas curvata</GBSeq_organism>
 <GBSeq_organism>Jonquetella anthropi</GBSeq_organism>
 <GBSeq_organism>Deferribacter abyssi</GBSeq_organism>
 <GBSeq_organism>Pelospora glutarica</GBSeq_organism>
 <GBSeq_organism>Geovibrio ferrireducens</GBSeq_organism>
 <GBSeq_organism>Mucispirillum schaedleri</GBSeq_organism>
 <GBSeq_organism>Dethiosulfovibrio marinus</GBSeq_organism>
 <GBSeq_organism>Jonquetella anthropi</GBSeq_organism>
 <GBSeq_organism>Geovibrio thiophilus</GBSeq_organism>
 <GBSeq_organism>Dethiosulfovibrio russensis</GBSeq_organism>
 <GBSeq_organism>Synergistes sp. RMA 10849</GBSeq_organism>
 <GBSeq_organism>Anaerobranca californiensis</GBSeq_organism>
 <GBSeq_organism>Anaerobaculum mobile DSM 13181</GBSeq_organism>
 <GBSeq_organism>Syntrophothermus lipocalidus DSM 12680</GBSeq_organism>
 <GBSeq_organism>Synergistes jonesii</GBSeq_organism>
 <GBSeq_organism>Denitrovibrio acetiphilus DSM 12809</GBSeq_organism>
 <GBSeq_organism>Aminomonas paucivorans DSM 12260</GBSeq_organism>
 <GBSeq_organism>Dethiosulfovibrio acidaminovorans</GBSeq_organism>
