 <GBSeq_organism>Sphingomonas oryziterrae</GBSeq_organism>
 <GBSeq_organism>Sphingomonas phyllosphaerae</GBSeq_organism>
 <GBSeq_organism>Sphingomonas faeni</GBSeq_organism>
 <GBSeq_organism>Sphingopyxis terrae</GBSeq_organism>
 <GBSeq_organism>Sphingomonas aestuarii</GBSeq_organism>
 <GBSeq_organism>Rhodospirillum rubrum ATCC 11170</GBSeq_organism>
 <GBSeq_organism>Sphingobium yanoikuyae</GBSeq_organism>
 <GBSeq_organism>Sphingomonas aquatilis</GBSeq_organism>
 <GBSeq_organism>Sphingomonas astaxanthinifaciens DSM 22298</GBSeq_organism>
 <GBSeq_organism>Novosphingobium capsulatum</GBSeq_organism>
 <GBSeq_organism>Sphingomonas jinjuensis</GBSeq_organism>
 <GBSeq_organism>Sphingomonas aurantiaca</GBSeq_organism>
 <GBSeq_organism>Sphingomonas aerolata</GBSeq_organism>
 <GBSeq_organism>Sphingomonas yunnanensis</GBSeq_organism>
 <GBSeq_organism>Sphingomonas kaistensis</GBSeq_organism>
 <GBSeq_organism>Sphingomonas echinoides ATCC 14820</GBSeq_organism>
 <GBSeq_organism>Sphingomonas koreensis</GBSeq_organism>
 <GBSeq_organism>Sphingomonas fennica</GBSeq_organism>
 <GBSeq_organism>Sphingomonas adhaesiva</GBSeq_organism>
 <GBSeq_organism>Sphingomonas haloaromaticamans</GBSeq_organism>
