 <GBSeq_organism>Chryseobacterium joostei</GBSeq_organism>
 <GBSeq_organism>Chryseobacterium bovis DSM 19482</GBSeq_organism>
 <GBSeq_organism>Riemerella columbina</GBSeq_organism>
 <GBSeq_organism>Chryseobacterium jeonii</GBSeq_organism>
 <GBSeq_organism>Chryseobacterium hispanicum</GBSeq_organism>
 <GBSeq_organism>Chryseobacterium oranimense</GBSeq_organism>
 <GBSeq_organism>Chryseobacterium soli</GBSeq_organism>
 <GBSeq_organism>Chryseobacterium soldanellicola</GBSeq_organism>
 <GBSeq_organism>Elizabethkingia meningoseptica</GBSeq_organism>
 <GBSeq_organism>Chryseobacterium scophthalmum</GBSeq_organism>
 <GBSeq_organism>Chryseobacterium pallidum</GBSeq_organism>
 <GBSeq_organism>Chryseobacterium balustinum</GBSeq_organism>
 <GBSeq_organism>Chryseobacterium hominis</GBSeq_organism>
 <GBSeq_organism>Chryseobacterium molle</GBSeq_organism>
 <GBSeq_organism>Bacteroides fragilis</GBSeq_organism>
 <GBSeq_organism>Chryseobacterium gleum</GBSeq_organism>
 <GBSeq_organism>Chryseobacterium marinum</GBSeq_organism>
 <GBSeq_organism>Chryseobacterium aquaticum</GBSeq_organism>
 <GBSeq_organism>Chryseobacterium piscium</GBSeq_organism>
 <GBSeq_organism>Chryseobacterium shigense</GBSeq_organism>
 <GBSeq_organism>Chryseobacterium hominis</GBSeq_organism>
 <GBSeq_organism>Riemerella anatipestifer ATCC 11845 = DSM 15868</GBSeq_organism>
 <GBSeq_organism>Chryseobacterium antarcticum</GBSeq_organism>
 <GBSeq_organism>Chryseobacterium gregarium DSM 19109</GBSeq_organism>
 <GBSeq_organism>Chryseobacterium haifense</GBSeq_organism>
 <GBSeq_organism>Chryseobacterium gambrini</GBSeq_organism>
 <GBSeq_organism>Epilithonimonas tenax</GBSeq_organism>
 <GBSeq_organism>Epilithonimonas lactis</GBSeq_organism>
 <GBSeq_organism>Chryseobacterium formosense</GBSeq_organism>
