 <GBSeq_organism>Bartonella grahamii</GBSeq_organism>
 <GBSeq_organism>Brucella melitensis</GBSeq_organism>
 <GBSeq_organism>Sinorhizobium sp.</GBSeq_organism>
 <GBSeq_organism>Shinella zoogloeoides</GBSeq_organism>
 <GBSeq_organism>Bartonella quintana</GBSeq_organism>
 <GBSeq_organism>Rhizobium sullae</GBSeq_organism>
 <GBSeq_organism>Brucella neotomae</GBSeq_organism>
 <GBSeq_organism>Sinorhizobium saheli</GBSeq_organism>
 <GBSeq_organism>uncultured bacterium</GBSeq_organism>
 <GBSeq_organism>Rhizobium undicola</GBSeq_organism>
 <GBSeq_organism>Pseudaminobacter salicylatoxidans</GBSeq_organism>
 <GBSeq_organism>Ochrobactrum gallinifaecis</GBSeq_organism>
 <GBSeq_organism>Mycoplana ramosa</GBSeq_organism>
 <GBSeq_organism>Mesorhizobium huakuii</GBSeq_organism>
 <GBSeq_organism>Neorhizobium huautlense</GBSeq_organism>
 <GBSeq_organism>Mesorhizobium loti</GBSeq_organism>
 <GBSeq_organism>Shinella zoogloeoides</GBSeq_organism>
 <GBSeq_organism>uncultured bacterium</GBSeq_organism>
 <GBSeq_organism>Agrobacterium rubi</GBSeq_organism>
 <GBSeq_organism>Mesorhizobium tianshanense</GBSeq_organism>
 <GBSeq_organism>Sinorhizobium meliloti</GBSeq_organism>
 <GBSeq_organism>Blastobacter capsulatus</GBSeq_organism>
 <GBSeq_organism>Ochrobactrum anthropi</GBSeq_organism>
 <GBSeq_organism>Phyllobacterium myrsinacearum</GBSeq_organism>
 <GBSeq_organism>Rhizobium hainanense</GBSeq_organism>
