 <GBSeq_organism>Rhodococcus aetherivorans</GBSeq_organism>
 <GBSeq_organism>Rhodococcus percolatus</GBSeq_organism>
 <GBSeq_organism>Rhodococcus pyridinivorans</GBSeq_organism>
 <GBSeq_organism>Rhodococcus erythropolis</GBSeq_organism>
 <GBSeq_organism>Rhodococcus tukisamuensis</GBSeq_organism>
 <GBSeq_organism>Rhodococcus hoagii</GBSeq_organism>
 <GBSeq_organism>Rhodococcus fascians</GBSeq_organism>
 <GBSeq_organism>Rhodococcus marinonascens</GBSeq_organism>
 <GBSeq_organism>Corynebacterium diphtheriae</GBSeq_organism>
 <GBSeq_organism>Rhodococcus baikonurensis</GBSeq_organism>
 <GBSeq_organism>Rhodococcus corynebacterioides</GBSeq_organism>
 <GBSeq_organism>Rhodococcus coprophilus</GBSeq_organism>
 <GBSeq_organism>Rhodococcus globerulus</GBSeq_organism>
 <GBSeq_organism>Rhodococcus maanshanensis</GBSeq_organism>
 <GBSeq_organism>Rhodococcus rhodnii</GBSeq_organism>
 <GBSeq_organism>Rhodococcus imtechensis RKJ300 = JCM 13270</GBSeq_organism>
 <GBSeq_organism>Rhodococcus zopfii</GBSeq_organism>
 <GBSeq_organism>Rhodococcus koreensis</GBSeq_organism>
 <GBSeq_organism>Rhodococcus kroppenstedtii</GBSeq_organism>
 <GBSeq_organism>Rhodococcus opacus</GBSeq_organism>
 <GBSeq_organism>Rhodococcus kyotonensis</GBSeq_organism>
 <GBSeq_organism>Rhodococcus wratislaviensis</GBSeq_organism>
 <GBSeq_organism>Rhodococcus triatomae</GBSeq_organism>
 <GBSeq_organism>Rhodococcus gordoniae</GBSeq_organism>
 <GBSeq_organism>Rhodococcus ruber</GBSeq_organism>
