 <GBSeq_organism>Gilvibacter sediminis</GBSeq_organism>
 <GBSeq_organism>Cellulophaga algicola DSM 14237</GBSeq_organism>
 <GBSeq_organism>Algibacter mikhailovii</GBSeq_organism>
 <GBSeq_organism>Algibacter lectus</GBSeq_organism>
 <GBSeq_organism>Psychroflexus gondwanensis</GBSeq_organism>
 <GBSeq_organism>Olleya marilimosa CAM030</GBSeq_organism>
 <GBSeq_organism>Subsaxibacter broadyi</GBSeq_organism>
 <GBSeq_organism>Zobellia galactanivorans</GBSeq_organism>
 <GBSeq_organism>Joostella marina DSM 19592</GBSeq_organism>
 <GBSeq_organism>Yeosuana aromativorans</GBSeq_organism>
 <GBSeq_organism>Nonlabens tegetincola</GBSeq_organism>
 <GBSeq_organism>Nonlabens sediminis</GBSeq_organism>
 <GBSeq_organism>Muricauda ruestringensis DSM 13258</GBSeq_organism>
 <GBSeq_organism>Vitellibacter vladivostokensis</GBSeq_organism>
 <GBSeq_organism>Dokdonia diaphoros</GBSeq_organism>
 <GBSeq_organism>Subsaximicrobium saxinquilinus</GBSeq_organism>
 <GBSeq_organism>Sediminicola luteus</GBSeq_organism>
 <GBSeq_organism>Ulvibacter litoralis</GBSeq_organism>
 <GBSeq_organism>Gelidibacter salicanalis</GBSeq_organism>
 <GBSeq_organism>Algibacter pectinivorans</GBSeq_organism>
 <GBSeq_organism>Winogradskyella arenosi</GBSeq_organism>
 <GBSeq_organism>Formosa algae</GBSeq_organism>
 <GBSeq_organism>Bizionia algoritergicola</GBSeq_organism>
 <GBSeq_organism>Flavobacterium aquatile</GBSeq_organism>
 <GBSeq_organism>Jejuia pallidilutea</GBSeq_organism>
 <GBSeq_organism>Mesonia algae</GBSeq_organism>
 <GBSeq_organism>Adineta ricciae</GBSeq_organism>
 <GBSeq_organism>Gaetbulibacter marinus</GBSeq_organism>
 <GBSeq_organism>Meridianimaribacter flavus</GBSeq_organism>
 <GBSeq_organism>Arenibacter latericius</GBSeq_organism>
 <GBSeq_organism>Aquimarina brevivitae</GBSeq_organism>
