 <GBSeq_organism>Salinibacterium amurskyense</GBSeq_organism>
 <GBSeq_organism>Rathayibacter rathayi</GBSeq_organism>
 <GBSeq_organism>Subtercola boreus</GBSeq_organism>
 <GBSeq_organism>Subtercola frigoramans</GBSeq_organism>
 <GBSeq_organism>Okibacterium fritillariae</GBSeq_organism>
 <GBSeq_organism>Curtobacterium luteum</GBSeq_organism>
 <GBSeq_organism>Cryobacterium psychrophilum</GBSeq_organism>
 <GBSeq_organism>Leifsonia aquatica</GBSeq_organism>
 <GBSeq_organism>Agreia pratensis</GBSeq_organism>
 <GBSeq_organism>Salinibacterium amurskyense</GBSeq_organism>
 <GBSeq_organism>Rathayibacter toxicus</GBSeq_organism>
 <GBSeq_organism>Agreia bicolorata</GBSeq_organism>
 <GBSeq_organism>Microbacterium imperiale</GBSeq_organism>
 <GBSeq_organism>Clavibacter michiganensis</GBSeq_organism>
 <GBSeq_organism>Agromyces mediolanus</GBSeq_organism>
 <GBSeq_organism>Curtobacterium citreum</GBSeq_organism>
 <GBSeq_organism>Salinibacterium amurskyense</GBSeq_organism>
 <GBSeq_organism>Mycetocola tolaasinivorans</GBSeq_organism>
 <GBSeq_organism>Mycetocola lacteus</GBSeq_organism>
 <GBSeq_organism>Microbacterium lacticum</GBSeq_organism>
 <GBSeq_organism>Rathayibacter tritici</GBSeq_organism>
 <GBSeq_organism>Plantibacter flavus</GBSeq_organism>
 <GBSeq_organism>Microbacterium keratanolyticum</GBSeq_organism>
 <GBSeq_organism>Agrococcus jenensis</GBSeq_organism>
 <GBSeq_organism>Leifsonia poae</GBSeq_organism>
 <GBSeq_organism>Frigoribacterium faeni</GBSeq_organism>
 <GBSeq_organism>Arthrobacter globiformis</GBSeq_organism>
 <GBSeq_organism>Agromyces ramosus</GBSeq_organism>
