 <GBSeq_organism>Acetobacter malorum</GBSeq_organism>
 <GBSeq_organism>Acetobacter cibinongensis</GBSeq_organism>
 <GBSeq_organism>Granulibacter bethesdensis CGDNIH1</GBSeq_organism>
 <GBSeq_organism>Gluconobacter oxydans</GBSeq_organism>
 <GBSeq_organism>Acetobacter orientalis</GBSeq_organism>
 <GBSeq_organism>Acetobacter nitrogenifigens DSM 23921 = LMG 23498</GBSeq_organism>
 <GBSeq_organism>Acetobacter ghanensis</GBSeq_organism>
 <GBSeq_organism>Acetobacter senegalensis</GBSeq_organism>
 <GBSeq_organism>Acetobacter orleanensis</GBSeq_organism>
 <GBSeq_organism>Acetobacter pomorum</GBSeq_organism>
 <GBSeq_organism>Swaminathania salitolerans</GBSeq_organism>
 <GBSeq_organism>Acetobacter indonesiensis</GBSeq_organism>
 <GBSeq_organism>Kozakia baliensis</GBSeq_organism>
 <GBSeq_organism>Acetobacter pasteurianus subsp. pasteurianus LMG 1262 = NBRC 106471</GBSeq_organism>
 <GBSeq_organism>Acetobacter fabarum</GBSeq_organism>
 <GBSeq_organism>Acidomonas methanolica</GBSeq_organism>
 <GBSeq_organism>Acetobacter fabarum</GBSeq_organism>
 <GBSeq_organism>Gluconacetobacter liquefaciens</GBSeq_organism>
 <GBSeq_organism>Acetobacter aceti NBRC 14818</GBSeq_organism>
 <GBSeq_organism>Acetobacter cerevisiae</GBSeq_organism>
 <GBSeq_organism>Acetobacter oeni</GBSeq_organism>
 <GBSeq_organism>Rhodopila globiformis</GBSeq_organism>
 <GBSeq_organism>Acetobacter lovaniensis</GBSeq_organism>
