 <GBSeq_organism>Lactobacillus animalis</GBSeq_organism>
 <GBSeq_organism>Dolosigranulum pigrum</GBSeq_organism>
 <GBSeq_organism>Aerococcus urinae</GBSeq_organism>
 <GBSeq_organism>Carnobacterium mobile</GBSeq_organism>
 <GBSeq_organism>Granulicatella elegans ATCC 700633</GBSeq_organism>
 <GBSeq_organism>Vagococcus salmoninarum</GBSeq_organism>
 <GBSeq_organism>Atopostipes suicloacalis</GBSeq_organism>
 <GBSeq_organism>Lactobacillus delbrueckii</GBSeq_organism>
 <GBSeq_organism>Tetragenococcus muriaticus</GBSeq_organism>
 <GBSeq_organism>Enterococcus saccharolyticus ATCC 43076</GBSeq_organism>
 <GBSeq_organism>Aerococcus viridans ATCC 11563</GBSeq_organism>
 <GBSeq_organism>Vagococcus fluvialis</GBSeq_organism>
 <GBSeq_organism>Trichococcus pasteurii</GBSeq_organism>
 <GBSeq_organism>Granulicatella adiacens</GBSeq_organism>
 <GBSeq_organism>Desemzia incerta</GBSeq_organism>
 <GBSeq_organism>Eremococcus coleocola</GBSeq_organism>
 <GBSeq_organism>Facklamia hominis</GBSeq_organism>
 <GBSeq_organism>Melissococcus plutonius ATCC 35311</GBSeq_organism>
 <GBSeq_organism>Tetragenococcus halophilus subsp. halophilus</GBSeq_organism>
 <GBSeq_organism>Atopococcus tabaci</GBSeq_organism>
 <GBSeq_organism>Ignavigranum ruoffiae</GBSeq_organism>
 <GBSeq_organism>Facklamia languida</GBSeq_organism>
 <GBSeq_organism>Alloiococcus otitis</GBSeq_organism>
 <GBSeq_organism>Carnobacterium divergens</GBSeq_organism>
 <GBSeq_organism>Allofustis seminis</GBSeq_organism>
 <GBSeq_organism>Enterococcus faecalis</GBSeq_organism>
 <GBSeq_organism>Abiotrophia defectiva ATCC 49176</GBSeq_organism>
