 <GBSeq_organism>Crassostrea virginica symbiont CV812-530</GBSeq_organism>
 <GBSeq_organism>Roseobacter denitrificans OCh 114</GBSeq_organism>
 <GBSeq_organism>Phaeobacter gallaeciensis DSM 26640</GBSeq_organism>
 <GBSeq_organism>Roseobacter litoralis Och 149</GBSeq_organism>
 <GBSeq_organism>Ahrensia kielensis</GBSeq_organism>
 <GBSeq_organism>Roseivivax halotolerans</GBSeq_organism>
 <GBSeq_organism>Ancylobacter aquaticus</GBSeq_organism>
 <GBSeq_organism>Thalassobius gelatinovorus</GBSeq_organism>
 <GBSeq_organism>Stappia stellulata</GBSeq_organism>
 <GBSeq_organism>Mesorhizobium loti ATCC 33669</GBSeq_organism>
 <GBSeq_organism>Pedomicrobium ferrugineum</GBSeq_organism>
 <GBSeq_organism>Candida albicans</GBSeq_organism>
 <GBSeq_organism>Roseivivax halodurans</GBSeq_organism>
 <GBSeq_organism>Bartonella bacilliformis</GBSeq_organism>
 <GBSeq_organism>Agrobacterium tumefaciens</GBSeq_organism>
 <GBSeq_organism>Sagittula stellata</GBSeq_organism>
 <GBSeq_organism>Marinovum algicola</GBSeq_organism>
 <GBSeq_organism>Rhodobium orientis</GBSeq_organism>
 <GBSeq_organism>Roseibium denhamense</GBSeq_organism>
 <GBSeq_organism>Labrenzia aggregata IAM 12614</GBSeq_organism>
 <GBSeq_organism>Ruegeria atlantica</GBSeq_organism>
