 <GBSeq_organism>Arthrobacter methylotrophus</GBSeq_organism>
 <GBSeq_organism>Arthrobacter globiformis</GBSeq_organism>
 <GBSeq_organism>Arthrobacter citreus</GBSeq_organism>
 <GBSeq_organism>Arthrobacter agilis</GBSeq_organism>
 <GBSeq_organism>Pseudomonas putida</GBSeq_organism>
 <GBSeq_organism>Arthrobacter ureafaciens</GBSeq_organism>
 <GBSeq_organism>Arthrobacter uratoxydans</GBSeq_organism>
 <GBSeq_organism>Arthrobacter oxydans</GBSeq_organism>
 <GBSeq_organism>Arthrobacter protophormiae</GBSeq_organism>
 <GBSeq_organism>Arthrobacter histidinolovorans</GBSeq_organism>
 <GBSeq_organism>Arthrobacter nicotianae</GBSeq_organism>
 <GBSeq_organism>Arthrobacter woluwensis</GBSeq_organism>
 <GBSeq_organism>Arthrobacter albus</GBSeq_organism>
 <GBSeq_organism>Arthrobacter ilicis</GBSeq_organism>
 <GBSeq_organism>Arthrobacter luteolus</GBSeq_organism>
 <GBSeq_organism>Arthrobacter chlorophenolicus</GBSeq_organism>
 <GBSeq_organism>Arthrobacter nicotinovorans</GBSeq_organism>
 <GBSeq_organism>Arthrobacter crystallopoietes</GBSeq_organism>
 <GBSeq_organism>Arthrobacter roseus</GBSeq_organism>
 <GBSeq_organism>Arthrobacter sulfonivorans</GBSeq_organism>
 <GBSeq_organism>Arthrobacter polychromogenes</GBSeq_organism>
 <GBSeq_organism>Arthrobacter cumminsii</GBSeq_organism>
 <GBSeq_organism>Sinomonas atrocyanea</GBSeq_organism>
 <GBSeq_organism>Arthrobacter rhombi</GBSeq_organism>
 <GBSeq_organism>Arthrobacter nasiphocae</GBSeq_organism>
 <GBSeq_organism>Arthrobacter gandavensis</GBSeq_organism>
 <GBSeq_organism>Arthrobacter sulfureus</GBSeq_organism>
 <GBSeq_organism>Arthrobacter flavus</GBSeq_organism>
 <GBSeq_organism>Arthrobacter sp.</GBSeq_organism>
 <GBSeq_organism>Arthrobacter sp. DSM 20546</GBSeq_organism>
 <GBSeq_organism>Arthrobacter aurescens</GBSeq_organism>
