 <GBSeq_organism>Virgibacillus halodenitrificans</GBSeq_organism>
 <GBSeq_organism>Anoxybacillus voinovskiensis</GBSeq_organism>
 <GBSeq_organism>Geobacillus subterraneus</GBSeq_organism>
 <GBSeq_organism>Halobacillus locisalis</GBSeq_organism>
 <GBSeq_organism>Paraliobacillus ryukyuensis</GBSeq_organism>
 <GBSeq_organism>Halobacillus litoralis</GBSeq_organism>
 <GBSeq_organism>Pontibacillus chungwhensis</GBSeq_organism>
 <GBSeq_organism>Exiguobacterium undae</GBSeq_organism>
 <GBSeq_organism>Pontibacillus marinus</GBSeq_organism>
 <GBSeq_organism>Lentibacillus salicampi</GBSeq_organism>
 <GBSeq_organism>Virgibacillus dokdonensis</GBSeq_organism>
 <GBSeq_organism>Salirhabdus euzebyi</GBSeq_organism>
 <GBSeq_organism>Planococcus maritimus</GBSeq_organism>
 <GBSeq_organism>Salinibacillus aidingensis</GBSeq_organism>
 <GBSeq_organism>Thalassobacillus devorans</GBSeq_organism>
 <GBSeq_organism>Planococcus rifietoensis</GBSeq_organism>
 <GBSeq_organism>Anoxybacillus flavithermus subsp. flavithermus</GBSeq_organism>
 <GBSeq_organism>Geobacillus caldoxylosilyticus</GBSeq_organism>
 <GBSeq_organism>Ornithinibacillus californiensis</GBSeq_organism>
 <GBSeq_organism>Paucisalibacillus globulus</GBSeq_organism>
 <GBSeq_organism>Virgibacillus marismortui</GBSeq_organism>
 <GBSeq_organism>Gracilibacillus halotolerans</GBSeq_organism>
 <GBSeq_organism>Salinibacillus kushneri</GBSeq_organism>
 <GBSeq_organism>Virgibacillus pantothenticus</GBSeq_organism>
 <GBSeq_organism>Pontibacillus halophilus</GBSeq_organism>
 <GBSeq_organism>Saccharococcus thermophilus</GBSeq_organism>
 <GBSeq_organism>Anoxybacillus ayderensis</GBSeq_organism>
