 <GBSeq_organism>Massilia alkalitolerans DSM 17462</GBSeq_organism>
 <GBSeq_organism>Herminiimonas arsenicoxydans</GBSeq_organism>
 <GBSeq_organism>Janthinobacterium agaricidamnosum</GBSeq_organism>
 <GBSeq_organism>ultramicrobacterium str. ISSDS-831</GBSeq_organism>
 <GBSeq_organism>Pseudoduganella violaceinigra</GBSeq_organism>
 <GBSeq_organism>ultramicrobacterium str. HI-G4</GBSeq_organism>
 <GBSeq_organism>Oxalicibacterium flavum</GBSeq_organism>
 <GBSeq_organism>Herminiimonas fonticola</GBSeq_organism>
 <GBSeq_organism>Herminiimonas aquatilis</GBSeq_organism>
 <GBSeq_organism>Janthinobacterium sp. Marseille</GBSeq_organism>
 <GBSeq_organism>Oxalobacter formigenes</GBSeq_organism>
 <GBSeq_organism>Herbaspirillum hiltneri N3</GBSeq_organism>
 <GBSeq_organism>Massilia albidiflava</GBSeq_organism>
 <GBSeq_organism>Undibacterium pigrum</GBSeq_organism>
 <GBSeq_organism>Paucimonas lemoignei</GBSeq_organism>
 <GBSeq_organism>Velesunio sp. BMB-2003</GBSeq_organism>
 <GBSeq_organism>Telluria mixta DSM 4832</GBSeq_organism>
 <GBSeq_organism>Herbaspirillum rhizosphaerae</GBSeq_organism>
 <GBSeq_organism>Herminiimonas glaciei</GBSeq_organism>
 <GBSeq_organism>Herbaspirillum lusitanum P6-12</GBSeq_organism>
 <GBSeq_organism>Herminiimonas saxobsidens</GBSeq_organism>
 <GBSeq_organism>Collimonas fungivorans</GBSeq_organism>
