 <GBSeq_organism>Chryseobacterium joostei</GBSeq_organism>
 <GBSeq_organism>Chryseobacterium hispanicum</GBSeq_organism>
 <GBSeq_organism>Chryseobacterium soldanellicola</GBSeq_organism>
 <GBSeq_organism>Chryseobacterium scophthalmum</GBSeq_organism>
 <GBSeq_organism>Chryseobacterium balustinum</GBSeq_organism>
 <GBSeq_organism>Chryseobacterium gleum</GBSeq_organism>
 <GBSeq_organism>Chryseobacterium taeanense</GBSeq_organism>
 <GBSeq_organism>Chryseobacterium formosense</GBSeq_organism>
 <GBSeq_organism>Elizabethkingia meningoseptica</GBSeq_organism>
 <GBSeq_organism>Chryseobacterium indologenes</GBSeq_organism>
 <GBSeq_organism>Chryseobacterium piscium</GBSeq_organism>
 <GBSeq_organism>Chryseobacterium shigense</GBSeq_organism>
 <GBSeq_organism>Chryseobacterium daeguense</GBSeq_organism>
 <GBSeq_organism>Chryseobacterium taiwanense</GBSeq_organism>
 <GBSeq_organism>Bergeyella zoohelcum</GBSeq_organism>
 <GBSeq_organism>Riemerella anatipestifer ATCC 11845 = DSM 15868</GBSeq_organism>
 <GBSeq_organism>Chryseobacterium vrystaatense</GBSeq_organism>
 <GBSeq_organism>Chryseobacterium caeni</GBSeq_organism>
 <GBSeq_organism>Chryseobacterium taichungense</GBSeq_organism>
 <GBSeq_organism>Chryseobacterium daecheongense</GBSeq_organism>
 <GBSeq_organism>Chryseobacterium indoltheticum</GBSeq_organism>
 <GBSeq_organism>Chryseobacterium defluvii</GBSeq_organism>
 <GBSeq_organism>Chryseobacterium wanjuense</GBSeq_organism>
