 <GBSeq_organism>Streptococcus suis</GBSeq_organism>
 <GBSeq_organism>Streptococcus suis</GBSeq_organism>
 <GBSeq_organism>Streptococcus gallolyticus subsp. gallolyticus</GBSeq_organism>
 <GBSeq_organism>Enterococcus avium</GBSeq_organism>
 <GBSeq_organism>Streptococcus pneumoniae</GBSeq_organism>
 <GBSeq_organism>Streptococcus equinus ATCC 9812</GBSeq_organism>
 <GBSeq_organism>Streptococcus suis</GBSeq_organism>
 <GBSeq_organism>Enterococcus raffinosus</GBSeq_organism>
 <GBSeq_organism>Escherichia coli</GBSeq_organism>
 <GBSeq_organism>Streptococcus dysgalactiae</GBSeq_organism>
 <GBSeq_organism>Streptococcus suis</GBSeq_organism>
 <GBSeq_organism>Streptococcus suis</GBSeq_organism>
 <GBSeq_organism>Streptococcus hyointestinalis</GBSeq_organism>
 <GBSeq_organism>Streptococcus parasanguinis ATCC 15912</GBSeq_organism>
 <GBSeq_organism>Streptococcus intermedius</GBSeq_organism>
 <GBSeq_organism>Streptococcus mitis</GBSeq_organism>
 <GBSeq_organism>Streptococcus suis</GBSeq_organism>
 <GBSeq_organism>Streptococcus equinus ATCC 9812</GBSeq_organism>
 <GBSeq_organism>Enterococcus saccharolyticus ATCC 43076</GBSeq_organism>
 <GBSeq_organism>Streptococcus equinus</GBSeq_organism>
 <GBSeq_organism>Streptococcus equinus</GBSeq_organism>
 <GBSeq_organism>Streptococcus equinus</GBSeq_organism>
 <GBSeq_organism>Streptococcus oralis ATCC 35037</GBSeq_organism>
 <GBSeq_organism>Streptococcus alactolyticus</GBSeq_organism>
 <GBSeq_organism>Streptococcus pyogenes</GBSeq_organism>
 <GBSeq_organism>Streptococcus suis</GBSeq_organism>
 <GBSeq_organism>Streptococcus suis</GBSeq_organism>
 <GBSeq_organism>Streptococcus sanguinis SK1</GBSeq_organism>
 <GBSeq_organism>Streptococcus lutetiensis</GBSeq_organism>
 <GBSeq_organism>Streptococcus suis</GBSeq_organism>
 <GBSeq_organism>Streptococcus suis</GBSeq_organism>
 <GBSeq_organism>Anablepsoides aff. atratus</GBSeq_organism>
 <GBSeq_organism>Enterococcus sulfureus ATCC 49903</GBSeq_organism>
 <GBSeq_organism>Enterococcus casseliflavus</GBSeq_organism>
 <GBSeq_organism>Streptococcus constellatus</GBSeq_organism>
 <GBSeq_organism>Streptococcus dysgalactiae subsp. dysgalactiae ATCC 27957</GBSeq_organism>
 <GBSeq_organism>Streptococcus equinus</GBSeq_organism>
 <GBSeq_organism>Streptococcus suis</GBSeq_organism>
 <GBSeq_organism>Streptococcus suis</GBSeq_organism>
