 <GBSeq_organism>Streptomyces niger</GBSeq_organism>
 <GBSeq_organism>Streptomyces indonesiensis</GBSeq_organism>
 <GBSeq_organism>Streptomyces cangkringensis</GBSeq_organism>
 <GBSeq_organism>Streptomyces javensis</GBSeq_organism>
 <GBSeq_organism>Streptomyces yanglinensis</GBSeq_organism>
 <GBSeq_organism>Streptomyces erumpens</GBSeq_organism>
 <GBSeq_organism>Streptomyces yanglinensis</GBSeq_organism>
 <GBSeq_organism>Streptomyces melanosporofaciens</GBSeq_organism>
 <GBSeq_organism>Streptomyces mexicanus</GBSeq_organism>
 <GBSeq_organism>Streptomyces tubercidicus</GBSeq_organism>
 <GBSeq_organism>Streptomyces guanduensis</GBSeq_organism>
 <GBSeq_organism>Streptomyces violaceusniger</GBSeq_organism>
 <GBSeq_organism>Streptomyces paucisporeus</GBSeq_organism>
 <GBSeq_organism>Streptomyces ferralitis</GBSeq_organism>
 <GBSeq_organism>Streptomyces chrestomyceticus JCM 4735</GBSeq_organism>
 <GBSeq_organism>Streptomyces castelarensis</GBSeq_organism>
 <GBSeq_organism>Streptomyces hygroscopicus</GBSeq_organism>
 <GBSeq_organism>Streptomyces nodosus</GBSeq_organism>
 <GBSeq_organism>Streptomyces kasugaensis</GBSeq_organism>
 <GBSeq_organism>Streptomyces resistomycificus</GBSeq_organism>
 <GBSeq_organism>Streptomyces thermocoprophilus</GBSeq_organism>
 <GBSeq_organism>Streptomyces catenulae</GBSeq_organism>
 <GBSeq_organism>Streptomyces yatensis</GBSeq_organism>
 <GBSeq_organism>Streptomyces lydicus</GBSeq_organism>
 <GBSeq_organism>Streptomyces collinus</GBSeq_organism>
 <GBSeq_organism>Streptomyces cuspidosporus</GBSeq_organism>
 <GBSeq_organism>Streptomyces rubidus</GBSeq_organism>
 <GBSeq_organism>Streptomyces somaliensis DSM 40738</GBSeq_organism>
 <GBSeq_organism>Streptomyces sclerotialus</GBSeq_organism>
 <GBSeq_organism>Streptomyces chattanoogensis</GBSeq_organism>
