 <GBSeq_organism>Gluconobacter nephelii</GBSeq_organism>
 <GBSeq_organism>Gluconobacter oxydans</GBSeq_organism>
 <GBSeq_organism>Gluconobacter oxydans</GBSeq_organism>
 <GBSeq_organism>Gluconobacter nephelii</GBSeq_organism>
 <GBSeq_organism>Gluconobacter frateurii</GBSeq_organism>
 <GBSeq_organism>Gluconobacter albidus</GBSeq_organism>
 <GBSeq_organism>Acetobacter aceti NBRC 14818</GBSeq_organism>
 <GBSeq_organism>Gluconobacter kanchanaburiensis</GBSeq_organism>
 <GBSeq_organism>Gluconobacter sphaericus</GBSeq_organism>
 <GBSeq_organism>Gluconobacter roseus</GBSeq_organism>
 <GBSeq_organism>Gluconobacter cerinus</GBSeq_organism>
 <GBSeq_organism>Gluconobacter frateurii</GBSeq_organism>
 <GBSeq_organism>Gluconobacter nephelii</GBSeq_organism>
 <GBSeq_organism>Gluconobacter albidus</GBSeq_organism>
 <GBSeq_organism>Gluconobacter kondonii</GBSeq_organism>
 <GBSeq_organism>Gluconobacter kanchanaburiensis</GBSeq_organism>
 <GBSeq_organism>Gluconobacter frateurii</GBSeq_organism>
 <GBSeq_organism>Gluconobacter thailandicus F149-1 = NBRC 100600</GBSeq_organism>
 <GBSeq_organism>uncultured bacterium</GBSeq_organism>
 <GBSeq_organism>Gluconobacter japonicus</GBSeq_organism>
 <GBSeq_organism>Acetobacter aceti NBRC 14818</GBSeq_organism>
 <GBSeq_organism>Gluconobacter roseus</GBSeq_organism>
 <GBSeq_organism>Gluconobacter sphaericus</GBSeq_organism>
