 <GBSeq_organism>Chlorella sorokiniana</GBSeq_organism>
 <GBSeq_organism>Helicosporidium sp. ex Cyrtobagous salviniae</GBSeq_organism>
 <GBSeq_organism>Auxenochlorella protothecoides</GBSeq_organism>
 <GBSeq_organism>Chlamydomonas applanata</GBSeq_organism>
 <GBSeq_organism>Chlamydomonas reinhardtii</GBSeq_organism>
 <GBSeq_organism>Polytoma uvella</GBSeq_organism>
 <GBSeq_organism>Polytoma obtusum</GBSeq_organism>
 <GBSeq_organism>Chlorella vulgaris</GBSeq_organism>
 <GBSeq_organism>Polytoma mirum</GBSeq_organism>
 <GBSeq_organism>Picochlorum eukaryotum</GBSeq_organism>
 <GBSeq_organism>Nephroselmis olivacea</GBSeq_organism>
 <GBSeq_organism>Prototheca zopfii</GBSeq_organism>
 <GBSeq_organism>Helicosporidium sp. ex Simulium jonesi</GBSeq_organism>
 <GBSeq_organism>Parachlorella kessleri</GBSeq_organism>
 <GBSeq_organism>Acutodesmus obliquus</GBSeq_organism>
 <GBSeq_organism>Chlamydomonas moewusii</GBSeq_organism>
 <GBSeq_organism>&apos;Chlorella&apos; mirabilis</GBSeq_organism>
 <GBSeq_organism>Pseudochlorella pringsheimii</GBSeq_organism>
 <GBSeq_organism>Polytoma oviforme</GBSeq_organism>
 <GBSeq_organism>Prototheca wickerhamii</GBSeq_organism>
