 <GBSeq_organism>Acidithiobacillus ferrooxidans</GBSeq_organism>
 <GBSeq_organism>Thioalkalivibrio denitrificans</GBSeq_organism>
 <GBSeq_organism>Hydrogenovibrio marinus</GBSeq_organism>
 <GBSeq_organism>Thioalkalivibrio thiocyanoxidans</GBSeq_organism>
 <GBSeq_organism>Acidithiobacillus ferrooxidans</GBSeq_organism>
 <GBSeq_organism>Nitrobacter winogradskyi</GBSeq_organism>
 <GBSeq_organism>Alkalispirillum sp. AGDZ</GBSeq_organism>
 <GBSeq_organism>Ectothiorhodospira haloalkaliphila ATCC 51935</GBSeq_organism>
 <GBSeq_organism>Ectothiorhodospira mobilis</GBSeq_organism>
 <GBSeq_organism>Thioalkalivibrio nitratis</GBSeq_organism>
 <GBSeq_organism>Rhodobacter capsulatus</GBSeq_organism>
 <GBSeq_organism>Thioalkalivibrio versutus</GBSeq_organism>
 <GBSeq_organism>Rhodovulum sulfidophilum DSM 1374</GBSeq_organism>
 <GBSeq_organism>Thioalkalivibrio paradoxus ARh 1</GBSeq_organism>
 <GBSeq_organism>Thioalkalispira microaerophila</GBSeq_organism>
 <GBSeq_organism>Thioalkalivibrio halophilus</GBSeq_organism>
 <GBSeq_organism>Ectothiorhodospira shaposhnikovii</GBSeq_organism>
 <GBSeq_organism>Thiorhodospira sibirica ATCC 700588</GBSeq_organism>
 <GBSeq_organism>Nitrococcus mobilis</GBSeq_organism>
 <GBSeq_organism>Ectothiorhodospira mobilis</GBSeq_organism>
 <GBSeq_organism>Allochromatium vinosum DSM 180</GBSeq_organism>
 <GBSeq_organism>Nitrosomonas sp. ENI-11</GBSeq_organism>
 <GBSeq_organism>Thioalkalivibrio nitratireducens DSM 14787</GBSeq_organism>
 <GBSeq_organism>Ectothiorhodosinus mongolicus</GBSeq_organism>
 <GBSeq_organism>Thioalkalivibrio thiocyanodenitrificans ARhD 1</GBSeq_organism>
 <GBSeq_organism>Allochromatium vinosum</GBSeq_organism>
 <GBSeq_organism>Halorhodospira abdelmalekii</GBSeq_organism>
 <GBSeq_organism>Nitrobacter vulgaris</GBSeq_organism>
 <GBSeq_organism>Thioclava pacifica DSM 10166</GBSeq_organism>
 <GBSeq_organism>Ectothiorhodospira shaposhnikovii DSM 2111</GBSeq_organism>
 <GBSeq_organism>Halorhodospira halochloris</GBSeq_organism>
 <GBSeq_organism>Halorhodospira halophila</GBSeq_organism>
 <GBSeq_organism>Thioalkalivibrio jannaschii</GBSeq_organism>
 <GBSeq_organism>Alkalilimnicola ehrlichii MLHE-1</GBSeq_organism>
 <GBSeq_organism>Alkalispirillum sp. AHN 1</GBSeq_organism>
 <GBSeq_organism>Alkalilimnicola halodurans</GBSeq_organism>
 <GBSeq_organism>Nitrosospira sp. TCH716</GBSeq_organism>
 <GBSeq_organism>Hydrogenovibrio marinus</GBSeq_organism>
