 <GBSeq_organism>Cellulophaga algicola DSM 14237</GBSeq_organism>
 <GBSeq_organism>Psychroflexus gondwanensis</GBSeq_organism>
 <GBSeq_organism>Leeuwenhoekiella marinoflava</GBSeq_organism>
 <GBSeq_organism>Salegentibacter salegens</GBSeq_organism>
 <GBSeq_organism>Gelidibacter algens</GBSeq_organism>
 <GBSeq_organism>Muricauda ruestringensis DSM 13258</GBSeq_organism>
 <GBSeq_organism>Aquimarina latercula</GBSeq_organism>
 <GBSeq_organism>Aequorivita antarctica</GBSeq_organism>
 <GBSeq_organism>Bacteroides fragilis</GBSeq_organism>
 <GBSeq_organism>Gillisia limnaea DSM 15749</GBSeq_organism>
 <GBSeq_organism>Salegentibacter flavus</GBSeq_organism>
 <GBSeq_organism>Salegentibacter agarivorans</GBSeq_organism>
 <GBSeq_organism>Polaribacter filamentus</GBSeq_organism>
 <GBSeq_organism>Flavobacterium aquatile</GBSeq_organism>
 <GBSeq_organism>Salegentibacter mishustinae</GBSeq_organism>
 <GBSeq_organism>Mesonia algae</GBSeq_organism>
 <GBSeq_organism>Psychroserpens burtonensis</GBSeq_organism>
 <GBSeq_organism>Psychroflexus torquis ATCC 700755</GBSeq_organism>
 <GBSeq_organism>Cellulophaga fucicola</GBSeq_organism>
 <GBSeq_organism>Salegentibacter holothuriorum</GBSeq_organism>
 <GBSeq_organism>Zobellia uliginosa</GBSeq_organism>
 <GBSeq_organism>Cellulophaga baltica</GBSeq_organism>
 <GBSeq_organism>Tenacibaculum maritimum</GBSeq_organism>
