 <GBSeq_organism>Tsukamurella paurometabola DSM 20162</GBSeq_organism>
 <GBSeq_organism>Nocardia transvalensis</GBSeq_organism>
 <GBSeq_organism>Corynebacterium glutamicum</GBSeq_organism>
 <GBSeq_organism>Dietzia maris</GBSeq_organism>
 <GBSeq_organism>Smaragdicoccus niigatensis</GBSeq_organism>
 <GBSeq_organism>Rhodococcus rhodnii</GBSeq_organism>
 <GBSeq_organism>Nocardia asteroides NBRC 15531</GBSeq_organism>
 <GBSeq_organism>Tsukamurella tyrosinosolvens</GBSeq_organism>
 <GBSeq_organism>Rhodococcus hoagii</GBSeq_organism>
 <GBSeq_organism>Rhodococcus globerulus</GBSeq_organism>
 <GBSeq_organism>Williamsia maris</GBSeq_organism>
 <GBSeq_organism>Williamsia muralis</GBSeq_organism>
 <GBSeq_organism>Rhodococcus marinonascens</GBSeq_organism>
 <GBSeq_organism>Gordonia amarae</GBSeq_organism>
 <GBSeq_organism>Segniliparus rugosus</GBSeq_organism>
 <GBSeq_organism>Rhodococcus erythropolis</GBSeq_organism>
 <GBSeq_organism>Mycobacterium caprae</GBSeq_organism>
 <GBSeq_organism>Gordonia bronchialis DSM 43247</GBSeq_organism>
 <GBSeq_organism>Segniliparus rotundus DSM 44985</GBSeq_organism>
 <GBSeq_organism>Rhodococcus coprophilus</GBSeq_organism>
 <GBSeq_organism>Nocardia brasiliensis NBRC 14402</GBSeq_organism>
 <GBSeq_organism>Nocardia crassostreae</GBSeq_organism>
 <GBSeq_organism>Corynebacterium diphtheriae</GBSeq_organism>
 <GBSeq_organism>Rhodococcus rhodochrous</GBSeq_organism>
 <GBSeq_organism>Rhodococcus opacus</GBSeq_organism>
 <GBSeq_organism>Dietzia natronolimnaea</GBSeq_organism>
 <GBSeq_organism>Rhodococcus zopfii</GBSeq_organism>
 <GBSeq_organism>Mycobacterium smegmatis</GBSeq_organism>
 <GBSeq_organism>Rhodococcus fascians</GBSeq_organism>
