 <GBSeq_organism>Tetrasphaera japonica</GBSeq_organism>
 <GBSeq_organism>Sanguibacter suarezii</GBSeq_organism>
 <GBSeq_organism>Cellulomonas fimi ATCC 484</GBSeq_organism>
 <GBSeq_organism>Cellulosimicrobium cellulans</GBSeq_organism>
 <GBSeq_organism>Sanguibacter marinus</GBSeq_organism>
 <GBSeq_organism>Ornithinicoccus hortensis</GBSeq_organism>
 <GBSeq_organism>Cellulomonas hominis</GBSeq_organism>
 <GBSeq_organism>Georgenia muralis</GBSeq_organism>
 <GBSeq_organism>Cellulomonas gelida</GBSeq_organism>
 <GBSeq_organism>Isoptericola variabilis</GBSeq_organism>
 <GBSeq_organism>Beutenbergia cavernae DSM 12333</GBSeq_organism>
 <GBSeq_organism>Bogoriella caseilytica</GBSeq_organism>
 <GBSeq_organism>Oerskovia turbata NBRC 15015</GBSeq_organism>
 <GBSeq_organism>Cellulomonas terrae</GBSeq_organism>
 <GBSeq_organism>Cellulomonas flavigena DSM 20109</GBSeq_organism>
 <GBSeq_organism>Intrasporangium calvum DSM 43043</GBSeq_organism>
 <GBSeq_organism>Sanguibacter inulinus</GBSeq_organism>
 <GBSeq_organism>Cellulomonas iranensis</GBSeq_organism>
 <GBSeq_organism>Cellulomonas denverensis</GBSeq_organism>
 <GBSeq_organism>Cellulomonas uda</GBSeq_organism>
 <GBSeq_organism>Oerskovia enterophila</GBSeq_organism>
 <GBSeq_organism>Cellulomonas humilata</GBSeq_organism>
 <GBSeq_organism>Cellulomonas biazotea</GBSeq_organism>
 <GBSeq_organism>Actinotalea fermentans ATCC 43279 = JCM 9966 = DSM 3133</GBSeq_organism>
 <GBSeq_organism>Terrabacter tumescens</GBSeq_organism>
 <GBSeq_organism>Cellulomonas xylanilytica</GBSeq_organism>
 <GBSeq_organism>Oerskovia jenensis</GBSeq_organism>
 <GBSeq_organism>Promicromonospora citrea</GBSeq_organism>
 <GBSeq_organism>Knoellia sinensis</GBSeq_organism>
 <GBSeq_organism>Cellulomonas persica</GBSeq_organism>
 <GBSeq_organism>Cellulomonas bogoriensis</GBSeq_organism>
 <GBSeq_organism>Kineosphaera limosa NBRC 100340</GBSeq_organism>
 <GBSeq_organism>Oerskovia paurometabola</GBSeq_organism>
 <GBSeq_organism>Terracoccus luteus</GBSeq_organism>
 <GBSeq_organism>Cellulomonas cellasea DSM 20118</GBSeq_organism>
 <GBSeq_organism>Janibacter terrae NBRC 107854 = JCM 12887</GBSeq_organism>
 <GBSeq_organism>Sanguibacter keddieii DSM 10542</GBSeq_organism>
