 <GBSeq_organism>Loktanella salsilacus</GBSeq_organism>
 <GBSeq_organism>Haematobacter massiliensis</GBSeq_organism>
 <GBSeq_organism>Paracoccus kocurii</GBSeq_organism>
 <GBSeq_organism>Rhodovulum sulfidophilum DSM 1374</GBSeq_organism>
 <GBSeq_organism>Roseobacter litoralis Och 149</GBSeq_organism>
 <GBSeq_organism>Roseivivax halotolerans</GBSeq_organism>
 <GBSeq_organism>Amaricoccus kaplicensis</GBSeq_organism>
 <GBSeq_organism>Rubellimicrobium thermophilum</GBSeq_organism>
 <GBSeq_organism>Roseicyclus mahoneyensis</GBSeq_organism>
 <GBSeq_organism>Hyphomonas jannaschiana</GBSeq_organism>
 <GBSeq_organism>Silicibacter lacuscaerulensis ITI-1157</GBSeq_organism>
 <GBSeq_organism>Ketogulonicigenium vulgare</GBSeq_organism>
 <GBSeq_organism>Rhodobaca bogoriensis DSM 18756</GBSeq_organism>
 <GBSeq_organism>Methylarcula terricola</GBSeq_organism>
 <GBSeq_organism>Sulfitobacter guttiformis</GBSeq_organism>
 <GBSeq_organism>Rhodovarius lipocyclicus</GBSeq_organism>
 <GBSeq_organism>Octadecabacter antarcticus 307</GBSeq_organism>
 <GBSeq_organism>Rubellimicrobium sp. A-col-R2A-4</GBSeq_organism>
 <GBSeq_organism>Tateyamaria omphalii</GBSeq_organism>
 <GBSeq_organism>Rhodobacter azotoformans</GBSeq_organism>
 <GBSeq_organism>Sulfitobacter pontiacus</GBSeq_organism>
 <GBSeq_organism>Pannonibacter phragmitetus</GBSeq_organism>
 <GBSeq_organism>Citreicella thiooxidans</GBSeq_organism>
 <GBSeq_organism>Rubellimicrobium thermophilum</GBSeq_organism>
 <GBSeq_organism>Thalassobius mediterraneus</GBSeq_organism>
 <GBSeq_organism>Sagittula stellata</GBSeq_organism>
 <GBSeq_organism>Turnip mosaic virus</GBSeq_organism>
 <GBSeq_organism>Hirschia baltica ATCC 49814</GBSeq_organism>
 <GBSeq_organism>Albidovulum inexpectatum</GBSeq_organism>
 <GBSeq_organism>Roseovarius tolerans</GBSeq_organism>
 <GBSeq_organism>Gemmobacter nectariphilus</GBSeq_organism>
 <GBSeq_organism>Tetracoccus cechii</GBSeq_organism>
 <GBSeq_organism>Rubellimicrobium thermophilum</GBSeq_organism>
 <GBSeq_organism>Roseinatronobacter thiooxidans</GBSeq_organism>
 <GBSeq_organism>Rhodobacter capsulatus</GBSeq_organism>
 <GBSeq_organism>Palleronia marisminoris</GBSeq_organism>
 <GBSeq_organism>Paracoccus denitrificans</GBSeq_organism>
 <GBSeq_organism>Nereida ignava</GBSeq_organism>
 <GBSeq_organism>Labrenzia aggregata IAM 12614</GBSeq_organism>
 <GBSeq_organism>Oceanicola granulosus</GBSeq_organism>
 <GBSeq_organism>Dinoroseobacter shibae DFL 12 = DSM 16493</GBSeq_organism>
 <GBSeq_organism>Salipiger mucosus DSM 16094</GBSeq_organism>
 <GBSeq_organism>Maricaulis maris</GBSeq_organism>
