 <GBSeq_organism>Methylococcus thermophilus</GBSeq_organism>
 <GBSeq_organism>Nitrococcus mobilis</GBSeq_organism>
 <GBSeq_organism>Methylocapsa acidiphila B2</GBSeq_organism>
 <GBSeq_organism>Methylosarcina quisquiliarum</GBSeq_organism>
 <GBSeq_organism>Methylocaldum szegediense</GBSeq_organism>
 <GBSeq_organism>Methylocaldum sp. dr65</GBSeq_organism>
 <GBSeq_organism>Methylococcus capsulatus str. Bath</GBSeq_organism>
 <GBSeq_organism>Methylomicrobium buryatense 5G</GBSeq_organism>
 <GBSeq_organism>Methylomicrobium alcaliphilum</GBSeq_organism>
 <GBSeq_organism>Arhodomonas aquaeolei</GBSeq_organism>
 <GBSeq_organism>Methylocystis parvus OBBP</GBSeq_organism>
 <GBSeq_organism>Nitrosococcus oceani ATCC 19707</GBSeq_organism>
 <GBSeq_organism>Methylosphaera hansonii</GBSeq_organism>
 <GBSeq_organism>Methylosinus trichosporium OB3b</GBSeq_organism>
 <GBSeq_organism>Methylomonas aurantiaca</GBSeq_organism>
 <GBSeq_organism>Methylomicrobium pelagicum</GBSeq_organism>
 <GBSeq_organism>Methylocaldum tepidum</GBSeq_organism>
 <GBSeq_organism>Methylobacter luteus</GBSeq_organism>
 <GBSeq_organism>Methylomicrobium buryatense</GBSeq_organism>
 <GBSeq_organism>Methylomicrobium japanense</GBSeq_organism>
 <GBSeq_organism>thermophilic methanotroph HB</GBSeq_organism>
 <GBSeq_organism>Methylomonas rubra</GBSeq_organism>
 <GBSeq_organism>Rhabdochromatium marinum</GBSeq_organism>
 <GBSeq_organism>Methylomicrobium pelagicum</GBSeq_organism>
