 <GBSeq_organism>Mycobacterium peregrinum</GBSeq_organism>
 <GBSeq_organism>Mycobacterium houstonense</GBSeq_organism>
 <GBSeq_organism>Mycobacterium salmoniphilum</GBSeq_organism>
 <GBSeq_organism>Mycobacterium leprae</GBSeq_organism>
 <GBSeq_organism>Mycobacterium mucogenicum</GBSeq_organism>
 <GBSeq_organism>Mycobacterium mageritense</GBSeq_organism>
 <GBSeq_organism>Mycobacterium salmoniphilum</GBSeq_organism>
 <GBSeq_organism>Mycobacterium immunogenum</GBSeq_organism>
 <GBSeq_organism>Mycobacterium phocaicum</GBSeq_organism>
 <GBSeq_organism>Mycobacterium porcinum</GBSeq_organism>
 <GBSeq_organism>Mycobacterium aubagnense</GBSeq_organism>
 <GBSeq_organism>Mycobacterium septicum</GBSeq_organism>
 <GBSeq_organism>Mycobacterium chelonae</GBSeq_organism>
 <GBSeq_organism>Mycobacterium farcinogenes</GBSeq_organism>
 <GBSeq_organism>Mycobacterium sp. SOL 803</GBSeq_organism>
 <GBSeq_organism>Mycobacterium abscessus subsp. bolletii</GBSeq_organism>
 <GBSeq_organism>Mycobacterium salmoniphilum</GBSeq_organism>
 <GBSeq_organism>Mycobacterium salmoniphilum</GBSeq_organism>
 <GBSeq_organism>Mycobacterium smegmatis</GBSeq_organism>
 <GBSeq_organism>Mycobacterium senegalense</GBSeq_organism>
 <GBSeq_organism>Mycobacterium neworleansense</GBSeq_organism>
 <GBSeq_organism>Mycobacterium salmoniphilum</GBSeq_organism>
 <GBSeq_organism>Mycobacterium fortuitum subsp. fortuitum DSM 46621</GBSeq_organism>
 <GBSeq_organism>Mycobacterium abscessus</GBSeq_organism>
 <GBSeq_organism>Mycobacterium wolinskyi</GBSeq_organism>
