 <GBSeq_organism>Dactylosporangium thailandense</GBSeq_organism>
 <GBSeq_organism>Longispora albida</GBSeq_organism>
 <GBSeq_organism>Catellatospora methionotrophica</GBSeq_organism>
 <GBSeq_organism>Polymorphospora rubra</GBSeq_organism>
 <GBSeq_organism>Hamadaea tsunoensis DSM 44101</GBSeq_organism>
 <GBSeq_organism>Catenuloplanes japonicus JCM 9106</GBSeq_organism>
 <GBSeq_organism>Pilimelia terevasa</GBSeq_organism>
 <GBSeq_organism>Verrucosispora sediminis</GBSeq_organism>
 <GBSeq_organism>Micromonospora rosaria</GBSeq_organism>
 <GBSeq_organism>Micromonospora inositola</GBSeq_organism>
 <GBSeq_organism>Dactylosporangium roseum</GBSeq_organism>
 <GBSeq_organism>Micromonospora aurantiaca</GBSeq_organism>
 <GBSeq_organism>Asanoa ishikariensis</GBSeq_organism>
 <GBSeq_organism>Asanoa ferruginea</GBSeq_organism>
 <GBSeq_organism>Spirilliplanes yamanashiensis</GBSeq_organism>
 <GBSeq_organism>Actinoplanes auranticolor</GBSeq_organism>
 <GBSeq_organism>Salinispora arenicola ATCC BAA-917</GBSeq_organism>
 <GBSeq_organism>Micromonospora echinofusca</GBSeq_organism>
 <GBSeq_organism>Pilimelia anulata</GBSeq_organism>
 <GBSeq_organism>Verrucosispora gifhornensis</GBSeq_organism>
