 <GBSeq_organism>Mannheimia haemolytica</GBSeq_organism>
 <GBSeq_organism>Avibacterium endocarditidis</GBSeq_organism>
 <GBSeq_organism>Bibersteinia trehalosi</GBSeq_organism>
 <GBSeq_organism>Avibacterium sp. CCUG 18782</GBSeq_organism>
 <GBSeq_organism>Avibacterium paragallinarum</GBSeq_organism>
 <GBSeq_organism>Avibacterium gallinarum</GBSeq_organism>
 <GBSeq_organism>Actinobacillus lignieresii</GBSeq_organism>
 <GBSeq_organism>Pasteurella multocida subsp. multocida</GBSeq_organism>
 <GBSeq_organism>Avibacterium avium</GBSeq_organism>
 <GBSeq_organism>Nicoletella semolina</GBSeq_organism>
 <GBSeq_organism>Gallibacterium anatis DSM 16844 = F 149</GBSeq_organism>
 <GBSeq_organism>Volucribacter psittacicida</GBSeq_organism>
 <GBSeq_organism>Lonepinella koalarum</GBSeq_organism>
 <GBSeq_organism>Histophilus somni</GBSeq_organism>
 <GBSeq_organism>Bisgaard Taxon 3</GBSeq_organism>
 <GBSeq_organism>Aggregatibacter actinomycetemcomitans</GBSeq_organism>
 <GBSeq_organism>Phocoenobacter uteri</GBSeq_organism>
 <GBSeq_organism>Gallibacterium salpingitidis</GBSeq_organism>
 <GBSeq_organism>Avibacterium volantium</GBSeq_organism>
 <GBSeq_organism>Haemophilus influenzae</GBSeq_organism>
 <GBSeq_organism>Rattus norvegicus</GBSeq_organism>
