 <GBSeq_organism>Wickerhamomyces mucosus</GBSeq_organism>
 <GBSeq_organism>Candida qinlingensis</GBSeq_organism>
 <GBSeq_organism>Cyberlindnera subsufficiens</GBSeq_organism>
 <GBSeq_organism>Wickerhamomyces anomalus</GBSeq_organism>
 <GBSeq_organism>Cyberlindnera suaveolens</GBSeq_organism>
 <GBSeq_organism>Williopsis pratensis</GBSeq_organism>
 <GBSeq_organism>Cyberlindnera petersonii</GBSeq_organism>
 <GBSeq_organism>Pichia strasburgensis</GBSeq_organism>
 <GBSeq_organism>Barnettozyma californica var. californica</GBSeq_organism>
 <GBSeq_organism>Ogataea salicorniae</GBSeq_organism>
 <GBSeq_organism>Barnettozyma populi</GBSeq_organism>
 <GBSeq_organism>Barnettozyma salicaria</GBSeq_organism>
 <GBSeq_organism>Pichia hawaiiensis</GBSeq_organism>
 <GBSeq_organism>Williopsis sp. JHL-2007a</GBSeq_organism>
 <GBSeq_organism>Candida vartiovaarae</GBSeq_organism>
 <GBSeq_organism>Cyberlindnera mrakii</GBSeq_organism>
 <GBSeq_organism>Candida montana</GBSeq_organism>
 <GBSeq_organism>Pichia silvicola</GBSeq_organism>
 <GBSeq_organism>Ogataea wickerhamii</GBSeq_organism>
 <GBSeq_organism>Cyberlindnera saturnus</GBSeq_organism>
 <GBSeq_organism>Cyberlindnera misumaiensis</GBSeq_organism>
 <GBSeq_organism>Cyberlindnera sargentensis</GBSeq_organism>
 <GBSeq_organism>Candida norvegica</GBSeq_organism>
 <GBSeq_organism>Cyberlindnera rhodanensis</GBSeq_organism>
 <GBSeq_organism>Cyberlindnera jadinii</GBSeq_organism>
