 <GBSeq_organism>Mycoplasma bovis</GBSeq_organism>
 <GBSeq_organism>Mycoplasma lipophilum</GBSeq_organism>
 <GBSeq_organism>Mycoplasma pneumoniae</GBSeq_organism>
 <GBSeq_organism>Mycoplasma gateae</GBSeq_organism>
 <GBSeq_organism>Mycoplasma gypis</GBSeq_organism>
 <GBSeq_organism>Mycoplasma mycoides subsp. mycoides</GBSeq_organism>
 <GBSeq_organism>Mycoplasma opalescens</GBSeq_organism>
 <GBSeq_organism>Mycoplasma arginini</GBSeq_organism>
 <GBSeq_organism>Acholeplasma laidlawii</GBSeq_organism>
 <GBSeq_organism>Mycoplasma felis</GBSeq_organism>
 <GBSeq_organism>Mycoplasma synoviae</GBSeq_organism>
 <GBSeq_organism>Mycoplasma bovigenitalium</GBSeq_organism>
 <GBSeq_organism>Mycoplasma feliminutum</GBSeq_organism>
 <GBSeq_organism>Mycoplasma pulmonis</GBSeq_organism>
 <GBSeq_organism>Mycoplasma maculosum</GBSeq_organism>
 <GBSeq_organism>Mycoplasma edwardii</GBSeq_organism>
 <GBSeq_organism>Mycoplasma hominis ATCC 23114</GBSeq_organism>
 <GBSeq_organism>Mycoplasma cynos</GBSeq_organism>
 <GBSeq_organism>Mycoplasma sualvi</GBSeq_organism>
 <GBSeq_organism>Mycoplasma neurolyticum</GBSeq_organism>
 <GBSeq_organism>Ureaplasma canigenitalium</GBSeq_organism>
 <GBSeq_organism>Mycoplasma molare</GBSeq_organism>
 <GBSeq_organism>Mycoplasma haemocanis</GBSeq_organism>
 <GBSeq_organism>Mycoplasma spumans</GBSeq_organism>
 <GBSeq_organism>Mycoplasma canis PG 14</GBSeq_organism>
