 <GBSeq_organism>Microbacterium hydrocarbonoxydans</GBSeq_organism>
 <GBSeq_organism>Microbacterium invictum</GBSeq_organism>
 <GBSeq_organism>Microbacterium ginsengiterrae</GBSeq_organism>
 <GBSeq_organism>Microbacterium profundi</GBSeq_organism>
 <GBSeq_organism>Microbacterium aerolatum</GBSeq_organism>
 <GBSeq_organism>Microbacterium flavum</GBSeq_organism>
 <GBSeq_organism>Microbacterium liquefaciens</GBSeq_organism>
 <GBSeq_organism>Microbacterium luteolum</GBSeq_organism>
 <GBSeq_organism>Microbacterium phyllosphaerae</GBSeq_organism>
 <GBSeq_organism>Microbacterium luticocti DSM 19459</GBSeq_organism>
 <GBSeq_organism>Microbacterium paraoxydans</GBSeq_organism>
 <GBSeq_organism>Microbacterium gubbeenense</GBSeq_organism>
 <GBSeq_organism>Microbacterium indicum</GBSeq_organism>
 <GBSeq_organism>Microbacterium aoyamense</GBSeq_organism>
 <GBSeq_organism>Microbacterium lacticum</GBSeq_organism>
 <GBSeq_organism>Microbacterium foliorum</GBSeq_organism>
 <GBSeq_organism>Microbacterium natoriense</GBSeq_organism>
 <GBSeq_organism>Microbacterium oxydans</GBSeq_organism>
 <GBSeq_organism>Microbacterium koreense</GBSeq_organism>
 <GBSeq_organism>Microbacterium barkeri</GBSeq_organism>
