 <GBSeq_organism>Nocardioides fulvus</GBSeq_organism>
 <GBSeq_organism>Friedmanniella sp. Ellin171</GBSeq_organism>
 <GBSeq_organism>Friedmanniella lacustris</GBSeq_organism>
 <GBSeq_organism>Nocardioides albus</GBSeq_organism>
 <GBSeq_organism>Luteococcus japonicus</GBSeq_organism>
 <GBSeq_organism>Propionibacterium avidum ATCC 25577</GBSeq_organism>
 <GBSeq_organism>Nocardioides luteus</GBSeq_organism>
 <GBSeq_organism>Ornithinicoccus hortensis</GBSeq_organism>
 <GBSeq_organism>Propionibacterium microaerophilum</GBSeq_organism>
 <GBSeq_organism>Tessaracoccus bendigoensis</GBSeq_organism>
 <GBSeq_organism>Aeromicrobium fastidiosum</GBSeq_organism>
 <GBSeq_organism>Microlunatus phosphovorus</GBSeq_organism>
 <GBSeq_organism>Aeromicrobium marinum DSM 15272</GBSeq_organism>
 <GBSeq_organism>Aeromicrobium fastidiosum</GBSeq_organism>
 <GBSeq_organism>Granulicoccus phenolivorans</GBSeq_organism>
 <GBSeq_organism>Microlunatus phosphovorus NM-1</GBSeq_organism>
 <GBSeq_organism>Propionibacterium freudenreichii</GBSeq_organism>
 <GBSeq_organism>Microlunatus sp.</GBSeq_organism>
 <GBSeq_organism>Friedmanniella antarctica</GBSeq_organism>
 <GBSeq_organism>Propionibacterium jensenii</GBSeq_organism>
 <GBSeq_organism>Propionibacterium propionicum</GBSeq_organism>
 <GBSeq_organism>Friedmanniella capsulata</GBSeq_organism>
 <GBSeq_organism>Propionibacterium australiense</GBSeq_organism>
 <GBSeq_organism>Nocardia higoensis NBRC 100133</GBSeq_organism>
 <GBSeq_organism>Friedmanniella spumicola</GBSeq_organism>
 <GBSeq_organism>Nocardioides dubius</GBSeq_organism>
 <GBSeq_organism>Nocardioides kribbensis</GBSeq_organism>
 <GBSeq_organism>Aeromicrobium erythreum</GBSeq_organism>
 <GBSeq_organism>Propioniferax innocua</GBSeq_organism>
 <GBSeq_organism>Nocardia beijingensis</GBSeq_organism>
 <GBSeq_organism>Aeromicrobium alkaliterrae</GBSeq_organism>
 <GBSeq_organism>Luteococcus peritonei</GBSeq_organism>
 <GBSeq_organism>Luteococcus sanguinis</GBSeq_organism>
