 <GBSeq_organism>Cronobacter muytjensii ATCC 51329</GBSeq_organism>
 <GBSeq_organism>Kluyvera cryocrescens</GBSeq_organism>
 <GBSeq_organism>Erwinia rhapontici</GBSeq_organism>
 <GBSeq_organism>Citrobacter murliniae</GBSeq_organism>
 <GBSeq_organism>Salmonella bongori</GBSeq_organism>
 <GBSeq_organism>Lelliottia amnigena</GBSeq_organism>
 <GBSeq_organism>Kosakonia radicincitans</GBSeq_organism>
 <GBSeq_organism>Citrobacter braakii</GBSeq_organism>
 <GBSeq_organism>Enterobacter hormaechei subsp. steigerwaltii</GBSeq_organism>
 <GBSeq_organism>Pantoea agglomerans</GBSeq_organism>
 <GBSeq_organism>Citrobacter werkmanii</GBSeq_organism>
 <GBSeq_organism>Pantoea stewartii subsp. indologenes</GBSeq_organism>
 <GBSeq_organism>Kosakonia oryzae</GBSeq_organism>
 <GBSeq_organism>Salmonella enterica subsp. enterica serovar Typhi</GBSeq_organism>
 <GBSeq_organism>Klebsiella pneumoniae subsp. rhinoscleromatis ATCC 13884</GBSeq_organism>
 <GBSeq_organism>Kluyvera intermedia</GBSeq_organism>
 <GBSeq_organism>Kosakonia cowanii</GBSeq_organism>
 <GBSeq_organism>Cronobacter dublinensis subsp. dublinensis LMG 23823</GBSeq_organism>
 <GBSeq_organism>Klebsiella variicola</GBSeq_organism>
 <GBSeq_organism>Cronobacter malonaticus</GBSeq_organism>
 <GBSeq_organism>Citrobacter gillenii</GBSeq_organism>
 <GBSeq_organism>Kosakonia oryzae</GBSeq_organism>
 <GBSeq_organism>Kluyvera ascorbata ATCC 33433</GBSeq_organism>
 <GBSeq_organism>Cronobacter sakazakii</GBSeq_organism>
 <GBSeq_organism>Klebsiella granulomatis</GBSeq_organism>
 <GBSeq_organism>Citrobacter koseri</GBSeq_organism>
 <GBSeq_organism>Cronobacter zurichensis</GBSeq_organism>
 <GBSeq_organism>Klebsiella pneumoniae</GBSeq_organism>
 <GBSeq_organism>Citrobacter sedlakii</GBSeq_organism>
 <GBSeq_organism>Pectobacterium carotovorum subsp. carotovorum</GBSeq_organism>
 <GBSeq_organism>Klebsiella pneumoniae subsp. ozaenae</GBSeq_organism>
 <GBSeq_organism>Enterobacter kobei</GBSeq_organism>
 <GBSeq_organism>Kluyvera georgiana</GBSeq_organism>
 <GBSeq_organism>Serratia marcescens</GBSeq_organism>
 <GBSeq_organism>Enterobacter cloacae</GBSeq_organism>
 <GBSeq_organism>Citrobacter freundii</GBSeq_organism>
 <GBSeq_organism>Citrobacter farmeri</GBSeq_organism>
 <GBSeq_organism>Salmonella subterranea</GBSeq_organism>
 <GBSeq_organism>Cronobacter turicensis z3032</GBSeq_organism>
 <GBSeq_organism>Citrobacter rodentium</GBSeq_organism>
 <GBSeq_organism>Kosakonia oryzae</GBSeq_organism>
 <GBSeq_organism>Erwinia amylovora</GBSeq_organism>
 <GBSeq_organism>Pluralibacter pyrinus</GBSeq_organism>
 <GBSeq_organism>Salmonella enterica subsp. arizonae</GBSeq_organism>
