 <GBSeq_organism>Desulfovibrio putealis</GBSeq_organism>
 <GBSeq_organism>Desulfovibrio africanus subsp. africanus DSM 2603</GBSeq_organism>
 <GBSeq_organism>Desulfovibrio carbinoliphilus</GBSeq_organism>
 <GBSeq_organism>Desulfovibrio sulfodismutans</GBSeq_organism>
 <GBSeq_organism>Desulfonatronum thiodismutans</GBSeq_organism>
 <GBSeq_organism>Desulfovibrio magneticus RS-1</GBSeq_organism>
 <GBSeq_organism>Desulfovibrio senezii</GBSeq_organism>
 <GBSeq_organism>Desulfovibrio inopinatus</GBSeq_organism>
 <GBSeq_organism>Desulfovibrio desulfuricans subsp. desulfuricans</GBSeq_organism>
 <GBSeq_organism>Desulfomicrobium baculatum DSM 4028</GBSeq_organism>
 <GBSeq_organism>Desulfovibrio aerotolerans</GBSeq_organism>
 <GBSeq_organism>Desulfovibrio butyratiphilus</GBSeq_organism>
 <GBSeq_organism>Desulfovibrio carbinolicus</GBSeq_organism>
 <GBSeq_organism>Desulfovibrio gracilis</GBSeq_organism>
 <GBSeq_organism>Desulfovibrio burkinensis</GBSeq_organism>
 <GBSeq_organism>Desulfovibrio alcoholivorans</GBSeq_organism>
 <GBSeq_organism>Desulfovibrio fructosivorans JJ</GBSeq_organism>
 <GBSeq_organism>Desulfovibrio hydrothermalis AM13 = DSM 14728</GBSeq_organism>
 <GBSeq_organism>Desulfovibrio indonesiensis</GBSeq_organism>
 <GBSeq_organism>Desulfohalobium retbaense DSM 5692</GBSeq_organism>
