 <GBSeq_organism>Virgibacillus halodenitrificans</GBSeq_organism>
 <GBSeq_organism>Virgibacillus proomii</GBSeq_organism>
 <GBSeq_organism>Bacillus licheniformis</GBSeq_organism>
 <GBSeq_organism>Alkalibacillus haloalkaliphilus</GBSeq_organism>
 <GBSeq_organism>Filobacillus milosensis</GBSeq_organism>
 <GBSeq_organism>Gracilibacillus dipsosauri</GBSeq_organism>
 <GBSeq_organism>Piscibacillus salipiscarius JCM 13188</GBSeq_organism>
 <GBSeq_organism>Lentibacillus juripiscarius JCM 12147</GBSeq_organism>
 <GBSeq_organism>Alkalibacillus salilacus</GBSeq_organism>
 <GBSeq_organism>Oceanobacillus oncorhynchi</GBSeq_organism>
 <GBSeq_organism>Virgibacillus pantothenticus</GBSeq_organism>
 <GBSeq_organism>Paraliobacillus ryukyuensis</GBSeq_organism>
 <GBSeq_organism>Tenuibacillus multivorans</GBSeq_organism>
 <GBSeq_organism>Salimicrobium album</GBSeq_organism>
 <GBSeq_organism>Lentibacillus salicampi</GBSeq_organism>
 <GBSeq_organism>Brevibacillus brevis</GBSeq_organism>
 <GBSeq_organism>Halobacillus halophilus</GBSeq_organism>
 <GBSeq_organism>Salinibacillus aidingensis</GBSeq_organism>
 <GBSeq_organism>Planococcus citreus</GBSeq_organism>
 <GBSeq_organism>Thalassobacillus devorans</GBSeq_organism>
 <GBSeq_organism>Salinibacillus kushneri</GBSeq_organism>
 <GBSeq_organism>Alkalibacillus filiformis</GBSeq_organism>
 <GBSeq_organism>Pontibacillus chungwhensis</GBSeq_organism>
 <GBSeq_organism>Planococcus kocurii</GBSeq_organism>
