 <GBSeq_organism>Candida atlantica</GBSeq_organism>
 <GBSeq_organism>Candida conglobata</GBSeq_organism>
 <GBSeq_organism>Yamadazyma scolyti</GBSeq_organism>
 <GBSeq_organism>Candida friedrichii</GBSeq_organism>
 <GBSeq_organism>Candida taylorii</GBSeq_organism>
 <GBSeq_organism>Candida spencermartinsiae</GBSeq_organism>
 <GBSeq_organism>Candida viswanathii</GBSeq_organism>
 <GBSeq_organism>Candida buinensis</GBSeq_organism>
 <GBSeq_organism>Candida dendronema</GBSeq_organism>
 <GBSeq_organism>Candida germanica</GBSeq_organism>
 <GBSeq_organism>Candida insectorum</GBSeq_organism>
 <GBSeq_organism>Yamadazyma akitaensis</GBSeq_organism>
 <GBSeq_organism>Candida aaseri</GBSeq_organism>
 <GBSeq_organism>Candida blattariae</GBSeq_organism>
 <GBSeq_organism>Candida membranifaciens</GBSeq_organism>
 <GBSeq_organism>Yamadazyma philogaea</GBSeq_organism>
 <GBSeq_organism>Candida atmosphaerica</GBSeq_organism>
 <GBSeq_organism>Candida diddensiae</GBSeq_organism>
 <GBSeq_organism>Candida diospyri</GBSeq_organism>
 <GBSeq_organism>Candida sp. MARY 089</GBSeq_organism>
 <GBSeq_organism>Yamadazyma mexicana</GBSeq_organism>
 <GBSeq_organism>Candida sp. MARY 101</GBSeq_organism>
 <GBSeq_organism>Candida parapsilosis</GBSeq_organism>
 <GBSeq_organism>Candida sp. MARY 092</GBSeq_organism>
 <GBSeq_organism>Yamadazyma nakazawae var. nakazawae</GBSeq_organism>
