 <GBSeq_organism>Escherichia coli DSM 30083 = JCM 1649 = ATCC 11775</GBSeq_organism>
 <GBSeq_organism>Desulfacinum infernum</GBSeq_organism>
 <GBSeq_organism>Desulforhabdus amnigena</GBSeq_organism>
 <GBSeq_organism>Desulfobacterium autotrophicum</GBSeq_organism>
 <GBSeq_organism>Desulfarculus baarsii DSM 2075</GBSeq_organism>
 <GBSeq_organism>Desulforhopalus vacuolatus</GBSeq_organism>
 <GBSeq_organism>Syntrophobacter sp.</GBSeq_organism>
 <GBSeq_organism>Syntrophobacter sp.</GBSeq_organism>
 <GBSeq_organism>Syntrophus buswellii</GBSeq_organism>
 <GBSeq_organism>Syntrophobacter sulfatireducens</GBSeq_organism>
 <GBSeq_organism>Syntrophobacter pfennigii</GBSeq_organism>
 <GBSeq_organism>Desulfacinum hydrothermale</GBSeq_organism>
 <GBSeq_organism>Syntrophobacter wolinii</GBSeq_organism>
 <GBSeq_organism>Desulfomonile tiedjei</GBSeq_organism>
 <GBSeq_organism>Syntrophobacter fumaroxidans MPOB</GBSeq_organism>
 <GBSeq_organism>Desulfobacter postgatei 2ac9</GBSeq_organism>
 <GBSeq_organism>Smithella propionica</GBSeq_organism>
 <GBSeq_organism>Thermodesulforhabdus norvegica</GBSeq_organism>
 <GBSeq_organism>Desulfobulbus propionicus</GBSeq_organism>
 <GBSeq_organism>Syntrophus gentianae</GBSeq_organism>
