 <GBSeq_organism>Chitinophaga arvensicola</GBSeq_organism>
 <GBSeq_organism>Leeuwenhoekiella marinoflava</GBSeq_organism>
 <GBSeq_organism>Flavobacterium limicola</GBSeq_organism>
 <GBSeq_organism>Cyclobacterium marinum</GBSeq_organism>
 <GBSeq_organism>Chitinophaga arvensicola</GBSeq_organism>
 <GBSeq_organism>Terrimonas lutea</GBSeq_organism>
 <GBSeq_organism>Sporocytophaga myxococcoides</GBSeq_organism>
 <GBSeq_organism>Cytophaga aurantiaca</GBSeq_organism>
 <GBSeq_organism>Chitinophaga japonensis</GBSeq_organism>
 <GBSeq_organism>Terrimonas ferruginea</GBSeq_organism>
 <GBSeq_organism>Chitinophaga arvensicola</GBSeq_organism>
 <GBSeq_organism>Belliella baltica</GBSeq_organism>
 <GBSeq_organism>Chitinophaga arvensicola</GBSeq_organism>
 <GBSeq_organism>Flavobacterium aquatile</GBSeq_organism>
 <GBSeq_organism>Cytophaga hutchinsonii</GBSeq_organism>
 <GBSeq_organism>Chitinophaga arvensicola</GBSeq_organism>
 <GBSeq_organism>Chitinophaga pinensis DSM 2588</GBSeq_organism>
 <GBSeq_organism>Cellulophaga fucicola</GBSeq_organism>
 <GBSeq_organism>Cellulophaga lytica</GBSeq_organism>
 <GBSeq_organism>Flavobacterium columnare</GBSeq_organism>
 <GBSeq_organism>Chitinophaga sancti</GBSeq_organism>
 <GBSeq_organism>Cellulophaga baltica</GBSeq_organism>
