 <GBSeq_organism>Selenomonas infelix ATCC 43532</GBSeq_organism>
 <GBSeq_organism>Sporomusa silvacetica</GBSeq_organism>
 <GBSeq_organism>Negativicoccus succinicivorans</GBSeq_organism>
 <GBSeq_organism>Acidaminococcus intestini</GBSeq_organism>
 <GBSeq_organism>Dendrosporobacter quercicolus</GBSeq_organism>
 <GBSeq_organism>Pelosinus propionicus</GBSeq_organism>
 <GBSeq_organism>Propionispora vibrioides</GBSeq_organism>
 <GBSeq_organism>Anaerospora hongkongensis</GBSeq_organism>
 <GBSeq_organism>Veillonella caviae</GBSeq_organism>
 <GBSeq_organism>Sporomusa malonica</GBSeq_organism>
 <GBSeq_organism>Anaerovibrio lipolyticus DSM 3074</GBSeq_organism>
 <GBSeq_organism>Veillonella dispar</GBSeq_organism>
 <GBSeq_organism>Megasphaera cerevisiae</GBSeq_organism>
 <GBSeq_organism>Mitsuokella jalaludinii</GBSeq_organism>
 <GBSeq_organism>Pectinatus portalensis</GBSeq_organism>
 <GBSeq_organism>Veillonella rogosae</GBSeq_organism>
 <GBSeq_organism>Veillonella atypica KON</GBSeq_organism>
 <GBSeq_organism>Selenomonas dianae</GBSeq_organism>
 <GBSeq_organism>Mitsuokella multacida DSM 20544</GBSeq_organism>
 <GBSeq_organism>Selenomonas ruminantium</GBSeq_organism>
 <GBSeq_organism>Schwartzia succinivorans</GBSeq_organism>
 <GBSeq_organism>Sporomusa rhizae</GBSeq_organism>
 <GBSeq_organism>Dialister invisus DSM 15470</GBSeq_organism>
 <GBSeq_organism>Selenomonas sputigena ATCC 35185</GBSeq_organism>
 <GBSeq_organism>Veillonella denticariosi</GBSeq_organism>
 <GBSeq_organism>Sporomusa termitida</GBSeq_organism>
 <GBSeq_organism>Sporomusa acidovorans</GBSeq_organism>
 <GBSeq_organism>Pectinatus cerevisiiphilus</GBSeq_organism>
 <GBSeq_organism>Anaeroglobus geminatus</GBSeq_organism>
 <GBSeq_organism>Veillonella montpellierensis</GBSeq_organism>
 <GBSeq_organism>Propionispora hippei</GBSeq_organism>
 <GBSeq_organism>Veillonella rodentium</GBSeq_organism>
 <GBSeq_organism>Veillonella ratti</GBSeq_organism>
 <GBSeq_organism>Dialister micraerophilus DSM 19965</GBSeq_organism>
 <GBSeq_organism>Negativicoccus succinicivorans</GBSeq_organism>
 <GBSeq_organism>Allisonella histaminiformans</GBSeq_organism>
 <GBSeq_organism>Dialister pneumosintes</GBSeq_organism>
 <GBSeq_organism>Pectinatus frisingensis</GBSeq_organism>
 <GBSeq_organism>Veillonella criceti</GBSeq_organism>
 <GBSeq_organism>Selenomonas lacticifex</GBSeq_organism>
 <GBSeq_organism>Desulfosporomusa polytropa</GBSeq_organism>
 <GBSeq_organism>Pelosinus fermentans DSM 17108</GBSeq_organism>
 <GBSeq_organism>Selenomonas flueggei ATCC 43531</GBSeq_organism>
 <GBSeq_organism>Veillonella parvula DSM 2008</GBSeq_organism>
 <GBSeq_organism>Succiniclasticum ruminis</GBSeq_organism>
 <GBSeq_organism>Sporomusa ovata</GBSeq_organism>
 <GBSeq_organism>Megasphaera elsdenii DSM 20460</GBSeq_organism>
 <GBSeq_organism>Propionispira arboris</GBSeq_organism>
 <GBSeq_organism>Megasphaera paucivorans</GBSeq_organism>
 <GBSeq_organism>Zymophilus paucivorans</GBSeq_organism>
 <GBSeq_organism>Phascolarctobacterium faecium</GBSeq_organism>
 <GBSeq_organism>Selenomonas noxia</GBSeq_organism>
 <GBSeq_organism>Quinella ovalis</GBSeq_organism>
 <GBSeq_organism>Megasphaera micronuciformis</GBSeq_organism>
 <GBSeq_organism>Megamonas hypermegale</GBSeq_organism>
 <GBSeq_organism>Sporomusa sphaeroides DSM 2875</GBSeq_organism>
