 <GBSeq_organism>Vibrio fortis</GBSeq_organism>
 <GBSeq_organism>Vibrio ezurae</GBSeq_organism>
 <GBSeq_organism>Vibrio diazotrophicus</GBSeq_organism>
 <GBSeq_organism>Vibrio cholerae</GBSeq_organism>
 <GBSeq_organism>Vibrio orientalis CIP 102891 = ATCC 33934</GBSeq_organism>
 <GBSeq_organism>Vibrio fluvialis</GBSeq_organism>
 <GBSeq_organism>Vibrio xuii</GBSeq_organism>
 <GBSeq_organism>Vibrio furnissii</GBSeq_organism>
 <GBSeq_organism>Vibrio porteresiae DSM 19223</GBSeq_organism>
 <GBSeq_organism>Vibrio pomeroyi</GBSeq_organism>
 <GBSeq_organism>Vibrio parahaemolyticus</GBSeq_organism>
 <GBSeq_organism>Vibrio scophthalmi LMG 19158</GBSeq_organism>
 <GBSeq_organism>Vibrio brasiliensis LMG 20546</GBSeq_organism>
 <GBSeq_organism>Enterovibrio norvegicus</GBSeq_organism>
 <GBSeq_organism>Vibrio campbellii CAIM 519 = NBRC 15631</GBSeq_organism>
 <GBSeq_organism>Vibrio rotiferianus CAIM 577 = LMG 21460</GBSeq_organism>
 <GBSeq_organism>Helianthus annuus</GBSeq_organism>
 <GBSeq_organism>Vibrio gallicus</GBSeq_organism>
 <GBSeq_organism>Vibrio vulnificus NBRC 15645 = ATCC 27562</GBSeq_organism>
 <GBSeq_organism>Vibrio mimicus</GBSeq_organism>
 <GBSeq_organism>Vibrio proteolyticus</GBSeq_organism>
