 <GBSeq_organism>Leptothrix discophora</GBSeq_organism>
 <GBSeq_organism>uncultured bacterium</GBSeq_organism>
 <GBSeq_organism>Acidovorax avenae subsp. avenae ATCC 19860</GBSeq_organism>
 <GBSeq_organism>Leptothrix mobilis</GBSeq_organism>
 <GBSeq_organism>uncultured beta proteobacterium</GBSeq_organism>
 <GBSeq_organism>uncultured Aquabacterium sp.</GBSeq_organism>
 <GBSeq_organism>uncultured bacterium</GBSeq_organism>
 <GBSeq_organism>Ideonella dechloratans</GBSeq_organism>
 <GBSeq_organism>Methylophilus methylotrophus</GBSeq_organism>
 <GBSeq_organism>Aquabacterium parvum</GBSeq_organism>
 <GBSeq_organism>uncultured sludge bacterium A37</GBSeq_organism>
 <GBSeq_organism>denitrifying Fe&lt;II&gt;-oxidizing bacterium</GBSeq_organism>
 <GBSeq_organism>uncultured Green Bay ferromanganous micronodule bacterium MNE12</GBSeq_organism>
 <GBSeq_organism>uncultured bacterium</GBSeq_organism>
 <GBSeq_organism>Variovorax paradoxus</GBSeq_organism>
 <GBSeq_organism>Methylophilus leisingeri</GBSeq_organism>
 <GBSeq_organism>Aquabacterium commune</GBSeq_organism>
 <GBSeq_organism>Xylophilus ampelinus</GBSeq_organism>
 <GBSeq_organism>uncultured bacterium</GBSeq_organism>
 <GBSeq_organism>beta proteobacterium HTCC304</GBSeq_organism>
 <GBSeq_organism>Methylophilus freyburgensis</GBSeq_organism>
 <GBSeq_organism>Methylobacillus pratensis</GBSeq_organism>
 <GBSeq_organism>phenanthrene-degrading bacterium 90</GBSeq_organism>
 <GBSeq_organism>uncultured bacterium</GBSeq_organism>
 <GBSeq_organism>uncultured bacterium</GBSeq_organism>
 <GBSeq_organism>uncultured bacterium</GBSeq_organism>
 <GBSeq_organism>uncultured bacterium</GBSeq_organism>
 <GBSeq_organism>uncultured bacterium</GBSeq_organism>
 <GBSeq_organism>uncultured bacterium</GBSeq_organism>
 <GBSeq_organism>Methylibium petroleiphilum PM1</GBSeq_organism>
 <GBSeq_organism>Rubrivivax gelatinosus</GBSeq_organism>
 <GBSeq_organism>Leptothrix cholodnii</GBSeq_organism>
 <GBSeq_organism>uncultured bacterium</GBSeq_organism>
 <GBSeq_organism>uncultured bacterium</GBSeq_organism>
 <GBSeq_organism>Aquabacterium sp. Aqua3</GBSeq_organism>
 <GBSeq_organism>uncultured bacterium</GBSeq_organism>
 <GBSeq_organism>uncultured bacterium</GBSeq_organism>
 <GBSeq_organism>Schlegelella thermodepolymerans</GBSeq_organism>
 <GBSeq_organism>Aquabacterium citratiphilum</GBSeq_organism>
