 <GBSeq_organism>Halomonas meridiana</GBSeq_organism>
 <GBSeq_organism>Halomonas magadiensis</GBSeq_organism>
 <GBSeq_organism>Escherichia coli DSM 30083 = JCM 1649 = ATCC 11775</GBSeq_organism>
 <GBSeq_organism>Cobetia marina</GBSeq_organism>
 <GBSeq_organism>Halomonas boliviensis LC1</GBSeq_organism>
 <GBSeq_organism>Chromohalobacter sarecensis</GBSeq_organism>
 <GBSeq_organism>Halomonas arcis</GBSeq_organism>
 <GBSeq_organism>Halomonas elongata</GBSeq_organism>
 <GBSeq_organism>Halomonas anticariensis FP35 = DSM 16096</GBSeq_organism>
 <GBSeq_organism>Halomonas subterranea</GBSeq_organism>
 <GBSeq_organism>Halomonas taeanensis</GBSeq_organism>
 <GBSeq_organism>Halomonas sulfidaeris Esulfide1</GBSeq_organism>
 <GBSeq_organism>Halomonas venusta</GBSeq_organism>
 <GBSeq_organism>Halomonas andesensis</GBSeq_organism>
 <GBSeq_organism>Halomonas janggokensis</GBSeq_organism>
 <GBSeq_organism>Halomonas campaniensis</GBSeq_organism>
 <GBSeq_organism>Halomonas subglaciescola</GBSeq_organism>
 <GBSeq_organism>Halomonas axialensis</GBSeq_organism>
 <GBSeq_organism>Halomonas neptunia</GBSeq_organism>
 <GBSeq_organism>Halomonas eurihalina</GBSeq_organism>
 <GBSeq_organism>Halomonas halocynthiae</GBSeq_organism>
 <GBSeq_organism>Halomonas maura</GBSeq_organism>
 <GBSeq_organism>Halomonas gomseomensis</GBSeq_organism>
 <GBSeq_organism>Halomonas variabilis</GBSeq_organism>
 <GBSeq_organism>Halomonas elongata DSM 2581</GBSeq_organism>
 <GBSeq_organism>Chromohalobacter canadensis</GBSeq_organism>
 <GBSeq_organism>Halomonas hydrothermalis</GBSeq_organism>
