 <GBSeq_organism>Escherichia coli DSM 30083 = JCM 1649 = ATCC 11775</GBSeq_organism>
 <GBSeq_organism>Herbaspirillum seropedicae</GBSeq_organism>
 <GBSeq_organism>Diaphorobacter nitroreducens</GBSeq_organism>
 <GBSeq_organism>Rhodoferax fermentans</GBSeq_organism>
 <GBSeq_organism>Schlegelella thermodepolymerans</GBSeq_organism>
 <GBSeq_organism>Curvibacter delicatus</GBSeq_organism>
 <GBSeq_organism>Rhodoferax antarcticus ANT.BR</GBSeq_organism>
 <GBSeq_organism>Simplicispira metamorpha</GBSeq_organism>
 <GBSeq_organism>Herbaspirillum rubrisubalbicans</GBSeq_organism>
 <GBSeq_organism>Giesbergeria sinuosa</GBSeq_organism>
 <GBSeq_organism>Variovorax paradoxus</GBSeq_organism>
 <GBSeq_organism>Polaromonas vacuolata</GBSeq_organism>
 <GBSeq_organism>Xylophilus ampelinus</GBSeq_organism>
 <GBSeq_organism>Herbaspirillum huttiense subsp. putei</GBSeq_organism>
 <GBSeq_organism>Paucimonas lemoignei</GBSeq_organism>
 <GBSeq_organism>Curvibacter gracilis</GBSeq_organism>
 <GBSeq_organism>Massilia timonae</GBSeq_organism>
 <GBSeq_organism>Oxalobacter formigenes</GBSeq_organism>
 <GBSeq_organism>Janthinobacterium lividum</GBSeq_organism>
 <GBSeq_organism>Herbaspirillum lusitanum P6-12</GBSeq_organism>
 <GBSeq_organism>Duganella zoogloeoides</GBSeq_organism>
 <GBSeq_organism>Herbaspirillum frisingense</GBSeq_organism>
 <GBSeq_organism>Sphaerotilus natans</GBSeq_organism>
