 <GBSeq_organism>Paenibacillus alginolyticus</GBSeq_organism>
 <GBSeq_organism>Paenibacillus sp.</GBSeq_organism>
 <GBSeq_organism>Paenibacillus validus</GBSeq_organism>
 <GBSeq_organism>Paenibacillus macquariensis subsp. macquariensis</GBSeq_organism>
 <GBSeq_organism>Paenibacillus curdlanolyticus YK9</GBSeq_organism>
 <GBSeq_organism>Paenibacillus alvei DSM 29</GBSeq_organism>
 <GBSeq_organism>Paenibacillus pabuli</GBSeq_organism>
 <GBSeq_organism>Paenibacillus granivorans</GBSeq_organism>
 <GBSeq_organism>Paenibacillus sp. DSM 1352</GBSeq_organism>
 <GBSeq_organism>Paenibacillus lautus</GBSeq_organism>
 <GBSeq_organism>Paenibacillus polymyxa</GBSeq_organism>
 <GBSeq_organism>Paenibacillus popilliae ATCC 14706</GBSeq_organism>
 <GBSeq_organism>Paenibacillus lentimorbus</GBSeq_organism>
 <GBSeq_organism>Paenibacillus sp. DSM 1482</GBSeq_organism>
 <GBSeq_organism>Paenibacillus macerans</GBSeq_organism>
 <GBSeq_organism>Paenibacillus larvae</GBSeq_organism>
 <GBSeq_organism>Paenibacillus thiaminolyticus</GBSeq_organism>
 <GBSeq_organism>Paenibacillus apiarius</GBSeq_organism>
 <GBSeq_organism>Paenibacillus koreensis</GBSeq_organism>
 <GBSeq_organism>Paenibacillus sp. DSM 6358</GBSeq_organism>
 <GBSeq_organism>Paenibacillus sp. DSM 1481</GBSeq_organism>
 <GBSeq_organism>Paenibacillus glucanolyticus</GBSeq_organism>
 <GBSeq_organism>Paenibacillus sp. DSM 1474</GBSeq_organism>
 <GBSeq_organism>Paenibacillus chondroitinus</GBSeq_organism>
 <GBSeq_organism>Paenibacillus agaridevorans</GBSeq_organism>
 <GBSeq_organism>Paenibacillus sp. DSM 34</GBSeq_organism>
 <GBSeq_organism>Paenibacillus agarexedens</GBSeq_organism>
 <GBSeq_organism>Paenibacillus kobensis</GBSeq_organism>
