 <GBSeq_organism>Gluconobacter oxydans</GBSeq_organism>
 <GBSeq_organism>Roseomonas rosea</GBSeq_organism>
 <GBSeq_organism>Roseococcus thiosulfatophilus</GBSeq_organism>
 <GBSeq_organism>Craurococcus roseus</GBSeq_organism>
 <GBSeq_organism>Azospirillum brasilense</GBSeq_organism>
 <GBSeq_organism>Rubritepida flocculans</GBSeq_organism>
 <GBSeq_organism>Roseomonas aquatica</GBSeq_organism>
 <GBSeq_organism>Roseomonas aerilata DSM 19363</GBSeq_organism>
 <GBSeq_organism>Roseomonas terrae</GBSeq_organism>
 <GBSeq_organism>Roseomonas vinacea</GBSeq_organism>
 <GBSeq_organism>Roseomonas pecuniae</GBSeq_organism>
 <GBSeq_organism>Rhodovibrio salinarum</GBSeq_organism>
 <GBSeq_organism>Roseomonas genomospecies 5</GBSeq_organism>
 <GBSeq_organism>Roseomonas gilardii subsp. rosea</GBSeq_organism>
 <GBSeq_organism>Roseomonas cervicalis</GBSeq_organism>
 <GBSeq_organism>Roseomonas lacus</GBSeq_organism>
 <GBSeq_organism>Roseomonas mucosa</GBSeq_organism>
 <GBSeq_organism>Roseomonas ludipueritiae</GBSeq_organism>
 <GBSeq_organism>Paracraurococcus ruber</GBSeq_organism>
 <GBSeq_organism>Roseomonas gilardii</GBSeq_organism>
