 <GBSeq_organism>Pseudoxanthomonas koreensis</GBSeq_organism>
 <GBSeq_organism>Xanthomonas campestris</GBSeq_organism>
 <GBSeq_organism>Pseudoxanthomonas indica</GBSeq_organism>
 <GBSeq_organism>Pseudoxanthomonas kalamensis</GBSeq_organism>
 <GBSeq_organism>Pseudoxanthomonas mexicana</GBSeq_organism>
 <GBSeq_organism>Xanthomonas arboricola pv. juglandis</GBSeq_organism>
 <GBSeq_organism>Pseudoxanthomonas kaohsiungensis</GBSeq_organism>
 <GBSeq_organism>Pseudoxanthomonas daejeonensis</GBSeq_organism>
 <GBSeq_organism>Luteimonas mephitis</GBSeq_organism>
 <GBSeq_organism>Pseudoxanthomonas broegbernensis</GBSeq_organism>
 <GBSeq_organism>Pseudoxanthomonas yeongjuensis</GBSeq_organism>
 <GBSeq_organism>Stenotrophomonas rhizophila</GBSeq_organism>
 <GBSeq_organism>Xanthomonas pisi</GBSeq_organism>
 <GBSeq_organism>Pseudoxanthomonas spadix</GBSeq_organism>
 <GBSeq_organism>Xanthomonas cynarae</GBSeq_organism>
 <GBSeq_organism>Xanthomonas populi</GBSeq_organism>
 <GBSeq_organism>Pseudoxanthomonas taiwanensis</GBSeq_organism>
 <GBSeq_organism>Xanthomonas oryzae</GBSeq_organism>
 <GBSeq_organism>Xanthomonas vasicola</GBSeq_organism>
 <GBSeq_organism>Pseudoxanthomonas japonensis</GBSeq_organism>
 <GBSeq_organism>Pseudoxanthomonas sacheonensis</GBSeq_organism>
 <GBSeq_organism>Xanthomonas cassavae CFBP 4642</GBSeq_organism>
 <GBSeq_organism>Xanthomonas hortorum</GBSeq_organism>
 <GBSeq_organism>Pseudoxanthomonas suwonensis</GBSeq_organism>
 <GBSeq_organism>Stenotrophomonas maltophilia</GBSeq_organism>
