 <GBSeq_organism>Nocardioides aquiterrae</GBSeq_organism>
 <GBSeq_organism>Nocardioides hwasunensis</GBSeq_organism>
 <GBSeq_organism>Nocardioides ginsengisoli</GBSeq_organism>
 <GBSeq_organism>Nocardioides salarius</GBSeq_organism>
 <GBSeq_organism>Nocardioides luteus</GBSeq_organism>
 <GBSeq_organism>Nocardioides terrae</GBSeq_organism>
 <GBSeq_organism>Nocardioides iriomotensis</GBSeq_organism>
 <GBSeq_organism>Nocardioides caricicola</GBSeq_organism>
 <GBSeq_organism>Nocardioides jensenii</GBSeq_organism>
 <GBSeq_organism>Aeromicrobium fastidiosum</GBSeq_organism>
 <GBSeq_organism>Nocardioides agariphilus</GBSeq_organism>
 <GBSeq_organism>Nocardioides panacihumi</GBSeq_organism>
 <GBSeq_organism>Nocardioides marinisabuli</GBSeq_organism>
 <GBSeq_organism>Nocardioides terrigena</GBSeq_organism>
 <GBSeq_organism>Nocardioides albus</GBSeq_organism>
 <GBSeq_organism>Nocardioides aestuarii</GBSeq_organism>
 <GBSeq_organism>Nocardioides sediminis</GBSeq_organism>
 <GBSeq_organism>Nocardioides kribbensis</GBSeq_organism>
 <GBSeq_organism>Nocardioides mesophilus</GBSeq_organism>
 <GBSeq_organism>Nocardioides humi</GBSeq_organism>
 <GBSeq_organism>Nocardioides tritolerans</GBSeq_organism>
 <GBSeq_organism>Marmoricola aequoreus</GBSeq_organism>
 <GBSeq_organism>Nocardioides alkalitolerans</GBSeq_organism>
 <GBSeq_organism>Nocardioides dilutus</GBSeq_organism>
 <GBSeq_organism>Nocardioides fonticola</GBSeq_organism>
 <GBSeq_organism>Nocardioides ganghwensis</GBSeq_organism>
 <GBSeq_organism>Nocardioides nitrophenolicus</GBSeq_organism>
 <GBSeq_organism>Nocardioides halotolerans</GBSeq_organism>
 <GBSeq_organism>Nocardioides islandensis</GBSeq_organism>
 <GBSeq_organism>Nocardioides dubius</GBSeq_organism>
 <GBSeq_organism>Nocardioides caeni</GBSeq_organism>
 <GBSeq_organism>Nocardioides exalbidus</GBSeq_organism>
 <GBSeq_organism>Nocardioides dokdonensis</GBSeq_organism>
 <GBSeq_organism>Marmoricola aurantiacus</GBSeq_organism>
 <GBSeq_organism>Marmoricola scoriae</GBSeq_organism>
 <GBSeq_organism>Aeromicrobium erythreum</GBSeq_organism>
 <GBSeq_organism>Nocardioides hankookensis</GBSeq_organism>
 <GBSeq_organism>Marmoricola bigeumensis</GBSeq_organism>
 <GBSeq_organism>Nocardioides aquaticus</GBSeq_organism>
 <GBSeq_organism>Influenza A virus (A/chicken/Nigeria/1071-3/2007(H5N1))</GBSeq_organism>
 <GBSeq_organism>Nocardioides oleivorans</GBSeq_organism>
 <GBSeq_organism>Nocardioides daphniae</GBSeq_organism>
