 <GBSeq_organism>Acidovorax avenae subsp. avenae ATCC 19860</GBSeq_organism>
 <GBSeq_organism>Escherichia coli DSM 30083 = JCM 1649 = ATCC 11775</GBSeq_organism>
 <GBSeq_organism>Comamonas aquatica</GBSeq_organism>
 <GBSeq_organism>Acidovorax defluvii</GBSeq_organism>
 <GBSeq_organism>Simplicispira metamorpha</GBSeq_organism>
 <GBSeq_organism>Xenophilus azovorans</GBSeq_organism>
 <GBSeq_organism>Giesbergeria sinuosa</GBSeq_organism>
 <GBSeq_organism>Lampropedia hyalina</GBSeq_organism>
 <GBSeq_organism>Giesbergeria voronezhensis</GBSeq_organism>
 <GBSeq_organism>Delftia acidovorans</GBSeq_organism>
 <GBSeq_organism>Polaromonas vacuolata</GBSeq_organism>
 <GBSeq_organism>Brachymonas denitrificans</GBSeq_organism>
 <GBSeq_organism>Acidovorax facilis</GBSeq_organism>
 <GBSeq_organism>Simplicispira metamorpha</GBSeq_organism>
 <GBSeq_organism>Comamonas testosteroni</GBSeq_organism>
 <GBSeq_organism>Comamonas denitrificans</GBSeq_organism>
 <GBSeq_organism>Rhodoferax ferrireducens T118</GBSeq_organism>
 <GBSeq_organism>Simplicispira psychrophila</GBSeq_organism>
 <GBSeq_organism>Ramlibacter henchirensis</GBSeq_organism>
 <GBSeq_organism>Giesbergeria voronezhensis</GBSeq_organism>
 <GBSeq_organism>Giesbergeria kuznetsovii</GBSeq_organism>
 <GBSeq_organism>Hylemonella gracilis ATCC 19624</GBSeq_organism>
