 <GBSeq_organism>bacterium Ellin5021</GBSeq_organism>
 <GBSeq_organism>Holophaga foetida DSM 6591</GBSeq_organism>
 <GBSeq_organism>bacterium Ellin342</GBSeq_organism>
 <GBSeq_organism>Granulicella rosea</GBSeq_organism>
 <GBSeq_organism>Granulicella paludicola</GBSeq_organism>
 <GBSeq_organism>Granulicella pectinivorans</GBSeq_organism>
 <GBSeq_organism>Terriglobus sp. TAA 43</GBSeq_organism>
 <GBSeq_organism>Bryobacter aggregatus MPL3</GBSeq_organism>
 <GBSeq_organism>Terriglobus sp. TAA 48</GBSeq_organism>
 <GBSeq_organism>Acidobacteria bacterium KMR</GBSeq_organism>
 <GBSeq_organism>Geothrix fermentans</GBSeq_organism>
 <GBSeq_organism>Edaphobacter aggregans DSM 19364</GBSeq_organism>
 <GBSeq_organism>Bryobacter aggregatus</GBSeq_organism>
 <GBSeq_organism>Granulicella aggregans</GBSeq_organism>
 <GBSeq_organism>bacterium Ellin5056</GBSeq_organism>
 <GBSeq_organism>Bryobacter aggregatus</GBSeq_organism>
 <GBSeq_organism>bacterium Ellin371</GBSeq_organism>
 <GBSeq_organism>bacterium Ellin337</GBSeq_organism>
 <GBSeq_organism>Acidobacteriaceae bacterium TAA166</GBSeq_organism>
 <GBSeq_organism>bacterium Ellin351</GBSeq_organism>
 <GBSeq_organism>Acidobacteriaceae bacterium KBS89</GBSeq_organism>
 <GBSeq_organism>Granulicella paludicola</GBSeq_organism>
 <GBSeq_organism>bacterium Ellin6115</GBSeq_organism>
 <GBSeq_organism>Acidobacteria bacterium AL</GBSeq_organism>
 <GBSeq_organism>Homo sapiens</GBSeq_organism>
 <GBSeq_organism>Acidobacterium capsulatum</GBSeq_organism>
