 <GBSeq_organism>Corynebacterium pyruviciproducens ATCC BAA-1742</GBSeq_organism>
 <GBSeq_organism>Corynebacterium accolens</GBSeq_organism>
 <GBSeq_organism>Corynebacterium aurimucosum ATCC 700975</GBSeq_organism>
 <GBSeq_organism>Corynebacterium amycolatum</GBSeq_organism>
 <GBSeq_organism>Corynebacterium cystitidis</GBSeq_organism>
 <GBSeq_organism>Kineococcus radiotolerans SRS30216 = ATCC BAA-149</GBSeq_organism>
 <GBSeq_organism>Corynebacterium imitans</GBSeq_organism>
 <GBSeq_organism>Corynebacterium mastitidis</GBSeq_organism>
 <GBSeq_organism>Corynebacterium coyleae</GBSeq_organism>
 <GBSeq_organism>Corynebacterium freneyi</GBSeq_organism>
 <GBSeq_organism>Corynebacterium aurimucosum</GBSeq_organism>
 <GBSeq_organism>Corynebacterium glucuronolyticum</GBSeq_organism>
 <GBSeq_organism>Mycobacterium immunogenum</GBSeq_organism>
 <GBSeq_organism>Corynebacterium flavescens</GBSeq_organism>
 <GBSeq_organism>Corynebacterium vitaeruminis DSM 20294</GBSeq_organism>
 <GBSeq_organism>Mycobacterium elephantis</GBSeq_organism>
 <GBSeq_organism>Corynebacterium camporealensis</GBSeq_organism>
 <GBSeq_organism>Corynebacterium felinum</GBSeq_organism>
 <GBSeq_organism>Corynebacterium pyruviciproducens ATCC BAA-1742</GBSeq_organism>
 <GBSeq_organism>Mycobacterium chelonae</GBSeq_organism>
 <GBSeq_organism>Corynebacterium diphtheriae</GBSeq_organism>
 <GBSeq_organism>Corynebacterium xerosis</GBSeq_organism>
 <GBSeq_organism>Corynebacterium ureicelerivorans</GBSeq_organism>
 <GBSeq_organism>Corynebacterium pilosum</GBSeq_organism>
 <GBSeq_organism>Corynebacterium simulans</GBSeq_organism>
 <GBSeq_organism>Corynebacterium variabile</GBSeq_organism>
 <GBSeq_organism>Corynebacterium segmentosum</GBSeq_organism>
 <GBSeq_organism>Corynebacterium renale</GBSeq_organism>
 <GBSeq_organism>Corynebacterium macginleyi</GBSeq_organism>
 <GBSeq_organism>Corynebacterium sundsvallense</GBSeq_organism>
 <GBSeq_organism>Mycobacterium abscessus subsp. bolletii</GBSeq_organism>
 <GBSeq_organism>Corynebacterium capitovis</GBSeq_organism>
 <GBSeq_organism>Corynebacterium tuscaniense</GBSeq_organism>
 <GBSeq_organism>Corynebacterium singulare</GBSeq_organism>
 <GBSeq_organism>Corynebacterium mycetoides</GBSeq_organism>
 <GBSeq_organism>Corynebacterium glucuronolyticum</GBSeq_organism>
 <GBSeq_organism>Corynebacterium lipophiloflavum</GBSeq_organism>
 <GBSeq_organism>Corynebacterium minutissimum</GBSeq_organism>
 <GBSeq_organism>Mycobacterium phlei</GBSeq_organism>
 <GBSeq_organism>Corynebacterium spheniscorum</GBSeq_organism>
