 <GBSeq_organism>Deinococcus reticulitermitis</GBSeq_organism>
 <GBSeq_organism>Deinococcus xinjiangensis</GBSeq_organism>
 <GBSeq_organism>Deinococcus papagonensis</GBSeq_organism>
 <GBSeq_organism>Deinococcus geothermalis DSM 11300</GBSeq_organism>
 <GBSeq_organism>Deinococcus marmoris</GBSeq_organism>
 <GBSeq_organism>Deinococcus xibeiensis</GBSeq_organism>
 <GBSeq_organism>Deinococcus peraridilitoris DSM 19664</GBSeq_organism>
 <GBSeq_organism>Deinococcus hohokamensis</GBSeq_organism>
 <GBSeq_organism>Deinococcus aquiradiocola</GBSeq_organism>
 <GBSeq_organism>Deinococcus wulumuqiensis</GBSeq_organism>
 <GBSeq_organism>Deinococcus hopiensis KR-140</GBSeq_organism>
 <GBSeq_organism>Deinococcus apachensis</GBSeq_organism>
 <GBSeq_organism>Deinococcus maricopensis DSM 21211</GBSeq_organism>
 <GBSeq_organism>Deinococcus misasensis</GBSeq_organism>
 <GBSeq_organism>Deinococcus ficus</GBSeq_organism>
 <GBSeq_organism>Deinococcus navajonensis</GBSeq_organism>
 <GBSeq_organism>Deinococcus murrayi</GBSeq_organism>
 <GBSeq_organism>Deinococcus yavapaiensis KR-236</GBSeq_organism>
 <GBSeq_organism>Deinococcus gobiensis I-0</GBSeq_organism>
 <GBSeq_organism>Deinococcus frigens</GBSeq_organism>
 <GBSeq_organism>Deinococcus radiomollis</GBSeq_organism>
 <GBSeq_organism>Deinococcus sonorensis KR-87</GBSeq_organism>
 <GBSeq_organism>Deinococcus saxicola</GBSeq_organism>
 <GBSeq_organism>Deinococcus alpinitundrae</GBSeq_organism>
 <GBSeq_organism>Deinococcus pimensis</GBSeq_organism>
 <GBSeq_organism>Deinococcus deserti VCD115</GBSeq_organism>
 <GBSeq_organism>Deinococcus aerophilus</GBSeq_organism>
 <GBSeq_organism>Deinococcus aerolatus</GBSeq_organism>
 <GBSeq_organism>Deinococcus claudionis</GBSeq_organism>
 <GBSeq_organism>Deinococcus indicus</GBSeq_organism>
 <GBSeq_organism>Deinococcus radiodurans</GBSeq_organism>
 <GBSeq_organism>Deinococcus aquatilis</GBSeq_organism>
 <GBSeq_organism>Deinococcus altitudinis</GBSeq_organism>
 <GBSeq_organism>Deinococcus proteolyticus MRP</GBSeq_organism>
