 <GBSeq_organism>Methylomonas methanica</GBSeq_organism>
 <GBSeq_organism>Methylococcus capsulatus str. Bath</GBSeq_organism>
 <GBSeq_organism>Acidithiobacillus ferrooxidans</GBSeq_organism>
 <GBSeq_organism>Hydrogenovibrio marinus</GBSeq_organism>
 <GBSeq_organism>Beijerinckia mobilis</GBSeq_organism>
 <GBSeq_organism>Methylocystis parvus OBBP</GBSeq_organism>
 <GBSeq_organism>Thioalkalivibrio thiocyanoxidans</GBSeq_organism>
 <GBSeq_organism>Hyphomicrobium methylovorum</GBSeq_organism>
 <GBSeq_organism>Acidithiobacillus ferrooxidans</GBSeq_organism>
 <GBSeq_organism>Methylosinus sporium</GBSeq_organism>
 <GBSeq_organism>Methylocella palustris</GBSeq_organism>
 <GBSeq_organism>Methylopila capsulata</GBSeq_organism>
 <GBSeq_organism>Methylobacterium rhodinum</GBSeq_organism>
 <GBSeq_organism>Thioalkalivibrio nitratis</GBSeq_organism>
 <GBSeq_organism>Rhodobacter capsulatus</GBSeq_organism>
 <GBSeq_organism>Thioalkalivibrio versutus</GBSeq_organism>
 <GBSeq_organism>Methylonatrum kenyense</GBSeq_organism>
 <GBSeq_organism>Thioalkalispira microaerophila</GBSeq_organism>
 <GBSeq_organism>Ectothiorhodospira shaposhnikovii</GBSeq_organism>
 <GBSeq_organism>Methylophilus methylotrophus</GBSeq_organism>
 <GBSeq_organism>Methylocapsa acidiphila</GBSeq_organism>
 <GBSeq_organism>Hyphomicrobium vulgare</GBSeq_organism>
 <GBSeq_organism>Albibacter methylovorans</GBSeq_organism>
 <GBSeq_organism>Methylobacterium nodulans ORS 2060</GBSeq_organism>
 <GBSeq_organism>Methylococcus capsulatus str. Bath</GBSeq_organism>
 <GBSeq_organism>Methylohalomonas lacus</GBSeq_organism>
 <GBSeq_organism>Allochromatium vinosum DSM 180</GBSeq_organism>
 <GBSeq_organism>Thioalkalivibrio nitratireducens DSM 14787</GBSeq_organism>
 <GBSeq_organism>Methylovorus sp. SS1</GBSeq_organism>
 <GBSeq_organism>Methylobacillus glycogenes</GBSeq_organism>
 <GBSeq_organism>Thioalkalivibrio thiocyanodenitrificans ARhD 1</GBSeq_organism>
 <GBSeq_organism>Allochromatium vinosum</GBSeq_organism>
 <GBSeq_organism>Afipia felis</GBSeq_organism>
 <GBSeq_organism>Methylorhabdus multivorans</GBSeq_organism>
 <GBSeq_organism>Methylosulfonomonas methylovora</GBSeq_organism>
 <GBSeq_organism>Paracoccus kondratievae</GBSeq_organism>
 <GBSeq_organism>Thioalkalivibrio jannaschii</GBSeq_organism>
 <GBSeq_organism>Lactobacillus reuteri</GBSeq_organism>
 <GBSeq_organism>Alkalilimnicola halodurans</GBSeq_organism>
 <GBSeq_organism>Hydrogenovibrio marinus</GBSeq_organism>
 <GBSeq_organism>Methylomicrobium album BG8</GBSeq_organism>
 <GBSeq_organism>Methylocystis echinoides</GBSeq_organism>
 <GBSeq_organism>Methylosinus trichosporium OB3b</GBSeq_organism>
