 <GBSeq_organism>Lactobacillus buchneri</GBSeq_organism>
 <GBSeq_organism>Lactobacillus mali KCTC 3596 = DSM 20444</GBSeq_organism>
 <GBSeq_organism>Pediococcus acidilactici DSM 20284</GBSeq_organism>
 <GBSeq_organism>Lactobacillus sakei</GBSeq_organism>
 <GBSeq_organism>Pediococcus parvulus</GBSeq_organism>
 <GBSeq_organism>Lactobacillus kefiri</GBSeq_organism>
 <GBSeq_organism>Lactobacillus sp. L23</GBSeq_organism>
 <GBSeq_organism>Lactobacillus fermentum</GBSeq_organism>
 <GBSeq_organism>Pediococcus stilesii</GBSeq_organism>
 <GBSeq_organism>Lactobacillus delbrueckii</GBSeq_organism>
 <GBSeq_organism>Lactobacillus concavus</GBSeq_organism>
 <GBSeq_organism>Pediococcus inopinatus</GBSeq_organism>
 <GBSeq_organism>Lactobacillus acidophilus</GBSeq_organism>
 <GBSeq_organism>Lactobacillus salivarius</GBSeq_organism>
 <GBSeq_organism>Lactobacillus curvatus</GBSeq_organism>
 <GBSeq_organism>Lactobacillus harbinensis</GBSeq_organism>
 <GBSeq_organism>Lactobacillus plantarum</GBSeq_organism>
 <GBSeq_organism>Lactobacillus perolens</GBSeq_organism>
 <GBSeq_organism>Lactobacillus casei</GBSeq_organism>
 <GBSeq_organism>Lactobacillus reuteri</GBSeq_organism>
 <GBSeq_organism>Pediococcus damnosus</GBSeq_organism>
 <GBSeq_organism>Oenococcus oeni</GBSeq_organism>
 <GBSeq_organism>Lactobacillus selangorensis</GBSeq_organism>
 <GBSeq_organism>Weissella viridescens</GBSeq_organism>
 <GBSeq_organism>Lactobacillus dextrinicus</GBSeq_organism>
 <GBSeq_organism>Pediococcus ethanolidurans</GBSeq_organism>
 <GBSeq_organism>Lactococcus lactis subsp. cremoris</GBSeq_organism>
 <GBSeq_organism>Pediococcus claussenii</GBSeq_organism>
 <GBSeq_organism>Pediococcus pentosaceus</GBSeq_organism>
 <GBSeq_organism>Pediococcus cellicola</GBSeq_organism>
