 <GBSeq_organism>Pseudomonas plecoglossicida</GBSeq_organism>
 <GBSeq_organism>Pseudomonas moorei</GBSeq_organism>
 <GBSeq_organism>Pseudomonas stutzeri</GBSeq_organism>
 <GBSeq_organism>Pseudomonas graminis</GBSeq_organism>
 <GBSeq_organism>Pseudomonas duriflava</GBSeq_organism>
 <GBSeq_organism>Pseudomonas pohangensis</GBSeq_organism>
 <GBSeq_organism>Pseudomonas koreensis</GBSeq_organism>
 <GBSeq_organism>Pseudomonas pseudoalcaligenes</GBSeq_organism>
 <GBSeq_organism>Pseudomonas agarici</GBSeq_organism>
 <GBSeq_organism>Pseudomonas luteola</GBSeq_organism>
 <GBSeq_organism>Pseudomonas jinjuensis</GBSeq_organism>
 <GBSeq_organism>Pseudomonas delhiensis</GBSeq_organism>
 <GBSeq_organism>Pseudomonas pavonaceae</GBSeq_organism>
 <GBSeq_organism>Pseudomonas knackmussii B13</GBSeq_organism>
 <GBSeq_organism>Pseudomonas oleovorans</GBSeq_organism>
 <GBSeq_organism>Pseudomonas parafulva</GBSeq_organism>
 <GBSeq_organism>Pseudomonas alcaliphila</GBSeq_organism>
 <GBSeq_organism>Pseudomonas alcaligenes</GBSeq_organism>
 <GBSeq_organism>Pseudomonas umsongensis</GBSeq_organism>
 <GBSeq_organism>Pseudomonas flavescens</GBSeq_organism>
 <GBSeq_organism>Pseudomonas oryzihabitans</GBSeq_organism>
 <GBSeq_organism>Pseudomonas fulva</GBSeq_organism>
 <GBSeq_organism>Pseudomonas putida</GBSeq_organism>
 <GBSeq_organism>Pseudomonas nitroreducens</GBSeq_organism>
 <GBSeq_organism>Pseudomonas straminea</GBSeq_organism>
 <GBSeq_organism>Pseudomonas peli</GBSeq_organism>
 <GBSeq_organism>Pseudomonas cremoricolorata</GBSeq_organism>
 <GBSeq_organism>Pseudomonas andersonii</GBSeq_organism>
