 <GBSeq_organism>Caulobacter vibrioides</GBSeq_organism>
 <GBSeq_organism>Methylorhabdus multivorans</GBSeq_organism>
 <GBSeq_organism>Brucella melitensis</GBSeq_organism>
 <GBSeq_organism>Sphingomonas paucimobilis</GBSeq_organism>
 <GBSeq_organism>Acetobacter aceti NBRC 14818</GBSeq_organism>
 <GBSeq_organism>Bradyrhizobium japonicum</GBSeq_organism>
 <GBSeq_organism>Ancylobacter aquaticus</GBSeq_organism>
 <GBSeq_organism>Agrobacterium tumefaciens</GBSeq_organism>
 <GBSeq_organism>Mesorhizobium loti ATCC 33669</GBSeq_organism>
 <GBSeq_organism>Labrys monachus</GBSeq_organism>
 <GBSeq_organism>Ehrlichia canis</GBSeq_organism>
 <GBSeq_organism>Rickettsia prowazekii</GBSeq_organism>
 <GBSeq_organism>Rhodospirillum rubrum ATCC 11170</GBSeq_organism>
 <GBSeq_organism>Methylocystis parvus OBBP</GBSeq_organism>
 <GBSeq_organism>Beijerinckia indica</GBSeq_organism>
 <GBSeq_organism>Methylobacterium organophilum</GBSeq_organism>
 <GBSeq_organism>Angulomicrobium tetraedrale</GBSeq_organism>
 <GBSeq_organism>Stella vacuolata</GBSeq_organism>
 <GBSeq_organism>Mesorhizobium tianshanense</GBSeq_organism>
 <GBSeq_organism>Angulomicrobium amanitiforme</GBSeq_organism>
 <GBSeq_organism>Rhizobiales bacterium VKM-B1336</GBSeq_organism>
 <GBSeq_organism>Rhodobium orientis</GBSeq_organism>
 <GBSeq_organism>Labrys methylaminiphilus JLW10</GBSeq_organism>
 <GBSeq_organism>Stella humosa</GBSeq_organism>
 <GBSeq_organism>Hyphomicrobium vulgare</GBSeq_organism>
 <GBSeq_organism>Phyllobacterium myrsinacearum</GBSeq_organism>
 <GBSeq_organism>Bartonella bacilliformis</GBSeq_organism>
