 <GBSeq_organism>Bacillus vireti LMG 21834</GBSeq_organism>
 <GBSeq_organism>Bacillus benzoevorans</GBSeq_organism>
 <GBSeq_organism>Bacillus soli</GBSeq_organism>
 <GBSeq_organism>Bacillus novalis</GBSeq_organism>
 <GBSeq_organism>Bacillus lentus</GBSeq_organism>
 <GBSeq_organism>Bacillus drentensis</GBSeq_organism>
 <GBSeq_organism>Bacillus novalis</GBSeq_organism>
 <GBSeq_organism>Bacillus firmus</GBSeq_organism>
 <GBSeq_organism>Paenibacillus polymyxa</GBSeq_organism>
 <GBSeq_organism>Bacillus badius</GBSeq_organism>
 <GBSeq_organism>Bacillus methanolicus</GBSeq_organism>
 <GBSeq_organism>Bacillus novalis</GBSeq_organism>
 <GBSeq_organism>Bacillus soli</GBSeq_organism>
 <GBSeq_organism>Bacillus bataviensis</GBSeq_organism>
 <GBSeq_organism>Bacillus jeotgali</GBSeq_organism>
 <GBSeq_organism>Bacillus drentensis</GBSeq_organism>
 <GBSeq_organism>Bacillus soli</GBSeq_organism>
 <GBSeq_organism>Bacillus bataviensis LMG 21833</GBSeq_organism>
 <GBSeq_organism>Bacillus subtilis</GBSeq_organism>
 <GBSeq_organism>Bacillus fumarioli</GBSeq_organism>
