 <GBSeq_organism>Streptomyces clavifer</GBSeq_organism>
 <GBSeq_organism>Streptomyces griseus subsp. griseus</GBSeq_organism>
 <GBSeq_organism>Streptomyces mauvecolor</GBSeq_organism>
 <GBSeq_organism>Streptomyces olivoviridis</GBSeq_organism>
 <GBSeq_organism>Streptomyces flavogriseus</GBSeq_organism>
 <GBSeq_organism>Streptomyces alboviridis</GBSeq_organism>
 <GBSeq_organism>Streptomyces fulvorobeus</GBSeq_organism>
 <GBSeq_organism>Streptomyces celluloflavus</GBSeq_organism>
 <GBSeq_organism>Streptomyces microflavus</GBSeq_organism>
 <GBSeq_organism>Streptomyces chryseus</GBSeq_organism>
 <GBSeq_organism>Streptomyces cremeus</GBSeq_organism>
 <GBSeq_organism>Streptomyces atroolivaceus</GBSeq_organism>
 <GBSeq_organism>Streptomyces erumpens</GBSeq_organism>
 <GBSeq_organism>Streptomyces cavourensis subsp. cavourensis</GBSeq_organism>
 <GBSeq_organism>Streptomyces helvaticus</GBSeq_organism>
 <GBSeq_organism>Streptomyces flavovirens</GBSeq_organism>
 <GBSeq_organism>Streptomyces finlayi</GBSeq_organism>
 <GBSeq_organism>Streptomyces griseus</GBSeq_organism>
 <GBSeq_organism>Streptomyces nitrosporeus</GBSeq_organism>
 <GBSeq_organism>Streptomyces globosus</GBSeq_organism>
 <GBSeq_organism>Streptomyces griseorubiginosus</GBSeq_organism>
