 <GBSeq_organism>Acidovorax avenae subsp. avenae</GBSeq_organism>
 <GBSeq_organism>Acidovorax sp. JS42</GBSeq_organism>
 <GBSeq_organism>uncultured Acidovorax sp.</GBSeq_organism>
 <GBSeq_organism>Rhodoferax antarcticus</GBSeq_organism>
 <GBSeq_organism>Acidovorax sp. 7078</GBSeq_organism>
 <GBSeq_organism>Acidovorax anthurii</GBSeq_organism>
 <GBSeq_organism>Acidovorax cattleyae</GBSeq_organism>
 <GBSeq_organism>Acidovorax defluvii</GBSeq_organism>
 <GBSeq_organism>Acidovorax delafieldii</GBSeq_organism>
 <GBSeq_organism>Acidovorax citrulli</GBSeq_organism>
 <GBSeq_organism>Rhodoferax fermentans</GBSeq_organism>
 <GBSeq_organism>Acidovorax sp. G7A1</GBSeq_organism>
 <GBSeq_organism>Acidovorax anthurii</GBSeq_organism>
 <GBSeq_organism>Acidovorax valerianellae</GBSeq_organism>
 <GBSeq_organism>Acidovorax temperans</GBSeq_organism>
 <GBSeq_organism>Acidovorax konjaci</GBSeq_organism>
 <GBSeq_organism>Acidovorax citrulli AAC00-1</GBSeq_organism>
 <GBSeq_organism>Acidovorax konjaci</GBSeq_organism>
 <GBSeq_organism>uncultured Acidovorax sp.</GBSeq_organism>
 <GBSeq_organism>Variovorax paradoxus</GBSeq_organism>
 <GBSeq_organism>Acidovorax facilis</GBSeq_organism>
 <GBSeq_organism>Acidovorax defluvii</GBSeq_organism>
 <GBSeq_organism>uncultured Acidovorax sp.</GBSeq_organism>
 <GBSeq_organism>Acidovorax avenae subsp. avenae</GBSeq_organism>
 <GBSeq_organism>Verminephrobacter sp. LT04-1</GBSeq_organism>
 <GBSeq_organism>uncultured Acidovorax sp.</GBSeq_organism>
 <GBSeq_organism>Polaromonas naphthalenivorans CJ2</GBSeq_organism>
 <GBSeq_organism>Rhodoferax ferrireducens T118</GBSeq_organism>
 <GBSeq_organism>Acidovorax cattleyae</GBSeq_organism>
 <GBSeq_organism>Acidovorax facilis</GBSeq_organism>
 <GBSeq_organism>Acidovorax delafieldii</GBSeq_organism>
 <GBSeq_organism>Acidovorax temperans</GBSeq_organism>
 <GBSeq_organism>uncultured Acidovorax sp.</GBSeq_organism>
 <GBSeq_organism>uncultured Acidovorax sp.</GBSeq_organism>
 <GBSeq_organism>Verminephrobacter sp. LT02-1</GBSeq_organism>
 <GBSeq_organism>Delftia acidovorans</GBSeq_organism>
 <GBSeq_organism>Acidovorax sp. &apos;smarlab 133815&apos;</GBSeq_organism>
 <GBSeq_organism>Bordetella bronchiseptica RB50</GBSeq_organism>
 <GBSeq_organism>uncultured Acidovorax sp.</GBSeq_organism>
