 <GBSeq_organism>Ruminococcus albus</GBSeq_organism>
 <GBSeq_organism>Blautia coccoides</GBSeq_organism>
 <GBSeq_organism>[Clostridium] sporosphaeroides</GBSeq_organism>
 <GBSeq_organism>[Clostridium] methylpentosum DSM 5476</GBSeq_organism>
 <GBSeq_organism>Ruminococcus bromii</GBSeq_organism>
 <GBSeq_organism>Blautia hydrogenotrophica</GBSeq_organism>
 <GBSeq_organism>Ruminococcus torques ATCC 27756</GBSeq_organism>
 <GBSeq_organism>Blautia wexlerae DSM 19850</GBSeq_organism>
 <GBSeq_organism>Anaerostipes caccae</GBSeq_organism>
 <GBSeq_organism>Butyrivibrio fibrisolvens</GBSeq_organism>
 <GBSeq_organism>Catonella morbi ATCC 51271</GBSeq_organism>
 <GBSeq_organism>Eubacterium desmolans</GBSeq_organism>
 <GBSeq_organism>Subdoligranulum variabile</GBSeq_organism>
 <GBSeq_organism>Ruminococcus gnavus ATCC 29149</GBSeq_organism>
 <GBSeq_organism>Dorea longicatena</GBSeq_organism>
 <GBSeq_organism>Ruminococcus flavefaciens</GBSeq_organism>
 <GBSeq_organism>Ruminococcus callidus</GBSeq_organism>
 <GBSeq_organism>Johnsonella ignava ATCC 51276</GBSeq_organism>
 <GBSeq_organism>[Eubacterium] siraeum</GBSeq_organism>
 <GBSeq_organism>Coprococcus catus</GBSeq_organism>
 <GBSeq_organism>Marvinbryantia formatexigens DSM 14469</GBSeq_organism>
 <GBSeq_organism>Anaerofilum pentosovorans</GBSeq_organism>
 <GBSeq_organism>[Clostridium] leptum DSM 753</GBSeq_organism>
 <GBSeq_organism>Flavonifractor plautii DSM 6740</GBSeq_organism>
 <GBSeq_organism>Blautia schinkii</GBSeq_organism>
 <GBSeq_organism>Ruminococcus gauvreauii</GBSeq_organism>
 <GBSeq_organism>[Clostridium] viride</GBSeq_organism>
 <GBSeq_organism>Ruminococcus lactaris ATCC 29176</GBSeq_organism>
 <GBSeq_organism>Blautia producta ATCC 27340 = DSM 2950</GBSeq_organism>
 <GBSeq_organism>Lachnobacterium bovis</GBSeq_organism>
 <GBSeq_organism>Faecalibacterium prausnitzii</GBSeq_organism>
 <GBSeq_organism>[Eubacterium] contortum</GBSeq_organism>
