 <GBSeq_organism>uncultured soil bacterium</GBSeq_organism>
 <GBSeq_organism>Actinomycetales</GBSeq_organism>
 <GBSeq_organism>uncultured soil bacterium</GBSeq_organism>
 <GBSeq_organism>Rubrobacter xylanophilus</GBSeq_organism>
 <GBSeq_organism>Actinomycetales</GBSeq_organism>
 <GBSeq_organism>uncultured bacterium #0319-2F3</GBSeq_organism>
 <GBSeq_organism>uncultured Actinomycetales bacterium</GBSeq_organism>
 <GBSeq_organism>Actinomycetales</GBSeq_organism>
 <GBSeq_organism>uncultured bacterium #0319-7H2</GBSeq_organism>
 <GBSeq_organism>uncultured bacterium #0649-1G9</GBSeq_organism>
 <GBSeq_organism>uncultured bacterium #0319-6M6</GBSeq_organism>
 <GBSeq_organism>Acidothermus cellulolyticus 11B</GBSeq_organism>
 <GBSeq_organism>uncultured bacterium #0319-6O5</GBSeq_organism>
 <GBSeq_organism>Actinomycetales</GBSeq_organism>
 <GBSeq_organism>uncultured bacterium #0319-2J16</GBSeq_organism>
 <GBSeq_organism>grassland soil clone saf1_124</GBSeq_organism>
 <GBSeq_organism>uncultured thermal soil bacterium</GBSeq_organism>
 <GBSeq_organism>grassland soil clone sl1_112</GBSeq_organism>
 <GBSeq_organism>Solirubrobacter pauli</GBSeq_organism>
 <GBSeq_organism>Rubrobacter radiotolerans</GBSeq_organism>
 <GBSeq_organism>Actinomycetales</GBSeq_organism>
 <GBSeq_organism>uncultured Actinomycetales bacterium</GBSeq_organism>
 <GBSeq_organism>uncultured bacterium</GBSeq_organism>
 <GBSeq_organism>uncultured Actinomycetales bacterium</GBSeq_organism>
 <GBSeq_organism>grassland soil clone sl1_108</GBSeq_organism>
 <GBSeq_organism>uncultured bacterium #0319-7D8</GBSeq_organism>
 <GBSeq_organism>uncultured thermal soil bacterium</GBSeq_organism>
