 <GBSeq_organism>Streptomyces bikiniensis</GBSeq_organism>
 <GBSeq_organism>Streptomyces collinus</GBSeq_organism>
 <GBSeq_organism>Streptomyces lincolnensis</GBSeq_organism>
 <GBSeq_organism>Streptomyces abikoensis</GBSeq_organism>
 <GBSeq_organism>Streptomyces vinaceus</GBSeq_organism>
 <GBSeq_organism>Streptomyces fradiae</GBSeq_organism>
 <GBSeq_organism>Xenopus laevis</GBSeq_organism>
 <GBSeq_organism>Streptomyces griseoviridis</GBSeq_organism>
 <GBSeq_organism>Legionella pneumophila</GBSeq_organism>
 <GBSeq_organism>Kitasatospora azatica</GBSeq_organism>
 <GBSeq_organism>Streptomyces griseolus</GBSeq_organism>
 <GBSeq_organism>Streptomyces argenteolus</GBSeq_organism>
 <GBSeq_organism>Streptomyces galilaeus</GBSeq_organism>
 <GBSeq_organism>Streptomyces griseus</GBSeq_organism>
 <GBSeq_organism>Streptomyces bambergiensis</GBSeq_organism>
 <GBSeq_organism>Streptomyces phaeochromogenes</GBSeq_organism>
 <GBSeq_organism>Kitasatospora griseola</GBSeq_organism>
 <GBSeq_organism>Streptomyces cyaneus</GBSeq_organism>
 <GBSeq_organism>Streptomyces coeruleorubidus</GBSeq_organism>
 <GBSeq_organism>Streptomyces alboniger</GBSeq_organism>
 <GBSeq_organism>Streptomyces coelicolor</GBSeq_organism>
 <GBSeq_organism>Streptomyces albolongus</GBSeq_organism>
 <GBSeq_organism>Streptomyces griseus</GBSeq_organism>
 <GBSeq_organism>Legionella pneumophila</GBSeq_organism>
 <GBSeq_organism>Streptomyces violascens</GBSeq_organism>
 <GBSeq_organism>Streptomyces catenulae</GBSeq_organism>
 <GBSeq_organism>Streptomyces antibioticus</GBSeq_organism>
 <GBSeq_organism>Streptomyces tubercidicus</GBSeq_organism>
 <GBSeq_organism>Streptomyces griseochromogenes</GBSeq_organism>
 <GBSeq_organism>Streptomyces achromogenes</GBSeq_organism>
 <GBSeq_organism>Streptomyces xanthophaeus</GBSeq_organism>
 <GBSeq_organism>Streptomyces alboflavus</GBSeq_organism>
 <GBSeq_organism>Streptomyces olivaceoviridis</GBSeq_organism>
 <GBSeq_organism>Streptomyces hiroshimensis</GBSeq_organism>
 <GBSeq_organism>Streptomyces globisporus</GBSeq_organism>
 <GBSeq_organism>Streptomyces albus subsp. albus</GBSeq_organism>
 <GBSeq_organism>Kitasatospora cheerisanensis</GBSeq_organism>
 <GBSeq_organism>Streptomyces limosus</GBSeq_organism>
 <GBSeq_organism>Streptomyces rameus</GBSeq_organism>
 <GBSeq_organism>Streptomyces chattanoogensis</GBSeq_organism>
 <GBSeq_organism>Micromonospora echinospora</GBSeq_organism>
 <GBSeq_organism>Streptomyces lilacinus</GBSeq_organism>
 <GBSeq_organism>Streptomyces spectabilis</GBSeq_organism>
 <GBSeq_organism>Streptomyces virginiae</GBSeq_organism>
 <GBSeq_organism>Streptomyces corchorusii</GBSeq_organism>
 <GBSeq_organism>Kitasatospora setae KM-6054</GBSeq_organism>
 <GBSeq_organism>Streptomyces cirratus</GBSeq_organism>
 <GBSeq_organism>Kitasatospora phosalacinea</GBSeq_organism>
 <GBSeq_organism>Streptomyces purpureus</GBSeq_organism>
 <GBSeq_organism>Streptomyces cinereoruber</GBSeq_organism>
 <GBSeq_organism>Streptomyces nodosus</GBSeq_organism>
 <GBSeq_organism>Streptomyces albulus</GBSeq_organism>
 <GBSeq_organism>Streptomyces albireticuli</GBSeq_organism>
 <GBSeq_organism>Streptomyces hachijoensis</GBSeq_organism>
 <GBSeq_organism>Streptomyces somaliensis DSM 40738</GBSeq_organism>
 <GBSeq_organism>Streptomyces avidinii</GBSeq_organism>
 <GBSeq_organism>Streptomyces netropsis</GBSeq_organism>
 <GBSeq_organism>Streptomyces sioyaensis</GBSeq_organism>
 <GBSeq_organism>Streptomyces ehimensis</GBSeq_organism>
 <GBSeq_organism>Streptomyces alboviridis</GBSeq_organism>
