 <GBSeq_organism>Loktanella salsilacus</GBSeq_organism>
 <GBSeq_organism>Roseobacter denitrificans OCh 114</GBSeq_organism>
 <GBSeq_organism>Jannaschia seosinensis</GBSeq_organism>
 <GBSeq_organism>Hyphomonas polymorpha</GBSeq_organism>
 <GBSeq_organism>Thalassobacter stenotrophicus</GBSeq_organism>
 <GBSeq_organism>Thalassobius aestuarii</GBSeq_organism>
 <GBSeq_organism>Pseudoruegeria aquimaris</GBSeq_organism>
 <GBSeq_organism>Leisingera methylohalidivorans DSM 14336</GBSeq_organism>
 <GBSeq_organism>Yangia pacifica</GBSeq_organism>
 <GBSeq_organism>Silicibacter lacuscaerulensis ITI-1157</GBSeq_organism>
 <GBSeq_organism>Oceanibulbus indolifex HEL-45</GBSeq_organism>
 <GBSeq_organism>Roseovarius crassostreae</GBSeq_organism>
 <GBSeq_organism>Roseovarius nubinhibens ISM</GBSeq_organism>
 <GBSeq_organism>Citreicella thiooxidans</GBSeq_organism>
 <GBSeq_organism>Sagittula stellata</GBSeq_organism>
 <GBSeq_organism>Marinovum algicola</GBSeq_organism>
 <GBSeq_organism>Pelagibaca bermudensis HTCC2601</GBSeq_organism>
 <GBSeq_organism>Ketogulonicigenium robustum</GBSeq_organism>
 <GBSeq_organism>Oceanicola batsensis</GBSeq_organism>
 <GBSeq_organism>Ruegeria mobilis</GBSeq_organism>
 <GBSeq_organism>Roseisalinus antarcticus</GBSeq_organism>
 <GBSeq_organism>Ruegeria atlantica</GBSeq_organism>
 <GBSeq_organism>Ruegeria pomeroyi</GBSeq_organism>
 <GBSeq_organism>Sulfitobacter dubius</GBSeq_organism>
 <GBSeq_organism>Tropicibacter naphthalenivorans</GBSeq_organism>
 <GBSeq_organism>Salipiger mucosus DSM 16094</GBSeq_organism>
