 <GBSeq_organism>Caloramator fervidus</GBSeq_organism>
 <GBSeq_organism>Clostridium butyricum</GBSeq_organism>
 <GBSeq_organism>Acetanaerobacterium elongatum</GBSeq_organism>
 <GBSeq_organism>Anaerofilum agile</GBSeq_organism>
 <GBSeq_organism>Natronincola histidinovorans</GBSeq_organism>
 <GBSeq_organism>Tindallia magadiensis</GBSeq_organism>
 <GBSeq_organism>[Clostridium] methylpentosum DSM 5476</GBSeq_organism>
 <GBSeq_organism>Anaerotruncus colihominis DSM 17241</GBSeq_organism>
 <GBSeq_organism>Acetanaerobacterium elongatum</GBSeq_organism>
 <GBSeq_organism>Thermobrachium celere DSM 8682</GBSeq_organism>
 <GBSeq_organism>Ruminococcus albus 7 = DSM 20455</GBSeq_organism>
 <GBSeq_organism>[Clostridium] cellulosi</GBSeq_organism>
 <GBSeq_organism>Bacillus subtilis</GBSeq_organism>
 <GBSeq_organism>[Clostridium] aldrichii</GBSeq_organism>
 <GBSeq_organism>[Clostridium] leptum</GBSeq_organism>
 <GBSeq_organism>Ruminococcus flavefaciens</GBSeq_organism>
 <GBSeq_organism>Anaerobacter polyendosporus</GBSeq_organism>
 <GBSeq_organism>[Clostridium] sporosphaeroides</GBSeq_organism>
 <GBSeq_organism>Acetivibrio cellulolyticus</GBSeq_organism>
 <GBSeq_organism>[Clostridium] cellobioparum DSM 1351 = ATCC 15832</GBSeq_organism>
 <GBSeq_organism>[Eubacterium] siraeum</GBSeq_organism>
 <GBSeq_organism>Anaerofilum pentosovorans</GBSeq_organism>
 <GBSeq_organism>Sarcina ventriculi</GBSeq_organism>
 <GBSeq_organism>Ruminococcus callidus</GBSeq_organism>
 <GBSeq_organism>Faecalibacterium prausnitzii</GBSeq_organism>
