 <GBSeq_organism>Cryptococcus cylindricus</GBSeq_organism>
 <GBSeq_organism>Cryptococcus aciditolerans</GBSeq_organism>
 <GBSeq_organism>Cryptococcus albidus</GBSeq_organism>
 <GBSeq_organism>Filobasidium globisporum</GBSeq_organism>
 <GBSeq_organism>Cryptococcus aerius</GBSeq_organism>
 <GBSeq_organism>Trichosporon moniliiforme</GBSeq_organism>
 <GBSeq_organism>Trichosporon cutaneum</GBSeq_organism>
 <GBSeq_organism>Cryptococcus antarcticus</GBSeq_organism>
 <GBSeq_organism>Cryptococcus albidosimilis</GBSeq_organism>
 <GBSeq_organism>Cryptococcus liquefaciens</GBSeq_organism>
 <GBSeq_organism>Cryptococcus vishniacii</GBSeq_organism>
 <GBSeq_organism>Cryptococcus fuscescens</GBSeq_organism>
 <GBSeq_organism>Cryptococcus bhutanensis</GBSeq_organism>
 <GBSeq_organism>Trichosporon jirovecii</GBSeq_organism>
 <GBSeq_organism>Cryptococcus chernovii</GBSeq_organism>
 <GBSeq_organism>Cryptococcus ibericus</GBSeq_organism>
 <GBSeq_organism>Eulaema meriana</GBSeq_organism>
 <GBSeq_organism>Cryptococcus wieringae</GBSeq_organism>
 <GBSeq_organism>Cryptococcus terricola</GBSeq_organism>
 <GBSeq_organism>Cryptococcus gilvescens</GBSeq_organism>
 <GBSeq_organism>Cryptococcus magnus</GBSeq_organism>
 <GBSeq_organism>Cryptococcus saitoi</GBSeq_organism>
 <GBSeq_organism>Cryptococcus metallitolerans</GBSeq_organism>
 <GBSeq_organism>Cryptococcus silvicola</GBSeq_organism>
 <GBSeq_organism>Cryptococcus gastricus</GBSeq_organism>
 <GBSeq_organism>Cryptococcus uzbekistanensis</GBSeq_organism>
 <GBSeq_organism>Filobasidium capsuligenum</GBSeq_organism>
 <GBSeq_organism>Cryptococcus phenolicus</GBSeq_organism>
