 <GBSeq_organism>Streptomyces mobaraensis</GBSeq_organism>
 <GBSeq_organism>Streptomyces bikiniensis</GBSeq_organism>
 <GBSeq_organism>Streptomyces lavendulae</GBSeq_organism>
 <GBSeq_organism>Streptomyces niveus</GBSeq_organism>
 <GBSeq_organism>Streptomyces pseudovenezuelae</GBSeq_organism>
 <GBSeq_organism>Streptomyces griseus subsp. griseus</GBSeq_organism>
 <GBSeq_organism>Streptomyces bobili</GBSeq_organism>
 <GBSeq_organism>Streptomyces purpureus</GBSeq_organism>
 <GBSeq_organism>Streptomyces galilaeus</GBSeq_organism>
 <GBSeq_organism>Streptomyces peucetius</GBSeq_organism>
 <GBSeq_organism>Streptomyces sp.</GBSeq_organism>
 <GBSeq_organism>Streptomyces clavuligerus ATCC 27064</GBSeq_organism>
 <GBSeq_organism>Streptomyces coelicolor</GBSeq_organism>
 <GBSeq_organism>Streptomyces phaeogriseichromatogenes</GBSeq_organism>
 <GBSeq_organism>Streptomyces subrutilus</GBSeq_organism>
 <GBSeq_organism>Streptomyces caviscabies</GBSeq_organism>
 <GBSeq_organism>Streptomyces venezuelae</GBSeq_organism>
 <GBSeq_organism>Streptomyces sp.</GBSeq_organism>
 <GBSeq_organism>Streptomyces griseus</GBSeq_organism>
 <GBSeq_organism>Streptomyces virginiae</GBSeq_organism>
 <GBSeq_organism>Streptomyces longisporus</GBSeq_organism>
 <GBSeq_organism>Streptomyces chartreusis</GBSeq_organism>
 <GBSeq_organism>Streptomyces argenteolus</GBSeq_organism>
 <GBSeq_organism>Streptomyces echinatus</GBSeq_organism>
 <GBSeq_organism>Streptomyces lavendulae</GBSeq_organism>
 <GBSeq_organism>Streptomyces lanatus</GBSeq_organism>
 <GBSeq_organism>Streptomyces ornatus</GBSeq_organism>
 <GBSeq_organism>Streptomyces yanii</GBSeq_organism>
