 <GBSeq_organism>Burkholderia pseudomallei (Ara+ biotype)</GBSeq_organism>
 <GBSeq_organism>Burkholderia mallei</GBSeq_organism>
 <GBSeq_organism>Burkholderia phenazinium</GBSeq_organism>
 <GBSeq_organism>Burkholderia tuberum STM678</GBSeq_organism>
 <GBSeq_organism>Burkholderia xenovorans LB400</GBSeq_organism>
 <GBSeq_organism>Burkholderia andropogonis</GBSeq_organism>
 <GBSeq_organism>Cupriavidus necator</GBSeq_organism>
 <GBSeq_organism>Burkholderia stabilis</GBSeq_organism>
 <GBSeq_organism>Burkholderia ferrariae</GBSeq_organism>
 <GBSeq_organism>Burkholderia gladioli</GBSeq_organism>
 <GBSeq_organism>Burkholderia phytofirmans PsJN</GBSeq_organism>
 <GBSeq_organism>Burkholderia phymatum STM815</GBSeq_organism>
 <GBSeq_organism>Burkholderia caledonica</GBSeq_organism>
 <GBSeq_organism>Burkholderia anthina</GBSeq_organism>
 <GBSeq_organism>Burkholderia caribensis</GBSeq_organism>
 <GBSeq_organism>Cupriavidus metallidurans CH34</GBSeq_organism>
 <GBSeq_organism>Burkholderia glathei</GBSeq_organism>
 <GBSeq_organism>Burkholderia thailandensis E264</GBSeq_organism>
 <GBSeq_organism>Burkholderia terrae</GBSeq_organism>
 <GBSeq_organism>Pandoraea sputorum</GBSeq_organism>
 <GBSeq_organism>Ralstonia pickettii</GBSeq_organism>
 <GBSeq_organism>Burkholderia cenocepacia</GBSeq_organism>
 <GBSeq_organism>Burkholderia sordidicola</GBSeq_organism>
 <GBSeq_organism>Pandoraea apista</GBSeq_organism>
 <GBSeq_organism>Ralstonia solanacearum</GBSeq_organism>
 <GBSeq_organism>Burkholderia fungorum</GBSeq_organism>
 <GBSeq_organism>Pandoraea norimbergensis</GBSeq_organism>
 <GBSeq_organism>Burkholderia terricola</GBSeq_organism>
 <GBSeq_organism>Burkholderia rhizoxinica HKI 454</GBSeq_organism>
 <GBSeq_organism>Burkholderia glumae LMG 2196</GBSeq_organism>
 <GBSeq_organism>Burkholderia plantarii</GBSeq_organism>
 <GBSeq_organism>Burkholderia silvatlantica SRMrh-20</GBSeq_organism>
 <GBSeq_organism>Burkholderia graminis C4D1M</GBSeq_organism>
 <GBSeq_organism>Burkholderia tropica</GBSeq_organism>
 <GBSeq_organism>Burkholderia phenoliruptrix</GBSeq_organism>
 <GBSeq_organism>Burkholderia unamae MTI-641</GBSeq_organism>
 <GBSeq_organism>Burkholderia endofungorum</GBSeq_organism>
 <GBSeq_organism>Burkholderia pyrrocinia</GBSeq_organism>
 <GBSeq_organism>Burkholderia cepacia ATCC 25416</GBSeq_organism>
 <GBSeq_organism>Burkholderia vietnamiensis</GBSeq_organism>
 <GBSeq_organism>Burkholderia multivorans ATCC BAA-247</GBSeq_organism>
 <GBSeq_organism>Burkholderia sacchari</GBSeq_organism>
