 <GBSeq_organism>Metschnikowia reukaufii</GBSeq_organism>
 <GBSeq_organism>Metschnikowia lunata</GBSeq_organism>
 <GBSeq_organism>Clavispora lusitaniae</GBSeq_organism>
 <GBSeq_organism>Metschnikowia bicuspidata</GBSeq_organism>
 <GBSeq_organism>Metschnikowia bicuspidata var. chathamia</GBSeq_organism>
 <GBSeq_organism>Metschnikowia australis</GBSeq_organism>
 <GBSeq_organism>Metschnikowia lochheadii</GBSeq_organism>
 <GBSeq_organism>Clavispora opuntiae</GBSeq_organism>
 <GBSeq_organism>Metschnikowia gruessii</GBSeq_organism>
 <GBSeq_organism>Metschnikowia borealis</GBSeq_organism>
 <GBSeq_organism>Metschnikowia agaves</GBSeq_organism>
 <GBSeq_organism>Metschnikowia hawaiiensis</GBSeq_organism>
 <GBSeq_organism>Metschnikowia koreensis</GBSeq_organism>
 <GBSeq_organism>Metschnikowia bicuspidata var. californica</GBSeq_organism>
 <GBSeq_organism>Candida ipomoeae</GBSeq_organism>
 <GBSeq_organism>Candida torresii</GBSeq_organism>
 <GBSeq_organism>Metschnikowia drosophilae</GBSeq_organism>
 <GBSeq_organism>Metschnikowia continentalis</GBSeq_organism>
 <GBSeq_organism>Metschnikowia kunwiensis</GBSeq_organism>
 <GBSeq_organism>Metschnikowia hibisci</GBSeq_organism>
 <GBSeq_organism>Metschnikowia zobellii</GBSeq_organism>
 <GBSeq_organism>Saccharomyces cerevisiae</GBSeq_organism>
 <GBSeq_organism>Metschnikowia krissii</GBSeq_organism>
 <GBSeq_organism>Metschnikowia pulcherrima</GBSeq_organism>
