 <GBSeq_organism>Rhodothermus marinus DSM 4252</GBSeq_organism>
 <GBSeq_organism>Flammeovirga aprica JL-4</GBSeq_organism>
 <GBSeq_organism>Flexibacter polymorphus</GBSeq_organism>
 <GBSeq_organism>Owenweeksia hongkongensis</GBSeq_organism>
 <GBSeq_organism>Reichenbachiella faecimaris</GBSeq_organism>
 <GBSeq_organism>Indibacter alkaliphilus LW1</GBSeq_organism>
 <GBSeq_organism>Sediminitomix flava</GBSeq_organism>
 <GBSeq_organism>Sporocytophaga myxococcoides</GBSeq_organism>
 <GBSeq_organism>Cytophaga aurantiaca</GBSeq_organism>
 <GBSeq_organism>Flexibacter litoralis</GBSeq_organism>
 <GBSeq_organism>Cytophaga hutchinsonii ATCC 33406</GBSeq_organism>
 <GBSeq_organism>Marivirga tractuosa DSM 4126</GBSeq_organism>
 <GBSeq_organism>Reichenbachiella faecimaris</GBSeq_organism>
 <GBSeq_organism>Microscilla marina</GBSeq_organism>
 <GBSeq_organism>Roseivirga ehrenbergii</GBSeq_organism>
 <GBSeq_organism>Flexibacter flexilis DSM 6793</GBSeq_organism>
 <GBSeq_organism>Flectobacillus major</GBSeq_organism>
 <GBSeq_organism>Flexithrix dorotheae</GBSeq_organism>
 <GBSeq_organism>Echinicola vietnamensis</GBSeq_organism>
 <GBSeq_organism>Persicobacter diffluens</GBSeq_organism>
 <GBSeq_organism>Belliella baltica DSM 15883</GBSeq_organism>
