 <GBSeq_organism>Photorhabdus luminescens subsp. akhurstii</GBSeq_organism>
 <GBSeq_organism>Photorhabdus luminescens subsp. akhurstii</GBSeq_organism>
 <GBSeq_organism>Photorhabdus temperata subsp. khanii NC19</GBSeq_organism>
 <GBSeq_organism>Photorhabdus luminescens subsp. luminescens</GBSeq_organism>
 <GBSeq_organism>Photorhabdus temperata subsp. temperata</GBSeq_organism>
 <GBSeq_organism>Photorhabdus asymbiotica subsp. australis</GBSeq_organism>
 <GBSeq_organism>Photorhabdus temperata</GBSeq_organism>
 <GBSeq_organism>Photorhabdus temperata</GBSeq_organism>
 <GBSeq_organism>Photorhabdus temperata subsp. tasmaniensis</GBSeq_organism>
 <GBSeq_organism>Photorhabdus luminescens subsp. laumondii</GBSeq_organism>
 <GBSeq_organism>Photorhabdus asymbiotica subsp. australis</GBSeq_organism>
 <GBSeq_organism>Photorhabdus luminescens subsp. luminescens</GBSeq_organism>
 <GBSeq_organism>Photorhabdus asymbiotica subsp. australis</GBSeq_organism>
 <GBSeq_organism>Photorhabdus temperata subsp. khanii</GBSeq_organism>
 <GBSeq_organism>Photorhabdus temperata</GBSeq_organism>
 <GBSeq_organism>Photorhabdus temperata</GBSeq_organism>
 <GBSeq_organism>Photorhabdus luminescens subsp. laumondii</GBSeq_organism>
 <GBSeq_organism>Photorhabdus asymbiotica subsp. australis</GBSeq_organism>
 <GBSeq_organism>Photorhabdus sp. Q614</GBSeq_organism>
 <GBSeq_organism>Photorhabdus asymbiotica subsp. australis</GBSeq_organism>
 <GBSeq_organism>Photorhabdus asymbiotica subsp. australis</GBSeq_organism>
 <GBSeq_organism>Photorhabdus asymbiotica subsp. australis</GBSeq_organism>
 <GBSeq_organism>Photorhabdus temperata subsp. khanii</GBSeq_organism>
 <GBSeq_organism>Photorhabdus luminescens subsp. kayaii</GBSeq_organism>
 <GBSeq_organism>Photorhabdus luminescens</GBSeq_organism>
 <GBSeq_organism>Photorhabdus luminescens subsp. akhurstii</GBSeq_organism>
 <GBSeq_organism>Photorhabdus luminescens subsp. hainanensis</GBSeq_organism>
