 <GBSeq_organism>Hyphomicrobium chloromethanicum</GBSeq_organism>
 <GBSeq_organism>Pedomicrobium americanum</GBSeq_organism>
 <GBSeq_organism>Hyphomicrobium denitrificans</GBSeq_organism>
 <GBSeq_organism>Pedomicrobium manganicum</GBSeq_organism>
 <GBSeq_organism>Hyphomicrobium sulfonivorans</GBSeq_organism>
 <GBSeq_organism>Hyphomicrobium methylovorum</GBSeq_organism>
 <GBSeq_organism>Pedomicrobium australicum</GBSeq_organism>
 <GBSeq_organism>Hyphomicrobium facile subsp. tolerans</GBSeq_organism>
 <GBSeq_organism>Hyphomicrobium facile</GBSeq_organism>
 <GBSeq_organism>Filomicrobium insigne</GBSeq_organism>
 <GBSeq_organism>Hyphomicrobium hollandicum</GBSeq_organism>
 <GBSeq_organism>Agrobacterium tumefaciens</GBSeq_organism>
 <GBSeq_organism>Pedomicrobium ferrugineum</GBSeq_organism>
 <GBSeq_organism>Hyphomicrobium facile subsp. facile</GBSeq_organism>
 <GBSeq_organism>Hyphomicrobium zavarzinii</GBSeq_organism>
 <GBSeq_organism>Hyphomicrobium facile subsp. ureaphilum</GBSeq_organism>
 <GBSeq_organism>Filomicrobium fusiforme</GBSeq_organism>
 <GBSeq_organism>Hyphomicrobium aestuarii</GBSeq_organism>
 <GBSeq_organism>Hyphomicrobium zavarzinii</GBSeq_organism>
 <GBSeq_organism>Hyphomicrobium vulgare</GBSeq_organism>
