 <GBSeq_organism>Microvirgula aerodenitrificans</GBSeq_organism>
 <GBSeq_organism>Kingella kingae ATCC 23330</GBSeq_organism>
 <GBSeq_organism>Chromobacterium violaceum</GBSeq_organism>
 <GBSeq_organism>Chitinilyticum litopenaei DSM 21440</GBSeq_organism>
 <GBSeq_organism>Chitinibacter tainanensis</GBSeq_organism>
 <GBSeq_organism>Vitreoscilla stercoraria</GBSeq_organism>
 <GBSeq_organism>Methylophilus methylotrophus</GBSeq_organism>
 <GBSeq_organism>Iodobacter fluviatilis</GBSeq_organism>
 <GBSeq_organism>Formivibrio citricus</GBSeq_organism>
 <GBSeq_organism>Comamonas terrigena</GBSeq_organism>
 <GBSeq_organism>Silvimonas terrae</GBSeq_organism>
 <GBSeq_organism>Spirillum volutans</GBSeq_organism>
 <GBSeq_organism>Cupriavidus taiwanensis LMG 19424</GBSeq_organism>
 <GBSeq_organism>Chitinimonas taiwanensis</GBSeq_organism>
 <GBSeq_organism>Deefgea rivuli</GBSeq_organism>
 <GBSeq_organism>Laribacter hongkongensis</GBSeq_organism>
 <GBSeq_organism>Azoarcus indigens</GBSeq_organism>
 <GBSeq_organism>Burkholderia cepacia</GBSeq_organism>
 <GBSeq_organism>Neisseria polysaccharea</GBSeq_organism>
 <GBSeq_organism>Eikenella corrodens</GBSeq_organism>
 <GBSeq_organism>Alysiella filiformis</GBSeq_organism>
