 <GBSeq_organism>Bacillus badius</GBSeq_organism>
 <GBSeq_organism>Micrococcus luteus</GBSeq_organism>
 <GBSeq_organism>Bacillus altitudinis 41KF2b</GBSeq_organism>
 <GBSeq_organism>Bacillus lentus</GBSeq_organism>
 <GBSeq_organism>Bacillus amyloliquefaciens DSM 7</GBSeq_organism>
 <GBSeq_organism>Bacillus sonorensis</GBSeq_organism>
 <GBSeq_organism>Bacillus indicus</GBSeq_organism>
 <GBSeq_organism>Bacillus aquimaris</GBSeq_organism>
 <GBSeq_organism>Bacillus subtilis</GBSeq_organism>
 <GBSeq_organism>Bacillus aerophilus</GBSeq_organism>
 <GBSeq_organism>Bacillus aerius</GBSeq_organism>
 <GBSeq_organism>Bacillus firmus</GBSeq_organism>
 <GBSeq_organism>Bacillus methanolicus</GBSeq_organism>
 <GBSeq_organism>Bacillus marisflavi</GBSeq_organism>
 <GBSeq_organism>Fictibacillus arsenicus</GBSeq_organism>
 <GBSeq_organism>Bacillus licheniformis</GBSeq_organism>
 <GBSeq_organism>Bacillus nealsonii</GBSeq_organism>
 <GBSeq_organism>Bacillus stratosphericus</GBSeq_organism>
 <GBSeq_organism>Bacillus bataviensis LMG 21833</GBSeq_organism>
 <GBSeq_organism>Lysinibacillus odysseyi</GBSeq_organism>
