 <GBSeq_organism>Acidithiobacillus ferrooxidans</GBSeq_organism>
 <GBSeq_organism>Azotobacter chroococcum</GBSeq_organism>
 <GBSeq_organism>Thiorhodospira sibirica ATCC 700588</GBSeq_organism>
 <GBSeq_organism>Thioalkalispira microaerophila</GBSeq_organism>
 <GBSeq_organism>Marichromatium purpuratum</GBSeq_organism>
 <GBSeq_organism>Azoarcus communis</GBSeq_organism>
 <GBSeq_organism>Halorhodospira halochloris</GBSeq_organism>
 <GBSeq_organism>Rhodobacter capsulatus</GBSeq_organism>
 <GBSeq_organism>Halorhodospira halophila</GBSeq_organism>
 <GBSeq_organism>Vibrio diazotrophicus</GBSeq_organism>
 <GBSeq_organism>Ectothiorhodospira mobilis</GBSeq_organism>
 <GBSeq_organism>Alkalilimnicola halodurans</GBSeq_organism>
 <GBSeq_organism>Halorhodospira halophila</GBSeq_organism>
 <GBSeq_organism>Methylobacter vinelandii</GBSeq_organism>
 <GBSeq_organism>Methylococcus capsulatus</GBSeq_organism>
 <GBSeq_organism>Halorhodospira abdelmalekii</GBSeq_organism>
 <GBSeq_organism>Ectothiorhodospira shaposhnikovii DSM 2111</GBSeq_organism>
 <GBSeq_organism>Ectothiorhodospira haloalkaliphila ATCC 51935</GBSeq_organism>
 <GBSeq_organism>Ectothiorhodospira shaposhnikovii</GBSeq_organism>
 <GBSeq_organism>Azovibrio restrictus</GBSeq_organism>
 <GBSeq_organism>Methylomonas methanica</GBSeq_organism>
