 <GBSeq_organism>Thermus thermophilus</GBSeq_organism>
 <GBSeq_organism>Thermodesulfatator indicus DSM 15286</GBSeq_organism>
 <GBSeq_organism>Thermosulfidibacter takaii ABI70S6</GBSeq_organism>
 <GBSeq_organism>Geothermobacterium ferrireducens</GBSeq_organism>
 <GBSeq_organism>Thermovibrio guaymasensis</GBSeq_organism>
 <GBSeq_organism>Aquifex pyrophilus</GBSeq_organism>
 <GBSeq_organism>Balnearium lithotrophicum</GBSeq_organism>
 <GBSeq_organism>Thermocrinis ruber</GBSeq_organism>
 <GBSeq_organism>Thermotoga maritima</GBSeq_organism>
 <GBSeq_organism>Marinitoga camini</GBSeq_organism>
 <GBSeq_organism>Thermodesulfobacterium commune DSM 2178</GBSeq_organism>
 <GBSeq_organism>Thermodesulfobacterium hveragerdense</GBSeq_organism>
 <GBSeq_organism>Thermovibrio ammonificans HB-1</GBSeq_organism>
 <GBSeq_organism>Chloroflexus aggregans</GBSeq_organism>
 <GBSeq_organism>Thermovibrio ruber</GBSeq_organism>
 <GBSeq_organism>Thermodesulfobacterium hydrogeniphilum</GBSeq_organism>
 <GBSeq_organism>Thermodesulfobacterium thermophilum</GBSeq_organism>
 <GBSeq_organism>Hydrogenivirga caldilitoris</GBSeq_organism>
 <GBSeq_organism>Desulfurobacterium pacificum</GBSeq_organism>
 <GBSeq_organism>Petrotoga mobilis SJ95</GBSeq_organism>
 <GBSeq_organism>Thermosipho japonicus</GBSeq_organism>
 <GBSeq_organism>Deinococcus radiodurans</GBSeq_organism>
 <GBSeq_organism>Persephonella marina EX-H1</GBSeq_organism>
 <GBSeq_organism>Hydrogenobaculum acidophilum</GBSeq_organism>
 <GBSeq_organism>Desulfurobacterium crinifex</GBSeq_organism>
 <GBSeq_organism>Fervidobacterium nodosum</GBSeq_organism>
 <GBSeq_organism>Thermomicrobium roseum</GBSeq_organism>
 <GBSeq_organism>Desulfurobacterium atlanticum</GBSeq_organism>
