 <GBSeq_organism>Escherichia coli DSM 30083 = JCM 1649 = ATCC 11775</GBSeq_organism>
 <GBSeq_organism>Thalassospira lucentensis MCCC 1A00383 = DSM 14000</GBSeq_organism>
 <GBSeq_organism>Rhodospira trueperi</GBSeq_organism>
 <GBSeq_organism>Phaeospirillum molischianum</GBSeq_organism>
 <GBSeq_organism>Caenispirillum bisanense</GBSeq_organism>
 <GBSeq_organism>Azospirillum lipoferum</GBSeq_organism>
 <GBSeq_organism>Rhodospirillum centenum</GBSeq_organism>
 <GBSeq_organism>Pelagibius litoralis</GBSeq_organism>
 <GBSeq_organism>Rhodospirillum rubrum ATCC 11170</GBSeq_organism>
 <GBSeq_organism>Thalassobaculum litoreum DSM 18839</GBSeq_organism>
 <GBSeq_organism>Telmatospirillum siberiense</GBSeq_organism>
 <GBSeq_organism>Rhodovibrio salinarum</GBSeq_organism>
 <GBSeq_organism>Inquilinus limosus</GBSeq_organism>
 <GBSeq_organism>Rhodovibrio sodomensis</GBSeq_organism>
 <GBSeq_organism>Magnetospirillum gryphiswaldense MSR-1</GBSeq_organism>
 <GBSeq_organism>Phaeospirillum fulvum</GBSeq_organism>
 <GBSeq_organism>Skermanella parooensis</GBSeq_organism>
 <GBSeq_organism>Defluviicoccus vanus</GBSeq_organism>
 <GBSeq_organism>Azospirillum halopraeferens</GBSeq_organism>
 <GBSeq_organism>Roseospira marina</GBSeq_organism>
 <GBSeq_organism>Rhodocista pekingensis</GBSeq_organism>
 <GBSeq_organism>Rhodospirillum photometricum DSM 122</GBSeq_organism>
