 <GBSeq_organism>Allochromatium warmingii</GBSeq_organism>
 <GBSeq_organism>Thiocystis violascens</GBSeq_organism>
 <GBSeq_organism>Thermochromatium tepidum ATCC 43061</GBSeq_organism>
 <GBSeq_organism>Thiorhodococcus mannitoliphagus</GBSeq_organism>
 <GBSeq_organism>Allochromatium vinosum</GBSeq_organism>
 <GBSeq_organism>Thiocapsa pendens</GBSeq_organism>
 <GBSeq_organism>Isochromatium buderi</GBSeq_organism>
 <GBSeq_organism>Chromatium okenii</GBSeq_organism>
 <GBSeq_organism>Halochromatium glycolicum</GBSeq_organism>
 <GBSeq_organism>Ectothiorhodospira shaposhnikovii</GBSeq_organism>
 <GBSeq_organism>Thiocapsa roseopersicina</GBSeq_organism>
 <GBSeq_organism>Thiocapsa litoralis</GBSeq_organism>
 <GBSeq_organism>Halochromatium salexigens</GBSeq_organism>
 <GBSeq_organism>Thiocystis violacea</GBSeq_organism>
 <GBSeq_organism>Lamprocystis roseopersicina</GBSeq_organism>
 <GBSeq_organism>Thiocystis gelatinosa</GBSeq_organism>
 <GBSeq_organism>Thiocystis minor</GBSeq_organism>
 <GBSeq_organism>Thiohalocapsa halophila</GBSeq_organism>
 <GBSeq_organism>Marichromatium purpuratum 984</GBSeq_organism>
 <GBSeq_organism>Allochromatium minutissimum</GBSeq_organism>
 <GBSeq_organism>Halorhodospira halophila</GBSeq_organism>
 <GBSeq_organism>Thiococcus pfennigii</GBSeq_organism>
 <GBSeq_organism>Thioflavicoccus mobilis 8321</GBSeq_organism>
 <GBSeq_organism>Thiorhodovibrio winogradskyi</GBSeq_organism>
 <GBSeq_organism>Thioalkalicoccus limnaeus</GBSeq_organism>
 <GBSeq_organism>Marichromatium gracile</GBSeq_organism>
 <GBSeq_organism>Rhabdochromatium marinum</GBSeq_organism>
 <GBSeq_organism>Thiocapsa rosea</GBSeq_organism>
 <GBSeq_organism>Thiorhodococcus drewsii AZ1</GBSeq_organism>
 <GBSeq_organism>Lamprocystis purpurea DSM 4197</GBSeq_organism>
