 <GBSeq_organism>Actinomyces neuii subsp. anitratus</GBSeq_organism>
 <GBSeq_organism>Actinomyces catuli</GBSeq_organism>
 <GBSeq_organism>Actinomyces canis</GBSeq_organism>
 <GBSeq_organism>Actinomyces graevenitzii</GBSeq_organism>
 <GBSeq_organism>Actinomyces bovis</GBSeq_organism>
 <GBSeq_organism>Actinomyces dentalis</GBSeq_organism>
 <GBSeq_organism>Actinomyces europaeus</GBSeq_organism>
 <GBSeq_organism>Actinomyces funkei</GBSeq_organism>
 <GBSeq_organism>Actinomyces turicensis</GBSeq_organism>
 <GBSeq_organism>Actinomyces slackii</GBSeq_organism>
 <GBSeq_organism>Actinomyces radicidentis</GBSeq_organism>
 <GBSeq_organism>Actinomyces odontolyticus</GBSeq_organism>
 <GBSeq_organism>Actinomyces hongkongensis</GBSeq_organism>
 <GBSeq_organism>Actinomyces hyovaginalis</GBSeq_organism>
 <GBSeq_organism>Actinomyces naeslundii</GBSeq_organism>
 <GBSeq_organism>Varibaculum cambriense</GBSeq_organism>
 <GBSeq_organism>Actinomyces radingae</GBSeq_organism>
 <GBSeq_organism>Actinomyces viscosus</GBSeq_organism>
 <GBSeq_organism>Actinomyces oricola</GBSeq_organism>
 <GBSeq_organism>Actinomyces gerencseriae</GBSeq_organism>
 <GBSeq_organism>Actinomyces bowdenii</GBSeq_organism>
 <GBSeq_organism>Actinomyces marimammalium</GBSeq_organism>
 <GBSeq_organism>Actinomyces urogenitalis</GBSeq_organism>
 <GBSeq_organism>Actinomyces suimastitidis</GBSeq_organism>
 <GBSeq_organism>Actinomyces vaccimaxillae</GBSeq_organism>
 <GBSeq_organism>Actinomyces nasicola</GBSeq_organism>
 <GBSeq_organism>Actinomyces neuii subsp. neuii</GBSeq_organism>
 <GBSeq_organism>Actinomyces howellii</GBSeq_organism>
 <GBSeq_organism>Actinomyces coleocanis</GBSeq_organism>
 <GBSeq_organism>Actinomyces massiliensis 4401292</GBSeq_organism>
 <GBSeq_organism>Actinomyces denticolens</GBSeq_organism>
 <GBSeq_organism>Actinomyces cardiffensis</GBSeq_organism>
 <GBSeq_organism>Actinomyces israelii</GBSeq_organism>
 <GBSeq_organism>Actinomyces georgiae</GBSeq_organism>
