 <GBSeq_organism>Pichia strasburgensis</GBSeq_organism>
 <GBSeq_organism>Wickerhamomyces mucosus</GBSeq_organism>
 <GBSeq_organism>Candida silvicultrix</GBSeq_organism>
 <GBSeq_organism>Candida ponderosae</GBSeq_organism>
 <GBSeq_organism>Wickerhamomyces pijperi</GBSeq_organism>
 <GBSeq_organism>Pichia onychis</GBSeq_organism>
 <GBSeq_organism>Pichia bispora</GBSeq_organism>
 <GBSeq_organism>Pichia silvicola</GBSeq_organism>
 <GBSeq_organism>Pichia bovis</GBSeq_organism>
 <GBSeq_organism>Wickerhamomyces ochangensis</GBSeq_organism>
 <GBSeq_organism>Candida peoriensis</GBSeq_organism>
 <GBSeq_organism>Priceomyces carsonii</GBSeq_organism>
 <GBSeq_organism>Wickerhamomyces alni</GBSeq_organism>
 <GBSeq_organism>Wickerhamomyces lynferdii</GBSeq_organism>
 <GBSeq_organism>Wickerhamomyces hampshirensis</GBSeq_organism>
 <GBSeq_organism>Pichia chambardii</GBSeq_organism>
 <GBSeq_organism>Wickerhamomyces canadensis</GBSeq_organism>
 <GBSeq_organism>Wickerhamomyces sydowiorum</GBSeq_organism>
 <GBSeq_organism>Wickerhamomyces ciferrii</GBSeq_organism>
 <GBSeq_organism>Wickerhamomyces rabaulensis</GBSeq_organism>
 <GBSeq_organism>Wickerhamomyces subpelliculosus</GBSeq_organism>
 <GBSeq_organism>Wickerhamomyces anomalus</GBSeq_organism>
 <GBSeq_organism>Candida solani</GBSeq_organism>
 <GBSeq_organism>Candida odintsovae</GBSeq_organism>
