 <GBSeq_organism>Mesorhizobium sp. vgn-4</GBSeq_organism>
 <GBSeq_organism>Mesorhizobium sp. NK-1</GBSeq_organism>
 <GBSeq_organism>Rhizobium sp. Glm-14</GBSeq_organism>
 <GBSeq_organism>Rhizobium sp. Kusp-1</GBSeq_organism>
 <GBSeq_organism>Rhizobium sp. Phr-8</GBSeq_organism>
 <GBSeq_organism>Rhizobium sp. Gls-5</GBSeq_organism>
 <GBSeq_organism>Mesorhizobium sp. NK-2</GBSeq_organism>
 <GBSeq_organism>Rhizobium sp. Phr-9</GBSeq_organism>
 <GBSeq_organism>Rhizobium sp. Aei-3</GBSeq_organism>
 <GBSeq_organism>Rhizobium yanglingense</GBSeq_organism>
 <GBSeq_organism>Mesorhizobium sp. Amf-2</GBSeq_organism>
 <GBSeq_organism>Rhizobium sp. Glm-9</GBSeq_organism>
 <GBSeq_organism>Rhizobium sp. vgs-10</GBSeq_organism>
 <GBSeq_organism>Sinorhizobium sp.</GBSeq_organism>
 <GBSeq_organism>Mesorhizobium sp. Leb-1</GBSeq_organism>
 <GBSeq_organism>Sinorhizobium sp.</GBSeq_organism>
 <GBSeq_organism>Mesorhizobium plurifarium</GBSeq_organism>
 <GBSeq_organism>Rhizobium tropici CIAT 899</GBSeq_organism>
 <GBSeq_organism>Sinorhizobium kummerowiae</GBSeq_organism>
 <GBSeq_organism>Rhizobium sullae</GBSeq_organism>
 <GBSeq_organism>Mesorhizobium sp. Leb-3</GBSeq_organism>
 <GBSeq_organism>Mesorhizobium amorphae</GBSeq_organism>
 <GBSeq_organism>Mesorhizobium sp. Leb-2</GBSeq_organism>
 <GBSeq_organism>Rhizobium sp. Aei-5</GBSeq_organism>
 <GBSeq_organism>Mesorhizobium sp. Loc-1</GBSeq_organism>
 <GBSeq_organism>Rhizobium sp. Trp-3</GBSeq_organism>
 <GBSeq_organism>Neorhizobium galegae</GBSeq_organism>
 <GBSeq_organism>Sinorhizobium saheli</GBSeq_organism>
 <GBSeq_organism>Rhizobium giardinii</GBSeq_organism>
 <GBSeq_organism>Mesorhizobium sp. Aei-2</GBSeq_organism>
 <GBSeq_organism>Rhizobium sp. Crj-4</GBSeq_organism>
 <GBSeq_organism>Sinorhizobium xinjiangense</GBSeq_organism>
 <GBSeq_organism>Rhizobium sp. Trr-5</GBSeq_organism>
 <GBSeq_organism>Rhizobium sp. Aei-4</GBSeq_organism>
 <GBSeq_organism>Rhizobium sp. Aei-6</GBSeq_organism>
 <GBSeq_organism>Rhizobium sp. Trr-9</GBSeq_organism>
 <GBSeq_organism>Rhizobium undicola</GBSeq_organism>
 <GBSeq_organism>Mesorhizobium sp. vgn-5</GBSeq_organism>
 <GBSeq_organism>Rhizobium sp. Glm-15</GBSeq_organism>
 <GBSeq_organism>Rhizobium sp. Gls-3</GBSeq_organism>
 <GBSeq_organism>Mesorhizobium sp. Rop-2</GBSeq_organism>
 <GBSeq_organism>Sinorhizobium terangae</GBSeq_organism>
 <GBSeq_organism>Mesorhizobium sp. Rop-1</GBSeq_organism>
 <GBSeq_organism>Sinorhizobium sp. Mes-2</GBSeq_organism>
 <GBSeq_organism>Mesorhizobium sp. Rop-3</GBSeq_organism>
 <GBSeq_organism>Rhizobium sp. Glm-13</GBSeq_organism>
 <GBSeq_organism>Rhizobium etli CFN 42</GBSeq_organism>
 <GBSeq_organism>Rhizobium sp. vgs-11</GBSeq_organism>
 <GBSeq_organism>Rhizobium sp. Glm-10</GBSeq_organism>
 <GBSeq_organism>Rhizobium sp. Trp-4</GBSeq_organism>
 <GBSeq_organism>Rhizobium sp. Leb-15</GBSeq_organism>
 <GBSeq_organism>Mesorhizobium sp. Amf-3</GBSeq_organism>
 <GBSeq_organism>Rhizobium leguminosarum bv. viciae USDA 2370</GBSeq_organism>
 <GBSeq_organism>Neorhizobium huautlense</GBSeq_organism>
 <GBSeq_organism>Mesorhizobium loti</GBSeq_organism>
 <GBSeq_organism>Mesorhizobium sp. Rop-4</GBSeq_organism>
 <GBSeq_organism>Mesorhizobium mediterraneum</GBSeq_organism>
 <GBSeq_organism>Rhizobium sp. Trp-1</GBSeq_organism>
 <GBSeq_organism>Rhizobium sp. Glm-11</GBSeq_organism>
 <GBSeq_organism>Rhizobium sp. Pis-1</GBSeq_organism>
 <GBSeq_organism>Rhizobium sp. Glm-12</GBSeq_organism>
 <GBSeq_organism>Mesorhizobium chacoense</GBSeq_organism>
 <GBSeq_organism>Mesorhizobium sp. Wif-1</GBSeq_organism>
 <GBSeq_organism>Rhizobium sp. Trr-4</GBSeq_organism>
 <GBSeq_organism>Rhizobium sp. Vif-1</GBSeq_organism>
 <GBSeq_organism>Rhizobium mongolense USDA 1844</GBSeq_organism>
 <GBSeq_organism>Rhizobium sp. Crj-3</GBSeq_organism>
 <GBSeq_organism>Mesorhizobium tianshanense</GBSeq_organism>
 <GBSeq_organism>Rhizobium sp. Kus-8</GBSeq_organism>
 <GBSeq_organism>Rhizobium sp. vgs-5</GBSeq_organism>
 <GBSeq_organism>Rhizobium sp. Trr-2</GBSeq_organism>
 <GBSeq_organism>Rhizobium sp. Kus-7</GBSeq_organism>
 <GBSeq_organism>Sinorhizobium meliloti</GBSeq_organism>
 <GBSeq_organism>Rhizobium sp. Trr-7</GBSeq_organism>
 <GBSeq_organism>Rhizobium sp. Trp-2</GBSeq_organism>
 <GBSeq_organism>Mesorhizobium sp. Amf-4</GBSeq_organism>
 <GBSeq_organism>Mesorhizobium sp. Leb-4</GBSeq_organism>
 <GBSeq_organism>Rhizobium sp. Gls-4</GBSeq_organism>
 <GBSeq_organism>Rhizobium sp. Trr-8</GBSeq_organism>
 <GBSeq_organism>Rhizobium sp. Trr-1</GBSeq_organism>
 <GBSeq_organism>Rhizobium sp. Trp-6</GBSeq_organism>
 <GBSeq_organism>Rhizobium sp. Trr-6</GBSeq_organism>
 <GBSeq_organism>Mesorhizobium sp. Amf-1</GBSeq_organism>
 <GBSeq_organism>Rhizobium loessense</GBSeq_organism>
 <GBSeq_organism>Rhizobium gallicum</GBSeq_organism>
 <GBSeq_organism>Mesorhizobium sp. Put-2</GBSeq_organism>
 <GBSeq_organism>Rhizobium sp. Trr-3</GBSeq_organism>
 <GBSeq_organism>Mesorhizobium sp. Amf-5</GBSeq_organism>
 <GBSeq_organism>Rhizobium indigoferae</GBSeq_organism>
 <GBSeq_organism>Mesorhizobium sp. Put-3</GBSeq_organism>
 <GBSeq_organism>Rhizobium sp. Viv-1</GBSeq_organism>
 <GBSeq_organism>Rhizobium sp. Gls-2</GBSeq_organism>
 <GBSeq_organism>Rhizobium hainanense</GBSeq_organism>
 <GBSeq_organism>Rhizobium sp. NK-4</GBSeq_organism>
 <GBSeq_organism>Rhizobium sp. Trp-5</GBSeq_organism>
