 <GBSeq_organism>Chlamydia pecorum</GBSeq_organism>
 <GBSeq_organism>Chlamydia psittaci</GBSeq_organism>
 <GBSeq_organism>Chlamydophila caviae</GBSeq_organism>
 <GBSeq_organism>Chlamydophila felis</GBSeq_organism>
 <GBSeq_organism>Chlamydia psittaci</GBSeq_organism>
 <GBSeq_organism>Chlamydia pneumoniae</GBSeq_organism>
 <GBSeq_organism>Chlamydia psittaci</GBSeq_organism>
 <GBSeq_organism>Chlamydia pecorum</GBSeq_organism>
 <GBSeq_organism>Chlamydia psittaci</GBSeq_organism>
 <GBSeq_organism>Chlamydia psittaci</GBSeq_organism>
 <GBSeq_organism>Chlamydia psittaci</GBSeq_organism>
 <GBSeq_organism>Chlamydia psittaci</GBSeq_organism>
 <GBSeq_organism>Chlamydophila felis</GBSeq_organism>
 <GBSeq_organism>Chlamydia pneumoniae</GBSeq_organism>
 <GBSeq_organism>Chlamydia psittaci</GBSeq_organism>
 <GBSeq_organism>Chlamydia pneumoniae</GBSeq_organism>
 <GBSeq_organism>Chlamydia psittaci</GBSeq_organism>
 <GBSeq_organism>Chlamydia psittaci</GBSeq_organism>
 <GBSeq_organism>Chlamydia pecorum</GBSeq_organism>
 <GBSeq_organism>Chlamydia pneumoniae</GBSeq_organism>
 <GBSeq_organism>Chlamydophila abortus</GBSeq_organism>
 <GBSeq_organism>Chlamydia pneumoniae</GBSeq_organism>
 <GBSeq_organism>Chlamydia psittaci</GBSeq_organism>
 <GBSeq_organism>Chlamydophila abortus</GBSeq_organism>
 <GBSeq_organism>Chlamydia pecorum</GBSeq_organism>
 <GBSeq_organism>Chlamydia psittaci</GBSeq_organism>
 <GBSeq_organism>Chlamydophila abortus</GBSeq_organism>
