 <GBSeq_organism>Thermithiobacillus tepidarius</GBSeq_organism>
 <GBSeq_organism>uncultured bacterium</GBSeq_organism>
 <GBSeq_organism>Halothiobacillus kellyi</GBSeq_organism>
 <GBSeq_organism>Chromatium okenii</GBSeq_organism>
 <GBSeq_organism>Ectothiorhodospira shaposhnikovii</GBSeq_organism>
 <GBSeq_organism>Methylocaldum szegediense</GBSeq_organism>
 <GBSeq_organism>Thiobacillus baregensis</GBSeq_organism>
 <GBSeq_organism>Thiovirga sulfuroxydans</GBSeq_organism>
 <GBSeq_organism>Thiolamprovum pedioforme</GBSeq_organism>
 <GBSeq_organism>Thioalkalivibrio denitrificans</GBSeq_organism>
 <GBSeq_organism>uncultured hydrocarbon seep bacterium BPC028</GBSeq_organism>
 <GBSeq_organism>Halothiobacillus halophilus</GBSeq_organism>
 <GBSeq_organism>Acidithiobacillus thiooxidans ATCC 19377</GBSeq_organism>
 <GBSeq_organism>Thiofaba tepidiphila DSM 19618</GBSeq_organism>
 <GBSeq_organism>Halothiobacillus hydrothermalis</GBSeq_organism>
 <GBSeq_organism>Thiomicrospira pelophila</GBSeq_organism>
 <GBSeq_organism>Thiothrix nivea DSM 5205</GBSeq_organism>
 <GBSeq_organism>uncultured bacterium</GBSeq_organism>
 <GBSeq_organism>uncultured bacterium</GBSeq_organism>
 <GBSeq_organism>Halothiobacillus neapolitanus</GBSeq_organism>
 <GBSeq_organism>Thioalkalispira microaerophila</GBSeq_organism>
 <GBSeq_organism>Beggiatoa alba</GBSeq_organism>
 <GBSeq_organism>Thioalkalimicrobium aerophilum AL3</GBSeq_organism>
 <GBSeq_organism>Thioploca ingrica</GBSeq_organism>
 <GBSeq_organism>Methylococcus capsulatus str. Texas = ATCC 19069</GBSeq_organism>
 <GBSeq_organism>uncultured bacterium</GBSeq_organism>
 <GBSeq_organism>Thiocapsa rosea</GBSeq_organism>
 <GBSeq_organism>Thiorhodospira sibirica ATCC 700588</GBSeq_organism>
