 <GBSeq_organism>Microbacterium hydrocarbonoxydans</GBSeq_organism>
 <GBSeq_organism>Microbacterium testaceum</GBSeq_organism>
 <GBSeq_organism>Curtobacterium luteum</GBSeq_organism>
 <GBSeq_organism>Microbacterium laevaniformans</GBSeq_organism>
 <GBSeq_organism>Microbacterium dextranolyticum</GBSeq_organism>
 <GBSeq_organism>Microbacterium saperdae</GBSeq_organism>
 <GBSeq_organism>Microbacterium resistens</GBSeq_organism>
 <GBSeq_organism>Microbacterium aurum</GBSeq_organism>
 <GBSeq_organism>Microbacterium aerolatum</GBSeq_organism>
 <GBSeq_organism>Microbacterium imperiale</GBSeq_organism>
 <GBSeq_organism>Microbacterium arabinogalactanolyticum</GBSeq_organism>
 <GBSeq_organism>Clavibacter michiganensis</GBSeq_organism>
 <GBSeq_organism>Microbacterium schleiferi</GBSeq_organism>
 <GBSeq_organism>Microbacterium liquefaciens</GBSeq_organism>
 <GBSeq_organism>Microbacterium luteolum</GBSeq_organism>
 <GBSeq_organism>Microbacterium oleivorans</GBSeq_organism>
 <GBSeq_organism>Microbacterium keratanolyticum</GBSeq_organism>
 <GBSeq_organism>Microbacterium phyllosphaerae</GBSeq_organism>
 <GBSeq_organism>Microbacterium arborescens</GBSeq_organism>
 <GBSeq_organism>Microbacterium flavescens</GBSeq_organism>
 <GBSeq_organism>Microbacterium paraoxydans</GBSeq_organism>
 <GBSeq_organism>Microbacterium gubbeenense</GBSeq_organism>
 <GBSeq_organism>Microbacterium lacticum</GBSeq_organism>
 <GBSeq_organism>Microbacterium terregens</GBSeq_organism>
 <GBSeq_organism>Microbacterium foliorum</GBSeq_organism>
 <GBSeq_organism>Microbacterium oxydans</GBSeq_organism>
 <GBSeq_organism>Microbacterium barkeri</GBSeq_organism>
 <GBSeq_organism>Microbacterium esteraromaticum</GBSeq_organism>
