 <GBSeq_organism>Streptomyces almquistii</GBSeq_organism>
 <GBSeq_organism>Streptomyces roseiscleroticus</GBSeq_organism>
 <GBSeq_organism>Streptomyces albogriseolus</GBSeq_organism>
 <GBSeq_organism>Streptomyces spectabilis</GBSeq_organism>
 <GBSeq_organism>Streptomyces endus</GBSeq_organism>
 <GBSeq_organism>Streptomyces iakyrus</GBSeq_organism>
 <GBSeq_organism>Streptomyces sporocinereus</GBSeq_organism>
 <GBSeq_organism>Streptomyces mauvecolor</GBSeq_organism>
 <GBSeq_organism>Streptomyces albus subsp. albus</GBSeq_organism>
 <GBSeq_organism>Streptomyces nanshensis</GBSeq_organism>
 <GBSeq_organism>Streptomyces koyangensis</GBSeq_organism>
 <GBSeq_organism>Streptomyces javensis</GBSeq_organism>
 <GBSeq_organism>Streptomyces yogyakartensis</GBSeq_organism>
 <GBSeq_organism>Streptomyces sapporonensis</GBSeq_organism>
 <GBSeq_organism>Streptomyces coerulescens</GBSeq_organism>
 <GBSeq_organism>Streptomyces griseoflavus</GBSeq_organism>
 <GBSeq_organism>Streptomyces mashuensis</GBSeq_organism>
 <GBSeq_organism>Streptomyces mexicanus</GBSeq_organism>
 <GBSeq_organism>Streptomyces rangoonensis</GBSeq_organism>
 <GBSeq_organism>Streptomyces flavofuscus</GBSeq_organism>
 <GBSeq_organism>Streptomyces poonensis</GBSeq_organism>
 <GBSeq_organism>Streptomyces flavoviridis</GBSeq_organism>
 <GBSeq_organism>Streptomyces aureoverticillatus</GBSeq_organism>
 <GBSeq_organism>Streptomyces roseoverticillatus</GBSeq_organism>
 <GBSeq_organism>Streptomyces lateritius</GBSeq_organism>
 <GBSeq_organism>Streptomyces luteoverticillatus</GBSeq_organism>
 <GBSeq_organism>Streptomyces longispororuber</GBSeq_organism>
 <GBSeq_organism>Streptomyces gibsonii</GBSeq_organism>
 <GBSeq_organism>Streptomyces yeochonensis</GBSeq_organism>
 <GBSeq_organism>Streptomyces hygroscopicus subsp. hygroscopicus</GBSeq_organism>
 <GBSeq_organism>Streptomyces graminofaciens</GBSeq_organism>
 <GBSeq_organism>Streptomyces lomondensis</GBSeq_organism>
 <GBSeq_organism>Streptomyces hiroshimensis</GBSeq_organism>
 <GBSeq_organism>Streptomyces violaceusniger</GBSeq_organism>
 <GBSeq_organism>Streptomyces indiaensis</GBSeq_organism>
 <GBSeq_organism>Streptomyces ferralitis</GBSeq_organism>
 <GBSeq_organism>Streptomyces spinoverrucosus</GBSeq_organism>
 <GBSeq_organism>Streptomyces auratus</GBSeq_organism>
 <GBSeq_organism>Streptomyces mobaraensis NBRC 13819 = DSM 40847</GBSeq_organism>
 <GBSeq_organism>Streptomyces nashvillensis</GBSeq_organism>
 <GBSeq_organism>Streptomyces ruber</GBSeq_organism>
 <GBSeq_organism>Streptomyces violascens</GBSeq_organism>
 <GBSeq_organism>Streptomyces rubiginosus</GBSeq_organism>
 <GBSeq_organism>Streptomyces cacaoi subsp. cacaoi</GBSeq_organism>
 <GBSeq_organism>Streptomyces nodosus</GBSeq_organism>
 <GBSeq_organism>Streptomyces lilacinus</GBSeq_organism>
 <GBSeq_organism>Streptomyces hygroscopicus</GBSeq_organism>
 <GBSeq_organism>Streptomyces variegatus</GBSeq_organism>
 <GBSeq_organism>Streptomyces griseoverticillatus</GBSeq_organism>
 <GBSeq_organism>Streptomyces megasporus</GBSeq_organism>
 <GBSeq_organism>Streptomyces ehimensis</GBSeq_organism>
 <GBSeq_organism>Streptomyces violaceochromogenes</GBSeq_organism>
 <GBSeq_organism>Streptomyces sodiiphilus</GBSeq_organism>
 <GBSeq_organism>Streptomyces spiralis</GBSeq_organism>
 <GBSeq_organism>Streptomyces xantholiticus</GBSeq_organism>
 <GBSeq_organism>Streptomyces cremeus</GBSeq_organism>
 <GBSeq_organism>Streptomyces thermocarboxydovorans</GBSeq_organism>
 <GBSeq_organism>Streptomyces abikoensis</GBSeq_organism>
 <GBSeq_organism>Streptomyces intermedius</GBSeq_organism>
 <GBSeq_organism>Streptomyces flocculus</GBSeq_organism>
 <GBSeq_organism>Streptomyces luteireticuli</GBSeq_organism>
 <GBSeq_organism>Streptomyces nobilis</GBSeq_organism>
 <GBSeq_organism>Streptomyces rubidus</GBSeq_organism>
 <GBSeq_organism>Streptomyces kurssanovii</GBSeq_organism>
