 <GBSeq_organism>Rhizobium yanglingense</GBSeq_organism>
 <GBSeq_organism>Rhizobium phaseoli</GBSeq_organism>
 <GBSeq_organism>Mesorhizobium ciceri</GBSeq_organism>
 <GBSeq_organism>Rhizobium daejeonense</GBSeq_organism>
 <GBSeq_organism>Rhizobium tropici CIAT 899</GBSeq_organism>
 <GBSeq_organism>Rhizobium mesosinicum</GBSeq_organism>
 <GBSeq_organism>Rhizobium aggregatum</GBSeq_organism>
 <GBSeq_organism>Rhizobium giardinii</GBSeq_organism>
 <GBSeq_organism>Agrobacterium larrymoorei</GBSeq_organism>
 <GBSeq_organism>Rhizobium soli</GBSeq_organism>
 <GBSeq_organism>Agrobacterium vitis</GBSeq_organism>
 <GBSeq_organism>Rhizobium lusitanum</GBSeq_organism>
 <GBSeq_organism>Rhizobium tropici</GBSeq_organism>
 <GBSeq_organism>Rhizobium leguminosarum</GBSeq_organism>
 <GBSeq_organism>Rhizobium etli CFN 42</GBSeq_organism>
 <GBSeq_organism>Neorhizobium huautlense</GBSeq_organism>
 <GBSeq_organism>Mesorhizobium loti</GBSeq_organism>
 <GBSeq_organism>Agrobacterium tumefaciens</GBSeq_organism>
 <GBSeq_organism>Agrobacterium rubi</GBSeq_organism>
 <GBSeq_organism>Rhizobium pisi</GBSeq_organism>
 <GBSeq_organism>Rhizobium pusense</GBSeq_organism>
 <GBSeq_organism>Rhizobium alamii</GBSeq_organism>
 <GBSeq_organism>Agrobacterium rhizogenes</GBSeq_organism>
 <GBSeq_organism>Sinorhizobium meliloti</GBSeq_organism>
 <GBSeq_organism>Rhizobium multihospitium</GBSeq_organism>
 <GBSeq_organism>Rhizobium loessense</GBSeq_organism>
 <GBSeq_organism>Rhizobium gallicum</GBSeq_organism>
 <GBSeq_organism>Rhizobium indigoferae</GBSeq_organism>
 <GBSeq_organism>Rhizobium selenitireducens</GBSeq_organism>
 <GBSeq_organism>Agrobacterium rhizogenes</GBSeq_organism>
