 <GBSeq_organism>Dyadobacter hamtensis</GBSeq_organism>
 <GBSeq_organism>Arcicella aquatica</GBSeq_organism>
 <GBSeq_organism>Hymenobacter roseosalivarius DSM 11622</GBSeq_organism>
 <GBSeq_organism>Flexibacter elegans</GBSeq_organism>
 <GBSeq_organism>Cyclobacterium marinum</GBSeq_organism>
 <GBSeq_organism>Rudanella lutea</GBSeq_organism>
 <GBSeq_organism>Larkinella insperata</GBSeq_organism>
 <GBSeq_organism>Flexibacter litoralis</GBSeq_organism>
 <GBSeq_organism>Persicitalea jodogahamensis</GBSeq_organism>
 <GBSeq_organism>Arcicella rosea</GBSeq_organism>
 <GBSeq_organism>Spirosoma linguale</GBSeq_organism>
 <GBSeq_organism>Marivirga tractuosa</GBSeq_organism>
 <GBSeq_organism>Flexibacter flexilis DSM 6793</GBSeq_organism>
 <GBSeq_organism>Algoriphagus mannitolivorans</GBSeq_organism>
 <GBSeq_organism>Algoriphagus ratkowskyi</GBSeq_organism>
 <GBSeq_organism>Aquiflexum balticum</GBSeq_organism>
 <GBSeq_organism>Flexibacter ruber</GBSeq_organism>
 <GBSeq_organism>Flectobacillus major</GBSeq_organism>
 <GBSeq_organism>Cytophaga hutchinsonii</GBSeq_organism>
 <GBSeq_organism>Runella slithyformis</GBSeq_organism>
 <GBSeq_organism>Belliella baltica DSM 15883</GBSeq_organism>
 <GBSeq_organism>Dyadobacter crusticola</GBSeq_organism>
 <GBSeq_organism>Cyclobacterium marinum DSM 745</GBSeq_organism>
 <GBSeq_organism>Dyadobacter fermentans DSM 18053</GBSeq_organism>
