 <GBSeq_organism>Aeromonas enteropelogenes</GBSeq_organism>
 <GBSeq_organism>Aeromonas caviae</GBSeq_organism>
 <GBSeq_organism>Aeromonas jandaei</GBSeq_organism>
 <GBSeq_organism>Aeromonas schubertii</GBSeq_organism>
 <GBSeq_organism>Aeromonas rivuli</GBSeq_organism>
 <GBSeq_organism>Aeromonas fluvialis</GBSeq_organism>
 <GBSeq_organism>Aeromonas sanarellii</GBSeq_organism>
 <GBSeq_organism>Aeromonas piscicola</GBSeq_organism>
 <GBSeq_organism>Aeromonas diversa 2478-85</GBSeq_organism>
 <GBSeq_organism>Aeromonas media</GBSeq_organism>
 <GBSeq_organism>Aeromonas sobria</GBSeq_organism>
 <GBSeq_organism>Aeromonas rivuli</GBSeq_organism>
 <GBSeq_organism>Aeromonas salmonicida</GBSeq_organism>
 <GBSeq_organism>Aeromonas eucrenophila</GBSeq_organism>
 <GBSeq_organism>Aeromonas tecta</GBSeq_organism>
 <GBSeq_organism>Aeromonas molluscorum</GBSeq_organism>
 <GBSeq_organism>Aeromonas encheleia</GBSeq_organism>
 <GBSeq_organism>Aeromonas dhakensis</GBSeq_organism>
 <GBSeq_organism>Aeromonas hydrophila</GBSeq_organism>
 <GBSeq_organism>Aeromonas popoffii</GBSeq_organism>
 <GBSeq_organism>Aeromonas taiwanensis</GBSeq_organism>
 <GBSeq_organism>Aeromonas simiae</GBSeq_organism>
 <GBSeq_organism>Aeromonas bestiarum</GBSeq_organism>
