 <GBSeq_organism>Leptothrix mobilis</GBSeq_organism>
 <GBSeq_organism>Roseateles depolymerans</GBSeq_organism>
 <GBSeq_organism>Ideonella dechloratans</GBSeq_organism>
 <GBSeq_organism>Caldimonas taiwanensis</GBSeq_organism>
 <GBSeq_organism>Azohydromonas lata</GBSeq_organism>
 <GBSeq_organism>Aquabacterium parvum</GBSeq_organism>
 <GBSeq_organism>Tepidimonas ignava</GBSeq_organism>
 <GBSeq_organism>Schlegelella thermodepolymerans</GBSeq_organism>
 <GBSeq_organism>Delftia acidovorans</GBSeq_organism>
 <GBSeq_organism>Aquabacterium commune</GBSeq_organism>
 <GBSeq_organism>Caldimonas manganoxidans</GBSeq_organism>
 <GBSeq_organism>Tepidimonas taiwanensis</GBSeq_organism>
 <GBSeq_organism>Cupriavidus taiwanensis LMG 19424</GBSeq_organism>
 <GBSeq_organism>Comamonas testosteroni</GBSeq_organism>
 <GBSeq_organism>Chitinimonas taiwanensis</GBSeq_organism>
 <GBSeq_organism>Tepidimonas aquatica</GBSeq_organism>
 <GBSeq_organism>Rubrivivax gelatinosus</GBSeq_organism>
 <GBSeq_organism>Leptothrix cholodnii</GBSeq_organism>
 <GBSeq_organism>dehydroabietic acid-degrading bacterium DhA-71</GBSeq_organism>
 <GBSeq_organism>Leptothrix discophora</GBSeq_organism>
 <GBSeq_organism>Schlegelella aquatica</GBSeq_organism>
 <GBSeq_organism>Sphaerotilus natans</GBSeq_organism>
 <GBSeq_organism>Schlegelella thermodepolymerans</GBSeq_organism>
 <GBSeq_organism>Aquabacterium citratiphilum</GBSeq_organism>
