 <GBSeq_organism>Algibacter lectus</GBSeq_organism>
 <GBSeq_organism>Polaribacter franzmannii ATCC 700399</GBSeq_organism>
 <GBSeq_organism>Aquimarina muelleri</GBSeq_organism>
 <GBSeq_organism>Bizionia paragorgiae</GBSeq_organism>
 <GBSeq_organism>Tenacibaculum lutimaris</GBSeq_organism>
 <GBSeq_organism>Lutibacter litoralis</GBSeq_organism>
 <GBSeq_organism>Salegentibacter salegens</GBSeq_organism>
 <GBSeq_organism>Bacteroides fragilis</GBSeq_organism>
 <GBSeq_organism>Coenonia anatina</GBSeq_organism>
 <GBSeq_organism>Gaetbulibacter saemankumensis</GBSeq_organism>
 <GBSeq_organism>Gillisia limnaea DSM 15749</GBSeq_organism>
 <GBSeq_organism>Ulvibacter litoralis</GBSeq_organism>
 <GBSeq_organism>Formosa algae</GBSeq_organism>
 <GBSeq_organism>Polaribacter filamentus</GBSeq_organism>
 <GBSeq_organism>Aestuariicola saemankumensis</GBSeq_organism>
 <GBSeq_organism>Tenacibaculum skagerrakense</GBSeq_organism>
 <GBSeq_organism>Flavobacterium aquatile</GBSeq_organism>
 <GBSeq_organism>Mesonia algae</GBSeq_organism>
 <GBSeq_organism>Psychroserpens burtonensis</GBSeq_organism>
 <GBSeq_organism>Psychroflexus torquis ATCC 700755</GBSeq_organism>
 <GBSeq_organism>Cellulophaga lytica</GBSeq_organism>
 <GBSeq_organism>Polaribacter irgensii</GBSeq_organism>
 <GBSeq_organism>Winogradskyella thalassocola</GBSeq_organism>
 <GBSeq_organism>Gelidibacter algens</GBSeq_organism>
 <GBSeq_organism>Nonlabens dokdonensis DSW-6</GBSeq_organism>
 <GBSeq_organism>Tenacibaculum mesophilum</GBSeq_organism>
