 <GBSeq_organism>Burkholderia cepacia</GBSeq_organism>
 <GBSeq_organism>Burkholderia contaminans</GBSeq_organism>
 <GBSeq_organism>Burkholderia cepacia</GBSeq_organism>
 <GBSeq_organism>Ponthieva schaffneri</GBSeq_organism>
 <GBSeq_organism>Burkholderia pyrrocinia</GBSeq_organism>
 <GBSeq_organism>Burkholderia contaminans</GBSeq_organism>
 <GBSeq_organism>Burkholderia contaminans</GBSeq_organism>
 <GBSeq_organism>Burkholderia contaminans</GBSeq_organism>
 <GBSeq_organism>Burkholderia cepacia</GBSeq_organism>
 <GBSeq_organism>Burkholderia cepacia</GBSeq_organism>
 <GBSeq_organism>Burkholderia arboris</GBSeq_organism>
 <GBSeq_organism>Burkholderia cepacia</GBSeq_organism>
 <GBSeq_organism>Burkholderia ubonensis</GBSeq_organism>
 <GBSeq_organism>Burkholderia contaminans</GBSeq_organism>
 <GBSeq_organism>Burkholderia cepacia</GBSeq_organism>
 <GBSeq_organism>Burkholderia lata</GBSeq_organism>
 <GBSeq_organism>Burkholderia contaminans</GBSeq_organism>
 <GBSeq_organism>Burkholderia lata</GBSeq_organism>
 <GBSeq_organism>Burkholderia stabilis</GBSeq_organism>
 <GBSeq_organism>Burkholderia cepacia ATCC 25416</GBSeq_organism>
 <GBSeq_organism>Burkholderia multivorans</GBSeq_organism>
 <GBSeq_organism>Burkholderia cepacia</GBSeq_organism>
 <GBSeq_organism>Burkholderia contaminans</GBSeq_organism>
 <GBSeq_organism>Burkholderia cepacia</GBSeq_organism>
 <GBSeq_organism>Burkholderia dolosa</GBSeq_organism>
 <GBSeq_organism>Burkholderia diffusa</GBSeq_organism>
 <GBSeq_organism>Burkholderia cepacia</GBSeq_organism>
 <GBSeq_organism>Burkholderia cenocepacia</GBSeq_organism>
 <GBSeq_organism>Burkholderia cepacia</GBSeq_organism>
 <GBSeq_organism>Burkholderia cepacia</GBSeq_organism>
 <GBSeq_organism>Burkholderia cepacia</GBSeq_organism>
 <GBSeq_organism>Burkholderia ambifaria</GBSeq_organism>
 <GBSeq_organism>Burkholderia cepacia</GBSeq_organism>
 <GBSeq_organism>Burkholderia cepacia</GBSeq_organism>
 <GBSeq_organism>Burkholderia seminalis DSM 23518</GBSeq_organism>
 <GBSeq_organism>Burkholderia latens</GBSeq_organism>
