 <GBSeq_organism>Escherichia coli DSM 30083 = JCM 1649 = ATCC 11775</GBSeq_organism>
 <GBSeq_organism>Oceanobacter kriegii</GBSeq_organism>
 <GBSeq_organism>Marinimicrobium koreense</GBSeq_organism>
 <GBSeq_organism>Cellvibrio vulgaris</GBSeq_organism>
 <GBSeq_organism>Marinobacter lipolyticus</GBSeq_organism>
 <GBSeq_organism>Neptunomonas naphthovorans</GBSeq_organism>
 <GBSeq_organism>Cellvibrio mixtus subsp. mixtus</GBSeq_organism>
 <GBSeq_organism>Microbulbifer maritimus</GBSeq_organism>
 <GBSeq_organism>Microbulbifer hydrolyticus</GBSeq_organism>
 <GBSeq_organism>Marinobacter hydrocarbonoclasticus ATCC 49840</GBSeq_organism>
 <GBSeq_organism>Oceanospirillum maris subsp. maris</GBSeq_organism>
 <GBSeq_organism>Microbulbifer elongatus</GBSeq_organism>
 <GBSeq_organism>Alcanivorax venustensis ISO4</GBSeq_organism>
 <GBSeq_organism>Microbulbifer salipaludis</GBSeq_organism>
 <GBSeq_organism>Pseudomonas asplenii</GBSeq_organism>
 <GBSeq_organism>Teredinibacter turnerae</GBSeq_organism>
 <GBSeq_organism>Halomonas elongata</GBSeq_organism>
 <GBSeq_organism>Pseudomonas fluorescens</GBSeq_organism>
 <GBSeq_organism>Saccharophagus degradans 2-40</GBSeq_organism>
 <GBSeq_organism>Marinimicrobium agarilyticum</GBSeq_organism>
