 <GBSeq_organism>Bifidobacterium gallicum DSM 20093 = LMG 11596</GBSeq_organism>
 <GBSeq_organism>Bifidobacterium dentium JCM 1195 = DSM 20436</GBSeq_organism>
 <GBSeq_organism>Bifidobacterium longum subsp. longum</GBSeq_organism>
 <GBSeq_organism>Bifidobacterium longum subsp. infantis ATCC 15697 = JCM 1222 = DSM 20088</GBSeq_organism>
 <GBSeq_organism>Bifidobacterium cuniculi</GBSeq_organism>
 <GBSeq_organism>Bifidobacterium pseudocatenulatum DSM 20438 = JCM 1200 = LMG 10505</GBSeq_organism>
 <GBSeq_organism>Bifidobacterium animalis</GBSeq_organism>
 <GBSeq_organism>Bifidobacterium mongoliense</GBSeq_organism>
 <GBSeq_organism>Bifidobacterium ruminantium</GBSeq_organism>
 <GBSeq_organism>Bifidobacterium choerinum</GBSeq_organism>
 <GBSeq_organism>Bifidobacterium stercoris JCM 15918</GBSeq_organism>
 <GBSeq_organism>Bifidobacterium scardovii JCM 12489 = DSM 13734</GBSeq_organism>
 <GBSeq_organism>Bifidobacterium animalis subsp. lactis DSM 10140</GBSeq_organism>
 <GBSeq_organism>Bifidobacterium angulatum DSM 20098 = JCM 7096</GBSeq_organism>
 <GBSeq_organism>Bifidobacterium coryneforme</GBSeq_organism>
 <GBSeq_organism>Bifidobacterium asteroides</GBSeq_organism>
 <GBSeq_organism>Bifidobacterium indicum</GBSeq_organism>
 <GBSeq_organism>Bifidobacterium adolescentis</GBSeq_organism>
 <GBSeq_organism>Bifidobacterium longum subsp. suis</GBSeq_organism>
 <GBSeq_organism>Bifidobacterium pseudolongum subsp. pseudolongum</GBSeq_organism>
 <GBSeq_organism>Bifidobacterium pullorum</GBSeq_organism>
 <GBSeq_organism>Bifidobacterium thermacidophilum subsp. porcinum</GBSeq_organism>
 <GBSeq_organism>Micrococcus lylae</GBSeq_organism>
 <GBSeq_organism>Bifidobacterium magnum</GBSeq_organism>
 <GBSeq_organism>Bifidobacterium minimum</GBSeq_organism>
 <GBSeq_organism>Bifidobacterium boum</GBSeq_organism>
 <GBSeq_organism>Bifidobacterium saeculare DSM 6531 = LMG 14934</GBSeq_organism>
 <GBSeq_organism>Bifidobacterium bifidum</GBSeq_organism>
 <GBSeq_organism>Bifidobacterium merycicum</GBSeq_organism>
 <GBSeq_organism>Bifidobacterium pseudolongum subsp. globosum</GBSeq_organism>
 <GBSeq_organism>Bifidobacterium bombi</GBSeq_organism>
 <GBSeq_organism>Bifidobacterium catenulatum</GBSeq_organism>
 <GBSeq_organism>Bifidobacterium subtile</GBSeq_organism>
