 <GBSeq_organism>Cyberlindnera mrakii</GBSeq_organism>
 <GBSeq_organism>Cyberlindnera bimundalis</GBSeq_organism>
 <GBSeq_organism>Cyberlindnera suaveolens</GBSeq_organism>
 <GBSeq_organism>Candida sp. NRRL YB-4088</GBSeq_organism>
 <GBSeq_organism>Cyberlindnera fabianii</GBSeq_organism>
 <GBSeq_organism>Cyberlindnera rhodanensis</GBSeq_organism>
 <GBSeq_organism>Candida sp. NRRL Y-27267</GBSeq_organism>
 <GBSeq_organism>Cyberlindnera maclurae</GBSeq_organism>
 <GBSeq_organism>Cyberlindnera meyerae</GBSeq_organism>
 <GBSeq_organism>Candida sp. NRRL Y-7615</GBSeq_organism>
 <GBSeq_organism>Candida mycetangii</GBSeq_organism>
 <GBSeq_organism>Candida sp. NRRL Y-27103</GBSeq_organism>
 <GBSeq_organism>Cyberlindnera lachancei</GBSeq_organism>
 <GBSeq_organism>Cyberlindnera saturnus</GBSeq_organism>
 <GBSeq_organism>Pichia amylophila</GBSeq_organism>
 <GBSeq_organism>Pichia membranifaciens</GBSeq_organism>
 <GBSeq_organism>Cyberlindnera misumaiensis</GBSeq_organism>
 <GBSeq_organism>Cyberlindnera subsufficiens</GBSeq_organism>
 <GBSeq_organism>Cyberlindnera mississippiensis</GBSeq_organism>
 <GBSeq_organism>Pichia japonica</GBSeq_organism>
 <GBSeq_organism>Candida vartiovaarae</GBSeq_organism>
 <GBSeq_organism>Cyberlindnera sargentensis</GBSeq_organism>
 <GBSeq_organism>Candida maritima</GBSeq_organism>
 <GBSeq_organism>Cyberlindnera euphorbiae</GBSeq_organism>
 <GBSeq_organism>Cyberlindnera americana</GBSeq_organism>
 <GBSeq_organism>Cyberlindnera jadinii</GBSeq_organism>
 <GBSeq_organism>Cyberlindnera veronae</GBSeq_organism>
 <GBSeq_organism>Candida sp. NRRL YB-2097</GBSeq_organism>
