 <GBSeq_organism>Giesbergeria giesbergeri</GBSeq_organism>
 <GBSeq_organism>Ramlibacter tataouinensis TTB310</GBSeq_organism>
 <GBSeq_organism>Diaphorobacter nitroreducens</GBSeq_organism>
 <GBSeq_organism>Variovorax paradoxus</GBSeq_organism>
 <GBSeq_organism>Comamonas terrigena</GBSeq_organism>
 <GBSeq_organism>Acidovorax anthurii</GBSeq_organism>
 <GBSeq_organism>Curvibacter delicatus</GBSeq_organism>
 <GBSeq_organism>Rhodoferax antarcticus ANT.BR</GBSeq_organism>
 <GBSeq_organism>Acidovorax defluvii</GBSeq_organism>
 <GBSeq_organism>Acidovorax avenae subsp. avenae</GBSeq_organism>
 <GBSeq_organism>Xylophilus ampelinus</GBSeq_organism>
 <GBSeq_organism>Simplicispira metamorpha</GBSeq_organism>
 <GBSeq_organism>Xenophilus azovorans</GBSeq_organism>
 <GBSeq_organism>Acidovorax delafieldii</GBSeq_organism>
 <GBSeq_organism>Lampropedia hyalina</GBSeq_organism>
 <GBSeq_organism>Rhodoferax fermentans</GBSeq_organism>
 <GBSeq_organism>Ottowia thiooxydans</GBSeq_organism>
 <GBSeq_organism>Giesbergeria voronezhensis</GBSeq_organism>
 <GBSeq_organism>Delftia acidovorans</GBSeq_organism>
 <GBSeq_organism>Acidovorax valerianellae</GBSeq_organism>
 <GBSeq_organism>Alicycliphilus denitrificans K601</GBSeq_organism>
 <GBSeq_organism>Polaromonas vacuolata</GBSeq_organism>
 <GBSeq_organism>Acidovorax facilis</GBSeq_organism>
 <GBSeq_organism>Hydrogenophaga intermedia</GBSeq_organism>
 <GBSeq_organism>Simplicispira metamorpha</GBSeq_organism>
 <GBSeq_organism>Comamonas testosteroni</GBSeq_organism>
 <GBSeq_organism>Comamonas denitrificans</GBSeq_organism>
 <GBSeq_organism>Rhodoferax ferrireducens T118</GBSeq_organism>
 <GBSeq_organism>Acidovorax konjaci</GBSeq_organism>
 <GBSeq_organism>Comamonas nitrativorans</GBSeq_organism>
 <GBSeq_organism>Hydrogenophaga palleronii</GBSeq_organism>
 <GBSeq_organism>Comamonas koreensis</GBSeq_organism>
 <GBSeq_organism>Hydrogenophaga taeniospiralis CCUG 15921</GBSeq_organism>
 <GBSeq_organism>Simplicispira psychrophila</GBSeq_organism>
 <GBSeq_organism>Acidovorax temperans</GBSeq_organism>
 <GBSeq_organism>Pseudacidovorax intermedius</GBSeq_organism>
 <GBSeq_organism>Ramlibacter henchirensis</GBSeq_organism>
 <GBSeq_organism>Giesbergeria voronezhensis</GBSeq_organism>
 <GBSeq_organism>Giesbergeria kuznetsovii</GBSeq_organism>
 <GBSeq_organism>Hylemonella gracilis ATCC 19624</GBSeq_organism>
 <GBSeq_organism>Homo sapiens</GBSeq_organism>
