 <GBSeq_organism>Ramlibacter tataouinensis TTB310</GBSeq_organism>
 <GBSeq_organism>Variovorax paradoxus</GBSeq_organism>
 <GBSeq_organism>Acidovorax anthurii</GBSeq_organism>
 <GBSeq_organism>Rhodoferax antarcticus ANT.BR</GBSeq_organism>
 <GBSeq_organism>Acidovorax defluvii</GBSeq_organism>
 <GBSeq_organism>Acidovorax avenae subsp. avenae</GBSeq_organism>
 <GBSeq_organism>Xylophilus ampelinus</GBSeq_organism>
 <GBSeq_organism>Simplicispira metamorpha</GBSeq_organism>
 <GBSeq_organism>Xenophilus azovorans</GBSeq_organism>
 <GBSeq_organism>Giesbergeria sinuosa</GBSeq_organism>
 <GBSeq_organism>Rhodoferax fermentans</GBSeq_organism>
 <GBSeq_organism>Ottowia thiooxydans</GBSeq_organism>
 <GBSeq_organism>Acidovorax valerianellae</GBSeq_organism>
 <GBSeq_organism>Alicycliphilus denitrificans K601</GBSeq_organism>
 <GBSeq_organism>Acidovorax facilis</GBSeq_organism>
 <GBSeq_organism>Acidovorax konjaci</GBSeq_organism>
 <GBSeq_organism>Simplicispira psychrophila</GBSeq_organism>
 <GBSeq_organism>Acidovorax temperans</GBSeq_organism>
 <GBSeq_organism>Ramlibacter henchirensis</GBSeq_organism>
 <GBSeq_organism>Hylemonella gracilis ATCC 19624</GBSeq_organism>
