 <GBSeq_organism>Bacillus boroniphilus</GBSeq_organism>
 <GBSeq_organism>Bacillus altitudinis 41KF2b</GBSeq_organism>
 <GBSeq_organism>Bacillus soli</GBSeq_organism>
 <GBSeq_organism>Bacillus simplex</GBSeq_organism>
 <GBSeq_organism>Bacillus indicus</GBSeq_organism>
 <GBSeq_organism>Bacillus herbersteinensis</GBSeq_organism>
 <GBSeq_organism>Bacillus cohnii</GBSeq_organism>
 <GBSeq_organism>Bacillus megaterium</GBSeq_organism>
 <GBSeq_organism>Bacillus pumilus</GBSeq_organism>
 <GBSeq_organism>Bacillus foraminis</GBSeq_organism>
 <GBSeq_organism>Bacillus cibi</GBSeq_organism>
 <GBSeq_organism>Bacillus asahii</GBSeq_organism>
 <GBSeq_organism>Bacillus subtilis</GBSeq_organism>
 <GBSeq_organism>Bacillus novalis</GBSeq_organism>
 <GBSeq_organism>Bacillus firmus</GBSeq_organism>
 <GBSeq_organism>Bacillus humi</GBSeq_organism>
 <GBSeq_organism>Bacillus litoralis</GBSeq_organism>
 <GBSeq_organism>Bacillus luciferensis</GBSeq_organism>
 <GBSeq_organism>Bacillus idriensis</GBSeq_organism>
 <GBSeq_organism>Bacillus safensis FO-36b</GBSeq_organism>
 <GBSeq_organism>Bacillus jeotgali</GBSeq_organism>
 <GBSeq_organism>Bacillus halmapalus</GBSeq_organism>
 <GBSeq_organism>Bacillus alkalitelluris</GBSeq_organism>
 <GBSeq_organism>Bacillus endophyticus</GBSeq_organism>
 <GBSeq_organism>Gracilibacillus halotolerans</GBSeq_organism>
 <GBSeq_organism>Bacillus bataviensis LMG 21833</GBSeq_organism>
 <GBSeq_organism>Bacillus infantis</GBSeq_organism>
