 <GBSeq_organism>Methylorhabdus multivorans</GBSeq_organism>
 <GBSeq_organism>Methylobacterium fujisawaense</GBSeq_organism>
 <GBSeq_organism>Methylobacterium thiocyanatum</GBSeq_organism>
 <GBSeq_organism>Methylobacterium extorquens</GBSeq_organism>
 <GBSeq_organism>Methylobacterium rhodesianum</GBSeq_organism>
 <GBSeq_organism>Methylopila capsulata</GBSeq_organism>
 <GBSeq_organism>Methylobacterium nodulans ORS 2060</GBSeq_organism>
 <GBSeq_organism>Methylobacterium radiotolerans JCM 2831</GBSeq_organism>
 <GBSeq_organism>Methylocystis parvus</GBSeq_organism>
 <GBSeq_organism>Methylobacterium extorquens CM4</GBSeq_organism>
 <GBSeq_organism>Methylosinus trichosporium</GBSeq_organism>
 <GBSeq_organism>Afipia felis</GBSeq_organism>
 <GBSeq_organism>Methylobacterium organophilum</GBSeq_organism>
 <GBSeq_organism>Methylobacterium suomiense</GBSeq_organism>
 <GBSeq_organism>Rhizobium sp. xct10</GBSeq_organism>
 <GBSeq_organism>Rhizobium sp. xct17</GBSeq_organism>
 <GBSeq_organism>Methylobacterium mesophilicum</GBSeq_organism>
 <GBSeq_organism>Rhizobium sp. xct14</GBSeq_organism>
 <GBSeq_organism>Methylobacterium rhodinum</GBSeq_organism>
 <GBSeq_organism>Methylobacterium lusitanum</GBSeq_organism>
 <GBSeq_organism>Albibacter methylovorans</GBSeq_organism>
 <GBSeq_organism>Methylobacterium zatmanii</GBSeq_organism>
 <GBSeq_organism>Methylobacterium extorquens DM4</GBSeq_organism>
