 <GBSeq_organism>Bacillus vireti LMG 21834</GBSeq_organism>
 <GBSeq_organism>Bacillus subterraneus</GBSeq_organism>
 <GBSeq_organism>Bacillus soli</GBSeq_organism>
 <GBSeq_organism>Bacillus benzoevorans</GBSeq_organism>
 <GBSeq_organism>Bacillus ginsengi</GBSeq_organism>
 <GBSeq_organism>Bacillus fortis</GBSeq_organism>
 <GBSeq_organism>Bacillus foraminis</GBSeq_organism>
 <GBSeq_organism>Bacillus drentensis</GBSeq_organism>
 <GBSeq_organism>Bacillus novalis</GBSeq_organism>
 <GBSeq_organism>Paenibacillus polymyxa</GBSeq_organism>
 <GBSeq_organism>Bacillus niacini</GBSeq_organism>
 <GBSeq_organism>Bacillus acidicola</GBSeq_organism>
 <GBSeq_organism>Bacillus beijingensis</GBSeq_organism>
 <GBSeq_organism>Bacillus ginsengi</GBSeq_organism>
 <GBSeq_organism>Bacillus ruris</GBSeq_organism>
 <GBSeq_organism>Bacillus jeotgali</GBSeq_organism>
 <GBSeq_organism>Bacillus nealsonii</GBSeq_organism>
 <GBSeq_organism>Bacillus beijingensis</GBSeq_organism>
 <GBSeq_organism>Bacillus bataviensis LMG 21833</GBSeq_organism>
 <GBSeq_organism>Bacillus fumarioli</GBSeq_organism>
 <GBSeq_organism>Bacillus fordii</GBSeq_organism>
