 <GBSeq_organism>Nocardia farcinica</GBSeq_organism>
 <GBSeq_organism>Williamsia serinedens</GBSeq_organism>
 <GBSeq_organism>Turicella otitidis</GBSeq_organism>
 <GBSeq_organism>Gordonia bronchialis DSM 43247</GBSeq_organism>
 <GBSeq_organism>Smaragdicoccus niigatensis</GBSeq_organism>
 <GBSeq_organism>Williamsia deligens</GBSeq_organism>
 <GBSeq_organism>Nocardia otitidiscaviarum</GBSeq_organism>
 <GBSeq_organism>Williamsia maris</GBSeq_organism>
 <GBSeq_organism>Rhodococcus hoagii</GBSeq_organism>
 <GBSeq_organism>Dietzia papillomatosis</GBSeq_organism>
 <GBSeq_organism>Mycobacterium smegmatis</GBSeq_organism>
 <GBSeq_organism>Corynebacterium diphtheriae</GBSeq_organism>
 <GBSeq_organism>Williamsia faeni</GBSeq_organism>
 <GBSeq_organism>Corynebacterium callunae</GBSeq_organism>
 <GBSeq_organism>Xenopus laevis</GBSeq_organism>
 <GBSeq_organism>Tsukamurella pulmonis</GBSeq_organism>
 <GBSeq_organism>Segniliparus rugosus</GBSeq_organism>
 <GBSeq_organism>Dietzia maris</GBSeq_organism>
 <GBSeq_organism>Segniliparus rotundus DSM 44985</GBSeq_organism>
 <GBSeq_organism>Rhodococcus rhodnii</GBSeq_organism>
 <GBSeq_organism>Gordonia hydrophobica</GBSeq_organism>
 <GBSeq_organism>Gordonia polyisoprenivorans</GBSeq_organism>
 <GBSeq_organism>Rhodococcus rhodochrous</GBSeq_organism>
 <GBSeq_organism>Nocardia asteroides NBRC 15531</GBSeq_organism>
 <GBSeq_organism>Millisia brevis</GBSeq_organism>
