 <GBSeq_organism>uncultured phenanthrene mineralizing bacterium</GBSeq_organism>
 <GBSeq_organism>uncultured napthalene mineralizing bacterium</GBSeq_organism>
 <GBSeq_organism>uncultured sulfate-reducing bacterium</GBSeq_organism>
 <GBSeq_organism>uncultured sulfate-reducing bacterium</GBSeq_organism>
 <GBSeq_organism>uncultured sulfate-reducing bacterium</GBSeq_organism>
 <GBSeq_organism>uncultured bacterium</GBSeq_organism>
 <GBSeq_organism>Desulfonema limicola str. Jadebusen</GBSeq_organism>
 <GBSeq_organism>uncultured phenanthrene mineralizing bacterium</GBSeq_organism>
 <GBSeq_organism>Desulfotomaculum luciae</GBSeq_organism>
 <GBSeq_organism>uncultured bacterium</GBSeq_organism>
 <GBSeq_organism>Thermodesulfobacterium commune DSM 2178</GBSeq_organism>
 <GBSeq_organism>uncultured sulfate-reducing bacterium</GBSeq_organism>
 <GBSeq_organism>Desulfotomaculum thermocisternum</GBSeq_organism>
 <GBSeq_organism>uncultured bacterium</GBSeq_organism>
 <GBSeq_organism>uncultured sulfate-reducing bacterium</GBSeq_organism>
 <GBSeq_organism>Thermodesulfovibrio yellowstonii</GBSeq_organism>
 <GBSeq_organism>Desulfotomaculum thermobenzoicum</GBSeq_organism>
 <GBSeq_organism>uncultured sulfate-reducing bacterium</GBSeq_organism>
 <GBSeq_organism>uncultured sulfate-reducing bacterium</GBSeq_organism>
 <GBSeq_organism>uncultured napthalene mineralizing bacterium</GBSeq_organism>
 <GBSeq_organism>uncultured sulfate-reducing bacterium</GBSeq_organism>
 <GBSeq_organism>uncultured sulfate-reducing bacterium</GBSeq_organism>
 <GBSeq_organism>uncultured sulfate-reducing bacterium</GBSeq_organism>
 <GBSeq_organism>Desulfofaba gelida</GBSeq_organism>
 <GBSeq_organism>uncultured bacterium</GBSeq_organism>
 <GBSeq_organism>Desulfovibrio desulfuricans subsp. desulfuricans</GBSeq_organism>
 <GBSeq_organism>uncultured phenanthrene mineralizing bacterium</GBSeq_organism>
 <GBSeq_organism>Desulfotomaculum thermoacetoxidans</GBSeq_organism>
 <GBSeq_organism>Thermodesulfovibrio islandicus</GBSeq_organism>
 <GBSeq_organism>uncultured sulfate-reducing bacterium</GBSeq_organism>
 <GBSeq_organism>Desulfosarcina variabilis str. Montpellier</GBSeq_organism>
 <GBSeq_organism>uncultured sulfate-reducing bacterium UMTRAdsr648-20</GBSeq_organism>
 <GBSeq_organism>Desulfofustis glycolicus</GBSeq_organism>
 <GBSeq_organism>uncultured sulfate-reducing bacterium</GBSeq_organism>
 <GBSeq_organism>Desulforhopalus vacuolatus</GBSeq_organism>
 <GBSeq_organism>uncultured bacterium</GBSeq_organism>
 <GBSeq_organism>Desulfomonile tiedjei DSM 6799</GBSeq_organism>
 <GBSeq_organism>Desulfovibrio africanus</GBSeq_organism>
 <GBSeq_organism>Desulfobulbus propionicus</GBSeq_organism>
 <GBSeq_organism>uncultured bacterium</GBSeq_organism>
 <GBSeq_organism>uncultured bacterium</GBSeq_organism>
 <GBSeq_organism>uncultured sulfate-reducing bacterium</GBSeq_organism>
 <GBSeq_organism>uncultured prokaryote</GBSeq_organism>
 <GBSeq_organism>uncultured bacterium</GBSeq_organism>
 <GBSeq_organism>uncultured bacterium</GBSeq_organism>
 <GBSeq_organism>Desulfarculus baarsii DSM 2075</GBSeq_organism>
 <GBSeq_organism>uncultured sulfate-reducing bacterium</GBSeq_organism>
 <GBSeq_organism>uncultured sulfate-reducing bacterium</GBSeq_organism>
 <GBSeq_organism>Thermodesulfobacterium thermophilum</GBSeq_organism>
 <GBSeq_organism>uncultured bacterium</GBSeq_organism>
 <GBSeq_organism>uncultured sulfate-reducing bacterium</GBSeq_organism>
 <GBSeq_organism>Archaeoglobus fulgidus</GBSeq_organism>
 <GBSeq_organism>uncultured phenanthrene mineralizing bacterium</GBSeq_organism>
 <GBSeq_organism>uncultured bacterium</GBSeq_organism>
 <GBSeq_organism>uncultured sulfate-reducing bacterium</GBSeq_organism>
 <GBSeq_organism>uncultured bacterium</GBSeq_organism>
