 <GBSeq_organism>Paracoccus marinus</GBSeq_organism>
 <GBSeq_organism>Rhodovulum imhoffii</GBSeq_organism>
 <GBSeq_organism>Rhodobacter aestuarii</GBSeq_organism>
 <GBSeq_organism>Paracoccus thiocyanatus</GBSeq_organism>
 <GBSeq_organism>Paracoccus kocurii</GBSeq_organism>
 <GBSeq_organism>Paracoccus haeundaensis</GBSeq_organism>
 <GBSeq_organism>Rhodovulum strictum</GBSeq_organism>
 <GBSeq_organism>Paracoccus aminophilus</GBSeq_organism>
 <GBSeq_organism>Rhodobacter johrii</GBSeq_organism>
 <GBSeq_organism>Paracoccus aminovorans</GBSeq_organism>
 <GBSeq_organism>Rhodovulum kholense</GBSeq_organism>
 <GBSeq_organism>Paracoccus chinensis</GBSeq_organism>
 <GBSeq_organism>Roseicyclus mahoneyensis</GBSeq_organism>
 <GBSeq_organism>Gemmobacter changlensis</GBSeq_organism>
 <GBSeq_organism>Paracoccus pantotrophus</GBSeq_organism>
 <GBSeq_organism>Rhodobacter maris</GBSeq_organism>
 <GBSeq_organism>Rhodobaca bogoriensis DSM 18756</GBSeq_organism>
 <GBSeq_organism>Salinihabitans flavidus</GBSeq_organism>
 <GBSeq_organism>Rhodobacter azotoformans</GBSeq_organism>
 <GBSeq_organism>Rhodovulum adriaticum</GBSeq_organism>
 <GBSeq_organism>Paracoccus carotinifaciens</GBSeq_organism>
 <GBSeq_organism>Gemmobacter caeni</GBSeq_organism>
 <GBSeq_organism>Rhodopseudomonas palustris</GBSeq_organism>
 <GBSeq_organism>Leisingera caerulea</GBSeq_organism>
 <GBSeq_organism>Rhodobacter ovatus</GBSeq_organism>
 <GBSeq_organism>Paracoccus koreensis</GBSeq_organism>
 <GBSeq_organism>Paracoccus alcaliphilus</GBSeq_organism>
 <GBSeq_organism>Rhodovulum euryhalinum</GBSeq_organism>
 <GBSeq_organism>Albidovulum inexpectatum</GBSeq_organism>
 <GBSeq_organism>Paracoccus seriniphilus</GBSeq_organism>
 <GBSeq_organism>Rhodobacter capsulatus</GBSeq_organism>
 <GBSeq_organism>Ketogulonicigenium vulgare</GBSeq_organism>
