 <GBSeq_organism>Desulfoglaeba alkanexedens ALDC</GBSeq_organism>
 <GBSeq_organism>sulfate-reducing bacterium AK-01</GBSeq_organism>
 <GBSeq_organism>delta proteobacterium S2552</GBSeq_organism>
 <GBSeq_organism>Desulfovibrio africanus subsp. africanus DSM 2603</GBSeq_organism>
 <GBSeq_organism>Desulfatibacillum alkenivorans</GBSeq_organism>
 <GBSeq_organism>Desulfacinum infernum</GBSeq_organism>
 <GBSeq_organism>delta proteobacterium S2550</GBSeq_organism>
 <GBSeq_organism>delta proteobacterium Pnd3</GBSeq_organism>
 <GBSeq_organism>Desulforhabdus amnigena</GBSeq_organism>
 <GBSeq_organism>Thermodesulfovibrio islandicus</GBSeq_organism>
 <GBSeq_organism>Desulfosarcina variabilis</GBSeq_organism>
 <GBSeq_organism>Desulfococcus oleovorans Hxd3</GBSeq_organism>
 <GBSeq_organism>Syntrophus buswellii</GBSeq_organism>
 <GBSeq_organism>Desulfococcus multivorans</GBSeq_organism>
 <GBSeq_organism>Desulfacinum subterraneum</GBSeq_organism>
 <GBSeq_organism>Syntrophobacter pfennigii</GBSeq_organism>
 <GBSeq_organism>Desulfacinum hydrothermale</GBSeq_organism>
 <GBSeq_organism>Syntrophobacter wolinii</GBSeq_organism>
 <GBSeq_organism>Desulfatibacillum aliphaticivorans</GBSeq_organism>
 <GBSeq_organism>Desulfomonile tiedjei</GBSeq_organism>
 <GBSeq_organism>Desulfoglaeba sp. Lake</GBSeq_organism>
 <GBSeq_organism>Desulfonema limicola str. Jadebusen</GBSeq_organism>
 <GBSeq_organism>sulfate-reducing bacterium PF2802</GBSeq_organism>
 <GBSeq_organism>Syntrophobacter fumaroxidans MPOB</GBSeq_organism>
 <GBSeq_organism>Desulfacinum sp. M40/2 CIV-2.3</GBSeq_organism>
 <GBSeq_organism>Desulfobacter postgatei</GBSeq_organism>
 <GBSeq_organism>Desulfothermus naphthae</GBSeq_organism>
 <GBSeq_organism>Thermodesulforhabdus norvegica</GBSeq_organism>
