 <GBSeq_organism>uncultured bacterium</GBSeq_organism>
 <GBSeq_organism>Parasutterella excrementihominis YIT 11859</GBSeq_organism>
 <GBSeq_organism>Escherichia coli DSM 30083 = JCM 1649 = ATCC 11775</GBSeq_organism>
 <GBSeq_organism>Parasutterella secunda</GBSeq_organism>
 <GBSeq_organism>Taylorella equigenitalis ATCC 35865</GBSeq_organism>
 <GBSeq_organism>Pusillimonas noertemannii</GBSeq_organism>
 <GBSeq_organism>Kerstersia gyiorum</GBSeq_organism>
 <GBSeq_organism>Sutterella wadsworthensis</GBSeq_organism>
 <GBSeq_organism>Advenella kashmirensis</GBSeq_organism>
 <GBSeq_organism>uncultured bacterium</GBSeq_organism>
 <GBSeq_organism>Oxalobacter formigenes</GBSeq_organism>
 <GBSeq_organism>Alcaligenes faecalis</GBSeq_organism>
 <GBSeq_organism>Pigmentiphaga kullae</GBSeq_organism>
 <GBSeq_organism>uncultured Sutterella sp.</GBSeq_organism>
 <GBSeq_organism>uncultured bacterium</GBSeq_organism>
 <GBSeq_organism>Sutterella parvirubra YIT 11816</GBSeq_organism>
 <GBSeq_organism>Burkholderia cepacia ATCC 25416</GBSeq_organism>
 <GBSeq_organism>Achromobacter xylosoxidans</GBSeq_organism>
 <GBSeq_organism>Advenella incenata</GBSeq_organism>
 <GBSeq_organism>Brackiella oedipodis</GBSeq_organism>
