 <GBSeq_organism>Mycobacterium farcinogenes</GBSeq_organism>
 <GBSeq_organism>Gordonia desulfuricans</GBSeq_organism>
 <GBSeq_organism>Turicella otitidis</GBSeq_organism>
 <GBSeq_organism>Gordonia bronchialis DSM 43247</GBSeq_organism>
 <GBSeq_organism>Gordonia alkanivorans</GBSeq_organism>
 <GBSeq_organism>Tsukamurella tyrosinosolvens</GBSeq_organism>
 <GBSeq_organism>Gordonia aichiensis</GBSeq_organism>
 <GBSeq_organism>Corynebacterium amycolatum</GBSeq_organism>
 <GBSeq_organism>Williamsia muralis</GBSeq_organism>
 <GBSeq_organism>Corynebacterium diphtheriae</GBSeq_organism>
 <GBSeq_organism>Gordonia amarae</GBSeq_organism>
 <GBSeq_organism>Mycobacterium chelonae</GBSeq_organism>
 <GBSeq_organism>Dietzia maris</GBSeq_organism>
 <GBSeq_organism>Rhodococcus maanshanensis</GBSeq_organism>
 <GBSeq_organism>Mycobacterium tuberculosis</GBSeq_organism>
 <GBSeq_organism>Nocardia abscessus NBRC 100374</GBSeq_organism>
 <GBSeq_organism>Gordonia hirsuta DSM 44140 = NBRC 16056</GBSeq_organism>
 <GBSeq_organism>Rhodococcus koreensis</GBSeq_organism>
 <GBSeq_organism>Mycobacterium asiaticum</GBSeq_organism>
 <GBSeq_organism>Mycobacterium genavense</GBSeq_organism>
 <GBSeq_organism>Dietzia natronolimnaea</GBSeq_organism>
 <GBSeq_organism>Rhodococcus rhodochrous</GBSeq_organism>
 <GBSeq_organism>Tsukamurella inchonensis</GBSeq_organism>
 <GBSeq_organism>Gordonia amicalis</GBSeq_organism>
