 <GBSeq_organism>Lactobacillus farraginis</GBSeq_organism>
 <GBSeq_organism>Lactobacillus oeni</GBSeq_organism>
 <GBSeq_organism>Lactobacillus hilgardii</GBSeq_organism>
 <GBSeq_organism>Lactobacillus sunkii</GBSeq_organism>
 <GBSeq_organism>Lactobacillus composti</GBSeq_organism>
 <GBSeq_organism>Lactobacillus diolivorans</GBSeq_organism>
 <GBSeq_organism>Lactobacillus sakei subsp. sakei</GBSeq_organism>
 <GBSeq_organism>Lactobacillus casei subsp. casei ATCC 393</GBSeq_organism>
 <GBSeq_organism>Lactobacillus parafarraginis</GBSeq_organism>
 <GBSeq_organism>Lactobacillus rhamnosus</GBSeq_organism>
 <GBSeq_organism>Lactobacillus salivarius</GBSeq_organism>
 <GBSeq_organism>Lactobacillus curvatus</GBSeq_organism>
 <GBSeq_organism>Lactobacillus buchneri</GBSeq_organism>
 <GBSeq_organism>Lactobacillus otakiensis</GBSeq_organism>
 <GBSeq_organism>Lactobacillus graminis</GBSeq_organism>
 <GBSeq_organism>Lactobacillus paracasei subsp. paracasei</GBSeq_organism>
 <GBSeq_organism>Lactobacillus rapi</GBSeq_organism>
 <GBSeq_organism>Lactobacillus satsumensis</GBSeq_organism>
 <GBSeq_organism>Lactobacillus parabuchneri</GBSeq_organism>
 <GBSeq_organism>Lactobacillus floricola</GBSeq_organism>
 <GBSeq_organism>Lactobacillus cacaonum</GBSeq_organism>
