 <GBSeq_organism>Streptococcus equinus ATCC 33317</GBSeq_organism>
 <GBSeq_organism>Lactococcus plantarum</GBSeq_organism>
 <GBSeq_organism>Lactococcus lactis subsp. hordniae</GBSeq_organism>
 <GBSeq_organism>Streptococcus criceti</GBSeq_organism>
 <GBSeq_organism>Escherichia coli</GBSeq_organism>
 <GBSeq_organism>Streptococcus intermedius</GBSeq_organism>
 <GBSeq_organism>Streptococcus mitis</GBSeq_organism>
 <GBSeq_organism>Lactococcus piscium</GBSeq_organism>
 <GBSeq_organism>Streptococcus equi</GBSeq_organism>
 <GBSeq_organism>Lactococcus lactis subsp. cremoris</GBSeq_organism>
 <GBSeq_organism>Vagococcus fluvialis</GBSeq_organism>
 <GBSeq_organism>Lactococcus lactis subsp. lactis</GBSeq_organism>
 <GBSeq_organism>Streptococcus alactolyticus</GBSeq_organism>
 <GBSeq_organism>Lactococcus chungangensis</GBSeq_organism>
 <GBSeq_organism>Streptococcus pyogenes</GBSeq_organism>
 <GBSeq_organism>Streptococcus anginosus SK52 = DSM 20563</GBSeq_organism>
 <GBSeq_organism>Lactococcus raffinolactis</GBSeq_organism>
 <GBSeq_organism>Streptococcus mutans</GBSeq_organism>
 <GBSeq_organism>Streptococcus sanguinis SK1</GBSeq_organism>
 <GBSeq_organism>Enterococcus faecalis</GBSeq_organism>
 <GBSeq_organism>Lactococcus garvieae ATCC 49156</GBSeq_organism>
 <GBSeq_organism>Streptococcus gallolyticus subsp. gallolyticus ATCC 43143</GBSeq_organism>
