 <GBSeq_organism>Lactobacillus farraginis</GBSeq_organism>
 <GBSeq_organism>Lactobacillus diolivorans</GBSeq_organism>
 <GBSeq_organism>Lactobacillus sakei</GBSeq_organism>
 <GBSeq_organism>Lactobacillus kefiri</GBSeq_organism>
 <GBSeq_organism>Lactobacillus fructivorans KCTC 3543 = DSM 20203</GBSeq_organism>
 <GBSeq_organism>Lactobacillus namurensis</GBSeq_organism>
 <GBSeq_organism>Lactobacillus florum</GBSeq_organism>
 <GBSeq_organism>Lactobacillus florum</GBSeq_organism>
 <GBSeq_organism>Lactobacillus malefermentans</GBSeq_organism>
 <GBSeq_organism>Lactobacillus hilgardii</GBSeq_organism>
 <GBSeq_organism>Lactobacillus parabuchneri</GBSeq_organism>
 <GBSeq_organism>Lactobacillus parabrevis</GBSeq_organism>
 <GBSeq_organism>Lactobacillus parafarraginis</GBSeq_organism>
 <GBSeq_organism>Lactobacillus plantarum</GBSeq_organism>
 <GBSeq_organism>Lactobacillus acidifarinae</GBSeq_organism>
 <GBSeq_organism>Lactobacillus brevis ATCC 14869 = DSM 20054</GBSeq_organism>
 <GBSeq_organism>Lactobacillus homohiochii</GBSeq_organism>
 <GBSeq_organism>Lactobacillus parakefiri</GBSeq_organism>
 <GBSeq_organism>Lactobacillus otakiensis</GBSeq_organism>
 <GBSeq_organism>Lactococcus lactis subsp. lactis</GBSeq_organism>
 <GBSeq_organism>Lactobacillus florum</GBSeq_organism>
 <GBSeq_organism>Lactobacillus sanfranciscensis</GBSeq_organism>
 <GBSeq_organism>Lactobacillus reuteri DSM 20016</GBSeq_organism>
 <GBSeq_organism>Lactobacillus kunkeei</GBSeq_organism>
 <GBSeq_organism>Lactobacillus zymae</GBSeq_organism>
 <GBSeq_organism>Lactobacillus casei ATCC 334</GBSeq_organism>
