 <GBSeq_organism>Microbulbifer hydrolyticus</GBSeq_organism>
 <GBSeq_organism>Idiomarina loihiensis</GBSeq_organism>
 <GBSeq_organism>Idiomarina fontislapidosi</GBSeq_organism>
 <GBSeq_organism>Idiomarina abyssalis</GBSeq_organism>
 <GBSeq_organism>Moritella marina ATCC 15381</GBSeq_organism>
 <GBSeq_organism>Colwellia psychrerythraea</GBSeq_organism>
 <GBSeq_organism>Oceanisphaera litoralis</GBSeq_organism>
 <GBSeq_organism>Idiomarina seosinensis</GBSeq_organism>
 <GBSeq_organism>Aestuariibacter salexigens</GBSeq_organism>
 <GBSeq_organism>Shewanella putrefaciens</GBSeq_organism>
 <GBSeq_organism>Thalassomonas viridans</GBSeq_organism>
 <GBSeq_organism>Idiomarina taiwanensis</GBSeq_organism>
 <GBSeq_organism>Idiomarina ramblicola</GBSeq_organism>
 <GBSeq_organism>Ferrimonas balearica DSM 9799</GBSeq_organism>
 <GBSeq_organism>Psychromonas antarctica</GBSeq_organism>
 <GBSeq_organism>Idiomarina sediminum DSM 21906</GBSeq_organism>
 <GBSeq_organism>Idiomarina zobellii</GBSeq_organism>
 <GBSeq_organism>Algicola bacteriolytica</GBSeq_organism>
 <GBSeq_organism>Glaciecola punicea</GBSeq_organism>
 <GBSeq_organism>Marinobacter hydrocarbonoclasticus ATCC 49840</GBSeq_organism>
 <GBSeq_organism>Marinobacterium georgiense</GBSeq_organism>
 <GBSeq_organism>Pseudoalteromonas haloplanktis</GBSeq_organism>
 <GBSeq_organism>Alteromonas macleodii</GBSeq_organism>
 <GBSeq_organism>Idiomarina baltica OS145</GBSeq_organism>
