 <GBSeq_organism>Streptomyces violaceolatus</GBSeq_organism>
 <GBSeq_organism>Streptomyces humiferus</GBSeq_organism>
 <GBSeq_organism>Streptomyces albogriseolus</GBSeq_organism>
 <GBSeq_organism>Streptomyces lienomycini</GBSeq_organism>
 <GBSeq_organism>Streptomyces coelescens</GBSeq_organism>
 <GBSeq_organism>Streptomyces spinoverrucosus</GBSeq_organism>
 <GBSeq_organism>Streptomyces anthocyanicus</GBSeq_organism>
 <GBSeq_organism>Streptomyces flavoviridis</GBSeq_organism>
 <GBSeq_organism>Streptomyces tricolor</GBSeq_organism>
 <GBSeq_organism>Streptomyces pactum</GBSeq_organism>
 <GBSeq_organism>Streptomyces marokkonensis</GBSeq_organism>
 <GBSeq_organism>Streptomyces violaceorubidus</GBSeq_organism>
 <GBSeq_organism>Streptomyces cacaoi subsp. cacaoi</GBSeq_organism>
 <GBSeq_organism>Streptomyces hyderabadensis</GBSeq_organism>
 <GBSeq_organism>Streptomyces lomondensis</GBSeq_organism>
 <GBSeq_organism>Streptomyces pilosus</GBSeq_organism>
 <GBSeq_organism>Streptomyces asterosporus</GBSeq_organism>
 <GBSeq_organism>Streptomyces rubrogriseus</GBSeq_organism>
 <GBSeq_organism>Streptomyces aurantiogriseus</GBSeq_organism>
 <GBSeq_organism>Streptomyces tendae</GBSeq_organism>
 <GBSeq_organism>Streptomyces calvus</GBSeq_organism>
 <GBSeq_organism>Streptomyces luteogriseus</GBSeq_organism>
