 <GBSeq_organism>Caulobacter fusiformis</GBSeq_organism>
 <GBSeq_organism>Rhodobacter blasticus DSM 2131</GBSeq_organism>
 <GBSeq_organism>Rhodoblastus acidophilus</GBSeq_organism>
 <GBSeq_organism>Methylosinus sporium</GBSeq_organism>
 <GBSeq_organism>Methylocapsa acidiphila B2</GBSeq_organism>
 <GBSeq_organism>Rhodoblastus sphagnicola</GBSeq_organism>
 <GBSeq_organism>Rhodoplanes elegans</GBSeq_organism>
 <GBSeq_organism>Ancylobacter aquaticus</GBSeq_organism>
 <GBSeq_organism>Azorhizobium caulinodans ORS 571</GBSeq_organism>
 <GBSeq_organism>Methylocella palustris</GBSeq_organism>
 <GBSeq_organism>Blastochloris viridis</GBSeq_organism>
 <GBSeq_organism>Rhodospirillum rubrum ATCC 11170</GBSeq_organism>
 <GBSeq_organism>Methylocystis parvus OBBP</GBSeq_organism>
 <GBSeq_organism>Afifella marina</GBSeq_organism>
 <GBSeq_organism>Rhodopila globiformis</GBSeq_organism>
 <GBSeq_organism>Beijerinckia mobilis</GBSeq_organism>
 <GBSeq_organism>Beijerinckia derxii subsp. derxii</GBSeq_organism>
 <GBSeq_organism>Methylobacterium organophilum</GBSeq_organism>
 <GBSeq_organism>Rhodopseudomonas palustris</GBSeq_organism>
 <GBSeq_organism>Methylosinus trichosporium OB3b</GBSeq_organism>
 <GBSeq_organism>Rhodoplanes roseus</GBSeq_organism>
 <GBSeq_organism>Rhodobium orientis</GBSeq_organism>
 <GBSeq_organism>Beijerinckia indica subsp. indica ATCC 9039</GBSeq_organism>
 <GBSeq_organism>Rhodobacter capsulatus</GBSeq_organism>
