 <GBSeq_organism>Aquimonas voraii</GBSeq_organism>
 <GBSeq_organism>Escherichia coli DSM 30083 = JCM 1649 = ATCC 11775</GBSeq_organism>
 <GBSeq_organism>Solimonas variicoloris DSM 15731</GBSeq_organism>
 <GBSeq_organism>Xanthomonas bromi</GBSeq_organism>
 <GBSeq_organism>Stenotrophomonas acidaminiphila</GBSeq_organism>
 <GBSeq_organism>Fulvimonas soli</GBSeq_organism>
 <GBSeq_organism>Pseudoxanthomonas broegbernensis</GBSeq_organism>
 <GBSeq_organism>Acidithiobacillus albertensis</GBSeq_organism>
 <GBSeq_organism>gamma proteobacterium JQL3-4</GBSeq_organism>
 <GBSeq_organism>Dokdonella fugitiva</GBSeq_organism>
 <GBSeq_organism>Lysobacter concretionis</GBSeq_organism>
 <GBSeq_organism>Rhodanobacter lindaniclasticus</GBSeq_organism>
 <GBSeq_organism>gamma proteobacterium SKHD</GBSeq_organism>
 <GBSeq_organism>Thermomonas fusca</GBSeq_organism>
 <GBSeq_organism>Luteibacter rhizovicinus</GBSeq_organism>
 <GBSeq_organism>Dyella japonica</GBSeq_organism>
 <GBSeq_organism>Nevskia ramosa</GBSeq_organism>
 <GBSeq_organism>Solimonas soli</GBSeq_organism>
 <GBSeq_organism>Luteimonas composti</GBSeq_organism>
 <GBSeq_organism>Silanimonas lenta</GBSeq_organism>
 <GBSeq_organism>Solimonas soli</GBSeq_organism>
 <GBSeq_organism>Hydrocarboniphaga effusa AP103</GBSeq_organism>
 <GBSeq_organism>Frateuria aurantia</GBSeq_organism>
 <GBSeq_organism>Solimonas flava DSM 18980</GBSeq_organism>
 <GBSeq_organism>Salinisphaera shabanensis E1L3A</GBSeq_organism>
 <GBSeq_organism>gamma proteobacterium MKI1</GBSeq_organism>
