 <GBSeq_organism>Cupriavidus pinatubonensis</GBSeq_organism>
 <GBSeq_organism>Cupriavidus pauculus</GBSeq_organism>
 <GBSeq_organism>Cupriavidus gilardii</GBSeq_organism>
 <GBSeq_organism>Ralstonia solanacearum K60-1</GBSeq_organism>
 <GBSeq_organism>Alcaligenes faecalis</GBSeq_organism>
 <GBSeq_organism>Cupriavidus campinensis</GBSeq_organism>
 <GBSeq_organism>Cupriavidus pinatubonensis</GBSeq_organism>
 <GBSeq_organism>Cupriavidus metallidurans CH34</GBSeq_organism>
 <GBSeq_organism>Cupriavidus pinatubonensis</GBSeq_organism>
 <GBSeq_organism>Ralstonia pickettii</GBSeq_organism>
 <GBSeq_organism>Cupriavidus respiraculi</GBSeq_organism>
 <GBSeq_organism>Cupriavidus pinatubonensis</GBSeq_organism>
 <GBSeq_organism>Cupriavidus taiwanensis LMG 19424</GBSeq_organism>
 <GBSeq_organism>Ralstonia eutropha JMP134</GBSeq_organism>
 <GBSeq_organism>Ralstonia pickettii</GBSeq_organism>
 <GBSeq_organism>Cupriavidus basilensis</GBSeq_organism>
 <GBSeq_organism>Cupriavidus necator</GBSeq_organism>
 <GBSeq_organism>Ralstonia mannitolilytica</GBSeq_organism>
 <GBSeq_organism>Ralstonia insidiosa</GBSeq_organism>
 <GBSeq_organism>Cupriavidus oxalaticus</GBSeq_organism>
