 <GBSeq_organism>Desulfobulbus elongatus</GBSeq_organism>
 <GBSeq_organism>Desulforhabdus amnigena</GBSeq_organism>
 <GBSeq_organism>sulfate-reducing bacterium AK-01</GBSeq_organism>
 <GBSeq_organism>Desulfotomaculum putei</GBSeq_organism>
 <GBSeq_organism>Desulfonatronovibrio hydrogenovorans</GBSeq_organism>
 <GBSeq_organism>Desulfofaba gelida</GBSeq_organism>
 <GBSeq_organism>Desulfotomaculum acetoxidans</GBSeq_organism>
 <GBSeq_organism>Desulfovibrio desulfuricans subsp. desulfuricans</GBSeq_organism>
 <GBSeq_organism>Desulfobacter vibrioformis</GBSeq_organism>
 <GBSeq_organism>Thermodesulfovibrio islandicus</GBSeq_organism>
 <GBSeq_organism>Desulfomicrobium baculatum DSM 4028</GBSeq_organism>
 <GBSeq_organism>Desulfosarcina variabilis str. Montpellier</GBSeq_organism>
 <GBSeq_organism>Desulforhopalus vacuolatus</GBSeq_organism>
 <GBSeq_organism>Desulfocella halophila</GBSeq_organism>
 <GBSeq_organism>Desulfomonile tiedjei DSM 6799</GBSeq_organism>
 <GBSeq_organism>Desulfovibrio africanus</GBSeq_organism>
 <GBSeq_organism>Desulfosporosinus orientis</GBSeq_organism>
 <GBSeq_organism>Desulfovirga adipica</GBSeq_organism>
 <GBSeq_organism>Thermodesulfobacterium thermophilum</GBSeq_organism>
 <GBSeq_organism>Archaeoglobus fulgidus</GBSeq_organism>
 <GBSeq_organism>unidentified sulfate-reducing bacterium</GBSeq_organism>
