 <GBSeq_organism>Mycobacterium goodii</GBSeq_organism>
 <GBSeq_organism>Mycobacterium neworleansense</GBSeq_organism>
 <GBSeq_organism>Mycobacterium fortuitum subsp. fortuitum DSM 46621</GBSeq_organism>
 <GBSeq_organism>Mycobacterium chitae</GBSeq_organism>
 <GBSeq_organism>Mycobacterium porcinum</GBSeq_organism>
 <GBSeq_organism>Mycobacterium porcinum</GBSeq_organism>
 <GBSeq_organism>Mycobacterium smegmatis</GBSeq_organism>
 <GBSeq_organism>Mycobacterium gilvum</GBSeq_organism>
 <GBSeq_organism>Mycobacterium chubuense</GBSeq_organism>
 <GBSeq_organism>Mycobacterium septicum</GBSeq_organism>
 <GBSeq_organism>Mycobacterium mageritense</GBSeq_organism>
 <GBSeq_organism>Mycobacterium mucogenicum</GBSeq_organism>
 <GBSeq_organism>Mycobacterium septicum DSM 44393</GBSeq_organism>
 <GBSeq_organism>Mycobacterium porcinum</GBSeq_organism>
 <GBSeq_organism>Mycobacterium houstonense</GBSeq_organism>
 <GBSeq_organism>Mycobacterium porcinum</GBSeq_organism>
 <GBSeq_organism>Mycobacterium peregrinum</GBSeq_organism>
 <GBSeq_organism>Mycobacterium aichiense</GBSeq_organism>
 <GBSeq_organism>Mycobacterium boenickei</GBSeq_organism>
 <GBSeq_organism>Mycobacterium senegalense</GBSeq_organism>
 <GBSeq_organism>Mycobacterium diernhoferi</GBSeq_organism>
 <GBSeq_organism>Mycobacterium porcinum</GBSeq_organism>
 <GBSeq_organism>Mycobacterium obuense</GBSeq_organism>
 <GBSeq_organism>Mycobacterium brisbanense</GBSeq_organism>
