 <GBSeq_organism>Salinibacterium amurskyense</GBSeq_organism>
 <GBSeq_organism>Subtercola boreus</GBSeq_organism>
 <GBSeq_organism>Subtercola frigoramans</GBSeq_organism>
 <GBSeq_organism>Leifsonia aquatica</GBSeq_organism>
 <GBSeq_organism>Agreia pratensis</GBSeq_organism>
 <GBSeq_organism>Leifsonia soli</GBSeq_organism>
 <GBSeq_organism>Herbiconiux solani</GBSeq_organism>
 <GBSeq_organism>Agreia bicolorata</GBSeq_organism>
 <GBSeq_organism>Leifsonia rubra</GBSeq_organism>
 <GBSeq_organism>Agrococcus jejuensis</GBSeq_organism>
 <GBSeq_organism>Leifsonia pindariensis</GBSeq_organism>
 <GBSeq_organism>Leifsonia antarctica</GBSeq_organism>
 <GBSeq_organism>Microterricola viridarii</GBSeq_organism>
 <GBSeq_organism>Rhodoglobus aureus</GBSeq_organism>
 <GBSeq_organism>Leifsonia bigeumensis</GBSeq_organism>
 <GBSeq_organism>Rhodoglobus vestalii</GBSeq_organism>
 <GBSeq_organism>Salinibacterium xinjiangense</GBSeq_organism>
 <GBSeq_organism>Agrococcus jenensis</GBSeq_organism>
 <GBSeq_organism>Leifsonia kribbensis</GBSeq_organism>
 <GBSeq_organism>Leifsonia lichenia</GBSeq_organism>
 <GBSeq_organism>Glaciibacter superstes</GBSeq_organism>
 <GBSeq_organism>Herbiconiux moechotypicola</GBSeq_organism>
 <GBSeq_organism>Leifsonia kafniensis</GBSeq_organism>
