 <GBSeq_organism>Pseudonocardia callicarpae</GBSeq_organism>
 <GBSeq_organism>Pseudonocardia hydrocarbonoxydans</GBSeq_organism>
 <GBSeq_organism>Pseudonocardia fici</GBSeq_organism>
 <GBSeq_organism>Pseudonocardia chloroethenivorans</GBSeq_organism>
 <GBSeq_organism>Pseudonocardia dioxanivorans CB1190</GBSeq_organism>
 <GBSeq_organism>Pseudonocardia spinosispora</GBSeq_organism>
 <GBSeq_organism>Pseudonocardia carboxydivorans</GBSeq_organism>
 <GBSeq_organism>Pseudonocardia yunnanensis</GBSeq_organism>
 <GBSeq_organism>Nocardia vaccinii</GBSeq_organism>
 <GBSeq_organism>Pseudonocardia autotrophica</GBSeq_organism>
 <GBSeq_organism>Pseudonocardia zijingensis</GBSeq_organism>
 <GBSeq_organism>Pseudonocardia alni</GBSeq_organism>
 <GBSeq_organism>Pseudonocardia halophobica</GBSeq_organism>
 <GBSeq_organism>Pseudonocardia alaniniphila</GBSeq_organism>
 <GBSeq_organism>Pseudonocardia aurantiaca</GBSeq_organism>
 <GBSeq_organism>Pseudonocardia petroleophila</GBSeq_organism>
 <GBSeq_organism>Pseudonocardia benzenivorans</GBSeq_organism>
 <GBSeq_organism>Pseudonocardia asaccharolytica</GBSeq_organism>
 <GBSeq_organism>Pseudonocardia antarctica</GBSeq_organism>
 <GBSeq_organism>Pseudonocardia kongjuensis</GBSeq_organism>
 <GBSeq_organism>Pseudonocardia thermophila</GBSeq_organism>
 <GBSeq_organism>Pseudonocardia compacta</GBSeq_organism>
 <GBSeq_organism>Pseudonocardia sulfidoxydans</GBSeq_organism>
 <GBSeq_organism>Pseudonocardia saturnea</GBSeq_organism>
