 <GBSeq_organism>Arthrobacter globiformis</GBSeq_organism>
 <GBSeq_organism>Arthrobacter citreus</GBSeq_organism>
 <GBSeq_organism>Arthrobacter agilis</GBSeq_organism>
 <GBSeq_organism>Arthrobacter ureafaciens</GBSeq_organism>
 <GBSeq_organism>Arthrobacter uratoxydans</GBSeq_organism>
 <GBSeq_organism>Citricoccus muralis</GBSeq_organism>
 <GBSeq_organism>Acaricomes phytoseiuli</GBSeq_organism>
 <GBSeq_organism>Renibacterium salmoninarum</GBSeq_organism>
 <GBSeq_organism>Arthrobacter oxydans</GBSeq_organism>
 <GBSeq_organism>Arthrobacter protophormiae</GBSeq_organism>
 <GBSeq_organism>Arthrobacter histidinolovorans</GBSeq_organism>
 <GBSeq_organism>Arthrobacter nicotianae</GBSeq_organism>
 <GBSeq_organism>Arthrobacter kerguelensis</GBSeq_organism>
 <GBSeq_organism>Arthrobacter woluwensis</GBSeq_organism>
 <GBSeq_organism>Arthrobacter mysorens</GBSeq_organism>
 <GBSeq_organism>Arthrobacter ilicis</GBSeq_organism>
 <GBSeq_organism>Citricoccus alkalitolerans</GBSeq_organism>
 <GBSeq_organism>Arthrobacter chlorophenolicus</GBSeq_organism>
 <GBSeq_organism>Nesterenkonia halobia</GBSeq_organism>
 <GBSeq_organism>Rothia mucilaginosa</GBSeq_organism>
 <GBSeq_organism>Arthrobacter nicotinovorans</GBSeq_organism>
 <GBSeq_organism>Arthrobacter crystallopoietes</GBSeq_organism>
 <GBSeq_organism>Kocuria polaris</GBSeq_organism>
 <GBSeq_organism>Arthrobacter pascens</GBSeq_organism>
 <GBSeq_organism>Arthrobacter roseus</GBSeq_organism>
 <GBSeq_organism>Rothia dentocariosa ATCC 17931</GBSeq_organism>
 <GBSeq_organism>Micrococcus lylae</GBSeq_organism>
 <GBSeq_organism>Arthrobacter polychromogenes</GBSeq_organism>
 <GBSeq_organism>Arthrobacter rhombi</GBSeq_organism>
 <GBSeq_organism>Nesterenkonia lutea</GBSeq_organism>
 <GBSeq_organism>Arthrobacter arilaitensis Re117</GBSeq_organism>
 <GBSeq_organism>Arthrobacter sulfureus</GBSeq_organism>
 <GBSeq_organism>Kocuria rosea</GBSeq_organism>
 <GBSeq_organism>Zhihengliuella halotolerans</GBSeq_organism>
 <GBSeq_organism>Arthrobacter psychrophenolicus</GBSeq_organism>
 <GBSeq_organism>Arthrobacter aurescens</GBSeq_organism>
 <GBSeq_organism>Arthrobacter bergerei</GBSeq_organism>
 <GBSeq_organism>Micrococcus antarcticus</GBSeq_organism>
 <GBSeq_organism>Micrococcus luteus</GBSeq_organism>
