 <GBSeq_organism>Rathayibacter rathayi</GBSeq_organism>
 <GBSeq_organism>Agromyces hippuratus</GBSeq_organism>
 <GBSeq_organism>Cicer microphyllum</GBSeq_organism>
 <GBSeq_organism>Clavibacter michiganensis</GBSeq_organism>
 <GBSeq_organism>Rathayibacter caricis</GBSeq_organism>
 <GBSeq_organism>Agromyces fucosus</GBSeq_organism>
 <GBSeq_organism>Agromyces aurantiacus</GBSeq_organism>
 <GBSeq_organism>Clavibacter michiganensis</GBSeq_organism>
 <GBSeq_organism>Agromyces mediolanus</GBSeq_organism>
 <GBSeq_organism>Agromyces cerinus subsp. cerinus</GBSeq_organism>
 <GBSeq_organism>Agromyces atrinae</GBSeq_organism>
 <GBSeq_organism>Agromyces tropicus</GBSeq_organism>
 <GBSeq_organism>Agromyces neolithicus</GBSeq_organism>
 <GBSeq_organism>Agromyces italicus</GBSeq_organism>
 <GBSeq_organism>Agromyces cerinus subsp. nitratus</GBSeq_organism>
 <GBSeq_organism>Agromyces tropicus</GBSeq_organism>
 <GBSeq_organism>Clavibacter michiganensis subsp. tessellarius</GBSeq_organism>
 <GBSeq_organism>Clavibacter michiganensis</GBSeq_organism>
 <GBSeq_organism>Agromyces ramosus</GBSeq_organism>
 <GBSeq_organism>Agromyces salentinus</GBSeq_organism>
