 <GBSeq_organism>Acinetobacter rudis</GBSeq_organism>
 <GBSeq_organism>Acinetobacter towneri</GBSeq_organism>
 <GBSeq_organism>Acinetobacter radioresistens DSM 6976 = NBRC 102413 = CIP 103788</GBSeq_organism>
 <GBSeq_organism>Acinetobacter tandoii</GBSeq_organism>
 <GBSeq_organism>Acinetobacter ursingii DSM 16037 = CIP 107286</GBSeq_organism>
 <GBSeq_organism>Acinetobacter bouvetii</GBSeq_organism>
 <GBSeq_organism>Moraxella lacunata</GBSeq_organism>
 <GBSeq_organism>Psychrobacter immobilis</GBSeq_organism>
 <GBSeq_organism>Acinetobacter rudis CIP 110305</GBSeq_organism>
 <GBSeq_organism>Acinetobacter lwoffii</GBSeq_organism>
 <GBSeq_organism>Acinetobacter junii</GBSeq_organism>
 <GBSeq_organism>Acinetobacter [calcoaceticus] NCCB 22016</GBSeq_organism>
 <GBSeq_organism>Acinetobacter beijerinckii</GBSeq_organism>
 <GBSeq_organism>Acinetobacter guillouiae</GBSeq_organism>
 <GBSeq_organism>Acinetobacter baumannii</GBSeq_organism>
 <GBSeq_organism>Acinetobacter tjernbergiae</GBSeq_organism>
 <GBSeq_organism>Acinetobacter venetianus</GBSeq_organism>
 <GBSeq_organism>Acinetobacter parvus</GBSeq_organism>
 <GBSeq_organism>Acinetobacter soli</GBSeq_organism>
 <GBSeq_organism>Acinetobacter gerneri</GBSeq_organism>
 <GBSeq_organism>Alkanindiges illinoisensis</GBSeq_organism>
 <GBSeq_organism>Acinetobacter baylyi DSM 14961 = CIP 107474</GBSeq_organism>
 <GBSeq_organism>Acinetobacter haemolyticus</GBSeq_organism>
