 <GBSeq_organism>Planomonospora alba</GBSeq_organism>
 <GBSeq_organism>Nonomuraea pusilla</GBSeq_organism>
 <GBSeq_organism>Thermobifida fusca</GBSeq_organism>
 <GBSeq_organism>Actinomadura catellatispora</GBSeq_organism>
 <GBSeq_organism>Marinactinospora thermotolerans</GBSeq_organism>
 <GBSeq_organism>Nocardiopsis composta</GBSeq_organism>
 <GBSeq_organism>Nocardiopsis chromatogenes YIM 90109</GBSeq_organism>
 <GBSeq_organism>Streptosporangium subroseum</GBSeq_organism>
 <GBSeq_organism>Nocardiopsis alkaliphila</GBSeq_organism>
 <GBSeq_organism>Planobispora longispora</GBSeq_organism>
 <GBSeq_organism>Thermobifida alba</GBSeq_organism>
 <GBSeq_organism>Nocardiopsis metallicus</GBSeq_organism>
 <GBSeq_organism>Actinoallomurus spadix</GBSeq_organism>
 <GBSeq_organism>Nocardiopsis rhodophaea</GBSeq_organism>
 <GBSeq_organism>Streptomonospora alba</GBSeq_organism>
 <GBSeq_organism>Actinomadura viridilutea</GBSeq_organism>
 <GBSeq_organism>Nocardiopsis xinjiangensis</GBSeq_organism>
 <GBSeq_organism>Streptosporangium yunnanense</GBSeq_organism>
 <GBSeq_organism>Thermobifida cellulosilytica TB100</GBSeq_organism>
 <GBSeq_organism>Thermomonospora chromogena</GBSeq_organism>
 <GBSeq_organism>Nocardiopsis kunsanensis</GBSeq_organism>
 <GBSeq_organism>Herbidospora cretacea</GBSeq_organism>
 <GBSeq_organism>Streptomonospora salina</GBSeq_organism>
 <GBSeq_organism>Nocardiopsis tropica</GBSeq_organism>
 <GBSeq_organism>Thermopolyspora flexuosa</GBSeq_organism>
 <GBSeq_organism>Actinocorallia libanotica</GBSeq_organism>
 <GBSeq_organism>Actinocorallia longicatena</GBSeq_organism>
 <GBSeq_organism>Nocardiopsis trehalosi</GBSeq_organism>
 <GBSeq_organism>Nocardiopsis synnemataformans DSM 44143</GBSeq_organism>
 <GBSeq_organism>Streptosporangium carneum</GBSeq_organism>
 <GBSeq_organism>Actinocorallia cavernae</GBSeq_organism>
 <GBSeq_organism>Nocardiopsis halotolerans</GBSeq_organism>
 <GBSeq_organism>Planomonospora parontospora</GBSeq_organism>
 <GBSeq_organism>Nocardiopsis aegyptia</GBSeq_organism>
