 <GBSeq_organism>Aminobacter lissarensis</GBSeq_organism>
 <GBSeq_organism>Mesorhizobium tianshanense</GBSeq_organism>
 <GBSeq_organism>Mesorhizobium temperatum</GBSeq_organism>
 <GBSeq_organism>Hoeflea marina</GBSeq_organism>
 <GBSeq_organism>Mesorhizobium ciceri</GBSeq_organism>
 <GBSeq_organism>Aminobacter aminovorans</GBSeq_organism>
 <GBSeq_organism>Aquamicrobium defluvii</GBSeq_organism>
 <GBSeq_organism>Mesorhizobium plurifarium</GBSeq_organism>
 <GBSeq_organism>Aminobacter ciceronei</GBSeq_organism>
 <GBSeq_organism>Mesorhizobium amorphae</GBSeq_organism>
 <GBSeq_organism>Aquamicrobium lusatiense</GBSeq_organism>
 <GBSeq_organism>Phyllobacterium trifolii</GBSeq_organism>
 <GBSeq_organism>Phyllobacterium catacumbae</GBSeq_organism>
 <GBSeq_organism>Mesorhizobium loti ATCC 33669</GBSeq_organism>
 <GBSeq_organism>Hoeflea alexandrii</GBSeq_organism>
 <GBSeq_organism>Hoeflea phototrophica DFL-43</GBSeq_organism>
 <GBSeq_organism>Mesorhizobium mediterraneum</GBSeq_organism>
 <GBSeq_organism>Nitratireductor aquibiodomus NL21 = JCM 21793</GBSeq_organism>
 <GBSeq_organism>Aminobacter aganoensis</GBSeq_organism>
 <GBSeq_organism>Parvibaculum lavamentivorans DS-1</GBSeq_organism>
 <GBSeq_organism>Mesorhizobium chacoense</GBSeq_organism>
 <GBSeq_organism>Mesorhizobium huakuii</GBSeq_organism>
 <GBSeq_organism>Mesorhizobium septentrionale</GBSeq_organism>
 <GBSeq_organism>Pseudaminobacter defluvii</GBSeq_organism>
 <GBSeq_organism>Aminobacter niigataensis</GBSeq_organism>
 <GBSeq_organism>Phyllobacterium myrsinacearum</GBSeq_organism>
