 <GBSeq_organism>Idiomarina loihiensis</GBSeq_organism>
 <GBSeq_organism>Psychromonas profunda</GBSeq_organism>
 <GBSeq_organism>Idiomarina abyssalis</GBSeq_organism>
 <GBSeq_organism>Psychromonas hadalis</GBSeq_organism>
 <GBSeq_organism>Psychromonas boydii</GBSeq_organism>
 <GBSeq_organism>Psychromonas marina</GBSeq_organism>
 <GBSeq_organism>Alteromonas sp. KT1114</GBSeq_organism>
 <GBSeq_organism>Psychromonas arctica</GBSeq_organism>
 <GBSeq_organism>Hepatitis C virus</GBSeq_organism>
 <GBSeq_organism>Psychromonas kaikoae ATCC BAA-353</GBSeq_organism>
 <GBSeq_organism>Moritella marina ATCC 15381</GBSeq_organism>
 <GBSeq_organism>Psychromonas ingrahamii 37</GBSeq_organism>
 <GBSeq_organism>Thalassomonas viridans</GBSeq_organism>
 <GBSeq_organism>Colwellia psychrotropica</GBSeq_organism>
 <GBSeq_organism>Psychromonas antarctica</GBSeq_organism>
 <GBSeq_organism>Idiomarina zobellii</GBSeq_organism>
 <GBSeq_organism>Colwellia rossensis</GBSeq_organism>
 <GBSeq_organism>Shewanella woodyi ATCC 51908</GBSeq_organism>
 <GBSeq_organism>Moritella viscosa</GBSeq_organism>
 <GBSeq_organism>Vibrio cholerae</GBSeq_organism>
 <GBSeq_organism>Alteromonas sp. KT1102</GBSeq_organism>
 <GBSeq_organism>Colwellia hornerae</GBSeq_organism>
 <GBSeq_organism>Idiomarina baltica OS145</GBSeq_organism>
