 <GBSeq_organism>Microbacterium hydrocarbonoxydans</GBSeq_organism>
 <GBSeq_organism>Micrococcus luteus</GBSeq_organism>
 <GBSeq_organism>Microbacterium invictum</GBSeq_organism>
 <GBSeq_organism>Microbacterium testaceum</GBSeq_organism>
 <GBSeq_organism>Microbacterium soli</GBSeq_organism>
 <GBSeq_organism>Microbacterium profundi</GBSeq_organism>
 <GBSeq_organism>Microbacterium laevaniformans</GBSeq_organism>
 <GBSeq_organism>Microbacterium halotolerans</GBSeq_organism>
 <GBSeq_organism>Microbacterium kribbense</GBSeq_organism>
 <GBSeq_organism>Microbacterium dextranolyticum</GBSeq_organism>
 <GBSeq_organism>Microbacterium saperdae</GBSeq_organism>
 <GBSeq_organism>Microbacterium resistens</GBSeq_organism>
 <GBSeq_organism>Microbacterium ulmi</GBSeq_organism>
 <GBSeq_organism>Microbacterium soli</GBSeq_organism>
 <GBSeq_organism>Microbacterium pygmaeum</GBSeq_organism>
 <GBSeq_organism>Microbacterium terricola</GBSeq_organism>
 <GBSeq_organism>Microbacterium xylanilyticum</GBSeq_organism>
 <GBSeq_organism>Microbacterium liquefaciens</GBSeq_organism>
 <GBSeq_organism>Microbacterium luteolum</GBSeq_organism>
 <GBSeq_organism>Microbacterium soli</GBSeq_organism>
 <GBSeq_organism>Microbacterium oleivorans</GBSeq_organism>
 <GBSeq_organism>Microbacterium thalassium</GBSeq_organism>
 <GBSeq_organism>Microbacterium phyllosphaerae</GBSeq_organism>
 <GBSeq_organism>Microbacterium soli</GBSeq_organism>
 <GBSeq_organism>Curtobacterium citreum</GBSeq_organism>
 <GBSeq_organism>Microbacterium soli</GBSeq_organism>
 <GBSeq_organism>Microbacterium flavescens</GBSeq_organism>
 <GBSeq_organism>Microbacterium paraoxydans</GBSeq_organism>
 <GBSeq_organism>Microbacterium gubbeenense</GBSeq_organism>
 <GBSeq_organism>Microbacterium maritypicum</GBSeq_organism>
 <GBSeq_organism>Microbacterium paludicola</GBSeq_organism>
 <GBSeq_organism>Microbacterium indicum</GBSeq_organism>
 <GBSeq_organism>Microbacterium lacticum</GBSeq_organism>
 <GBSeq_organism>Microbacterium deminutum</GBSeq_organism>
 <GBSeq_organism>Microbacterium foliorum</GBSeq_organism>
 <GBSeq_organism>Microbacterium natoriense</GBSeq_organism>
 <GBSeq_organism>Microbacterium oxydans</GBSeq_organism>
 <GBSeq_organism>Microbacterium pumilum</GBSeq_organism>
 <GBSeq_organism>Microbacterium binotii</GBSeq_organism>
 <GBSeq_organism>Microbacterium ginsengisoli</GBSeq_organism>
 <GBSeq_organism>Microbacterium aquimaris</GBSeq_organism>
 <GBSeq_organism>Microbacterium koreense</GBSeq_organism>
 <GBSeq_organism>Microbacterium barkeri</GBSeq_organism>
 <GBSeq_organism>Microbacterium insulae</GBSeq_organism>
 <GBSeq_organism>Microbacterium sediminicola</GBSeq_organism>
 <GBSeq_organism>Microbacterium esteraromaticum</GBSeq_organism>
 <GBSeq_organism>Microbacterium awajiense</GBSeq_organism>
