 <GBSeq_organism>Natrinema altunense</GBSeq_organism>
 <GBSeq_organism>Natrinema ejinorense</GBSeq_organism>
 <GBSeq_organism>Halopiger xanaduensis SH-6</GBSeq_organism>
 <GBSeq_organism>Haloterrigena limicola JCM 13563</GBSeq_organism>
 <GBSeq_organism>Halalkalicoccus tibetensis</GBSeq_organism>
 <GBSeq_organism>Natronorubrum aibiense</GBSeq_organism>
 <GBSeq_organism>Halobacterium salinarum</GBSeq_organism>
 <GBSeq_organism>Haloterrigena longa</GBSeq_organism>
 <GBSeq_organism>Natronococcus occultus SP4</GBSeq_organism>
 <GBSeq_organism>Halostagnicola larsenii XH-48</GBSeq_organism>
 <GBSeq_organism>Natrialba chahannaoensis</GBSeq_organism>
 <GBSeq_organism>Halovivax ruber XH-70</GBSeq_organism>
 <GBSeq_organism>Halalkalicoccus jeotgali B3</GBSeq_organism>
 <GBSeq_organism>Halococcus qingdaonensis</GBSeq_organism>
 <GBSeq_organism>Halobiforma haloterrestris</GBSeq_organism>
 <GBSeq_organism>Halococcus morrhuae DSM 1307</GBSeq_organism>
 <GBSeq_organism>Haloterrigena thermotolerans</GBSeq_organism>
 <GBSeq_organism>Haloterrigena turkmenica</GBSeq_organism>
 <GBSeq_organism>Haloterrigena sp. GSL-11</GBSeq_organism>
 <GBSeq_organism>Natronococcus amylolyticus</GBSeq_organism>
 <GBSeq_organism>Natrialba taiwanensis DSM 12281</GBSeq_organism>
 <GBSeq_organism>Halococcus hamelinensis 100A6</GBSeq_organism>
 <GBSeq_organism>Natrialba magadii</GBSeq_organism>
 <GBSeq_organism>Natronorubrum tibetense</GBSeq_organism>
 <GBSeq_organism>Halococcus salifodinae</GBSeq_organism>
 <GBSeq_organism>Natronorubrum bangense</GBSeq_organism>
 <GBSeq_organism>Halococcus saccharolyticus</GBSeq_organism>
 <GBSeq_organism>Natronolimnobius innermongolicus</GBSeq_organism>
 <GBSeq_organism>Halobiforma lacisalsi</GBSeq_organism>
 <GBSeq_organism>Natronobacterium gregoryi SP2</GBSeq_organism>
 <GBSeq_organism>Natronolimnobius baerhuensis</GBSeq_organism>
 <GBSeq_organism>Natrinema versiforme</GBSeq_organism>
 <GBSeq_organism>Haloterrigena saccharevitans</GBSeq_organism>
 <GBSeq_organism>Natrinema pellirubrum DSM 15624</GBSeq_organism>
 <GBSeq_organism>Natronococcus jeotgali</GBSeq_organism>
