 <GBSeq_organism>Neisseria pharyngis</GBSeq_organism>
 <GBSeq_organism>Kingella kingae ATCC 23330</GBSeq_organism>
 <GBSeq_organism>Eikenella corrodens</GBSeq_organism>
 <GBSeq_organism>Simonsiella muelleri ATCC 29453</GBSeq_organism>
 <GBSeq_organism>Pan troglodytes</GBSeq_organism>
 <GBSeq_organism>Neisseria canis</GBSeq_organism>
 <GBSeq_organism>Bergeriella denitrificans</GBSeq_organism>
 <GBSeq_organism>Neisseria polysaccharea</GBSeq_organism>
 <GBSeq_organism>Oligella ureolytica DSM 18253</GBSeq_organism>
 <GBSeq_organism>Kingella denitrificans ATCC 33394</GBSeq_organism>
 <GBSeq_organism>Uruburuella suis</GBSeq_organism>
 <GBSeq_organism>Neisseria lactamica</GBSeq_organism>
 <GBSeq_organism>Kingella oralis</GBSeq_organism>
 <GBSeq_organism>Neisseria elongata</GBSeq_organism>
 <GBSeq_organism>Neisseria dentiae</GBSeq_organism>
 <GBSeq_organism>Neisseria gonorrhoeae</GBSeq_organism>
 <GBSeq_organism>Neisseria weaveri</GBSeq_organism>
 <GBSeq_organism>Conchiformibius steedae</GBSeq_organism>
 <GBSeq_organism>Alysiella crassa</GBSeq_organism>
 <GBSeq_organism>Neisseria animalis</GBSeq_organism>
 <GBSeq_organism>Alysiella filiformis</GBSeq_organism>
 <GBSeq_organism>Neisseria macacae ATCC 33926</GBSeq_organism>
