 <GBSeq_organism>Sugiyamaella novakii</GBSeq_organism>
 <GBSeq_organism>Nakazawaea wickerhamii</GBSeq_organism>
 <GBSeq_organism>Sugiyamaella valdiviana</GBSeq_organism>
 <GBSeq_organism>Candida natalensis</GBSeq_organism>
 <GBSeq_organism>Candida sp. AS2.4030</GBSeq_organism>
 <GBSeq_organism>Peterozyma toletana</GBSeq_organism>
 <GBSeq_organism>Nakazawaea peltata</GBSeq_organism>
 <GBSeq_organism>Nakazawaea wyomingensis</GBSeq_organism>
 <GBSeq_organism>Sugiyamaella marilandica</GBSeq_organism>
 <GBSeq_organism>Pachysolen tannophilus</GBSeq_organism>
 <GBSeq_organism>Nakazawaea pomicola</GBSeq_organism>
 <GBSeq_organism>Schizosaccharomyces pombe</GBSeq_organism>
 <GBSeq_organism>Nakazawaea anatomiae</GBSeq_organism>
 <GBSeq_organism>Peterozyma xylosa</GBSeq_organism>
 <GBSeq_organism>Sugiyamaella castrensis</GBSeq_organism>
 <GBSeq_organism>Sugiyamaella paludigena</GBSeq_organism>
 <GBSeq_organism>Candida karawaiewii</GBSeq_organism>
 <GBSeq_organism>Candida bertae var. chiloensis</GBSeq_organism>
 <GBSeq_organism>Nakazawaea ishiwadae</GBSeq_organism>
 <GBSeq_organism>Nakazawaea holstii</GBSeq_organism>
 <GBSeq_organism>Candida sp. AS2.4031</GBSeq_organism>
 <GBSeq_organism>Nakazawaea populi</GBSeq_organism>
