 <GBSeq_organism>Bacillus salarius</GBSeq_organism>
 <GBSeq_organism>Bacillus aurantiacus DSM 18675</GBSeq_organism>
 <GBSeq_organism>Bacillus gibsonii</GBSeq_organism>
 <GBSeq_organism>Bacillus taeanensis</GBSeq_organism>
 <GBSeq_organism>Bacillus patagoniensis</GBSeq_organism>
 <GBSeq_organism>Bacillus pseudofirmus</GBSeq_organism>
 <GBSeq_organism>Bacillus saliphilus</GBSeq_organism>
 <GBSeq_organism>Bacillus indicus</GBSeq_organism>
 <GBSeq_organism>Bacillus cohnii</GBSeq_organism>
 <GBSeq_organism>Bacillus halodurans</GBSeq_organism>
 <GBSeq_organism>Halobacillus litoralis</GBSeq_organism>
 <GBSeq_organism>Bacillus lentus</GBSeq_organism>
 <GBSeq_organism>Bacillus horikoshii DSM 8719</GBSeq_organism>
 <GBSeq_organism>[Bacillus] clarkii</GBSeq_organism>
 <GBSeq_organism>Bacillus marisflavi</GBSeq_organism>
 <GBSeq_organism>Bacillus alcalophilus ATCC 27647</GBSeq_organism>
 <GBSeq_organism>Bacillus aquimaris</GBSeq_organism>
 <GBSeq_organism>Bacillus pseudalcaliphilus</GBSeq_organism>
 <GBSeq_organism>Bacillus halmapalus</GBSeq_organism>
 <GBSeq_organism>Bacillus aurantiacus</GBSeq_organism>
 <GBSeq_organism>Bacillus cellulosilyticus DSM 2522</GBSeq_organism>
 <GBSeq_organism>Bacillus aurantiacus</GBSeq_organism>
 <GBSeq_organism>Bacillus clausii</GBSeq_organism>
 <GBSeq_organism>Bacillus subtilis</GBSeq_organism>
 <GBSeq_organism>[Bacillus] agaradhaerens</GBSeq_organism>
 <GBSeq_organism>Bacillus oshimensis</GBSeq_organism>
