 <GBSeq_organism>Mycobacterium peregrinum</GBSeq_organism>
 <GBSeq_organism>Mycobacterium gadium</GBSeq_organism>
 <GBSeq_organism>Mycobacterium rhodesiae</GBSeq_organism>
 <GBSeq_organism>Mycobacterium mucogenicum</GBSeq_organism>
 <GBSeq_organism>Mycobacterium mageritense</GBSeq_organism>
 <GBSeq_organism>Mycobacterium phocaicum</GBSeq_organism>
 <GBSeq_organism>Mycobacterium porcinum</GBSeq_organism>
 <GBSeq_organism>Mycobacterium goodii</GBSeq_organism>
 <GBSeq_organism>Mycobacterium triviale</GBSeq_organism>
 <GBSeq_organism>Mycobacterium septicum</GBSeq_organism>
 <GBSeq_organism>Mycobacterium chubuense</GBSeq_organism>
 <GBSeq_organism>Mycobacterium farcinogenes</GBSeq_organism>
 <GBSeq_organism>Mycobacterium psychrotolerans</GBSeq_organism>
 <GBSeq_organism>Mycobacterium senegalense</GBSeq_organism>
 <GBSeq_organism>Mycobacterium aichiense</GBSeq_organism>
 <GBSeq_organism>Mycobacterium conceptionense</GBSeq_organism>
 <GBSeq_organism>Mycobacterium insubricum</GBSeq_organism>
 <GBSeq_organism>Mycobacterium barrassiae</GBSeq_organism>
 <GBSeq_organism>Mycobacterium fortuitum subsp. fortuitum DSM 46621</GBSeq_organism>
 <GBSeq_organism>Mycobacterium fallax</GBSeq_organism>
 <GBSeq_organism>Mycobacterium brumae</GBSeq_organism>
 <GBSeq_organism>Mycobacterium wolinskyi</GBSeq_organism>
 <GBSeq_organism>Mycobacterium poriferae</GBSeq_organism>
 <GBSeq_organism>Mycobacterium chlorophenolicum</GBSeq_organism>
