 <GBSeq_organism>Lactobacillus buchneri</GBSeq_organism>
 <GBSeq_organism>Lactobacillus parabuchneri</GBSeq_organism>
 <GBSeq_organism>Dolosigranulum pigrum</GBSeq_organism>
 <GBSeq_organism>Lactobacillus helveticus</GBSeq_organism>
 <GBSeq_organism>Lactobacillus kefiranofaciens subsp. kefirgranum</GBSeq_organism>
 <GBSeq_organism>Lactobacillus kefiri</GBSeq_organism>
 <GBSeq_organism>Lactobacillus amylolyticus DSM 11664</GBSeq_organism>
 <GBSeq_organism>Lactobacillus spicheri</GBSeq_organism>
 <GBSeq_organism>Lactobacillus crispatus</GBSeq_organism>
 <GBSeq_organism>Lactobacillus hilgardii</GBSeq_organism>
 <GBSeq_organism>Lactobacillus rennini</GBSeq_organism>
 <GBSeq_organism>Lactobacillus kitasatonis</GBSeq_organism>
 <GBSeq_organism>Lactobacillus hamsteri</GBSeq_organism>
 <GBSeq_organism>Lactobacillus coryniformis</GBSeq_organism>
 <GBSeq_organism>Lactobacillus rennini</GBSeq_organism>
 <GBSeq_organism>Lactobacillus acidophilus</GBSeq_organism>
 <GBSeq_organism>Lactobacillus psittaci</GBSeq_organism>
 <GBSeq_organism>Lactobacillus intestinalis</GBSeq_organism>
 <GBSeq_organism>Lactobacillus ultunensis</GBSeq_organism>
 <GBSeq_organism>Lactobacillus kalixensis</GBSeq_organism>
 <GBSeq_organism>Lactobacillus gallinarum</GBSeq_organism>
 <GBSeq_organism>Lactobacillus sp. YE07</GBSeq_organism>
 <GBSeq_organism>Lactobacillus bifermentans</GBSeq_organism>
 <GBSeq_organism>Lactobacillus amylovorus</GBSeq_organism>
 <GBSeq_organism>Alloiococcus otitis</GBSeq_organism>
 <GBSeq_organism>Lactobacillus parakefiri</GBSeq_organism>
