 <GBSeq_organism>Thermoanaerobacterium thermosulfurigenes</GBSeq_organism>
 <GBSeq_organism>Clostridium butyricum</GBSeq_organism>
 <GBSeq_organism>Halobacteroides halobius DSM 5150</GBSeq_organism>
 <GBSeq_organism>Acetohalobium arabaticum DSM 5501</GBSeq_organism>
 <GBSeq_organism>Natroniella acetigena</GBSeq_organism>
 <GBSeq_organism>Eubacterium limosum</GBSeq_organism>
 <GBSeq_organism>Syntrophomonas wolfei</GBSeq_organism>
 <GBSeq_organism>Halanaerobacter lacunarum</GBSeq_organism>
 <GBSeq_organism>Halanaerobacter salinarius</GBSeq_organism>
 <GBSeq_organism>Halobacteroides elegans</GBSeq_organism>
 <GBSeq_organism>Peptococcus niger</GBSeq_organism>
 <GBSeq_organism>Orenia sivashensis</GBSeq_organism>
 <GBSeq_organism>Heliobacterium chlorum</GBSeq_organism>
 <GBSeq_organism>Halocella cellulosilytica</GBSeq_organism>
 <GBSeq_organism>Orenia salinaria</GBSeq_organism>
 <GBSeq_organism>Halothermothrix orenii</GBSeq_organism>
 <GBSeq_organism>Acidaminococcus fermentans DSM 20731</GBSeq_organism>
 <GBSeq_organism>Natronovirga wadinatrunensis</GBSeq_organism>
 <GBSeq_organism>Selenihalanaerobacter shriftii</GBSeq_organism>
 <GBSeq_organism>Lachnospira multipara ATCC 19207</GBSeq_organism>
 <GBSeq_organism>Orenia marismortui</GBSeq_organism>
 <GBSeq_organism>Natranaerobius thermophilus JW/NM-WN-LF</GBSeq_organism>
 <GBSeq_organism>Sporohalobacter lortetii</GBSeq_organism>
 <GBSeq_organism>Peptostreptococcus anaerobius</GBSeq_organism>
 <GBSeq_organism>Natranaerobius trueperi</GBSeq_organism>
