 <GBSeq_organism>Streptomyces arenae</GBSeq_organism>
 <GBSeq_organism>Streptomyces bambergiensis</GBSeq_organism>
 <GBSeq_organism>Streptomyces longwoodensis</GBSeq_organism>
 <GBSeq_organism>Streptomyces platensis</GBSeq_organism>
 <GBSeq_organism>Streptomyces prasinopilosus</GBSeq_organism>
 <GBSeq_organism>Streptomyces fumigatiscleroticus</GBSeq_organism>
 <GBSeq_organism>Streptomyces bungoensis</GBSeq_organism>
 <GBSeq_organism>Streptomyces sclerotialus</GBSeq_organism>
 <GBSeq_organism>Streptomyces poonensis</GBSeq_organism>
 <GBSeq_organism>Streptomyces regensis</GBSeq_organism>
 <GBSeq_organism>Streptomyces rameus</GBSeq_organism>
 <GBSeq_organism>Streptomyces sporocinereus</GBSeq_organism>
 <GBSeq_organism>Streptomyces atrovirens</GBSeq_organism>
 <GBSeq_organism>Streptomyces hirsutus</GBSeq_organism>
 <GBSeq_organism>Streptomyces pilosus</GBSeq_organism>
 <GBSeq_organism>Streptomyces galbus</GBSeq_organism>
 <GBSeq_organism>Streptomyces cyanoalbus</GBSeq_organism>
 <GBSeq_organism>Streptomyces libani subsp. rufus</GBSeq_organism>
 <GBSeq_organism>Streptomyces prasinus</GBSeq_organism>
 <GBSeq_organism>Streptomyces glebosus</GBSeq_organism>
 <GBSeq_organism>Streptomyces violarus</GBSeq_organism>
 <GBSeq_organism>Streptomyces caniferus</GBSeq_organism>
 <GBSeq_organism>Streptomyces capoamus</GBSeq_organism>
 <GBSeq_organism>Streptomyces kunmingensis</GBSeq_organism>
 <GBSeq_organism>Streptomyces emeiensis</GBSeq_organism>
