 <GBSeq_organism>Virgibacillus proomii</GBSeq_organism>
 <GBSeq_organism>Gracilibacillus dipsosauri</GBSeq_organism>
 <GBSeq_organism>Bacillus pseudofirmus</GBSeq_organism>
 <GBSeq_organism>Bacillus cohnii</GBSeq_organism>
 <GBSeq_organism>Bacillus megaterium</GBSeq_organism>
 <GBSeq_organism>Oceanobacillus picturae</GBSeq_organism>
 <GBSeq_organism>Halobacillus trueperi</GBSeq_organism>
 <GBSeq_organism>Bacillus halodurans</GBSeq_organism>
 <GBSeq_organism>Paraliobacillus ryukyuensis</GBSeq_organism>
 <GBSeq_organism>Halobacillus litoralis</GBSeq_organism>
 <GBSeq_organism>Bacillus subtilis</GBSeq_organism>
 <GBSeq_organism>Virgibacillus pantothenticus</GBSeq_organism>
 <GBSeq_organism>Lentibacillus salicampi</GBSeq_organism>
 <GBSeq_organism>Halobacillus halophilus</GBSeq_organism>
 <GBSeq_organism>Bacillus cereus</GBSeq_organism>
 <GBSeq_organism>Bacillus alcalophilus ATCC 27647</GBSeq_organism>
 <GBSeq_organism>Bacillus pseudalcaliphilus</GBSeq_organism>
 <GBSeq_organism>Bacillus sp. 2-9-3</GBSeq_organism>
 <GBSeq_organism>Virgibacillus carmonensis</GBSeq_organism>
 <GBSeq_organism>Virgibacillus necropolis</GBSeq_organism>
 <GBSeq_organism>Virgibacillus marismortui</GBSeq_organism>
 <GBSeq_organism>Gracilibacillus halotolerans</GBSeq_organism>
 <GBSeq_organism>Bacillus licheniformis</GBSeq_organism>
 <GBSeq_organism>Virgibacillus salexigens</GBSeq_organism>
 <GBSeq_organism>Cerasibacillus quisquiliarum</GBSeq_organism>
