 <GBSeq_organism>Bradyrhizobium elkanii</GBSeq_organism>
 <GBSeq_organism>Panicum virgatum</GBSeq_organism>
 <GBSeq_organism>Bradyrhizobium sp. SEMIA 6101</GBSeq_organism>
 <GBSeq_organism>Bradyrhizobium liaoningense</GBSeq_organism>
 <GBSeq_organism>Panicum virgatum</GBSeq_organism>
 <GBSeq_organism>Bradyrhizobium yuanmingense</GBSeq_organism>
 <GBSeq_organism>Bradyrhizobium sp. SEMIA 6192</GBSeq_organism>
 <GBSeq_organism>Panicum virgatum</GBSeq_organism>
 <GBSeq_organism>Panicum virgatum</GBSeq_organism>
 <GBSeq_organism>Bradyrhizobium sp. SEMIA 6164</GBSeq_organism>
 <GBSeq_organism>Bradyrhizobium sp. SEMIA 6434</GBSeq_organism>
 <GBSeq_organism>Bradyrhizobium japonicum</GBSeq_organism>
 <GBSeq_organism>Bradyrhizobium sp. SEMIA 6069</GBSeq_organism>
 <GBSeq_organism>Panicum virgatum</GBSeq_organism>
 <GBSeq_organism>Bradyrhizobium sp. SEMIA 6028</GBSeq_organism>
 <GBSeq_organism>Bradyrhizobium sp. SEMIA 6156</GBSeq_organism>
 <GBSeq_organism>Panicum virgatum</GBSeq_organism>
 <GBSeq_organism>Bradyrhizobium sp. SEMIA 6077</GBSeq_organism>
 <GBSeq_organism>Panicum virgatum</GBSeq_organism>
 <GBSeq_organism>Panicum virgatum</GBSeq_organism>
 <GBSeq_organism>Panicum virgatum</GBSeq_organism>
 <GBSeq_organism>Rhodopseudomonas palustris BisB5</GBSeq_organism>
 <GBSeq_organism>Bradyrhizobium elkanii</GBSeq_organism>
 <GBSeq_organism>Bradyrhizobium elkanii</GBSeq_organism>
 <GBSeq_organism>Sinorhizobium meliloti 1021</GBSeq_organism>
 <GBSeq_organism>Bradyrhizobium sp. SEMIA 6440</GBSeq_organism>
 <GBSeq_organism>Panicum virgatum</GBSeq_organism>
 <GBSeq_organism>Bradyrhizobium sp. SEMIA 6160</GBSeq_organism>
 <GBSeq_organism>Panicum virgatum</GBSeq_organism>
 <GBSeq_organism>Panicum virgatum</GBSeq_organism>
 <GBSeq_organism>Panicum virgatum</GBSeq_organism>
 <GBSeq_organism>Panicum virgatum</GBSeq_organism>
 <GBSeq_organism>Panicum virgatum</GBSeq_organism>
 <GBSeq_organism>Panicum virgatum</GBSeq_organism>
 <GBSeq_organism>Panicum virgatum</GBSeq_organism>
 <GBSeq_organism>Panicum virgatum</GBSeq_organism>
 <GBSeq_organism>Bradyrhizobium sp. SEMIA 6163</GBSeq_organism>
 <GBSeq_organism>Panicum virgatum</GBSeq_organism>
 <GBSeq_organism>Bradyrhizobium japonicum SEMIA 5079</GBSeq_organism>
 <GBSeq_organism>Panicum virgatum</GBSeq_organism>
