 <GBSeq_organism>Leucothrix mucor</GBSeq_organism>
 <GBSeq_organism>uncultured Leucothrix sp.</GBSeq_organism>
 <GBSeq_organism>Thiomicrospira arctica</GBSeq_organism>
 <GBSeq_organism>Thioalkalimicrobium sibiricum</GBSeq_organism>
 <GBSeq_organism>Methylophaga sulfidovorans</GBSeq_organism>
 <GBSeq_organism>Escherichia coli</GBSeq_organism>
 <GBSeq_organism>Methylophaga marina</GBSeq_organism>
 <GBSeq_organism>Methylosarcina lacus</GBSeq_organism>
 <GBSeq_organism>Thiothrix defluvii</GBSeq_organism>
 <GBSeq_organism>Thiothrix caldifontis</GBSeq_organism>
 <GBSeq_organism>Thiothrix lacustris</GBSeq_organism>
 <GBSeq_organism>Hydrogenovibrio marinus</GBSeq_organism>
 <GBSeq_organism>Thiothrix nivea DSM 5205</GBSeq_organism>
 <GBSeq_organism>Methylobacter psychrophilus</GBSeq_organism>
 <GBSeq_organism>Thiothrix unzii</GBSeq_organism>
 <GBSeq_organism>Methylophaga thalassica</GBSeq_organism>
 <GBSeq_organism>Thiomicrospira psychrophila</GBSeq_organism>
 <GBSeq_organism>Thiomicrospira thermophila</GBSeq_organism>
 <GBSeq_organism>Leucothrix mucor DSM 2157</GBSeq_organism>
 <GBSeq_organism>Thioalkalimicrobium aerophilum AL3</GBSeq_organism>
 <GBSeq_organism>Cocleimonas flava</GBSeq_organism>
 <GBSeq_organism>Methylosphaera hansonii</GBSeq_organism>
 <GBSeq_organism>Thiothrix fructosivorans</GBSeq_organism>
