 <GBSeq_organism>Tsukamurella paurometabola DSM 20162</GBSeq_organism>
 <GBSeq_organism>Nocardia beijingensis</GBSeq_organism>
 <GBSeq_organism>Nocardia fluminea</GBSeq_organism>
 <GBSeq_organism>Gordonia bronchialis DSM 43247</GBSeq_organism>
 <GBSeq_organism>Nocardia veterana</GBSeq_organism>
 <GBSeq_organism>Nocardia cerradoensis</GBSeq_organism>
 <GBSeq_organism>Williamsia muralis</GBSeq_organism>
 <GBSeq_organism>Nocardia otitidiscaviarum</GBSeq_organism>
 <GBSeq_organism>Nocardia pseudobrasiliensis</GBSeq_organism>
 <GBSeq_organism>Corynebacterium diphtheriae</GBSeq_organism>
 <GBSeq_organism>Nocardia africana</GBSeq_organism>
 <GBSeq_organism>Nocardia cyriacigeorgica</GBSeq_organism>
 <GBSeq_organism>Dietzia maris</GBSeq_organism>
 <GBSeq_organism>Nocardia caishijiensis</GBSeq_organism>
 <GBSeq_organism>Nocardia ignorata</GBSeq_organism>
 <GBSeq_organism>Nocardia soli</GBSeq_organism>
 <GBSeq_organism>Mycobacterium tuberculosis</GBSeq_organism>
 <GBSeq_organism>Nocardia abscessus NBRC 100374</GBSeq_organism>
 <GBSeq_organism>Nocardia paucivorans</GBSeq_organism>
 <GBSeq_organism>Nocardia soli</GBSeq_organism>
 <GBSeq_organism>Rhodococcus rhodochrous</GBSeq_organism>
 <GBSeq_organism>Nocardia transvalensis</GBSeq_organism>
 <GBSeq_organism>Nocardia vinacea</GBSeq_organism>
