 <GBSeq_organism>Roseobacter sp. JL-131</GBSeq_organism>
 <GBSeq_organism>Paracoccus kocurii</GBSeq_organism>
 <GBSeq_organism>Phaeobacter gallaeciensis DSM 26640</GBSeq_organism>
 <GBSeq_organism>Sulfitobacter delicatus</GBSeq_organism>
 <GBSeq_organism>Paracoccus denitrificans</GBSeq_organism>
 <GBSeq_organism>Roseobacter litoralis Och 149</GBSeq_organism>
 <GBSeq_organism>Leisingera methylohalidivorans DSM 14336</GBSeq_organism>
 <GBSeq_organism>Roseobacter sp. JL-129</GBSeq_organism>
 <GBSeq_organism>Yangia pacifica</GBSeq_organism>
 <GBSeq_organism>Roseobacter sp. JL-135</GBSeq_organism>
 <GBSeq_organism>Silicibacter lacuscaerulensis ITI-1157</GBSeq_organism>
 <GBSeq_organism>Oceanibulbus indolifex HEL-45</GBSeq_organism>
 <GBSeq_organism>Thalassobius aestuarii</GBSeq_organism>
 <GBSeq_organism>Sulfitobacter guttiformis</GBSeq_organism>
 <GBSeq_organism>Sulfitobacter pontiacus</GBSeq_organism>
 <GBSeq_organism>Roseobacter sp. JL-132</GBSeq_organism>
 <GBSeq_organism>Citreicella thiooxidans</GBSeq_organism>
 <GBSeq_organism>Sulfitobacter mediterraneus</GBSeq_organism>
 <GBSeq_organism>Phaeobacter inhibens DSM 16374</GBSeq_organism>
 <GBSeq_organism>Thalassobius mediterraneus</GBSeq_organism>
 <GBSeq_organism>Marinovum algicola</GBSeq_organism>
 <GBSeq_organism>Pelagibaca bermudensis HTCC2601</GBSeq_organism>
 <GBSeq_organism>Roseobacter sp. JL-137</GBSeq_organism>
 <GBSeq_organism>Oceanicola batsensis</GBSeq_organism>
 <GBSeq_organism>Ruegeria pomeroyi</GBSeq_organism>
 <GBSeq_organism>Thalassococcus halodurans</GBSeq_organism>
 <GBSeq_organism>Palleronia marisminoris</GBSeq_organism>
 <GBSeq_organism>Sulfitobacter brevis</GBSeq_organism>
 <GBSeq_organism>Sulfitobacter dubius</GBSeq_organism>
 <GBSeq_organism>Ruegeria atlantica</GBSeq_organism>
 <GBSeq_organism>Oceanicola granulosus</GBSeq_organism>
 <GBSeq_organism>Roseobacter denitrificans OCh 114</GBSeq_organism>
 <GBSeq_organism>Salipiger mucosus DSM 16094</GBSeq_organism>
