 <GBSeq_organism>Aurantimonas litoralis</GBSeq_organism>
 <GBSeq_organism>Brucella melitensis</GBSeq_organism>
 <GBSeq_organism>Ancylobacter aquaticus</GBSeq_organism>
 <GBSeq_organism>Afipia felis ATCC 53690</GBSeq_organism>
 <GBSeq_organism>Rhizobium undicola</GBSeq_organism>
 <GBSeq_organism>Methylocystis parvus OBBP</GBSeq_organism>
 <GBSeq_organism>Beijerinckia indica</GBSeq_organism>
 <GBSeq_organism>Bartonella elizabethae</GBSeq_organism>
 <GBSeq_organism>Mesorhizobium loti</GBSeq_organism>
 <GBSeq_organism>Methylobacterium organophilum</GBSeq_organism>
 <GBSeq_organism>Fulvimarina pelagi</GBSeq_organism>
 <GBSeq_organism>Fulvimarina pelagi HTCC2506</GBSeq_organism>
 <GBSeq_organism>Chromohalobacter marismortui</GBSeq_organism>
 <GBSeq_organism>Rhodobium orientis</GBSeq_organism>
 <GBSeq_organism>Bradyrhizobium japonicum USDA 6</GBSeq_organism>
 <GBSeq_organism>Fulvimarina pelagi</GBSeq_organism>
 <GBSeq_organism>Aurantimonas coralicida</GBSeq_organism>
 <GBSeq_organism>Hyphomicrobium vulgare</GBSeq_organism>
 <GBSeq_organism>Phyllobacterium myrsinacearum</GBSeq_organism>
 <GBSeq_organism>Rhodopseudomonas pseudopalustris</GBSeq_organism>
 <GBSeq_organism>Bartonella bacilliformis</GBSeq_organism>
