 <GBSeq_organism>Nocardiopsis ganjiahuensis</GBSeq_organism>
 <GBSeq_organism>Nocardiopsis arvandica</GBSeq_organism>
 <GBSeq_organism>Nocardiopsis alba DSM 43377</GBSeq_organism>
 <GBSeq_organism>Nocardiopsis composta</GBSeq_organism>
 <GBSeq_organism>Streptomonospora arabica</GBSeq_organism>
 <GBSeq_organism>Nocardiopsis chromatogenes YIM 90109</GBSeq_organism>
 <GBSeq_organism>Nocardiopsis umidischolae</GBSeq_organism>
 <GBSeq_organism>Nocardiopsis alkaliphila</GBSeq_organism>
 <GBSeq_organism>Nocardiopsis rosea</GBSeq_organism>
 <GBSeq_organism>Nocardiopsis metallicus</GBSeq_organism>
 <GBSeq_organism>Nocardiopsis dassonvillei subsp. dassonvillei DSM 43111</GBSeq_organism>
 <GBSeq_organism>Nocardiopsis rhodophaea</GBSeq_organism>
 <GBSeq_organism>Nocardiopsis xinjiangensis</GBSeq_organism>
 <GBSeq_organism>Nocardiopsis sinuspersici</GBSeq_organism>
 <GBSeq_organism>Nocardiopsis halophila DSM 44494</GBSeq_organism>
 <GBSeq_organism>Nocardiopsis potens DSM 45234</GBSeq_organism>
 <GBSeq_organism>Nocardiopsis dassonvillei subsp. albirubida</GBSeq_organism>
 <GBSeq_organism>Nocardiopsis baichengensis</GBSeq_organism>
 <GBSeq_organism>Nocardiopsis valliformis</GBSeq_organism>
 <GBSeq_organism>Nocardiopsis tropica</GBSeq_organism>
 <GBSeq_organism>Actinomadura madurae</GBSeq_organism>
 <GBSeq_organism>Nocardiopsis flavescens</GBSeq_organism>
 <GBSeq_organism>Nocardiopsis lucentensis DSM 44048</GBSeq_organism>
 <GBSeq_organism>Nocardiopsis litoralis</GBSeq_organism>
 <GBSeq_organism>Nocardiopsis gilva YIM 90087</GBSeq_organism>
 <GBSeq_organism>Nocardiopsis trehalosi</GBSeq_organism>
 <GBSeq_organism>Nocardiopsis salina YIM 90010</GBSeq_organism>
 <GBSeq_organism>Nocardiopsis prasina</GBSeq_organism>
 <GBSeq_organism>Nocardiopsis synnemataformans DSM 44143</GBSeq_organism>
 <GBSeq_organism>Nocardiopsis halotolerans</GBSeq_organism>
 <GBSeq_organism>Nocardiopsis aegyptia</GBSeq_organism>
 <GBSeq_organism>Nocardiopsis nikkonensis</GBSeq_organism>
 <GBSeq_organism>Nocardiopsis listeri</GBSeq_organism>
