 <GBSeq_organism>Halomonas meridiana</GBSeq_organism>
 <GBSeq_organism>Halomonas magadiensis</GBSeq_organism>
 <GBSeq_organism>Carnimonas nigrificans</GBSeq_organism>
 <GBSeq_organism>Halomonas cupida</GBSeq_organism>
 <GBSeq_organism>Halomonas boliviensis LC1</GBSeq_organism>
 <GBSeq_organism>Halomonas arcis</GBSeq_organism>
 <GBSeq_organism>Halomonas koreensis</GBSeq_organism>
 <GBSeq_organism>Halomonas organivorans</GBSeq_organism>
 <GBSeq_organism>Halomonas subterranea</GBSeq_organism>
 <GBSeq_organism>Halomonas sulfidaeris Esulfide1</GBSeq_organism>
 <GBSeq_organism>Halomonas venusta</GBSeq_organism>
 <GBSeq_organism>Halomonas saccharevitans</GBSeq_organism>
 <GBSeq_organism>Halomonas subglaciescola</GBSeq_organism>
 <GBSeq_organism>Halomonas axialensis</GBSeq_organism>
 <GBSeq_organism>Halomonas ventosae</GBSeq_organism>
 <GBSeq_organism>Halomonas muralis</GBSeq_organism>
 <GBSeq_organism>Halomonas neptunia</GBSeq_organism>
 <GBSeq_organism>Halomonas pacifica</GBSeq_organism>
 <GBSeq_organism>Halomonas aquamarina</GBSeq_organism>
 <GBSeq_organism>Halomonas variabilis</GBSeq_organism>
 <GBSeq_organism>Halomonas elongata DSM 2581</GBSeq_organism>
 <GBSeq_organism>Halomonas hydrothermalis</GBSeq_organism>
 <GBSeq_organism>Halomonas salina</GBSeq_organism>
 <GBSeq_organism>Halomonas alimentaria</GBSeq_organism>
