 <GBSeq_organism>Chryseobacterium joostei</GBSeq_organism>
 <GBSeq_organism>Chryseobacterium jeonii</GBSeq_organism>
 <GBSeq_organism>Ornithobacterium rhinotracheale DSM 15997</GBSeq_organism>
 <GBSeq_organism>Chryseobacterium soldanellicola</GBSeq_organism>
 <GBSeq_organism>Zea mays</GBSeq_organism>
 <GBSeq_organism>Chryseobacterium scophthalmum</GBSeq_organism>
 <GBSeq_organism>Chryseobacterium palustre DSM 21579</GBSeq_organism>
 <GBSeq_organism>Chryseobacterium balustinum</GBSeq_organism>
 <GBSeq_organism>Elizabethkingia meningoseptica</GBSeq_organism>
 <GBSeq_organism>Chryseobacterium gleum</GBSeq_organism>
 <GBSeq_organism>Chryseobacterium taeanense</GBSeq_organism>
 <GBSeq_organism>Riemerella anatipestifer ATCC 11845 = DSM 15868</GBSeq_organism>
 <GBSeq_organism>Chryseobacterium marinum</GBSeq_organism>
 <GBSeq_organism>Klebsiella sp. CC-88168</GBSeq_organism>
 <GBSeq_organism>Chryseobacterium indologenes</GBSeq_organism>
 <GBSeq_organism>Chryseobacterium piscium</GBSeq_organism>
 <GBSeq_organism>Chryseobacterium indoltheticum</GBSeq_organism>
 <GBSeq_organism>Weeksella virosa</GBSeq_organism>
 <GBSeq_organism>Chryseobacterium humi</GBSeq_organism>
 <GBSeq_organism>Bergeyella zoohelcum</GBSeq_organism>
 <GBSeq_organism>Flavobacterium aquatile</GBSeq_organism>
 <GBSeq_organism>Chryseobacterium antarcticum</GBSeq_organism>
 <GBSeq_organism>Chryseobacterium daecheongense</GBSeq_organism>
 <GBSeq_organism>Epilithonimonas tenax</GBSeq_organism>
