 <GBSeq_organism>Kingella kingae ATCC 23330</GBSeq_organism>
 <GBSeq_organism>Eikenella corrodens</GBSeq_organism>
 <GBSeq_organism>Neisseria wadsworthii 9715</GBSeq_organism>
 <GBSeq_organism>Neisseria wadsworthii</GBSeq_organism>
 <GBSeq_organism>Simonsiella muelleri ATCC 29453</GBSeq_organism>
 <GBSeq_organism>Neisseria shayeganii 871</GBSeq_organism>
 <GBSeq_organism>Neisseria polysaccharea</GBSeq_organism>
 <GBSeq_organism>Oligella ureolytica DSM 18253</GBSeq_organism>
 <GBSeq_organism>Kingella denitrificans ATCC 33394</GBSeq_organism>
 <GBSeq_organism>Uruburuella suis</GBSeq_organism>
 <GBSeq_organism>Neisseria lactamica</GBSeq_organism>
 <GBSeq_organism>Neisseria mucosa</GBSeq_organism>
 <GBSeq_organism>Kingella oralis</GBSeq_organism>
 <GBSeq_organism>Neisseria gonorrhoeae</GBSeq_organism>
 <GBSeq_organism>Neisseria weaveri</GBSeq_organism>
 <GBSeq_organism>Kingella potus</GBSeq_organism>
 <GBSeq_organism>Conchiformibius steedae</GBSeq_organism>
 <GBSeq_organism>Alysiella crassa</GBSeq_organism>
 <GBSeq_organism>Alysiella filiformis</GBSeq_organism>
 <GBSeq_organism>Neisseria macacae ATCC 33926</GBSeq_organism>
