 <GBSeq_organism>Paenibacillus thiaminolyticus</GBSeq_organism>
 <GBSeq_organism>Paenibacillus elgii</GBSeq_organism>
 <GBSeq_organism>Paenibacillus alginolyticus</GBSeq_organism>
 <GBSeq_organism>Paenibacillus macquariensis subsp. macquariensis</GBSeq_organism>
 <GBSeq_organism>Paenibacillus azoreducens</GBSeq_organism>
 <GBSeq_organism>Paenibacillus validus</GBSeq_organism>
 <GBSeq_organism>Paenibacillus alvei DSM 29</GBSeq_organism>
 <GBSeq_organism>Paenibacillus lautus</GBSeq_organism>
 <GBSeq_organism>Paenibacillus amylolyticus</GBSeq_organism>
 <GBSeq_organism>Bacillus subtilis</GBSeq_organism>
 <GBSeq_organism>Paenibacillus durus</GBSeq_organism>
 <GBSeq_organism>Paenibacillus campinasensis</GBSeq_organism>
 <GBSeq_organism>Paenibacillus chibensis</GBSeq_organism>
 <GBSeq_organism>Paenibacillus larvae</GBSeq_organism>
 <GBSeq_organism>Bacillus cereus</GBSeq_organism>
 <GBSeq_organism>Paenibacillus borealis</GBSeq_organism>
 <GBSeq_organism>Paenibacillus koreensis</GBSeq_organism>
 <GBSeq_organism>Paenibacillus glucanolyticus</GBSeq_organism>
 <GBSeq_organism>Paenibacillus macerans</GBSeq_organism>
 <GBSeq_organism>Paenibacillus chondroitinus</GBSeq_organism>
 <GBSeq_organism>Alicyclobacillus acidocaldarius subsp. acidocaldarius DSM 446</GBSeq_organism>
 <GBSeq_organism>Paenibacillus kobensis</GBSeq_organism>
