 <GBSeq_organism>Bacillus lentus</GBSeq_organism>
 <GBSeq_organism>Paenibacillus polymyxa</GBSeq_organism>
 <GBSeq_organism>Bacillus benzoevorans</GBSeq_organism>
 <GBSeq_organism>Alicyclobacillus acidocaldarius subsp. acidocaldarius DSM 446</GBSeq_organism>
 <GBSeq_organism>Bacillus pseudofirmus</GBSeq_organism>
 <GBSeq_organism>Bacillus indicus</GBSeq_organism>
 <GBSeq_organism>Bacillus cohnii</GBSeq_organism>
 <GBSeq_organism>Bacillus megaterium</GBSeq_organism>
 <GBSeq_organism>Bacillus pumilus</GBSeq_organism>
 <GBSeq_organism>Bacillus cibi</GBSeq_organism>
 <GBSeq_organism>Bacillus subtilis</GBSeq_organism>
 <GBSeq_organism>Bacillus firmus</GBSeq_organism>
 <GBSeq_organism>Bacillus methanolicus</GBSeq_organism>
 <GBSeq_organism>Bacillus marisflavi</GBSeq_organism>
 <GBSeq_organism>Bacillus litoralis</GBSeq_organism>
 <GBSeq_organism>Halobacillus halophilus</GBSeq_organism>
 <GBSeq_organism>Bacillus aquimaris</GBSeq_organism>
 <GBSeq_organism>Bacillus jeotgali</GBSeq_organism>
 <GBSeq_organism>Bacillus halmapalus</GBSeq_organism>
 <GBSeq_organism>Bacillus fastidiosus</GBSeq_organism>
 <GBSeq_organism>Bacillus licheniformis</GBSeq_organism>
 <GBSeq_organism>Bacillus circulans</GBSeq_organism>
 <GBSeq_organism>Bacillus fumarioli</GBSeq_organism>
