 <GBSeq_organism>Aspergillus flavus</GBSeq_organism>
 <GBSeq_organism>Aspergillus parasiticus</GBSeq_organism>
 <GBSeq_organism>Aspergillus parvisclerotigenus</GBSeq_organism>
 <GBSeq_organism>Aspergillus terricola var. americanus</GBSeq_organism>
 <GBSeq_organism>Aspergillus parasiticus</GBSeq_organism>
 <GBSeq_organism>Aspergillus sp. JV-2007a</GBSeq_organism>
 <GBSeq_organism>Aspergillus thomii</GBSeq_organism>
 <GBSeq_organism>Aspergillus sojae</GBSeq_organism>
 <GBSeq_organism>Aspergillus tamarii</GBSeq_organism>
 <GBSeq_organism>Aspergillus sp. JV-2007a</GBSeq_organism>
 <GBSeq_organism>Aspergillus flavus var. columnaris</GBSeq_organism>
 <GBSeq_organism>Aspergillus sp. JV-2007a</GBSeq_organism>
 <GBSeq_organism>Aspergillus fasciculatus</GBSeq_organism>
 <GBSeq_organism>Aspergillus parasiticus</GBSeq_organism>
 <GBSeq_organism>Aspergillus sojae</GBSeq_organism>
 <GBSeq_organism>Aspergillus flavus</GBSeq_organism>
 <GBSeq_organism>Aspergillus subolivaceus</GBSeq_organism>
 <GBSeq_organism>Aspergillus terricola var. americanus</GBSeq_organism>
 <GBSeq_organism>Aspergillus flavus</GBSeq_organism>
 <GBSeq_organism>Aspergillus parasiticus</GBSeq_organism>
 <GBSeq_organism>Aspergillus sp. JV-2007a</GBSeq_organism>
 <GBSeq_organism>Aspergillus caelatus</GBSeq_organism>
 <GBSeq_organism>Aspergillus pseudotamarii</GBSeq_organism>
 <GBSeq_organism>Aspergillus toxicarius</GBSeq_organism>
 <GBSeq_organism>Aspergillus kambarensis</GBSeq_organism>
 <GBSeq_organism>Aspergillus sp. JV-2007b</GBSeq_organism>
 <GBSeq_organism>Aspergillus toxicarius</GBSeq_organism>
 <GBSeq_organism>Aspergillus flavus</GBSeq_organism>
 <GBSeq_organism>Aspergillus sp. JV-2007a</GBSeq_organism>
 <GBSeq_organism>Aspergillus bombycis</GBSeq_organism>
 <GBSeq_organism>Aspergillus sp. JV-2007a</GBSeq_organism>
 <GBSeq_organism>Aspergillus sp. JV-2007b</GBSeq_organism>
 <GBSeq_organism>Aspergillus sp. JV-2007a</GBSeq_organism>
 <GBSeq_organism>Aspergillus sp. JV-2007b</GBSeq_organism>
 <GBSeq_organism>Aspergillus flavus</GBSeq_organism>
 <GBSeq_organism>Aspergillus sp. JV-2007a</GBSeq_organism>
 <GBSeq_organism>Aspergillus sp. JV-2007a</GBSeq_organism>
 <GBSeq_organism>Aspergillus sp. JV-2007a</GBSeq_organism>
 <GBSeq_organism>Aspergillus flavus</GBSeq_organism>
 <GBSeq_organism>Aspergillus flavus</GBSeq_organism>
 <GBSeq_organism>Aspergillus flavus</GBSeq_organism>
 <GBSeq_organism>Aspergillus flavus</GBSeq_organism>
 <GBSeq_organism>Aspergillus sp. JV-2007a</GBSeq_organism>
 <GBSeq_organism>Aspergillus flavus</GBSeq_organism>
 <GBSeq_organism>Aspergillus parasiticus</GBSeq_organism>
 <GBSeq_organism>Aspergillus sp. JV-2007a</GBSeq_organism>
 <GBSeq_organism>Aspergillus tamarii</GBSeq_organism>
 <GBSeq_organism>Aspergillus caelatus</GBSeq_organism>
 <GBSeq_organism>Aspergillus pseudotamarii</GBSeq_organism>
 <GBSeq_organism>Aspergillus caelatus</GBSeq_organism>
 <GBSeq_organism>Aspergillus flavus var. columnaris</GBSeq_organism>
 <GBSeq_organism>Aspergillus parasiticus var. globosus</GBSeq_organism>
 <GBSeq_organism>Aspergillus sp. JV-2007b</GBSeq_organism>
 <GBSeq_organism>Aspergillus leporis</GBSeq_organism>
 <GBSeq_organism>Aspergillus sp. JV-2007a</GBSeq_organism>
 <GBSeq_organism>Aspergillus nomius</GBSeq_organism>
 <GBSeq_organism>Aspergillus oryzae</GBSeq_organism>
