 <GBSeq_organism>Bordetella pertussis</GBSeq_organism>
 <GBSeq_organism>Bordetella avium</GBSeq_organism>
 <GBSeq_organism>Pusillimonas noertemannii</GBSeq_organism>
 <GBSeq_organism>Castellaniella caeni</GBSeq_organism>
 <GBSeq_organism>Bordetella petrii</GBSeq_organism>
 <GBSeq_organism>Achromobacter spanius</GBSeq_organism>
 <GBSeq_organism>Castellaniella defragrans</GBSeq_organism>
 <GBSeq_organism>Bordetella bronchiseptica</GBSeq_organism>
 <GBSeq_organism>Castellaniella denitrificans</GBSeq_organism>
 <GBSeq_organism>Parapusillimonas granuli</GBSeq_organism>
 <GBSeq_organism>Candidimonas humi</GBSeq_organism>
 <GBSeq_organism>Bordetella holmesii ATCC 51541</GBSeq_organism>
 <GBSeq_organism>Pusillimonas ginsengisoli</GBSeq_organism>
 <GBSeq_organism>Methylobacterium sp. nah_44</GBSeq_organism>
 <GBSeq_organism>Bordetella trematum</GBSeq_organism>
 <GBSeq_organism>Pigmentiphaga daeguensis</GBSeq_organism>
 <GBSeq_organism>Pigmentiphaga litoralis</GBSeq_organism>
 <GBSeq_organism>Achromobacter xylosoxidans</GBSeq_organism>
 <GBSeq_organism>Bordetella parapertussis</GBSeq_organism>
 <GBSeq_organism>Zoogloea ramigera</GBSeq_organism>
 <GBSeq_organism>Candidimonas nitroreducens</GBSeq_organism>
