 <GBSeq_organism>Burkholderia unamae MTI-641</GBSeq_organism>
 <GBSeq_organism>Burkholderia caryophylli</GBSeq_organism>
 <GBSeq_organism>Burkholderia kururiensis</GBSeq_organism>
 <GBSeq_organism>Burkholderia pyrrocinia</GBSeq_organism>
 <GBSeq_organism>Burkholderia glumae</GBSeq_organism>
 <GBSeq_organism>Burkholderia cenocepacia</GBSeq_organism>
 <GBSeq_organism>Burkholderia phenazinium</GBSeq_organism>
 <GBSeq_organism>Burkholderia vietnamiensis</GBSeq_organism>
 <GBSeq_organism>Burkholderia terricola</GBSeq_organism>
 <GBSeq_organism>Burkholderia phymatum STM815</GBSeq_organism>
 <GBSeq_organism>Burkholderia multivorans</GBSeq_organism>
 <GBSeq_organism>Burkholderia stabilis</GBSeq_organism>
 <GBSeq_organism>Neisseria meningitidis MC58</GBSeq_organism>
 <GBSeq_organism>Burkholderia graminis C4D1M</GBSeq_organism>
 <GBSeq_organism>Burkholderia sacchari</GBSeq_organism>
 <GBSeq_organism>Burkholderia caledonica</GBSeq_organism>
 <GBSeq_organism>Burkholderia fungorum</GBSeq_organism>
 <GBSeq_organism>Burkholderia dolosa</GBSeq_organism>
 <GBSeq_organism>Burkholderia fungorum</GBSeq_organism>
 <GBSeq_organism>Burkholderia caribensis</GBSeq_organism>
 <GBSeq_organism>Burkholderia cepacia</GBSeq_organism>
 <GBSeq_organism>Burkholderia thailandensis</GBSeq_organism>
 <GBSeq_organism>Burkholderia plantarii</GBSeq_organism>
 <GBSeq_organism>Burkholderia mallei ATCC 23344</GBSeq_organism>
 <GBSeq_organism>Cyrtobagous salviniae</GBSeq_organism>
 <GBSeq_organism>Burkholderia glathei</GBSeq_organism>
 <GBSeq_organism>Burkholderia ambifaria</GBSeq_organism>
 <GBSeq_organism>Burkholderia anthina</GBSeq_organism>
 <GBSeq_organism>Burkholderia ubonensis</GBSeq_organism>
 <GBSeq_organism>Burkholderia gladioli</GBSeq_organism>
 <GBSeq_organism>Burkholderia tropica</GBSeq_organism>
