 <GBSeq_organism>Streptomyces beijiangensis</GBSeq_organism>
 <GBSeq_organism>Streptomyces cinnamoneus</GBSeq_organism>
 <GBSeq_organism>Streptomyces rapamycinicus</GBSeq_organism>
 <GBSeq_organism>Streptomyces albiaxialis</GBSeq_organism>
 <GBSeq_organism>Streptomyces lilacinus</GBSeq_organism>
 <GBSeq_organism>Streptomyces carpaticus</GBSeq_organism>
 <GBSeq_organism>Streptomyces orinoci</GBSeq_organism>
 <GBSeq_organism>Streptomyces morookaense</GBSeq_organism>
 <GBSeq_organism>Paraoerskovia marina</GBSeq_organism>
 <GBSeq_organism>Streptomyces chromofuscus</GBSeq_organism>
 <GBSeq_organism>Streptomyces sporocinereus</GBSeq_organism>
 <GBSeq_organism>Streptomyces aomiensis</GBSeq_organism>
 <GBSeq_organism>Streptomyces mobaraensis NBRC 13819 = DSM 40847</GBSeq_organism>
 <GBSeq_organism>Streptomyces violaceusniger</GBSeq_organism>
 <GBSeq_organism>Streptomyces antimycoticus</GBSeq_organism>
 <GBSeq_organism>Streptomyces sparsogenes</GBSeq_organism>
 <GBSeq_organism>Streptomyces sodiiphilus</GBSeq_organism>
 <GBSeq_organism>Streptomyces aburaviensis</GBSeq_organism>
 <GBSeq_organism>Streptomyces nigrescens</GBSeq_organism>
 <GBSeq_organism>Streptomyces monomycini</GBSeq_organism>
 <GBSeq_organism>Streptomyces sampsonii</GBSeq_organism>
