 <GBSeq_organism>Ferrimonas futtsuensis</GBSeq_organism>
 <GBSeq_organism>Shewanella livingstonensis</GBSeq_organism>
 <GBSeq_organism>Ferrimonas sp. A3B-58</GBSeq_organism>
 <GBSeq_organism>Idiomarina abyssalis</GBSeq_organism>
 <GBSeq_organism>Photobacterium frigidiphilum</GBSeq_organism>
 <GBSeq_organism>Ferrimonas marina</GBSeq_organism>
 <GBSeq_organism>Psychromonas arctica</GBSeq_organism>
 <GBSeq_organism>Moritella marina ATCC 15381</GBSeq_organism>
 <GBSeq_organism>Ferrimonas balearica</GBSeq_organism>
 <GBSeq_organism>Moritella abyssi</GBSeq_organism>
 <GBSeq_organism>Ferrimonas balearica DSM 9799</GBSeq_organism>
 <GBSeq_organism>Moritella profunda</GBSeq_organism>
 <GBSeq_organism>Shewanella algae</GBSeq_organism>
 <GBSeq_organism>Ferrimonas sp. A3B-57-2</GBSeq_organism>
 <GBSeq_organism>Alteromonas marina</GBSeq_organism>
 <GBSeq_organism>Shewanella oneidensis MR-1</GBSeq_organism>
 <GBSeq_organism>Shewanella sp. ANA-3</GBSeq_organism>
 <GBSeq_organism>Vibrio ruber</GBSeq_organism>
 <GBSeq_organism>Pseudoalteromonas mariniglutinosa</GBSeq_organism>
 <GBSeq_organism>Colwellia maris</GBSeq_organism>
 <GBSeq_organism>Alteromonas addita</GBSeq_organism>
 <GBSeq_organism>Pseudoalteromonas nigrifaciens</GBSeq_organism>
 <GBSeq_organism>Moritella japonica</GBSeq_organism>
 <GBSeq_organism>Glaciecola pallidula DSM 14239 = ACAM 615</GBSeq_organism>
 <GBSeq_organism>Glaciecola mesophila KMM 241</GBSeq_organism>
 <GBSeq_organism>Idiomarina baltica OS145</GBSeq_organism>
