 <GBSeq_organism>Rivularia sp. XSP25A</GBSeq_organism>
 <GBSeq_organism>Chroococcidiopsis sp. BB96.1</GBSeq_organism>
 <GBSeq_organism>Anabaena lemmermannii var. minor NIVA-CYA 83/2</GBSeq_organism>
 <GBSeq_organism>Nodularia sphaerocarpa PCC 7804</GBSeq_organism>
 <GBSeq_organism>Tolypothrix distorta</GBSeq_organism>
 <GBSeq_organism>Chroococcidiopsis sp. BB79.2</GBSeq_organism>
 <GBSeq_organism>Calothrix parietina</GBSeq_organism>
 <GBSeq_organism>Anabaena flos-aquae 14</GBSeq_organism>
 <GBSeq_organism>Calothrix sp. CCMEE 5085</GBSeq_organism>
 <GBSeq_organism>Nostoc sp. DM103</GBSeq_organism>
 <GBSeq_organism>Rivularia sp. PCC 7116</GBSeq_organism>
 <GBSeq_organism>Rivularia sp. XP3A</GBSeq_organism>
 <GBSeq_organism>Rivularia sp. XP27A</GBSeq_organism>
 <GBSeq_organism>Tolypothrix sp. TOL328</GBSeq_organism>
 <GBSeq_organism>Tolypothrix sp. PCC 7415</GBSeq_organism>
 <GBSeq_organism>Calothrix membranacea</GBSeq_organism>
 <GBSeq_organism>Rivularia sp. BECID12</GBSeq_organism>
 <GBSeq_organism>Nostoc punctiforme PCC 73102</GBSeq_organism>
 <GBSeq_organism>Escherichia coli str. K-12 substr. MG1655</GBSeq_organism>
 <GBSeq_organism>Rivularia atra BIR KRIV1</GBSeq_organism>
 <GBSeq_organism>Tolypothrix sp. PCC 7601</GBSeq_organism>
 <GBSeq_organism>Calothrix sp. BC001</GBSeq_organism>
 <GBSeq_organism>Calothrix parietina</GBSeq_organism>
 <GBSeq_organism>Calothrix sp. CCMEE 5093</GBSeq_organism>
 <GBSeq_organism>Rivularia sp. XP16B</GBSeq_organism>
 <GBSeq_organism>Calothrix sp. PCC 7714</GBSeq_organism>
 <GBSeq_organism>Calothrix sp. DCC D253</GBSeq_organism>
 <GBSeq_organism>Calothrix brevissima IAM M-249</GBSeq_organism>
 <GBSeq_organism>Anabaena sp. 90</GBSeq_organism>
 <GBSeq_organism>Calothrix desertica PCC 7102</GBSeq_organism>
 <GBSeq_organism>Nodularia spumigena</GBSeq_organism>
 <GBSeq_organism>uncultured Calothrix sp.</GBSeq_organism>
 <GBSeq_organism>Tolypothrix distorta</GBSeq_organism>
 <GBSeq_organism>Calothrix parietina</GBSeq_organism>
 <GBSeq_organism>Rivularia sp. BECID10</GBSeq_organism>
 <GBSeq_organism>Nostoc sp. ATCC 53789</GBSeq_organism>
 <GBSeq_organism>Tolypothrix distorta</GBSeq_organism>
 <GBSeq_organism>Aphanizomenon flos-aquae PCC 7905</GBSeq_organism>
 <GBSeq_organism>Rivularia atra BIR MGR1</GBSeq_organism>
 <GBSeq_organism>Cylindrospermopsis raciborskii</GBSeq_organism>
 <GBSeq_organism>Oscillatoria sancta PCC 7515</GBSeq_organism>
 <GBSeq_organism>Cylindrospermopsis raciborskii AWT205</GBSeq_organism>
 <GBSeq_organism>Nodularia sp. BCNOD9427</GBSeq_organism>
