 <GBSeq_organism>Caulobacter vibrioides</GBSeq_organism>
 <GBSeq_organism>Caulobacter ginsengisoli</GBSeq_organism>
 <GBSeq_organism>Caulobacter fusiformis</GBSeq_organism>
 <GBSeq_organism>Phenylobacterium zucineum HLK1</GBSeq_organism>
 <GBSeq_organism>Phenylobacterium lituiforme</GBSeq_organism>
 <GBSeq_organism>Asticcacaulis excentricus CB 48</GBSeq_organism>
 <GBSeq_organism>Brevundimonas subvibrioides ATCC 15264</GBSeq_organism>
 <GBSeq_organism>Phenylobacterium conjunctum</GBSeq_organism>
 <GBSeq_organism>Brevundimonas alba</GBSeq_organism>
 <GBSeq_organism>Brevundimonas mediterranea</GBSeq_organism>
 <GBSeq_organism>Caulobacter henricii</GBSeq_organism>
 <GBSeq_organism>Phenylobacterium koreense</GBSeq_organism>
 <GBSeq_organism>Brevundimonas aveniformis</GBSeq_organism>
 <GBSeq_organism>Brevundimonas diminuta ATCC 11568</GBSeq_organism>
 <GBSeq_organism>Phenylobacterium haematophilum</GBSeq_organism>
 <GBSeq_organism>Brevundimonas bacteroides</GBSeq_organism>
 <GBSeq_organism>Brevundimonas intermedia</GBSeq_organism>
 <GBSeq_organism>Brevundimonas kwangchunensis</GBSeq_organism>
 <GBSeq_organism>Asticcacaulis biprosthecium</GBSeq_organism>
 <GBSeq_organism>Asticcacaulis taihuensis</GBSeq_organism>
 <GBSeq_organism>Phenylobacterium falsum</GBSeq_organism>
 <GBSeq_organism>Phenylobacterium immobile</GBSeq_organism>
 <GBSeq_organism>Asticcacaulis benevestitus</GBSeq_organism>
 <GBSeq_organism>Brevundimonas aurantiaca</GBSeq_organism>
 <GBSeq_organism>Brevundimonas vesicularis</GBSeq_organism>
 <GBSeq_organism>Caulobacter mirabilis</GBSeq_organism>
 <GBSeq_organism>Brevundimonas variabilis</GBSeq_organism>
 <GBSeq_organism>Brevundimonas lenta</GBSeq_organism>
