 <GBSeq_organism>Pedobacter piscium</GBSeq_organism>
 <GBSeq_organism>Pedobacter saltans DSM 12145</GBSeq_organism>
 <GBSeq_organism>Sphingobacterium daejeonense</GBSeq_organism>
 <GBSeq_organism>Bacteroides fragilis</GBSeq_organism>
 <GBSeq_organism>Sphingobacterium multivorum</GBSeq_organism>
 <GBSeq_organism>Sphingobacterium faecium</GBSeq_organism>
 <GBSeq_organism>Pedobacter panaciterrae</GBSeq_organism>
 <GBSeq_organism>Sphingobacterium spiritivorum</GBSeq_organism>
 <GBSeq_organism>Sphingobacterium thalpophilum</GBSeq_organism>
 <GBSeq_organism>Olivibacter sitiensis</GBSeq_organism>
 <GBSeq_organism>Parapedobacter koreensis</GBSeq_organism>
 <GBSeq_organism>Pedobacter caeni</GBSeq_organism>
 <GBSeq_organism>Pedobacter heparinus DSM 2366</GBSeq_organism>
 <GBSeq_organism>Pedobacter roseus</GBSeq_organism>
 <GBSeq_organism>Sphingobacterium mizutaii</GBSeq_organism>
 <GBSeq_organism>Pedobacter himalayensis</GBSeq_organism>
 <GBSeq_organism>Pedobacter ginsengisoli</GBSeq_organism>
 <GBSeq_organism>Pedobacter suwonensis</GBSeq_organism>
 <GBSeq_organism>Pedobacter africanus</GBSeq_organism>
 <GBSeq_organism>Parapedobacter soli</GBSeq_organism>
