 <GBSeq_organism>Burkholderia sp. SWF66247</GBSeq_organism>
 <GBSeq_organism>Cupriavidus taiwanensis</GBSeq_organism>
 <GBSeq_organism>Burkholderia sp. TJ182</GBSeq_organism>
 <GBSeq_organism>Burkholderia hospita</GBSeq_organism>
 <GBSeq_organism>Cupriavidus sp. SWF66232</GBSeq_organism>
 <GBSeq_organism>Burkholderia sp. SWF66117S</GBSeq_organism>
 <GBSeq_organism>Burkholderia sp. SWF66003</GBSeq_organism>
 <GBSeq_organism>Burkholderia sp. SWF66044</GBSeq_organism>
 <GBSeq_organism>Rhizobium etli bv. mimosae</GBSeq_organism>
 <GBSeq_organism>Burkholderia sp. SWF66304</GBSeq_organism>
 <GBSeq_organism>Burkholderia mimosarum</GBSeq_organism>
 <GBSeq_organism>Burkholderia phymatum STM815</GBSeq_organism>
 <GBSeq_organism>Rhizobium sp. USDA 2370</GBSeq_organism>
 <GBSeq_organism>Cupriavidus sp. SWF66294</GBSeq_organism>
 <GBSeq_organism>Burkholderia sabiae</GBSeq_organism>
 <GBSeq_organism>Rhizobium sp. SWF66289</GBSeq_organism>
 <GBSeq_organism>Burkholderia terrae</GBSeq_organism>
 <GBSeq_organism>Cupriavidus sp. SWF66194</GBSeq_organism>
 <GBSeq_organism>Cupriavidus sp. SWF66131</GBSeq_organism>
 <GBSeq_organism>Cupriavidus sp. SWF66166</GBSeq_organism>
 <GBSeq_organism>Burkholderia sp. SWF66049</GBSeq_organism>
 <GBSeq_organism>Cupriavidus sp. SWF66322</GBSeq_organism>
 <GBSeq_organism>Rhizobium yanglingense</GBSeq_organism>
 <GBSeq_organism>Cupriavidus taiwanensis LMG 19424</GBSeq_organism>
 <GBSeq_organism>Burkholderia sp. SWF66029</GBSeq_organism>
 <GBSeq_organism>Burkholderia silvatlantica SRMrh-20</GBSeq_organism>
 <GBSeq_organism>Burkholderia nodosa</GBSeq_organism>
 <GBSeq_organism>Burkholderia tropica</GBSeq_organism>
 <GBSeq_organism>Burkholderia cepacia ATCC 25416</GBSeq_organism>
