 <GBSeq_organism>Herbaspirillum seropedicae</GBSeq_organism>
 <GBSeq_organism>Ideonella dechloratans</GBSeq_organism>
 <GBSeq_organism>Azospirillum melinis</GBSeq_organism>
 <GBSeq_organism>Azospirillum lipoferum</GBSeq_organism>
 <GBSeq_organism>Azonexus fungiphilus</GBSeq_organism>
 <GBSeq_organism>Azoarcus evansii</GBSeq_organism>
 <GBSeq_organism>Azorhizobium caulinodans ORS 571</GBSeq_organism>
 <GBSeq_organism>Burkholderia andropogonis</GBSeq_organism>
 <GBSeq_organism>Cupriavidus necator</GBSeq_organism>
 <GBSeq_organism>Azospirillum lipoferum</GBSeq_organism>
 <GBSeq_organism>Cupriavidus campinensis</GBSeq_organism>
 <GBSeq_organism>Azovibrio restrictus</GBSeq_organism>
 <GBSeq_organism>Azoarcus indigens</GBSeq_organism>
 <GBSeq_organism>Thauera terpenica 58Eu</GBSeq_organism>
 <GBSeq_organism>Rhizobium leguminosarum bv. viciae</GBSeq_organism>
 <GBSeq_organism>Azospirillum brasilense</GBSeq_organism>
 <GBSeq_organism>Alcaligenes faecalis subsp. parafaecalis</GBSeq_organism>
 <GBSeq_organism>Azospirillum oryzae</GBSeq_organism>
 <GBSeq_organism>Dechloromonas agitata</GBSeq_organism>
 <GBSeq_organism>Azospirillum melinis</GBSeq_organism>
 <GBSeq_organism>Nitrospirillum amazonense</GBSeq_organism>
 <GBSeq_organism>Azospirillum melinis</GBSeq_organism>
 <GBSeq_organism>Burkholderia cepacia</GBSeq_organism>
 <GBSeq_organism>Azospirillum doebereinerae</GBSeq_organism>
 <GBSeq_organism>Azospirillum halopraeferens</GBSeq_organism>
 <GBSeq_organism>Azospirillum largimobile</GBSeq_organism>
 <GBSeq_organism>Rhodocyclus tenuis</GBSeq_organism>
 <GBSeq_organism>Thauera aminoaromatica S2</GBSeq_organism>
 <GBSeq_organism>Thauera linaloolentis 47Lol = DSM 12138</GBSeq_organism>
 <GBSeq_organism>Rhodocyclus purpureus</GBSeq_organism>
 <GBSeq_organism>Azoarcus tolulyticus</GBSeq_organism>
