 <GBSeq_organism>Gordonia desulfuricans</GBSeq_organism>
 <GBSeq_organism>Gordonia bronchialis DSM 43247</GBSeq_organism>
 <GBSeq_organism>Gordonia alkanivorans</GBSeq_organism>
 <GBSeq_organism>Gordonia terrae</GBSeq_organism>
 <GBSeq_organism>Gordonia hankookensis</GBSeq_organism>
 <GBSeq_organism>Gordonia aichiensis</GBSeq_organism>
 <GBSeq_organism>Gordonia malaquae</GBSeq_organism>
 <GBSeq_organism>Gordonia sputi</GBSeq_organism>
 <GBSeq_organism>Gordonia amarae</GBSeq_organism>
 <GBSeq_organism>Gordonia araii NBRC 100433</GBSeq_organism>
 <GBSeq_organism>Gordonia westfalica</GBSeq_organism>
 <GBSeq_organism>Musca domestica</GBSeq_organism>
 <GBSeq_organism>Gordonia cholesterolivorans</GBSeq_organism>
 <GBSeq_organism>Gordonia soli</GBSeq_organism>
 <GBSeq_organism>Gordonia sihwensis</GBSeq_organism>
 <GBSeq_organism>Williamsia marianensis</GBSeq_organism>
 <GBSeq_organism>Gordonia hirsuta DSM 44140 = NBRC 16056</GBSeq_organism>
 <GBSeq_organism>Gordonia defluvii</GBSeq_organism>
 <GBSeq_organism>Homo sapiens</GBSeq_organism>
 <GBSeq_organism>Gordonia humi</GBSeq_organism>
 <GBSeq_organism>Salmonella enterica subsp. enterica serovar Paratyphi A</GBSeq_organism>
 <GBSeq_organism>Gordonia paraffinivorans</GBSeq_organism>
 <GBSeq_organism>Gordonia hydrophobica</GBSeq_organism>
 <GBSeq_organism>Gordonia polyisoprenivorans</GBSeq_organism>
 <GBSeq_organism>Gordonia rhizosphera NBRC 16068</GBSeq_organism>
 <GBSeq_organism>Gordonia sinesedis</GBSeq_organism>
 <GBSeq_organism>Gordonia amicalis</GBSeq_organism>
 <GBSeq_organism>Gordonia kroppenstedtii DSM 45133</GBSeq_organism>
