 <GBSeq_organism>Ruegeria mobilis</GBSeq_organism>
 <GBSeq_organism>Roseobacter denitrificans OCh 114</GBSeq_organism>
 <GBSeq_organism>Phaeobacter gallaeciensis DSM 26640</GBSeq_organism>
 <GBSeq_organism>Sulfitobacter delicatus</GBSeq_organism>
 <GBSeq_organism>Roseobacter litoralis Och 149</GBSeq_organism>
 <GBSeq_organism>Thalassobius gelatinovorus</GBSeq_organism>
 <GBSeq_organism>Pseudoruegeria aquimaris</GBSeq_organism>
 <GBSeq_organism>Leisingera methylohalidivorans DSM 14336</GBSeq_organism>
 <GBSeq_organism>Stappia stellulata</GBSeq_organism>
 <GBSeq_organism>Silicibacter lacuscaerulensis ITI-1157</GBSeq_organism>
 <GBSeq_organism>Thalassobius aestuarii</GBSeq_organism>
 <GBSeq_organism>Phaeobacter inhibens DSM 16374</GBSeq_organism>
 <GBSeq_organism>Thalassobius mediterraneus</GBSeq_organism>
 <GBSeq_organism>Marinovum algicola</GBSeq_organism>
 <GBSeq_organism>Leisingera caerulea</GBSeq_organism>
 <GBSeq_organism>Ruegeria pomeroyi</GBSeq_organism>
 <GBSeq_organism>Sulfitobacter pontiacus</GBSeq_organism>
 <GBSeq_organism>Sulfitobacter dubius</GBSeq_organism>
 <GBSeq_organism>Leisingera caerulea</GBSeq_organism>
 <GBSeq_organism>Ruegeria atlantica</GBSeq_organism>
 <GBSeq_organism>Leisingera aquimarina</GBSeq_organism>
