 <GBSeq_organism>Haloarcula salaria</GBSeq_organism>
 <GBSeq_organism>Haloarcula japonica</GBSeq_organism>
 <GBSeq_organism>Haloarcula marismortui ATCC 43049</GBSeq_organism>
 <GBSeq_organism>Haloarcula quadrata</GBSeq_organism>
 <GBSeq_organism>Halomicrobium mukohataei DSM 12286</GBSeq_organism>
 <GBSeq_organism>Haloarcula argentinensis DSM 12282</GBSeq_organism>
 <GBSeq_organism>Haloarcula vallismortis</GBSeq_organism>
 <GBSeq_organism>Haloarcula tradensis</GBSeq_organism>
 <GBSeq_organism>Haloarcula argentinensis DSM 12282</GBSeq_organism>
 <GBSeq_organism>Haloarcula vallismortis</GBSeq_organism>
 <GBSeq_organism>Haloarcula japonica</GBSeq_organism>
 <GBSeq_organism>Haloarcula tradensis</GBSeq_organism>
 <GBSeq_organism>Halomicrobium mukohataei DSM 12286</GBSeq_organism>
 <GBSeq_organism>Haloarcula hispanica ATCC 33960</GBSeq_organism>
 <GBSeq_organism>Haloarcula tradensis</GBSeq_organism>
 <GBSeq_organism>Haloarcula japonica</GBSeq_organism>
 <GBSeq_organism>Haloarcula quadrata</GBSeq_organism>
 <GBSeq_organism>Haloarcula vallismortis</GBSeq_organism>
 <GBSeq_organism>Haloarcula hispanica</GBSeq_organism>
 <GBSeq_organism>Haloarcula salaria</GBSeq_organism>
 <GBSeq_organism>Haloarcula japonica</GBSeq_organism>
 <GBSeq_organism>Haloarcula vallismortis</GBSeq_organism>
