 <GBSeq_organism>Fructobacillus ficulneus</GBSeq_organism>
 <GBSeq_organism>Fructobacillus fructosus KCTC 3544</GBSeq_organism>
 <GBSeq_organism>Weissella kandleri</GBSeq_organism>
 <GBSeq_organism>Oenococcus oeni</GBSeq_organism>
 <GBSeq_organism>Weissella fabaria</GBSeq_organism>
 <GBSeq_organism>Leuconostoc pseudomesenteroides</GBSeq_organism>
 <GBSeq_organism>Fructobacillus durionis</GBSeq_organism>
 <GBSeq_organism>Weissella ghanensis</GBSeq_organism>
 <GBSeq_organism>Leuconostoc gelidum KCTC 3527</GBSeq_organism>
 <GBSeq_organism>Weissella koreensis</GBSeq_organism>
 <GBSeq_organism>Leuconostoc kimchii</GBSeq_organism>
 <GBSeq_organism>Weissella thailandensis</GBSeq_organism>
 <GBSeq_organism>Leuconostoc holzapfelii</GBSeq_organism>
 <GBSeq_organism>Weissella paramesenteroides</GBSeq_organism>
 <GBSeq_organism>Weissella hellenica</GBSeq_organism>
 <GBSeq_organism>Leuconostoc gasicomitatum LMG 18811</GBSeq_organism>
 <GBSeq_organism>Leuconostoc inhae KCTC 3774</GBSeq_organism>
 <GBSeq_organism>Oenococcus kitaharae DSM 17330</GBSeq_organism>
 <GBSeq_organism>Leuconostoc mesenteroides</GBSeq_organism>
 <GBSeq_organism>Fructobacillus pseudoficulneus</GBSeq_organism>
 <GBSeq_organism>Leuconostoc fallax KCTC 3537</GBSeq_organism>
