 <GBSeq_organism>Halomonas meridiana</GBSeq_organism>
 <GBSeq_organism>Halomonas kribbensis</GBSeq_organism>
 <GBSeq_organism>Salinicola salarius</GBSeq_organism>
 <GBSeq_organism>Carnimonas nigrificans</GBSeq_organism>
 <GBSeq_organism>Halomonas boliviensis LC1</GBSeq_organism>
 <GBSeq_organism>Chromohalobacter sarecensis</GBSeq_organism>
 <GBSeq_organism>Halomonas pantelleriensis</GBSeq_organism>
 <GBSeq_organism>Halomonas stevensii S18214</GBSeq_organism>
 <GBSeq_organism>Halomonas arcis</GBSeq_organism>
 <GBSeq_organism>Cobetia marina</GBSeq_organism>
 <GBSeq_organism>Halomonas elongata DSM 2581</GBSeq_organism>
 <GBSeq_organism>Halomonas elongata</GBSeq_organism>
 <GBSeq_organism>Halomonas subterranea</GBSeq_organism>
 <GBSeq_organism>Chromohalobacter israelensis</GBSeq_organism>
 <GBSeq_organism>Halomonas halmophila</GBSeq_organism>
 <GBSeq_organism>Halomonas venusta</GBSeq_organism>
 <GBSeq_organism>Salinicola halophilus</GBSeq_organism>
 <GBSeq_organism>Escherichia coli str. K-12 substr. MG1655</GBSeq_organism>
 <GBSeq_organism>Halomonas janggokensis</GBSeq_organism>
 <GBSeq_organism>Halomonas lutea</GBSeq_organism>
 <GBSeq_organism>Halomonas ventosae</GBSeq_organism>
 <GBSeq_organism>Halomonas muralis</GBSeq_organism>
 <GBSeq_organism>Chromohalobacter marismortui</GBSeq_organism>
 <GBSeq_organism>Halomonas neptunia</GBSeq_organism>
 <GBSeq_organism>Halomonas eurihalina</GBSeq_organism>
 <GBSeq_organism>Chromohalobacter nigrandesensis</GBSeq_organism>
 <GBSeq_organism>Halotalea alkalilenta</GBSeq_organism>
 <GBSeq_organism>Halomonas gomseomensis</GBSeq_organism>
 <GBSeq_organism>Halomonas aquamarina</GBSeq_organism>
 <GBSeq_organism>Halomonas ilicicola</GBSeq_organism>
 <GBSeq_organism>Halomonas sabkhae</GBSeq_organism>
 <GBSeq_organism>Halomonas alkaliphila</GBSeq_organism>
 <GBSeq_organism>Halomonas cupida</GBSeq_organism>
 <GBSeq_organism>Zymobacter palmae</GBSeq_organism>
 <GBSeq_organism>Halomonas hydrothermalis</GBSeq_organism>
 <GBSeq_organism>Halomonas salina</GBSeq_organism>
 <GBSeq_organism>Halomonas hamiltonii</GBSeq_organism>
