 <GBSeq_organism>Metschnikowia reukaufii</GBSeq_organism>
 <GBSeq_organism>Metschnikowia sp. NRRL Y-7275</GBSeq_organism>
 <GBSeq_organism>Candida hawaiiana</GBSeq_organism>
 <GBSeq_organism>Metschnikowia sp. NRRL Y-6148</GBSeq_organism>
 <GBSeq_organism>Metschnikowia lunata</GBSeq_organism>
 <GBSeq_organism>Metschnikowia koreensis</GBSeq_organism>
 <GBSeq_organism>Clavispora lusitaniae</GBSeq_organism>
 <GBSeq_organism>Metschnikowia australis</GBSeq_organism>
 <GBSeq_organism>Candida intermedia</GBSeq_organism>
 <GBSeq_organism>Metschnikowia sp. NRRL Y-5941</GBSeq_organism>
 <GBSeq_organism>Candida fructus</GBSeq_organism>
 <GBSeq_organism>Candida picachoensis</GBSeq_organism>
 <GBSeq_organism>Metschnikowia gruessii</GBSeq_organism>
 <GBSeq_organism>Metschnikowia borealis</GBSeq_organism>
 <GBSeq_organism>Metschnikowia sp. NRRL Y-6344</GBSeq_organism>
 <GBSeq_organism>Metschnikowia agaves</GBSeq_organism>
 <GBSeq_organism>Candida pimensis</GBSeq_organism>
 <GBSeq_organism>Metschnikowia hawaiiensis</GBSeq_organism>
 <GBSeq_organism>Metschnikowia sp. NRRL Y-17036</GBSeq_organism>
 <GBSeq_organism>Metschnikowia chrysoperlae</GBSeq_organism>
 <GBSeq_organism>Metschnikowia bicuspidata var. californica</GBSeq_organism>
 <GBSeq_organism>Candida ipomoeae</GBSeq_organism>
 <GBSeq_organism>Metschnikowia drosophilae</GBSeq_organism>
 <GBSeq_organism>Candida magnifica</GBSeq_organism>
 <GBSeq_organism>Metschnikowia zobellii</GBSeq_organism>
 <GBSeq_organism>Metschnikowia krissii</GBSeq_organism>
 <GBSeq_organism>Metschnikowia pulcherrima</GBSeq_organism>
 <GBSeq_organism>Metschnikowia fructicola</GBSeq_organism>
