 <GBSeq_organism>Mycobacterium interjectum</GBSeq_organism>
 <GBSeq_organism>Mycobacterium asiaticum</GBSeq_organism>
 <GBSeq_organism>Mycobacterium conspicuum</GBSeq_organism>
 <GBSeq_organism>Mycobacterium sherrisii</GBSeq_organism>
 <GBSeq_organism>Mycobacterium cookii</GBSeq_organism>
 <GBSeq_organism>Mycobacterium europaeum</GBSeq_organism>
 <GBSeq_organism>Mycobacterium heidelbergense</GBSeq_organism>
 <GBSeq_organism>Alvinella pompejana</GBSeq_organism>
 <GBSeq_organism>Mycobacterium noviomagense</GBSeq_organism>
 <GBSeq_organism>Mycobacterium kubicae</GBSeq_organism>
 <GBSeq_organism>Mycobacterium intermedium</GBSeq_organism>
 <GBSeq_organism>Mycobacterium tuberculosis</GBSeq_organism>
 <GBSeq_organism>Mycobacterium parmense</GBSeq_organism>
 <GBSeq_organism>Mycobacterium celatum</GBSeq_organism>
 <GBSeq_organism>Mycobacterium florentinum</GBSeq_organism>
 <GBSeq_organism>Mycobacterium gordonae</GBSeq_organism>
 <GBSeq_organism>Mycobacterium sp.</GBSeq_organism>
 <GBSeq_organism>Mycobacterium lentiflavum</GBSeq_organism>
 <GBSeq_organism>Mycobacterium kyorinense</GBSeq_organism>
 <GBSeq_organism>Mycobacterium saskatchewanense</GBSeq_organism>
 <GBSeq_organism>Mycobacterium triviale</GBSeq_organism>
