 <GBSeq_organism>Streptococcus orisratti</GBSeq_organism>
 <GBSeq_organism>Streptococcus oralis ATCC 35037</GBSeq_organism>
 <GBSeq_organism>Streptococcus pneumoniae</GBSeq_organism>
 <GBSeq_organism>Streptococcus criceti</GBSeq_organism>
 <GBSeq_organism>Streptococcus suis</GBSeq_organism>
 <GBSeq_organism>Streptococcus ratti</GBSeq_organism>
 <GBSeq_organism>Streptococcus parasanguinis ATCC 15912</GBSeq_organism>
 <GBSeq_organism>Streptococcus intermedius</GBSeq_organism>
 <GBSeq_organism>Streptococcus downei MFe28</GBSeq_organism>
 <GBSeq_organism>Streptococcus mitis</GBSeq_organism>
 <GBSeq_organism>Streptococcus salivarius</GBSeq_organism>
 <GBSeq_organism>Streptococcus alactolyticus</GBSeq_organism>
 <GBSeq_organism>Streptococcus gordonii</GBSeq_organism>
 <GBSeq_organism>Streptococcus anginosus SK52 = DSM 20563</GBSeq_organism>
 <GBSeq_organism>Streptococcus sobrinus</GBSeq_organism>
 <GBSeq_organism>Streptococcus ferus</GBSeq_organism>
 <GBSeq_organism>Streptococcus macacae NCTC 11558</GBSeq_organism>
 <GBSeq_organism>Streptococcus canis</GBSeq_organism>
 <GBSeq_organism>Streptococcus orisuis</GBSeq_organism>
 <GBSeq_organism>Streptococcus mutans</GBSeq_organism>
 <GBSeq_organism>Streptococcus devriesei</GBSeq_organism>
