 <GBSeq_organism>Odoribacter splanchnicus</GBSeq_organism>
 <GBSeq_organism>Dysgonomonas gadei ATCC BAA-286</GBSeq_organism>
 <GBSeq_organism>Bacteroides uniformis</GBSeq_organism>
 <GBSeq_organism>Proteiniphilum acetatigenes</GBSeq_organism>
 <GBSeq_organism>Prevotella intermedia ATCC 25611 = DSM 20706</GBSeq_organism>
 <GBSeq_organism>Bacteroides fragilis</GBSeq_organism>
 <GBSeq_organism>Bacteroides vulgatus</GBSeq_organism>
 <GBSeq_organism>Alistipes putredinis</GBSeq_organism>
 <GBSeq_organism>Porphyromonas circumdentaria</GBSeq_organism>
 <GBSeq_organism>Porphyromonas gingivalis</GBSeq_organism>
 <GBSeq_organism>Prevotella melaninogenica ATCC 25845</GBSeq_organism>
 <GBSeq_organism>Porphyromonas asaccharolytica DSM 20707</GBSeq_organism>
 <GBSeq_organism>Dysgonomonas capnocytophagoides</GBSeq_organism>
 <GBSeq_organism>Bacteroides thetaiotaomicron</GBSeq_organism>
 <GBSeq_organism>Tannerella forsythia</GBSeq_organism>
 <GBSeq_organism>Prevotella nigrescens ATCC 33563</GBSeq_organism>
 <GBSeq_organism>Pseudobacteroides cellulosolvens</GBSeq_organism>
 <GBSeq_organism>Dysgonomonas mossii DSM 22836</GBSeq_organism>
 <GBSeq_organism>Parabacteroides goldsteinii</GBSeq_organism>
 <GBSeq_organism>Porphyromonas endodontalis</GBSeq_organism>
