 <GBSeq_organism>Helicobacter canis</GBSeq_organism>
 <GBSeq_organism>Campylobacter lanienae NCTC 13004</GBSeq_organism>
 <GBSeq_organism>Campylobacter canadensis</GBSeq_organism>
 <GBSeq_organism>Campylobacter avium LMG 24591</GBSeq_organism>
 <GBSeq_organism>Campylobacter coli</GBSeq_organism>
 <GBSeq_organism>Campylobacter concisus</GBSeq_organism>
 <GBSeq_organism>Campylobacter jejuni subsp. doylei</GBSeq_organism>
 <GBSeq_organism>Campylobacter rectus</GBSeq_organism>
 <GBSeq_organism>Campylobacter jejuni</GBSeq_organism>
 <GBSeq_organism>Campylobacter sputorum</GBSeq_organism>
 <GBSeq_organism>Helicobacter pylori</GBSeq_organism>
 <GBSeq_organism>Arcobacter skirrowii CCUG 10374</GBSeq_organism>
 <GBSeq_organism>Campylobacter lari subsp. lari</GBSeq_organism>
 <GBSeq_organism>Campylobacter helveticus</GBSeq_organism>
 <GBSeq_organism>Campylobacter hominis</GBSeq_organism>
 <GBSeq_organism>Campylobacter sputorum</GBSeq_organism>
 <GBSeq_organism>Campylobacter avium</GBSeq_organism>
 <GBSeq_organism>Campylobacter insulaenigrae NCTC 12927</GBSeq_organism>
 <GBSeq_organism>Campylobacter avium</GBSeq_organism>
 <GBSeq_organism>Campylobacter hyointestinalis subsp. lawsonii</GBSeq_organism>
