 <GBSeq_organism>Mycobacterium abscessus ATCC 19977</GBSeq_organism>
 <GBSeq_organism>Mycobacterium duvalii</GBSeq_organism>
 <GBSeq_organism>Mycobacterium cosmeticum</GBSeq_organism>
 <GBSeq_organism>Mycobacterium vaccae</GBSeq_organism>
 <GBSeq_organism>Mycobacterium komossense</GBSeq_organism>
 <GBSeq_organism>Mycobacterium wolinskyi</GBSeq_organism>
 <GBSeq_organism>Mycobacterium gilvum</GBSeq_organism>
 <GBSeq_organism>Mycobacterium hodleri</GBSeq_organism>
 <GBSeq_organism>Mycobacterium elephantis</GBSeq_organism>
 <GBSeq_organism>Mycobacterium diernhoferi</GBSeq_organism>
 <GBSeq_organism>Mycobacterium fallax</GBSeq_organism>
 <GBSeq_organism>Mycobacterium tuberculosis</GBSeq_organism>
 <GBSeq_organism>Mycobacterium aurum</GBSeq_organism>
 <GBSeq_organism>Mycobacterium cosmeticum</GBSeq_organism>
 <GBSeq_organism>Mycobacterium parafortuitum</GBSeq_organism>
 <GBSeq_organism>Mycobacterium aichiense</GBSeq_organism>
 <GBSeq_organism>Mycobacterium frederiksbergense</GBSeq_organism>
 <GBSeq_organism>Mycobacterium chitae</GBSeq_organism>
 <GBSeq_organism>Mycobacterium chelonae</GBSeq_organism>
 <GBSeq_organism>Mycobacterium austroafricanum</GBSeq_organism>
 <GBSeq_organism>Mycobacterium neoaurum ATCC 25795</GBSeq_organism>
 <GBSeq_organism>Mycobacterium smegmatis</GBSeq_organism>
