 <GBSeq_organism>Alteromonas macleodii</GBSeq_organism>
 <GBSeq_organism>Alteromonas macleodii</GBSeq_organism>
 <GBSeq_organism>Alteromonas macleodii</GBSeq_organism>
 <GBSeq_organism>Alteromonas stellipolaris</GBSeq_organism>
 <GBSeq_organism>Colwellia psychrerythraea</GBSeq_organism>
 <GBSeq_organism>Colwellia psychrotropica</GBSeq_organism>
 <GBSeq_organism>Alteromonas tagae</GBSeq_organism>
 <GBSeq_organism>Alteromonas marina</GBSeq_organism>
 <GBSeq_organism>Glaciecola punicea</GBSeq_organism>
 <GBSeq_organism>Alteromonas genovensis</GBSeq_organism>
 <GBSeq_organism>Colwellia rossensis</GBSeq_organism>
 <GBSeq_organism>Alteromonas litorea</GBSeq_organism>
 <GBSeq_organism>Alteromonas hispanica</GBSeq_organism>
 <GBSeq_organism>Alteromonas macleodii</GBSeq_organism>
 <GBSeq_organism>Alteromonas addita</GBSeq_organism>
 <GBSeq_organism>Alteromonas macleodii</GBSeq_organism>
 <GBSeq_organism>Alteromonas genovensis</GBSeq_organism>
 <GBSeq_organism>Glaciecola agarilytica</GBSeq_organism>
 <GBSeq_organism>Glaciecola pallidula DSM 14239 = ACAM 615</GBSeq_organism>
 <GBSeq_organism>Glaciecola mesophila KMM 241</GBSeq_organism>
 <GBSeq_organism>Alteromonas simiduii</GBSeq_organism>
 <GBSeq_organism>Aeromonas sobria</GBSeq_organism>
