 <GBSeq_organism>Echinicola pacifica</GBSeq_organism>
 <GBSeq_organism>Fabibacter halotolerans</GBSeq_organism>
 <GBSeq_organism>Algoriphagus chordae</GBSeq_organism>
 <GBSeq_organism>Rhodonellum psychrophilum</GBSeq_organism>
 <GBSeq_organism>Algoriphagus locisalis</GBSeq_organism>
 <GBSeq_organism>Belliella pelovolcani</GBSeq_organism>
 <GBSeq_organism>Algoriphagus ratkowskyi</GBSeq_organism>
 <GBSeq_organism>Algoriphagus alkaliphilus</GBSeq_organism>
 <GBSeq_organism>Algoriphagus yeomjeoni</GBSeq_organism>
 <GBSeq_organism>Algoriphagus marincola</GBSeq_organism>
 <GBSeq_organism>Algoriphagus aquimarinus</GBSeq_organism>
 <GBSeq_organism>Algoriphagus vanfongensis</GBSeq_organism>
 <GBSeq_organism>Algoriphagus hitonicola</GBSeq_organism>
 <GBSeq_organism>Algoriphagus terrigena</GBSeq_organism>
 <GBSeq_organism>Roseivirga ehrenbergii</GBSeq_organism>
 <GBSeq_organism>Pedobacter aquatilis</GBSeq_organism>
 <GBSeq_organism>Algoriphagus mannitolivorans</GBSeq_organism>
 <GBSeq_organism>Algoriphagus ornithinivorans</GBSeq_organism>
 <GBSeq_organism>Algoriphagus winogradskyi</GBSeq_organism>
 <GBSeq_organism>Roseivirga echinicomitans</GBSeq_organism>
 <GBSeq_organism>Algoriphagus boritolerans</GBSeq_organism>
 <GBSeq_organism>Echinicola vietnamensis</GBSeq_organism>
 <GBSeq_organism>Algoriphagus antarcticus</GBSeq_organism>
 <GBSeq_organism>Cyclobacterium amurskyense</GBSeq_organism>
 <GBSeq_organism>Algoriphagus halophilus</GBSeq_organism>
 <GBSeq_organism>Cyclobacterium marinum DSM 745</GBSeq_organism>
