 <GBSeq_organism>Belnapia moabensis</GBSeq_organism>
 <GBSeq_organism>Escherichia coli DSM 30083 = JCM 1649 = ATCC 11775</GBSeq_organism>
 <GBSeq_organism>Saccharibacter floricola</GBSeq_organism>
 <GBSeq_organism>Thalassospira lucentensis MCCC 1A00383 = DSM 14000</GBSeq_organism>
 <GBSeq_organism>Granulibacter bethesdensis CGDNIH1</GBSeq_organism>
 <GBSeq_organism>Gluconobacter oxydans</GBSeq_organism>
 <GBSeq_organism>Rhodospira trueperi</GBSeq_organism>
 <GBSeq_organism>Acidisoma tundrae</GBSeq_organism>
 <GBSeq_organism>Roseococcus thiosulfatophilus</GBSeq_organism>
 <GBSeq_organism>Craurococcus roseus</GBSeq_organism>
 <GBSeq_organism>Insolitispirillum peregrinum subsp. peregrinum</GBSeq_organism>
 <GBSeq_organism>Caenispirillum bisanense</GBSeq_organism>
 <GBSeq_organism>Azospirillum lipoferum</GBSeq_organism>
 <GBSeq_organism>Swaminathania salitolerans</GBSeq_organism>
 <GBSeq_organism>Rhodospirillum centenum</GBSeq_organism>
 <GBSeq_organism>Rhodospirillum rubrum ATCC 11170</GBSeq_organism>
 <GBSeq_organism>Thalassobaculum litoreum DSM 18839</GBSeq_organism>
 <GBSeq_organism>Rhodovibrio salinarum</GBSeq_organism>
 <GBSeq_organism>Acidomonas methanolica</GBSeq_organism>
 <GBSeq_organism>Phaeospirillum fulvum</GBSeq_organism>
 <GBSeq_organism>Acidisphaera rubrifaciens</GBSeq_organism>
 <GBSeq_organism>Magnetospirillum gryphiswaldense MSR-1</GBSeq_organism>
 <GBSeq_organism>Acidocella facilis</GBSeq_organism>
 <GBSeq_organism>Skermanella parooensis</GBSeq_organism>
 <GBSeq_organism>Defluviicoccus vanus</GBSeq_organism>
 <GBSeq_organism>Acetobacter aceti NBRC 14818</GBSeq_organism>
 <GBSeq_organism>Stella humosa</GBSeq_organism>
 <GBSeq_organism>Paracraurococcus ruber</GBSeq_organism>
 <GBSeq_organism>Marispirillum indicum</GBSeq_organism>
 <GBSeq_organism>Roseospira mediosalina</GBSeq_organism>
 <GBSeq_organism>Rhodopila globiformis</GBSeq_organism>
 <GBSeq_organism>Oceanibaculum indicum P24</GBSeq_organism>
 <GBSeq_organism>Novispirillum itersonii subsp. itersonii</GBSeq_organism>
 <GBSeq_organism>Roseomonas gilardii</GBSeq_organism>
