 <GBSeq_organism>Massilia plicata</GBSeq_organism>
 <GBSeq_organism>Massilia alkalitolerans DSM 17462</GBSeq_organism>
 <GBSeq_organism>Telluria chitinolytica</GBSeq_organism>
 <GBSeq_organism>Janthinobacterium agaricidamnosum</GBSeq_organism>
 <GBSeq_organism>Massilia aurea</GBSeq_organism>
 <GBSeq_organism>Massilia aerilata</GBSeq_organism>
 <GBSeq_organism>Oxalobacter formigenes</GBSeq_organism>
 <GBSeq_organism>Massilia niabensis</GBSeq_organism>
 <GBSeq_organism>Massilia niastensis</GBSeq_organism>
 <GBSeq_organism>Massilia albidiflava</GBSeq_organism>
 <GBSeq_organism>Massilia jejuensis</GBSeq_organism>
 <GBSeq_organism>Massilia brevitalea</GBSeq_organism>
 <GBSeq_organism>Telluria mixta DSM 4832</GBSeq_organism>
 <GBSeq_organism>Massilia timonae</GBSeq_organism>
 <GBSeq_organism>Herbaspirillum rhizosphaerae</GBSeq_organism>
 <GBSeq_organism>Janthinobacterium lividum</GBSeq_organism>
 <GBSeq_organism>Massilia lutea</GBSeq_organism>
 <GBSeq_organism>Massilia haematophila</GBSeq_organism>
 <GBSeq_organism>Massilia dura</GBSeq_organism>
 <GBSeq_organism>Massilia varians</GBSeq_organism>
