 <GBSeq_organism>Nocardia mexicana</GBSeq_organism>
 <GBSeq_organism>Nocardia uniformis</GBSeq_organism>
 <GBSeq_organism>Nocardia jejuensis</GBSeq_organism>
 <GBSeq_organism>Nocardia cerradoensis</GBSeq_organism>
 <GBSeq_organism>Nocardia jiangxiensis</GBSeq_organism>
 <GBSeq_organism>Nocardia otitidiscaviarum</GBSeq_organism>
 <GBSeq_organism>Nocardia africana</GBSeq_organism>
 <GBSeq_organism>Nocardia concava</GBSeq_organism>
 <GBSeq_organism>Nocardia elegans</GBSeq_organism>
 <GBSeq_organism>Nocardia anaemiae</GBSeq_organism>
 <GBSeq_organism>Nocardia vaccinii</GBSeq_organism>
 <GBSeq_organism>Nocardia pseudobrasiliensis</GBSeq_organism>
 <GBSeq_organism>Nocardia pseudovaccinii</GBSeq_organism>
 <GBSeq_organism>Nocardia crassostreae</GBSeq_organism>
 <GBSeq_organism>Nocardia nova</GBSeq_organism>
 <GBSeq_organism>Nocardia miyunensis</GBSeq_organism>
 <GBSeq_organism>Nocardia veterana</GBSeq_organism>
 <GBSeq_organism>Nocardia aobensis NBRC 100429</GBSeq_organism>
 <GBSeq_organism>Nocardia vermiculata</GBSeq_organism>
 <GBSeq_organism>Nocardia yamanashiensis</GBSeq_organism>
 <GBSeq_organism>Nocardia vinacea</GBSeq_organism>
