 <GBSeq_organism>Paenibacillus polymyxa</GBSeq_organism>
 <GBSeq_organism>Alicyclobacillus acidocaldarius subsp. acidocaldarius DSM 446</GBSeq_organism>
 <GBSeq_organism>Ammoniphilus oxalaticus</GBSeq_organism>
 <GBSeq_organism>Jeotgalibacillus marinus</GBSeq_organism>
 <GBSeq_organism>Alicyclobacillus hesperidum</GBSeq_organism>
 <GBSeq_organism>Oceanobacillus iheyensis HTE831</GBSeq_organism>
 <GBSeq_organism>Virgibacillus pantothenticus</GBSeq_organism>
 <GBSeq_organism>Exiguobacterium aurantiacum</GBSeq_organism>
 <GBSeq_organism>Alicyclobacillus tolerans</GBSeq_organism>
 <GBSeq_organism>Tumebacillus permanentifrigoris</GBSeq_organism>
 <GBSeq_organism>Pasteuria penetrans</GBSeq_organism>
 <GBSeq_organism>Alicyclobacillus vulcanalis</GBSeq_organism>
 <GBSeq_organism>Oxalophagus oxalicus</GBSeq_organism>
 <GBSeq_organism>Alicyclobacillus pomorum DSM 14955</GBSeq_organism>
 <GBSeq_organism>Thermicanus aegyptius</GBSeq_organism>
 <GBSeq_organism>Alicyclobacillus contaminans</GBSeq_organism>
 <GBSeq_organism>Amphibacillus xylanus NBRC 15112</GBSeq_organism>
 <GBSeq_organism>Bacillus subtilis</GBSeq_organism>
 <GBSeq_organism>Ornithinibacillus bavariensis</GBSeq_organism>
 <GBSeq_organism>Aneurinibacillus aneurinilyticus ATCC 12856</GBSeq_organism>
