 <GBSeq_organism>Streptomyces violarus</GBSeq_organism>
 <GBSeq_organism>Streptomyces bikiniensis</GBSeq_organism>
 <GBSeq_organism>Arthrobacter globiformis</GBSeq_organism>
 <GBSeq_organism>Streptomyces sapporonensis</GBSeq_organism>
 <GBSeq_organism>Streptomyces albus subsp. albus</GBSeq_organism>
 <GBSeq_organism>Streptomyces griseocarneus</GBSeq_organism>
 <GBSeq_organism>Candidatus Streptomyces philanthi bv. crotoniphilus</GBSeq_organism>
 <GBSeq_organism>Streptomyces albulus</GBSeq_organism>
 <GBSeq_organism>Streptomyces griseochromogenes</GBSeq_organism>
 <GBSeq_organism>Candidatus Streptomyces philanthi bv. triangulum diadema</GBSeq_organism>
 <GBSeq_organism>Streptomyces avermitilis</GBSeq_organism>
 <GBSeq_organism>Streptomyces griseus</GBSeq_organism>
 <GBSeq_organism>Streptomyces venezuelae</GBSeq_organism>
 <GBSeq_organism>Streptomyces griseus</GBSeq_organism>
 <GBSeq_organism>Streptomyces nodosus</GBSeq_organism>
 <GBSeq_organism>Streptomyces kasugaensis</GBSeq_organism>
 <GBSeq_organism>Candidatus Streptomyces philanthi bv. histrio</GBSeq_organism>
 <GBSeq_organism>Candidatus Streptomyces philanthi bv. fuscipennis</GBSeq_organism>
 <GBSeq_organism>Streptomyces ambofaciens</GBSeq_organism>
 <GBSeq_organism>Candidatus Streptomyces philanthi bv. coarctatus</GBSeq_organism>
 <GBSeq_organism>Streptomyces violaceus</GBSeq_organism>
 <GBSeq_organism>Streptomyces lydicus</GBSeq_organism>
 <GBSeq_organism>Streptomyces aureofaciens</GBSeq_organism>
