 <GBSeq_organism>Escherichia coli DSM 30083 = JCM 1649 = ATCC 11775</GBSeq_organism>
 <GBSeq_organism>Nitrococcus mobilis</GBSeq_organism>
 <GBSeq_organism>Salinisphaera sp. ARD M17</GBSeq_organism>
 <GBSeq_organism>Praomys rostratus</GBSeq_organism>
 <GBSeq_organism>Aquisalimonas asiatica</GBSeq_organism>
 <GBSeq_organism>Thalassospira sp. TN1</GBSeq_organism>
 <GBSeq_organism>Thioalkalivibrio thiocyanodenitrificans ARhD 1</GBSeq_organism>
 <GBSeq_organism>Salinisphaera sp. EPR71</GBSeq_organism>
 <GBSeq_organism>Salinisphaera dokdonensis CL-ES53</GBSeq_organism>
 <GBSeq_organism>uncultured Salinisphaera sp.</GBSeq_organism>
 <GBSeq_organism>Salinisphaera sp. EPR72</GBSeq_organism>
 <GBSeq_organism>Thioalkalivibrio denitrificans</GBSeq_organism>
 <GBSeq_organism>uncultured Salinisphaera sp.</GBSeq_organism>
 <GBSeq_organism>Marinobacter hydrocarbonoclasticus ATCC 49840</GBSeq_organism>
 <GBSeq_organism>Alcanivorax borkumensis</GBSeq_organism>
 <GBSeq_organism>Halothiobacillus hydrothermalis</GBSeq_organism>
 <GBSeq_organism>Paracoccus alcaliphilus</GBSeq_organism>
 <GBSeq_organism>Vibrio fluvialis</GBSeq_organism>
 <GBSeq_organism>Halomonas elongata</GBSeq_organism>
 <GBSeq_organism>Thiomicrospira crunogena XCL-2</GBSeq_organism>
 <GBSeq_organism>Thioclava pacifica DSM 10166</GBSeq_organism>
 <GBSeq_organism>Salinisphaera shabanensis E1L3A</GBSeq_organism>
