 <GBSeq_organism>Brucella suis</GBSeq_organism>
 <GBSeq_organism>Brucella sp. 02611</GBSeq_organism>
 <GBSeq_organism>Brucella suis</GBSeq_organism>
 <GBSeq_organism>Brucella canis</GBSeq_organism>
 <GBSeq_organism>Oryza glumipatula</GBSeq_organism>
 <GBSeq_organism>Brucella ovis</GBSeq_organism>
 <GBSeq_organism>Brucella ceti</GBSeq_organism>
 <GBSeq_organism>Brucella ceti</GBSeq_organism>
 <GBSeq_organism>Brucella suis</GBSeq_organism>
 <GBSeq_organism>Brucella suis</GBSeq_organism>
 <GBSeq_organism>Brucella suis</GBSeq_organism>
 <GBSeq_organism>Brucella ceti</GBSeq_organism>
 <GBSeq_organism>Brucella suis</GBSeq_organism>
 <GBSeq_organism>Brucella sp. JM13/00</GBSeq_organism>
 <GBSeq_organism>Brucella sp. 7763/2</GBSeq_organism>
 <GBSeq_organism>Brucella suis</GBSeq_organism>
 <GBSeq_organism>Brucella neotomae</GBSeq_organism>
 <GBSeq_organism>Ochrobactrum anthropi ATCC 49188</GBSeq_organism>
 <GBSeq_organism>Brucella suis</GBSeq_organism>
 <GBSeq_organism>Brucella sp. 7763/2</GBSeq_organism>
 <GBSeq_organism>Brucella suis 1330</GBSeq_organism>
 <GBSeq_organism>Brucella pinnipedialis</GBSeq_organism>
 <GBSeq_organism>Brucella pinnipedialis</GBSeq_organism>
 <GBSeq_organism>Brucella ovis</GBSeq_organism>
 <GBSeq_organism>Brucella abortus</GBSeq_organism>
 <GBSeq_organism>Brucella ceti</GBSeq_organism>
 <GBSeq_organism>Brucella suis</GBSeq_organism>
 <GBSeq_organism>Brucella suis</GBSeq_organism>
 <GBSeq_organism>Brucella abortus</GBSeq_organism>
 <GBSeq_organism>Brucella suis</GBSeq_organism>
 <GBSeq_organism>Ochrobactrum anthropi ATCC 49188</GBSeq_organism>
 <GBSeq_organism>Brucella melitensis</GBSeq_organism>
 <GBSeq_organism>Brucella ovis</GBSeq_organism>
 <GBSeq_organism>Brucella ovis</GBSeq_organism>
 <GBSeq_organism>Brucella suis</GBSeq_organism>
 <GBSeq_organism>Homo sapiens</GBSeq_organism>
