 <GBSeq_organism>Bisgaard Taxon 32</GBSeq_organism>
 <GBSeq_organism>Mannheimia haemolytica</GBSeq_organism>
 <GBSeq_organism>Nicoletella semolina</GBSeq_organism>
 <GBSeq_organism>Bibersteinia trehalosi</GBSeq_organism>
 <GBSeq_organism>Chelonobacter oris</GBSeq_organism>
 <GBSeq_organism>Avibacterium gallinarum</GBSeq_organism>
 <GBSeq_organism>Actinobacillus lignieresii</GBSeq_organism>
 <GBSeq_organism>Pasteurella multocida subsp. multocida</GBSeq_organism>
 <GBSeq_organism>Gallibacterium anatis DSM 16844 = F 149</GBSeq_organism>
 <GBSeq_organism>Chelonobacter oris</GBSeq_organism>
 <GBSeq_organism>Volucribacter psittacicida</GBSeq_organism>
 <GBSeq_organism>Lonepinella koalarum</GBSeq_organism>
 <GBSeq_organism>Pasteurella testudinis DSM 23072</GBSeq_organism>
 <GBSeq_organism>Bisgaard Taxon 14</GBSeq_organism>
 <GBSeq_organism>Histophilus somni</GBSeq_organism>
 <GBSeq_organism>Chelonobacter oris</GBSeq_organism>
 <GBSeq_organism>Aggregatibacter actinomycetemcomitans</GBSeq_organism>
 <GBSeq_organism>Phocoenobacter uteri</GBSeq_organism>
 <GBSeq_organism>Haemophilus influenzae</GBSeq_organism>
 <GBSeq_organism>Chelonobacter oris</GBSeq_organism>
