 <GBSeq_organism>Escherichia coli DSM 30083 = JCM 1649 = ATCC 11775</GBSeq_organism>
 <GBSeq_organism>Enterobacter ludwigii</GBSeq_organism>
 <GBSeq_organism>Cronobacter zurichensis LMG 23730</GBSeq_organism>
 <GBSeq_organism>Yersinia enterocolitica</GBSeq_organism>
 <GBSeq_organism>Kosakonia radicincitans</GBSeq_organism>
 <GBSeq_organism>Klebsiella oxytoca</GBSeq_organism>
 <GBSeq_organism>Erwinia rhapontici</GBSeq_organism>
 <GBSeq_organism>Raoultella planticola ATCC 33531</GBSeq_organism>
 <GBSeq_organism>Citrobacter koseri</GBSeq_organism>
 <GBSeq_organism>Kosakonia cowanii</GBSeq_organism>
 <GBSeq_organism>Cronobacter sakazakii</GBSeq_organism>
 <GBSeq_organism>Buttiauxella agrestis ATCC 33320</GBSeq_organism>
 <GBSeq_organism>Salmonella enterica subsp. enterica serovar Enteritidis</GBSeq_organism>
 <GBSeq_organism>Klebsiella pneumoniae</GBSeq_organism>
 <GBSeq_organism>Cronobacter zurichensis</GBSeq_organism>
 <GBSeq_organism>Leclercia adecarboxylata</GBSeq_organism>
 <GBSeq_organism>Brenneria alni</GBSeq_organism>
 <GBSeq_organism>Salmonella enterica subsp. enterica serovar Typhimurium</GBSeq_organism>
 <GBSeq_organism>Shigella flexneri</GBSeq_organism>
 <GBSeq_organism>Enterobacter kobei</GBSeq_organism>
 <GBSeq_organism>Serratia marcescens</GBSeq_organism>
 <GBSeq_organism>Enterobacter cloacae</GBSeq_organism>
 <GBSeq_organism>Citrobacter farmeri</GBSeq_organism>
 <GBSeq_organism>Citrobacter freundii ATCC 8090 = MTCC 1658</GBSeq_organism>
 <GBSeq_organism>Pluralibacter pyrinus</GBSeq_organism>
