 <GBSeq_organism>Micrococcus luteus</GBSeq_organism>
 <GBSeq_organism>Dermabacter hominis</GBSeq_organism>
 <GBSeq_organism>Tetrasphaera japonica</GBSeq_organism>
 <GBSeq_organism>Rathayibacter rathayi</GBSeq_organism>
 <GBSeq_organism>Subtercola boreus</GBSeq_organism>
 <GBSeq_organism>Salana multivorans</GBSeq_organism>
 <GBSeq_organism>Ornithinicoccus hortensis</GBSeq_organism>
 <GBSeq_organism>Brachybacterium faecium DSM 4810</GBSeq_organism>
 <GBSeq_organism>Leifsonia aquatica</GBSeq_organism>
 <GBSeq_organism>Citricoccus muralis</GBSeq_organism>
 <GBSeq_organism>Acaricomes phytoseiuli</GBSeq_organism>
 <GBSeq_organism>Dermacoccus nishinomiyaensis</GBSeq_organism>
 <GBSeq_organism>Beutenbergia cavernae DSM 12333</GBSeq_organism>
 <GBSeq_organism>Renibacterium salmoninarum</GBSeq_organism>
 <GBSeq_organism>Leucobacter komagatae</GBSeq_organism>
 <GBSeq_organism>Yaniella halotolerans</GBSeq_organism>
 <GBSeq_organism>Bogoriella caseilytica</GBSeq_organism>
 <GBSeq_organism>Oerskovia turbata NBRC 15015</GBSeq_organism>
 <GBSeq_organism>Brevibacterium linens</GBSeq_organism>
 <GBSeq_organism>Clavibacter michiganensis</GBSeq_organism>
 <GBSeq_organism>Cellulomonas flavigena DSM 20109</GBSeq_organism>
 <GBSeq_organism>Tropheryma whipplei</GBSeq_organism>
 <GBSeq_organism>Intrasporangium calvum DSM 43043</GBSeq_organism>
 <GBSeq_organism>Nesterenkonia halobia</GBSeq_organism>
 <GBSeq_organism>Curtobacterium citreum</GBSeq_organism>
 <GBSeq_organism>Demetria terragena</GBSeq_organism>
 <GBSeq_organism>Rothia dentocariosa ATCC 17931</GBSeq_organism>
 <GBSeq_organism>Microbacterium lacticum</GBSeq_organism>
 <GBSeq_organism>Kytococcus sedentarius</GBSeq_organism>
 <GBSeq_organism>Dermatophilus congolensis DSM 44180 = NBRC 105199</GBSeq_organism>
 <GBSeq_organism>Auritidibacter ignavus</GBSeq_organism>
 <GBSeq_organism>Kocuria rosea</GBSeq_organism>
 <GBSeq_organism>Terrabacter tumescens</GBSeq_organism>
 <GBSeq_organism>Agrococcus jenensis</GBSeq_organism>
 <GBSeq_organism>Janibacter limosus</GBSeq_organism>
 <GBSeq_organism>Agromyces ramosus</GBSeq_organism>
 <GBSeq_organism>Terracoccus luteus</GBSeq_organism>
 <GBSeq_organism>Yaniella flava</GBSeq_organism>
 <GBSeq_organism>Shimazuella kribbensis</GBSeq_organism>
 <GBSeq_organism>Sanguibacter keddieii DSM 10542</GBSeq_organism>
