 <GBSeq_organism>Bifidobacterium longum subsp. infantis</GBSeq_organism>
 <GBSeq_organism>Bifidobacterium pseudocatenulatum</GBSeq_organism>
 <GBSeq_organism>Bifidobacterium longum</GBSeq_organism>
 <GBSeq_organism>Bifidobacterium catenulatum DSM 16992 = JCM 1194 = LMG 11043</GBSeq_organism>
 <GBSeq_organism>Bifidobacterium longum</GBSeq_organism>
 <GBSeq_organism>Bifidobacterium pseudolongum subsp. globosum</GBSeq_organism>
 <GBSeq_organism>Bifidobacterium pseudolongum subsp. globosum</GBSeq_organism>
 <GBSeq_organism>Bifidobacterium pseudocatenulatum</GBSeq_organism>
 <GBSeq_organism>Bifidobacterium pseudolongum subsp. globosum</GBSeq_organism>
 <GBSeq_organism>Bifidobacterium thermophilum</GBSeq_organism>
 <GBSeq_organism>Bifidobacterium catenulatum</GBSeq_organism>
 <GBSeq_organism>Bifidobacterium animalis</GBSeq_organism>
 <GBSeq_organism>Bifidobacterium thermacidophilum</GBSeq_organism>
 <GBSeq_organism>Bifidobacterium thermacidophilum</GBSeq_organism>
 <GBSeq_organism>Bifidobacterium longum subsp. infantis</GBSeq_organism>
 <GBSeq_organism>Bifidobacterium thermacidophilum</GBSeq_organism>
 <GBSeq_organism>Bifidobacterium animalis subsp. lactis DSM 10140</GBSeq_organism>
 <GBSeq_organism>Bifidobacterium thermacidophilum</GBSeq_organism>
 <GBSeq_organism>Bifidobacterium longum subsp. suis</GBSeq_organism>
 <GBSeq_organism>Bifidobacterium pseudocatenulatum</GBSeq_organism>
 <GBSeq_organism>Bifidobacterium thermacidophilum</GBSeq_organism>
 <GBSeq_organism>Bifidobacterium longum subsp. infantis</GBSeq_organism>
 <GBSeq_organism>Bifidobacterium pseudolongum</GBSeq_organism>
 <GBSeq_organism>Bifidobacterium thermacidophilum subsp. porcinum</GBSeq_organism>
 <GBSeq_organism>Bifidobacterium animalis</GBSeq_organism>
 <GBSeq_organism>Bifidobacterium pseudolongum subsp. globosum</GBSeq_organism>
 <GBSeq_organism>Bifidobacterium longum subsp. infantis</GBSeq_organism>
 <GBSeq_organism>Bifidobacterium boum</GBSeq_organism>
 <GBSeq_organism>Bifidobacterium pseudolongum subsp. globosum</GBSeq_organism>
 <GBSeq_organism>Bifidobacterium pseudolongum subsp. globosum</GBSeq_organism>
 <GBSeq_organism>Bifidobacterium longum subsp. suis</GBSeq_organism>
 <GBSeq_organism>Bifidobacterium pseudolongum subsp. globosum</GBSeq_organism>
 <GBSeq_organism>Bifidobacterium longum</GBSeq_organism>
 <GBSeq_organism>Bifidobacterium animalis</GBSeq_organism>
 <GBSeq_organism>Bifidobacterium longum subsp. infantis ATCC 15697 = JCM 1222 = DSM 20088</GBSeq_organism>
 <GBSeq_organism>Bifidobacterium longum subsp. infantis</GBSeq_organism>
 <GBSeq_organism>Bifidobacterium pseudocatenulatum</GBSeq_organism>
 <GBSeq_organism>Bifidobacterium longum subsp. longum JCM 1217</GBSeq_organism>
 <GBSeq_organism>Bifidobacterium longum subsp. infantis</GBSeq_organism>
 <GBSeq_organism>Bifidobacterium animalis</GBSeq_organism>
 <GBSeq_organism>Bifidobacterium longum</GBSeq_organism>
 <GBSeq_organism>Bifidobacterium pseudolongum subsp. globosum</GBSeq_organism>
 <GBSeq_organism>Bifidobacterium animalis</GBSeq_organism>
 <GBSeq_organism>Bifidobacterium longum subsp. infantis</GBSeq_organism>
 <GBSeq_organism>Bifidobacterium animalis subsp. lactis</GBSeq_organism>
 <GBSeq_organism>Bifidobacterium pseudocatenulatum DSM 20438 = JCM 1200 = LMG 10505</GBSeq_organism>
 <GBSeq_organism>Bifidobacterium boum</GBSeq_organism>
 <GBSeq_organism>Bifidobacterium boum</GBSeq_organism>
 <GBSeq_organism>Bifidobacterium thermacidophilum subsp. porcinum</GBSeq_organism>
