 <GBSeq_organism>Shuttleworthia satelles DSM 14600</GBSeq_organism>
 <GBSeq_organism>Blautia coccoides</GBSeq_organism>
 <GBSeq_organism>Saccoglossus kowalevskii</GBSeq_organism>
 <GBSeq_organism>Butyrivibrio crossotus</GBSeq_organism>
 <GBSeq_organism>Blautia hydrogenotrophica</GBSeq_organism>
 <GBSeq_organism>Ruminococcus torques ATCC 27756</GBSeq_organism>
 <GBSeq_organism>[Clostridium] methoxybenzovorans SR3</GBSeq_organism>
 <GBSeq_organism>Butyrivibrio fibrisolvens</GBSeq_organism>
 <GBSeq_organism>Catonella morbi ATCC 51271</GBSeq_organism>
 <GBSeq_organism>[Ruminococcus] obeum</GBSeq_organism>
 <GBSeq_organism>[Clostridium] populeti</GBSeq_organism>
 <GBSeq_organism>Eubacterium rectale</GBSeq_organism>
 <GBSeq_organism>Robinsoniella peoriensis</GBSeq_organism>
 <GBSeq_organism>[Clostridium] xylanolyticum</GBSeq_organism>
 <GBSeq_organism>Blautia hansenii DSM 20583</GBSeq_organism>
 <GBSeq_organism>[Clostridium] clostridioforme</GBSeq_organism>
 <GBSeq_organism>Johnsonella ignava ATCC 51276</GBSeq_organism>
 <GBSeq_organism>Roseburia cecicola</GBSeq_organism>
 <GBSeq_organism>Blautia schinkii</GBSeq_organism>
 <GBSeq_organism>Blautia luti</GBSeq_organism>
 <GBSeq_organism>Ruminococcus lactaris ATCC 29176</GBSeq_organism>
 <GBSeq_organism>Blautia producta ATCC 27340 = DSM 2950</GBSeq_organism>
 <GBSeq_organism>Coprococcus eutactus</GBSeq_organism>
 <GBSeq_organism>[Clostridium] algidixylanolyticum</GBSeq_organism>
 <GBSeq_organism>Oribacterium sinus</GBSeq_organism>
 <GBSeq_organism>[Clostridium] herbivorans</GBSeq_organism>
