 <GBSeq_organism>Shewanella sairae</GBSeq_organism>
 <GBSeq_organism>Shewanella woodyi</GBSeq_organism>
 <GBSeq_organism>Shewanella schlegeliana</GBSeq_organism>
 <GBSeq_organism>Escherichia coli DSM 30083 = JCM 1649 = ATCC 11775</GBSeq_organism>
 <GBSeq_organism>Shewanella waksmanii</GBSeq_organism>
 <GBSeq_organism>Shewanella marinintestina</GBSeq_organism>
 <GBSeq_organism>Shewanella fidelis</GBSeq_organism>
 <GBSeq_organism>Shewanella pneumatophori</GBSeq_organism>
 <GBSeq_organism>Shewanella kaireitica</GBSeq_organism>
 <GBSeq_organism>Shewanella gelidimarina</GBSeq_organism>
 <GBSeq_organism>Shewanella halifaxensis HAW-EB4</GBSeq_organism>
 <GBSeq_organism>Shewanella kaireitica</GBSeq_organism>
 <GBSeq_organism>Pseudomonas aeruginosa</GBSeq_organism>
 <GBSeq_organism>Shewanella aquimarina</GBSeq_organism>
 <GBSeq_organism>Shewanella benthica</GBSeq_organism>
 <GBSeq_organism>Shewanella kaireitica</GBSeq_organism>
 <GBSeq_organism>Shewanella gelidimarina</GBSeq_organism>
 <GBSeq_organism>Shewanella halifaxensis HAW-EB4</GBSeq_organism>
 <GBSeq_organism>Shewanella marinintestina</GBSeq_organism>
 <GBSeq_organism>Shewanella sediminis</GBSeq_organism>
 <GBSeq_organism>Shewanella sediminis HAW-EB3</GBSeq_organism>
 <GBSeq_organism>Shewanella woodyi ATCC 51908</GBSeq_organism>
 <GBSeq_organism>Shewanella schlegeliana</GBSeq_organism>
 <GBSeq_organism>Shewanella hanedai</GBSeq_organism>
 <GBSeq_organism>Shewanella pealeana</GBSeq_organism>
 <GBSeq_organism>Shewanella benthica</GBSeq_organism>
 <GBSeq_organism>Shewanella hanedai</GBSeq_organism>
 <GBSeq_organism>Shewanella violacea DSS12</GBSeq_organism>
