 <GBSeq_organism>Halomonas magadiensis</GBSeq_organism>
 <GBSeq_organism>Cobetia marina</GBSeq_organism>
 <GBSeq_organism>Halomonas meridiana</GBSeq_organism>
 <GBSeq_organism>Zymobacter palmae</GBSeq_organism>
 <GBSeq_organism>Halomonas halodenitrificans</GBSeq_organism>
 <GBSeq_organism>Halomonas pantelleriensis</GBSeq_organism>
 <GBSeq_organism>Cobetia marina</GBSeq_organism>
 <GBSeq_organism>Halomonas sulfidaeris Esulfide1</GBSeq_organism>
 <GBSeq_organism>Halomonas halmophila</GBSeq_organism>
 <GBSeq_organism>Halomonas subglaciescola</GBSeq_organism>
 <GBSeq_organism>Halomonas ventosae</GBSeq_organism>
 <GBSeq_organism>Kushneria marisflavi</GBSeq_organism>
 <GBSeq_organism>Chromohalobacter israelensis</GBSeq_organism>
 <GBSeq_organism>Chromohalobacter marismortui</GBSeq_organism>
 <GBSeq_organism>Kushneria avicenniae</GBSeq_organism>
 <GBSeq_organism>Halomonas neptunia</GBSeq_organism>
 <GBSeq_organism>Halomonas eurihalina</GBSeq_organism>
 <GBSeq_organism>Halomonas desiderata</GBSeq_organism>
 <GBSeq_organism>Halomonas halophila</GBSeq_organism>
 <GBSeq_organism>Halomonas maura</GBSeq_organism>
 <GBSeq_organism>Chromohalobacter nigrandesensis</GBSeq_organism>
 <GBSeq_organism>Halomonas pacifica</GBSeq_organism>
 <GBSeq_organism>Halomonas hydrothermalis</GBSeq_organism>
 <GBSeq_organism>Halomonas campisalis</GBSeq_organism>
