 <GBSeq_organism>Pedobacter koreensis</GBSeq_organism>
 <GBSeq_organism>Pedobacter piscium</GBSeq_organism>
 <GBSeq_organism>Pedobacter saltans DSM 12145</GBSeq_organism>
 <GBSeq_organism>Pedobacter westerhofensis</GBSeq_organism>
 <GBSeq_organism>Pedobacter lentus</GBSeq_organism>
 <GBSeq_organism>Pedobacter hartonius</GBSeq_organism>
 <GBSeq_organism>Pedobacter panaciterrae</GBSeq_organism>
 <GBSeq_organism>Pedobacter agri PB92</GBSeq_organism>
 <GBSeq_organism>Pedobacter terricola</GBSeq_organism>
 <GBSeq_organism>Sphingobacterium spiritivorum</GBSeq_organism>
 <GBSeq_organism>Pedobacter aquatilis</GBSeq_organism>
 <GBSeq_organism>Pedobacter cryoconitis</GBSeq_organism>
 <GBSeq_organism>Pedobacter caeni</GBSeq_organism>
 <GBSeq_organism>Pedobacter heparinus DSM 2366</GBSeq_organism>
 <GBSeq_organism>Pedobacter insulae</GBSeq_organism>
 <GBSeq_organism>Pedobacter metabolipauper</GBSeq_organism>
 <GBSeq_organism>Pedobacter steynii</GBSeq_organism>
 <GBSeq_organism>Pedobacter roseus</GBSeq_organism>
 <GBSeq_organism>Cytophaga hutchinsonii</GBSeq_organism>
 <GBSeq_organism>Pedobacter himalayensis</GBSeq_organism>
 <GBSeq_organism>Pedobacter duraquae</GBSeq_organism>
 <GBSeq_organism>Pedobacter ginsengisoli</GBSeq_organism>
 <GBSeq_organism>Pedobacter africanus</GBSeq_organism>
