 <GBSeq_organism>Halobacillus profundi</GBSeq_organism>
 <GBSeq_organism>Gracilibacillus halophilus YIM-C55.5</GBSeq_organism>
 <GBSeq_organism>Terribacillus saccharophilus</GBSeq_organism>
 <GBSeq_organism>Oceanobacillus picturae</GBSeq_organism>
 <GBSeq_organism>Halobacillus campisalis</GBSeq_organism>
 <GBSeq_organism>Pontibacillus chungwhensis</GBSeq_organism>
 <GBSeq_organism>Halobacillus kuroshimensis</GBSeq_organism>
 <GBSeq_organism>Paenibacillus alkaliterrae</GBSeq_organism>
 <GBSeq_organism>Pontibacillus marinus</GBSeq_organism>
 <GBSeq_organism>Thalassobacillus devorans</GBSeq_organism>
 <GBSeq_organism>Lentibacillus halodurans</GBSeq_organism>
 <GBSeq_organism>Virgibacillus carmonensis</GBSeq_organism>
 <GBSeq_organism>Paenibacillus xylanilyticus</GBSeq_organism>
 <GBSeq_organism>Gracilibacillus halotolerans</GBSeq_organism>
 <GBSeq_organism>Lentibacillus halophilus</GBSeq_organism>
 <GBSeq_organism>Jeotgalibacillus campisalis</GBSeq_organism>
 <GBSeq_organism>Terribacillus halophilus</GBSeq_organism>
 <GBSeq_organism>Lentibacillus salinarum</GBSeq_organism>
 <GBSeq_organism>Halobacillus faecis</GBSeq_organism>
 <GBSeq_organism>Terribacillus aidingensis</GBSeq_organism>
