 <GBSeq_organism>Bacillus badius</GBSeq_organism>
 <GBSeq_organism>Aeribacillus pallidus</GBSeq_organism>
 <GBSeq_organism>Bacillus lentus</GBSeq_organism>
 <GBSeq_organism>Paenibacillus polymyxa</GBSeq_organism>
 <GBSeq_organism>Bacillus gibsonii</GBSeq_organism>
 <GBSeq_organism>Bacillus benzoevorans</GBSeq_organism>
 <GBSeq_organism>Bacillus amyloliquefaciens DSM 7</GBSeq_organism>
 <GBSeq_organism>Bacillus pseudofirmus</GBSeq_organism>
 <GBSeq_organism>Bacillus indicus</GBSeq_organism>
 <GBSeq_organism>Bacillus cohnii</GBSeq_organism>
 <GBSeq_organism>Bacillus pumilus</GBSeq_organism>
 <GBSeq_organism>Bacillus subtilis</GBSeq_organism>
 <GBSeq_organism>Bacillus psychrosaccharolyticus ATCC 23296</GBSeq_organism>
 <GBSeq_organism>Bacillus arbutinivorans</GBSeq_organism>
 <GBSeq_organism>Bacillus firmus</GBSeq_organism>
 <GBSeq_organism>[Bacillus] clarkii</GBSeq_organism>
 <GBSeq_organism>Bacillus methanolicus</GBSeq_organism>
 <GBSeq_organism>Bacillus coagulans</GBSeq_organism>
 <GBSeq_organism>Fictibacillus barbaricus</GBSeq_organism>
 <GBSeq_organism>Bacillus simplex</GBSeq_organism>
 <GBSeq_organism>Bacillus alcalophilus ATCC 27647</GBSeq_organism>
 <GBSeq_organism>Bacillus pseudalcaliphilus</GBSeq_organism>
 <GBSeq_organism>Bacillus halmapalus</GBSeq_organism>
 <GBSeq_organism>Bacillus licheniformis</GBSeq_organism>
 <GBSeq_organism>Bacillus circulans</GBSeq_organism>
 <GBSeq_organism>Bacillus bataviensis LMG 21833</GBSeq_organism>
 <GBSeq_organism>Bacillus sp.</GBSeq_organism>
 <GBSeq_organism>Bacillus clausii</GBSeq_organism>
 <GBSeq_organism>[Bacillus] agaradhaerens</GBSeq_organism>
 <GBSeq_organism>Planococcus kocurii</GBSeq_organism>
