 <GBSeq_organism>Thermococcus chitonophagus</GBSeq_organism>
 <GBSeq_organism>Thermococcus gammatolerans EJ3</GBSeq_organism>
 <GBSeq_organism>Thermococcus zilligii AN1</GBSeq_organism>
 <GBSeq_organism>Thermococcus barossii</GBSeq_organism>
 <GBSeq_organism>Thermococcus celer</GBSeq_organism>
 <GBSeq_organism>Thermococcus waiotapuensis</GBSeq_organism>
 <GBSeq_organism>Thermococcus stetteri</GBSeq_organism>
 <GBSeq_organism>Pyrococcus furiosus</GBSeq_organism>
 <GBSeq_organism>Thermococcus kodakarensis KOD1</GBSeq_organism>
 <GBSeq_organism>Thermococcus gorgonarius</GBSeq_organism>
 <GBSeq_organism>Thermococcus pacificus</GBSeq_organism>
 <GBSeq_organism>Thermococcus litoralis</GBSeq_organism>
 <GBSeq_organism>Thermococcus acidaminovorans</GBSeq_organism>
 <GBSeq_organism>Thermococcus barophilus</GBSeq_organism>
 <GBSeq_organism>Thermococcus hydrothermalis</GBSeq_organism>
 <GBSeq_organism>Thermococcus aegaeus</GBSeq_organism>
 <GBSeq_organism>Thermococcus thioreducens</GBSeq_organism>
 <GBSeq_organism>Thermococcus sibiricus MM 739</GBSeq_organism>
 <GBSeq_organism>Thermococcus peptonophilus JCM 9653</GBSeq_organism>
 <GBSeq_organism>Thermococcus alcaliphilus</GBSeq_organism>
 <GBSeq_organism>Thermococcus profundus</GBSeq_organism>
 <GBSeq_organism>Thermococcus marinus</GBSeq_organism>
 <GBSeq_organism>Thermococcus fumicolans</GBSeq_organism>
 <GBSeq_organism>Thermococcus siculi</GBSeq_organism>
 <GBSeq_organism>Thermococcus guaymasensis</GBSeq_organism>
