 <GBSeq_organism>Algibacter lectus</GBSeq_organism>
 <GBSeq_organism>Gelidibacter algens</GBSeq_organism>
 <GBSeq_organism>Aquimarina muelleri</GBSeq_organism>
 <GBSeq_organism>Bizionia paragorgiae</GBSeq_organism>
 <GBSeq_organism>Salegentibacter salegens</GBSeq_organism>
 <GBSeq_organism>Dokdonia genika</GBSeq_organism>
 <GBSeq_organism>Aquimarina latercula</GBSeq_organism>
 <GBSeq_organism>Dokdonia diaphoros</GBSeq_organism>
 <GBSeq_organism>Gillisia limnaea DSM 15749</GBSeq_organism>
 <GBSeq_organism>Ulvibacter litoralis</GBSeq_organism>
 <GBSeq_organism>Weeksella virosa</GBSeq_organism>
 <GBSeq_organism>Dokdonia genika</GBSeq_organism>
 <GBSeq_organism>Gramella echinicola</GBSeq_organism>
 <GBSeq_organism>Mesonia algae</GBSeq_organism>
 <GBSeq_organism>Psychroserpens burtonensis</GBSeq_organism>
 <GBSeq_organism>Psychroflexus torquis ATCC 700755</GBSeq_organism>
 <GBSeq_organism>Cellulophaga lytica</GBSeq_organism>
 <GBSeq_organism>Dokdonia eikasta</GBSeq_organism>
 <GBSeq_organism>Winogradskyella thalassocola</GBSeq_organism>
 <GBSeq_organism>Kordia algicida OT-1</GBSeq_organism>
 <GBSeq_organism>Dokdonia genika</GBSeq_organism>
