 <GBSeq_organism>Flavobacterium terrae</GBSeq_organism>
 <GBSeq_organism>Flavobacterium cauense R2A-7</GBSeq_organism>
 <GBSeq_organism>Flavobacterium fluvii</GBSeq_organism>
 <GBSeq_organism>Flavobacterium caeni</GBSeq_organism>
 <GBSeq_organism>Flavobacterium tiangeerense</GBSeq_organism>
 <GBSeq_organism>Flavobacterium reichenbachii</GBSeq_organism>
 <GBSeq_organism>Flavobacterium swingsii</GBSeq_organism>
 <GBSeq_organism>Flavobacterium indicum GPTSA100-9 = DSM 17447</GBSeq_organism>
 <GBSeq_organism>Flavobacterium psychrolimnae</GBSeq_organism>
 <GBSeq_organism>Flavobacterium resistens</GBSeq_organism>
 <GBSeq_organism>Flavobacterium tegetincola</GBSeq_organism>
 <GBSeq_organism>Flavobacterium fryxellicola</GBSeq_organism>
 <GBSeq_organism>Flavobacterium antarcticum DSM 19726</GBSeq_organism>
 <GBSeq_organism>Flavobacterium subsaxonicum</GBSeq_organism>
 <GBSeq_organism>Flavobacterium gelidilacus</GBSeq_organism>
 <GBSeq_organism>Flavobacterium algicola</GBSeq_organism>
 <GBSeq_organism>Flavobacterium denitrificans</GBSeq_organism>
 <GBSeq_organism>Flavobacterium segetis</GBSeq_organism>
 <GBSeq_organism>Flavobacterium rivuli</GBSeq_organism>
 <GBSeq_organism>Flavobacterium frigidarium</GBSeq_organism>
 <GBSeq_organism>Flavobacterium sinopsychrotolerans</GBSeq_organism>
 <GBSeq_organism>Flavobacterium macrobrachii</GBSeq_organism>
 <GBSeq_organism>Flavobacterium johnsoniae UW101</GBSeq_organism>
 <GBSeq_organism>Flavobacterium chungangense</GBSeq_organism>
 <GBSeq_organism>Olea europaea</GBSeq_organism>
 <GBSeq_organism>Flavobacterium lindanitolerans CIP 109890</GBSeq_organism>
 <GBSeq_organism>Flavobacterium weaverense</GBSeq_organism>
 <GBSeq_organism>Flavobacterium omnivorum</GBSeq_organism>
