 <GBSeq_organism>Micrococcus luteus</GBSeq_organism>
 <GBSeq_organism>Intrasporangium oryzae NRRL B-24470</GBSeq_organism>
 <GBSeq_organism>Tetrasphaera veronensis</GBSeq_organism>
 <GBSeq_organism>Curtobacterium luteum</GBSeq_organism>
 <GBSeq_organism>Kytococcus aerolatus</GBSeq_organism>
 <GBSeq_organism>Knoellia subterranea</GBSeq_organism>
 <GBSeq_organism>Kytococcus schroeteri</GBSeq_organism>
 <GBSeq_organism>Dermacoccus nishinomiyaensis</GBSeq_organism>
 <GBSeq_organism>Dermacoccus profundi</GBSeq_organism>
 <GBSeq_organism>Janibacter melonis</GBSeq_organism>
 <GBSeq_organism>Calidifontibacter indicus</GBSeq_organism>
 <GBSeq_organism>Kytococcus sedentarius</GBSeq_organism>
 <GBSeq_organism>Arsenicicoccus bolidensis</GBSeq_organism>
 <GBSeq_organism>Dermacoccus abyssi</GBSeq_organism>
 <GBSeq_organism>Cellulomonas composti</GBSeq_organism>
 <GBSeq_organism>Knoellia sinensis</GBSeq_organism>
 <GBSeq_organism>Dermatophilus congolensis</GBSeq_organism>
 <GBSeq_organism>Kineosphaera limosa NBRC 100340</GBSeq_organism>
 <GBSeq_organism>Terracoccus luteus</GBSeq_organism>
 <GBSeq_organism>Dermacoccus barathri</GBSeq_organism>
