 <GBSeq_organism>Paulownia witches&apos;-broom phytoplasma</GBSeq_organism>
 <GBSeq_organism>Alder yellows phytoplasma</GBSeq_organism>
 <GBSeq_organism>Candidatus Phytoplasma vitis</GBSeq_organism>
 <GBSeq_organism>Ipomoea obscura witches&apos;-broom phytoplasma</GBSeq_organism>
 <GBSeq_organism>Alfalfa witches&apos;-broom phytoplasma</GBSeq_organism>
 <GBSeq_organism>Walnut witches&apos;-broom phytoplasma</GBSeq_organism>
 <GBSeq_organism>Candidatus Phytoplasma ulmi</GBSeq_organism>
 <GBSeq_organism>Gliricidia little leaf phytoplasma</GBSeq_organism>
 <GBSeq_organism>Bacillus subtilis subsp. subtilis str. 168</GBSeq_organism>
 <GBSeq_organism>Human immunodeficiency virus 1</GBSeq_organism>
 <GBSeq_organism>Blueberry stunt phytoplasma</GBSeq_organism>
 <GBSeq_organism>Jujube witches&apos;-broom phytoplasma</GBSeq_organism>
 <GBSeq_organism>Apricot aster yellows phytoplasma</GBSeq_organism>
 <GBSeq_organism>Acholeplasma laidlawii</GBSeq_organism>
 <GBSeq_organism>Candidatus Phytoplasma spartii</GBSeq_organism>
 <GBSeq_organism>Catharanthus phyllody phytoplasma</GBSeq_organism>
 <GBSeq_organism>Caenorhabditis elegans</GBSeq_organism>
 <GBSeq_organism>Faba bean phyllody phytoplasma</GBSeq_organism>
 <GBSeq_organism>Candidatus Phytoplasma australiense</GBSeq_organism>
 <GBSeq_organism>Lethal yellowing phytoplasma</GBSeq_organism>
 <GBSeq_organism>Lucerne virescence phytoplasma</GBSeq_organism>
 <GBSeq_organism>Candidatus Phytoplasma trifolii</GBSeq_organism>
 <GBSeq_organism>Pigeon pea witches&apos;-broom phytoplasma</GBSeq_organism>
 <GBSeq_organism>American potato purple top wilt phytoplasma</GBSeq_organism>
 <GBSeq_organism>Lime witches&apos;-broom phytoplasma</GBSeq_organism>
 <GBSeq_organism>Lethal yellowing phytoplasma</GBSeq_organism>
 <GBSeq_organism>Acholeplasma palmae J233</GBSeq_organism>
 <GBSeq_organism>Sweet potato witches&apos;-broom phytoplasma</GBSeq_organism>
 <GBSeq_organism>Mexican periwinkle virescence phytoplasma</GBSeq_organism>
 <GBSeq_organism>Candidatus Phytoplasma mali</GBSeq_organism>
 <GBSeq_organism>Soybean phyllody phytoplasma</GBSeq_organism>
 <GBSeq_organism>Peanut witches&apos;-broom phytoplasma</GBSeq_organism>
 <GBSeq_organism>Aster yellows phytoplasma</GBSeq_organism>
 <GBSeq_organism>Knautia arvensis phyllody phytoplasma</GBSeq_organism>
 <GBSeq_organism>Leafhopper-borne phytoplasma</GBSeq_organism>
 <GBSeq_organism>Rattus exulans</GBSeq_organism>
 <GBSeq_organism>American potato purple top wilt phytoplasma</GBSeq_organism>
 <GBSeq_organism>Candidatus Phytoplasma mali</GBSeq_organism>
 <GBSeq_organism>Candidatus Phytoplasma mali</GBSeq_organism>
 <GBSeq_organism>Poinsettia branch-inducing phytoplasma</GBSeq_organism>
 <GBSeq_organism>Brinjal little leaf phytoplasma</GBSeq_organism>
 <GBSeq_organism>Milkweed yellows phytoplasma</GBSeq_organism>
 <GBSeq_organism>Candidatus Phytoplasma australiense</GBSeq_organism>
 <GBSeq_organism>&apos;Picris echioides&apos; phyllody phytoplasma</GBSeq_organism>
 <GBSeq_organism>Maize bushy stunt phytoplasma</GBSeq_organism>
 <GBSeq_organism>Alder yellows phytoplasma</GBSeq_organism>
 <GBSeq_organism>Candidatus Phytoplasma fraxini</GBSeq_organism>
 <GBSeq_organism>Illinois elm yellows phytoplasma</GBSeq_organism>
 <GBSeq_organism>Candidatus Phytoplasma fraxini</GBSeq_organism>
 <GBSeq_organism>Cherry lethal yellows phytoplasma</GBSeq_organism>
 <GBSeq_organism>Hemp dogbane yellows phytoplasma</GBSeq_organism>
 <GBSeq_organism>Italian alfalfa witches&apos;-broom phytoplasma</GBSeq_organism>
 <GBSeq_organism>Coyol palm decline phytoplasma</GBSeq_organism>
 <GBSeq_organism>Sesame phyllody phytoplasma</GBSeq_organism>
 <GBSeq_organism>Phytoplasma sp. STRAWB2</GBSeq_organism>
 <GBSeq_organism>Pigeon pea witches&apos;-broom phytoplasma</GBSeq_organism>
 <GBSeq_organism>Rhynchosia little leaf phytoplasma</GBSeq_organism>
 <GBSeq_organism>Pigeon pea witches&apos;-broom phytoplasma</GBSeq_organism>
 <GBSeq_organism>Crotalaria phyllody phytoplasma</GBSeq_organism>
 <GBSeq_organism>Candidatus Phytoplasma vitis</GBSeq_organism>
 <GBSeq_organism>Aster yellows phytoplasma</GBSeq_organism>
 <GBSeq_organism>Potato witches&apos;-broom phytoplasma</GBSeq_organism>
 <GBSeq_organism>Tomato stolbur phytoplasma</GBSeq_organism>
 <GBSeq_organism>Carludovica palmata leaf yellowing phytoplasma</GBSeq_organism>
 <GBSeq_organism>Coconut lethal yellowing phytoplasma</GBSeq_organism>
 <GBSeq_organism>Candidatus Phytoplasma australiense</GBSeq_organism>
 <GBSeq_organism>Tomato big bud phytoplasma (Grape A)</GBSeq_organism>
 <GBSeq_organism>Clover phyllody phytoplasma</GBSeq_organism>
 <GBSeq_organism>&apos;Picris echioides&apos; phyllody phytoplasma</GBSeq_organism>
 <GBSeq_organism>Peach yellows phytoplasma</GBSeq_organism>
 <GBSeq_organism>Goldenrod yellows phytoplasma</GBSeq_organism>
 <GBSeq_organism>Phytoplasma sp.</GBSeq_organism>
 <GBSeq_organism>Sunn hemp witches&apos;-broom phytoplasma</GBSeq_organism>
 <GBSeq_organism>Cotton phyllody phytoplasma</GBSeq_organism>
 <GBSeq_organism>Palm lethal yellowing phytoplasma</GBSeq_organism>
 <GBSeq_organism>Caenorhabditis elegans</GBSeq_organism>
 <GBSeq_organism>Cleome phyllody phytoplasma</GBSeq_organism>
 <GBSeq_organism>Vaccinium witches&apos;-broom phytoplasma</GBSeq_organism>
 <GBSeq_organism>Candidatus Phytoplasma australiense</GBSeq_organism>
 <GBSeq_organism>Candidatus Phytoplasma australiense</GBSeq_organism>
 <GBSeq_organism>Candidatus Phytoplasma pyri</GBSeq_organism>
 <GBSeq_organism>Tomato big bud phytoplasma (Australia)</GBSeq_organism>
 <GBSeq_organism>Vinca virescence phytoplasma</GBSeq_organism>
 <GBSeq_organism>Grey dogwood witches&apos;-broom phytoplasma</GBSeq_organism>
 <GBSeq_organism>Candidatus Phytoplasma prunorum</GBSeq_organism>
 <GBSeq_organism>Candidatus Phytoplasma vitis</GBSeq_organism>
