 <GBSeq_organism>Escherichia coli DSM 30083 = JCM 1649 = ATCC 11775</GBSeq_organism>
 <GBSeq_organism>Scardovia inopinata JCM 12537</GBSeq_organism>
 <GBSeq_organism>Bifidobacterium longum subsp. longum</GBSeq_organism>
 <GBSeq_organism>Parascardovia denticolens DSM 10105 = JCM 12538</GBSeq_organism>
 <GBSeq_organism>Bifidobacterium longum subsp. infantis ATCC 15697 = JCM 1222 = DSM 20088</GBSeq_organism>
 <GBSeq_organism>Bifidobacterium pseudocatenulatum DSM 20438 = JCM 1200 = LMG 10505</GBSeq_organism>
 <GBSeq_organism>Bifidobacterium animalis</GBSeq_organism>
 <GBSeq_organism>Bifidobacterium mongoliense</GBSeq_organism>
 <GBSeq_organism>Bifidobacterium cuniculi</GBSeq_organism>
 <GBSeq_organism>Bifidobacterium thermacidophilum subsp. porcinum</GBSeq_organism>
 <GBSeq_organism>Bifidobacterium psychraerophilum</GBSeq_organism>
 <GBSeq_organism>Bifidobacterium choerinum</GBSeq_organism>
 <GBSeq_organism>Bifidobacterium pseudolongum subsp. globosum</GBSeq_organism>
 <GBSeq_organism>Bifidobacterium angulatum DSM 20098 = JCM 7096</GBSeq_organism>
 <GBSeq_organism>Bifidobacterium coryneforme</GBSeq_organism>
 <GBSeq_organism>Bifidobacterium asteroides</GBSeq_organism>
 <GBSeq_organism>Bifidobacterium indicum</GBSeq_organism>
 <GBSeq_organism>Bifidobacterium adolescentis</GBSeq_organism>
 <GBSeq_organism>Bifidobacterium pseudolongum subsp. pseudolongum</GBSeq_organism>
 <GBSeq_organism>Bifidobacterium pullorum</GBSeq_organism>
 <GBSeq_organism>Bifidobacterium longum subsp. suis</GBSeq_organism>
 <GBSeq_organism>Bifidobacterium mongoliense</GBSeq_organism>
 <GBSeq_organism>Bifidobacterium thermacidophilum subsp. thermacidophilum</GBSeq_organism>
 <GBSeq_organism>Bifidobacterium minimum</GBSeq_organism>
 <GBSeq_organism>Bifidobacterium boum</GBSeq_organism>
 <GBSeq_organism>Bifidobacterium bifidum</GBSeq_organism>
 <GBSeq_organism>Bifidobacterium merycicum</GBSeq_organism>
 <GBSeq_organism>Bifidobacterium catenulatum</GBSeq_organism>
 <GBSeq_organism>Bifidobacterium scardovii</GBSeq_organism>
 <GBSeq_organism>Bifidobacterium tsurumiense</GBSeq_organism>
 <GBSeq_organism>Bifidobacterium magnum</GBSeq_organism>
 <GBSeq_organism>Bifidobacterium thermophilum</GBSeq_organism>
 <GBSeq_organism>Bifidobacterium subtile</GBSeq_organism>
 <GBSeq_organism>Bifidobacterium gallinarum</GBSeq_organism>
