 <GBSeq_organism>Streptococcus ratti</GBSeq_organism>
 <GBSeq_organism>Streptococcus uberis</GBSeq_organism>
 <GBSeq_organism>Streptococcus iniae</GBSeq_organism>
 <GBSeq_organism>Streptococcus pluranimalium</GBSeq_organism>
 <GBSeq_organism>Streptococcus pneumoniae</GBSeq_organism>
 <GBSeq_organism>Streptococcus dysgalactiae subsp. equisimilis</GBSeq_organism>
 <GBSeq_organism>Streptococcus oralis</GBSeq_organism>
 <GBSeq_organism>Streptococcus sanguinis</GBSeq_organism>
 <GBSeq_organism>Streptococcus agalactiae ATCC 13813</GBSeq_organism>
 <GBSeq_organism>Streptococcus mitis</GBSeq_organism>
 <GBSeq_organism>Streptococcus massiliensis</GBSeq_organism>
 <GBSeq_organism>Streptococcus intermedius</GBSeq_organism>
 <GBSeq_organism>Streptococcus urinalis 2285-97</GBSeq_organism>
 <GBSeq_organism>Streptococcus oligofermentans AS 1.3089</GBSeq_organism>
 <GBSeq_organism>Streptococcus sinensis</GBSeq_organism>
 <GBSeq_organism>Streptococcus suis</GBSeq_organism>
 <GBSeq_organism>Streptococcus halichoeri</GBSeq_organism>
 <GBSeq_organism>Streptococcus didelphis</GBSeq_organism>
 <GBSeq_organism>Streptococcus minor</GBSeq_organism>
 <GBSeq_organism>Streptococcus equinus</GBSeq_organism>
 <GBSeq_organism>Streptococcus equi subsp. zooepidemicus</GBSeq_organism>
 <GBSeq_organism>Streptococcus phocae</GBSeq_organism>
 <GBSeq_organism>Streptococcus mutans</GBSeq_organism>
 <GBSeq_organism>Streptococcus orisratti</GBSeq_organism>
 <GBSeq_organism>Streptococcus constellatus subsp. constellatus</GBSeq_organism>
 <GBSeq_organism>Streptococcus cristatus ATCC 51100</GBSeq_organism>
 <GBSeq_organism>Streptococcus ferus</GBSeq_organism>
 <GBSeq_organism>Streptococcus equi subsp. equi</GBSeq_organism>
 <GBSeq_organism>Streptococcus hyointestinalis</GBSeq_organism>
 <GBSeq_organism>Streptococcus pasteurianus</GBSeq_organism>
 <GBSeq_organism>Streptococcus acidominimus</GBSeq_organism>
 <GBSeq_organism>Streptococcus criceti</GBSeq_organism>
 <GBSeq_organism>Streptococcus dysgalactiae subsp. dysgalactiae</GBSeq_organism>
 <GBSeq_organism>Streptococcus vestibularis ATCC 49124</GBSeq_organism>
 <GBSeq_organism>Streptococcus castoreus</GBSeq_organism>
 <GBSeq_organism>Streptococcus agalactiae</GBSeq_organism>
 <GBSeq_organism>Streptococcus marimammalium</GBSeq_organism>
 <GBSeq_organism>Streptococcus anginosus SK52 = DSM 20563</GBSeq_organism>
 <GBSeq_organism>Streptococcus hyovaginalis</GBSeq_organism>
 <GBSeq_organism>Streptococcus pyogenes</GBSeq_organism>
 <GBSeq_organism>Streptococcus parauberis</GBSeq_organism>
 <GBSeq_organism>Streptococcus gordonii</GBSeq_organism>
 <GBSeq_organism>Streptococcus salivarius</GBSeq_organism>
 <GBSeq_organism>Streptococcus pseudopneumoniae ATCC BAA-960</GBSeq_organism>
 <GBSeq_organism>Streptococcus parasanguinis</GBSeq_organism>
 <GBSeq_organism>Streptococcus peroris ATCC 700780</GBSeq_organism>
 <GBSeq_organism>Streptococcus equinus</GBSeq_organism>
 <GBSeq_organism>Streptococcus infantis ATCC 700779</GBSeq_organism>
 <GBSeq_organism>Streptococcus gallinaceus</GBSeq_organism>
 <GBSeq_organism>Streptococcus entericus</GBSeq_organism>
 <GBSeq_organism>Streptococcus ovis</GBSeq_organism>
 <GBSeq_organism>Streptococcus macacae NCTC 11558</GBSeq_organism>
 <GBSeq_organism>Streptococcus alactolyticus</GBSeq_organism>
 <GBSeq_organism>Streptococcus porcinus</GBSeq_organism>
 <GBSeq_organism>Streptococcus devriesei</GBSeq_organism>
 <GBSeq_organism>Enterococcus faecalis</GBSeq_organism>
