 <GBSeq_organism>Rickettsia sp. California 2</GBSeq_organism>
 <GBSeq_organism>Rickettsia prowazekii</GBSeq_organism>
 <GBSeq_organism>Rickettsia parkeri</GBSeq_organism>
 <GBSeq_organism>Rickettsia conorii</GBSeq_organism>
 <GBSeq_organism>Rickettsia massiliae</GBSeq_organism>
 <GBSeq_organism>Rickettsia raoultii</GBSeq_organism>
 <GBSeq_organism>Rickettsia slovaca 13-B</GBSeq_organism>
 <GBSeq_organism>Rickettsia akari</GBSeq_organism>
 <GBSeq_organism>Rickettsia honei</GBSeq_organism>
 <GBSeq_organism>Rickettsia africae</GBSeq_organism>
 <GBSeq_organism>Rickettsia raoultii</GBSeq_organism>
 <GBSeq_organism>Rickettsia raoultii</GBSeq_organism>
 <GBSeq_organism>Rickettsia sibirica</GBSeq_organism>
 <GBSeq_organism>Rickettsia tamurae</GBSeq_organism>
 <GBSeq_organism>Rickettsia aeschlimannii</GBSeq_organism>
 <GBSeq_organism>Rickettsia japonica</GBSeq_organism>
 <GBSeq_organism>Rickettsia helvetica C9P9</GBSeq_organism>
 <GBSeq_organism>Rickettsia montanensis</GBSeq_organism>
 <GBSeq_organism>Rickettsia heilongjiangensis 054</GBSeq_organism>
 <GBSeq_organism>Rickettsia australis str. Phillips</GBSeq_organism>
 <GBSeq_organism>Rickettsia asiatica</GBSeq_organism>
 <GBSeq_organism>Rickettsia rhipicephali</GBSeq_organism>
 <GBSeq_organism>Rickettsia typhi str. Wilmington</GBSeq_organism>
 <GBSeq_organism>Rickettsia rickettsii</GBSeq_organism>
