 <GBSeq_organism>Rhodothermus marinus DSM 4252</GBSeq_organism>
 <GBSeq_organism>Flammeovirga arenaria</GBSeq_organism>
 <GBSeq_organism>Psychroflexus gondwanensis</GBSeq_organism>
 <GBSeq_organism>Myroides odoratus DSM 2801</GBSeq_organism>
 <GBSeq_organism>Flammeovirga aprica JL-4</GBSeq_organism>
 <GBSeq_organism>Flexibacter polymorphus</GBSeq_organism>
 <GBSeq_organism>Cyclobacterium marinum</GBSeq_organism>
 <GBSeq_organism>Marinoscillum furvescens</GBSeq_organism>
 <GBSeq_organism>Flavobacterium johnsoniae</GBSeq_organism>
 <GBSeq_organism>Marivirga sericea</GBSeq_organism>
 <GBSeq_organism>Cytophaga aurantiaca</GBSeq_organism>
 <GBSeq_organism>Flexibacter litoralis</GBSeq_organism>
 <GBSeq_organism>Aquimarina latercula</GBSeq_organism>
 <GBSeq_organism>Terrimonas ferruginea</GBSeq_organism>
 <GBSeq_organism>Flexithrix dorotheae</GBSeq_organism>
 <GBSeq_organism>Microscilla marina</GBSeq_organism>
 <GBSeq_organism>Leeuwenhoekiella marinoflava</GBSeq_organism>
 <GBSeq_organism>Marivirga tractuosa</GBSeq_organism>
 <GBSeq_organism>Flexibacter flexilis DSM 6793</GBSeq_organism>
 <GBSeq_organism>Algoriphagus ratkowskyi</GBSeq_organism>
 <GBSeq_organism>Polaribacter filamentus</GBSeq_organism>
 <GBSeq_organism>Cytophaga fermentans</GBSeq_organism>
 <GBSeq_organism>Flavobacterium aquatile</GBSeq_organism>
 <GBSeq_organism>Flectobacillus major</GBSeq_organism>
 <GBSeq_organism>Cytophaga hutchinsonii</GBSeq_organism>
 <GBSeq_organism>Psychroserpens burtonensis</GBSeq_organism>
 <GBSeq_organism>Flexithrix dorotheae</GBSeq_organism>
 <GBSeq_organism>Cellulophaga lytica</GBSeq_organism>
 <GBSeq_organism>Persicobacter diffluens</GBSeq_organism>
 <GBSeq_organism>Tenacibaculum maritimum</GBSeq_organism>
