 <GBSeq_organism>Spirochaeta africana DSM 8902</GBSeq_organism>
 <GBSeq_organism>Brachyspira hyodysenteriae</GBSeq_organism>
 <GBSeq_organism>Borrelia garinii</GBSeq_organism>
 <GBSeq_organism>Treponema stenostrepta</GBSeq_organism>
 <GBSeq_organism>Spirochaeta smaragdinae DSM 11293</GBSeq_organism>
 <GBSeq_organism>Spirochaeta asiatica</GBSeq_organism>
 <GBSeq_organism>Sphaerochaeta pleomorpha str. Grapes</GBSeq_organism>
 <GBSeq_organism>Treponema caldaria</GBSeq_organism>
 <GBSeq_organism>Leptospira biflexa serovar Patoc strain &apos;Patoc 1 (Paris)&apos;</GBSeq_organism>
 <GBSeq_organism>Sphaerochaeta coccoides DSM 17374</GBSeq_organism>
 <GBSeq_organism>Cristispira sp. CP1</GBSeq_organism>
 <GBSeq_organism>Borrelia coriaceae</GBSeq_organism>
 <GBSeq_organism>Treponema socranskii subsp. socranskii</GBSeq_organism>
 <GBSeq_organism>Spirochaeta halophila</GBSeq_organism>
 <GBSeq_organism>Sphaerochaeta globosa str. Buddy</GBSeq_organism>
 <GBSeq_organism>Brevinema andersonii</GBSeq_organism>
 <GBSeq_organism>Borrelia burgdorferi</GBSeq_organism>
 <GBSeq_organism>Spirochaeta bajacaliforniensis</GBSeq_organism>
 <GBSeq_organism>wall-less spirochete</GBSeq_organism>
 <GBSeq_organism>Leptonema illini DSM 21528</GBSeq_organism>
 <GBSeq_organism>Treponema parvum ATCC 700770</GBSeq_organism>
 <GBSeq_organism>Spirochaeta americana</GBSeq_organism>
 <GBSeq_organism>Treponema isoptericolens</GBSeq_organism>
