 <GBSeq_organism>Candidatus Phytoplasma cynodontis</GBSeq_organism>
 <GBSeq_organism>Candidatus Phytoplasma fraxini</GBSeq_organism>
 <GBSeq_organism>unidentified mollicute</GBSeq_organism>
 <GBSeq_organism>Phytoplasma sp.</GBSeq_organism>
 <GBSeq_organism>Oenothera phytoplasma 86-7</GBSeq_organism>
 <GBSeq_organism>Candidatus Phytoplasma castaneae</GBSeq_organism>
 <GBSeq_organism>Acholeplasma laidlawii</GBSeq_organism>
 <GBSeq_organism>Candidatus Phytoplasma cynodontis</GBSeq_organism>
 <GBSeq_organism>Coconut lethal yellowing phytoplasma</GBSeq_organism>
 <GBSeq_organism>Phytoplasma sp.</GBSeq_organism>
 <GBSeq_organism>unidentified mollicute</GBSeq_organism>
 <GBSeq_organism>Homo sapiens</GBSeq_organism>
 <GBSeq_organism>Western X phytoplasma</GBSeq_organism>
 <GBSeq_organism>unidentified mollicute</GBSeq_organism>
 <GBSeq_organism>unidentified mollicute</GBSeq_organism>
 <GBSeq_organism>Mycoplasma sp.</GBSeq_organism>
 <GBSeq_organism>Candidatus Phytoplasma cynodontis</GBSeq_organism>
 <GBSeq_organism>Peach yellow leafroll phytoplasma</GBSeq_organism>
 <GBSeq_organism>unidentified mollicute</GBSeq_organism>
 <GBSeq_organism>Phytoplasma sp.</GBSeq_organism>
 <GBSeq_organism>Cynodon white leaf phytoplasma</GBSeq_organism>
 <GBSeq_organism>Candidatus Phytoplasma cynodontis</GBSeq_organism>
 <GBSeq_organism>Sorghum grassy shoot phytoplasma variant I</GBSeq_organism>
 <GBSeq_organism>Candidatus Phytoplasma mali</GBSeq_organism>
 <GBSeq_organism>Sorghum grassy shoot phytoplasma variant II</GBSeq_organism>
 <GBSeq_organism>Candidatus Phytoplasma phoenicium</GBSeq_organism>
