 <GBSeq_organism>Sphingobium cloacae</GBSeq_organism>
 <GBSeq_organism>Sphingomonas pituitosa</GBSeq_organism>
 <GBSeq_organism>Sphingomonas pruni</GBSeq_organism>
 <GBSeq_organism>Sphingomonas parapaucimobilis</GBSeq_organism>
 <GBSeq_organism>Sphingobium chlorophenolicum</GBSeq_organism>
 <GBSeq_organism>Sphingomonas trueperi</GBSeq_organism>
 <GBSeq_organism>Sphingomonas mali</GBSeq_organism>
 <GBSeq_organism>Sphingobium indicum</GBSeq_organism>
 <GBSeq_organism>Sphingomonas asaccharolytica</GBSeq_organism>
 <GBSeq_organism>Rhodanobacter lindaniclasticus</GBSeq_organism>
 <GBSeq_organism>Sphingobium chungbukense</GBSeq_organism>
 <GBSeq_organism>Sphingomonas aquatilis</GBSeq_organism>
 <GBSeq_organism>Sphingobium xenophagum</GBSeq_organism>
 <GBSeq_organism>Sphingobium francense</GBSeq_organism>
 <GBSeq_organism>Sphingomonas sanguinis</GBSeq_organism>
 <GBSeq_organism>Sphingomonas ursincola</GBSeq_organism>
 <GBSeq_organism>Sphingomonas koreensis</GBSeq_organism>
 <GBSeq_organism>Sphingomonas adhaesiva</GBSeq_organism>
 <GBSeq_organism>Sphingopyxis taejonensis</GBSeq_organism>
 <GBSeq_organism>Sphingomonas paucimobilis</GBSeq_organism>
