 <GBSeq_organism>Virgibacillus kekensis</GBSeq_organism>
 <GBSeq_organism>Virgibacillus proomii</GBSeq_organism>
 <GBSeq_organism>Gracilibacillus dipsosauri</GBSeq_organism>
 <GBSeq_organism>Oceanobacillus picturae</GBSeq_organism>
 <GBSeq_organism>Halobacillus trueperi</GBSeq_organism>
 <GBSeq_organism>Bacillus oleronius</GBSeq_organism>
 <GBSeq_organism>Halobacillus locisalis</GBSeq_organism>
 <GBSeq_organism>Virgibacillus pantothenticus</GBSeq_organism>
 <GBSeq_organism>Halobacillus litoralis</GBSeq_organism>
 <GBSeq_organism>Jeotgalibacillus marinus</GBSeq_organism>
 <GBSeq_organism>Exiguobacterium undae</GBSeq_organism>
 <GBSeq_organism>Virgibacillus dokdonensis</GBSeq_organism>
 <GBSeq_organism>Halobacillus halophilus</GBSeq_organism>
 <GBSeq_organism>Virgibacillus carmonensis</GBSeq_organism>
 <GBSeq_organism>Gracilibacillus orientalis</GBSeq_organism>
 <GBSeq_organism>Virgibacillus necropolis</GBSeq_organism>
 <GBSeq_organism>Virgibacillus marismortui</GBSeq_organism>
 <GBSeq_organism>Gracilibacillus boraciitolerans</GBSeq_organism>
 <GBSeq_organism>Gracilibacillus halotolerans</GBSeq_organism>
 <GBSeq_organism>Virgibacillus koreensis</GBSeq_organism>
 <GBSeq_organism>Virgibacillus olivae</GBSeq_organism>
