 <GBSeq_organism>Virgibacillus proomii</GBSeq_organism>
 <GBSeq_organism>Alkalibacillus haloalkaliphilus</GBSeq_organism>
 <GBSeq_organism>Filobacillus milosensis</GBSeq_organism>
 <GBSeq_organism>Lentibacillus juripiscarius JCM 12147</GBSeq_organism>
 <GBSeq_organism>Virgibacillus pantothenticus</GBSeq_organism>
 <GBSeq_organism>Pontibacillus chungwhensis</GBSeq_organism>
 <GBSeq_organism>Tenuibacillus multivorans</GBSeq_organism>
 <GBSeq_organism>Oceanobacillus iheyensis</GBSeq_organism>
 <GBSeq_organism>Virgibacillus halodenitrificans</GBSeq_organism>
 <GBSeq_organism>Salimicrobium album</GBSeq_organism>
 <GBSeq_organism>Lentibacillus salicampi</GBSeq_organism>
 <GBSeq_organism>Brevibacillus brevis</GBSeq_organism>
 <GBSeq_organism>Bacillus cereus</GBSeq_organism>
 <GBSeq_organism>Halobacillus halophilus</GBSeq_organism>
 <GBSeq_organism>Lentibacillus lacisalsi</GBSeq_organism>
 <GBSeq_organism>Salinibacillus aidingensis</GBSeq_organism>
 <GBSeq_organism>Thalassobacillus devorans</GBSeq_organism>
 <GBSeq_organism>Lentibacillus salarius</GBSeq_organism>
 <GBSeq_organism>Salimicrobium halophilum</GBSeq_organism>
 <GBSeq_organism>Virgibacillus carmonensis</GBSeq_organism>
 <GBSeq_organism>Amphibacillus tropicus</GBSeq_organism>
 <GBSeq_organism>Virgibacillus marismortui</GBSeq_organism>
 <GBSeq_organism>Gracilibacillus halotolerans</GBSeq_organism>
 <GBSeq_organism>Lentibacillus halophilus</GBSeq_organism>
 <GBSeq_organism>Halolactibacillus halophilus</GBSeq_organism>
 <GBSeq_organism>Cerasibacillus quisquiliarum</GBSeq_organism>
