 <GBSeq_organism>Nostoc sp. PCC 7120</GBSeq_organism>
 <GBSeq_organism>Nodularia sphaerocarpa Up16a</GBSeq_organism>
 <GBSeq_organism>Nodularia sphaerocarpa PCC 7804</GBSeq_organism>
 <GBSeq_organism>Anabaena flos-aquae 14</GBSeq_organism>
 <GBSeq_organism>Nodularia harveyana BECID27</GBSeq_organism>
 <GBSeq_organism>Nodularia sphaerocarpa</GBSeq_organism>
 <GBSeq_organism>Nodularia spumigena</GBSeq_organism>
 <GBSeq_organism>cyanobacterium BECID34</GBSeq_organism>
 <GBSeq_organism>Nodularia harveyana BECID29</GBSeq_organism>
 <GBSeq_organism>Aphanizomenon flos-aquae TR183</GBSeq_organism>
 <GBSeq_organism>Nodularia harveyana Bo53</GBSeq_organism>
 <GBSeq_organism>Planktothrix agardhii NIVA-CYA 127</GBSeq_organism>
 <GBSeq_organism>Nodularia harveyana &apos;Huebel 1983/300&apos;</GBSeq_organism>
 <GBSeq_organism>Nodularia sphaerocarpa</GBSeq_organism>
 <GBSeq_organism>Nodularia sphaerocarpa</GBSeq_organism>
 <GBSeq_organism>Nodularia sphaerocarpa</GBSeq_organism>
 <GBSeq_organism>Nodularia sphaerocarpa</GBSeq_organism>
 <GBSeq_organism>Anabaena sp. 90</GBSeq_organism>
 <GBSeq_organism>Nodularia spumigena</GBSeq_organism>
 <GBSeq_organism>Microcystis sp. 269</GBSeq_organism>
 <GBSeq_organism>Nodularia sphaerocarpa</GBSeq_organism>
 <GBSeq_organism>Anabaena sp. A277</GBSeq_organism>
