 <GBSeq_organism>Mycoplasma fastidiosum</GBSeq_organism>
 <GBSeq_organism>Mycoplasma cavipharyngis</GBSeq_organism>
 <GBSeq_organism>Mycoplasma wenyonii</GBSeq_organism>
 <GBSeq_organism>Candidatus Mycoplasma haemominutum</GBSeq_organism>
 <GBSeq_organism>Candidatus Mycoplasma haemodidelphidis</GBSeq_organism>
 <GBSeq_organism>Acholeplasma laidlawii</GBSeq_organism>
 <GBSeq_organism>Mycoplasma ovis</GBSeq_organism>
 <GBSeq_organism>Mycoplasma suis str. Illinois</GBSeq_organism>
 <GBSeq_organism>Mycoplasma hominis ATCC 23114</GBSeq_organism>
 <GBSeq_organism>Mycoplasma haemofelis</GBSeq_organism>
 <GBSeq_organism>Mycoplasma haemomuris</GBSeq_organism>
 <GBSeq_organism>Mycoplasma muris</GBSeq_organism>
 <GBSeq_organism>Mycoplasma pirum</GBSeq_organism>
 <GBSeq_organism>Mycoplasma pneumoniae M129</GBSeq_organism>
 <GBSeq_organism>Mycoplasma haemofelis</GBSeq_organism>
 <GBSeq_organism>Candidatus Mycoplasma haemolamae</GBSeq_organism>
 <GBSeq_organism>Mycoplasma haemofelis</GBSeq_organism>
 <GBSeq_organism>Mycoplasma neurolyticum</GBSeq_organism>
 <GBSeq_organism>Ureaplasma urealyticum</GBSeq_organism>
 <GBSeq_organism>Mycoplasma penetrans</GBSeq_organism>
 <GBSeq_organism>Mycoplasma mycoides subsp. mycoides</GBSeq_organism>
 <GBSeq_organism>Spiroplasma citri</GBSeq_organism>
 <GBSeq_organism>Mycoplasma suis</GBSeq_organism>
