 <GBSeq_organism>Mycobacterium sp. RiVM 9900327</GBSeq_organism>
 <GBSeq_organism>Mycobacterium sp. RiVM 9601002</GBSeq_organism>
 <GBSeq_organism>Mycobacterium sp. RiVM 9601800</GBSeq_organism>
 <GBSeq_organism>Mycobacterium avium complex</GBSeq_organism>
 <GBSeq_organism>Mycobacterium sp. RiVM 9701605</GBSeq_organism>
 <GBSeq_organism>Mycobacterium avium complex</GBSeq_organism>
 <GBSeq_organism>Mycobacterium avium complex</GBSeq_organism>
 <GBSeq_organism>Mycobacterium sp. RiVM 9601940</GBSeq_organism>
 <GBSeq_organism>Mycobacterium sp. RiVM 9701604</GBSeq_organism>
 <GBSeq_organism>Mycobacterium avium complex</GBSeq_organism>
 <GBSeq_organism>Mycobacterium tuberculosis</GBSeq_organism>
 <GBSeq_organism>Mycobacterium sp. RiVM 9600439</GBSeq_organism>
 <GBSeq_organism>Mycobacterium sp. RiVM 9600915</GBSeq_organism>
 <GBSeq_organism>Mycobacterium avium</GBSeq_organism>
 <GBSeq_organism>Mycobacterium colombiense CECT 3035</GBSeq_organism>
 <GBSeq_organism>Mycobacterium sp. RiVM 9801833</GBSeq_organism>
 <GBSeq_organism>Mycobacterium sp. RiVM 9601918</GBSeq_organism>
 <GBSeq_organism>Mycobacterium avium</GBSeq_organism>
 <GBSeq_organism>Mycobacterium sp. RiVM 9601388</GBSeq_organism>
 <GBSeq_organism>Mycobacterium intracellulare</GBSeq_organism>
 <GBSeq_organism>Mycobacterium avium</GBSeq_organism>
 <GBSeq_organism>Mycobacterium avium</GBSeq_organism>
 <GBSeq_organism>Mycobacterium sp. RiVM 9801560</GBSeq_organism>
