 <GBSeq_organism>Tetrasphaera japonica</GBSeq_organism>
 <GBSeq_organism>Tetrasphaera veronensis</GBSeq_organism>
 <GBSeq_organism>Ornithinicoccus hortensis</GBSeq_organism>
 <GBSeq_organism>Janibacter anophelis</GBSeq_organism>
 <GBSeq_organism>Knoellia subterranea</GBSeq_organism>
 <GBSeq_organism>Janibacter terrae</GBSeq_organism>
 <GBSeq_organism>Oerskovia turbata NBRC 15015</GBSeq_organism>
 <GBSeq_organism>Tetrasphaera australiensis</GBSeq_organism>
 <GBSeq_organism>Janibacter melonis</GBSeq_organism>
 <GBSeq_organism>Intrasporangium calvum DSM 43043</GBSeq_organism>
 <GBSeq_organism>Phycicoccus aerophilus</GBSeq_organism>
 <GBSeq_organism>Microbacterium lacticum</GBSeq_organism>
 <GBSeq_organism>Terrabacter tumescens</GBSeq_organism>
 <GBSeq_organism>Agrococcus jenensis</GBSeq_organism>
 <GBSeq_organism>Promicromonospora citrea</GBSeq_organism>
 <GBSeq_organism>Knoellia sinensis</GBSeq_organism>
 <GBSeq_organism>Janibacter limosus</GBSeq_organism>
 <GBSeq_organism>Oryzihumus leptocrescens</GBSeq_organism>
 <GBSeq_organism>Phycicoccus dokdonensis</GBSeq_organism>
 <GBSeq_organism>Terrabacter terrae</GBSeq_organism>
 <GBSeq_organism>Terracoccus luteus</GBSeq_organism>
 <GBSeq_organism>Phycicoccus jejuensis</GBSeq_organism>
 <GBSeq_organism>Kribbia dieselivorans</GBSeq_organism>
