 <GBSeq_organism>Leptotrichia trevisanii</GBSeq_organism>
 <GBSeq_organism>Fusobacterium perfoetens</GBSeq_organism>
 <GBSeq_organism>Fusobacterium varium</GBSeq_organism>
 <GBSeq_organism>Fusobacterium nucleatum subsp. polymorphum ATCC 10953</GBSeq_organism>
 <GBSeq_organism>Propionigenium modestum</GBSeq_organism>
 <GBSeq_organism>Ilyobacter insuetus</GBSeq_organism>
 <GBSeq_organism>uncultured bacterium</GBSeq_organism>
 <GBSeq_organism>Fusobacterium necrogenes</GBSeq_organism>
 <GBSeq_organism>Leptotrichia buccalis C-1013-b</GBSeq_organism>
 <GBSeq_organism>Ilyobacter polytropus DSM 2926</GBSeq_organism>
 <GBSeq_organism>Sneathia sanguinegens</GBSeq_organism>
 <GBSeq_organism>Fusobacterium ulcerans</GBSeq_organism>
 <GBSeq_organism>Ilyobacter tartaricus</GBSeq_organism>
 <GBSeq_organism>Fusobacterium russii</GBSeq_organism>
 <GBSeq_organism>Sebaldella termitidis ATCC 33386</GBSeq_organism>
 <GBSeq_organism>Cetobacterium ceti</GBSeq_organism>
 <GBSeq_organism>Propionigenium maris</GBSeq_organism>
 <GBSeq_organism>Fusobacterium mortiferum</GBSeq_organism>
 <GBSeq_organism>Psychrilyobacter atlanticus</GBSeq_organism>
 <GBSeq_organism>uncultured Fusobacteria bacterium</GBSeq_organism>
 <GBSeq_organism>Fusobacterium gonidiaformans ATCC 25563</GBSeq_organism>
 <GBSeq_organism>Fusobacteria bacterium Ko711</GBSeq_organism>
 <GBSeq_organism>uncultured Fusobacteria bacterium</GBSeq_organism>
