 <GBSeq_organism>Microbulbifer hydrolyticus</GBSeq_organism>
 <GBSeq_organism>Idiomarina abyssalis</GBSeq_organism>
 <GBSeq_organism>Marinimicrobium koreense</GBSeq_organism>
 <GBSeq_organism>Aestuariibacter salexigens</GBSeq_organism>
 <GBSeq_organism>Moritella marina ATCC 15381</GBSeq_organism>
 <GBSeq_organism>Shewanella putrefaciens</GBSeq_organism>
 <GBSeq_organism>Celerinatantimonas diazotrophica</GBSeq_organism>
 <GBSeq_organism>Thalassomonas viridans</GBSeq_organism>
 <GBSeq_organism>Salinimonas chungwhensis</GBSeq_organism>
 <GBSeq_organism>Ferrimonas balearica DSM 9799</GBSeq_organism>
 <GBSeq_organism>Psychromonas antarctica</GBSeq_organism>
 <GBSeq_organism>Algicola bacteriolytica</GBSeq_organism>
 <GBSeq_organism>Glaciecola punicea</GBSeq_organism>
 <GBSeq_organism>Marinobacter hydrocarbonoclasticus ATCC 49840</GBSeq_organism>
 <GBSeq_organism>Haliea salexigens DSM 19537</GBSeq_organism>
 <GBSeq_organism>Marinobacterium georgiense</GBSeq_organism>
 <GBSeq_organism>Celerinatantimonas diazotrophica</GBSeq_organism>
 <GBSeq_organism>Pseudoalteromonas haloplanktis</GBSeq_organism>
 <GBSeq_organism>Aliagarivorans marinus</GBSeq_organism>
 <GBSeq_organism>Alteromonas macleodii</GBSeq_organism>
 <GBSeq_organism>Melitea salexigens</GBSeq_organism>
 <GBSeq_organism>Saccharophagus degradans 2-40</GBSeq_organism>
 <GBSeq_organism>Alishewanella fetalis</GBSeq_organism>
